[2024-02-13T19:04:24.650+0000] {taskinstance.py:1956} INFO - Dependencies all met for dep_context=non-requeueable deps ti=<TaskInstance: our_dag_with_python_opertator_v04.greet scheduled__2024-02-10T00:00:00+00:00 [queued]>
[2024-02-13T19:04:24.683+0000] {taskinstance.py:1956} INFO - Dependencies all met for dep_context=requeueable deps ti=<TaskInstance: our_dag_with_python_opertator_v04.greet scheduled__2024-02-10T00:00:00+00:00 [queued]>
[2024-02-13T19:04:24.683+0000] {taskinstance.py:2170} INFO - Starting attempt 1 of 6
[2024-02-13T19:04:24.721+0000] {taskinstance.py:2191} INFO - Executing <Task(PythonOperator): greet> on 2024-02-10 00:00:00+00:00
[2024-02-13T19:04:24.730+0000] {standard_task_runner.py:60} INFO - Started process 1707 to run task
[2024-02-13T19:04:24.743+0000] {standard_task_runner.py:87} INFO - Running: ['***', 'tasks', 'run', 'our_dag_with_python_opertator_v04', 'greet', 'scheduled__2024-02-10T00:00:00+00:00', '--job-id', '1240', '--raw', '--subdir', 'DAGS_FOLDER/create_dag_with_python_operator.py', '--cfg-path', '/tmp/tmp5e75y_n3']
[2024-02-13T19:04:24.746+0000] {standard_task_runner.py:88} INFO - Job 1240: Subtask greet
[2024-02-13T19:04:24.877+0000] {task_command.py:423} INFO - Running <TaskInstance: our_dag_with_python_opertator_v04.greet scheduled__2024-02-10T00:00:00+00:00 [running]> on host 179d8ea51567
[2024-02-13T19:04:24.992+0000] {taskinstance.py:2480} INFO - Exporting env vars: AIRFLOW_CTX_DAG_OWNER='coder2j' AIRFLOW_CTX_DAG_ID='our_dag_with_python_opertator_v04' AIRFLOW_CTX_TASK_ID='greet' AIRFLOW_CTX_EXECUTION_DATE='2024-02-10T00:00:00+00:00' AIRFLOW_CTX_TRY_NUMBER='1' AIRFLOW_CTX_DAG_RUN_ID='scheduled__2024-02-10T00:00:00+00:00'
[2024-02-13T19:04:24.993+0000] {taskinstance.py:2698} ERROR - Task failed with exception
Traceback (most recent call last):
  File "/home/airflow/.local/lib/python3.8/site-packages/airflow/models/taskinstance.py", line 433, in _execute_task
    result = execute_callable(context=context, **execute_callable_kwargs)
  File "/home/airflow/.local/lib/python3.8/site-packages/airflow/operators/python.py", line 199, in execute
    return_value = self.execute_callable()
  File "/home/airflow/.local/lib/python3.8/site-packages/airflow/operators/python.py", line 216, in execute_callable
    return self.python_callable(*self.op_args, **self.op_kwargs)
  File "/opt/airflow/dags/create_dag_with_python_operator.py", line 13, in greet
    name = ti.xcoms_pull(task_ids='get_name')
AttributeError: 'TaskInstance' object has no attribute 'xcoms_pull'
[2024-02-13T19:04:25.000+0000] {taskinstance.py:1138} INFO - Marking task as UP_FOR_RETRY. dag_id=our_dag_with_python_opertator_v04, task_id=greet, execution_date=20240210T000000, start_date=20240213T190424, end_date=20240213T190424
[2024-02-13T19:04:25.016+0000] {standard_task_runner.py:107} ERROR - Failed to execute job 1240 for task greet ('TaskInstance' object has no attribute 'xcoms_pull'; 1707)
[2024-02-13T19:04:25.044+0000] {local_task_job_runner.py:234} INFO - Task exited with return code 1
[2024-02-13T19:04:25.063+0000] {taskinstance.py:3280} INFO - 0 downstream tasks scheduled from follow-on schedule check
