[2024-02-14T02:25:40.558+0000] {taskinstance.py:1956} INFO - Dependencies all met for dep_context=non-requeueable deps ti=<TaskInstance: Get_API_data.get_strava_data manual__2024-02-14T02:25:39.116836+00:00 [queued]>
[2024-02-14T02:25:40.566+0000] {taskinstance.py:1956} INFO - Dependencies all met for dep_context=requeueable deps ti=<TaskInstance: Get_API_data.get_strava_data manual__2024-02-14T02:25:39.116836+00:00 [queued]>
[2024-02-14T02:25:40.566+0000] {taskinstance.py:2170} INFO - Starting attempt 1 of 2
[2024-02-14T02:25:40.596+0000] {taskinstance.py:2191} INFO - Executing <Task(PythonOperator): get_strava_data> on 2024-02-14 02:25:39.116836+00:00
[2024-02-14T02:25:40.605+0000] {standard_task_runner.py:60} INFO - Started process 7459 to run task
[2024-02-14T02:25:40.611+0000] {standard_task_runner.py:87} INFO - Running: ['***', 'tasks', 'run', 'Get_API_data', 'get_strava_data', 'manual__2024-02-14T02:25:39.116836+00:00', '--job-id', '1323', '--raw', '--subdir', 'DAGS_FOLDER/get_strava_data.py', '--cfg-path', '/tmp/tmpquf1d208']
[2024-02-14T02:25:40.613+0000] {standard_task_runner.py:88} INFO - Job 1323: Subtask get_strava_data
[2024-02-14T02:25:40.671+0000] {task_command.py:423} INFO - Running <TaskInstance: Get_API_data.get_strava_data manual__2024-02-14T02:25:39.116836+00:00 [running]> on host 179d8ea51567
[2024-02-14T02:25:40.767+0000] {taskinstance.py:2480} INFO - Exporting env vars: AIRFLOW_CTX_DAG_OWNER='Jackie' AIRFLOW_CTX_DAG_ID='Get_API_data' AIRFLOW_CTX_TASK_ID='get_strava_data' AIRFLOW_CTX_EXECUTION_DATE='2024-02-14T02:25:39.116836+00:00' AIRFLOW_CTX_TRY_NUMBER='1' AIRFLOW_CTX_DAG_RUN_ID='manual__2024-02-14T02:25:39.116836+00:00'
[2024-02-14T02:25:40.768+0000] {logging_mixin.py:188} INFO - Requesting Token..
[2024-02-14T02:25:40.880+0000] {logging_mixin.py:188} INFO - Request successful
[2024-02-14T02:25:41.404+0000] {logging_mixin.py:188} INFO - 0    3002
1     847
2    2700
3    2272
4    4917
5    1705
6    3600
7    2577
Name: moving_time, dtype: int64
[2024-02-14T02:25:41.440+0000] {python.py:201} INFO - Done. Returned value was: None
[2024-02-14T02:25:41.448+0000] {taskinstance.py:1138} INFO - Marking task as SUCCESS. dag_id=Get_API_data, task_id=get_strava_data, execution_date=20240214T022539, start_date=20240214T022540, end_date=20240214T022541
[2024-02-14T02:25:41.505+0000] {local_task_job_runner.py:234} INFO - Task exited with return code 0
[2024-02-14T02:25:41.522+0000] {taskinstance.py:3280} INFO - 1 downstream tasks scheduled from follow-on schedule check
