[2024-02-13T22:41:12.898+0000] {taskinstance.py:1956} INFO - Dependencies all met for dep_context=non-requeueable deps ti=<TaskInstance: Get_API_data.get_strava_data manual__2024-02-13T22:41:11.049772+00:00 [queued]>
[2024-02-13T22:41:12.908+0000] {taskinstance.py:1956} INFO - Dependencies all met for dep_context=requeueable deps ti=<TaskInstance: Get_API_data.get_strava_data manual__2024-02-13T22:41:11.049772+00:00 [queued]>
[2024-02-13T22:41:12.909+0000] {taskinstance.py:2170} INFO - Starting attempt 1 of 2
[2024-02-13T22:41:12.933+0000] {taskinstance.py:2191} INFO - Executing <Task(PythonOperator): get_strava_data> on 2024-02-13 22:41:11.049772+00:00
[2024-02-13T22:41:12.941+0000] {standard_task_runner.py:60} INFO - Started process 1325 to run task
[2024-02-13T22:41:12.961+0000] {standard_task_runner.py:87} INFO - Running: ['***', 'tasks', 'run', 'Get_API_data', 'get_strava_data', 'manual__2024-02-13T22:41:11.049772+00:00', '--job-id', '1288', '--raw', '--subdir', 'DAGS_FOLDER/get_strava_data.py', '--cfg-path', '/tmp/tmpv_mbu2vg']
[2024-02-13T22:41:12.963+0000] {standard_task_runner.py:88} INFO - Job 1288: Subtask get_strava_data
[2024-02-13T22:41:13.029+0000] {task_command.py:423} INFO - Running <TaskInstance: Get_API_data.get_strava_data manual__2024-02-13T22:41:11.049772+00:00 [running]> on host 179d8ea51567
[2024-02-13T22:41:13.229+0000] {taskinstance.py:2480} INFO - Exporting env vars: AIRFLOW_CTX_DAG_OWNER='Jackie' AIRFLOW_CTX_DAG_ID='Get_API_data' AIRFLOW_CTX_TASK_ID='get_strava_data' AIRFLOW_CTX_EXECUTION_DATE='2024-02-13T22:41:11.049772+00:00' AIRFLOW_CTX_TRY_NUMBER='1' AIRFLOW_CTX_DAG_RUN_ID='manual__2024-02-13T22:41:11.049772+00:00'
[2024-02-13T22:41:13.230+0000] {logging_mixin.py:188} INFO - Requesting Token..
[2024-02-13T22:41:13.608+0000] {logging_mixin.py:188} INFO - Request successful
[2024-02-13T22:41:14.128+0000] {python.py:201} INFO - Done. Returned value was:                         name  distance  ...  max_heartrate  average_cadence
0              Afternoon Run    8057.2  ...          175.0             84.2
1    Evening Weight Training       0.0  ...          132.0              NaN
2               Morning Ride   14645.1  ...            NaN              NaN
3                Morning Run    5640.3  ...          177.0             84.4
4          Morning Trail Run   11785.3  ...          176.0             84.4
5  Afternoon Weight Training       0.0  ...          145.0              NaN
6               Morning Ride   22208.9  ...            NaN              NaN
7                Morning Run    6451.1  ...          172.0             84.9

[8 rows x 18 columns]
[2024-02-13T22:41:14.200+0000] {taskinstance.py:1138} INFO - Marking task as SUCCESS. dag_id=Get_API_data, task_id=get_strava_data, execution_date=20240213T224111, start_date=20240213T224112, end_date=20240213T224114
[2024-02-13T22:41:14.227+0000] {local_task_job_runner.py:234} INFO - Task exited with return code 0
[2024-02-13T22:41:14.241+0000] {taskinstance.py:3280} INFO - 0 downstream tasks scheduled from follow-on schedule check
