[2024-02-14T01:41:53.067+0000] {taskinstance.py:1956} INFO - Dependencies all met for dep_context=non-requeueable deps ti=<TaskInstance: Get_API_data.get_strava_data manual__2024-02-14T01:41:51.691298+00:00 [queued]>
[2024-02-14T01:41:53.073+0000] {taskinstance.py:1956} INFO - Dependencies all met for dep_context=requeueable deps ti=<TaskInstance: Get_API_data.get_strava_data manual__2024-02-14T01:41:51.691298+00:00 [queued]>
[2024-02-14T01:41:53.073+0000] {taskinstance.py:2170} INFO - Starting attempt 1 of 2
[2024-02-14T01:41:53.089+0000] {taskinstance.py:2191} INFO - Executing <Task(PythonOperator): get_strava_data> on 2024-02-14 01:41:51.691298+00:00
[2024-02-14T01:41:53.096+0000] {standard_task_runner.py:60} INFO - Started process 4058 to run task
[2024-02-14T01:41:53.098+0000] {standard_task_runner.py:87} INFO - Running: ['***', 'tasks', 'run', 'Get_API_data', 'get_strava_data', 'manual__2024-02-14T01:41:51.691298+00:00', '--job-id', '1301', '--raw', '--subdir', 'DAGS_FOLDER/get_strava_data.py', '--cfg-path', '/tmp/tmp0g51t3ry']
[2024-02-14T01:41:53.100+0000] {standard_task_runner.py:88} INFO - Job 1301: Subtask get_strava_data
[2024-02-14T01:41:53.142+0000] {task_command.py:423} INFO - Running <TaskInstance: Get_API_data.get_strava_data manual__2024-02-14T01:41:51.691298+00:00 [running]> on host 179d8ea51567
[2024-02-14T01:41:53.219+0000] {taskinstance.py:2480} INFO - Exporting env vars: AIRFLOW_CTX_DAG_OWNER='Jackie' AIRFLOW_CTX_DAG_ID='Get_API_data' AIRFLOW_CTX_TASK_ID='get_strava_data' AIRFLOW_CTX_EXECUTION_DATE='2024-02-14T01:41:51.691298+00:00' AIRFLOW_CTX_TRY_NUMBER='1' AIRFLOW_CTX_DAG_RUN_ID='manual__2024-02-14T01:41:51.691298+00:00'
[2024-02-14T01:41:53.220+0000] {logging_mixin.py:188} INFO - Requesting Token..
[2024-02-14T01:41:53.408+0000] {logging_mixin.py:188} INFO - Request successful
[2024-02-14T01:41:53.966+0000] {logging_mixin.py:188} INFO - 0     8057.2
1        0.0
2    14645.1
3     5640.3
4    11785.3
5        0.0
6    22208.9
7     6451.1
Name: distance, dtype: float64
[2024-02-14T01:41:53.968+0000] {python.py:201} INFO - Done. Returned value was: None
[2024-02-14T01:41:53.978+0000] {taskinstance.py:1138} INFO - Marking task as SUCCESS. dag_id=Get_API_data, task_id=get_strava_data, execution_date=20240214T014151, start_date=20240214T014153, end_date=20240214T014153
[2024-02-14T01:41:54.033+0000] {local_task_job_runner.py:234} INFO - Task exited with return code 0
[2024-02-14T01:41:54.050+0000] {taskinstance.py:3280} INFO - 1 downstream tasks scheduled from follow-on schedule check
