[2024-02-12T19:00:14.537+0000] {processor.py:161} INFO - Started process (PID=313) to work on /home/airflow/.local/lib/python3.8/site-packages/airflow/example_dags/example_latest_only.py
[2024-02-12T19:00:14.538+0000] {processor.py:830} INFO - Processing file /home/airflow/.local/lib/python3.8/site-packages/airflow/example_dags/example_latest_only.py for tasks to queue
[2024-02-12T19:00:14.540+0000] {logging_mixin.py:188} INFO - [2024-02-12T19:00:14.539+0000] {dagbag.py:538} INFO - Filling up the DagBag from /home/airflow/.local/lib/python3.8/site-packages/airflow/example_dags/example_latest_only.py
[2024-02-12T19:00:14.557+0000] {processor.py:840} INFO - DAG(s) 'latest_only' retrieved from /home/airflow/.local/lib/python3.8/site-packages/airflow/example_dags/example_latest_only.py
[2024-02-12T19:00:14.899+0000] {logging_mixin.py:188} INFO - [2024-02-12T19:00:14.899+0000] {dag.py:3036} INFO - Sync 1 DAGs
[2024-02-12T19:00:14.981+0000] {logging_mixin.py:188} INFO - [2024-02-12T19:00:14.980+0000] {dag.py:3823} INFO - Setting next_dagrun for latest_only to 2024-02-12 12:00:00+00:00, run_after=2024-02-12 16:00:00+00:00
[2024-02-12T19:00:15.032+0000] {processor.py:183} INFO - Processing /home/airflow/.local/lib/python3.8/site-packages/airflow/example_dags/example_latest_only.py took 0.499 seconds
[2024-02-12T19:00:45.812+0000] {processor.py:161} INFO - Started process (PID=560) to work on /home/airflow/.local/lib/python3.8/site-packages/airflow/example_dags/example_latest_only.py
[2024-02-12T19:00:45.822+0000] {processor.py:830} INFO - Processing file /home/airflow/.local/lib/python3.8/site-packages/airflow/example_dags/example_latest_only.py for tasks to queue
[2024-02-12T19:00:45.824+0000] {logging_mixin.py:188} INFO - [2024-02-12T19:00:45.823+0000] {dagbag.py:538} INFO - Filling up the DagBag from /home/airflow/.local/lib/python3.8/site-packages/airflow/example_dags/example_latest_only.py
[2024-02-12T19:00:45.840+0000] {processor.py:840} INFO - DAG(s) 'latest_only' retrieved from /home/airflow/.local/lib/python3.8/site-packages/airflow/example_dags/example_latest_only.py
[2024-02-12T19:00:45.893+0000] {logging_mixin.py:188} INFO - [2024-02-12T19:00:45.892+0000] {dag.py:3036} INFO - Sync 1 DAGs
[2024-02-12T19:00:45.917+0000] {logging_mixin.py:188} INFO - [2024-02-12T19:00:45.917+0000] {dag.py:3823} INFO - Setting next_dagrun for latest_only to 2024-02-12 12:00:00+00:00, run_after=2024-02-12 16:00:00+00:00
[2024-02-12T19:00:45.948+0000] {processor.py:183} INFO - Processing /home/airflow/.local/lib/python3.8/site-packages/airflow/example_dags/example_latest_only.py took 0.140 seconds
[2024-02-12T19:01:16.033+0000] {processor.py:161} INFO - Started process (PID=807) to work on /home/airflow/.local/lib/python3.8/site-packages/airflow/example_dags/example_latest_only.py
[2024-02-12T19:01:16.034+0000] {processor.py:830} INFO - Processing file /home/airflow/.local/lib/python3.8/site-packages/airflow/example_dags/example_latest_only.py for tasks to queue
[2024-02-12T19:01:16.035+0000] {logging_mixin.py:188} INFO - [2024-02-12T19:01:16.035+0000] {dagbag.py:538} INFO - Filling up the DagBag from /home/airflow/.local/lib/python3.8/site-packages/airflow/example_dags/example_latest_only.py
[2024-02-12T19:01:16.041+0000] {processor.py:840} INFO - DAG(s) 'latest_only' retrieved from /home/airflow/.local/lib/python3.8/site-packages/airflow/example_dags/example_latest_only.py
[2024-02-12T19:01:16.065+0000] {logging_mixin.py:188} INFO - [2024-02-12T19:01:16.065+0000] {dag.py:3036} INFO - Sync 1 DAGs
[2024-02-12T19:01:16.090+0000] {logging_mixin.py:188} INFO - [2024-02-12T19:01:16.090+0000] {dag.py:3823} INFO - Setting next_dagrun for latest_only to 2024-02-12 12:00:00+00:00, run_after=2024-02-12 16:00:00+00:00
[2024-02-12T19:01:16.120+0000] {processor.py:183} INFO - Processing /home/airflow/.local/lib/python3.8/site-packages/airflow/example_dags/example_latest_only.py took 0.090 seconds
[2024-02-12T19:01:46.521+0000] {processor.py:161} INFO - Started process (PID=1054) to work on /home/airflow/.local/lib/python3.8/site-packages/airflow/example_dags/example_latest_only.py
[2024-02-12T19:01:46.522+0000] {processor.py:830} INFO - Processing file /home/airflow/.local/lib/python3.8/site-packages/airflow/example_dags/example_latest_only.py for tasks to queue
[2024-02-12T19:01:46.523+0000] {logging_mixin.py:188} INFO - [2024-02-12T19:01:46.522+0000] {dagbag.py:538} INFO - Filling up the DagBag from /home/airflow/.local/lib/python3.8/site-packages/airflow/example_dags/example_latest_only.py
[2024-02-12T19:01:46.529+0000] {processor.py:840} INFO - DAG(s) 'latest_only' retrieved from /home/airflow/.local/lib/python3.8/site-packages/airflow/example_dags/example_latest_only.py
[2024-02-12T19:01:46.566+0000] {logging_mixin.py:188} INFO - [2024-02-12T19:01:46.566+0000] {dag.py:3036} INFO - Sync 1 DAGs
[2024-02-12T19:01:46.595+0000] {logging_mixin.py:188} INFO - [2024-02-12T19:01:46.595+0000] {dag.py:3823} INFO - Setting next_dagrun for latest_only to 2024-02-12 12:00:00+00:00, run_after=2024-02-12 16:00:00+00:00
[2024-02-12T19:01:46.619+0000] {processor.py:183} INFO - Processing /home/airflow/.local/lib/python3.8/site-packages/airflow/example_dags/example_latest_only.py took 0.102 seconds
[2024-02-12T19:02:16.968+0000] {processor.py:161} INFO - Started process (PID=1301) to work on /home/airflow/.local/lib/python3.8/site-packages/airflow/example_dags/example_latest_only.py
[2024-02-12T19:02:16.970+0000] {processor.py:830} INFO - Processing file /home/airflow/.local/lib/python3.8/site-packages/airflow/example_dags/example_latest_only.py for tasks to queue
[2024-02-12T19:02:16.971+0000] {logging_mixin.py:188} INFO - [2024-02-12T19:02:16.970+0000] {dagbag.py:538} INFO - Filling up the DagBag from /home/airflow/.local/lib/python3.8/site-packages/airflow/example_dags/example_latest_only.py
[2024-02-12T19:02:16.976+0000] {processor.py:840} INFO - DAG(s) 'latest_only' retrieved from /home/airflow/.local/lib/python3.8/site-packages/airflow/example_dags/example_latest_only.py
[2024-02-12T19:02:17.004+0000] {logging_mixin.py:188} INFO - [2024-02-12T19:02:16.999+0000] {dag.py:3036} INFO - Sync 1 DAGs
[2024-02-12T19:02:17.040+0000] {logging_mixin.py:188} INFO - [2024-02-12T19:02:17.040+0000] {dag.py:3823} INFO - Setting next_dagrun for latest_only to 2024-02-12 12:00:00+00:00, run_after=2024-02-12 16:00:00+00:00
[2024-02-12T19:02:17.069+0000] {processor.py:183} INFO - Processing /home/airflow/.local/lib/python3.8/site-packages/airflow/example_dags/example_latest_only.py took 0.105 seconds
[2024-02-12T19:02:47.496+0000] {processor.py:161} INFO - Started process (PID=1549) to work on /home/airflow/.local/lib/python3.8/site-packages/airflow/example_dags/example_latest_only.py
[2024-02-12T19:02:47.496+0000] {processor.py:830} INFO - Processing file /home/airflow/.local/lib/python3.8/site-packages/airflow/example_dags/example_latest_only.py for tasks to queue
[2024-02-12T19:02:47.497+0000] {logging_mixin.py:188} INFO - [2024-02-12T19:02:47.497+0000] {dagbag.py:538} INFO - Filling up the DagBag from /home/airflow/.local/lib/python3.8/site-packages/airflow/example_dags/example_latest_only.py
[2024-02-12T19:02:47.503+0000] {processor.py:840} INFO - DAG(s) 'latest_only' retrieved from /home/airflow/.local/lib/python3.8/site-packages/airflow/example_dags/example_latest_only.py
[2024-02-12T19:02:47.527+0000] {logging_mixin.py:188} INFO - [2024-02-12T19:02:47.526+0000] {dag.py:3036} INFO - Sync 1 DAGs
[2024-02-12T19:02:47.555+0000] {logging_mixin.py:188} INFO - [2024-02-12T19:02:47.555+0000] {dag.py:3823} INFO - Setting next_dagrun for latest_only to 2024-02-12 12:00:00+00:00, run_after=2024-02-12 16:00:00+00:00
[2024-02-12T19:02:47.581+0000] {processor.py:183} INFO - Processing /home/airflow/.local/lib/python3.8/site-packages/airflow/example_dags/example_latest_only.py took 0.088 seconds
[2024-02-12T19:03:17.844+0000] {processor.py:161} INFO - Started process (PID=1796) to work on /home/airflow/.local/lib/python3.8/site-packages/airflow/example_dags/example_latest_only.py
[2024-02-12T19:03:17.846+0000] {processor.py:830} INFO - Processing file /home/airflow/.local/lib/python3.8/site-packages/airflow/example_dags/example_latest_only.py for tasks to queue
[2024-02-12T19:03:17.846+0000] {logging_mixin.py:188} INFO - [2024-02-12T19:03:17.846+0000] {dagbag.py:538} INFO - Filling up the DagBag from /home/airflow/.local/lib/python3.8/site-packages/airflow/example_dags/example_latest_only.py
[2024-02-12T19:03:17.852+0000] {processor.py:840} INFO - DAG(s) 'latest_only' retrieved from /home/airflow/.local/lib/python3.8/site-packages/airflow/example_dags/example_latest_only.py
[2024-02-12T19:03:17.878+0000] {logging_mixin.py:188} INFO - [2024-02-12T19:03:17.877+0000] {dag.py:3036} INFO - Sync 1 DAGs
[2024-02-12T19:03:17.908+0000] {logging_mixin.py:188} INFO - [2024-02-12T19:03:17.908+0000] {dag.py:3823} INFO - Setting next_dagrun for latest_only to 2024-02-12 12:00:00+00:00, run_after=2024-02-12 16:00:00+00:00
[2024-02-12T19:03:17.933+0000] {processor.py:183} INFO - Processing /home/airflow/.local/lib/python3.8/site-packages/airflow/example_dags/example_latest_only.py took 0.092 seconds
[2024-02-12T19:03:48.584+0000] {processor.py:161} INFO - Started process (PID=2044) to work on /home/airflow/.local/lib/python3.8/site-packages/airflow/example_dags/example_latest_only.py
[2024-02-12T19:03:48.586+0000] {processor.py:830} INFO - Processing file /home/airflow/.local/lib/python3.8/site-packages/airflow/example_dags/example_latest_only.py for tasks to queue
[2024-02-12T19:03:48.591+0000] {logging_mixin.py:188} INFO - [2024-02-12T19:03:48.591+0000] {dagbag.py:538} INFO - Filling up the DagBag from /home/airflow/.local/lib/python3.8/site-packages/airflow/example_dags/example_latest_only.py
[2024-02-12T19:03:48.661+0000] {processor.py:840} INFO - DAG(s) 'latest_only' retrieved from /home/airflow/.local/lib/python3.8/site-packages/airflow/example_dags/example_latest_only.py
[2024-02-12T19:03:48.752+0000] {logging_mixin.py:188} INFO - [2024-02-12T19:03:48.751+0000] {dag.py:3036} INFO - Sync 1 DAGs
[2024-02-12T19:03:48.805+0000] {logging_mixin.py:188} INFO - [2024-02-12T19:03:48.805+0000] {dag.py:3823} INFO - Setting next_dagrun for latest_only to 2024-02-12 12:00:00+00:00, run_after=2024-02-12 16:00:00+00:00
[2024-02-12T19:03:48.830+0000] {processor.py:183} INFO - Processing /home/airflow/.local/lib/python3.8/site-packages/airflow/example_dags/example_latest_only.py took 0.251 seconds
[2024-02-12T19:04:19.303+0000] {processor.py:161} INFO - Started process (PID=2307) to work on /home/airflow/.local/lib/python3.8/site-packages/airflow/example_dags/example_latest_only.py
[2024-02-12T19:04:19.305+0000] {processor.py:830} INFO - Processing file /home/airflow/.local/lib/python3.8/site-packages/airflow/example_dags/example_latest_only.py for tasks to queue
[2024-02-12T19:04:19.313+0000] {logging_mixin.py:188} INFO - [2024-02-12T19:04:19.312+0000] {dagbag.py:538} INFO - Filling up the DagBag from /home/airflow/.local/lib/python3.8/site-packages/airflow/example_dags/example_latest_only.py
[2024-02-12T19:04:19.332+0000] {processor.py:840} INFO - DAG(s) 'latest_only' retrieved from /home/airflow/.local/lib/python3.8/site-packages/airflow/example_dags/example_latest_only.py
[2024-02-12T19:04:19.415+0000] {logging_mixin.py:188} INFO - [2024-02-12T19:04:19.414+0000] {dag.py:3036} INFO - Sync 1 DAGs
[2024-02-12T19:04:19.467+0000] {logging_mixin.py:188} INFO - [2024-02-12T19:04:19.467+0000] {dag.py:3823} INFO - Setting next_dagrun for latest_only to 2024-02-12 12:00:00+00:00, run_after=2024-02-12 16:00:00+00:00
[2024-02-12T19:04:19.495+0000] {processor.py:183} INFO - Processing /home/airflow/.local/lib/python3.8/site-packages/airflow/example_dags/example_latest_only.py took 0.198 seconds
[2024-02-12T19:04:50.138+0000] {processor.py:161} INFO - Started process (PID=2562) to work on /home/airflow/.local/lib/python3.8/site-packages/airflow/example_dags/example_latest_only.py
[2024-02-12T19:04:50.138+0000] {processor.py:830} INFO - Processing file /home/airflow/.local/lib/python3.8/site-packages/airflow/example_dags/example_latest_only.py for tasks to queue
[2024-02-12T19:04:50.139+0000] {logging_mixin.py:188} INFO - [2024-02-12T19:04:50.139+0000] {dagbag.py:538} INFO - Filling up the DagBag from /home/airflow/.local/lib/python3.8/site-packages/airflow/example_dags/example_latest_only.py
[2024-02-12T19:04:50.145+0000] {processor.py:840} INFO - DAG(s) 'latest_only' retrieved from /home/airflow/.local/lib/python3.8/site-packages/airflow/example_dags/example_latest_only.py
[2024-02-12T19:04:50.168+0000] {logging_mixin.py:188} INFO - [2024-02-12T19:04:50.167+0000] {dag.py:3036} INFO - Sync 1 DAGs
[2024-02-12T19:04:50.193+0000] {logging_mixin.py:188} INFO - [2024-02-12T19:04:50.193+0000] {dag.py:3823} INFO - Setting next_dagrun for latest_only to 2024-02-12 12:00:00+00:00, run_after=2024-02-12 16:00:00+00:00
[2024-02-12T19:04:50.216+0000] {processor.py:183} INFO - Processing /home/airflow/.local/lib/python3.8/site-packages/airflow/example_dags/example_latest_only.py took 0.082 seconds
[2024-02-12T19:05:20.670+0000] {processor.py:161} INFO - Started process (PID=2807) to work on /home/airflow/.local/lib/python3.8/site-packages/airflow/example_dags/example_latest_only.py
[2024-02-12T19:05:20.671+0000] {processor.py:830} INFO - Processing file /home/airflow/.local/lib/python3.8/site-packages/airflow/example_dags/example_latest_only.py for tasks to queue
[2024-02-12T19:05:20.672+0000] {logging_mixin.py:188} INFO - [2024-02-12T19:05:20.672+0000] {dagbag.py:538} INFO - Filling up the DagBag from /home/airflow/.local/lib/python3.8/site-packages/airflow/example_dags/example_latest_only.py
[2024-02-12T19:05:20.678+0000] {processor.py:840} INFO - DAG(s) 'latest_only' retrieved from /home/airflow/.local/lib/python3.8/site-packages/airflow/example_dags/example_latest_only.py
[2024-02-12T19:05:20.699+0000] {logging_mixin.py:188} INFO - [2024-02-12T19:05:20.699+0000] {dag.py:3036} INFO - Sync 1 DAGs
[2024-02-12T19:05:20.724+0000] {logging_mixin.py:188} INFO - [2024-02-12T19:05:20.723+0000] {dag.py:3823} INFO - Setting next_dagrun for latest_only to 2024-02-12 12:00:00+00:00, run_after=2024-02-12 16:00:00+00:00
[2024-02-12T19:05:20.754+0000] {processor.py:183} INFO - Processing /home/airflow/.local/lib/python3.8/site-packages/airflow/example_dags/example_latest_only.py took 0.087 seconds
[2024-02-12T19:05:51.442+0000] {processor.py:161} INFO - Started process (PID=3054) to work on /home/airflow/.local/lib/python3.8/site-packages/airflow/example_dags/example_latest_only.py
[2024-02-12T19:05:51.443+0000] {processor.py:830} INFO - Processing file /home/airflow/.local/lib/python3.8/site-packages/airflow/example_dags/example_latest_only.py for tasks to queue
[2024-02-12T19:05:51.444+0000] {logging_mixin.py:188} INFO - [2024-02-12T19:05:51.443+0000] {dagbag.py:538} INFO - Filling up the DagBag from /home/airflow/.local/lib/python3.8/site-packages/airflow/example_dags/example_latest_only.py
[2024-02-12T19:05:51.449+0000] {processor.py:840} INFO - DAG(s) 'latest_only' retrieved from /home/airflow/.local/lib/python3.8/site-packages/airflow/example_dags/example_latest_only.py
[2024-02-12T19:05:51.472+0000] {logging_mixin.py:188} INFO - [2024-02-12T19:05:51.471+0000] {dag.py:3036} INFO - Sync 1 DAGs
[2024-02-12T19:05:51.494+0000] {logging_mixin.py:188} INFO - [2024-02-12T19:05:51.494+0000] {dag.py:3823} INFO - Setting next_dagrun for latest_only to 2024-02-12 12:00:00+00:00, run_after=2024-02-12 16:00:00+00:00
[2024-02-12T19:05:51.517+0000] {processor.py:183} INFO - Processing /home/airflow/.local/lib/python3.8/site-packages/airflow/example_dags/example_latest_only.py took 0.079 seconds
[2024-02-12T19:06:22.334+0000] {processor.py:161} INFO - Started process (PID=3304) to work on /home/airflow/.local/lib/python3.8/site-packages/airflow/example_dags/example_latest_only.py
[2024-02-12T19:06:22.335+0000] {processor.py:830} INFO - Processing file /home/airflow/.local/lib/python3.8/site-packages/airflow/example_dags/example_latest_only.py for tasks to queue
[2024-02-12T19:06:22.336+0000] {logging_mixin.py:188} INFO - [2024-02-12T19:06:22.335+0000] {dagbag.py:538} INFO - Filling up the DagBag from /home/airflow/.local/lib/python3.8/site-packages/airflow/example_dags/example_latest_only.py
[2024-02-12T19:06:22.341+0000] {processor.py:840} INFO - DAG(s) 'latest_only' retrieved from /home/airflow/.local/lib/python3.8/site-packages/airflow/example_dags/example_latest_only.py
[2024-02-12T19:06:22.365+0000] {logging_mixin.py:188} INFO - [2024-02-12T19:06:22.365+0000] {dag.py:3036} INFO - Sync 1 DAGs
[2024-02-12T19:06:22.390+0000] {logging_mixin.py:188} INFO - [2024-02-12T19:06:22.390+0000] {dag.py:3823} INFO - Setting next_dagrun for latest_only to 2024-02-12 12:00:00+00:00, run_after=2024-02-12 16:00:00+00:00
[2024-02-12T19:06:22.413+0000] {processor.py:183} INFO - Processing /home/airflow/.local/lib/python3.8/site-packages/airflow/example_dags/example_latest_only.py took 0.082 seconds
[2024-02-12T19:06:52.607+0000] {processor.py:161} INFO - Started process (PID=3549) to work on /home/airflow/.local/lib/python3.8/site-packages/airflow/example_dags/example_latest_only.py
[2024-02-12T19:06:52.608+0000] {processor.py:830} INFO - Processing file /home/airflow/.local/lib/python3.8/site-packages/airflow/example_dags/example_latest_only.py for tasks to queue
[2024-02-12T19:06:52.609+0000] {logging_mixin.py:188} INFO - [2024-02-12T19:06:52.609+0000] {dagbag.py:538} INFO - Filling up the DagBag from /home/airflow/.local/lib/python3.8/site-packages/airflow/example_dags/example_latest_only.py
[2024-02-12T19:06:52.615+0000] {processor.py:840} INFO - DAG(s) 'latest_only' retrieved from /home/airflow/.local/lib/python3.8/site-packages/airflow/example_dags/example_latest_only.py
[2024-02-12T19:06:52.638+0000] {logging_mixin.py:188} INFO - [2024-02-12T19:06:52.638+0000] {dag.py:3036} INFO - Sync 1 DAGs
[2024-02-12T19:06:52.661+0000] {logging_mixin.py:188} INFO - [2024-02-12T19:06:52.660+0000] {dag.py:3823} INFO - Setting next_dagrun for latest_only to 2024-02-12 12:00:00+00:00, run_after=2024-02-12 16:00:00+00:00
[2024-02-12T19:06:52.684+0000] {processor.py:183} INFO - Processing /home/airflow/.local/lib/python3.8/site-packages/airflow/example_dags/example_latest_only.py took 0.081 seconds
[2024-02-12T19:07:23.663+0000] {processor.py:161} INFO - Started process (PID=3797) to work on /home/airflow/.local/lib/python3.8/site-packages/airflow/example_dags/example_latest_only.py
[2024-02-12T19:07:23.668+0000] {processor.py:830} INFO - Processing file /home/airflow/.local/lib/python3.8/site-packages/airflow/example_dags/example_latest_only.py for tasks to queue
[2024-02-12T19:07:23.669+0000] {logging_mixin.py:188} INFO - [2024-02-12T19:07:23.668+0000] {dagbag.py:538} INFO - Filling up the DagBag from /home/airflow/.local/lib/python3.8/site-packages/airflow/example_dags/example_latest_only.py
[2024-02-12T19:07:23.681+0000] {processor.py:840} INFO - DAG(s) 'latest_only' retrieved from /home/airflow/.local/lib/python3.8/site-packages/airflow/example_dags/example_latest_only.py
[2024-02-12T19:07:23.724+0000] {logging_mixin.py:188} INFO - [2024-02-12T19:07:23.724+0000] {dag.py:3036} INFO - Sync 1 DAGs
[2024-02-12T19:07:23.763+0000] {logging_mixin.py:188} INFO - [2024-02-12T19:07:23.763+0000] {dag.py:3823} INFO - Setting next_dagrun for latest_only to 2024-02-12 12:00:00+00:00, run_after=2024-02-12 16:00:00+00:00
[2024-02-12T19:07:23.795+0000] {processor.py:183} INFO - Processing /home/airflow/.local/lib/python3.8/site-packages/airflow/example_dags/example_latest_only.py took 0.136 seconds
[2024-02-12T19:07:54.866+0000] {processor.py:161} INFO - Started process (PID=4044) to work on /home/airflow/.local/lib/python3.8/site-packages/airflow/example_dags/example_latest_only.py
[2024-02-12T19:07:54.869+0000] {processor.py:830} INFO - Processing file /home/airflow/.local/lib/python3.8/site-packages/airflow/example_dags/example_latest_only.py for tasks to queue
[2024-02-12T19:07:54.870+0000] {logging_mixin.py:188} INFO - [2024-02-12T19:07:54.870+0000] {dagbag.py:538} INFO - Filling up the DagBag from /home/airflow/.local/lib/python3.8/site-packages/airflow/example_dags/example_latest_only.py
[2024-02-12T19:07:54.876+0000] {processor.py:840} INFO - DAG(s) 'latest_only' retrieved from /home/airflow/.local/lib/python3.8/site-packages/airflow/example_dags/example_latest_only.py
[2024-02-12T19:07:54.902+0000] {logging_mixin.py:188} INFO - [2024-02-12T19:07:54.901+0000] {dag.py:3036} INFO - Sync 1 DAGs
[2024-02-12T19:07:54.930+0000] {logging_mixin.py:188} INFO - [2024-02-12T19:07:54.930+0000] {dag.py:3823} INFO - Setting next_dagrun for latest_only to 2024-02-12 12:00:00+00:00, run_after=2024-02-12 16:00:00+00:00
[2024-02-12T19:07:54.977+0000] {processor.py:183} INFO - Processing /home/airflow/.local/lib/python3.8/site-packages/airflow/example_dags/example_latest_only.py took 0.116 seconds
[2024-02-12T19:08:25.092+0000] {processor.py:161} INFO - Started process (PID=4294) to work on /home/airflow/.local/lib/python3.8/site-packages/airflow/example_dags/example_latest_only.py
[2024-02-12T19:08:25.093+0000] {processor.py:830} INFO - Processing file /home/airflow/.local/lib/python3.8/site-packages/airflow/example_dags/example_latest_only.py for tasks to queue
[2024-02-12T19:08:25.094+0000] {logging_mixin.py:188} INFO - [2024-02-12T19:08:25.094+0000] {dagbag.py:538} INFO - Filling up the DagBag from /home/airflow/.local/lib/python3.8/site-packages/airflow/example_dags/example_latest_only.py
[2024-02-12T19:08:25.101+0000] {processor.py:840} INFO - DAG(s) 'latest_only' retrieved from /home/airflow/.local/lib/python3.8/site-packages/airflow/example_dags/example_latest_only.py
[2024-02-12T19:08:25.123+0000] {logging_mixin.py:188} INFO - [2024-02-12T19:08:25.122+0000] {dag.py:3036} INFO - Sync 1 DAGs
[2024-02-12T19:08:25.149+0000] {logging_mixin.py:188} INFO - [2024-02-12T19:08:25.149+0000] {dag.py:3823} INFO - Setting next_dagrun for latest_only to 2024-02-12 12:00:00+00:00, run_after=2024-02-12 16:00:00+00:00
[2024-02-12T19:08:25.169+0000] {processor.py:183} INFO - Processing /home/airflow/.local/lib/python3.8/site-packages/airflow/example_dags/example_latest_only.py took 0.082 seconds
[2024-02-12T19:08:55.262+0000] {processor.py:161} INFO - Started process (PID=4540) to work on /home/airflow/.local/lib/python3.8/site-packages/airflow/example_dags/example_latest_only.py
[2024-02-12T19:08:55.263+0000] {processor.py:830} INFO - Processing file /home/airflow/.local/lib/python3.8/site-packages/airflow/example_dags/example_latest_only.py for tasks to queue
[2024-02-12T19:08:55.264+0000] {logging_mixin.py:188} INFO - [2024-02-12T19:08:55.264+0000] {dagbag.py:538} INFO - Filling up the DagBag from /home/airflow/.local/lib/python3.8/site-packages/airflow/example_dags/example_latest_only.py
[2024-02-12T19:08:55.272+0000] {processor.py:840} INFO - DAG(s) 'latest_only' retrieved from /home/airflow/.local/lib/python3.8/site-packages/airflow/example_dags/example_latest_only.py
[2024-02-12T19:08:55.320+0000] {logging_mixin.py:188} INFO - [2024-02-12T19:08:55.319+0000] {dag.py:3036} INFO - Sync 1 DAGs
[2024-02-12T19:08:55.352+0000] {logging_mixin.py:188} INFO - [2024-02-12T19:08:55.352+0000] {dag.py:3823} INFO - Setting next_dagrun for latest_only to 2024-02-12 12:00:00+00:00, run_after=2024-02-12 16:00:00+00:00
[2024-02-12T19:08:55.377+0000] {processor.py:183} INFO - Processing /home/airflow/.local/lib/python3.8/site-packages/airflow/example_dags/example_latest_only.py took 0.121 seconds
[2024-02-12T19:09:25.631+0000] {processor.py:161} INFO - Started process (PID=4789) to work on /home/airflow/.local/lib/python3.8/site-packages/airflow/example_dags/example_latest_only.py
[2024-02-12T19:09:25.633+0000] {processor.py:830} INFO - Processing file /home/airflow/.local/lib/python3.8/site-packages/airflow/example_dags/example_latest_only.py for tasks to queue
[2024-02-12T19:09:25.635+0000] {logging_mixin.py:188} INFO - [2024-02-12T19:09:25.635+0000] {dagbag.py:538} INFO - Filling up the DagBag from /home/airflow/.local/lib/python3.8/site-packages/airflow/example_dags/example_latest_only.py
[2024-02-12T19:09:25.643+0000] {processor.py:840} INFO - DAG(s) 'latest_only' retrieved from /home/airflow/.local/lib/python3.8/site-packages/airflow/example_dags/example_latest_only.py
[2024-02-12T19:09:25.679+0000] {logging_mixin.py:188} INFO - [2024-02-12T19:09:25.679+0000] {dag.py:3036} INFO - Sync 1 DAGs
[2024-02-12T19:09:25.719+0000] {logging_mixin.py:188} INFO - [2024-02-12T19:09:25.719+0000] {dag.py:3823} INFO - Setting next_dagrun for latest_only to 2024-02-12 12:00:00+00:00, run_after=2024-02-12 16:00:00+00:00
[2024-02-12T19:09:25.745+0000] {processor.py:183} INFO - Processing /home/airflow/.local/lib/python3.8/site-packages/airflow/example_dags/example_latest_only.py took 0.120 seconds
[2024-02-12T19:09:55.836+0000] {processor.py:161} INFO - Started process (PID=5038) to work on /home/airflow/.local/lib/python3.8/site-packages/airflow/example_dags/example_latest_only.py
[2024-02-12T19:09:55.838+0000] {processor.py:830} INFO - Processing file /home/airflow/.local/lib/python3.8/site-packages/airflow/example_dags/example_latest_only.py for tasks to queue
[2024-02-12T19:09:55.839+0000] {logging_mixin.py:188} INFO - [2024-02-12T19:09:55.838+0000] {dagbag.py:538} INFO - Filling up the DagBag from /home/airflow/.local/lib/python3.8/site-packages/airflow/example_dags/example_latest_only.py
[2024-02-12T19:09:55.845+0000] {processor.py:840} INFO - DAG(s) 'latest_only' retrieved from /home/airflow/.local/lib/python3.8/site-packages/airflow/example_dags/example_latest_only.py
[2024-02-12T19:09:55.872+0000] {logging_mixin.py:188} INFO - [2024-02-12T19:09:55.871+0000] {dag.py:3036} INFO - Sync 1 DAGs
[2024-02-12T19:09:55.901+0000] {logging_mixin.py:188} INFO - [2024-02-12T19:09:55.901+0000] {dag.py:3823} INFO - Setting next_dagrun for latest_only to 2024-02-12 12:00:00+00:00, run_after=2024-02-12 16:00:00+00:00
[2024-02-12T19:09:55.925+0000] {processor.py:183} INFO - Processing /home/airflow/.local/lib/python3.8/site-packages/airflow/example_dags/example_latest_only.py took 0.092 seconds
[2024-02-12T19:10:26.415+0000] {processor.py:161} INFO - Started process (PID=5285) to work on /home/airflow/.local/lib/python3.8/site-packages/airflow/example_dags/example_latest_only.py
[2024-02-12T19:10:26.415+0000] {processor.py:830} INFO - Processing file /home/airflow/.local/lib/python3.8/site-packages/airflow/example_dags/example_latest_only.py for tasks to queue
[2024-02-12T19:10:26.416+0000] {logging_mixin.py:188} INFO - [2024-02-12T19:10:26.416+0000] {dagbag.py:538} INFO - Filling up the DagBag from /home/airflow/.local/lib/python3.8/site-packages/airflow/example_dags/example_latest_only.py
[2024-02-12T19:10:26.421+0000] {processor.py:840} INFO - DAG(s) 'latest_only' retrieved from /home/airflow/.local/lib/python3.8/site-packages/airflow/example_dags/example_latest_only.py
[2024-02-12T19:10:26.437+0000] {logging_mixin.py:188} INFO - [2024-02-12T19:10:26.437+0000] {dag.py:3036} INFO - Sync 1 DAGs
[2024-02-12T19:10:26.455+0000] {logging_mixin.py:188} INFO - [2024-02-12T19:10:26.455+0000] {dag.py:3823} INFO - Setting next_dagrun for latest_only to 2024-02-12 12:00:00+00:00, run_after=2024-02-12 16:00:00+00:00
[2024-02-12T19:10:26.475+0000] {processor.py:183} INFO - Processing /home/airflow/.local/lib/python3.8/site-packages/airflow/example_dags/example_latest_only.py took 0.063 seconds
[2024-02-12T19:10:57.174+0000] {processor.py:161} INFO - Started process (PID=5533) to work on /home/airflow/.local/lib/python3.8/site-packages/airflow/example_dags/example_latest_only.py
[2024-02-12T19:10:57.175+0000] {processor.py:830} INFO - Processing file /home/airflow/.local/lib/python3.8/site-packages/airflow/example_dags/example_latest_only.py for tasks to queue
[2024-02-12T19:10:57.175+0000] {logging_mixin.py:188} INFO - [2024-02-12T19:10:57.175+0000] {dagbag.py:538} INFO - Filling up the DagBag from /home/airflow/.local/lib/python3.8/site-packages/airflow/example_dags/example_latest_only.py
[2024-02-12T19:10:57.179+0000] {processor.py:840} INFO - DAG(s) 'latest_only' retrieved from /home/airflow/.local/lib/python3.8/site-packages/airflow/example_dags/example_latest_only.py
[2024-02-12T19:10:57.195+0000] {logging_mixin.py:188} INFO - [2024-02-12T19:10:57.195+0000] {dag.py:3036} INFO - Sync 1 DAGs
[2024-02-12T19:10:57.212+0000] {logging_mixin.py:188} INFO - [2024-02-12T19:10:57.212+0000] {dag.py:3823} INFO - Setting next_dagrun for latest_only to 2024-02-12 12:00:00+00:00, run_after=2024-02-12 16:00:00+00:00
[2024-02-12T19:10:57.232+0000] {processor.py:183} INFO - Processing /home/airflow/.local/lib/python3.8/site-packages/airflow/example_dags/example_latest_only.py took 0.061 seconds
[2024-02-12T19:11:27.656+0000] {processor.py:161} INFO - Started process (PID=5780) to work on /home/airflow/.local/lib/python3.8/site-packages/airflow/example_dags/example_latest_only.py
[2024-02-12T19:11:27.656+0000] {processor.py:830} INFO - Processing file /home/airflow/.local/lib/python3.8/site-packages/airflow/example_dags/example_latest_only.py for tasks to queue
[2024-02-12T19:11:27.657+0000] {logging_mixin.py:188} INFO - [2024-02-12T19:11:27.657+0000] {dagbag.py:538} INFO - Filling up the DagBag from /home/airflow/.local/lib/python3.8/site-packages/airflow/example_dags/example_latest_only.py
[2024-02-12T19:11:27.662+0000] {processor.py:840} INFO - DAG(s) 'latest_only' retrieved from /home/airflow/.local/lib/python3.8/site-packages/airflow/example_dags/example_latest_only.py
[2024-02-12T19:11:27.680+0000] {logging_mixin.py:188} INFO - [2024-02-12T19:11:27.680+0000] {dag.py:3036} INFO - Sync 1 DAGs
[2024-02-12T19:11:27.704+0000] {logging_mixin.py:188} INFO - [2024-02-12T19:11:27.704+0000] {dag.py:3823} INFO - Setting next_dagrun for latest_only to 2024-02-12 12:00:00+00:00, run_after=2024-02-12 16:00:00+00:00
[2024-02-12T19:11:27.725+0000] {processor.py:183} INFO - Processing /home/airflow/.local/lib/python3.8/site-packages/airflow/example_dags/example_latest_only.py took 0.072 seconds
[2024-02-12T19:11:58.055+0000] {processor.py:161} INFO - Started process (PID=6025) to work on /home/airflow/.local/lib/python3.8/site-packages/airflow/example_dags/example_latest_only.py
[2024-02-12T19:11:58.056+0000] {processor.py:830} INFO - Processing file /home/airflow/.local/lib/python3.8/site-packages/airflow/example_dags/example_latest_only.py for tasks to queue
[2024-02-12T19:11:58.057+0000] {logging_mixin.py:188} INFO - [2024-02-12T19:11:58.057+0000] {dagbag.py:538} INFO - Filling up the DagBag from /home/airflow/.local/lib/python3.8/site-packages/airflow/example_dags/example_latest_only.py
[2024-02-12T19:11:58.072+0000] {processor.py:840} INFO - DAG(s) 'latest_only' retrieved from /home/airflow/.local/lib/python3.8/site-packages/airflow/example_dags/example_latest_only.py
[2024-02-12T19:11:58.107+0000] {logging_mixin.py:188} INFO - [2024-02-12T19:11:58.107+0000] {dag.py:3036} INFO - Sync 1 DAGs
[2024-02-12T19:11:58.133+0000] {logging_mixin.py:188} INFO - [2024-02-12T19:11:58.132+0000] {dag.py:3823} INFO - Setting next_dagrun for latest_only to 2024-02-12 12:00:00+00:00, run_after=2024-02-12 16:00:00+00:00
[2024-02-12T19:11:58.155+0000] {processor.py:183} INFO - Processing /home/airflow/.local/lib/python3.8/site-packages/airflow/example_dags/example_latest_only.py took 0.104 seconds
[2024-02-12T19:12:28.963+0000] {processor.py:161} INFO - Started process (PID=6272) to work on /home/airflow/.local/lib/python3.8/site-packages/airflow/example_dags/example_latest_only.py
[2024-02-12T19:12:28.964+0000] {processor.py:830} INFO - Processing file /home/airflow/.local/lib/python3.8/site-packages/airflow/example_dags/example_latest_only.py for tasks to queue
[2024-02-12T19:12:28.965+0000] {logging_mixin.py:188} INFO - [2024-02-12T19:12:28.964+0000] {dagbag.py:538} INFO - Filling up the DagBag from /home/airflow/.local/lib/python3.8/site-packages/airflow/example_dags/example_latest_only.py
[2024-02-12T19:12:28.972+0000] {processor.py:840} INFO - DAG(s) 'latest_only' retrieved from /home/airflow/.local/lib/python3.8/site-packages/airflow/example_dags/example_latest_only.py
[2024-02-12T19:12:28.995+0000] {logging_mixin.py:188} INFO - [2024-02-12T19:12:28.995+0000] {dag.py:3036} INFO - Sync 1 DAGs
[2024-02-12T19:12:29.020+0000] {logging_mixin.py:188} INFO - [2024-02-12T19:12:29.020+0000] {dag.py:3823} INFO - Setting next_dagrun for latest_only to 2024-02-12 12:00:00+00:00, run_after=2024-02-12 16:00:00+00:00
[2024-02-12T19:12:29.043+0000] {processor.py:183} INFO - Processing /home/airflow/.local/lib/python3.8/site-packages/airflow/example_dags/example_latest_only.py took 0.084 seconds
[2024-02-12T19:12:59.566+0000] {processor.py:161} INFO - Started process (PID=6523) to work on /home/airflow/.local/lib/python3.8/site-packages/airflow/example_dags/example_latest_only.py
[2024-02-12T19:12:59.566+0000] {processor.py:830} INFO - Processing file /home/airflow/.local/lib/python3.8/site-packages/airflow/example_dags/example_latest_only.py for tasks to queue
[2024-02-12T19:12:59.567+0000] {logging_mixin.py:188} INFO - [2024-02-12T19:12:59.567+0000] {dagbag.py:538} INFO - Filling up the DagBag from /home/airflow/.local/lib/python3.8/site-packages/airflow/example_dags/example_latest_only.py
[2024-02-12T19:12:59.571+0000] {processor.py:840} INFO - DAG(s) 'latest_only' retrieved from /home/airflow/.local/lib/python3.8/site-packages/airflow/example_dags/example_latest_only.py
[2024-02-12T19:12:59.589+0000] {logging_mixin.py:188} INFO - [2024-02-12T19:12:59.588+0000] {dag.py:3036} INFO - Sync 1 DAGs
[2024-02-12T19:12:59.606+0000] {logging_mixin.py:188} INFO - [2024-02-12T19:12:59.606+0000] {dag.py:3823} INFO - Setting next_dagrun for latest_only to 2024-02-12 12:00:00+00:00, run_after=2024-02-12 16:00:00+00:00
[2024-02-12T19:12:59.626+0000] {processor.py:183} INFO - Processing /home/airflow/.local/lib/python3.8/site-packages/airflow/example_dags/example_latest_only.py took 0.064 seconds
[2024-02-12T19:13:29.898+0000] {processor.py:161} INFO - Started process (PID=6771) to work on /home/airflow/.local/lib/python3.8/site-packages/airflow/example_dags/example_latest_only.py
[2024-02-12T19:13:29.899+0000] {processor.py:830} INFO - Processing file /home/airflow/.local/lib/python3.8/site-packages/airflow/example_dags/example_latest_only.py for tasks to queue
[2024-02-12T19:13:29.900+0000] {logging_mixin.py:188} INFO - [2024-02-12T19:13:29.899+0000] {dagbag.py:538} INFO - Filling up the DagBag from /home/airflow/.local/lib/python3.8/site-packages/airflow/example_dags/example_latest_only.py
[2024-02-12T19:13:29.904+0000] {processor.py:840} INFO - DAG(s) 'latest_only' retrieved from /home/airflow/.local/lib/python3.8/site-packages/airflow/example_dags/example_latest_only.py
[2024-02-12T19:13:29.920+0000] {logging_mixin.py:188} INFO - [2024-02-12T19:13:29.920+0000] {dag.py:3036} INFO - Sync 1 DAGs
[2024-02-12T19:13:29.938+0000] {logging_mixin.py:188} INFO - [2024-02-12T19:13:29.938+0000] {dag.py:3823} INFO - Setting next_dagrun for latest_only to 2024-02-12 12:00:00+00:00, run_after=2024-02-12 16:00:00+00:00
[2024-02-12T19:13:29.963+0000] {processor.py:183} INFO - Processing /home/airflow/.local/lib/python3.8/site-packages/airflow/example_dags/example_latest_only.py took 0.068 seconds
[2024-02-12T19:14:00.211+0000] {processor.py:161} INFO - Started process (PID=7018) to work on /home/airflow/.local/lib/python3.8/site-packages/airflow/example_dags/example_latest_only.py
[2024-02-12T19:14:00.212+0000] {processor.py:830} INFO - Processing file /home/airflow/.local/lib/python3.8/site-packages/airflow/example_dags/example_latest_only.py for tasks to queue
[2024-02-12T19:14:00.213+0000] {logging_mixin.py:188} INFO - [2024-02-12T19:14:00.213+0000] {dagbag.py:538} INFO - Filling up the DagBag from /home/airflow/.local/lib/python3.8/site-packages/airflow/example_dags/example_latest_only.py
[2024-02-12T19:14:00.217+0000] {processor.py:840} INFO - DAG(s) 'latest_only' retrieved from /home/airflow/.local/lib/python3.8/site-packages/airflow/example_dags/example_latest_only.py
[2024-02-12T19:14:00.233+0000] {logging_mixin.py:188} INFO - [2024-02-12T19:14:00.233+0000] {dag.py:3036} INFO - Sync 1 DAGs
[2024-02-12T19:14:00.249+0000] {logging_mixin.py:188} INFO - [2024-02-12T19:14:00.249+0000] {dag.py:3823} INFO - Setting next_dagrun for latest_only to 2024-02-12 12:00:00+00:00, run_after=2024-02-12 16:00:00+00:00
[2024-02-12T19:14:00.277+0000] {processor.py:183} INFO - Processing /home/airflow/.local/lib/python3.8/site-packages/airflow/example_dags/example_latest_only.py took 0.068 seconds
[2024-02-12T19:14:30.605+0000] {processor.py:161} INFO - Started process (PID=7263) to work on /home/airflow/.local/lib/python3.8/site-packages/airflow/example_dags/example_latest_only.py
[2024-02-12T19:14:30.606+0000] {processor.py:830} INFO - Processing file /home/airflow/.local/lib/python3.8/site-packages/airflow/example_dags/example_latest_only.py for tasks to queue
[2024-02-12T19:14:30.607+0000] {logging_mixin.py:188} INFO - [2024-02-12T19:14:30.607+0000] {dagbag.py:538} INFO - Filling up the DagBag from /home/airflow/.local/lib/python3.8/site-packages/airflow/example_dags/example_latest_only.py
[2024-02-12T19:14:30.613+0000] {processor.py:840} INFO - DAG(s) 'latest_only' retrieved from /home/airflow/.local/lib/python3.8/site-packages/airflow/example_dags/example_latest_only.py
[2024-02-12T19:14:30.634+0000] {logging_mixin.py:188} INFO - [2024-02-12T19:14:30.634+0000] {dag.py:3036} INFO - Sync 1 DAGs
[2024-02-12T19:14:30.658+0000] {logging_mixin.py:188} INFO - [2024-02-12T19:14:30.657+0000] {dag.py:3823} INFO - Setting next_dagrun for latest_only to 2024-02-12 12:00:00+00:00, run_after=2024-02-12 16:00:00+00:00
[2024-02-12T19:14:30.679+0000] {processor.py:183} INFO - Processing /home/airflow/.local/lib/python3.8/site-packages/airflow/example_dags/example_latest_only.py took 0.078 seconds
[2024-02-12T19:15:01.016+0000] {processor.py:161} INFO - Started process (PID=7509) to work on /home/airflow/.local/lib/python3.8/site-packages/airflow/example_dags/example_latest_only.py
[2024-02-12T19:15:01.017+0000] {processor.py:830} INFO - Processing file /home/airflow/.local/lib/python3.8/site-packages/airflow/example_dags/example_latest_only.py for tasks to queue
[2024-02-12T19:15:01.018+0000] {logging_mixin.py:188} INFO - [2024-02-12T19:15:01.018+0000] {dagbag.py:538} INFO - Filling up the DagBag from /home/airflow/.local/lib/python3.8/site-packages/airflow/example_dags/example_latest_only.py
[2024-02-12T19:15:01.025+0000] {processor.py:840} INFO - DAG(s) 'latest_only' retrieved from /home/airflow/.local/lib/python3.8/site-packages/airflow/example_dags/example_latest_only.py
[2024-02-12T19:15:01.046+0000] {logging_mixin.py:188} INFO - [2024-02-12T19:15:01.045+0000] {dag.py:3036} INFO - Sync 1 DAGs
[2024-02-12T19:15:01.069+0000] {logging_mixin.py:188} INFO - [2024-02-12T19:15:01.069+0000] {dag.py:3823} INFO - Setting next_dagrun for latest_only to 2024-02-12 12:00:00+00:00, run_after=2024-02-12 16:00:00+00:00
[2024-02-12T19:15:01.094+0000] {processor.py:183} INFO - Processing /home/airflow/.local/lib/python3.8/site-packages/airflow/example_dags/example_latest_only.py took 0.081 seconds
[2024-02-12T19:15:31.577+0000] {processor.py:161} INFO - Started process (PID=7758) to work on /home/airflow/.local/lib/python3.8/site-packages/airflow/example_dags/example_latest_only.py
[2024-02-12T19:15:31.578+0000] {processor.py:830} INFO - Processing file /home/airflow/.local/lib/python3.8/site-packages/airflow/example_dags/example_latest_only.py for tasks to queue
[2024-02-12T19:15:31.578+0000] {logging_mixin.py:188} INFO - [2024-02-12T19:15:31.578+0000] {dagbag.py:538} INFO - Filling up the DagBag from /home/airflow/.local/lib/python3.8/site-packages/airflow/example_dags/example_latest_only.py
[2024-02-12T19:15:31.583+0000] {processor.py:840} INFO - DAG(s) 'latest_only' retrieved from /home/airflow/.local/lib/python3.8/site-packages/airflow/example_dags/example_latest_only.py
[2024-02-12T19:15:31.600+0000] {logging_mixin.py:188} INFO - [2024-02-12T19:15:31.599+0000] {dag.py:3036} INFO - Sync 1 DAGs
[2024-02-12T19:15:31.617+0000] {logging_mixin.py:188} INFO - [2024-02-12T19:15:31.617+0000] {dag.py:3823} INFO - Setting next_dagrun for latest_only to 2024-02-12 12:00:00+00:00, run_after=2024-02-12 16:00:00+00:00
[2024-02-12T19:15:31.637+0000] {processor.py:183} INFO - Processing /home/airflow/.local/lib/python3.8/site-packages/airflow/example_dags/example_latest_only.py took 0.063 seconds
[2024-02-12T19:16:02.000+0000] {processor.py:161} INFO - Started process (PID=8004) to work on /home/airflow/.local/lib/python3.8/site-packages/airflow/example_dags/example_latest_only.py
[2024-02-12T19:16:02.002+0000] {processor.py:830} INFO - Processing file /home/airflow/.local/lib/python3.8/site-packages/airflow/example_dags/example_latest_only.py for tasks to queue
[2024-02-12T19:16:02.003+0000] {logging_mixin.py:188} INFO - [2024-02-12T19:16:02.002+0000] {dagbag.py:538} INFO - Filling up the DagBag from /home/airflow/.local/lib/python3.8/site-packages/airflow/example_dags/example_latest_only.py
[2024-02-12T19:16:02.008+0000] {processor.py:840} INFO - DAG(s) 'latest_only' retrieved from /home/airflow/.local/lib/python3.8/site-packages/airflow/example_dags/example_latest_only.py
[2024-02-12T19:16:02.029+0000] {logging_mixin.py:188} INFO - [2024-02-12T19:16:02.029+0000] {dag.py:3036} INFO - Sync 1 DAGs
[2024-02-12T19:16:02.052+0000] {logging_mixin.py:188} INFO - [2024-02-12T19:16:02.052+0000] {dag.py:3823} INFO - Setting next_dagrun for latest_only to 2024-02-12 12:00:00+00:00, run_after=2024-02-12 16:00:00+00:00
[2024-02-12T19:16:02.072+0000] {processor.py:183} INFO - Processing /home/airflow/.local/lib/python3.8/site-packages/airflow/example_dags/example_latest_only.py took 0.076 seconds
[2024-02-12T19:16:32.434+0000] {processor.py:161} INFO - Started process (PID=8252) to work on /home/airflow/.local/lib/python3.8/site-packages/airflow/example_dags/example_latest_only.py
[2024-02-12T19:16:32.435+0000] {processor.py:830} INFO - Processing file /home/airflow/.local/lib/python3.8/site-packages/airflow/example_dags/example_latest_only.py for tasks to queue
[2024-02-12T19:16:32.436+0000] {logging_mixin.py:188} INFO - [2024-02-12T19:16:32.436+0000] {dagbag.py:538} INFO - Filling up the DagBag from /home/airflow/.local/lib/python3.8/site-packages/airflow/example_dags/example_latest_only.py
[2024-02-12T19:16:32.442+0000] {processor.py:840} INFO - DAG(s) 'latest_only' retrieved from /home/airflow/.local/lib/python3.8/site-packages/airflow/example_dags/example_latest_only.py
[2024-02-12T19:16:32.467+0000] {logging_mixin.py:188} INFO - [2024-02-12T19:16:32.467+0000] {dag.py:3036} INFO - Sync 1 DAGs
[2024-02-12T19:16:32.489+0000] {logging_mixin.py:188} INFO - [2024-02-12T19:16:32.489+0000] {dag.py:3823} INFO - Setting next_dagrun for latest_only to 2024-02-12 12:00:00+00:00, run_after=2024-02-12 16:00:00+00:00
[2024-02-12T19:16:32.513+0000] {processor.py:183} INFO - Processing /home/airflow/.local/lib/python3.8/site-packages/airflow/example_dags/example_latest_only.py took 0.082 seconds
[2024-02-12T19:17:02.963+0000] {processor.py:161} INFO - Started process (PID=8499) to work on /home/airflow/.local/lib/python3.8/site-packages/airflow/example_dags/example_latest_only.py
[2024-02-12T19:17:02.964+0000] {processor.py:830} INFO - Processing file /home/airflow/.local/lib/python3.8/site-packages/airflow/example_dags/example_latest_only.py for tasks to queue
[2024-02-12T19:17:02.965+0000] {logging_mixin.py:188} INFO - [2024-02-12T19:17:02.965+0000] {dagbag.py:538} INFO - Filling up the DagBag from /home/airflow/.local/lib/python3.8/site-packages/airflow/example_dags/example_latest_only.py
[2024-02-12T19:17:02.971+0000] {processor.py:840} INFO - DAG(s) 'latest_only' retrieved from /home/airflow/.local/lib/python3.8/site-packages/airflow/example_dags/example_latest_only.py
[2024-02-12T19:17:03.010+0000] {logging_mixin.py:188} INFO - [2024-02-12T19:17:03.010+0000] {dag.py:3036} INFO - Sync 1 DAGs
[2024-02-12T19:17:03.034+0000] {logging_mixin.py:188} INFO - [2024-02-12T19:17:03.034+0000] {dag.py:3823} INFO - Setting next_dagrun for latest_only to 2024-02-12 12:00:00+00:00, run_after=2024-02-12 16:00:00+00:00
[2024-02-12T19:17:03.061+0000] {processor.py:183} INFO - Processing /home/airflow/.local/lib/python3.8/site-packages/airflow/example_dags/example_latest_only.py took 0.102 seconds
[2024-02-12T19:17:33.493+0000] {processor.py:161} INFO - Started process (PID=8746) to work on /home/airflow/.local/lib/python3.8/site-packages/airflow/example_dags/example_latest_only.py
[2024-02-12T19:17:33.494+0000] {processor.py:830} INFO - Processing file /home/airflow/.local/lib/python3.8/site-packages/airflow/example_dags/example_latest_only.py for tasks to queue
[2024-02-12T19:17:33.495+0000] {logging_mixin.py:188} INFO - [2024-02-12T19:17:33.495+0000] {dagbag.py:538} INFO - Filling up the DagBag from /home/airflow/.local/lib/python3.8/site-packages/airflow/example_dags/example_latest_only.py
[2024-02-12T19:17:33.501+0000] {processor.py:840} INFO - DAG(s) 'latest_only' retrieved from /home/airflow/.local/lib/python3.8/site-packages/airflow/example_dags/example_latest_only.py
[2024-02-12T19:17:33.523+0000] {logging_mixin.py:188} INFO - [2024-02-12T19:17:33.523+0000] {dag.py:3036} INFO - Sync 1 DAGs
[2024-02-12T19:17:33.545+0000] {logging_mixin.py:188} INFO - [2024-02-12T19:17:33.545+0000] {dag.py:3823} INFO - Setting next_dagrun for latest_only to 2024-02-12 12:00:00+00:00, run_after=2024-02-12 16:00:00+00:00
[2024-02-12T19:17:33.573+0000] {processor.py:183} INFO - Processing /home/airflow/.local/lib/python3.8/site-packages/airflow/example_dags/example_latest_only.py took 0.084 seconds
[2024-02-12T19:18:03.710+0000] {processor.py:161} INFO - Started process (PID=8993) to work on /home/airflow/.local/lib/python3.8/site-packages/airflow/example_dags/example_latest_only.py
[2024-02-12T19:18:03.712+0000] {processor.py:830} INFO - Processing file /home/airflow/.local/lib/python3.8/site-packages/airflow/example_dags/example_latest_only.py for tasks to queue
[2024-02-12T19:18:03.713+0000] {logging_mixin.py:188} INFO - [2024-02-12T19:18:03.712+0000] {dagbag.py:538} INFO - Filling up the DagBag from /home/airflow/.local/lib/python3.8/site-packages/airflow/example_dags/example_latest_only.py
[2024-02-12T19:18:03.718+0000] {processor.py:840} INFO - DAG(s) 'latest_only' retrieved from /home/airflow/.local/lib/python3.8/site-packages/airflow/example_dags/example_latest_only.py
[2024-02-12T19:18:03.741+0000] {logging_mixin.py:188} INFO - [2024-02-12T19:18:03.740+0000] {dag.py:3036} INFO - Sync 1 DAGs
[2024-02-12T19:18:03.765+0000] {logging_mixin.py:188} INFO - [2024-02-12T19:18:03.765+0000] {dag.py:3823} INFO - Setting next_dagrun for latest_only to 2024-02-12 12:00:00+00:00, run_after=2024-02-12 16:00:00+00:00
[2024-02-12T19:18:03.795+0000] {processor.py:183} INFO - Processing /home/airflow/.local/lib/python3.8/site-packages/airflow/example_dags/example_latest_only.py took 0.089 seconds
[2024-02-12T19:18:34.437+0000] {processor.py:161} INFO - Started process (PID=9242) to work on /home/airflow/.local/lib/python3.8/site-packages/airflow/example_dags/example_latest_only.py
[2024-02-12T19:18:34.438+0000] {processor.py:830} INFO - Processing file /home/airflow/.local/lib/python3.8/site-packages/airflow/example_dags/example_latest_only.py for tasks to queue
[2024-02-12T19:18:34.438+0000] {logging_mixin.py:188} INFO - [2024-02-12T19:18:34.438+0000] {dagbag.py:538} INFO - Filling up the DagBag from /home/airflow/.local/lib/python3.8/site-packages/airflow/example_dags/example_latest_only.py
[2024-02-12T19:18:34.442+0000] {processor.py:840} INFO - DAG(s) 'latest_only' retrieved from /home/airflow/.local/lib/python3.8/site-packages/airflow/example_dags/example_latest_only.py
[2024-02-12T19:18:34.460+0000] {logging_mixin.py:188} INFO - [2024-02-12T19:18:34.460+0000] {dag.py:3036} INFO - Sync 1 DAGs
[2024-02-12T19:18:34.477+0000] {logging_mixin.py:188} INFO - [2024-02-12T19:18:34.476+0000] {dag.py:3823} INFO - Setting next_dagrun for latest_only to 2024-02-12 12:00:00+00:00, run_after=2024-02-12 16:00:00+00:00
[2024-02-12T19:18:34.498+0000] {processor.py:183} INFO - Processing /home/airflow/.local/lib/python3.8/site-packages/airflow/example_dags/example_latest_only.py took 0.063 seconds
[2024-02-12T19:19:04.637+0000] {processor.py:161} INFO - Started process (PID=9487) to work on /home/airflow/.local/lib/python3.8/site-packages/airflow/example_dags/example_latest_only.py
[2024-02-12T19:19:04.638+0000] {processor.py:830} INFO - Processing file /home/airflow/.local/lib/python3.8/site-packages/airflow/example_dags/example_latest_only.py for tasks to queue
[2024-02-12T19:19:04.639+0000] {logging_mixin.py:188} INFO - [2024-02-12T19:19:04.639+0000] {dagbag.py:538} INFO - Filling up the DagBag from /home/airflow/.local/lib/python3.8/site-packages/airflow/example_dags/example_latest_only.py
[2024-02-12T19:19:04.645+0000] {processor.py:840} INFO - DAG(s) 'latest_only' retrieved from /home/airflow/.local/lib/python3.8/site-packages/airflow/example_dags/example_latest_only.py
[2024-02-12T19:19:04.671+0000] {logging_mixin.py:188} INFO - [2024-02-12T19:19:04.671+0000] {dag.py:3036} INFO - Sync 1 DAGs
[2024-02-12T19:19:04.697+0000] {logging_mixin.py:188} INFO - [2024-02-12T19:19:04.697+0000] {dag.py:3823} INFO - Setting next_dagrun for latest_only to 2024-02-12 12:00:00+00:00, run_after=2024-02-12 16:00:00+00:00
[2024-02-12T19:19:04.722+0000] {processor.py:183} INFO - Processing /home/airflow/.local/lib/python3.8/site-packages/airflow/example_dags/example_latest_only.py took 0.088 seconds
[2024-02-12T19:19:35.055+0000] {processor.py:161} INFO - Started process (PID=9737) to work on /home/airflow/.local/lib/python3.8/site-packages/airflow/example_dags/example_latest_only.py
[2024-02-12T19:19:35.056+0000] {processor.py:830} INFO - Processing file /home/airflow/.local/lib/python3.8/site-packages/airflow/example_dags/example_latest_only.py for tasks to queue
[2024-02-12T19:19:35.057+0000] {logging_mixin.py:188} INFO - [2024-02-12T19:19:35.056+0000] {dagbag.py:538} INFO - Filling up the DagBag from /home/airflow/.local/lib/python3.8/site-packages/airflow/example_dags/example_latest_only.py
[2024-02-12T19:19:35.063+0000] {processor.py:840} INFO - DAG(s) 'latest_only' retrieved from /home/airflow/.local/lib/python3.8/site-packages/airflow/example_dags/example_latest_only.py
[2024-02-12T19:19:35.079+0000] {logging_mixin.py:188} INFO - [2024-02-12T19:19:35.079+0000] {dag.py:3036} INFO - Sync 1 DAGs
[2024-02-12T19:19:35.096+0000] {logging_mixin.py:188} INFO - [2024-02-12T19:19:35.096+0000] {dag.py:3823} INFO - Setting next_dagrun for latest_only to 2024-02-12 12:00:00+00:00, run_after=2024-02-12 16:00:00+00:00
[2024-02-12T19:19:35.116+0000] {processor.py:183} INFO - Processing /home/airflow/.local/lib/python3.8/site-packages/airflow/example_dags/example_latest_only.py took 0.064 seconds
[2024-02-12T19:20:05.835+0000] {processor.py:161} INFO - Started process (PID=9984) to work on /home/airflow/.local/lib/python3.8/site-packages/airflow/example_dags/example_latest_only.py
[2024-02-12T19:20:05.835+0000] {processor.py:830} INFO - Processing file /home/airflow/.local/lib/python3.8/site-packages/airflow/example_dags/example_latest_only.py for tasks to queue
[2024-02-12T19:20:05.836+0000] {logging_mixin.py:188} INFO - [2024-02-12T19:20:05.836+0000] {dagbag.py:538} INFO - Filling up the DagBag from /home/airflow/.local/lib/python3.8/site-packages/airflow/example_dags/example_latest_only.py
[2024-02-12T19:20:05.842+0000] {processor.py:840} INFO - DAG(s) 'latest_only' retrieved from /home/airflow/.local/lib/python3.8/site-packages/airflow/example_dags/example_latest_only.py
[2024-02-12T19:20:05.864+0000] {logging_mixin.py:188} INFO - [2024-02-12T19:20:05.864+0000] {dag.py:3036} INFO - Sync 1 DAGs
[2024-02-12T19:20:05.882+0000] {logging_mixin.py:188} INFO - [2024-02-12T19:20:05.881+0000] {dag.py:3823} INFO - Setting next_dagrun for latest_only to 2024-02-12 12:00:00+00:00, run_after=2024-02-12 16:00:00+00:00
[2024-02-12T19:20:05.903+0000] {processor.py:183} INFO - Processing /home/airflow/.local/lib/python3.8/site-packages/airflow/example_dags/example_latest_only.py took 0.072 seconds
[2024-02-12T19:20:35.999+0000] {processor.py:161} INFO - Started process (PID=10232) to work on /home/airflow/.local/lib/python3.8/site-packages/airflow/example_dags/example_latest_only.py
[2024-02-12T19:20:36.000+0000] {processor.py:830} INFO - Processing file /home/airflow/.local/lib/python3.8/site-packages/airflow/example_dags/example_latest_only.py for tasks to queue
[2024-02-12T19:20:36.000+0000] {logging_mixin.py:188} INFO - [2024-02-12T19:20:36.000+0000] {dagbag.py:538} INFO - Filling up the DagBag from /home/airflow/.local/lib/python3.8/site-packages/airflow/example_dags/example_latest_only.py
[2024-02-12T19:20:36.005+0000] {processor.py:840} INFO - DAG(s) 'latest_only' retrieved from /home/airflow/.local/lib/python3.8/site-packages/airflow/example_dags/example_latest_only.py
[2024-02-12T19:20:36.022+0000] {logging_mixin.py:188} INFO - [2024-02-12T19:20:36.022+0000] {dag.py:3036} INFO - Sync 1 DAGs
[2024-02-12T19:20:36.039+0000] {logging_mixin.py:188} INFO - [2024-02-12T19:20:36.039+0000] {dag.py:3823} INFO - Setting next_dagrun for latest_only to 2024-02-12 12:00:00+00:00, run_after=2024-02-12 16:00:00+00:00
[2024-02-12T19:20:36.060+0000] {processor.py:183} INFO - Processing /home/airflow/.local/lib/python3.8/site-packages/airflow/example_dags/example_latest_only.py took 0.063 seconds
[2024-02-12T19:21:06.757+0000] {processor.py:161} INFO - Started process (PID=10478) to work on /home/airflow/.local/lib/python3.8/site-packages/airflow/example_dags/example_latest_only.py
[2024-02-12T19:21:06.758+0000] {processor.py:830} INFO - Processing file /home/airflow/.local/lib/python3.8/site-packages/airflow/example_dags/example_latest_only.py for tasks to queue
[2024-02-12T19:21:06.760+0000] {logging_mixin.py:188} INFO - [2024-02-12T19:21:06.759+0000] {dagbag.py:538} INFO - Filling up the DagBag from /home/airflow/.local/lib/python3.8/site-packages/airflow/example_dags/example_latest_only.py
[2024-02-12T19:21:06.765+0000] {processor.py:840} INFO - DAG(s) 'latest_only' retrieved from /home/airflow/.local/lib/python3.8/site-packages/airflow/example_dags/example_latest_only.py
[2024-02-12T19:21:06.791+0000] {logging_mixin.py:188} INFO - [2024-02-12T19:21:06.791+0000] {dag.py:3036} INFO - Sync 1 DAGs
[2024-02-12T19:21:06.818+0000] {logging_mixin.py:188} INFO - [2024-02-12T19:21:06.817+0000] {dag.py:3823} INFO - Setting next_dagrun for latest_only to 2024-02-12 12:00:00+00:00, run_after=2024-02-12 16:00:00+00:00
[2024-02-12T19:21:06.840+0000] {processor.py:183} INFO - Processing /home/airflow/.local/lib/python3.8/site-packages/airflow/example_dags/example_latest_only.py took 0.086 seconds
[2024-02-12T19:21:37.264+0000] {processor.py:161} INFO - Started process (PID=10728) to work on /home/airflow/.local/lib/python3.8/site-packages/airflow/example_dags/example_latest_only.py
[2024-02-12T19:21:37.265+0000] {processor.py:830} INFO - Processing file /home/airflow/.local/lib/python3.8/site-packages/airflow/example_dags/example_latest_only.py for tasks to queue
[2024-02-12T19:21:37.266+0000] {logging_mixin.py:188} INFO - [2024-02-12T19:21:37.266+0000] {dagbag.py:538} INFO - Filling up the DagBag from /home/airflow/.local/lib/python3.8/site-packages/airflow/example_dags/example_latest_only.py
[2024-02-12T19:21:37.273+0000] {processor.py:840} INFO - DAG(s) 'latest_only' retrieved from /home/airflow/.local/lib/python3.8/site-packages/airflow/example_dags/example_latest_only.py
[2024-02-12T19:21:37.295+0000] {logging_mixin.py:188} INFO - [2024-02-12T19:21:37.295+0000] {dag.py:3036} INFO - Sync 1 DAGs
[2024-02-12T19:21:37.312+0000] {logging_mixin.py:188} INFO - [2024-02-12T19:21:37.312+0000] {dag.py:3823} INFO - Setting next_dagrun for latest_only to 2024-02-12 12:00:00+00:00, run_after=2024-02-12 16:00:00+00:00
[2024-02-12T19:21:37.333+0000] {processor.py:183} INFO - Processing /home/airflow/.local/lib/python3.8/site-packages/airflow/example_dags/example_latest_only.py took 0.072 seconds
[2024-02-12T19:22:07.545+0000] {processor.py:161} INFO - Started process (PID=10973) to work on /home/airflow/.local/lib/python3.8/site-packages/airflow/example_dags/example_latest_only.py
[2024-02-12T19:22:07.548+0000] {processor.py:830} INFO - Processing file /home/airflow/.local/lib/python3.8/site-packages/airflow/example_dags/example_latest_only.py for tasks to queue
[2024-02-12T19:22:07.549+0000] {logging_mixin.py:188} INFO - [2024-02-12T19:22:07.549+0000] {dagbag.py:538} INFO - Filling up the DagBag from /home/airflow/.local/lib/python3.8/site-packages/airflow/example_dags/example_latest_only.py
[2024-02-12T19:22:07.556+0000] {processor.py:840} INFO - DAG(s) 'latest_only' retrieved from /home/airflow/.local/lib/python3.8/site-packages/airflow/example_dags/example_latest_only.py
[2024-02-12T19:22:07.584+0000] {logging_mixin.py:188} INFO - [2024-02-12T19:22:07.584+0000] {dag.py:3036} INFO - Sync 1 DAGs
[2024-02-12T19:22:07.611+0000] {logging_mixin.py:188} INFO - [2024-02-12T19:22:07.611+0000] {dag.py:3823} INFO - Setting next_dagrun for latest_only to 2024-02-12 12:00:00+00:00, run_after=2024-02-12 16:00:00+00:00
[2024-02-12T19:22:07.641+0000] {processor.py:183} INFO - Processing /home/airflow/.local/lib/python3.8/site-packages/airflow/example_dags/example_latest_only.py took 0.100 seconds
[2024-02-12T19:22:38.240+0000] {processor.py:161} INFO - Started process (PID=11220) to work on /home/airflow/.local/lib/python3.8/site-packages/airflow/example_dags/example_latest_only.py
[2024-02-12T19:22:38.240+0000] {processor.py:830} INFO - Processing file /home/airflow/.local/lib/python3.8/site-packages/airflow/example_dags/example_latest_only.py for tasks to queue
[2024-02-12T19:22:38.242+0000] {logging_mixin.py:188} INFO - [2024-02-12T19:22:38.242+0000] {dagbag.py:538} INFO - Filling up the DagBag from /home/airflow/.local/lib/python3.8/site-packages/airflow/example_dags/example_latest_only.py
[2024-02-12T19:22:38.248+0000] {processor.py:840} INFO - DAG(s) 'latest_only' retrieved from /home/airflow/.local/lib/python3.8/site-packages/airflow/example_dags/example_latest_only.py
[2024-02-12T19:22:38.272+0000] {logging_mixin.py:188} INFO - [2024-02-12T19:22:38.272+0000] {dag.py:3036} INFO - Sync 1 DAGs
[2024-02-12T19:22:38.297+0000] {logging_mixin.py:188} INFO - [2024-02-12T19:22:38.297+0000] {dag.py:3823} INFO - Setting next_dagrun for latest_only to 2024-02-12 12:00:00+00:00, run_after=2024-02-12 16:00:00+00:00
[2024-02-12T19:22:38.321+0000] {processor.py:183} INFO - Processing /home/airflow/.local/lib/python3.8/site-packages/airflow/example_dags/example_latest_only.py took 0.085 seconds
[2024-02-12T19:23:09.248+0000] {processor.py:161} INFO - Started process (PID=11467) to work on /home/airflow/.local/lib/python3.8/site-packages/airflow/example_dags/example_latest_only.py
[2024-02-12T19:23:09.250+0000] {processor.py:830} INFO - Processing file /home/airflow/.local/lib/python3.8/site-packages/airflow/example_dags/example_latest_only.py for tasks to queue
[2024-02-12T19:23:09.251+0000] {logging_mixin.py:188} INFO - [2024-02-12T19:23:09.250+0000] {dagbag.py:538} INFO - Filling up the DagBag from /home/airflow/.local/lib/python3.8/site-packages/airflow/example_dags/example_latest_only.py
[2024-02-12T19:23:09.257+0000] {processor.py:840} INFO - DAG(s) 'latest_only' retrieved from /home/airflow/.local/lib/python3.8/site-packages/airflow/example_dags/example_latest_only.py
[2024-02-12T19:23:09.278+0000] {logging_mixin.py:188} INFO - [2024-02-12T19:23:09.278+0000] {dag.py:3036} INFO - Sync 1 DAGs
[2024-02-12T19:23:09.303+0000] {logging_mixin.py:188} INFO - [2024-02-12T19:23:09.303+0000] {dag.py:3823} INFO - Setting next_dagrun for latest_only to 2024-02-12 12:00:00+00:00, run_after=2024-02-12 16:00:00+00:00
[2024-02-12T19:23:09.326+0000] {processor.py:183} INFO - Processing /home/airflow/.local/lib/python3.8/site-packages/airflow/example_dags/example_latest_only.py took 0.081 seconds
[2024-02-12T19:23:40.458+0000] {processor.py:161} INFO - Started process (PID=11714) to work on /home/airflow/.local/lib/python3.8/site-packages/airflow/example_dags/example_latest_only.py
[2024-02-12T19:23:40.459+0000] {processor.py:830} INFO - Processing file /home/airflow/.local/lib/python3.8/site-packages/airflow/example_dags/example_latest_only.py for tasks to queue
[2024-02-12T19:23:40.460+0000] {logging_mixin.py:188} INFO - [2024-02-12T19:23:40.460+0000] {dagbag.py:538} INFO - Filling up the DagBag from /home/airflow/.local/lib/python3.8/site-packages/airflow/example_dags/example_latest_only.py
[2024-02-12T19:23:40.466+0000] {processor.py:840} INFO - DAG(s) 'latest_only' retrieved from /home/airflow/.local/lib/python3.8/site-packages/airflow/example_dags/example_latest_only.py
[2024-02-12T19:23:40.488+0000] {logging_mixin.py:188} INFO - [2024-02-12T19:23:40.487+0000] {dag.py:3036} INFO - Sync 1 DAGs
[2024-02-12T19:23:40.510+0000] {logging_mixin.py:188} INFO - [2024-02-12T19:23:40.509+0000] {dag.py:3823} INFO - Setting next_dagrun for latest_only to 2024-02-12 12:00:00+00:00, run_after=2024-02-12 16:00:00+00:00
[2024-02-12T19:23:40.533+0000] {processor.py:183} INFO - Processing /home/airflow/.local/lib/python3.8/site-packages/airflow/example_dags/example_latest_only.py took 0.079 seconds
[2024-02-12T19:24:11.175+0000] {processor.py:161} INFO - Started process (PID=11961) to work on /home/airflow/.local/lib/python3.8/site-packages/airflow/example_dags/example_latest_only.py
[2024-02-12T19:24:11.176+0000] {processor.py:830} INFO - Processing file /home/airflow/.local/lib/python3.8/site-packages/airflow/example_dags/example_latest_only.py for tasks to queue
[2024-02-12T19:24:11.177+0000] {logging_mixin.py:188} INFO - [2024-02-12T19:24:11.177+0000] {dagbag.py:538} INFO - Filling up the DagBag from /home/airflow/.local/lib/python3.8/site-packages/airflow/example_dags/example_latest_only.py
[2024-02-12T19:24:11.183+0000] {processor.py:840} INFO - DAG(s) 'latest_only' retrieved from /home/airflow/.local/lib/python3.8/site-packages/airflow/example_dags/example_latest_only.py
[2024-02-12T19:24:11.202+0000] {logging_mixin.py:188} INFO - [2024-02-12T19:24:11.201+0000] {dag.py:3036} INFO - Sync 1 DAGs
[2024-02-12T19:24:11.228+0000] {logging_mixin.py:188} INFO - [2024-02-12T19:24:11.228+0000] {dag.py:3823} INFO - Setting next_dagrun for latest_only to 2024-02-12 12:00:00+00:00, run_after=2024-02-12 16:00:00+00:00
[2024-02-12T19:24:11.252+0000] {processor.py:183} INFO - Processing /home/airflow/.local/lib/python3.8/site-packages/airflow/example_dags/example_latest_only.py took 0.081 seconds
[2024-02-12T19:24:42.228+0000] {processor.py:161} INFO - Started process (PID=12208) to work on /home/airflow/.local/lib/python3.8/site-packages/airflow/example_dags/example_latest_only.py
[2024-02-12T19:24:42.229+0000] {processor.py:830} INFO - Processing file /home/airflow/.local/lib/python3.8/site-packages/airflow/example_dags/example_latest_only.py for tasks to queue
[2024-02-12T19:24:42.230+0000] {logging_mixin.py:188} INFO - [2024-02-12T19:24:42.230+0000] {dagbag.py:538} INFO - Filling up the DagBag from /home/airflow/.local/lib/python3.8/site-packages/airflow/example_dags/example_latest_only.py
[2024-02-12T19:24:42.235+0000] {processor.py:840} INFO - DAG(s) 'latest_only' retrieved from /home/airflow/.local/lib/python3.8/site-packages/airflow/example_dags/example_latest_only.py
[2024-02-12T19:24:42.259+0000] {logging_mixin.py:188} INFO - [2024-02-12T19:24:42.259+0000] {dag.py:3036} INFO - Sync 1 DAGs
[2024-02-12T19:24:42.282+0000] {logging_mixin.py:188} INFO - [2024-02-12T19:24:42.282+0000] {dag.py:3823} INFO - Setting next_dagrun for latest_only to 2024-02-12 12:00:00+00:00, run_after=2024-02-12 16:00:00+00:00
[2024-02-12T19:24:42.307+0000] {processor.py:183} INFO - Processing /home/airflow/.local/lib/python3.8/site-packages/airflow/example_dags/example_latest_only.py took 0.083 seconds
[2024-02-12T19:25:13.042+0000] {processor.py:161} INFO - Started process (PID=12456) to work on /home/airflow/.local/lib/python3.8/site-packages/airflow/example_dags/example_latest_only.py
[2024-02-12T19:25:13.055+0000] {processor.py:830} INFO - Processing file /home/airflow/.local/lib/python3.8/site-packages/airflow/example_dags/example_latest_only.py for tasks to queue
[2024-02-12T19:25:13.056+0000] {logging_mixin.py:188} INFO - [2024-02-12T19:25:13.056+0000] {dagbag.py:538} INFO - Filling up the DagBag from /home/airflow/.local/lib/python3.8/site-packages/airflow/example_dags/example_latest_only.py
[2024-02-12T19:25:13.084+0000] {processor.py:840} INFO - DAG(s) 'latest_only' retrieved from /home/airflow/.local/lib/python3.8/site-packages/airflow/example_dags/example_latest_only.py
[2024-02-12T19:25:13.140+0000] {logging_mixin.py:188} INFO - [2024-02-12T19:25:13.140+0000] {dag.py:3036} INFO - Sync 1 DAGs
[2024-02-12T19:25:13.248+0000] {logging_mixin.py:188} INFO - [2024-02-12T19:25:13.248+0000] {dag.py:3823} INFO - Setting next_dagrun for latest_only to 2024-02-12 12:00:00+00:00, run_after=2024-02-12 16:00:00+00:00
[2024-02-12T19:25:13.313+0000] {processor.py:183} INFO - Processing /home/airflow/.local/lib/python3.8/site-packages/airflow/example_dags/example_latest_only.py took 0.274 seconds
[2024-02-12T19:25:43.557+0000] {processor.py:161} INFO - Started process (PID=12699) to work on /home/airflow/.local/lib/python3.8/site-packages/airflow/example_dags/example_latest_only.py
[2024-02-12T19:25:43.558+0000] {processor.py:830} INFO - Processing file /home/airflow/.local/lib/python3.8/site-packages/airflow/example_dags/example_latest_only.py for tasks to queue
[2024-02-12T19:25:43.559+0000] {logging_mixin.py:188} INFO - [2024-02-12T19:25:43.559+0000] {dagbag.py:538} INFO - Filling up the DagBag from /home/airflow/.local/lib/python3.8/site-packages/airflow/example_dags/example_latest_only.py
[2024-02-12T19:25:43.563+0000] {processor.py:840} INFO - DAG(s) 'latest_only' retrieved from /home/airflow/.local/lib/python3.8/site-packages/airflow/example_dags/example_latest_only.py
[2024-02-12T19:25:43.573+0000] {logging_mixin.py:188} INFO - [2024-02-12T19:25:43.573+0000] {dag.py:3036} INFO - Sync 1 DAGs
[2024-02-12T19:25:43.591+0000] {logging_mixin.py:188} INFO - [2024-02-12T19:25:43.591+0000] {dag.py:3823} INFO - Setting next_dagrun for latest_only to 2024-02-12 12:00:00+00:00, run_after=2024-02-12 16:00:00+00:00
[2024-02-12T19:25:43.610+0000] {processor.py:183} INFO - Processing /home/airflow/.local/lib/python3.8/site-packages/airflow/example_dags/example_latest_only.py took 0.055 seconds
