[2024-02-12T19:00:17.673+0000] {processor.py:161} INFO - Started process (PID=356) to work on /home/airflow/.local/lib/python3.8/site-packages/airflow/example_dags/example_params_ui_tutorial.py
[2024-02-12T19:00:17.674+0000] {processor.py:830} INFO - Processing file /home/airflow/.local/lib/python3.8/site-packages/airflow/example_dags/example_params_ui_tutorial.py for tasks to queue
[2024-02-12T19:00:17.674+0000] {logging_mixin.py:188} INFO - [2024-02-12T19:00:17.674+0000] {dagbag.py:538} INFO - Filling up the DagBag from /home/airflow/.local/lib/python3.8/site-packages/airflow/example_dags/example_params_ui_tutorial.py
[2024-02-12T19:00:17.742+0000] {processor.py:840} INFO - DAG(s) 'example_params_ui_tutorial' retrieved from /home/airflow/.local/lib/python3.8/site-packages/airflow/example_dags/example_params_ui_tutorial.py
[2024-02-12T19:00:18.442+0000] {logging_mixin.py:188} INFO - [2024-02-12T19:00:18.440+0000] {dag.py:3036} INFO - Sync 1 DAGs
[2024-02-12T19:00:18.492+0000] {logging_mixin.py:188} INFO - [2024-02-12T19:00:18.492+0000] {dag.py:3823} INFO - Setting next_dagrun for example_params_ui_tutorial to None, run_after=None
[2024-02-12T19:00:18.550+0000] {processor.py:183} INFO - Processing /home/airflow/.local/lib/python3.8/site-packages/airflow/example_dags/example_params_ui_tutorial.py took 0.890 seconds
[2024-02-12T19:00:49.394+0000] {processor.py:161} INFO - Started process (PID=605) to work on /home/airflow/.local/lib/python3.8/site-packages/airflow/example_dags/example_params_ui_tutorial.py
[2024-02-12T19:00:49.403+0000] {processor.py:830} INFO - Processing file /home/airflow/.local/lib/python3.8/site-packages/airflow/example_dags/example_params_ui_tutorial.py for tasks to queue
[2024-02-12T19:00:49.404+0000] {logging_mixin.py:188} INFO - [2024-02-12T19:00:49.403+0000] {dagbag.py:538} INFO - Filling up the DagBag from /home/airflow/.local/lib/python3.8/site-packages/airflow/example_dags/example_params_ui_tutorial.py
[2024-02-12T19:00:49.454+0000] {processor.py:840} INFO - DAG(s) 'example_params_ui_tutorial' retrieved from /home/airflow/.local/lib/python3.8/site-packages/airflow/example_dags/example_params_ui_tutorial.py
[2024-02-12T19:00:49.954+0000] {logging_mixin.py:188} INFO - [2024-02-12T19:00:49.954+0000] {dag.py:3036} INFO - Sync 1 DAGs
[2024-02-12T19:00:50.066+0000] {logging_mixin.py:188} INFO - [2024-02-12T19:00:50.066+0000] {dag.py:3823} INFO - Setting next_dagrun for example_params_ui_tutorial to None, run_after=None
[2024-02-12T19:00:50.112+0000] {processor.py:183} INFO - Processing /home/airflow/.local/lib/python3.8/site-packages/airflow/example_dags/example_params_ui_tutorial.py took 0.723 seconds
[2024-02-12T19:01:20.579+0000] {processor.py:161} INFO - Started process (PID=852) to work on /home/airflow/.local/lib/python3.8/site-packages/airflow/example_dags/example_params_ui_tutorial.py
[2024-02-12T19:01:20.580+0000] {processor.py:830} INFO - Processing file /home/airflow/.local/lib/python3.8/site-packages/airflow/example_dags/example_params_ui_tutorial.py for tasks to queue
[2024-02-12T19:01:20.581+0000] {logging_mixin.py:188} INFO - [2024-02-12T19:01:20.581+0000] {dagbag.py:538} INFO - Filling up the DagBag from /home/airflow/.local/lib/python3.8/site-packages/airflow/example_dags/example_params_ui_tutorial.py
[2024-02-12T19:01:20.594+0000] {processor.py:840} INFO - DAG(s) 'example_params_ui_tutorial' retrieved from /home/airflow/.local/lib/python3.8/site-packages/airflow/example_dags/example_params_ui_tutorial.py
[2024-02-12T19:01:20.676+0000] {logging_mixin.py:188} INFO - [2024-02-12T19:01:20.676+0000] {dag.py:3036} INFO - Sync 1 DAGs
[2024-02-12T19:01:20.690+0000] {logging_mixin.py:188} INFO - [2024-02-12T19:01:20.690+0000] {dag.py:3823} INFO - Setting next_dagrun for example_params_ui_tutorial to None, run_after=None
[2024-02-12T19:01:20.714+0000] {processor.py:183} INFO - Processing /home/airflow/.local/lib/python3.8/site-packages/airflow/example_dags/example_params_ui_tutorial.py took 0.139 seconds
[2024-02-12T19:01:51.026+0000] {processor.py:161} INFO - Started process (PID=1099) to work on /home/airflow/.local/lib/python3.8/site-packages/airflow/example_dags/example_params_ui_tutorial.py
[2024-02-12T19:01:51.027+0000] {processor.py:830} INFO - Processing file /home/airflow/.local/lib/python3.8/site-packages/airflow/example_dags/example_params_ui_tutorial.py for tasks to queue
[2024-02-12T19:01:51.028+0000] {logging_mixin.py:188} INFO - [2024-02-12T19:01:51.027+0000] {dagbag.py:538} INFO - Filling up the DagBag from /home/airflow/.local/lib/python3.8/site-packages/airflow/example_dags/example_params_ui_tutorial.py
[2024-02-12T19:01:51.042+0000] {processor.py:840} INFO - DAG(s) 'example_params_ui_tutorial' retrieved from /home/airflow/.local/lib/python3.8/site-packages/airflow/example_dags/example_params_ui_tutorial.py
[2024-02-12T19:01:51.125+0000] {logging_mixin.py:188} INFO - [2024-02-12T19:01:51.125+0000] {dag.py:3036} INFO - Sync 1 DAGs
[2024-02-12T19:01:51.139+0000] {logging_mixin.py:188} INFO - [2024-02-12T19:01:51.139+0000] {dag.py:3823} INFO - Setting next_dagrun for example_params_ui_tutorial to None, run_after=None
[2024-02-12T19:01:51.166+0000] {processor.py:183} INFO - Processing /home/airflow/.local/lib/python3.8/site-packages/airflow/example_dags/example_params_ui_tutorial.py took 0.144 seconds
[2024-02-12T19:02:21.437+0000] {processor.py:161} INFO - Started process (PID=1346) to work on /home/airflow/.local/lib/python3.8/site-packages/airflow/example_dags/example_params_ui_tutorial.py
[2024-02-12T19:02:21.438+0000] {processor.py:830} INFO - Processing file /home/airflow/.local/lib/python3.8/site-packages/airflow/example_dags/example_params_ui_tutorial.py for tasks to queue
[2024-02-12T19:02:21.439+0000] {logging_mixin.py:188} INFO - [2024-02-12T19:02:21.439+0000] {dagbag.py:538} INFO - Filling up the DagBag from /home/airflow/.local/lib/python3.8/site-packages/airflow/example_dags/example_params_ui_tutorial.py
[2024-02-12T19:02:21.452+0000] {processor.py:840} INFO - DAG(s) 'example_params_ui_tutorial' retrieved from /home/airflow/.local/lib/python3.8/site-packages/airflow/example_dags/example_params_ui_tutorial.py
[2024-02-12T19:02:21.581+0000] {logging_mixin.py:188} INFO - [2024-02-12T19:02:21.580+0000] {dag.py:3036} INFO - Sync 1 DAGs
[2024-02-12T19:02:21.604+0000] {logging_mixin.py:188} INFO - [2024-02-12T19:02:21.603+0000] {dag.py:3823} INFO - Setting next_dagrun for example_params_ui_tutorial to None, run_after=None
[2024-02-12T19:02:21.644+0000] {processor.py:183} INFO - Processing /home/airflow/.local/lib/python3.8/site-packages/airflow/example_dags/example_params_ui_tutorial.py took 0.210 seconds
[2024-02-12T19:02:51.978+0000] {processor.py:161} INFO - Started process (PID=1594) to work on /home/airflow/.local/lib/python3.8/site-packages/airflow/example_dags/example_params_ui_tutorial.py
[2024-02-12T19:02:51.979+0000] {processor.py:830} INFO - Processing file /home/airflow/.local/lib/python3.8/site-packages/airflow/example_dags/example_params_ui_tutorial.py for tasks to queue
[2024-02-12T19:02:51.980+0000] {logging_mixin.py:188} INFO - [2024-02-12T19:02:51.980+0000] {dagbag.py:538} INFO - Filling up the DagBag from /home/airflow/.local/lib/python3.8/site-packages/airflow/example_dags/example_params_ui_tutorial.py
[2024-02-12T19:02:51.995+0000] {processor.py:840} INFO - DAG(s) 'example_params_ui_tutorial' retrieved from /home/airflow/.local/lib/python3.8/site-packages/airflow/example_dags/example_params_ui_tutorial.py
[2024-02-12T19:02:52.094+0000] {logging_mixin.py:188} INFO - [2024-02-12T19:02:52.093+0000] {dag.py:3036} INFO - Sync 1 DAGs
[2024-02-12T19:02:52.120+0000] {logging_mixin.py:188} INFO - [2024-02-12T19:02:52.120+0000] {dag.py:3823} INFO - Setting next_dagrun for example_params_ui_tutorial to None, run_after=None
[2024-02-12T19:02:52.162+0000] {processor.py:183} INFO - Processing /home/airflow/.local/lib/python3.8/site-packages/airflow/example_dags/example_params_ui_tutorial.py took 0.187 seconds
[2024-02-12T19:03:22.349+0000] {processor.py:161} INFO - Started process (PID=1841) to work on /home/airflow/.local/lib/python3.8/site-packages/airflow/example_dags/example_params_ui_tutorial.py
[2024-02-12T19:03:22.350+0000] {processor.py:830} INFO - Processing file /home/airflow/.local/lib/python3.8/site-packages/airflow/example_dags/example_params_ui_tutorial.py for tasks to queue
[2024-02-12T19:03:22.351+0000] {logging_mixin.py:188} INFO - [2024-02-12T19:03:22.350+0000] {dagbag.py:538} INFO - Filling up the DagBag from /home/airflow/.local/lib/python3.8/site-packages/airflow/example_dags/example_params_ui_tutorial.py
[2024-02-12T19:03:22.365+0000] {processor.py:840} INFO - DAG(s) 'example_params_ui_tutorial' retrieved from /home/airflow/.local/lib/python3.8/site-packages/airflow/example_dags/example_params_ui_tutorial.py
[2024-02-12T19:03:22.454+0000] {logging_mixin.py:188} INFO - [2024-02-12T19:03:22.454+0000] {dag.py:3036} INFO - Sync 1 DAGs
[2024-02-12T19:03:22.469+0000] {logging_mixin.py:188} INFO - [2024-02-12T19:03:22.469+0000] {dag.py:3823} INFO - Setting next_dagrun for example_params_ui_tutorial to None, run_after=None
[2024-02-12T19:03:22.503+0000] {processor.py:183} INFO - Processing /home/airflow/.local/lib/python3.8/site-packages/airflow/example_dags/example_params_ui_tutorial.py took 0.157 seconds
[2024-02-12T19:03:53.233+0000] {processor.py:161} INFO - Started process (PID=2089) to work on /home/airflow/.local/lib/python3.8/site-packages/airflow/example_dags/example_params_ui_tutorial.py
[2024-02-12T19:03:53.235+0000] {processor.py:830} INFO - Processing file /home/airflow/.local/lib/python3.8/site-packages/airflow/example_dags/example_params_ui_tutorial.py for tasks to queue
[2024-02-12T19:03:53.236+0000] {logging_mixin.py:188} INFO - [2024-02-12T19:03:53.235+0000] {dagbag.py:538} INFO - Filling up the DagBag from /home/airflow/.local/lib/python3.8/site-packages/airflow/example_dags/example_params_ui_tutorial.py
[2024-02-12T19:03:53.249+0000] {processor.py:840} INFO - DAG(s) 'example_params_ui_tutorial' retrieved from /home/airflow/.local/lib/python3.8/site-packages/airflow/example_dags/example_params_ui_tutorial.py
[2024-02-12T19:03:53.329+0000] {logging_mixin.py:188} INFO - [2024-02-12T19:03:53.329+0000] {dag.py:3036} INFO - Sync 1 DAGs
[2024-02-12T19:03:53.344+0000] {logging_mixin.py:188} INFO - [2024-02-12T19:03:53.344+0000] {dag.py:3823} INFO - Setting next_dagrun for example_params_ui_tutorial to None, run_after=None
[2024-02-12T19:03:53.369+0000] {processor.py:183} INFO - Processing /home/airflow/.local/lib/python3.8/site-packages/airflow/example_dags/example_params_ui_tutorial.py took 0.139 seconds
[2024-02-12T19:04:24.058+0000] {processor.py:161} INFO - Started process (PID=2360) to work on /home/airflow/.local/lib/python3.8/site-packages/airflow/example_dags/example_params_ui_tutorial.py
[2024-02-12T19:04:24.059+0000] {processor.py:830} INFO - Processing file /home/airflow/.local/lib/python3.8/site-packages/airflow/example_dags/example_params_ui_tutorial.py for tasks to queue
[2024-02-12T19:04:24.060+0000] {logging_mixin.py:188} INFO - [2024-02-12T19:04:24.060+0000] {dagbag.py:538} INFO - Filling up the DagBag from /home/airflow/.local/lib/python3.8/site-packages/airflow/example_dags/example_params_ui_tutorial.py
[2024-02-12T19:04:24.074+0000] {processor.py:840} INFO - DAG(s) 'example_params_ui_tutorial' retrieved from /home/airflow/.local/lib/python3.8/site-packages/airflow/example_dags/example_params_ui_tutorial.py
[2024-02-12T19:04:24.154+0000] {logging_mixin.py:188} INFO - [2024-02-12T19:04:24.154+0000] {dag.py:3036} INFO - Sync 1 DAGs
[2024-02-12T19:04:24.168+0000] {logging_mixin.py:188} INFO - [2024-02-12T19:04:24.168+0000] {dag.py:3823} INFO - Setting next_dagrun for example_params_ui_tutorial to None, run_after=None
[2024-02-12T19:04:24.191+0000] {processor.py:183} INFO - Processing /home/airflow/.local/lib/python3.8/site-packages/airflow/example_dags/example_params_ui_tutorial.py took 0.137 seconds
[2024-02-12T19:04:54.602+0000] {processor.py:161} INFO - Started process (PID=2607) to work on /home/airflow/.local/lib/python3.8/site-packages/airflow/example_dags/example_params_ui_tutorial.py
[2024-02-12T19:04:54.603+0000] {processor.py:830} INFO - Processing file /home/airflow/.local/lib/python3.8/site-packages/airflow/example_dags/example_params_ui_tutorial.py for tasks to queue
[2024-02-12T19:04:54.604+0000] {logging_mixin.py:188} INFO - [2024-02-12T19:04:54.604+0000] {dagbag.py:538} INFO - Filling up the DagBag from /home/airflow/.local/lib/python3.8/site-packages/airflow/example_dags/example_params_ui_tutorial.py
[2024-02-12T19:04:54.621+0000] {processor.py:840} INFO - DAG(s) 'example_params_ui_tutorial' retrieved from /home/airflow/.local/lib/python3.8/site-packages/airflow/example_dags/example_params_ui_tutorial.py
[2024-02-12T19:04:54.707+0000] {logging_mixin.py:188} INFO - [2024-02-12T19:04:54.707+0000] {dag.py:3036} INFO - Sync 1 DAGs
[2024-02-12T19:04:54.722+0000] {logging_mixin.py:188} INFO - [2024-02-12T19:04:54.721+0000] {dag.py:3823} INFO - Setting next_dagrun for example_params_ui_tutorial to None, run_after=None
[2024-02-12T19:04:54.748+0000] {processor.py:183} INFO - Processing /home/airflow/.local/lib/python3.8/site-packages/airflow/example_dags/example_params_ui_tutorial.py took 0.150 seconds
[2024-02-12T19:05:25.168+0000] {processor.py:161} INFO - Started process (PID=2854) to work on /home/airflow/.local/lib/python3.8/site-packages/airflow/example_dags/example_params_ui_tutorial.py
[2024-02-12T19:05:25.169+0000] {processor.py:830} INFO - Processing file /home/airflow/.local/lib/python3.8/site-packages/airflow/example_dags/example_params_ui_tutorial.py for tasks to queue
[2024-02-12T19:05:25.170+0000] {logging_mixin.py:188} INFO - [2024-02-12T19:05:25.170+0000] {dagbag.py:538} INFO - Filling up the DagBag from /home/airflow/.local/lib/python3.8/site-packages/airflow/example_dags/example_params_ui_tutorial.py
[2024-02-12T19:05:25.183+0000] {processor.py:840} INFO - DAG(s) 'example_params_ui_tutorial' retrieved from /home/airflow/.local/lib/python3.8/site-packages/airflow/example_dags/example_params_ui_tutorial.py
[2024-02-12T19:05:25.264+0000] {logging_mixin.py:188} INFO - [2024-02-12T19:05:25.264+0000] {dag.py:3036} INFO - Sync 1 DAGs
[2024-02-12T19:05:25.278+0000] {logging_mixin.py:188} INFO - [2024-02-12T19:05:25.277+0000] {dag.py:3823} INFO - Setting next_dagrun for example_params_ui_tutorial to None, run_after=None
[2024-02-12T19:05:25.309+0000] {processor.py:183} INFO - Processing /home/airflow/.local/lib/python3.8/site-packages/airflow/example_dags/example_params_ui_tutorial.py took 0.144 seconds
[2024-02-12T19:05:55.948+0000] {processor.py:161} INFO - Started process (PID=3101) to work on /home/airflow/.local/lib/python3.8/site-packages/airflow/example_dags/example_params_ui_tutorial.py
[2024-02-12T19:05:55.949+0000] {processor.py:830} INFO - Processing file /home/airflow/.local/lib/python3.8/site-packages/airflow/example_dags/example_params_ui_tutorial.py for tasks to queue
[2024-02-12T19:05:55.949+0000] {logging_mixin.py:188} INFO - [2024-02-12T19:05:55.949+0000] {dagbag.py:538} INFO - Filling up the DagBag from /home/airflow/.local/lib/python3.8/site-packages/airflow/example_dags/example_params_ui_tutorial.py
[2024-02-12T19:05:55.963+0000] {processor.py:840} INFO - DAG(s) 'example_params_ui_tutorial' retrieved from /home/airflow/.local/lib/python3.8/site-packages/airflow/example_dags/example_params_ui_tutorial.py
[2024-02-12T19:05:56.081+0000] {logging_mixin.py:188} INFO - [2024-02-12T19:05:56.080+0000] {dag.py:3036} INFO - Sync 1 DAGs
[2024-02-12T19:05:56.095+0000] {logging_mixin.py:188} INFO - [2024-02-12T19:05:56.095+0000] {dag.py:3823} INFO - Setting next_dagrun for example_params_ui_tutorial to None, run_after=None
[2024-02-12T19:05:56.124+0000] {processor.py:183} INFO - Processing /home/airflow/.local/lib/python3.8/site-packages/airflow/example_dags/example_params_ui_tutorial.py took 0.180 seconds
[2024-02-12T19:06:26.793+0000] {processor.py:161} INFO - Started process (PID=3349) to work on /home/airflow/.local/lib/python3.8/site-packages/airflow/example_dags/example_params_ui_tutorial.py
[2024-02-12T19:06:26.794+0000] {processor.py:830} INFO - Processing file /home/airflow/.local/lib/python3.8/site-packages/airflow/example_dags/example_params_ui_tutorial.py for tasks to queue
[2024-02-12T19:06:26.796+0000] {logging_mixin.py:188} INFO - [2024-02-12T19:06:26.795+0000] {dagbag.py:538} INFO - Filling up the DagBag from /home/airflow/.local/lib/python3.8/site-packages/airflow/example_dags/example_params_ui_tutorial.py
[2024-02-12T19:06:26.811+0000] {processor.py:840} INFO - DAG(s) 'example_params_ui_tutorial' retrieved from /home/airflow/.local/lib/python3.8/site-packages/airflow/example_dags/example_params_ui_tutorial.py
[2024-02-12T19:06:26.993+0000] {logging_mixin.py:188} INFO - [2024-02-12T19:06:26.993+0000] {dag.py:3036} INFO - Sync 1 DAGs
[2024-02-12T19:06:27.021+0000] {logging_mixin.py:188} INFO - [2024-02-12T19:06:27.021+0000] {dag.py:3823} INFO - Setting next_dagrun for example_params_ui_tutorial to None, run_after=None
[2024-02-12T19:06:27.050+0000] {processor.py:183} INFO - Processing /home/airflow/.local/lib/python3.8/site-packages/airflow/example_dags/example_params_ui_tutorial.py took 0.261 seconds
[2024-02-12T19:06:57.084+0000] {processor.py:161} INFO - Started process (PID=3596) to work on /home/airflow/.local/lib/python3.8/site-packages/airflow/example_dags/example_params_ui_tutorial.py
[2024-02-12T19:06:57.085+0000] {processor.py:830} INFO - Processing file /home/airflow/.local/lib/python3.8/site-packages/airflow/example_dags/example_params_ui_tutorial.py for tasks to queue
[2024-02-12T19:06:57.085+0000] {logging_mixin.py:188} INFO - [2024-02-12T19:06:57.085+0000] {dagbag.py:538} INFO - Filling up the DagBag from /home/airflow/.local/lib/python3.8/site-packages/airflow/example_dags/example_params_ui_tutorial.py
[2024-02-12T19:06:57.097+0000] {processor.py:840} INFO - DAG(s) 'example_params_ui_tutorial' retrieved from /home/airflow/.local/lib/python3.8/site-packages/airflow/example_dags/example_params_ui_tutorial.py
[2024-02-12T19:06:57.161+0000] {logging_mixin.py:188} INFO - [2024-02-12T19:06:57.161+0000] {dag.py:3036} INFO - Sync 1 DAGs
[2024-02-12T19:06:57.175+0000] {logging_mixin.py:188} INFO - [2024-02-12T19:06:57.175+0000] {dag.py:3823} INFO - Setting next_dagrun for example_params_ui_tutorial to None, run_after=None
[2024-02-12T19:06:57.200+0000] {processor.py:183} INFO - Processing /home/airflow/.local/lib/python3.8/site-packages/airflow/example_dags/example_params_ui_tutorial.py took 0.119 seconds
[2024-02-12T19:07:27.462+0000] {processor.py:161} INFO - Started process (PID=3844) to work on /home/airflow/.local/lib/python3.8/site-packages/airflow/example_dags/example_params_ui_tutorial.py
[2024-02-12T19:07:27.464+0000] {processor.py:830} INFO - Processing file /home/airflow/.local/lib/python3.8/site-packages/airflow/example_dags/example_params_ui_tutorial.py for tasks to queue
[2024-02-12T19:07:27.465+0000] {logging_mixin.py:188} INFO - [2024-02-12T19:07:27.464+0000] {dagbag.py:538} INFO - Filling up the DagBag from /home/airflow/.local/lib/python3.8/site-packages/airflow/example_dags/example_params_ui_tutorial.py
[2024-02-12T19:07:27.478+0000] {processor.py:840} INFO - DAG(s) 'example_params_ui_tutorial' retrieved from /home/airflow/.local/lib/python3.8/site-packages/airflow/example_dags/example_params_ui_tutorial.py
[2024-02-12T19:07:27.601+0000] {logging_mixin.py:188} INFO - [2024-02-12T19:07:27.600+0000] {dag.py:3036} INFO - Sync 1 DAGs
[2024-02-12T19:07:27.614+0000] {logging_mixin.py:188} INFO - [2024-02-12T19:07:27.614+0000] {dag.py:3823} INFO - Setting next_dagrun for example_params_ui_tutorial to None, run_after=None
[2024-02-12T19:07:27.638+0000] {processor.py:183} INFO - Processing /home/airflow/.local/lib/python3.8/site-packages/airflow/example_dags/example_params_ui_tutorial.py took 0.179 seconds
[2024-02-12T19:07:57.898+0000] {processor.py:161} INFO - Started process (PID=4091) to work on /home/airflow/.local/lib/python3.8/site-packages/airflow/example_dags/example_params_ui_tutorial.py
[2024-02-12T19:07:57.900+0000] {processor.py:830} INFO - Processing file /home/airflow/.local/lib/python3.8/site-packages/airflow/example_dags/example_params_ui_tutorial.py for tasks to queue
[2024-02-12T19:07:57.901+0000] {logging_mixin.py:188} INFO - [2024-02-12T19:07:57.901+0000] {dagbag.py:538} INFO - Filling up the DagBag from /home/airflow/.local/lib/python3.8/site-packages/airflow/example_dags/example_params_ui_tutorial.py
[2024-02-12T19:07:57.916+0000] {processor.py:840} INFO - DAG(s) 'example_params_ui_tutorial' retrieved from /home/airflow/.local/lib/python3.8/site-packages/airflow/example_dags/example_params_ui_tutorial.py
[2024-02-12T19:07:58.030+0000] {logging_mixin.py:188} INFO - [2024-02-12T19:07:58.029+0000] {dag.py:3036} INFO - Sync 1 DAGs
[2024-02-12T19:07:58.050+0000] {logging_mixin.py:188} INFO - [2024-02-12T19:07:58.050+0000] {dag.py:3823} INFO - Setting next_dagrun for example_params_ui_tutorial to None, run_after=None
[2024-02-12T19:07:58.075+0000] {processor.py:183} INFO - Processing /home/airflow/.local/lib/python3.8/site-packages/airflow/example_dags/example_params_ui_tutorial.py took 0.181 seconds
[2024-02-12T19:08:28.591+0000] {processor.py:161} INFO - Started process (PID=4339) to work on /home/airflow/.local/lib/python3.8/site-packages/airflow/example_dags/example_params_ui_tutorial.py
[2024-02-12T19:08:28.594+0000] {processor.py:830} INFO - Processing file /home/airflow/.local/lib/python3.8/site-packages/airflow/example_dags/example_params_ui_tutorial.py for tasks to queue
[2024-02-12T19:08:28.595+0000] {logging_mixin.py:188} INFO - [2024-02-12T19:08:28.595+0000] {dagbag.py:538} INFO - Filling up the DagBag from /home/airflow/.local/lib/python3.8/site-packages/airflow/example_dags/example_params_ui_tutorial.py
[2024-02-12T19:08:28.609+0000] {processor.py:840} INFO - DAG(s) 'example_params_ui_tutorial' retrieved from /home/airflow/.local/lib/python3.8/site-packages/airflow/example_dags/example_params_ui_tutorial.py
[2024-02-12T19:08:28.788+0000] {logging_mixin.py:188} INFO - [2024-02-12T19:08:28.787+0000] {dag.py:3036} INFO - Sync 1 DAGs
[2024-02-12T19:08:28.810+0000] {logging_mixin.py:188} INFO - [2024-02-12T19:08:28.809+0000] {dag.py:3823} INFO - Setting next_dagrun for example_params_ui_tutorial to None, run_after=None
[2024-02-12T19:08:28.848+0000] {processor.py:183} INFO - Processing /home/airflow/.local/lib/python3.8/site-packages/airflow/example_dags/example_params_ui_tutorial.py took 0.260 seconds
[2024-02-12T19:08:59.028+0000] {processor.py:161} INFO - Started process (PID=4592) to work on /home/airflow/.local/lib/python3.8/site-packages/airflow/example_dags/example_params_ui_tutorial.py
[2024-02-12T19:08:59.029+0000] {processor.py:830} INFO - Processing file /home/airflow/.local/lib/python3.8/site-packages/airflow/example_dags/example_params_ui_tutorial.py for tasks to queue
[2024-02-12T19:08:59.029+0000] {logging_mixin.py:188} INFO - [2024-02-12T19:08:59.029+0000] {dagbag.py:538} INFO - Filling up the DagBag from /home/airflow/.local/lib/python3.8/site-packages/airflow/example_dags/example_params_ui_tutorial.py
[2024-02-12T19:08:59.039+0000] {processor.py:840} INFO - DAG(s) 'example_params_ui_tutorial' retrieved from /home/airflow/.local/lib/python3.8/site-packages/airflow/example_dags/example_params_ui_tutorial.py
[2024-02-12T19:08:59.088+0000] {logging_mixin.py:188} INFO - [2024-02-12T19:08:59.088+0000] {dag.py:3036} INFO - Sync 1 DAGs
[2024-02-12T19:08:59.097+0000] {logging_mixin.py:188} INFO - [2024-02-12T19:08:59.097+0000] {dag.py:3823} INFO - Setting next_dagrun for example_params_ui_tutorial to None, run_after=None
[2024-02-12T19:08:59.117+0000] {processor.py:183} INFO - Processing /home/airflow/.local/lib/python3.8/site-packages/airflow/example_dags/example_params_ui_tutorial.py took 0.092 seconds
[2024-02-12T19:09:29.205+0000] {processor.py:161} INFO - Started process (PID=4836) to work on /home/airflow/.local/lib/python3.8/site-packages/airflow/example_dags/example_params_ui_tutorial.py
[2024-02-12T19:09:29.206+0000] {processor.py:830} INFO - Processing file /home/airflow/.local/lib/python3.8/site-packages/airflow/example_dags/example_params_ui_tutorial.py for tasks to queue
[2024-02-12T19:09:29.207+0000] {logging_mixin.py:188} INFO - [2024-02-12T19:09:29.207+0000] {dagbag.py:538} INFO - Filling up the DagBag from /home/airflow/.local/lib/python3.8/site-packages/airflow/example_dags/example_params_ui_tutorial.py
[2024-02-12T19:09:29.223+0000] {processor.py:840} INFO - DAG(s) 'example_params_ui_tutorial' retrieved from /home/airflow/.local/lib/python3.8/site-packages/airflow/example_dags/example_params_ui_tutorial.py
[2024-02-12T19:09:29.306+0000] {logging_mixin.py:188} INFO - [2024-02-12T19:09:29.306+0000] {dag.py:3036} INFO - Sync 1 DAGs
[2024-02-12T19:09:29.321+0000] {logging_mixin.py:188} INFO - [2024-02-12T19:09:29.320+0000] {dag.py:3823} INFO - Setting next_dagrun for example_params_ui_tutorial to None, run_after=None
[2024-02-12T19:09:29.345+0000] {processor.py:183} INFO - Processing /home/airflow/.local/lib/python3.8/site-packages/airflow/example_dags/example_params_ui_tutorial.py took 0.143 seconds
[2024-02-12T19:09:59.444+0000] {processor.py:161} INFO - Started process (PID=5083) to work on /home/airflow/.local/lib/python3.8/site-packages/airflow/example_dags/example_params_ui_tutorial.py
[2024-02-12T19:09:59.445+0000] {processor.py:830} INFO - Processing file /home/airflow/.local/lib/python3.8/site-packages/airflow/example_dags/example_params_ui_tutorial.py for tasks to queue
[2024-02-12T19:09:59.446+0000] {logging_mixin.py:188} INFO - [2024-02-12T19:09:59.446+0000] {dagbag.py:538} INFO - Filling up the DagBag from /home/airflow/.local/lib/python3.8/site-packages/airflow/example_dags/example_params_ui_tutorial.py
[2024-02-12T19:09:59.460+0000] {processor.py:840} INFO - DAG(s) 'example_params_ui_tutorial' retrieved from /home/airflow/.local/lib/python3.8/site-packages/airflow/example_dags/example_params_ui_tutorial.py
[2024-02-12T19:09:59.540+0000] {logging_mixin.py:188} INFO - [2024-02-12T19:09:59.540+0000] {dag.py:3036} INFO - Sync 1 DAGs
[2024-02-12T19:09:59.554+0000] {logging_mixin.py:188} INFO - [2024-02-12T19:09:59.554+0000] {dag.py:3823} INFO - Setting next_dagrun for example_params_ui_tutorial to None, run_after=None
[2024-02-12T19:09:59.576+0000] {processor.py:183} INFO - Processing /home/airflow/.local/lib/python3.8/site-packages/airflow/example_dags/example_params_ui_tutorial.py took 0.135 seconds
[2024-02-12T19:10:29.902+0000] {processor.py:161} INFO - Started process (PID=5330) to work on /home/airflow/.local/lib/python3.8/site-packages/airflow/example_dags/example_params_ui_tutorial.py
[2024-02-12T19:10:29.903+0000] {processor.py:830} INFO - Processing file /home/airflow/.local/lib/python3.8/site-packages/airflow/example_dags/example_params_ui_tutorial.py for tasks to queue
[2024-02-12T19:10:29.904+0000] {logging_mixin.py:188} INFO - [2024-02-12T19:10:29.903+0000] {dagbag.py:538} INFO - Filling up the DagBag from /home/airflow/.local/lib/python3.8/site-packages/airflow/example_dags/example_params_ui_tutorial.py
[2024-02-12T19:10:29.917+0000] {processor.py:840} INFO - DAG(s) 'example_params_ui_tutorial' retrieved from /home/airflow/.local/lib/python3.8/site-packages/airflow/example_dags/example_params_ui_tutorial.py
[2024-02-12T19:10:30.004+0000] {logging_mixin.py:188} INFO - [2024-02-12T19:10:30.003+0000] {dag.py:3036} INFO - Sync 1 DAGs
[2024-02-12T19:10:30.018+0000] {logging_mixin.py:188} INFO - [2024-02-12T19:10:30.018+0000] {dag.py:3823} INFO - Setting next_dagrun for example_params_ui_tutorial to None, run_after=None
[2024-02-12T19:10:30.044+0000] {processor.py:183} INFO - Processing /home/airflow/.local/lib/python3.8/site-packages/airflow/example_dags/example_params_ui_tutorial.py took 0.145 seconds
[2024-02-12T19:11:00.656+0000] {processor.py:161} INFO - Started process (PID=5578) to work on /home/airflow/.local/lib/python3.8/site-packages/airflow/example_dags/example_params_ui_tutorial.py
[2024-02-12T19:11:00.657+0000] {processor.py:830} INFO - Processing file /home/airflow/.local/lib/python3.8/site-packages/airflow/example_dags/example_params_ui_tutorial.py for tasks to queue
[2024-02-12T19:11:00.658+0000] {logging_mixin.py:188} INFO - [2024-02-12T19:11:00.658+0000] {dagbag.py:538} INFO - Filling up the DagBag from /home/airflow/.local/lib/python3.8/site-packages/airflow/example_dags/example_params_ui_tutorial.py
[2024-02-12T19:11:00.673+0000] {processor.py:840} INFO - DAG(s) 'example_params_ui_tutorial' retrieved from /home/airflow/.local/lib/python3.8/site-packages/airflow/example_dags/example_params_ui_tutorial.py
[2024-02-12T19:11:00.755+0000] {logging_mixin.py:188} INFO - [2024-02-12T19:11:00.754+0000] {dag.py:3036} INFO - Sync 1 DAGs
[2024-02-12T19:11:00.770+0000] {logging_mixin.py:188} INFO - [2024-02-12T19:11:00.769+0000] {dag.py:3823} INFO - Setting next_dagrun for example_params_ui_tutorial to None, run_after=None
[2024-02-12T19:11:00.792+0000] {processor.py:183} INFO - Processing /home/airflow/.local/lib/python3.8/site-packages/airflow/example_dags/example_params_ui_tutorial.py took 0.139 seconds
[2024-02-12T19:11:31.164+0000] {processor.py:161} INFO - Started process (PID=5825) to work on /home/airflow/.local/lib/python3.8/site-packages/airflow/example_dags/example_params_ui_tutorial.py
[2024-02-12T19:11:31.165+0000] {processor.py:830} INFO - Processing file /home/airflow/.local/lib/python3.8/site-packages/airflow/example_dags/example_params_ui_tutorial.py for tasks to queue
[2024-02-12T19:11:31.166+0000] {logging_mixin.py:188} INFO - [2024-02-12T19:11:31.166+0000] {dagbag.py:538} INFO - Filling up the DagBag from /home/airflow/.local/lib/python3.8/site-packages/airflow/example_dags/example_params_ui_tutorial.py
[2024-02-12T19:11:31.180+0000] {processor.py:840} INFO - DAG(s) 'example_params_ui_tutorial' retrieved from /home/airflow/.local/lib/python3.8/site-packages/airflow/example_dags/example_params_ui_tutorial.py
[2024-02-12T19:11:31.265+0000] {logging_mixin.py:188} INFO - [2024-02-12T19:11:31.265+0000] {dag.py:3036} INFO - Sync 1 DAGs
[2024-02-12T19:11:31.280+0000] {logging_mixin.py:188} INFO - [2024-02-12T19:11:31.280+0000] {dag.py:3823} INFO - Setting next_dagrun for example_params_ui_tutorial to None, run_after=None
[2024-02-12T19:11:31.314+0000] {processor.py:183} INFO - Processing /home/airflow/.local/lib/python3.8/site-packages/airflow/example_dags/example_params_ui_tutorial.py took 0.152 seconds
[2024-02-12T19:12:01.641+0000] {processor.py:161} INFO - Started process (PID=6072) to work on /home/airflow/.local/lib/python3.8/site-packages/airflow/example_dags/example_params_ui_tutorial.py
[2024-02-12T19:12:01.642+0000] {processor.py:830} INFO - Processing file /home/airflow/.local/lib/python3.8/site-packages/airflow/example_dags/example_params_ui_tutorial.py for tasks to queue
[2024-02-12T19:12:01.642+0000] {logging_mixin.py:188} INFO - [2024-02-12T19:12:01.642+0000] {dagbag.py:538} INFO - Filling up the DagBag from /home/airflow/.local/lib/python3.8/site-packages/airflow/example_dags/example_params_ui_tutorial.py
[2024-02-12T19:12:01.656+0000] {processor.py:840} INFO - DAG(s) 'example_params_ui_tutorial' retrieved from /home/airflow/.local/lib/python3.8/site-packages/airflow/example_dags/example_params_ui_tutorial.py
[2024-02-12T19:12:01.739+0000] {logging_mixin.py:188} INFO - [2024-02-12T19:12:01.738+0000] {dag.py:3036} INFO - Sync 1 DAGs
[2024-02-12T19:12:01.754+0000] {logging_mixin.py:188} INFO - [2024-02-12T19:12:01.754+0000] {dag.py:3823} INFO - Setting next_dagrun for example_params_ui_tutorial to None, run_after=None
[2024-02-12T19:12:01.784+0000] {processor.py:183} INFO - Processing /home/airflow/.local/lib/python3.8/site-packages/airflow/example_dags/example_params_ui_tutorial.py took 0.147 seconds
[2024-02-12T19:12:32.541+0000] {processor.py:161} INFO - Started process (PID=6319) to work on /home/airflow/.local/lib/python3.8/site-packages/airflow/example_dags/example_params_ui_tutorial.py
[2024-02-12T19:12:32.542+0000] {processor.py:830} INFO - Processing file /home/airflow/.local/lib/python3.8/site-packages/airflow/example_dags/example_params_ui_tutorial.py for tasks to queue
[2024-02-12T19:12:32.543+0000] {logging_mixin.py:188} INFO - [2024-02-12T19:12:32.542+0000] {dagbag.py:538} INFO - Filling up the DagBag from /home/airflow/.local/lib/python3.8/site-packages/airflow/example_dags/example_params_ui_tutorial.py
[2024-02-12T19:12:32.556+0000] {processor.py:840} INFO - DAG(s) 'example_params_ui_tutorial' retrieved from /home/airflow/.local/lib/python3.8/site-packages/airflow/example_dags/example_params_ui_tutorial.py
[2024-02-12T19:12:32.640+0000] {logging_mixin.py:188} INFO - [2024-02-12T19:12:32.640+0000] {dag.py:3036} INFO - Sync 1 DAGs
[2024-02-12T19:12:32.655+0000] {logging_mixin.py:188} INFO - [2024-02-12T19:12:32.654+0000] {dag.py:3823} INFO - Setting next_dagrun for example_params_ui_tutorial to None, run_after=None
[2024-02-12T19:12:32.683+0000] {processor.py:183} INFO - Processing /home/airflow/.local/lib/python3.8/site-packages/airflow/example_dags/example_params_ui_tutorial.py took 0.146 seconds
[2024-02-12T19:13:03.056+0000] {processor.py:161} INFO - Started process (PID=6568) to work on /home/airflow/.local/lib/python3.8/site-packages/airflow/example_dags/example_params_ui_tutorial.py
[2024-02-12T19:13:03.057+0000] {processor.py:830} INFO - Processing file /home/airflow/.local/lib/python3.8/site-packages/airflow/example_dags/example_params_ui_tutorial.py for tasks to queue
[2024-02-12T19:13:03.058+0000] {logging_mixin.py:188} INFO - [2024-02-12T19:13:03.057+0000] {dagbag.py:538} INFO - Filling up the DagBag from /home/airflow/.local/lib/python3.8/site-packages/airflow/example_dags/example_params_ui_tutorial.py
[2024-02-12T19:13:03.071+0000] {processor.py:840} INFO - DAG(s) 'example_params_ui_tutorial' retrieved from /home/airflow/.local/lib/python3.8/site-packages/airflow/example_dags/example_params_ui_tutorial.py
[2024-02-12T19:13:03.163+0000] {logging_mixin.py:188} INFO - [2024-02-12T19:13:03.163+0000] {dag.py:3036} INFO - Sync 1 DAGs
[2024-02-12T19:13:03.180+0000] {logging_mixin.py:188} INFO - [2024-02-12T19:13:03.180+0000] {dag.py:3823} INFO - Setting next_dagrun for example_params_ui_tutorial to None, run_after=None
[2024-02-12T19:13:03.211+0000] {processor.py:183} INFO - Processing /home/airflow/.local/lib/python3.8/site-packages/airflow/example_dags/example_params_ui_tutorial.py took 0.157 seconds
[2024-02-12T19:13:33.366+0000] {processor.py:161} INFO - Started process (PID=6816) to work on /home/airflow/.local/lib/python3.8/site-packages/airflow/example_dags/example_params_ui_tutorial.py
[2024-02-12T19:13:33.368+0000] {processor.py:830} INFO - Processing file /home/airflow/.local/lib/python3.8/site-packages/airflow/example_dags/example_params_ui_tutorial.py for tasks to queue
[2024-02-12T19:13:33.370+0000] {logging_mixin.py:188} INFO - [2024-02-12T19:13:33.369+0000] {dagbag.py:538} INFO - Filling up the DagBag from /home/airflow/.local/lib/python3.8/site-packages/airflow/example_dags/example_params_ui_tutorial.py
[2024-02-12T19:13:33.383+0000] {processor.py:840} INFO - DAG(s) 'example_params_ui_tutorial' retrieved from /home/airflow/.local/lib/python3.8/site-packages/airflow/example_dags/example_params_ui_tutorial.py
[2024-02-12T19:13:33.467+0000] {logging_mixin.py:188} INFO - [2024-02-12T19:13:33.467+0000] {dag.py:3036} INFO - Sync 1 DAGs
[2024-02-12T19:13:33.481+0000] {logging_mixin.py:188} INFO - [2024-02-12T19:13:33.480+0000] {dag.py:3823} INFO - Setting next_dagrun for example_params_ui_tutorial to None, run_after=None
[2024-02-12T19:13:33.519+0000] {processor.py:183} INFO - Processing /home/airflow/.local/lib/python3.8/site-packages/airflow/example_dags/example_params_ui_tutorial.py took 0.156 seconds
[2024-02-12T19:14:03.682+0000] {processor.py:161} INFO - Started process (PID=7063) to work on /home/airflow/.local/lib/python3.8/site-packages/airflow/example_dags/example_params_ui_tutorial.py
[2024-02-12T19:14:03.683+0000] {processor.py:830} INFO - Processing file /home/airflow/.local/lib/python3.8/site-packages/airflow/example_dags/example_params_ui_tutorial.py for tasks to queue
[2024-02-12T19:14:03.684+0000] {logging_mixin.py:188} INFO - [2024-02-12T19:14:03.684+0000] {dagbag.py:538} INFO - Filling up the DagBag from /home/airflow/.local/lib/python3.8/site-packages/airflow/example_dags/example_params_ui_tutorial.py
[2024-02-12T19:14:03.698+0000] {processor.py:840} INFO - DAG(s) 'example_params_ui_tutorial' retrieved from /home/airflow/.local/lib/python3.8/site-packages/airflow/example_dags/example_params_ui_tutorial.py
[2024-02-12T19:14:03.778+0000] {logging_mixin.py:188} INFO - [2024-02-12T19:14:03.778+0000] {dag.py:3036} INFO - Sync 1 DAGs
[2024-02-12T19:14:03.794+0000] {logging_mixin.py:188} INFO - [2024-02-12T19:14:03.794+0000] {dag.py:3823} INFO - Setting next_dagrun for example_params_ui_tutorial to None, run_after=None
[2024-02-12T19:14:03.818+0000] {processor.py:183} INFO - Processing /home/airflow/.local/lib/python3.8/site-packages/airflow/example_dags/example_params_ui_tutorial.py took 0.139 seconds
[2024-02-12T19:14:34.178+0000] {processor.py:161} INFO - Started process (PID=7310) to work on /home/airflow/.local/lib/python3.8/site-packages/airflow/example_dags/example_params_ui_tutorial.py
[2024-02-12T19:14:34.180+0000] {processor.py:830} INFO - Processing file /home/airflow/.local/lib/python3.8/site-packages/airflow/example_dags/example_params_ui_tutorial.py for tasks to queue
[2024-02-12T19:14:34.181+0000] {logging_mixin.py:188} INFO - [2024-02-12T19:14:34.181+0000] {dagbag.py:538} INFO - Filling up the DagBag from /home/airflow/.local/lib/python3.8/site-packages/airflow/example_dags/example_params_ui_tutorial.py
[2024-02-12T19:14:34.198+0000] {processor.py:840} INFO - DAG(s) 'example_params_ui_tutorial' retrieved from /home/airflow/.local/lib/python3.8/site-packages/airflow/example_dags/example_params_ui_tutorial.py
[2024-02-12T19:14:34.286+0000] {logging_mixin.py:188} INFO - [2024-02-12T19:14:34.285+0000] {dag.py:3036} INFO - Sync 1 DAGs
[2024-02-12T19:14:34.300+0000] {logging_mixin.py:188} INFO - [2024-02-12T19:14:34.300+0000] {dag.py:3823} INFO - Setting next_dagrun for example_params_ui_tutorial to None, run_after=None
[2024-02-12T19:14:34.322+0000] {processor.py:183} INFO - Processing /home/airflow/.local/lib/python3.8/site-packages/airflow/example_dags/example_params_ui_tutorial.py took 0.147 seconds
[2024-02-12T19:15:04.974+0000] {processor.py:161} INFO - Started process (PID=7556) to work on /home/airflow/.local/lib/python3.8/site-packages/airflow/example_dags/example_params_ui_tutorial.py
[2024-02-12T19:15:04.975+0000] {processor.py:830} INFO - Processing file /home/airflow/.local/lib/python3.8/site-packages/airflow/example_dags/example_params_ui_tutorial.py for tasks to queue
[2024-02-12T19:15:04.976+0000] {logging_mixin.py:188} INFO - [2024-02-12T19:15:04.975+0000] {dagbag.py:538} INFO - Filling up the DagBag from /home/airflow/.local/lib/python3.8/site-packages/airflow/example_dags/example_params_ui_tutorial.py
[2024-02-12T19:15:04.989+0000] {processor.py:840} INFO - DAG(s) 'example_params_ui_tutorial' retrieved from /home/airflow/.local/lib/python3.8/site-packages/airflow/example_dags/example_params_ui_tutorial.py
[2024-02-12T19:15:05.071+0000] {logging_mixin.py:188} INFO - [2024-02-12T19:15:05.071+0000] {dag.py:3036} INFO - Sync 1 DAGs
[2024-02-12T19:15:05.086+0000] {logging_mixin.py:188} INFO - [2024-02-12T19:15:05.086+0000] {dag.py:3823} INFO - Setting next_dagrun for example_params_ui_tutorial to None, run_after=None
[2024-02-12T19:15:05.109+0000] {processor.py:183} INFO - Processing /home/airflow/.local/lib/python3.8/site-packages/airflow/example_dags/example_params_ui_tutorial.py took 0.139 seconds
[2024-02-12T19:15:35.244+0000] {processor.py:161} INFO - Started process (PID=7803) to work on /home/airflow/.local/lib/python3.8/site-packages/airflow/example_dags/example_params_ui_tutorial.py
[2024-02-12T19:15:35.245+0000] {processor.py:830} INFO - Processing file /home/airflow/.local/lib/python3.8/site-packages/airflow/example_dags/example_params_ui_tutorial.py for tasks to queue
[2024-02-12T19:15:35.248+0000] {logging_mixin.py:188} INFO - [2024-02-12T19:15:35.248+0000] {dagbag.py:538} INFO - Filling up the DagBag from /home/airflow/.local/lib/python3.8/site-packages/airflow/example_dags/example_params_ui_tutorial.py
[2024-02-12T19:15:35.264+0000] {processor.py:840} INFO - DAG(s) 'example_params_ui_tutorial' retrieved from /home/airflow/.local/lib/python3.8/site-packages/airflow/example_dags/example_params_ui_tutorial.py
[2024-02-12T19:15:35.350+0000] {logging_mixin.py:188} INFO - [2024-02-12T19:15:35.349+0000] {dag.py:3036} INFO - Sync 1 DAGs
[2024-02-12T19:15:35.373+0000] {logging_mixin.py:188} INFO - [2024-02-12T19:15:35.373+0000] {dag.py:3823} INFO - Setting next_dagrun for example_params_ui_tutorial to None, run_after=None
[2024-02-12T19:15:35.425+0000] {processor.py:183} INFO - Processing /home/airflow/.local/lib/python3.8/site-packages/airflow/example_dags/example_params_ui_tutorial.py took 0.184 seconds
[2024-02-12T19:16:05.754+0000] {processor.py:161} INFO - Started process (PID=8051) to work on /home/airflow/.local/lib/python3.8/site-packages/airflow/example_dags/example_params_ui_tutorial.py
[2024-02-12T19:16:05.756+0000] {processor.py:830} INFO - Processing file /home/airflow/.local/lib/python3.8/site-packages/airflow/example_dags/example_params_ui_tutorial.py for tasks to queue
[2024-02-12T19:16:05.757+0000] {logging_mixin.py:188} INFO - [2024-02-12T19:16:05.756+0000] {dagbag.py:538} INFO - Filling up the DagBag from /home/airflow/.local/lib/python3.8/site-packages/airflow/example_dags/example_params_ui_tutorial.py
[2024-02-12T19:16:05.773+0000] {processor.py:840} INFO - DAG(s) 'example_params_ui_tutorial' retrieved from /home/airflow/.local/lib/python3.8/site-packages/airflow/example_dags/example_params_ui_tutorial.py
[2024-02-12T19:16:05.857+0000] {logging_mixin.py:188} INFO - [2024-02-12T19:16:05.857+0000] {dag.py:3036} INFO - Sync 1 DAGs
[2024-02-12T19:16:05.871+0000] {logging_mixin.py:188} INFO - [2024-02-12T19:16:05.871+0000] {dag.py:3823} INFO - Setting next_dagrun for example_params_ui_tutorial to None, run_after=None
[2024-02-12T19:16:05.901+0000] {processor.py:183} INFO - Processing /home/airflow/.local/lib/python3.8/site-packages/airflow/example_dags/example_params_ui_tutorial.py took 0.150 seconds
[2024-02-12T19:16:36.094+0000] {processor.py:161} INFO - Started process (PID=8299) to work on /home/airflow/.local/lib/python3.8/site-packages/airflow/example_dags/example_params_ui_tutorial.py
[2024-02-12T19:16:36.096+0000] {processor.py:830} INFO - Processing file /home/airflow/.local/lib/python3.8/site-packages/airflow/example_dags/example_params_ui_tutorial.py for tasks to queue
[2024-02-12T19:16:36.097+0000] {logging_mixin.py:188} INFO - [2024-02-12T19:16:36.096+0000] {dagbag.py:538} INFO - Filling up the DagBag from /home/airflow/.local/lib/python3.8/site-packages/airflow/example_dags/example_params_ui_tutorial.py
[2024-02-12T19:16:36.112+0000] {processor.py:840} INFO - DAG(s) 'example_params_ui_tutorial' retrieved from /home/airflow/.local/lib/python3.8/site-packages/airflow/example_dags/example_params_ui_tutorial.py
[2024-02-12T19:16:36.196+0000] {logging_mixin.py:188} INFO - [2024-02-12T19:16:36.196+0000] {dag.py:3036} INFO - Sync 1 DAGs
[2024-02-12T19:16:36.211+0000] {logging_mixin.py:188} INFO - [2024-02-12T19:16:36.210+0000] {dag.py:3823} INFO - Setting next_dagrun for example_params_ui_tutorial to None, run_after=None
[2024-02-12T19:16:36.246+0000] {processor.py:183} INFO - Processing /home/airflow/.local/lib/python3.8/site-packages/airflow/example_dags/example_params_ui_tutorial.py took 0.155 seconds
[2024-02-12T19:17:06.611+0000] {processor.py:161} INFO - Started process (PID=8546) to work on /home/airflow/.local/lib/python3.8/site-packages/airflow/example_dags/example_params_ui_tutorial.py
[2024-02-12T19:17:06.612+0000] {processor.py:830} INFO - Processing file /home/airflow/.local/lib/python3.8/site-packages/airflow/example_dags/example_params_ui_tutorial.py for tasks to queue
[2024-02-12T19:17:06.612+0000] {logging_mixin.py:188} INFO - [2024-02-12T19:17:06.612+0000] {dagbag.py:538} INFO - Filling up the DagBag from /home/airflow/.local/lib/python3.8/site-packages/airflow/example_dags/example_params_ui_tutorial.py
[2024-02-12T19:17:06.627+0000] {processor.py:840} INFO - DAG(s) 'example_params_ui_tutorial' retrieved from /home/airflow/.local/lib/python3.8/site-packages/airflow/example_dags/example_params_ui_tutorial.py
[2024-02-12T19:17:06.706+0000] {logging_mixin.py:188} INFO - [2024-02-12T19:17:06.705+0000] {dag.py:3036} INFO - Sync 1 DAGs
[2024-02-12T19:17:06.728+0000] {logging_mixin.py:188} INFO - [2024-02-12T19:17:06.728+0000] {dag.py:3823} INFO - Setting next_dagrun for example_params_ui_tutorial to None, run_after=None
[2024-02-12T19:17:06.770+0000] {processor.py:183} INFO - Processing /home/airflow/.local/lib/python3.8/site-packages/airflow/example_dags/example_params_ui_tutorial.py took 0.163 seconds
[2024-02-12T19:17:37.093+0000] {processor.py:161} INFO - Started process (PID=8793) to work on /home/airflow/.local/lib/python3.8/site-packages/airflow/example_dags/example_params_ui_tutorial.py
[2024-02-12T19:17:37.094+0000] {processor.py:830} INFO - Processing file /home/airflow/.local/lib/python3.8/site-packages/airflow/example_dags/example_params_ui_tutorial.py for tasks to queue
[2024-02-12T19:17:37.095+0000] {logging_mixin.py:188} INFO - [2024-02-12T19:17:37.095+0000] {dagbag.py:538} INFO - Filling up the DagBag from /home/airflow/.local/lib/python3.8/site-packages/airflow/example_dags/example_params_ui_tutorial.py
[2024-02-12T19:17:37.108+0000] {processor.py:840} INFO - DAG(s) 'example_params_ui_tutorial' retrieved from /home/airflow/.local/lib/python3.8/site-packages/airflow/example_dags/example_params_ui_tutorial.py
[2024-02-12T19:17:37.193+0000] {logging_mixin.py:188} INFO - [2024-02-12T19:17:37.193+0000] {dag.py:3036} INFO - Sync 1 DAGs
[2024-02-12T19:17:37.209+0000] {logging_mixin.py:188} INFO - [2024-02-12T19:17:37.209+0000] {dag.py:3823} INFO - Setting next_dagrun for example_params_ui_tutorial to None, run_after=None
[2024-02-12T19:17:37.234+0000] {processor.py:183} INFO - Processing /home/airflow/.local/lib/python3.8/site-packages/airflow/example_dags/example_params_ui_tutorial.py took 0.144 seconds
[2024-02-12T19:18:07.354+0000] {processor.py:161} INFO - Started process (PID=9040) to work on /home/airflow/.local/lib/python3.8/site-packages/airflow/example_dags/example_params_ui_tutorial.py
[2024-02-12T19:18:07.355+0000] {processor.py:830} INFO - Processing file /home/airflow/.local/lib/python3.8/site-packages/airflow/example_dags/example_params_ui_tutorial.py for tasks to queue
[2024-02-12T19:18:07.356+0000] {logging_mixin.py:188} INFO - [2024-02-12T19:18:07.355+0000] {dagbag.py:538} INFO - Filling up the DagBag from /home/airflow/.local/lib/python3.8/site-packages/airflow/example_dags/example_params_ui_tutorial.py
[2024-02-12T19:18:07.370+0000] {processor.py:840} INFO - DAG(s) 'example_params_ui_tutorial' retrieved from /home/airflow/.local/lib/python3.8/site-packages/airflow/example_dags/example_params_ui_tutorial.py
[2024-02-12T19:18:07.451+0000] {logging_mixin.py:188} INFO - [2024-02-12T19:18:07.451+0000] {dag.py:3036} INFO - Sync 1 DAGs
[2024-02-12T19:18:07.465+0000] {logging_mixin.py:188} INFO - [2024-02-12T19:18:07.465+0000] {dag.py:3823} INFO - Setting next_dagrun for example_params_ui_tutorial to None, run_after=None
[2024-02-12T19:18:07.493+0000] {processor.py:183} INFO - Processing /home/airflow/.local/lib/python3.8/site-packages/airflow/example_dags/example_params_ui_tutorial.py took 0.142 seconds
[2024-02-12T19:18:37.932+0000] {processor.py:161} INFO - Started process (PID=9287) to work on /home/airflow/.local/lib/python3.8/site-packages/airflow/example_dags/example_params_ui_tutorial.py
[2024-02-12T19:18:37.933+0000] {processor.py:830} INFO - Processing file /home/airflow/.local/lib/python3.8/site-packages/airflow/example_dags/example_params_ui_tutorial.py for tasks to queue
[2024-02-12T19:18:37.934+0000] {logging_mixin.py:188} INFO - [2024-02-12T19:18:37.934+0000] {dagbag.py:538} INFO - Filling up the DagBag from /home/airflow/.local/lib/python3.8/site-packages/airflow/example_dags/example_params_ui_tutorial.py
[2024-02-12T19:18:37.948+0000] {processor.py:840} INFO - DAG(s) 'example_params_ui_tutorial' retrieved from /home/airflow/.local/lib/python3.8/site-packages/airflow/example_dags/example_params_ui_tutorial.py
[2024-02-12T19:18:38.040+0000] {logging_mixin.py:188} INFO - [2024-02-12T19:18:38.040+0000] {dag.py:3036} INFO - Sync 1 DAGs
[2024-02-12T19:18:38.054+0000] {logging_mixin.py:188} INFO - [2024-02-12T19:18:38.054+0000] {dag.py:3823} INFO - Setting next_dagrun for example_params_ui_tutorial to None, run_after=None
[2024-02-12T19:18:38.078+0000] {processor.py:183} INFO - Processing /home/airflow/.local/lib/python3.8/site-packages/airflow/example_dags/example_params_ui_tutorial.py took 0.150 seconds
[2024-02-12T19:19:08.235+0000] {processor.py:161} INFO - Started process (PID=9535) to work on /home/airflow/.local/lib/python3.8/site-packages/airflow/example_dags/example_params_ui_tutorial.py
[2024-02-12T19:19:08.236+0000] {processor.py:830} INFO - Processing file /home/airflow/.local/lib/python3.8/site-packages/airflow/example_dags/example_params_ui_tutorial.py for tasks to queue
[2024-02-12T19:19:08.237+0000] {logging_mixin.py:188} INFO - [2024-02-12T19:19:08.237+0000] {dagbag.py:538} INFO - Filling up the DagBag from /home/airflow/.local/lib/python3.8/site-packages/airflow/example_dags/example_params_ui_tutorial.py
[2024-02-12T19:19:08.251+0000] {processor.py:840} INFO - DAG(s) 'example_params_ui_tutorial' retrieved from /home/airflow/.local/lib/python3.8/site-packages/airflow/example_dags/example_params_ui_tutorial.py
[2024-02-12T19:19:08.365+0000] {logging_mixin.py:188} INFO - [2024-02-12T19:19:08.365+0000] {dag.py:3036} INFO - Sync 1 DAGs
[2024-02-12T19:19:08.379+0000] {logging_mixin.py:188} INFO - [2024-02-12T19:19:08.379+0000] {dag.py:3823} INFO - Setting next_dagrun for example_params_ui_tutorial to None, run_after=None
[2024-02-12T19:19:08.406+0000] {processor.py:183} INFO - Processing /home/airflow/.local/lib/python3.8/site-packages/airflow/example_dags/example_params_ui_tutorial.py took 0.175 seconds
[2024-02-12T19:19:38.527+0000] {processor.py:161} INFO - Started process (PID=9782) to work on /home/airflow/.local/lib/python3.8/site-packages/airflow/example_dags/example_params_ui_tutorial.py
[2024-02-12T19:19:38.528+0000] {processor.py:830} INFO - Processing file /home/airflow/.local/lib/python3.8/site-packages/airflow/example_dags/example_params_ui_tutorial.py for tasks to queue
[2024-02-12T19:19:38.529+0000] {logging_mixin.py:188} INFO - [2024-02-12T19:19:38.528+0000] {dagbag.py:538} INFO - Filling up the DagBag from /home/airflow/.local/lib/python3.8/site-packages/airflow/example_dags/example_params_ui_tutorial.py
[2024-02-12T19:19:38.545+0000] {processor.py:840} INFO - DAG(s) 'example_params_ui_tutorial' retrieved from /home/airflow/.local/lib/python3.8/site-packages/airflow/example_dags/example_params_ui_tutorial.py
[2024-02-12T19:19:38.625+0000] {logging_mixin.py:188} INFO - [2024-02-12T19:19:38.624+0000] {dag.py:3036} INFO - Sync 1 DAGs
[2024-02-12T19:19:38.638+0000] {logging_mixin.py:188} INFO - [2024-02-12T19:19:38.638+0000] {dag.py:3823} INFO - Setting next_dagrun for example_params_ui_tutorial to None, run_after=None
[2024-02-12T19:19:38.673+0000] {processor.py:183} INFO - Processing /home/airflow/.local/lib/python3.8/site-packages/airflow/example_dags/example_params_ui_tutorial.py took 0.149 seconds
[2024-02-12T19:20:09.379+0000] {processor.py:161} INFO - Started process (PID=10029) to work on /home/airflow/.local/lib/python3.8/site-packages/airflow/example_dags/example_params_ui_tutorial.py
[2024-02-12T19:20:09.380+0000] {processor.py:830} INFO - Processing file /home/airflow/.local/lib/python3.8/site-packages/airflow/example_dags/example_params_ui_tutorial.py for tasks to queue
[2024-02-12T19:20:09.381+0000] {logging_mixin.py:188} INFO - [2024-02-12T19:20:09.381+0000] {dagbag.py:538} INFO - Filling up the DagBag from /home/airflow/.local/lib/python3.8/site-packages/airflow/example_dags/example_params_ui_tutorial.py
[2024-02-12T19:20:09.397+0000] {processor.py:840} INFO - DAG(s) 'example_params_ui_tutorial' retrieved from /home/airflow/.local/lib/python3.8/site-packages/airflow/example_dags/example_params_ui_tutorial.py
[2024-02-12T19:20:09.476+0000] {logging_mixin.py:188} INFO - [2024-02-12T19:20:09.476+0000] {dag.py:3036} INFO - Sync 1 DAGs
[2024-02-12T19:20:09.501+0000] {logging_mixin.py:188} INFO - [2024-02-12T19:20:09.501+0000] {dag.py:3823} INFO - Setting next_dagrun for example_params_ui_tutorial to None, run_after=None
[2024-02-12T19:20:09.528+0000] {processor.py:183} INFO - Processing /home/airflow/.local/lib/python3.8/site-packages/airflow/example_dags/example_params_ui_tutorial.py took 0.152 seconds
[2024-02-12T19:20:39.669+0000] {processor.py:161} INFO - Started process (PID=10277) to work on /home/airflow/.local/lib/python3.8/site-packages/airflow/example_dags/example_params_ui_tutorial.py
[2024-02-12T19:20:39.670+0000] {processor.py:830} INFO - Processing file /home/airflow/.local/lib/python3.8/site-packages/airflow/example_dags/example_params_ui_tutorial.py for tasks to queue
[2024-02-12T19:20:39.671+0000] {logging_mixin.py:188} INFO - [2024-02-12T19:20:39.671+0000] {dagbag.py:538} INFO - Filling up the DagBag from /home/airflow/.local/lib/python3.8/site-packages/airflow/example_dags/example_params_ui_tutorial.py
[2024-02-12T19:20:39.685+0000] {processor.py:840} INFO - DAG(s) 'example_params_ui_tutorial' retrieved from /home/airflow/.local/lib/python3.8/site-packages/airflow/example_dags/example_params_ui_tutorial.py
[2024-02-12T19:20:39.766+0000] {logging_mixin.py:188} INFO - [2024-02-12T19:20:39.765+0000] {dag.py:3036} INFO - Sync 1 DAGs
[2024-02-12T19:20:39.781+0000] {logging_mixin.py:188} INFO - [2024-02-12T19:20:39.780+0000] {dag.py:3823} INFO - Setting next_dagrun for example_params_ui_tutorial to None, run_after=None
[2024-02-12T19:20:39.805+0000] {processor.py:183} INFO - Processing /home/airflow/.local/lib/python3.8/site-packages/airflow/example_dags/example_params_ui_tutorial.py took 0.139 seconds
[2024-02-12T19:21:10.331+0000] {processor.py:161} INFO - Started process (PID=10525) to work on /home/airflow/.local/lib/python3.8/site-packages/airflow/example_dags/example_params_ui_tutorial.py
[2024-02-12T19:21:10.332+0000] {processor.py:830} INFO - Processing file /home/airflow/.local/lib/python3.8/site-packages/airflow/example_dags/example_params_ui_tutorial.py for tasks to queue
[2024-02-12T19:21:10.333+0000] {logging_mixin.py:188} INFO - [2024-02-12T19:21:10.333+0000] {dagbag.py:538} INFO - Filling up the DagBag from /home/airflow/.local/lib/python3.8/site-packages/airflow/example_dags/example_params_ui_tutorial.py
[2024-02-12T19:21:10.347+0000] {processor.py:840} INFO - DAG(s) 'example_params_ui_tutorial' retrieved from /home/airflow/.local/lib/python3.8/site-packages/airflow/example_dags/example_params_ui_tutorial.py
[2024-02-12T19:21:10.508+0000] {logging_mixin.py:188} INFO - [2024-02-12T19:21:10.508+0000] {dag.py:3036} INFO - Sync 1 DAGs
[2024-02-12T19:21:10.525+0000] {logging_mixin.py:188} INFO - [2024-02-12T19:21:10.525+0000] {dag.py:3823} INFO - Setting next_dagrun for example_params_ui_tutorial to None, run_after=None
[2024-02-12T19:21:10.564+0000] {processor.py:183} INFO - Processing /home/airflow/.local/lib/python3.8/site-packages/airflow/example_dags/example_params_ui_tutorial.py took 0.236 seconds
[2024-02-12T19:21:40.806+0000] {processor.py:161} INFO - Started process (PID=10773) to work on /home/airflow/.local/lib/python3.8/site-packages/airflow/example_dags/example_params_ui_tutorial.py
[2024-02-12T19:21:40.807+0000] {processor.py:830} INFO - Processing file /home/airflow/.local/lib/python3.8/site-packages/airflow/example_dags/example_params_ui_tutorial.py for tasks to queue
[2024-02-12T19:21:40.808+0000] {logging_mixin.py:188} INFO - [2024-02-12T19:21:40.808+0000] {dagbag.py:538} INFO - Filling up the DagBag from /home/airflow/.local/lib/python3.8/site-packages/airflow/example_dags/example_params_ui_tutorial.py
[2024-02-12T19:21:40.821+0000] {processor.py:840} INFO - DAG(s) 'example_params_ui_tutorial' retrieved from /home/airflow/.local/lib/python3.8/site-packages/airflow/example_dags/example_params_ui_tutorial.py
[2024-02-12T19:21:40.922+0000] {logging_mixin.py:188} INFO - [2024-02-12T19:21:40.921+0000] {dag.py:3036} INFO - Sync 1 DAGs
[2024-02-12T19:21:40.936+0000] {logging_mixin.py:188} INFO - [2024-02-12T19:21:40.936+0000] {dag.py:3823} INFO - Setting next_dagrun for example_params_ui_tutorial to None, run_after=None
[2024-02-12T19:21:40.957+0000] {processor.py:183} INFO - Processing /home/airflow/.local/lib/python3.8/site-packages/airflow/example_dags/example_params_ui_tutorial.py took 0.155 seconds
[2024-02-12T19:22:11.221+0000] {processor.py:161} INFO - Started process (PID=11020) to work on /home/airflow/.local/lib/python3.8/site-packages/airflow/example_dags/example_params_ui_tutorial.py
[2024-02-12T19:22:11.222+0000] {processor.py:830} INFO - Processing file /home/airflow/.local/lib/python3.8/site-packages/airflow/example_dags/example_params_ui_tutorial.py for tasks to queue
[2024-02-12T19:22:11.223+0000] {logging_mixin.py:188} INFO - [2024-02-12T19:22:11.222+0000] {dagbag.py:538} INFO - Filling up the DagBag from /home/airflow/.local/lib/python3.8/site-packages/airflow/example_dags/example_params_ui_tutorial.py
[2024-02-12T19:22:11.236+0000] {processor.py:840} INFO - DAG(s) 'example_params_ui_tutorial' retrieved from /home/airflow/.local/lib/python3.8/site-packages/airflow/example_dags/example_params_ui_tutorial.py
[2024-02-12T19:22:11.354+0000] {logging_mixin.py:188} INFO - [2024-02-12T19:22:11.354+0000] {dag.py:3036} INFO - Sync 1 DAGs
[2024-02-12T19:22:11.377+0000] {logging_mixin.py:188} INFO - [2024-02-12T19:22:11.377+0000] {dag.py:3823} INFO - Setting next_dagrun for example_params_ui_tutorial to None, run_after=None
[2024-02-12T19:22:11.401+0000] {processor.py:183} INFO - Processing /home/airflow/.local/lib/python3.8/site-packages/airflow/example_dags/example_params_ui_tutorial.py took 0.184 seconds
[2024-02-12T19:22:42.213+0000] {processor.py:161} INFO - Started process (PID=11267) to work on /home/airflow/.local/lib/python3.8/site-packages/airflow/example_dags/example_params_ui_tutorial.py
[2024-02-12T19:22:42.214+0000] {processor.py:830} INFO - Processing file /home/airflow/.local/lib/python3.8/site-packages/airflow/example_dags/example_params_ui_tutorial.py for tasks to queue
[2024-02-12T19:22:42.215+0000] {logging_mixin.py:188} INFO - [2024-02-12T19:22:42.214+0000] {dagbag.py:538} INFO - Filling up the DagBag from /home/airflow/.local/lib/python3.8/site-packages/airflow/example_dags/example_params_ui_tutorial.py
[2024-02-12T19:22:42.229+0000] {processor.py:840} INFO - DAG(s) 'example_params_ui_tutorial' retrieved from /home/airflow/.local/lib/python3.8/site-packages/airflow/example_dags/example_params_ui_tutorial.py
[2024-02-12T19:22:42.401+0000] {logging_mixin.py:188} INFO - [2024-02-12T19:22:42.400+0000] {dag.py:3036} INFO - Sync 1 DAGs
[2024-02-12T19:22:42.437+0000] {logging_mixin.py:188} INFO - [2024-02-12T19:22:42.436+0000] {dag.py:3823} INFO - Setting next_dagrun for example_params_ui_tutorial to None, run_after=None
[2024-02-12T19:22:42.463+0000] {processor.py:183} INFO - Processing /home/airflow/.local/lib/python3.8/site-packages/airflow/example_dags/example_params_ui_tutorial.py took 0.254 seconds
[2024-02-12T19:23:12.822+0000] {processor.py:161} INFO - Started process (PID=11514) to work on /home/airflow/.local/lib/python3.8/site-packages/airflow/example_dags/example_params_ui_tutorial.py
[2024-02-12T19:23:12.867+0000] {processor.py:830} INFO - Processing file /home/airflow/.local/lib/python3.8/site-packages/airflow/example_dags/example_params_ui_tutorial.py for tasks to queue
[2024-02-12T19:23:12.869+0000] {logging_mixin.py:188} INFO - [2024-02-12T19:23:12.869+0000] {dagbag.py:538} INFO - Filling up the DagBag from /home/airflow/.local/lib/python3.8/site-packages/airflow/example_dags/example_params_ui_tutorial.py
[2024-02-12T19:23:12.904+0000] {processor.py:840} INFO - DAG(s) 'example_params_ui_tutorial' retrieved from /home/airflow/.local/lib/python3.8/site-packages/airflow/example_dags/example_params_ui_tutorial.py
[2024-02-12T19:23:13.131+0000] {logging_mixin.py:188} INFO - [2024-02-12T19:23:13.131+0000] {dag.py:3036} INFO - Sync 1 DAGs
[2024-02-12T19:23:13.187+0000] {logging_mixin.py:188} INFO - [2024-02-12T19:23:13.182+0000] {dag.py:3823} INFO - Setting next_dagrun for example_params_ui_tutorial to None, run_after=None
[2024-02-12T19:23:13.239+0000] {processor.py:183} INFO - Processing /home/airflow/.local/lib/python3.8/site-packages/airflow/example_dags/example_params_ui_tutorial.py took 0.427 seconds
[2024-02-12T19:23:44.107+0000] {processor.py:161} INFO - Started process (PID=11761) to work on /home/airflow/.local/lib/python3.8/site-packages/airflow/example_dags/example_params_ui_tutorial.py
[2024-02-12T19:23:44.108+0000] {processor.py:830} INFO - Processing file /home/airflow/.local/lib/python3.8/site-packages/airflow/example_dags/example_params_ui_tutorial.py for tasks to queue
[2024-02-12T19:23:44.109+0000] {logging_mixin.py:188} INFO - [2024-02-12T19:23:44.109+0000] {dagbag.py:538} INFO - Filling up the DagBag from /home/airflow/.local/lib/python3.8/site-packages/airflow/example_dags/example_params_ui_tutorial.py
[2024-02-12T19:23:44.122+0000] {processor.py:840} INFO - DAG(s) 'example_params_ui_tutorial' retrieved from /home/airflow/.local/lib/python3.8/site-packages/airflow/example_dags/example_params_ui_tutorial.py
[2024-02-12T19:23:44.205+0000] {logging_mixin.py:188} INFO - [2024-02-12T19:23:44.205+0000] {dag.py:3036} INFO - Sync 1 DAGs
[2024-02-12T19:23:44.219+0000] {logging_mixin.py:188} INFO - [2024-02-12T19:23:44.218+0000] {dag.py:3823} INFO - Setting next_dagrun for example_params_ui_tutorial to None, run_after=None
[2024-02-12T19:23:44.241+0000] {processor.py:183} INFO - Processing /home/airflow/.local/lib/python3.8/site-packages/airflow/example_dags/example_params_ui_tutorial.py took 0.137 seconds
[2024-02-12T19:24:14.771+0000] {processor.py:161} INFO - Started process (PID=12008) to work on /home/airflow/.local/lib/python3.8/site-packages/airflow/example_dags/example_params_ui_tutorial.py
[2024-02-12T19:24:14.772+0000] {processor.py:830} INFO - Processing file /home/airflow/.local/lib/python3.8/site-packages/airflow/example_dags/example_params_ui_tutorial.py for tasks to queue
[2024-02-12T19:24:14.773+0000] {logging_mixin.py:188} INFO - [2024-02-12T19:24:14.773+0000] {dagbag.py:538} INFO - Filling up the DagBag from /home/airflow/.local/lib/python3.8/site-packages/airflow/example_dags/example_params_ui_tutorial.py
[2024-02-12T19:24:14.787+0000] {processor.py:840} INFO - DAG(s) 'example_params_ui_tutorial' retrieved from /home/airflow/.local/lib/python3.8/site-packages/airflow/example_dags/example_params_ui_tutorial.py
[2024-02-12T19:24:14.867+0000] {logging_mixin.py:188} INFO - [2024-02-12T19:24:14.867+0000] {dag.py:3036} INFO - Sync 1 DAGs
[2024-02-12T19:24:14.886+0000] {logging_mixin.py:188} INFO - [2024-02-12T19:24:14.886+0000] {dag.py:3823} INFO - Setting next_dagrun for example_params_ui_tutorial to None, run_after=None
[2024-02-12T19:24:14.913+0000] {processor.py:183} INFO - Processing /home/airflow/.local/lib/python3.8/site-packages/airflow/example_dags/example_params_ui_tutorial.py took 0.145 seconds
[2024-02-12T19:24:45.833+0000] {processor.py:161} INFO - Started process (PID=12255) to work on /home/airflow/.local/lib/python3.8/site-packages/airflow/example_dags/example_params_ui_tutorial.py
[2024-02-12T19:24:45.835+0000] {processor.py:830} INFO - Processing file /home/airflow/.local/lib/python3.8/site-packages/airflow/example_dags/example_params_ui_tutorial.py for tasks to queue
[2024-02-12T19:24:45.836+0000] {logging_mixin.py:188} INFO - [2024-02-12T19:24:45.836+0000] {dagbag.py:538} INFO - Filling up the DagBag from /home/airflow/.local/lib/python3.8/site-packages/airflow/example_dags/example_params_ui_tutorial.py
[2024-02-12T19:24:45.866+0000] {processor.py:840} INFO - DAG(s) 'example_params_ui_tutorial' retrieved from /home/airflow/.local/lib/python3.8/site-packages/airflow/example_dags/example_params_ui_tutorial.py
[2024-02-12T19:24:45.984+0000] {logging_mixin.py:188} INFO - [2024-02-12T19:24:45.984+0000] {dag.py:3036} INFO - Sync 1 DAGs
[2024-02-12T19:24:46.001+0000] {logging_mixin.py:188} INFO - [2024-02-12T19:24:46.001+0000] {dag.py:3823} INFO - Setting next_dagrun for example_params_ui_tutorial to None, run_after=None
[2024-02-12T19:24:46.031+0000] {processor.py:183} INFO - Processing /home/airflow/.local/lib/python3.8/site-packages/airflow/example_dags/example_params_ui_tutorial.py took 0.201 seconds
[2024-02-12T19:25:16.618+0000] {processor.py:161} INFO - Started process (PID=12503) to work on /home/airflow/.local/lib/python3.8/site-packages/airflow/example_dags/example_params_ui_tutorial.py
[2024-02-12T19:25:16.621+0000] {processor.py:830} INFO - Processing file /home/airflow/.local/lib/python3.8/site-packages/airflow/example_dags/example_params_ui_tutorial.py for tasks to queue
[2024-02-12T19:25:16.626+0000] {logging_mixin.py:188} INFO - [2024-02-12T19:25:16.623+0000] {dagbag.py:538} INFO - Filling up the DagBag from /home/airflow/.local/lib/python3.8/site-packages/airflow/example_dags/example_params_ui_tutorial.py
[2024-02-12T19:25:16.798+0000] {processor.py:840} INFO - DAG(s) 'example_params_ui_tutorial' retrieved from /home/airflow/.local/lib/python3.8/site-packages/airflow/example_dags/example_params_ui_tutorial.py
[2024-02-12T19:25:16.878+0000] {logging_mixin.py:188} INFO - [2024-02-12T19:25:16.877+0000] {dag.py:3036} INFO - Sync 1 DAGs
[2024-02-12T19:25:16.925+0000] {logging_mixin.py:188} INFO - [2024-02-12T19:25:16.924+0000] {dag.py:3823} INFO - Setting next_dagrun for example_params_ui_tutorial to None, run_after=None
[2024-02-12T19:25:17.033+0000] {processor.py:183} INFO - Processing /home/airflow/.local/lib/python3.8/site-packages/airflow/example_dags/example_params_ui_tutorial.py took 0.425 seconds
[2024-02-12T19:25:47.177+0000] {processor.py:161} INFO - Started process (PID=12749) to work on /home/airflow/.local/lib/python3.8/site-packages/airflow/example_dags/example_params_ui_tutorial.py
[2024-02-12T19:25:47.178+0000] {processor.py:830} INFO - Processing file /home/airflow/.local/lib/python3.8/site-packages/airflow/example_dags/example_params_ui_tutorial.py for tasks to queue
[2024-02-12T19:25:47.178+0000] {logging_mixin.py:188} INFO - [2024-02-12T19:25:47.178+0000] {dagbag.py:538} INFO - Filling up the DagBag from /home/airflow/.local/lib/python3.8/site-packages/airflow/example_dags/example_params_ui_tutorial.py
[2024-02-12T19:25:47.193+0000] {processor.py:840} INFO - DAG(s) 'example_params_ui_tutorial' retrieved from /home/airflow/.local/lib/python3.8/site-packages/airflow/example_dags/example_params_ui_tutorial.py
[2024-02-12T19:25:47.509+0000] {logging_mixin.py:188} INFO - [2024-02-12T19:25:47.509+0000] {dag.py:3036} INFO - Sync 1 DAGs
[2024-02-12T19:25:47.670+0000] {logging_mixin.py:188} INFO - [2024-02-12T19:25:47.670+0000] {dag.py:3823} INFO - Setting next_dagrun for example_params_ui_tutorial to None, run_after=None
[2024-02-12T19:25:47.696+0000] {processor.py:183} INFO - Processing /home/airflow/.local/lib/python3.8/site-packages/airflow/example_dags/example_params_ui_tutorial.py took 0.522 seconds
