[2024-02-12T19:00:09.228+0000] {processor.py:161} INFO - Started process (PID=225) to work on /home/airflow/.local/lib/python3.8/site-packages/airflow/example_dags/example_task_group.py
[2024-02-12T19:00:09.236+0000] {processor.py:830} INFO - Processing file /home/airflow/.local/lib/python3.8/site-packages/airflow/example_dags/example_task_group.py for tasks to queue
[2024-02-12T19:00:09.237+0000] {logging_mixin.py:188} INFO - [2024-02-12T19:00:09.237+0000] {dagbag.py:538} INFO - Filling up the DagBag from /home/airflow/.local/lib/python3.8/site-packages/airflow/example_dags/example_task_group.py
[2024-02-12T19:00:09.261+0000] {processor.py:840} INFO - DAG(s) 'example_task_group' retrieved from /home/airflow/.local/lib/python3.8/site-packages/airflow/example_dags/example_task_group.py
[2024-02-12T19:00:09.528+0000] {logging_mixin.py:188} INFO - [2024-02-12T19:00:09.528+0000] {dag.py:3036} INFO - Sync 1 DAGs
[2024-02-12T19:00:09.603+0000] {logging_mixin.py:188} INFO - [2024-02-12T19:00:09.602+0000] {dag.py:3823} INFO - Setting next_dagrun for example_task_group to 2024-02-11 00:00:00+00:00, run_after=2024-02-12 00:00:00+00:00
[2024-02-12T19:00:09.658+0000] {processor.py:183} INFO - Processing /home/airflow/.local/lib/python3.8/site-packages/airflow/example_dags/example_task_group.py took 0.433 seconds
[2024-02-12T19:00:40.596+0000] {processor.py:161} INFO - Started process (PID=474) to work on /home/airflow/.local/lib/python3.8/site-packages/airflow/example_dags/example_task_group.py
[2024-02-12T19:00:40.597+0000] {processor.py:830} INFO - Processing file /home/airflow/.local/lib/python3.8/site-packages/airflow/example_dags/example_task_group.py for tasks to queue
[2024-02-12T19:00:40.598+0000] {logging_mixin.py:188} INFO - [2024-02-12T19:00:40.598+0000] {dagbag.py:538} INFO - Filling up the DagBag from /home/airflow/.local/lib/python3.8/site-packages/airflow/example_dags/example_task_group.py
[2024-02-12T19:00:40.608+0000] {processor.py:840} INFO - DAG(s) 'example_task_group' retrieved from /home/airflow/.local/lib/python3.8/site-packages/airflow/example_dags/example_task_group.py
[2024-02-12T19:00:40.637+0000] {logging_mixin.py:188} INFO - [2024-02-12T19:00:40.637+0000] {dag.py:3036} INFO - Sync 1 DAGs
[2024-02-12T19:00:40.662+0000] {logging_mixin.py:188} INFO - [2024-02-12T19:00:40.662+0000] {dag.py:3823} INFO - Setting next_dagrun for example_task_group to 2024-02-11 00:00:00+00:00, run_after=2024-02-12 00:00:00+00:00
[2024-02-12T19:00:40.692+0000] {processor.py:183} INFO - Processing /home/airflow/.local/lib/python3.8/site-packages/airflow/example_dags/example_task_group.py took 0.101 seconds
[2024-02-12T19:01:10.962+0000] {processor.py:161} INFO - Started process (PID=721) to work on /home/airflow/.local/lib/python3.8/site-packages/airflow/example_dags/example_task_group.py
[2024-02-12T19:01:10.963+0000] {processor.py:830} INFO - Processing file /home/airflow/.local/lib/python3.8/site-packages/airflow/example_dags/example_task_group.py for tasks to queue
[2024-02-12T19:01:10.964+0000] {logging_mixin.py:188} INFO - [2024-02-12T19:01:10.963+0000] {dagbag.py:538} INFO - Filling up the DagBag from /home/airflow/.local/lib/python3.8/site-packages/airflow/example_dags/example_task_group.py
[2024-02-12T19:01:10.975+0000] {processor.py:840} INFO - DAG(s) 'example_task_group' retrieved from /home/airflow/.local/lib/python3.8/site-packages/airflow/example_dags/example_task_group.py
[2024-02-12T19:01:11.001+0000] {logging_mixin.py:188} INFO - [2024-02-12T19:01:11.001+0000] {dag.py:3036} INFO - Sync 1 DAGs
[2024-02-12T19:01:11.026+0000] {logging_mixin.py:188} INFO - [2024-02-12T19:01:11.026+0000] {dag.py:3823} INFO - Setting next_dagrun for example_task_group to 2024-02-11 00:00:00+00:00, run_after=2024-02-12 00:00:00+00:00
[2024-02-12T19:01:11.049+0000] {processor.py:183} INFO - Processing /home/airflow/.local/lib/python3.8/site-packages/airflow/example_dags/example_task_group.py took 0.090 seconds
[2024-02-12T19:01:41.518+0000] {processor.py:161} INFO - Started process (PID=974) to work on /home/airflow/.local/lib/python3.8/site-packages/airflow/example_dags/example_task_group.py
[2024-02-12T19:01:41.520+0000] {processor.py:830} INFO - Processing file /home/airflow/.local/lib/python3.8/site-packages/airflow/example_dags/example_task_group.py for tasks to queue
[2024-02-12T19:01:41.520+0000] {logging_mixin.py:188} INFO - [2024-02-12T19:01:41.520+0000] {dagbag.py:538} INFO - Filling up the DagBag from /home/airflow/.local/lib/python3.8/site-packages/airflow/example_dags/example_task_group.py
[2024-02-12T19:01:41.534+0000] {processor.py:840} INFO - DAG(s) 'example_task_group' retrieved from /home/airflow/.local/lib/python3.8/site-packages/airflow/example_dags/example_task_group.py
[2024-02-12T19:01:41.568+0000] {logging_mixin.py:188} INFO - [2024-02-12T19:01:41.568+0000] {dag.py:3036} INFO - Sync 1 DAGs
[2024-02-12T19:01:41.601+0000] {logging_mixin.py:188} INFO - [2024-02-12T19:01:41.601+0000] {dag.py:3823} INFO - Setting next_dagrun for example_task_group to 2024-02-11 00:00:00+00:00, run_after=2024-02-12 00:00:00+00:00
[2024-02-12T19:01:41.625+0000] {processor.py:183} INFO - Processing /home/airflow/.local/lib/python3.8/site-packages/airflow/example_dags/example_task_group.py took 0.111 seconds
[2024-02-12T19:02:11.983+0000] {processor.py:161} INFO - Started process (PID=1221) to work on /home/airflow/.local/lib/python3.8/site-packages/airflow/example_dags/example_task_group.py
[2024-02-12T19:02:11.984+0000] {processor.py:830} INFO - Processing file /home/airflow/.local/lib/python3.8/site-packages/airflow/example_dags/example_task_group.py for tasks to queue
[2024-02-12T19:02:11.985+0000] {logging_mixin.py:188} INFO - [2024-02-12T19:02:11.985+0000] {dagbag.py:538} INFO - Filling up the DagBag from /home/airflow/.local/lib/python3.8/site-packages/airflow/example_dags/example_task_group.py
[2024-02-12T19:02:11.995+0000] {processor.py:840} INFO - DAG(s) 'example_task_group' retrieved from /home/airflow/.local/lib/python3.8/site-packages/airflow/example_dags/example_task_group.py
[2024-02-12T19:02:12.021+0000] {logging_mixin.py:188} INFO - [2024-02-12T19:02:12.021+0000] {dag.py:3036} INFO - Sync 1 DAGs
[2024-02-12T19:02:12.047+0000] {logging_mixin.py:188} INFO - [2024-02-12T19:02:12.046+0000] {dag.py:3823} INFO - Setting next_dagrun for example_task_group to 2024-02-11 00:00:00+00:00, run_after=2024-02-12 00:00:00+00:00
[2024-02-12T19:02:12.072+0000] {processor.py:183} INFO - Processing /home/airflow/.local/lib/python3.8/site-packages/airflow/example_dags/example_task_group.py took 0.093 seconds
[2024-02-12T19:02:42.476+0000] {processor.py:161} INFO - Started process (PID=1469) to work on /home/airflow/.local/lib/python3.8/site-packages/airflow/example_dags/example_task_group.py
[2024-02-12T19:02:42.477+0000] {processor.py:830} INFO - Processing file /home/airflow/.local/lib/python3.8/site-packages/airflow/example_dags/example_task_group.py for tasks to queue
[2024-02-12T19:02:42.478+0000] {logging_mixin.py:188} INFO - [2024-02-12T19:02:42.478+0000] {dagbag.py:538} INFO - Filling up the DagBag from /home/airflow/.local/lib/python3.8/site-packages/airflow/example_dags/example_task_group.py
[2024-02-12T19:02:42.487+0000] {processor.py:840} INFO - DAG(s) 'example_task_group' retrieved from /home/airflow/.local/lib/python3.8/site-packages/airflow/example_dags/example_task_group.py
[2024-02-12T19:02:42.513+0000] {logging_mixin.py:188} INFO - [2024-02-12T19:02:42.512+0000] {dag.py:3036} INFO - Sync 1 DAGs
[2024-02-12T19:02:42.538+0000] {logging_mixin.py:188} INFO - [2024-02-12T19:02:42.538+0000] {dag.py:3823} INFO - Setting next_dagrun for example_task_group to 2024-02-11 00:00:00+00:00, run_after=2024-02-12 00:00:00+00:00
[2024-02-12T19:02:42.560+0000] {processor.py:183} INFO - Processing /home/airflow/.local/lib/python3.8/site-packages/airflow/example_dags/example_task_group.py took 0.087 seconds
[2024-02-12T19:03:12.769+0000] {processor.py:161} INFO - Started process (PID=1716) to work on /home/airflow/.local/lib/python3.8/site-packages/airflow/example_dags/example_task_group.py
[2024-02-12T19:03:12.770+0000] {processor.py:830} INFO - Processing file /home/airflow/.local/lib/python3.8/site-packages/airflow/example_dags/example_task_group.py for tasks to queue
[2024-02-12T19:03:12.771+0000] {logging_mixin.py:188} INFO - [2024-02-12T19:03:12.771+0000] {dagbag.py:538} INFO - Filling up the DagBag from /home/airflow/.local/lib/python3.8/site-packages/airflow/example_dags/example_task_group.py
[2024-02-12T19:03:12.780+0000] {processor.py:840} INFO - DAG(s) 'example_task_group' retrieved from /home/airflow/.local/lib/python3.8/site-packages/airflow/example_dags/example_task_group.py
[2024-02-12T19:03:12.805+0000] {logging_mixin.py:188} INFO - [2024-02-12T19:03:12.805+0000] {dag.py:3036} INFO - Sync 1 DAGs
[2024-02-12T19:03:12.838+0000] {logging_mixin.py:188} INFO - [2024-02-12T19:03:12.838+0000] {dag.py:3823} INFO - Setting next_dagrun for example_task_group to 2024-02-11 00:00:00+00:00, run_after=2024-02-12 00:00:00+00:00
[2024-02-12T19:03:12.865+0000] {processor.py:183} INFO - Processing /home/airflow/.local/lib/python3.8/site-packages/airflow/example_dags/example_task_group.py took 0.099 seconds
[2024-02-12T19:03:43.213+0000] {processor.py:161} INFO - Started process (PID=1964) to work on /home/airflow/.local/lib/python3.8/site-packages/airflow/example_dags/example_task_group.py
[2024-02-12T19:03:43.241+0000] {processor.py:830} INFO - Processing file /home/airflow/.local/lib/python3.8/site-packages/airflow/example_dags/example_task_group.py for tasks to queue
[2024-02-12T19:03:43.245+0000] {logging_mixin.py:188} INFO - [2024-02-12T19:03:43.244+0000] {dagbag.py:538} INFO - Filling up the DagBag from /home/airflow/.local/lib/python3.8/site-packages/airflow/example_dags/example_task_group.py
[2024-02-12T19:03:43.273+0000] {processor.py:840} INFO - DAG(s) 'example_task_group' retrieved from /home/airflow/.local/lib/python3.8/site-packages/airflow/example_dags/example_task_group.py
[2024-02-12T19:03:43.339+0000] {logging_mixin.py:188} INFO - [2024-02-12T19:03:43.339+0000] {dag.py:3036} INFO - Sync 1 DAGs
[2024-02-12T19:03:43.387+0000] {logging_mixin.py:188} INFO - [2024-02-12T19:03:43.387+0000] {dag.py:3823} INFO - Setting next_dagrun for example_task_group to 2024-02-11 00:00:00+00:00, run_after=2024-02-12 00:00:00+00:00
[2024-02-12T19:03:43.421+0000] {processor.py:183} INFO - Processing /home/airflow/.local/lib/python3.8/site-packages/airflow/example_dags/example_task_group.py took 0.216 seconds
[2024-02-12T19:04:13.463+0000] {processor.py:161} INFO - Started process (PID=2211) to work on /home/airflow/.local/lib/python3.8/site-packages/airflow/example_dags/example_task_group.py
[2024-02-12T19:04:13.464+0000] {processor.py:830} INFO - Processing file /home/airflow/.local/lib/python3.8/site-packages/airflow/example_dags/example_task_group.py for tasks to queue
[2024-02-12T19:04:13.465+0000] {logging_mixin.py:188} INFO - [2024-02-12T19:04:13.464+0000] {dagbag.py:538} INFO - Filling up the DagBag from /home/airflow/.local/lib/python3.8/site-packages/airflow/example_dags/example_task_group.py
[2024-02-12T19:04:13.474+0000] {processor.py:840} INFO - DAG(s) 'example_task_group' retrieved from /home/airflow/.local/lib/python3.8/site-packages/airflow/example_dags/example_task_group.py
[2024-02-12T19:04:13.500+0000] {logging_mixin.py:188} INFO - [2024-02-12T19:04:13.499+0000] {dag.py:3036} INFO - Sync 1 DAGs
[2024-02-12T19:04:13.525+0000] {logging_mixin.py:188} INFO - [2024-02-12T19:04:13.525+0000] {dag.py:3823} INFO - Setting next_dagrun for example_task_group to 2024-02-11 00:00:00+00:00, run_after=2024-02-12 00:00:00+00:00
[2024-02-12T19:04:13.547+0000] {processor.py:183} INFO - Processing /home/airflow/.local/lib/python3.8/site-packages/airflow/example_dags/example_task_group.py took 0.087 seconds
[2024-02-12T19:04:43.955+0000] {processor.py:161} INFO - Started process (PID=2482) to work on /home/airflow/.local/lib/python3.8/site-packages/airflow/example_dags/example_task_group.py
[2024-02-12T19:04:43.956+0000] {processor.py:830} INFO - Processing file /home/airflow/.local/lib/python3.8/site-packages/airflow/example_dags/example_task_group.py for tasks to queue
[2024-02-12T19:04:43.958+0000] {logging_mixin.py:188} INFO - [2024-02-12T19:04:43.957+0000] {dagbag.py:538} INFO - Filling up the DagBag from /home/airflow/.local/lib/python3.8/site-packages/airflow/example_dags/example_task_group.py
[2024-02-12T19:04:43.967+0000] {processor.py:840} INFO - DAG(s) 'example_task_group' retrieved from /home/airflow/.local/lib/python3.8/site-packages/airflow/example_dags/example_task_group.py
[2024-02-12T19:04:43.997+0000] {logging_mixin.py:188} INFO - [2024-02-12T19:04:43.996+0000] {dag.py:3036} INFO - Sync 1 DAGs
[2024-02-12T19:04:44.031+0000] {logging_mixin.py:188} INFO - [2024-02-12T19:04:44.030+0000] {dag.py:3823} INFO - Setting next_dagrun for example_task_group to 2024-02-11 00:00:00+00:00, run_after=2024-02-12 00:00:00+00:00
[2024-02-12T19:04:44.064+0000] {processor.py:183} INFO - Processing /home/airflow/.local/lib/python3.8/site-packages/airflow/example_dags/example_task_group.py took 0.112 seconds
[2024-02-12T19:05:14.473+0000] {processor.py:161} INFO - Started process (PID=2729) to work on /home/airflow/.local/lib/python3.8/site-packages/airflow/example_dags/example_task_group.py
[2024-02-12T19:05:14.474+0000] {processor.py:830} INFO - Processing file /home/airflow/.local/lib/python3.8/site-packages/airflow/example_dags/example_task_group.py for tasks to queue
[2024-02-12T19:05:14.475+0000] {logging_mixin.py:188} INFO - [2024-02-12T19:05:14.475+0000] {dagbag.py:538} INFO - Filling up the DagBag from /home/airflow/.local/lib/python3.8/site-packages/airflow/example_dags/example_task_group.py
[2024-02-12T19:05:14.484+0000] {processor.py:840} INFO - DAG(s) 'example_task_group' retrieved from /home/airflow/.local/lib/python3.8/site-packages/airflow/example_dags/example_task_group.py
[2024-02-12T19:05:14.531+0000] {logging_mixin.py:188} INFO - [2024-02-12T19:05:14.531+0000] {dag.py:3036} INFO - Sync 1 DAGs
[2024-02-12T19:05:14.560+0000] {logging_mixin.py:188} INFO - [2024-02-12T19:05:14.560+0000] {dag.py:3823} INFO - Setting next_dagrun for example_task_group to 2024-02-11 00:00:00+00:00, run_after=2024-02-12 00:00:00+00:00
[2024-02-12T19:05:14.582+0000] {processor.py:183} INFO - Processing /home/airflow/.local/lib/python3.8/site-packages/airflow/example_dags/example_task_group.py took 0.112 seconds
[2024-02-12T19:05:45.361+0000] {processor.py:161} INFO - Started process (PID=2976) to work on /home/airflow/.local/lib/python3.8/site-packages/airflow/example_dags/example_task_group.py
[2024-02-12T19:05:45.362+0000] {processor.py:830} INFO - Processing file /home/airflow/.local/lib/python3.8/site-packages/airflow/example_dags/example_task_group.py for tasks to queue
[2024-02-12T19:05:45.363+0000] {logging_mixin.py:188} INFO - [2024-02-12T19:05:45.363+0000] {dagbag.py:538} INFO - Filling up the DagBag from /home/airflow/.local/lib/python3.8/site-packages/airflow/example_dags/example_task_group.py
[2024-02-12T19:05:45.373+0000] {processor.py:840} INFO - DAG(s) 'example_task_group' retrieved from /home/airflow/.local/lib/python3.8/site-packages/airflow/example_dags/example_task_group.py
[2024-02-12T19:05:45.399+0000] {logging_mixin.py:188} INFO - [2024-02-12T19:05:45.399+0000] {dag.py:3036} INFO - Sync 1 DAGs
[2024-02-12T19:05:45.425+0000] {logging_mixin.py:188} INFO - [2024-02-12T19:05:45.425+0000] {dag.py:3823} INFO - Setting next_dagrun for example_task_group to 2024-02-11 00:00:00+00:00, run_after=2024-02-12 00:00:00+00:00
[2024-02-12T19:05:45.449+0000] {processor.py:183} INFO - Processing /home/airflow/.local/lib/python3.8/site-packages/airflow/example_dags/example_task_group.py took 0.095 seconds
[2024-02-12T19:06:15.573+0000] {processor.py:161} INFO - Started process (PID=3224) to work on /home/airflow/.local/lib/python3.8/site-packages/airflow/example_dags/example_task_group.py
[2024-02-12T19:06:15.610+0000] {processor.py:830} INFO - Processing file /home/airflow/.local/lib/python3.8/site-packages/airflow/example_dags/example_task_group.py for tasks to queue
[2024-02-12T19:06:15.613+0000] {logging_mixin.py:188} INFO - [2024-02-12T19:06:15.612+0000] {dagbag.py:538} INFO - Filling up the DagBag from /home/airflow/.local/lib/python3.8/site-packages/airflow/example_dags/example_task_group.py
[2024-02-12T19:06:15.652+0000] {processor.py:840} INFO - DAG(s) 'example_task_group' retrieved from /home/airflow/.local/lib/python3.8/site-packages/airflow/example_dags/example_task_group.py
[2024-02-12T19:06:15.698+0000] {logging_mixin.py:188} INFO - [2024-02-12T19:06:15.698+0000] {dag.py:3036} INFO - Sync 1 DAGs
[2024-02-12T19:06:15.751+0000] {logging_mixin.py:188} INFO - [2024-02-12T19:06:15.750+0000] {dag.py:3823} INFO - Setting next_dagrun for example_task_group to 2024-02-11 00:00:00+00:00, run_after=2024-02-12 00:00:00+00:00
[2024-02-12T19:06:15.775+0000] {processor.py:183} INFO - Processing /home/airflow/.local/lib/python3.8/site-packages/airflow/example_dags/example_task_group.py took 0.235 seconds
[2024-02-12T19:06:45.953+0000] {processor.py:161} INFO - Started process (PID=3471) to work on /home/airflow/.local/lib/python3.8/site-packages/airflow/example_dags/example_task_group.py
[2024-02-12T19:06:45.954+0000] {processor.py:830} INFO - Processing file /home/airflow/.local/lib/python3.8/site-packages/airflow/example_dags/example_task_group.py for tasks to queue
[2024-02-12T19:06:45.955+0000] {logging_mixin.py:188} INFO - [2024-02-12T19:06:45.954+0000] {dagbag.py:538} INFO - Filling up the DagBag from /home/airflow/.local/lib/python3.8/site-packages/airflow/example_dags/example_task_group.py
[2024-02-12T19:06:45.964+0000] {processor.py:840} INFO - DAG(s) 'example_task_group' retrieved from /home/airflow/.local/lib/python3.8/site-packages/airflow/example_dags/example_task_group.py
[2024-02-12T19:06:45.990+0000] {logging_mixin.py:188} INFO - [2024-02-12T19:06:45.990+0000] {dag.py:3036} INFO - Sync 1 DAGs
[2024-02-12T19:06:46.017+0000] {logging_mixin.py:188} INFO - [2024-02-12T19:06:46.017+0000] {dag.py:3823} INFO - Setting next_dagrun for example_task_group to 2024-02-11 00:00:00+00:00, run_after=2024-02-12 00:00:00+00:00
[2024-02-12T19:06:46.043+0000] {processor.py:183} INFO - Processing /home/airflow/.local/lib/python3.8/site-packages/airflow/example_dags/example_task_group.py took 0.093 seconds
[2024-02-12T19:07:16.176+0000] {processor.py:161} INFO - Started process (PID=3719) to work on /home/airflow/.local/lib/python3.8/site-packages/airflow/example_dags/example_task_group.py
[2024-02-12T19:07:16.178+0000] {processor.py:830} INFO - Processing file /home/airflow/.local/lib/python3.8/site-packages/airflow/example_dags/example_task_group.py for tasks to queue
[2024-02-12T19:07:16.180+0000] {logging_mixin.py:188} INFO - [2024-02-12T19:07:16.179+0000] {dagbag.py:538} INFO - Filling up the DagBag from /home/airflow/.local/lib/python3.8/site-packages/airflow/example_dags/example_task_group.py
[2024-02-12T19:07:16.192+0000] {processor.py:840} INFO - DAG(s) 'example_task_group' retrieved from /home/airflow/.local/lib/python3.8/site-packages/airflow/example_dags/example_task_group.py
[2024-02-12T19:07:16.233+0000] {logging_mixin.py:188} INFO - [2024-02-12T19:07:16.233+0000] {dag.py:3036} INFO - Sync 1 DAGs
[2024-02-12T19:07:16.260+0000] {logging_mixin.py:188} INFO - [2024-02-12T19:07:16.260+0000] {dag.py:3823} INFO - Setting next_dagrun for example_task_group to 2024-02-11 00:00:00+00:00, run_after=2024-02-12 00:00:00+00:00
[2024-02-12T19:07:16.314+0000] {processor.py:183} INFO - Processing /home/airflow/.local/lib/python3.8/site-packages/airflow/example_dags/example_task_group.py took 0.143 seconds
[2024-02-12T19:07:46.416+0000] {processor.py:161} INFO - Started process (PID=3966) to work on /home/airflow/.local/lib/python3.8/site-packages/airflow/example_dags/example_task_group.py
[2024-02-12T19:07:46.417+0000] {processor.py:830} INFO - Processing file /home/airflow/.local/lib/python3.8/site-packages/airflow/example_dags/example_task_group.py for tasks to queue
[2024-02-12T19:07:46.418+0000] {logging_mixin.py:188} INFO - [2024-02-12T19:07:46.417+0000] {dagbag.py:538} INFO - Filling up the DagBag from /home/airflow/.local/lib/python3.8/site-packages/airflow/example_dags/example_task_group.py
[2024-02-12T19:07:46.424+0000] {processor.py:840} INFO - DAG(s) 'example_task_group' retrieved from /home/airflow/.local/lib/python3.8/site-packages/airflow/example_dags/example_task_group.py
[2024-02-12T19:07:46.442+0000] {logging_mixin.py:188} INFO - [2024-02-12T19:07:46.442+0000] {dag.py:3036} INFO - Sync 1 DAGs
[2024-02-12T19:07:46.466+0000] {logging_mixin.py:188} INFO - [2024-02-12T19:07:46.466+0000] {dag.py:3823} INFO - Setting next_dagrun for example_task_group to 2024-02-11 00:00:00+00:00, run_after=2024-02-12 00:00:00+00:00
[2024-02-12T19:07:46.492+0000] {processor.py:183} INFO - Processing /home/airflow/.local/lib/python3.8/site-packages/airflow/example_dags/example_task_group.py took 0.078 seconds
[2024-02-12T19:08:16.726+0000] {processor.py:161} INFO - Started process (PID=4214) to work on /home/airflow/.local/lib/python3.8/site-packages/airflow/example_dags/example_task_group.py
[2024-02-12T19:08:16.727+0000] {processor.py:830} INFO - Processing file /home/airflow/.local/lib/python3.8/site-packages/airflow/example_dags/example_task_group.py for tasks to queue
[2024-02-12T19:08:16.728+0000] {logging_mixin.py:188} INFO - [2024-02-12T19:08:16.728+0000] {dagbag.py:538} INFO - Filling up the DagBag from /home/airflow/.local/lib/python3.8/site-packages/airflow/example_dags/example_task_group.py
[2024-02-12T19:08:16.737+0000] {processor.py:840} INFO - DAG(s) 'example_task_group' retrieved from /home/airflow/.local/lib/python3.8/site-packages/airflow/example_dags/example_task_group.py
[2024-02-12T19:08:16.873+0000] {logging_mixin.py:188} INFO - [2024-02-12T19:08:16.873+0000] {dag.py:3036} INFO - Sync 1 DAGs
[2024-02-12T19:08:16.895+0000] {logging_mixin.py:188} INFO - [2024-02-12T19:08:16.894+0000] {dag.py:3823} INFO - Setting next_dagrun for example_task_group to 2024-02-11 00:00:00+00:00, run_after=2024-02-12 00:00:00+00:00
[2024-02-12T19:08:16.918+0000] {processor.py:183} INFO - Processing /home/airflow/.local/lib/python3.8/site-packages/airflow/example_dags/example_task_group.py took 0.195 seconds
[2024-02-12T19:08:47.106+0000] {processor.py:161} INFO - Started process (PID=4462) to work on /home/airflow/.local/lib/python3.8/site-packages/airflow/example_dags/example_task_group.py
[2024-02-12T19:08:47.106+0000] {processor.py:830} INFO - Processing file /home/airflow/.local/lib/python3.8/site-packages/airflow/example_dags/example_task_group.py for tasks to queue
[2024-02-12T19:08:47.107+0000] {logging_mixin.py:188} INFO - [2024-02-12T19:08:47.107+0000] {dagbag.py:538} INFO - Filling up the DagBag from /home/airflow/.local/lib/python3.8/site-packages/airflow/example_dags/example_task_group.py
[2024-02-12T19:08:47.116+0000] {processor.py:840} INFO - DAG(s) 'example_task_group' retrieved from /home/airflow/.local/lib/python3.8/site-packages/airflow/example_dags/example_task_group.py
[2024-02-12T19:08:47.142+0000] {logging_mixin.py:188} INFO - [2024-02-12T19:08:47.142+0000] {dag.py:3036} INFO - Sync 1 DAGs
[2024-02-12T19:08:47.178+0000] {logging_mixin.py:188} INFO - [2024-02-12T19:08:47.178+0000] {dag.py:3823} INFO - Setting next_dagrun for example_task_group to 2024-02-11 00:00:00+00:00, run_after=2024-02-12 00:00:00+00:00
[2024-02-12T19:08:47.205+0000] {processor.py:183} INFO - Processing /home/airflow/.local/lib/python3.8/site-packages/airflow/example_dags/example_task_group.py took 0.102 seconds
[2024-02-12T19:09:17.369+0000] {processor.py:161} INFO - Started process (PID=4711) to work on /home/airflow/.local/lib/python3.8/site-packages/airflow/example_dags/example_task_group.py
[2024-02-12T19:09:17.370+0000] {processor.py:830} INFO - Processing file /home/airflow/.local/lib/python3.8/site-packages/airflow/example_dags/example_task_group.py for tasks to queue
[2024-02-12T19:09:17.371+0000] {logging_mixin.py:188} INFO - [2024-02-12T19:09:17.370+0000] {dagbag.py:538} INFO - Filling up the DagBag from /home/airflow/.local/lib/python3.8/site-packages/airflow/example_dags/example_task_group.py
[2024-02-12T19:09:17.380+0000] {processor.py:840} INFO - DAG(s) 'example_task_group' retrieved from /home/airflow/.local/lib/python3.8/site-packages/airflow/example_dags/example_task_group.py
[2024-02-12T19:09:17.407+0000] {logging_mixin.py:188} INFO - [2024-02-12T19:09:17.407+0000] {dag.py:3036} INFO - Sync 1 DAGs
[2024-02-12T19:09:17.434+0000] {logging_mixin.py:188} INFO - [2024-02-12T19:09:17.434+0000] {dag.py:3823} INFO - Setting next_dagrun for example_task_group to 2024-02-11 00:00:00+00:00, run_after=2024-02-12 00:00:00+00:00
[2024-02-12T19:09:17.462+0000] {processor.py:183} INFO - Processing /home/airflow/.local/lib/python3.8/site-packages/airflow/example_dags/example_task_group.py took 0.096 seconds
[2024-02-12T19:09:47.829+0000] {processor.py:161} INFO - Started process (PID=4958) to work on /home/airflow/.local/lib/python3.8/site-packages/airflow/example_dags/example_task_group.py
[2024-02-12T19:09:47.830+0000] {processor.py:830} INFO - Processing file /home/airflow/.local/lib/python3.8/site-packages/airflow/example_dags/example_task_group.py for tasks to queue
[2024-02-12T19:09:47.832+0000] {logging_mixin.py:188} INFO - [2024-02-12T19:09:47.831+0000] {dagbag.py:538} INFO - Filling up the DagBag from /home/airflow/.local/lib/python3.8/site-packages/airflow/example_dags/example_task_group.py
[2024-02-12T19:09:47.841+0000] {processor.py:840} INFO - DAG(s) 'example_task_group' retrieved from /home/airflow/.local/lib/python3.8/site-packages/airflow/example_dags/example_task_group.py
[2024-02-12T19:09:47.895+0000] {logging_mixin.py:188} INFO - [2024-02-12T19:09:47.894+0000] {dag.py:3036} INFO - Sync 1 DAGs
[2024-02-12T19:09:47.921+0000] {logging_mixin.py:188} INFO - [2024-02-12T19:09:47.921+0000] {dag.py:3823} INFO - Setting next_dagrun for example_task_group to 2024-02-11 00:00:00+00:00, run_after=2024-02-12 00:00:00+00:00
[2024-02-12T19:09:47.943+0000] {processor.py:183} INFO - Processing /home/airflow/.local/lib/python3.8/site-packages/airflow/example_dags/example_task_group.py took 0.117 seconds
[2024-02-12T19:10:18.181+0000] {processor.py:161} INFO - Started process (PID=5205) to work on /home/airflow/.local/lib/python3.8/site-packages/airflow/example_dags/example_task_group.py
[2024-02-12T19:10:18.182+0000] {processor.py:830} INFO - Processing file /home/airflow/.local/lib/python3.8/site-packages/airflow/example_dags/example_task_group.py for tasks to queue
[2024-02-12T19:10:18.183+0000] {logging_mixin.py:188} INFO - [2024-02-12T19:10:18.183+0000] {dagbag.py:538} INFO - Filling up the DagBag from /home/airflow/.local/lib/python3.8/site-packages/airflow/example_dags/example_task_group.py
[2024-02-12T19:10:18.195+0000] {processor.py:840} INFO - DAG(s) 'example_task_group' retrieved from /home/airflow/.local/lib/python3.8/site-packages/airflow/example_dags/example_task_group.py
[2024-02-12T19:10:18.255+0000] {logging_mixin.py:188} INFO - [2024-02-12T19:10:18.255+0000] {dag.py:3036} INFO - Sync 1 DAGs
[2024-02-12T19:10:18.295+0000] {logging_mixin.py:188} INFO - [2024-02-12T19:10:18.295+0000] {dag.py:3823} INFO - Setting next_dagrun for example_task_group to 2024-02-11 00:00:00+00:00, run_after=2024-02-12 00:00:00+00:00
[2024-02-12T19:10:18.332+0000] {processor.py:183} INFO - Processing /home/airflow/.local/lib/python3.8/site-packages/airflow/example_dags/example_task_group.py took 0.156 seconds
[2024-02-12T19:10:49.198+0000] {processor.py:161} INFO - Started process (PID=5453) to work on /home/airflow/.local/lib/python3.8/site-packages/airflow/example_dags/example_task_group.py
[2024-02-12T19:10:49.200+0000] {processor.py:830} INFO - Processing file /home/airflow/.local/lib/python3.8/site-packages/airflow/example_dags/example_task_group.py for tasks to queue
[2024-02-12T19:10:49.201+0000] {logging_mixin.py:188} INFO - [2024-02-12T19:10:49.201+0000] {dagbag.py:538} INFO - Filling up the DagBag from /home/airflow/.local/lib/python3.8/site-packages/airflow/example_dags/example_task_group.py
[2024-02-12T19:10:49.210+0000] {processor.py:840} INFO - DAG(s) 'example_task_group' retrieved from /home/airflow/.local/lib/python3.8/site-packages/airflow/example_dags/example_task_group.py
[2024-02-12T19:10:49.237+0000] {logging_mixin.py:188} INFO - [2024-02-12T19:10:49.237+0000] {dag.py:3036} INFO - Sync 1 DAGs
[2024-02-12T19:10:49.262+0000] {logging_mixin.py:188} INFO - [2024-02-12T19:10:49.262+0000] {dag.py:3823} INFO - Setting next_dagrun for example_task_group to 2024-02-11 00:00:00+00:00, run_after=2024-02-12 00:00:00+00:00
[2024-02-12T19:10:49.286+0000] {processor.py:183} INFO - Processing /home/airflow/.local/lib/python3.8/site-packages/airflow/example_dags/example_task_group.py took 0.090 seconds
[2024-02-12T19:11:19.674+0000] {processor.py:161} INFO - Started process (PID=5700) to work on /home/airflow/.local/lib/python3.8/site-packages/airflow/example_dags/example_task_group.py
[2024-02-12T19:11:19.675+0000] {processor.py:830} INFO - Processing file /home/airflow/.local/lib/python3.8/site-packages/airflow/example_dags/example_task_group.py for tasks to queue
[2024-02-12T19:11:19.676+0000] {logging_mixin.py:188} INFO - [2024-02-12T19:11:19.676+0000] {dagbag.py:538} INFO - Filling up the DagBag from /home/airflow/.local/lib/python3.8/site-packages/airflow/example_dags/example_task_group.py
[2024-02-12T19:11:19.685+0000] {processor.py:840} INFO - DAG(s) 'example_task_group' retrieved from /home/airflow/.local/lib/python3.8/site-packages/airflow/example_dags/example_task_group.py
[2024-02-12T19:11:19.712+0000] {logging_mixin.py:188} INFO - [2024-02-12T19:11:19.712+0000] {dag.py:3036} INFO - Sync 1 DAGs
[2024-02-12T19:11:19.738+0000] {logging_mixin.py:188} INFO - [2024-02-12T19:11:19.737+0000] {dag.py:3823} INFO - Setting next_dagrun for example_task_group to 2024-02-11 00:00:00+00:00, run_after=2024-02-12 00:00:00+00:00
[2024-02-12T19:11:19.779+0000] {processor.py:183} INFO - Processing /home/airflow/.local/lib/python3.8/site-packages/airflow/example_dags/example_task_group.py took 0.108 seconds
[2024-02-12T19:11:50.046+0000] {processor.py:161} INFO - Started process (PID=5947) to work on /home/airflow/.local/lib/python3.8/site-packages/airflow/example_dags/example_task_group.py
[2024-02-12T19:11:50.047+0000] {processor.py:830} INFO - Processing file /home/airflow/.local/lib/python3.8/site-packages/airflow/example_dags/example_task_group.py for tasks to queue
[2024-02-12T19:11:50.048+0000] {logging_mixin.py:188} INFO - [2024-02-12T19:11:50.048+0000] {dagbag.py:538} INFO - Filling up the DagBag from /home/airflow/.local/lib/python3.8/site-packages/airflow/example_dags/example_task_group.py
[2024-02-12T19:11:50.059+0000] {processor.py:840} INFO - DAG(s) 'example_task_group' retrieved from /home/airflow/.local/lib/python3.8/site-packages/airflow/example_dags/example_task_group.py
[2024-02-12T19:11:50.086+0000] {logging_mixin.py:188} INFO - [2024-02-12T19:11:50.086+0000] {dag.py:3036} INFO - Sync 1 DAGs
[2024-02-12T19:11:50.111+0000] {logging_mixin.py:188} INFO - [2024-02-12T19:11:50.111+0000] {dag.py:3823} INFO - Setting next_dagrun for example_task_group to 2024-02-11 00:00:00+00:00, run_after=2024-02-12 00:00:00+00:00
[2024-02-12T19:11:50.169+0000] {processor.py:183} INFO - Processing /home/airflow/.local/lib/python3.8/site-packages/airflow/example_dags/example_task_group.py took 0.127 seconds
[2024-02-12T19:12:20.984+0000] {processor.py:161} INFO - Started process (PID=6194) to work on /home/airflow/.local/lib/python3.8/site-packages/airflow/example_dags/example_task_group.py
[2024-02-12T19:12:20.985+0000] {processor.py:830} INFO - Processing file /home/airflow/.local/lib/python3.8/site-packages/airflow/example_dags/example_task_group.py for tasks to queue
[2024-02-12T19:12:20.987+0000] {logging_mixin.py:188} INFO - [2024-02-12T19:12:20.986+0000] {dagbag.py:538} INFO - Filling up the DagBag from /home/airflow/.local/lib/python3.8/site-packages/airflow/example_dags/example_task_group.py
[2024-02-12T19:12:20.998+0000] {processor.py:840} INFO - DAG(s) 'example_task_group' retrieved from /home/airflow/.local/lib/python3.8/site-packages/airflow/example_dags/example_task_group.py
[2024-02-12T19:12:21.024+0000] {logging_mixin.py:188} INFO - [2024-02-12T19:12:21.024+0000] {dag.py:3036} INFO - Sync 1 DAGs
[2024-02-12T19:12:21.048+0000] {logging_mixin.py:188} INFO - [2024-02-12T19:12:21.048+0000] {dag.py:3823} INFO - Setting next_dagrun for example_task_group to 2024-02-11 00:00:00+00:00, run_after=2024-02-12 00:00:00+00:00
[2024-02-12T19:12:21.077+0000] {processor.py:183} INFO - Processing /home/airflow/.local/lib/python3.8/site-packages/airflow/example_dags/example_task_group.py took 0.095 seconds
[2024-02-12T19:12:51.432+0000] {processor.py:161} INFO - Started process (PID=6443) to work on /home/airflow/.local/lib/python3.8/site-packages/airflow/example_dags/example_task_group.py
[2024-02-12T19:12:51.433+0000] {processor.py:830} INFO - Processing file /home/airflow/.local/lib/python3.8/site-packages/airflow/example_dags/example_task_group.py for tasks to queue
[2024-02-12T19:12:51.434+0000] {logging_mixin.py:188} INFO - [2024-02-12T19:12:51.434+0000] {dagbag.py:538} INFO - Filling up the DagBag from /home/airflow/.local/lib/python3.8/site-packages/airflow/example_dags/example_task_group.py
[2024-02-12T19:12:51.443+0000] {processor.py:840} INFO - DAG(s) 'example_task_group' retrieved from /home/airflow/.local/lib/python3.8/site-packages/airflow/example_dags/example_task_group.py
[2024-02-12T19:12:51.473+0000] {logging_mixin.py:188} INFO - [2024-02-12T19:12:51.473+0000] {dag.py:3036} INFO - Sync 1 DAGs
[2024-02-12T19:12:51.515+0000] {logging_mixin.py:188} INFO - [2024-02-12T19:12:51.515+0000] {dag.py:3823} INFO - Setting next_dagrun for example_task_group to 2024-02-11 00:00:00+00:00, run_after=2024-02-12 00:00:00+00:00
[2024-02-12T19:12:51.603+0000] {processor.py:183} INFO - Processing /home/airflow/.local/lib/python3.8/site-packages/airflow/example_dags/example_task_group.py took 0.175 seconds
[2024-02-12T19:13:21.663+0000] {processor.py:161} INFO - Started process (PID=6691) to work on /home/airflow/.local/lib/python3.8/site-packages/airflow/example_dags/example_task_group.py
[2024-02-12T19:13:21.663+0000] {processor.py:830} INFO - Processing file /home/airflow/.local/lib/python3.8/site-packages/airflow/example_dags/example_task_group.py for tasks to queue
[2024-02-12T19:13:21.664+0000] {logging_mixin.py:188} INFO - [2024-02-12T19:13:21.664+0000] {dagbag.py:538} INFO - Filling up the DagBag from /home/airflow/.local/lib/python3.8/site-packages/airflow/example_dags/example_task_group.py
[2024-02-12T19:13:21.670+0000] {processor.py:840} INFO - DAG(s) 'example_task_group' retrieved from /home/airflow/.local/lib/python3.8/site-packages/airflow/example_dags/example_task_group.py
[2024-02-12T19:13:21.688+0000] {logging_mixin.py:188} INFO - [2024-02-12T19:13:21.688+0000] {dag.py:3036} INFO - Sync 1 DAGs
[2024-02-12T19:13:21.705+0000] {logging_mixin.py:188} INFO - [2024-02-12T19:13:21.705+0000] {dag.py:3823} INFO - Setting next_dagrun for example_task_group to 2024-02-11 00:00:00+00:00, run_after=2024-02-12 00:00:00+00:00
[2024-02-12T19:13:21.725+0000] {processor.py:183} INFO - Processing /home/airflow/.local/lib/python3.8/site-packages/airflow/example_dags/example_task_group.py took 0.065 seconds
[2024-02-12T19:13:51.824+0000] {processor.py:161} INFO - Started process (PID=6938) to work on /home/airflow/.local/lib/python3.8/site-packages/airflow/example_dags/example_task_group.py
[2024-02-12T19:13:51.825+0000] {processor.py:830} INFO - Processing file /home/airflow/.local/lib/python3.8/site-packages/airflow/example_dags/example_task_group.py for tasks to queue
[2024-02-12T19:13:51.826+0000] {logging_mixin.py:188} INFO - [2024-02-12T19:13:51.825+0000] {dagbag.py:538} INFO - Filling up the DagBag from /home/airflow/.local/lib/python3.8/site-packages/airflow/example_dags/example_task_group.py
[2024-02-12T19:13:51.832+0000] {processor.py:840} INFO - DAG(s) 'example_task_group' retrieved from /home/airflow/.local/lib/python3.8/site-packages/airflow/example_dags/example_task_group.py
[2024-02-12T19:13:51.858+0000] {logging_mixin.py:188} INFO - [2024-02-12T19:13:51.858+0000] {dag.py:3036} INFO - Sync 1 DAGs
[2024-02-12T19:13:51.895+0000] {logging_mixin.py:188} INFO - [2024-02-12T19:13:51.895+0000] {dag.py:3823} INFO - Setting next_dagrun for example_task_group to 2024-02-11 00:00:00+00:00, run_after=2024-02-12 00:00:00+00:00
[2024-02-12T19:13:51.935+0000] {processor.py:183} INFO - Processing /home/airflow/.local/lib/python3.8/site-packages/airflow/example_dags/example_task_group.py took 0.114 seconds
[2024-02-12T19:14:22.120+0000] {processor.py:161} INFO - Started process (PID=7185) to work on /home/airflow/.local/lib/python3.8/site-packages/airflow/example_dags/example_task_group.py
[2024-02-12T19:14:22.121+0000] {processor.py:830} INFO - Processing file /home/airflow/.local/lib/python3.8/site-packages/airflow/example_dags/example_task_group.py for tasks to queue
[2024-02-12T19:14:22.122+0000] {logging_mixin.py:188} INFO - [2024-02-12T19:14:22.122+0000] {dagbag.py:538} INFO - Filling up the DagBag from /home/airflow/.local/lib/python3.8/site-packages/airflow/example_dags/example_task_group.py
[2024-02-12T19:14:22.131+0000] {processor.py:840} INFO - DAG(s) 'example_task_group' retrieved from /home/airflow/.local/lib/python3.8/site-packages/airflow/example_dags/example_task_group.py
[2024-02-12T19:14:22.156+0000] {logging_mixin.py:188} INFO - [2024-02-12T19:14:22.156+0000] {dag.py:3036} INFO - Sync 1 DAGs
[2024-02-12T19:14:22.199+0000] {logging_mixin.py:188} INFO - [2024-02-12T19:14:22.198+0000] {dag.py:3823} INFO - Setting next_dagrun for example_task_group to 2024-02-11 00:00:00+00:00, run_after=2024-02-12 00:00:00+00:00
[2024-02-12T19:14:22.225+0000] {processor.py:183} INFO - Processing /home/airflow/.local/lib/python3.8/site-packages/airflow/example_dags/example_task_group.py took 0.108 seconds
[2024-02-12T19:14:52.796+0000] {processor.py:161} INFO - Started process (PID=7431) to work on /home/airflow/.local/lib/python3.8/site-packages/airflow/example_dags/example_task_group.py
[2024-02-12T19:14:52.797+0000] {processor.py:830} INFO - Processing file /home/airflow/.local/lib/python3.8/site-packages/airflow/example_dags/example_task_group.py for tasks to queue
[2024-02-12T19:14:52.798+0000] {logging_mixin.py:188} INFO - [2024-02-12T19:14:52.798+0000] {dagbag.py:538} INFO - Filling up the DagBag from /home/airflow/.local/lib/python3.8/site-packages/airflow/example_dags/example_task_group.py
[2024-02-12T19:14:52.806+0000] {processor.py:840} INFO - DAG(s) 'example_task_group' retrieved from /home/airflow/.local/lib/python3.8/site-packages/airflow/example_dags/example_task_group.py
[2024-02-12T19:14:52.834+0000] {logging_mixin.py:188} INFO - [2024-02-12T19:14:52.833+0000] {dag.py:3036} INFO - Sync 1 DAGs
[2024-02-12T19:14:52.858+0000] {logging_mixin.py:188} INFO - [2024-02-12T19:14:52.858+0000] {dag.py:3823} INFO - Setting next_dagrun for example_task_group to 2024-02-11 00:00:00+00:00, run_after=2024-02-12 00:00:00+00:00
[2024-02-12T19:14:52.880+0000] {processor.py:183} INFO - Processing /home/airflow/.local/lib/python3.8/site-packages/airflow/example_dags/example_task_group.py took 0.088 seconds
[2024-02-12T19:15:23.518+0000] {processor.py:161} INFO - Started process (PID=7678) to work on /home/airflow/.local/lib/python3.8/site-packages/airflow/example_dags/example_task_group.py
[2024-02-12T19:15:23.519+0000] {processor.py:830} INFO - Processing file /home/airflow/.local/lib/python3.8/site-packages/airflow/example_dags/example_task_group.py for tasks to queue
[2024-02-12T19:15:23.520+0000] {logging_mixin.py:188} INFO - [2024-02-12T19:15:23.519+0000] {dagbag.py:538} INFO - Filling up the DagBag from /home/airflow/.local/lib/python3.8/site-packages/airflow/example_dags/example_task_group.py
[2024-02-12T19:15:23.530+0000] {processor.py:840} INFO - DAG(s) 'example_task_group' retrieved from /home/airflow/.local/lib/python3.8/site-packages/airflow/example_dags/example_task_group.py
[2024-02-12T19:15:23.553+0000] {logging_mixin.py:188} INFO - [2024-02-12T19:15:23.553+0000] {dag.py:3036} INFO - Sync 1 DAGs
[2024-02-12T19:15:23.580+0000] {logging_mixin.py:188} INFO - [2024-02-12T19:15:23.579+0000] {dag.py:3823} INFO - Setting next_dagrun for example_task_group to 2024-02-11 00:00:00+00:00, run_after=2024-02-12 00:00:00+00:00
[2024-02-12T19:15:23.605+0000] {processor.py:183} INFO - Processing /home/airflow/.local/lib/python3.8/site-packages/airflow/example_dags/example_task_group.py took 0.091 seconds
[2024-02-12T19:15:53.989+0000] {processor.py:161} INFO - Started process (PID=7926) to work on /home/airflow/.local/lib/python3.8/site-packages/airflow/example_dags/example_task_group.py
[2024-02-12T19:15:53.990+0000] {processor.py:830} INFO - Processing file /home/airflow/.local/lib/python3.8/site-packages/airflow/example_dags/example_task_group.py for tasks to queue
[2024-02-12T19:15:53.991+0000] {logging_mixin.py:188} INFO - [2024-02-12T19:15:53.991+0000] {dagbag.py:538} INFO - Filling up the DagBag from /home/airflow/.local/lib/python3.8/site-packages/airflow/example_dags/example_task_group.py
[2024-02-12T19:15:54.001+0000] {processor.py:840} INFO - DAG(s) 'example_task_group' retrieved from /home/airflow/.local/lib/python3.8/site-packages/airflow/example_dags/example_task_group.py
[2024-02-12T19:15:54.027+0000] {logging_mixin.py:188} INFO - [2024-02-12T19:15:54.027+0000] {dag.py:3036} INFO - Sync 1 DAGs
[2024-02-12T19:15:54.052+0000] {logging_mixin.py:188} INFO - [2024-02-12T19:15:54.052+0000] {dag.py:3823} INFO - Setting next_dagrun for example_task_group to 2024-02-11 00:00:00+00:00, run_after=2024-02-12 00:00:00+00:00
[2024-02-12T19:15:54.076+0000] {processor.py:183} INFO - Processing /home/airflow/.local/lib/python3.8/site-packages/airflow/example_dags/example_task_group.py took 0.091 seconds
[2024-02-12T19:16:24.397+0000] {processor.py:161} INFO - Started process (PID=8174) to work on /home/airflow/.local/lib/python3.8/site-packages/airflow/example_dags/example_task_group.py
[2024-02-12T19:16:24.398+0000] {processor.py:830} INFO - Processing file /home/airflow/.local/lib/python3.8/site-packages/airflow/example_dags/example_task_group.py for tasks to queue
[2024-02-12T19:16:24.400+0000] {logging_mixin.py:188} INFO - [2024-02-12T19:16:24.399+0000] {dagbag.py:538} INFO - Filling up the DagBag from /home/airflow/.local/lib/python3.8/site-packages/airflow/example_dags/example_task_group.py
[2024-02-12T19:16:24.409+0000] {processor.py:840} INFO - DAG(s) 'example_task_group' retrieved from /home/airflow/.local/lib/python3.8/site-packages/airflow/example_dags/example_task_group.py
[2024-02-12T19:16:24.438+0000] {logging_mixin.py:188} INFO - [2024-02-12T19:16:24.438+0000] {dag.py:3036} INFO - Sync 1 DAGs
[2024-02-12T19:16:24.464+0000] {logging_mixin.py:188} INFO - [2024-02-12T19:16:24.464+0000] {dag.py:3823} INFO - Setting next_dagrun for example_task_group to 2024-02-11 00:00:00+00:00, run_after=2024-02-12 00:00:00+00:00
[2024-02-12T19:16:24.487+0000] {processor.py:183} INFO - Processing /home/airflow/.local/lib/python3.8/site-packages/airflow/example_dags/example_task_group.py took 0.093 seconds
[2024-02-12T19:16:54.961+0000] {processor.py:161} INFO - Started process (PID=8421) to work on /home/airflow/.local/lib/python3.8/site-packages/airflow/example_dags/example_task_group.py
[2024-02-12T19:16:54.962+0000] {processor.py:830} INFO - Processing file /home/airflow/.local/lib/python3.8/site-packages/airflow/example_dags/example_task_group.py for tasks to queue
[2024-02-12T19:16:54.963+0000] {logging_mixin.py:188} INFO - [2024-02-12T19:16:54.963+0000] {dagbag.py:538} INFO - Filling up the DagBag from /home/airflow/.local/lib/python3.8/site-packages/airflow/example_dags/example_task_group.py
[2024-02-12T19:16:54.972+0000] {processor.py:840} INFO - DAG(s) 'example_task_group' retrieved from /home/airflow/.local/lib/python3.8/site-packages/airflow/example_dags/example_task_group.py
[2024-02-12T19:16:55.000+0000] {logging_mixin.py:188} INFO - [2024-02-12T19:16:55.000+0000] {dag.py:3036} INFO - Sync 1 DAGs
[2024-02-12T19:16:55.025+0000] {logging_mixin.py:188} INFO - [2024-02-12T19:16:55.025+0000] {dag.py:3823} INFO - Setting next_dagrun for example_task_group to 2024-02-11 00:00:00+00:00, run_after=2024-02-12 00:00:00+00:00
[2024-02-12T19:16:55.050+0000] {processor.py:183} INFO - Processing /home/airflow/.local/lib/python3.8/site-packages/airflow/example_dags/example_task_group.py took 0.092 seconds
[2024-02-12T19:17:25.331+0000] {processor.py:161} INFO - Started process (PID=8668) to work on /home/airflow/.local/lib/python3.8/site-packages/airflow/example_dags/example_task_group.py
[2024-02-12T19:17:25.333+0000] {processor.py:830} INFO - Processing file /home/airflow/.local/lib/python3.8/site-packages/airflow/example_dags/example_task_group.py for tasks to queue
[2024-02-12T19:17:25.334+0000] {logging_mixin.py:188} INFO - [2024-02-12T19:17:25.333+0000] {dagbag.py:538} INFO - Filling up the DagBag from /home/airflow/.local/lib/python3.8/site-packages/airflow/example_dags/example_task_group.py
[2024-02-12T19:17:25.342+0000] {processor.py:840} INFO - DAG(s) 'example_task_group' retrieved from /home/airflow/.local/lib/python3.8/site-packages/airflow/example_dags/example_task_group.py
[2024-02-12T19:17:25.369+0000] {logging_mixin.py:188} INFO - [2024-02-12T19:17:25.369+0000] {dag.py:3036} INFO - Sync 1 DAGs
[2024-02-12T19:17:25.399+0000] {logging_mixin.py:188} INFO - [2024-02-12T19:17:25.398+0000] {dag.py:3823} INFO - Setting next_dagrun for example_task_group to 2024-02-11 00:00:00+00:00, run_after=2024-02-12 00:00:00+00:00
[2024-02-12T19:17:25.424+0000] {processor.py:183} INFO - Processing /home/airflow/.local/lib/python3.8/site-packages/airflow/example_dags/example_task_group.py took 0.095 seconds
[2024-02-12T19:17:55.658+0000] {processor.py:161} INFO - Started process (PID=8915) to work on /home/airflow/.local/lib/python3.8/site-packages/airflow/example_dags/example_task_group.py
[2024-02-12T19:17:55.659+0000] {processor.py:830} INFO - Processing file /home/airflow/.local/lib/python3.8/site-packages/airflow/example_dags/example_task_group.py for tasks to queue
[2024-02-12T19:17:55.660+0000] {logging_mixin.py:188} INFO - [2024-02-12T19:17:55.660+0000] {dagbag.py:538} INFO - Filling up the DagBag from /home/airflow/.local/lib/python3.8/site-packages/airflow/example_dags/example_task_group.py
[2024-02-12T19:17:55.668+0000] {processor.py:840} INFO - DAG(s) 'example_task_group' retrieved from /home/airflow/.local/lib/python3.8/site-packages/airflow/example_dags/example_task_group.py
[2024-02-12T19:17:55.695+0000] {logging_mixin.py:188} INFO - [2024-02-12T19:17:55.695+0000] {dag.py:3036} INFO - Sync 1 DAGs
[2024-02-12T19:17:55.720+0000] {logging_mixin.py:188} INFO - [2024-02-12T19:17:55.720+0000] {dag.py:3823} INFO - Setting next_dagrun for example_task_group to 2024-02-11 00:00:00+00:00, run_after=2024-02-12 00:00:00+00:00
[2024-02-12T19:17:55.761+0000] {processor.py:183} INFO - Processing /home/airflow/.local/lib/python3.8/site-packages/airflow/example_dags/example_task_group.py took 0.106 seconds
[2024-02-12T19:18:25.855+0000] {processor.py:161} INFO - Started process (PID=9160) to work on /home/airflow/.local/lib/python3.8/site-packages/airflow/example_dags/example_task_group.py
[2024-02-12T19:18:25.856+0000] {processor.py:830} INFO - Processing file /home/airflow/.local/lib/python3.8/site-packages/airflow/example_dags/example_task_group.py for tasks to queue
[2024-02-12T19:18:25.857+0000] {logging_mixin.py:188} INFO - [2024-02-12T19:18:25.857+0000] {dagbag.py:538} INFO - Filling up the DagBag from /home/airflow/.local/lib/python3.8/site-packages/airflow/example_dags/example_task_group.py
[2024-02-12T19:18:25.866+0000] {processor.py:840} INFO - DAG(s) 'example_task_group' retrieved from /home/airflow/.local/lib/python3.8/site-packages/airflow/example_dags/example_task_group.py
[2024-02-12T19:18:25.891+0000] {logging_mixin.py:188} INFO - [2024-02-12T19:18:25.890+0000] {dag.py:3036} INFO - Sync 1 DAGs
[2024-02-12T19:18:25.916+0000] {logging_mixin.py:188} INFO - [2024-02-12T19:18:25.915+0000] {dag.py:3823} INFO - Setting next_dagrun for example_task_group to 2024-02-11 00:00:00+00:00, run_after=2024-02-12 00:00:00+00:00
[2024-02-12T19:18:25.962+0000] {processor.py:183} INFO - Processing /home/airflow/.local/lib/python3.8/site-packages/airflow/example_dags/example_task_group.py took 0.112 seconds
[2024-02-12T19:18:56.402+0000] {processor.py:161} INFO - Started process (PID=9404) to work on /home/airflow/.local/lib/python3.8/site-packages/airflow/example_dags/example_task_group.py
[2024-02-12T19:18:56.403+0000] {processor.py:830} INFO - Processing file /home/airflow/.local/lib/python3.8/site-packages/airflow/example_dags/example_task_group.py for tasks to queue
[2024-02-12T19:18:56.405+0000] {logging_mixin.py:188} INFO - [2024-02-12T19:18:56.404+0000] {dagbag.py:538} INFO - Filling up the DagBag from /home/airflow/.local/lib/python3.8/site-packages/airflow/example_dags/example_task_group.py
[2024-02-12T19:18:56.415+0000] {processor.py:840} INFO - DAG(s) 'example_task_group' retrieved from /home/airflow/.local/lib/python3.8/site-packages/airflow/example_dags/example_task_group.py
[2024-02-12T19:18:56.441+0000] {logging_mixin.py:188} INFO - [2024-02-12T19:18:56.441+0000] {dag.py:3036} INFO - Sync 1 DAGs
[2024-02-12T19:18:56.465+0000] {logging_mixin.py:188} INFO - [2024-02-12T19:18:56.465+0000] {dag.py:3823} INFO - Setting next_dagrun for example_task_group to 2024-02-11 00:00:00+00:00, run_after=2024-02-12 00:00:00+00:00
[2024-02-12T19:18:56.518+0000] {processor.py:183} INFO - Processing /home/airflow/.local/lib/python3.8/site-packages/airflow/example_dags/example_task_group.py took 0.119 seconds
[2024-02-12T19:19:26.883+0000] {processor.py:161} INFO - Started process (PID=9651) to work on /home/airflow/.local/lib/python3.8/site-packages/airflow/example_dags/example_task_group.py
[2024-02-12T19:19:26.884+0000] {processor.py:830} INFO - Processing file /home/airflow/.local/lib/python3.8/site-packages/airflow/example_dags/example_task_group.py for tasks to queue
[2024-02-12T19:19:26.884+0000] {logging_mixin.py:188} INFO - [2024-02-12T19:19:26.884+0000] {dagbag.py:538} INFO - Filling up the DagBag from /home/airflow/.local/lib/python3.8/site-packages/airflow/example_dags/example_task_group.py
[2024-02-12T19:19:26.896+0000] {processor.py:840} INFO - DAG(s) 'example_task_group' retrieved from /home/airflow/.local/lib/python3.8/site-packages/airflow/example_dags/example_task_group.py
[2024-02-12T19:19:26.922+0000] {logging_mixin.py:188} INFO - [2024-02-12T19:19:26.922+0000] {dag.py:3036} INFO - Sync 1 DAGs
[2024-02-12T19:19:26.947+0000] {logging_mixin.py:188} INFO - [2024-02-12T19:19:26.947+0000] {dag.py:3823} INFO - Setting next_dagrun for example_task_group to 2024-02-11 00:00:00+00:00, run_after=2024-02-12 00:00:00+00:00
[2024-02-12T19:19:26.971+0000] {processor.py:183} INFO - Processing /home/airflow/.local/lib/python3.8/site-packages/airflow/example_dags/example_task_group.py took 0.091 seconds
[2024-02-12T19:19:57.583+0000] {processor.py:161} INFO - Started process (PID=9898) to work on /home/airflow/.local/lib/python3.8/site-packages/airflow/example_dags/example_task_group.py
[2024-02-12T19:19:57.584+0000] {processor.py:830} INFO - Processing file /home/airflow/.local/lib/python3.8/site-packages/airflow/example_dags/example_task_group.py for tasks to queue
[2024-02-12T19:19:57.585+0000] {logging_mixin.py:188} INFO - [2024-02-12T19:19:57.585+0000] {dagbag.py:538} INFO - Filling up the DagBag from /home/airflow/.local/lib/python3.8/site-packages/airflow/example_dags/example_task_group.py
[2024-02-12T19:19:57.594+0000] {processor.py:840} INFO - DAG(s) 'example_task_group' retrieved from /home/airflow/.local/lib/python3.8/site-packages/airflow/example_dags/example_task_group.py
[2024-02-12T19:19:57.620+0000] {logging_mixin.py:188} INFO - [2024-02-12T19:19:57.620+0000] {dag.py:3036} INFO - Sync 1 DAGs
[2024-02-12T19:19:57.645+0000] {logging_mixin.py:188} INFO - [2024-02-12T19:19:57.645+0000] {dag.py:3823} INFO - Setting next_dagrun for example_task_group to 2024-02-11 00:00:00+00:00, run_after=2024-02-12 00:00:00+00:00
[2024-02-12T19:19:57.671+0000] {processor.py:183} INFO - Processing /home/airflow/.local/lib/python3.8/site-packages/airflow/example_dags/example_task_group.py took 0.091 seconds
[2024-02-12T19:20:28.103+0000] {processor.py:161} INFO - Started process (PID=10146) to work on /home/airflow/.local/lib/python3.8/site-packages/airflow/example_dags/example_task_group.py
[2024-02-12T19:20:28.104+0000] {processor.py:830} INFO - Processing file /home/airflow/.local/lib/python3.8/site-packages/airflow/example_dags/example_task_group.py for tasks to queue
[2024-02-12T19:20:28.106+0000] {logging_mixin.py:188} INFO - [2024-02-12T19:20:28.105+0000] {dagbag.py:538} INFO - Filling up the DagBag from /home/airflow/.local/lib/python3.8/site-packages/airflow/example_dags/example_task_group.py
[2024-02-12T19:20:28.116+0000] {processor.py:840} INFO - DAG(s) 'example_task_group' retrieved from /home/airflow/.local/lib/python3.8/site-packages/airflow/example_dags/example_task_group.py
[2024-02-12T19:20:28.159+0000] {logging_mixin.py:188} INFO - [2024-02-12T19:20:28.159+0000] {dag.py:3036} INFO - Sync 1 DAGs
[2024-02-12T19:20:28.192+0000] {logging_mixin.py:188} INFO - [2024-02-12T19:20:28.192+0000] {dag.py:3823} INFO - Setting next_dagrun for example_task_group to 2024-02-11 00:00:00+00:00, run_after=2024-02-12 00:00:00+00:00
[2024-02-12T19:20:28.236+0000] {processor.py:183} INFO - Processing /home/airflow/.local/lib/python3.8/site-packages/airflow/example_dags/example_task_group.py took 0.136 seconds
[2024-02-12T19:20:59.181+0000] {processor.py:161} INFO - Started process (PID=10394) to work on /home/airflow/.local/lib/python3.8/site-packages/airflow/example_dags/example_task_group.py
[2024-02-12T19:20:59.182+0000] {processor.py:830} INFO - Processing file /home/airflow/.local/lib/python3.8/site-packages/airflow/example_dags/example_task_group.py for tasks to queue
[2024-02-12T19:20:59.183+0000] {logging_mixin.py:188} INFO - [2024-02-12T19:20:59.183+0000] {dagbag.py:538} INFO - Filling up the DagBag from /home/airflow/.local/lib/python3.8/site-packages/airflow/example_dags/example_task_group.py
[2024-02-12T19:20:59.191+0000] {processor.py:840} INFO - DAG(s) 'example_task_group' retrieved from /home/airflow/.local/lib/python3.8/site-packages/airflow/example_dags/example_task_group.py
[2024-02-12T19:20:59.221+0000] {logging_mixin.py:188} INFO - [2024-02-12T19:20:59.221+0000] {dag.py:3036} INFO - Sync 1 DAGs
[2024-02-12T19:20:59.246+0000] {logging_mixin.py:188} INFO - [2024-02-12T19:20:59.246+0000] {dag.py:3823} INFO - Setting next_dagrun for example_task_group to 2024-02-11 00:00:00+00:00, run_after=2024-02-12 00:00:00+00:00
[2024-02-12T19:20:59.269+0000] {processor.py:183} INFO - Processing /home/airflow/.local/lib/python3.8/site-packages/airflow/example_dags/example_task_group.py took 0.091 seconds
[2024-02-12T19:21:29.960+0000] {processor.py:161} INFO - Started process (PID=10642) to work on /home/airflow/.local/lib/python3.8/site-packages/airflow/example_dags/example_task_group.py
[2024-02-12T19:21:29.961+0000] {processor.py:830} INFO - Processing file /home/airflow/.local/lib/python3.8/site-packages/airflow/example_dags/example_task_group.py for tasks to queue
[2024-02-12T19:21:29.962+0000] {logging_mixin.py:188} INFO - [2024-02-12T19:21:29.962+0000] {dagbag.py:538} INFO - Filling up the DagBag from /home/airflow/.local/lib/python3.8/site-packages/airflow/example_dags/example_task_group.py
[2024-02-12T19:21:29.970+0000] {processor.py:840} INFO - DAG(s) 'example_task_group' retrieved from /home/airflow/.local/lib/python3.8/site-packages/airflow/example_dags/example_task_group.py
[2024-02-12T19:21:30.019+0000] {logging_mixin.py:188} INFO - [2024-02-12T19:21:30.018+0000] {dag.py:3036} INFO - Sync 1 DAGs
[2024-02-12T19:21:30.068+0000] {logging_mixin.py:188} INFO - [2024-02-12T19:21:30.067+0000] {dag.py:3823} INFO - Setting next_dagrun for example_task_group to 2024-02-11 00:00:00+00:00, run_after=2024-02-12 00:00:00+00:00
[2024-02-12T19:21:30.111+0000] {processor.py:183} INFO - Processing /home/airflow/.local/lib/python3.8/site-packages/airflow/example_dags/example_task_group.py took 0.153 seconds
[2024-02-12T19:22:00.210+0000] {processor.py:161} INFO - Started process (PID=10889) to work on /home/airflow/.local/lib/python3.8/site-packages/airflow/example_dags/example_task_group.py
[2024-02-12T19:22:00.210+0000] {processor.py:830} INFO - Processing file /home/airflow/.local/lib/python3.8/site-packages/airflow/example_dags/example_task_group.py for tasks to queue
[2024-02-12T19:22:00.211+0000] {logging_mixin.py:188} INFO - [2024-02-12T19:22:00.211+0000] {dagbag.py:538} INFO - Filling up the DagBag from /home/airflow/.local/lib/python3.8/site-packages/airflow/example_dags/example_task_group.py
[2024-02-12T19:22:00.226+0000] {processor.py:840} INFO - DAG(s) 'example_task_group' retrieved from /home/airflow/.local/lib/python3.8/site-packages/airflow/example_dags/example_task_group.py
[2024-02-12T19:22:00.259+0000] {logging_mixin.py:188} INFO - [2024-02-12T19:22:00.259+0000] {dag.py:3036} INFO - Sync 1 DAGs
[2024-02-12T19:22:00.290+0000] {logging_mixin.py:188} INFO - [2024-02-12T19:22:00.289+0000] {dag.py:3823} INFO - Setting next_dagrun for example_task_group to 2024-02-11 00:00:00+00:00, run_after=2024-02-12 00:00:00+00:00
[2024-02-12T19:22:00.321+0000] {processor.py:183} INFO - Processing /home/airflow/.local/lib/python3.8/site-packages/airflow/example_dags/example_task_group.py took 0.114 seconds
[2024-02-12T19:22:30.669+0000] {processor.py:161} INFO - Started process (PID=11136) to work on /home/airflow/.local/lib/python3.8/site-packages/airflow/example_dags/example_task_group.py
[2024-02-12T19:22:30.670+0000] {processor.py:830} INFO - Processing file /home/airflow/.local/lib/python3.8/site-packages/airflow/example_dags/example_task_group.py for tasks to queue
[2024-02-12T19:22:30.671+0000] {logging_mixin.py:188} INFO - [2024-02-12T19:22:30.671+0000] {dagbag.py:538} INFO - Filling up the DagBag from /home/airflow/.local/lib/python3.8/site-packages/airflow/example_dags/example_task_group.py
[2024-02-12T19:22:30.679+0000] {processor.py:840} INFO - DAG(s) 'example_task_group' retrieved from /home/airflow/.local/lib/python3.8/site-packages/airflow/example_dags/example_task_group.py
[2024-02-12T19:22:30.705+0000] {logging_mixin.py:188} INFO - [2024-02-12T19:22:30.704+0000] {dag.py:3036} INFO - Sync 1 DAGs
[2024-02-12T19:22:30.730+0000] {logging_mixin.py:188} INFO - [2024-02-12T19:22:30.730+0000] {dag.py:3823} INFO - Setting next_dagrun for example_task_group to 2024-02-11 00:00:00+00:00, run_after=2024-02-12 00:00:00+00:00
[2024-02-12T19:22:30.757+0000] {processor.py:183} INFO - Processing /home/airflow/.local/lib/python3.8/site-packages/airflow/example_dags/example_task_group.py took 0.091 seconds
[2024-02-12T19:23:00.930+0000] {processor.py:161} INFO - Started process (PID=11383) to work on /home/airflow/.local/lib/python3.8/site-packages/airflow/example_dags/example_task_group.py
[2024-02-12T19:23:00.931+0000] {processor.py:830} INFO - Processing file /home/airflow/.local/lib/python3.8/site-packages/airflow/example_dags/example_task_group.py for tasks to queue
[2024-02-12T19:23:00.932+0000] {logging_mixin.py:188} INFO - [2024-02-12T19:23:00.932+0000] {dagbag.py:538} INFO - Filling up the DagBag from /home/airflow/.local/lib/python3.8/site-packages/airflow/example_dags/example_task_group.py
[2024-02-12T19:23:00.941+0000] {processor.py:840} INFO - DAG(s) 'example_task_group' retrieved from /home/airflow/.local/lib/python3.8/site-packages/airflow/example_dags/example_task_group.py
[2024-02-12T19:23:00.966+0000] {logging_mixin.py:188} INFO - [2024-02-12T19:23:00.966+0000] {dag.py:3036} INFO - Sync 1 DAGs
[2024-02-12T19:23:00.995+0000] {logging_mixin.py:188} INFO - [2024-02-12T19:23:00.995+0000] {dag.py:3823} INFO - Setting next_dagrun for example_task_group to 2024-02-11 00:00:00+00:00, run_after=2024-02-12 00:00:00+00:00
[2024-02-12T19:23:01.018+0000] {processor.py:183} INFO - Processing /home/airflow/.local/lib/python3.8/site-packages/airflow/example_dags/example_task_group.py took 0.091 seconds
[2024-02-12T19:23:31.430+0000] {processor.py:161} INFO - Started process (PID=11630) to work on /home/airflow/.local/lib/python3.8/site-packages/airflow/example_dags/example_task_group.py
[2024-02-12T19:23:31.431+0000] {processor.py:830} INFO - Processing file /home/airflow/.local/lib/python3.8/site-packages/airflow/example_dags/example_task_group.py for tasks to queue
[2024-02-12T19:23:31.432+0000] {logging_mixin.py:188} INFO - [2024-02-12T19:23:31.432+0000] {dagbag.py:538} INFO - Filling up the DagBag from /home/airflow/.local/lib/python3.8/site-packages/airflow/example_dags/example_task_group.py
[2024-02-12T19:23:31.441+0000] {processor.py:840} INFO - DAG(s) 'example_task_group' retrieved from /home/airflow/.local/lib/python3.8/site-packages/airflow/example_dags/example_task_group.py
[2024-02-12T19:23:31.467+0000] {logging_mixin.py:188} INFO - [2024-02-12T19:23:31.467+0000] {dag.py:3036} INFO - Sync 1 DAGs
[2024-02-12T19:23:31.494+0000] {logging_mixin.py:188} INFO - [2024-02-12T19:23:31.493+0000] {dag.py:3823} INFO - Setting next_dagrun for example_task_group to 2024-02-11 00:00:00+00:00, run_after=2024-02-12 00:00:00+00:00
[2024-02-12T19:23:31.519+0000] {processor.py:183} INFO - Processing /home/airflow/.local/lib/python3.8/site-packages/airflow/example_dags/example_task_group.py took 0.092 seconds
[2024-02-12T19:24:01.894+0000] {processor.py:161} INFO - Started process (PID=11877) to work on /home/airflow/.local/lib/python3.8/site-packages/airflow/example_dags/example_task_group.py
[2024-02-12T19:24:01.895+0000] {processor.py:830} INFO - Processing file /home/airflow/.local/lib/python3.8/site-packages/airflow/example_dags/example_task_group.py for tasks to queue
[2024-02-12T19:24:01.896+0000] {logging_mixin.py:188} INFO - [2024-02-12T19:24:01.896+0000] {dagbag.py:538} INFO - Filling up the DagBag from /home/airflow/.local/lib/python3.8/site-packages/airflow/example_dags/example_task_group.py
[2024-02-12T19:24:01.904+0000] {processor.py:840} INFO - DAG(s) 'example_task_group' retrieved from /home/airflow/.local/lib/python3.8/site-packages/airflow/example_dags/example_task_group.py
[2024-02-12T19:24:01.938+0000] {logging_mixin.py:188} INFO - [2024-02-12T19:24:01.938+0000] {dag.py:3036} INFO - Sync 1 DAGs
[2024-02-12T19:24:01.963+0000] {logging_mixin.py:188} INFO - [2024-02-12T19:24:01.962+0000] {dag.py:3823} INFO - Setting next_dagrun for example_task_group to 2024-02-11 00:00:00+00:00, run_after=2024-02-12 00:00:00+00:00
[2024-02-12T19:24:01.990+0000] {processor.py:183} INFO - Processing /home/airflow/.local/lib/python3.8/site-packages/airflow/example_dags/example_task_group.py took 0.099 seconds
[2024-02-12T19:24:32.265+0000] {processor.py:161} INFO - Started process (PID=12124) to work on /home/airflow/.local/lib/python3.8/site-packages/airflow/example_dags/example_task_group.py
[2024-02-12T19:24:32.266+0000] {processor.py:830} INFO - Processing file /home/airflow/.local/lib/python3.8/site-packages/airflow/example_dags/example_task_group.py for tasks to queue
[2024-02-12T19:24:32.267+0000] {logging_mixin.py:188} INFO - [2024-02-12T19:24:32.266+0000] {dagbag.py:538} INFO - Filling up the DagBag from /home/airflow/.local/lib/python3.8/site-packages/airflow/example_dags/example_task_group.py
[2024-02-12T19:24:32.275+0000] {processor.py:840} INFO - DAG(s) 'example_task_group' retrieved from /home/airflow/.local/lib/python3.8/site-packages/airflow/example_dags/example_task_group.py
[2024-02-12T19:24:32.302+0000] {logging_mixin.py:188} INFO - [2024-02-12T19:24:32.302+0000] {dag.py:3036} INFO - Sync 1 DAGs
[2024-02-12T19:24:32.326+0000] {logging_mixin.py:188} INFO - [2024-02-12T19:24:32.326+0000] {dag.py:3823} INFO - Setting next_dagrun for example_task_group to 2024-02-11 00:00:00+00:00, run_after=2024-02-12 00:00:00+00:00
[2024-02-12T19:24:32.350+0000] {processor.py:183} INFO - Processing /home/airflow/.local/lib/python3.8/site-packages/airflow/example_dags/example_task_group.py took 0.088 seconds
[2024-02-12T19:25:02.476+0000] {processor.py:161} INFO - Started process (PID=12372) to work on /home/airflow/.local/lib/python3.8/site-packages/airflow/example_dags/example_task_group.py
[2024-02-12T19:25:02.477+0000] {processor.py:830} INFO - Processing file /home/airflow/.local/lib/python3.8/site-packages/airflow/example_dags/example_task_group.py for tasks to queue
[2024-02-12T19:25:02.480+0000] {logging_mixin.py:188} INFO - [2024-02-12T19:25:02.480+0000] {dagbag.py:538} INFO - Filling up the DagBag from /home/airflow/.local/lib/python3.8/site-packages/airflow/example_dags/example_task_group.py
[2024-02-12T19:25:02.500+0000] {processor.py:840} INFO - DAG(s) 'example_task_group' retrieved from /home/airflow/.local/lib/python3.8/site-packages/airflow/example_dags/example_task_group.py
[2024-02-12T19:25:02.538+0000] {logging_mixin.py:188} INFO - [2024-02-12T19:25:02.537+0000] {dag.py:3036} INFO - Sync 1 DAGs
[2024-02-12T19:25:02.599+0000] {logging_mixin.py:188} INFO - [2024-02-12T19:25:02.598+0000] {dag.py:3823} INFO - Setting next_dagrun for example_task_group to 2024-02-11 00:00:00+00:00, run_after=2024-02-12 00:00:00+00:00
[2024-02-12T19:25:02.634+0000] {processor.py:183} INFO - Processing /home/airflow/.local/lib/python3.8/site-packages/airflow/example_dags/example_task_group.py took 0.162 seconds
[2024-02-12T19:25:33.571+0000] {processor.py:161} INFO - Started process (PID=12618) to work on /home/airflow/.local/lib/python3.8/site-packages/airflow/example_dags/example_task_group.py
[2024-02-12T19:25:33.572+0000] {processor.py:830} INFO - Processing file /home/airflow/.local/lib/python3.8/site-packages/airflow/example_dags/example_task_group.py for tasks to queue
[2024-02-12T19:25:33.572+0000] {logging_mixin.py:188} INFO - [2024-02-12T19:25:33.572+0000] {dagbag.py:538} INFO - Filling up the DagBag from /home/airflow/.local/lib/python3.8/site-packages/airflow/example_dags/example_task_group.py
[2024-02-12T19:25:33.581+0000] {processor.py:840} INFO - DAG(s) 'example_task_group' retrieved from /home/airflow/.local/lib/python3.8/site-packages/airflow/example_dags/example_task_group.py
[2024-02-12T19:25:33.595+0000] {logging_mixin.py:188} INFO - [2024-02-12T19:25:33.594+0000] {dag.py:3036} INFO - Sync 1 DAGs
[2024-02-12T19:25:33.621+0000] {logging_mixin.py:188} INFO - [2024-02-12T19:25:33.621+0000] {dag.py:3823} INFO - Setting next_dagrun for example_task_group to 2024-02-11 00:00:00+00:00, run_after=2024-02-12 00:00:00+00:00
[2024-02-12T19:25:33.644+0000] {processor.py:183} INFO - Processing /home/airflow/.local/lib/python3.8/site-packages/airflow/example_dags/example_task_group.py took 0.077 seconds
[2024-02-12T19:26:03.734+0000] {processor.py:161} INFO - Started process (PID=12865) to work on /home/airflow/.local/lib/python3.8/site-packages/airflow/example_dags/example_task_group.py
[2024-02-12T19:26:03.734+0000] {processor.py:830} INFO - Processing file /home/airflow/.local/lib/python3.8/site-packages/airflow/example_dags/example_task_group.py for tasks to queue
[2024-02-12T19:26:03.735+0000] {logging_mixin.py:188} INFO - [2024-02-12T19:26:03.735+0000] {dagbag.py:538} INFO - Filling up the DagBag from /home/airflow/.local/lib/python3.8/site-packages/airflow/example_dags/example_task_group.py
[2024-02-12T19:26:03.744+0000] {processor.py:840} INFO - DAG(s) 'example_task_group' retrieved from /home/airflow/.local/lib/python3.8/site-packages/airflow/example_dags/example_task_group.py
[2024-02-12T19:26:03.961+0000] {logging_mixin.py:188} INFO - [2024-02-12T19:26:03.960+0000] {dag.py:3036} INFO - Sync 1 DAGs
[2024-02-12T19:26:03.988+0000] {logging_mixin.py:188} INFO - [2024-02-12T19:26:03.988+0000] {dag.py:3823} INFO - Setting next_dagrun for example_task_group to 2024-02-11 00:00:00+00:00, run_after=2024-02-12 00:00:00+00:00
[2024-02-12T19:26:04.017+0000] {processor.py:183} INFO - Processing /home/airflow/.local/lib/python3.8/site-packages/airflow/example_dags/example_task_group.py took 0.287 seconds
