[2024-02-12T19:00:13.649+0000] {processor.py:161} INFO - Started process (PID=296) to work on /home/airflow/.local/lib/python3.8/site-packages/airflow/example_dags/example_bash_operator.py
[2024-02-12T19:00:13.666+0000] {processor.py:830} INFO - Processing file /home/airflow/.local/lib/python3.8/site-packages/airflow/example_dags/example_bash_operator.py for tasks to queue
[2024-02-12T19:00:13.667+0000] {logging_mixin.py:188} INFO - [2024-02-12T19:00:13.667+0000] {dagbag.py:538} INFO - Filling up the DagBag from /home/airflow/.local/lib/python3.8/site-packages/airflow/example_dags/example_bash_operator.py
[2024-02-12T19:00:13.720+0000] {processor.py:840} INFO - DAG(s) 'example_bash_operator' retrieved from /home/airflow/.local/lib/python3.8/site-packages/airflow/example_dags/example_bash_operator.py
[2024-02-12T19:00:13.999+0000] {logging_mixin.py:188} INFO - [2024-02-12T19:00:13.999+0000] {dag.py:3036} INFO - Sync 1 DAGs
[2024-02-12T19:00:14.067+0000] {logging_mixin.py:188} INFO - [2024-02-12T19:00:14.066+0000] {dag.py:3823} INFO - Setting next_dagrun for example_bash_operator to 2024-02-11 00:00:00+00:00, run_after=2024-02-12 00:00:00+00:00
[2024-02-12T19:00:14.115+0000] {processor.py:183} INFO - Processing /home/airflow/.local/lib/python3.8/site-packages/airflow/example_dags/example_bash_operator.py took 0.469 seconds
[2024-02-12T19:00:44.636+0000] {processor.py:161} INFO - Started process (PID=545) to work on /home/airflow/.local/lib/python3.8/site-packages/airflow/example_dags/example_bash_operator.py
[2024-02-12T19:00:44.637+0000] {processor.py:830} INFO - Processing file /home/airflow/.local/lib/python3.8/site-packages/airflow/example_dags/example_bash_operator.py for tasks to queue
[2024-02-12T19:00:44.638+0000] {logging_mixin.py:188} INFO - [2024-02-12T19:00:44.637+0000] {dagbag.py:538} INFO - Filling up the DagBag from /home/airflow/.local/lib/python3.8/site-packages/airflow/example_dags/example_bash_operator.py
[2024-02-12T19:00:44.651+0000] {processor.py:840} INFO - DAG(s) 'example_bash_operator' retrieved from /home/airflow/.local/lib/python3.8/site-packages/airflow/example_dags/example_bash_operator.py
[2024-02-12T19:00:44.688+0000] {logging_mixin.py:188} INFO - [2024-02-12T19:00:44.688+0000] {dag.py:3036} INFO - Sync 1 DAGs
[2024-02-12T19:00:44.718+0000] {logging_mixin.py:188} INFO - [2024-02-12T19:00:44.718+0000] {dag.py:3823} INFO - Setting next_dagrun for example_bash_operator to 2024-02-11 00:00:00+00:00, run_after=2024-02-12 00:00:00+00:00
[2024-02-12T19:00:44.745+0000] {processor.py:183} INFO - Processing /home/airflow/.local/lib/python3.8/site-packages/airflow/example_dags/example_bash_operator.py took 0.113 seconds
[2024-02-12T19:01:14.875+0000] {processor.py:161} INFO - Started process (PID=790) to work on /home/airflow/.local/lib/python3.8/site-packages/airflow/example_dags/example_bash_operator.py
[2024-02-12T19:01:14.876+0000] {processor.py:830} INFO - Processing file /home/airflow/.local/lib/python3.8/site-packages/airflow/example_dags/example_bash_operator.py for tasks to queue
[2024-02-12T19:01:14.877+0000] {logging_mixin.py:188} INFO - [2024-02-12T19:01:14.877+0000] {dagbag.py:538} INFO - Filling up the DagBag from /home/airflow/.local/lib/python3.8/site-packages/airflow/example_dags/example_bash_operator.py
[2024-02-12T19:01:14.897+0000] {processor.py:840} INFO - DAG(s) 'example_bash_operator' retrieved from /home/airflow/.local/lib/python3.8/site-packages/airflow/example_dags/example_bash_operator.py
[2024-02-12T19:01:14.936+0000] {logging_mixin.py:188} INFO - [2024-02-12T19:01:14.935+0000] {dag.py:3036} INFO - Sync 1 DAGs
[2024-02-12T19:01:14.962+0000] {logging_mixin.py:188} INFO - [2024-02-12T19:01:14.962+0000] {dag.py:3823} INFO - Setting next_dagrun for example_bash_operator to 2024-02-11 00:00:00+00:00, run_after=2024-02-12 00:00:00+00:00
[2024-02-12T19:01:14.987+0000] {processor.py:183} INFO - Processing /home/airflow/.local/lib/python3.8/site-packages/airflow/example_dags/example_bash_operator.py took 0.115 seconds
[2024-02-12T19:01:45.310+0000] {processor.py:161} INFO - Started process (PID=1037) to work on /home/airflow/.local/lib/python3.8/site-packages/airflow/example_dags/example_bash_operator.py
[2024-02-12T19:01:45.312+0000] {processor.py:830} INFO - Processing file /home/airflow/.local/lib/python3.8/site-packages/airflow/example_dags/example_bash_operator.py for tasks to queue
[2024-02-12T19:01:45.313+0000] {logging_mixin.py:188} INFO - [2024-02-12T19:01:45.312+0000] {dagbag.py:538} INFO - Filling up the DagBag from /home/airflow/.local/lib/python3.8/site-packages/airflow/example_dags/example_bash_operator.py
[2024-02-12T19:01:45.326+0000] {processor.py:840} INFO - DAG(s) 'example_bash_operator' retrieved from /home/airflow/.local/lib/python3.8/site-packages/airflow/example_dags/example_bash_operator.py
[2024-02-12T19:01:45.363+0000] {logging_mixin.py:188} INFO - [2024-02-12T19:01:45.363+0000] {dag.py:3036} INFO - Sync 1 DAGs
[2024-02-12T19:01:45.433+0000] {logging_mixin.py:188} INFO - [2024-02-12T19:01:45.433+0000] {dag.py:3823} INFO - Setting next_dagrun for example_bash_operator to 2024-02-11 00:00:00+00:00, run_after=2024-02-12 00:00:00+00:00
[2024-02-12T19:01:45.479+0000] {processor.py:183} INFO - Processing /home/airflow/.local/lib/python3.8/site-packages/airflow/example_dags/example_bash_operator.py took 0.172 seconds
[2024-02-12T19:02:15.773+0000] {processor.py:161} INFO - Started process (PID=1284) to work on /home/airflow/.local/lib/python3.8/site-packages/airflow/example_dags/example_bash_operator.py
[2024-02-12T19:02:15.774+0000] {processor.py:830} INFO - Processing file /home/airflow/.local/lib/python3.8/site-packages/airflow/example_dags/example_bash_operator.py for tasks to queue
[2024-02-12T19:02:15.775+0000] {logging_mixin.py:188} INFO - [2024-02-12T19:02:15.775+0000] {dagbag.py:538} INFO - Filling up the DagBag from /home/airflow/.local/lib/python3.8/site-packages/airflow/example_dags/example_bash_operator.py
[2024-02-12T19:02:15.791+0000] {processor.py:840} INFO - DAG(s) 'example_bash_operator' retrieved from /home/airflow/.local/lib/python3.8/site-packages/airflow/example_dags/example_bash_operator.py
[2024-02-12T19:02:15.830+0000] {logging_mixin.py:188} INFO - [2024-02-12T19:02:15.830+0000] {dag.py:3036} INFO - Sync 1 DAGs
[2024-02-12T19:02:15.858+0000] {logging_mixin.py:188} INFO - [2024-02-12T19:02:15.858+0000] {dag.py:3823} INFO - Setting next_dagrun for example_bash_operator to 2024-02-11 00:00:00+00:00, run_after=2024-02-12 00:00:00+00:00
[2024-02-12T19:02:15.882+0000] {processor.py:183} INFO - Processing /home/airflow/.local/lib/python3.8/site-packages/airflow/example_dags/example_bash_operator.py took 0.124 seconds
[2024-02-12T19:02:46.244+0000] {processor.py:161} INFO - Started process (PID=1532) to work on /home/airflow/.local/lib/python3.8/site-packages/airflow/example_dags/example_bash_operator.py
[2024-02-12T19:02:46.245+0000] {processor.py:830} INFO - Processing file /home/airflow/.local/lib/python3.8/site-packages/airflow/example_dags/example_bash_operator.py for tasks to queue
[2024-02-12T19:02:46.246+0000] {logging_mixin.py:188} INFO - [2024-02-12T19:02:46.246+0000] {dagbag.py:538} INFO - Filling up the DagBag from /home/airflow/.local/lib/python3.8/site-packages/airflow/example_dags/example_bash_operator.py
[2024-02-12T19:02:46.260+0000] {processor.py:840} INFO - DAG(s) 'example_bash_operator' retrieved from /home/airflow/.local/lib/python3.8/site-packages/airflow/example_dags/example_bash_operator.py
[2024-02-12T19:02:46.297+0000] {logging_mixin.py:188} INFO - [2024-02-12T19:02:46.297+0000] {dag.py:3036} INFO - Sync 1 DAGs
[2024-02-12T19:02:46.361+0000] {logging_mixin.py:188} INFO - [2024-02-12T19:02:46.360+0000] {dag.py:3823} INFO - Setting next_dagrun for example_bash_operator to 2024-02-11 00:00:00+00:00, run_after=2024-02-12 00:00:00+00:00
[2024-02-12T19:02:46.388+0000] {processor.py:183} INFO - Processing /home/airflow/.local/lib/python3.8/site-packages/airflow/example_dags/example_bash_operator.py took 0.147 seconds
[2024-02-12T19:03:16.676+0000] {processor.py:161} INFO - Started process (PID=1779) to work on /home/airflow/.local/lib/python3.8/site-packages/airflow/example_dags/example_bash_operator.py
[2024-02-12T19:03:16.676+0000] {processor.py:830} INFO - Processing file /home/airflow/.local/lib/python3.8/site-packages/airflow/example_dags/example_bash_operator.py for tasks to queue
[2024-02-12T19:03:16.677+0000] {logging_mixin.py:188} INFO - [2024-02-12T19:03:16.677+0000] {dagbag.py:538} INFO - Filling up the DagBag from /home/airflow/.local/lib/python3.8/site-packages/airflow/example_dags/example_bash_operator.py
[2024-02-12T19:03:16.690+0000] {processor.py:840} INFO - DAG(s) 'example_bash_operator' retrieved from /home/airflow/.local/lib/python3.8/site-packages/airflow/example_dags/example_bash_operator.py
[2024-02-12T19:03:16.727+0000] {logging_mixin.py:188} INFO - [2024-02-12T19:03:16.726+0000] {dag.py:3036} INFO - Sync 1 DAGs
[2024-02-12T19:03:16.755+0000] {logging_mixin.py:188} INFO - [2024-02-12T19:03:16.755+0000] {dag.py:3823} INFO - Setting next_dagrun for example_bash_operator to 2024-02-11 00:00:00+00:00, run_after=2024-02-12 00:00:00+00:00
[2024-02-12T19:03:16.781+0000] {processor.py:183} INFO - Processing /home/airflow/.local/lib/python3.8/site-packages/airflow/example_dags/example_bash_operator.py took 0.108 seconds
[2024-02-12T19:03:47.231+0000] {processor.py:161} INFO - Started process (PID=2029) to work on /home/airflow/.local/lib/python3.8/site-packages/airflow/example_dags/example_bash_operator.py
[2024-02-12T19:03:47.232+0000] {processor.py:830} INFO - Processing file /home/airflow/.local/lib/python3.8/site-packages/airflow/example_dags/example_bash_operator.py for tasks to queue
[2024-02-12T19:03:47.233+0000] {logging_mixin.py:188} INFO - [2024-02-12T19:03:47.232+0000] {dagbag.py:538} INFO - Filling up the DagBag from /home/airflow/.local/lib/python3.8/site-packages/airflow/example_dags/example_bash_operator.py
[2024-02-12T19:03:47.245+0000] {processor.py:840} INFO - DAG(s) 'example_bash_operator' retrieved from /home/airflow/.local/lib/python3.8/site-packages/airflow/example_dags/example_bash_operator.py
[2024-02-12T19:03:47.279+0000] {logging_mixin.py:188} INFO - [2024-02-12T19:03:47.278+0000] {dag.py:3036} INFO - Sync 1 DAGs
[2024-02-12T19:03:47.324+0000] {logging_mixin.py:188} INFO - [2024-02-12T19:03:47.324+0000] {dag.py:3823} INFO - Setting next_dagrun for example_bash_operator to 2024-02-11 00:00:00+00:00, run_after=2024-02-12 00:00:00+00:00
[2024-02-12T19:03:47.359+0000] {processor.py:183} INFO - Processing /home/airflow/.local/lib/python3.8/site-packages/airflow/example_dags/example_bash_operator.py took 0.132 seconds
[2024-02-12T19:04:18.445+0000] {processor.py:161} INFO - Started process (PID=2286) to work on /home/airflow/.local/lib/python3.8/site-packages/airflow/example_dags/example_bash_operator.py
[2024-02-12T19:04:18.450+0000] {processor.py:830} INFO - Processing file /home/airflow/.local/lib/python3.8/site-packages/airflow/example_dags/example_bash_operator.py for tasks to queue
[2024-02-12T19:04:18.459+0000] {logging_mixin.py:188} INFO - [2024-02-12T19:04:18.452+0000] {dagbag.py:538} INFO - Filling up the DagBag from /home/airflow/.local/lib/python3.8/site-packages/airflow/example_dags/example_bash_operator.py
[2024-02-12T19:04:18.541+0000] {processor.py:840} INFO - DAG(s) 'example_bash_operator' retrieved from /home/airflow/.local/lib/python3.8/site-packages/airflow/example_dags/example_bash_operator.py
[2024-02-12T19:04:18.747+0000] {logging_mixin.py:188} INFO - [2024-02-12T19:04:18.747+0000] {dag.py:3036} INFO - Sync 1 DAGs
[2024-02-12T19:04:18.857+0000] {logging_mixin.py:188} INFO - [2024-02-12T19:04:18.856+0000] {dag.py:3823} INFO - Setting next_dagrun for example_bash_operator to 2024-02-12 00:00:00+00:00, run_after=2024-02-13 00:00:00+00:00
[2024-02-12T19:04:18.930+0000] {processor.py:183} INFO - Processing /home/airflow/.local/lib/python3.8/site-packages/airflow/example_dags/example_bash_operator.py took 0.499 seconds
[2024-02-12T19:04:49.900+0000] {processor.py:161} INFO - Started process (PID=2547) to work on /home/airflow/.local/lib/python3.8/site-packages/airflow/example_dags/example_bash_operator.py
[2024-02-12T19:04:49.901+0000] {processor.py:830} INFO - Processing file /home/airflow/.local/lib/python3.8/site-packages/airflow/example_dags/example_bash_operator.py for tasks to queue
[2024-02-12T19:04:49.902+0000] {logging_mixin.py:188} INFO - [2024-02-12T19:04:49.901+0000] {dagbag.py:538} INFO - Filling up the DagBag from /home/airflow/.local/lib/python3.8/site-packages/airflow/example_dags/example_bash_operator.py
[2024-02-12T19:04:49.917+0000] {processor.py:840} INFO - DAG(s) 'example_bash_operator' retrieved from /home/airflow/.local/lib/python3.8/site-packages/airflow/example_dags/example_bash_operator.py
[2024-02-12T19:04:49.953+0000] {logging_mixin.py:188} INFO - [2024-02-12T19:04:49.953+0000] {dag.py:3036} INFO - Sync 1 DAGs
[2024-02-12T19:04:49.980+0000] {logging_mixin.py:188} INFO - [2024-02-12T19:04:49.979+0000] {dag.py:3823} INFO - Setting next_dagrun for example_bash_operator to 2024-02-12 00:00:00+00:00, run_after=2024-02-13 00:00:00+00:00
[2024-02-12T19:04:50.009+0000] {processor.py:183} INFO - Processing /home/airflow/.local/lib/python3.8/site-packages/airflow/example_dags/example_bash_operator.py took 0.112 seconds
[2024-02-12T19:05:20.477+0000] {processor.py:161} INFO - Started process (PID=2794) to work on /home/airflow/.local/lib/python3.8/site-packages/airflow/example_dags/example_bash_operator.py
[2024-02-12T19:05:20.478+0000] {processor.py:830} INFO - Processing file /home/airflow/.local/lib/python3.8/site-packages/airflow/example_dags/example_bash_operator.py for tasks to queue
[2024-02-12T19:05:20.479+0000] {logging_mixin.py:188} INFO - [2024-02-12T19:05:20.478+0000] {dagbag.py:538} INFO - Filling up the DagBag from /home/airflow/.local/lib/python3.8/site-packages/airflow/example_dags/example_bash_operator.py
[2024-02-12T19:05:20.493+0000] {processor.py:840} INFO - DAG(s) 'example_bash_operator' retrieved from /home/airflow/.local/lib/python3.8/site-packages/airflow/example_dags/example_bash_operator.py
[2024-02-12T19:05:20.575+0000] {logging_mixin.py:188} INFO - [2024-02-12T19:05:20.574+0000] {dag.py:3036} INFO - Sync 1 DAGs
[2024-02-12T19:05:20.603+0000] {logging_mixin.py:188} INFO - [2024-02-12T19:05:20.603+0000] {dag.py:3823} INFO - Setting next_dagrun for example_bash_operator to 2024-02-12 00:00:00+00:00, run_after=2024-02-13 00:00:00+00:00
[2024-02-12T19:05:20.631+0000] {processor.py:183} INFO - Processing /home/airflow/.local/lib/python3.8/site-packages/airflow/example_dags/example_bash_operator.py took 0.157 seconds
[2024-02-12T19:05:51.262+0000] {processor.py:161} INFO - Started process (PID=3041) to work on /home/airflow/.local/lib/python3.8/site-packages/airflow/example_dags/example_bash_operator.py
[2024-02-12T19:05:51.263+0000] {processor.py:830} INFO - Processing file /home/airflow/.local/lib/python3.8/site-packages/airflow/example_dags/example_bash_operator.py for tasks to queue
[2024-02-12T19:05:51.264+0000] {logging_mixin.py:188} INFO - [2024-02-12T19:05:51.264+0000] {dagbag.py:538} INFO - Filling up the DagBag from /home/airflow/.local/lib/python3.8/site-packages/airflow/example_dags/example_bash_operator.py
[2024-02-12T19:05:51.278+0000] {processor.py:840} INFO - DAG(s) 'example_bash_operator' retrieved from /home/airflow/.local/lib/python3.8/site-packages/airflow/example_dags/example_bash_operator.py
[2024-02-12T19:05:51.319+0000] {logging_mixin.py:188} INFO - [2024-02-12T19:05:51.319+0000] {dag.py:3036} INFO - Sync 1 DAGs
[2024-02-12T19:05:51.349+0000] {logging_mixin.py:188} INFO - [2024-02-12T19:05:51.349+0000] {dag.py:3823} INFO - Setting next_dagrun for example_bash_operator to 2024-02-12 00:00:00+00:00, run_after=2024-02-13 00:00:00+00:00
[2024-02-12T19:05:51.374+0000] {processor.py:183} INFO - Processing /home/airflow/.local/lib/python3.8/site-packages/airflow/example_dags/example_bash_operator.py took 0.116 seconds
[2024-02-12T19:06:22.114+0000] {processor.py:161} INFO - Started process (PID=3289) to work on /home/airflow/.local/lib/python3.8/site-packages/airflow/example_dags/example_bash_operator.py
[2024-02-12T19:06:22.115+0000] {processor.py:830} INFO - Processing file /home/airflow/.local/lib/python3.8/site-packages/airflow/example_dags/example_bash_operator.py for tasks to queue
[2024-02-12T19:06:22.116+0000] {logging_mixin.py:188} INFO - [2024-02-12T19:06:22.115+0000] {dagbag.py:538} INFO - Filling up the DagBag from /home/airflow/.local/lib/python3.8/site-packages/airflow/example_dags/example_bash_operator.py
[2024-02-12T19:06:22.134+0000] {processor.py:840} INFO - DAG(s) 'example_bash_operator' retrieved from /home/airflow/.local/lib/python3.8/site-packages/airflow/example_dags/example_bash_operator.py
[2024-02-12T19:06:22.173+0000] {logging_mixin.py:188} INFO - [2024-02-12T19:06:22.173+0000] {dag.py:3036} INFO - Sync 1 DAGs
[2024-02-12T19:06:22.202+0000] {logging_mixin.py:188} INFO - [2024-02-12T19:06:22.201+0000] {dag.py:3823} INFO - Setting next_dagrun for example_bash_operator to 2024-02-12 00:00:00+00:00, run_after=2024-02-13 00:00:00+00:00
[2024-02-12T19:06:22.226+0000] {processor.py:183} INFO - Processing /home/airflow/.local/lib/python3.8/site-packages/airflow/example_dags/example_bash_operator.py took 0.115 seconds
[2024-02-12T19:06:52.365+0000] {processor.py:161} INFO - Started process (PID=3536) to work on /home/airflow/.local/lib/python3.8/site-packages/airflow/example_dags/example_bash_operator.py
[2024-02-12T19:06:52.366+0000] {processor.py:830} INFO - Processing file /home/airflow/.local/lib/python3.8/site-packages/airflow/example_dags/example_bash_operator.py for tasks to queue
[2024-02-12T19:06:52.367+0000] {logging_mixin.py:188} INFO - [2024-02-12T19:06:52.367+0000] {dagbag.py:538} INFO - Filling up the DagBag from /home/airflow/.local/lib/python3.8/site-packages/airflow/example_dags/example_bash_operator.py
[2024-02-12T19:06:52.383+0000] {processor.py:840} INFO - DAG(s) 'example_bash_operator' retrieved from /home/airflow/.local/lib/python3.8/site-packages/airflow/example_dags/example_bash_operator.py
[2024-02-12T19:06:52.471+0000] {logging_mixin.py:188} INFO - [2024-02-12T19:06:52.471+0000] {dag.py:3036} INFO - Sync 1 DAGs
[2024-02-12T19:06:52.499+0000] {logging_mixin.py:188} INFO - [2024-02-12T19:06:52.498+0000] {dag.py:3823} INFO - Setting next_dagrun for example_bash_operator to 2024-02-12 00:00:00+00:00, run_after=2024-02-13 00:00:00+00:00
[2024-02-12T19:06:52.535+0000] {processor.py:183} INFO - Processing /home/airflow/.local/lib/python3.8/site-packages/airflow/example_dags/example_bash_operator.py took 0.173 seconds
[2024-02-12T19:07:23.394+0000] {processor.py:161} INFO - Started process (PID=3784) to work on /home/airflow/.local/lib/python3.8/site-packages/airflow/example_dags/example_bash_operator.py
[2024-02-12T19:07:23.401+0000] {processor.py:830} INFO - Processing file /home/airflow/.local/lib/python3.8/site-packages/airflow/example_dags/example_bash_operator.py for tasks to queue
[2024-02-12T19:07:23.402+0000] {logging_mixin.py:188} INFO - [2024-02-12T19:07:23.401+0000] {dagbag.py:538} INFO - Filling up the DagBag from /home/airflow/.local/lib/python3.8/site-packages/airflow/example_dags/example_bash_operator.py
[2024-02-12T19:07:23.430+0000] {processor.py:840} INFO - DAG(s) 'example_bash_operator' retrieved from /home/airflow/.local/lib/python3.8/site-packages/airflow/example_dags/example_bash_operator.py
[2024-02-12T19:07:23.473+0000] {logging_mixin.py:188} INFO - [2024-02-12T19:07:23.473+0000] {dag.py:3036} INFO - Sync 1 DAGs
[2024-02-12T19:07:23.500+0000] {logging_mixin.py:188} INFO - [2024-02-12T19:07:23.499+0000] {dag.py:3823} INFO - Setting next_dagrun for example_bash_operator to 2024-02-12 00:00:00+00:00, run_after=2024-02-13 00:00:00+00:00
[2024-02-12T19:07:23.535+0000] {processor.py:183} INFO - Processing /home/airflow/.local/lib/python3.8/site-packages/airflow/example_dags/example_bash_operator.py took 0.145 seconds
[2024-02-12T19:07:54.487+0000] {processor.py:161} INFO - Started process (PID=4031) to work on /home/airflow/.local/lib/python3.8/site-packages/airflow/example_dags/example_bash_operator.py
[2024-02-12T19:07:54.488+0000] {processor.py:830} INFO - Processing file /home/airflow/.local/lib/python3.8/site-packages/airflow/example_dags/example_bash_operator.py for tasks to queue
[2024-02-12T19:07:54.489+0000] {logging_mixin.py:188} INFO - [2024-02-12T19:07:54.489+0000] {dagbag.py:538} INFO - Filling up the DagBag from /home/airflow/.local/lib/python3.8/site-packages/airflow/example_dags/example_bash_operator.py
[2024-02-12T19:07:54.506+0000] {processor.py:840} INFO - DAG(s) 'example_bash_operator' retrieved from /home/airflow/.local/lib/python3.8/site-packages/airflow/example_dags/example_bash_operator.py
[2024-02-12T19:07:54.553+0000] {logging_mixin.py:188} INFO - [2024-02-12T19:07:54.552+0000] {dag.py:3036} INFO - Sync 1 DAGs
[2024-02-12T19:07:54.587+0000] {logging_mixin.py:188} INFO - [2024-02-12T19:07:54.587+0000] {dag.py:3823} INFO - Setting next_dagrun for example_bash_operator to 2024-02-12 00:00:00+00:00, run_after=2024-02-13 00:00:00+00:00
[2024-02-12T19:07:54.621+0000] {processor.py:183} INFO - Processing /home/airflow/.local/lib/python3.8/site-packages/airflow/example_dags/example_bash_operator.py took 0.139 seconds
[2024-02-12T19:08:24.816+0000] {processor.py:161} INFO - Started process (PID=4279) to work on /home/airflow/.local/lib/python3.8/site-packages/airflow/example_dags/example_bash_operator.py
[2024-02-12T19:08:24.817+0000] {processor.py:830} INFO - Processing file /home/airflow/.local/lib/python3.8/site-packages/airflow/example_dags/example_bash_operator.py for tasks to queue
[2024-02-12T19:08:24.818+0000] {logging_mixin.py:188} INFO - [2024-02-12T19:08:24.817+0000] {dagbag.py:538} INFO - Filling up the DagBag from /home/airflow/.local/lib/python3.8/site-packages/airflow/example_dags/example_bash_operator.py
[2024-02-12T19:08:24.827+0000] {processor.py:840} INFO - DAG(s) 'example_bash_operator' retrieved from /home/airflow/.local/lib/python3.8/site-packages/airflow/example_dags/example_bash_operator.py
[2024-02-12T19:08:24.856+0000] {logging_mixin.py:188} INFO - [2024-02-12T19:08:24.856+0000] {dag.py:3036} INFO - Sync 1 DAGs
[2024-02-12T19:08:24.876+0000] {logging_mixin.py:188} INFO - [2024-02-12T19:08:24.876+0000] {dag.py:3823} INFO - Setting next_dagrun for example_bash_operator to 2024-02-12 00:00:00+00:00, run_after=2024-02-13 00:00:00+00:00
[2024-02-12T19:08:24.905+0000] {processor.py:183} INFO - Processing /home/airflow/.local/lib/python3.8/site-packages/airflow/example_dags/example_bash_operator.py took 0.092 seconds
[2024-02-12T19:08:55.070+0000] {processor.py:161} INFO - Started process (PID=4527) to work on /home/airflow/.local/lib/python3.8/site-packages/airflow/example_dags/example_bash_operator.py
[2024-02-12T19:08:55.070+0000] {processor.py:830} INFO - Processing file /home/airflow/.local/lib/python3.8/site-packages/airflow/example_dags/example_bash_operator.py for tasks to queue
[2024-02-12T19:08:55.071+0000] {logging_mixin.py:188} INFO - [2024-02-12T19:08:55.071+0000] {dagbag.py:538} INFO - Filling up the DagBag from /home/airflow/.local/lib/python3.8/site-packages/airflow/example_dags/example_bash_operator.py
[2024-02-12T19:08:55.101+0000] {processor.py:840} INFO - DAG(s) 'example_bash_operator' retrieved from /home/airflow/.local/lib/python3.8/site-packages/airflow/example_dags/example_bash_operator.py
[2024-02-12T19:08:55.168+0000] {logging_mixin.py:188} INFO - [2024-02-12T19:08:55.168+0000] {dag.py:3036} INFO - Sync 1 DAGs
[2024-02-12T19:08:55.194+0000] {logging_mixin.py:188} INFO - [2024-02-12T19:08:55.194+0000] {dag.py:3823} INFO - Setting next_dagrun for example_bash_operator to 2024-02-12 00:00:00+00:00, run_after=2024-02-13 00:00:00+00:00
[2024-02-12T19:08:55.224+0000] {processor.py:183} INFO - Processing /home/airflow/.local/lib/python3.8/site-packages/airflow/example_dags/example_bash_operator.py took 0.158 seconds
[2024-02-12T19:09:25.349+0000] {processor.py:161} INFO - Started process (PID=4776) to work on /home/airflow/.local/lib/python3.8/site-packages/airflow/example_dags/example_bash_operator.py
[2024-02-12T19:09:25.350+0000] {processor.py:830} INFO - Processing file /home/airflow/.local/lib/python3.8/site-packages/airflow/example_dags/example_bash_operator.py for tasks to queue
[2024-02-12T19:09:25.351+0000] {logging_mixin.py:188} INFO - [2024-02-12T19:09:25.351+0000] {dagbag.py:538} INFO - Filling up the DagBag from /home/airflow/.local/lib/python3.8/site-packages/airflow/example_dags/example_bash_operator.py
[2024-02-12T19:09:25.365+0000] {processor.py:840} INFO - DAG(s) 'example_bash_operator' retrieved from /home/airflow/.local/lib/python3.8/site-packages/airflow/example_dags/example_bash_operator.py
[2024-02-12T19:09:25.431+0000] {logging_mixin.py:188} INFO - [2024-02-12T19:09:25.431+0000] {dag.py:3036} INFO - Sync 1 DAGs
[2024-02-12T19:09:25.462+0000] {logging_mixin.py:188} INFO - [2024-02-12T19:09:25.461+0000] {dag.py:3823} INFO - Setting next_dagrun for example_bash_operator to 2024-02-12 00:00:00+00:00, run_after=2024-02-13 00:00:00+00:00
[2024-02-12T19:09:25.508+0000] {processor.py:183} INFO - Processing /home/airflow/.local/lib/python3.8/site-packages/airflow/example_dags/example_bash_operator.py took 0.162 seconds
[2024-02-12T19:09:55.615+0000] {processor.py:161} INFO - Started process (PID=5023) to work on /home/airflow/.local/lib/python3.8/site-packages/airflow/example_dags/example_bash_operator.py
[2024-02-12T19:09:55.616+0000] {processor.py:830} INFO - Processing file /home/airflow/.local/lib/python3.8/site-packages/airflow/example_dags/example_bash_operator.py for tasks to queue
[2024-02-12T19:09:55.617+0000] {logging_mixin.py:188} INFO - [2024-02-12T19:09:55.617+0000] {dagbag.py:538} INFO - Filling up the DagBag from /home/airflow/.local/lib/python3.8/site-packages/airflow/example_dags/example_bash_operator.py
[2024-02-12T19:09:55.631+0000] {processor.py:840} INFO - DAG(s) 'example_bash_operator' retrieved from /home/airflow/.local/lib/python3.8/site-packages/airflow/example_dags/example_bash_operator.py
[2024-02-12T19:09:55.667+0000] {logging_mixin.py:188} INFO - [2024-02-12T19:09:55.667+0000] {dag.py:3036} INFO - Sync 1 DAGs
[2024-02-12T19:09:55.696+0000] {logging_mixin.py:188} INFO - [2024-02-12T19:09:55.696+0000] {dag.py:3823} INFO - Setting next_dagrun for example_bash_operator to 2024-02-12 00:00:00+00:00, run_after=2024-02-13 00:00:00+00:00
[2024-02-12T19:09:55.722+0000] {processor.py:183} INFO - Processing /home/airflow/.local/lib/python3.8/site-packages/airflow/example_dags/example_bash_operator.py took 0.110 seconds
[2024-02-12T19:10:26.168+0000] {processor.py:161} INFO - Started process (PID=5270) to work on /home/airflow/.local/lib/python3.8/site-packages/airflow/example_dags/example_bash_operator.py
[2024-02-12T19:10:26.169+0000] {processor.py:830} INFO - Processing file /home/airflow/.local/lib/python3.8/site-packages/airflow/example_dags/example_bash_operator.py for tasks to queue
[2024-02-12T19:10:26.170+0000] {logging_mixin.py:188} INFO - [2024-02-12T19:10:26.170+0000] {dagbag.py:538} INFO - Filling up the DagBag from /home/airflow/.local/lib/python3.8/site-packages/airflow/example_dags/example_bash_operator.py
[2024-02-12T19:10:26.194+0000] {processor.py:840} INFO - DAG(s) 'example_bash_operator' retrieved from /home/airflow/.local/lib/python3.8/site-packages/airflow/example_dags/example_bash_operator.py
[2024-02-12T19:10:26.248+0000] {logging_mixin.py:188} INFO - [2024-02-12T19:10:26.247+0000] {dag.py:3036} INFO - Sync 1 DAGs
[2024-02-12T19:10:26.276+0000] {logging_mixin.py:188} INFO - [2024-02-12T19:10:26.276+0000] {dag.py:3823} INFO - Setting next_dagrun for example_bash_operator to 2024-02-12 00:00:00+00:00, run_after=2024-02-13 00:00:00+00:00
[2024-02-12T19:10:26.310+0000] {processor.py:183} INFO - Processing /home/airflow/.local/lib/python3.8/site-packages/airflow/example_dags/example_bash_operator.py took 0.146 seconds
[2024-02-12T19:10:56.949+0000] {processor.py:161} INFO - Started process (PID=5518) to work on /home/airflow/.local/lib/python3.8/site-packages/airflow/example_dags/example_bash_operator.py
[2024-02-12T19:10:56.949+0000] {processor.py:830} INFO - Processing file /home/airflow/.local/lib/python3.8/site-packages/airflow/example_dags/example_bash_operator.py for tasks to queue
[2024-02-12T19:10:56.950+0000] {logging_mixin.py:188} INFO - [2024-02-12T19:10:56.950+0000] {dagbag.py:538} INFO - Filling up the DagBag from /home/airflow/.local/lib/python3.8/site-packages/airflow/example_dags/example_bash_operator.py
[2024-02-12T19:10:56.964+0000] {processor.py:840} INFO - DAG(s) 'example_bash_operator' retrieved from /home/airflow/.local/lib/python3.8/site-packages/airflow/example_dags/example_bash_operator.py
[2024-02-12T19:10:57.002+0000] {logging_mixin.py:188} INFO - [2024-02-12T19:10:57.002+0000] {dag.py:3036} INFO - Sync 1 DAGs
[2024-02-12T19:10:57.029+0000] {logging_mixin.py:188} INFO - [2024-02-12T19:10:57.029+0000] {dag.py:3823} INFO - Setting next_dagrun for example_bash_operator to 2024-02-12 00:00:00+00:00, run_after=2024-02-13 00:00:00+00:00
[2024-02-12T19:10:57.062+0000] {processor.py:183} INFO - Processing /home/airflow/.local/lib/python3.8/site-packages/airflow/example_dags/example_bash_operator.py took 0.117 seconds
[2024-02-12T19:11:27.436+0000] {processor.py:161} INFO - Started process (PID=5765) to work on /home/airflow/.local/lib/python3.8/site-packages/airflow/example_dags/example_bash_operator.py
[2024-02-12T19:11:27.437+0000] {processor.py:830} INFO - Processing file /home/airflow/.local/lib/python3.8/site-packages/airflow/example_dags/example_bash_operator.py for tasks to queue
[2024-02-12T19:11:27.438+0000] {logging_mixin.py:188} INFO - [2024-02-12T19:11:27.437+0000] {dagbag.py:538} INFO - Filling up the DagBag from /home/airflow/.local/lib/python3.8/site-packages/airflow/example_dags/example_bash_operator.py
[2024-02-12T19:11:27.452+0000] {processor.py:840} INFO - DAG(s) 'example_bash_operator' retrieved from /home/airflow/.local/lib/python3.8/site-packages/airflow/example_dags/example_bash_operator.py
[2024-02-12T19:11:27.490+0000] {logging_mixin.py:188} INFO - [2024-02-12T19:11:27.489+0000] {dag.py:3036} INFO - Sync 1 DAGs
[2024-02-12T19:11:27.518+0000] {logging_mixin.py:188} INFO - [2024-02-12T19:11:27.518+0000] {dag.py:3823} INFO - Setting next_dagrun for example_bash_operator to 2024-02-12 00:00:00+00:00, run_after=2024-02-13 00:00:00+00:00
[2024-02-12T19:11:27.547+0000] {processor.py:183} INFO - Processing /home/airflow/.local/lib/python3.8/site-packages/airflow/example_dags/example_bash_operator.py took 0.114 seconds
[2024-02-12T19:11:57.894+0000] {processor.py:161} INFO - Started process (PID=6012) to work on /home/airflow/.local/lib/python3.8/site-packages/airflow/example_dags/example_bash_operator.py
[2024-02-12T19:11:57.895+0000] {processor.py:830} INFO - Processing file /home/airflow/.local/lib/python3.8/site-packages/airflow/example_dags/example_bash_operator.py for tasks to queue
[2024-02-12T19:11:57.896+0000] {logging_mixin.py:188} INFO - [2024-02-12T19:11:57.896+0000] {dagbag.py:538} INFO - Filling up the DagBag from /home/airflow/.local/lib/python3.8/site-packages/airflow/example_dags/example_bash_operator.py
[2024-02-12T19:11:57.913+0000] {processor.py:840} INFO - DAG(s) 'example_bash_operator' retrieved from /home/airflow/.local/lib/python3.8/site-packages/airflow/example_dags/example_bash_operator.py
[2024-02-12T19:11:57.949+0000] {logging_mixin.py:188} INFO - [2024-02-12T19:11:57.949+0000] {dag.py:3036} INFO - Sync 1 DAGs
[2024-02-12T19:11:57.978+0000] {logging_mixin.py:188} INFO - [2024-02-12T19:11:57.978+0000] {dag.py:3823} INFO - Setting next_dagrun for example_bash_operator to 2024-02-12 00:00:00+00:00, run_after=2024-02-13 00:00:00+00:00
[2024-02-12T19:11:58.007+0000] {processor.py:183} INFO - Processing /home/airflow/.local/lib/python3.8/site-packages/airflow/example_dags/example_bash_operator.py took 0.117 seconds
[2024-02-12T19:12:28.800+0000] {processor.py:161} INFO - Started process (PID=6259) to work on /home/airflow/.local/lib/python3.8/site-packages/airflow/example_dags/example_bash_operator.py
[2024-02-12T19:12:28.801+0000] {processor.py:830} INFO - Processing file /home/airflow/.local/lib/python3.8/site-packages/airflow/example_dags/example_bash_operator.py for tasks to queue
[2024-02-12T19:12:28.802+0000] {logging_mixin.py:188} INFO - [2024-02-12T19:12:28.802+0000] {dagbag.py:538} INFO - Filling up the DagBag from /home/airflow/.local/lib/python3.8/site-packages/airflow/example_dags/example_bash_operator.py
[2024-02-12T19:12:28.816+0000] {processor.py:840} INFO - DAG(s) 'example_bash_operator' retrieved from /home/airflow/.local/lib/python3.8/site-packages/airflow/example_dags/example_bash_operator.py
[2024-02-12T19:12:28.854+0000] {logging_mixin.py:188} INFO - [2024-02-12T19:12:28.854+0000] {dag.py:3036} INFO - Sync 1 DAGs
[2024-02-12T19:12:28.892+0000] {logging_mixin.py:188} INFO - [2024-02-12T19:12:28.892+0000] {dag.py:3823} INFO - Setting next_dagrun for example_bash_operator to 2024-02-12 00:00:00+00:00, run_after=2024-02-13 00:00:00+00:00
[2024-02-12T19:12:28.917+0000] {processor.py:183} INFO - Processing /home/airflow/.local/lib/python3.8/site-packages/airflow/example_dags/example_bash_operator.py took 0.121 seconds
[2024-02-12T19:12:59.318+0000] {processor.py:161} INFO - Started process (PID=6508) to work on /home/airflow/.local/lib/python3.8/site-packages/airflow/example_dags/example_bash_operator.py
[2024-02-12T19:12:59.319+0000] {processor.py:830} INFO - Processing file /home/airflow/.local/lib/python3.8/site-packages/airflow/example_dags/example_bash_operator.py for tasks to queue
[2024-02-12T19:12:59.320+0000] {logging_mixin.py:188} INFO - [2024-02-12T19:12:59.319+0000] {dagbag.py:538} INFO - Filling up the DagBag from /home/airflow/.local/lib/python3.8/site-packages/airflow/example_dags/example_bash_operator.py
[2024-02-12T19:12:59.335+0000] {processor.py:840} INFO - DAG(s) 'example_bash_operator' retrieved from /home/airflow/.local/lib/python3.8/site-packages/airflow/example_dags/example_bash_operator.py
[2024-02-12T19:12:59.389+0000] {logging_mixin.py:188} INFO - [2024-02-12T19:12:59.388+0000] {dag.py:3036} INFO - Sync 1 DAGs
[2024-02-12T19:12:59.418+0000] {logging_mixin.py:188} INFO - [2024-02-12T19:12:59.417+0000] {dag.py:3823} INFO - Setting next_dagrun for example_bash_operator to 2024-02-12 00:00:00+00:00, run_after=2024-02-13 00:00:00+00:00
[2024-02-12T19:12:59.445+0000] {processor.py:183} INFO - Processing /home/airflow/.local/lib/python3.8/site-packages/airflow/example_dags/example_bash_operator.py took 0.130 seconds
[2024-02-12T19:13:29.651+0000] {processor.py:161} INFO - Started process (PID=6756) to work on /home/airflow/.local/lib/python3.8/site-packages/airflow/example_dags/example_bash_operator.py
[2024-02-12T19:13:29.653+0000] {processor.py:830} INFO - Processing file /home/airflow/.local/lib/python3.8/site-packages/airflow/example_dags/example_bash_operator.py for tasks to queue
[2024-02-12T19:13:29.654+0000] {logging_mixin.py:188} INFO - [2024-02-12T19:13:29.654+0000] {dagbag.py:538} INFO - Filling up the DagBag from /home/airflow/.local/lib/python3.8/site-packages/airflow/example_dags/example_bash_operator.py
[2024-02-12T19:13:29.668+0000] {processor.py:840} INFO - DAG(s) 'example_bash_operator' retrieved from /home/airflow/.local/lib/python3.8/site-packages/airflow/example_dags/example_bash_operator.py
[2024-02-12T19:13:29.718+0000] {logging_mixin.py:188} INFO - [2024-02-12T19:13:29.717+0000] {dag.py:3036} INFO - Sync 1 DAGs
[2024-02-12T19:13:29.747+0000] {logging_mixin.py:188} INFO - [2024-02-12T19:13:29.746+0000] {dag.py:3823} INFO - Setting next_dagrun for example_bash_operator to 2024-02-12 00:00:00+00:00, run_after=2024-02-13 00:00:00+00:00
[2024-02-12T19:13:29.771+0000] {processor.py:183} INFO - Processing /home/airflow/.local/lib/python3.8/site-packages/airflow/example_dags/example_bash_operator.py took 0.124 seconds
[2024-02-12T19:13:59.981+0000] {processor.py:161} INFO - Started process (PID=7003) to work on /home/airflow/.local/lib/python3.8/site-packages/airflow/example_dags/example_bash_operator.py
[2024-02-12T19:13:59.983+0000] {processor.py:830} INFO - Processing file /home/airflow/.local/lib/python3.8/site-packages/airflow/example_dags/example_bash_operator.py for tasks to queue
[2024-02-12T19:13:59.984+0000] {logging_mixin.py:188} INFO - [2024-02-12T19:13:59.983+0000] {dagbag.py:538} INFO - Filling up the DagBag from /home/airflow/.local/lib/python3.8/site-packages/airflow/example_dags/example_bash_operator.py
[2024-02-12T19:14:00.000+0000] {processor.py:840} INFO - DAG(s) 'example_bash_operator' retrieved from /home/airflow/.local/lib/python3.8/site-packages/airflow/example_dags/example_bash_operator.py
[2024-02-12T19:14:00.038+0000] {logging_mixin.py:188} INFO - [2024-02-12T19:14:00.038+0000] {dag.py:3036} INFO - Sync 1 DAGs
[2024-02-12T19:14:00.069+0000] {logging_mixin.py:188} INFO - [2024-02-12T19:14:00.068+0000] {dag.py:3823} INFO - Setting next_dagrun for example_bash_operator to 2024-02-12 00:00:00+00:00, run_after=2024-02-13 00:00:00+00:00
[2024-02-12T19:14:00.098+0000] {processor.py:183} INFO - Processing /home/airflow/.local/lib/python3.8/site-packages/airflow/example_dags/example_bash_operator.py took 0.120 seconds
[2024-02-12T19:14:30.390+0000] {processor.py:161} INFO - Started process (PID=7250) to work on /home/airflow/.local/lib/python3.8/site-packages/airflow/example_dags/example_bash_operator.py
[2024-02-12T19:14:30.390+0000] {processor.py:830} INFO - Processing file /home/airflow/.local/lib/python3.8/site-packages/airflow/example_dags/example_bash_operator.py for tasks to queue
[2024-02-12T19:14:30.391+0000] {logging_mixin.py:188} INFO - [2024-02-12T19:14:30.391+0000] {dagbag.py:538} INFO - Filling up the DagBag from /home/airflow/.local/lib/python3.8/site-packages/airflow/example_dags/example_bash_operator.py
[2024-02-12T19:14:30.409+0000] {processor.py:840} INFO - DAG(s) 'example_bash_operator' retrieved from /home/airflow/.local/lib/python3.8/site-packages/airflow/example_dags/example_bash_operator.py
[2024-02-12T19:14:30.498+0000] {logging_mixin.py:188} INFO - [2024-02-12T19:14:30.498+0000] {dag.py:3036} INFO - Sync 1 DAGs
[2024-02-12T19:14:30.544+0000] {logging_mixin.py:188} INFO - [2024-02-12T19:14:30.544+0000] {dag.py:3823} INFO - Setting next_dagrun for example_bash_operator to 2024-02-12 00:00:00+00:00, run_after=2024-02-13 00:00:00+00:00
[2024-02-12T19:14:30.569+0000] {processor.py:183} INFO - Processing /home/airflow/.local/lib/python3.8/site-packages/airflow/example_dags/example_bash_operator.py took 0.183 seconds
[2024-02-12T19:15:00.650+0000] {processor.py:161} INFO - Started process (PID=7496) to work on /home/airflow/.local/lib/python3.8/site-packages/airflow/example_dags/example_bash_operator.py
[2024-02-12T19:15:00.651+0000] {processor.py:830} INFO - Processing file /home/airflow/.local/lib/python3.8/site-packages/airflow/example_dags/example_bash_operator.py for tasks to queue
[2024-02-12T19:15:00.652+0000] {logging_mixin.py:188} INFO - [2024-02-12T19:15:00.652+0000] {dagbag.py:538} INFO - Filling up the DagBag from /home/airflow/.local/lib/python3.8/site-packages/airflow/example_dags/example_bash_operator.py
[2024-02-12T19:15:00.702+0000] {processor.py:840} INFO - DAG(s) 'example_bash_operator' retrieved from /home/airflow/.local/lib/python3.8/site-packages/airflow/example_dags/example_bash_operator.py
[2024-02-12T19:15:00.752+0000] {logging_mixin.py:188} INFO - [2024-02-12T19:15:00.752+0000] {dag.py:3036} INFO - Sync 1 DAGs
[2024-02-12T19:15:00.800+0000] {logging_mixin.py:188} INFO - [2024-02-12T19:15:00.800+0000] {dag.py:3823} INFO - Setting next_dagrun for example_bash_operator to 2024-02-12 00:00:00+00:00, run_after=2024-02-13 00:00:00+00:00
[2024-02-12T19:15:00.837+0000] {processor.py:183} INFO - Processing /home/airflow/.local/lib/python3.8/site-packages/airflow/example_dags/example_bash_operator.py took 0.191 seconds
[2024-02-12T19:15:31.354+0000] {processor.py:161} INFO - Started process (PID=7743) to work on /home/airflow/.local/lib/python3.8/site-packages/airflow/example_dags/example_bash_operator.py
[2024-02-12T19:15:31.354+0000] {processor.py:830} INFO - Processing file /home/airflow/.local/lib/python3.8/site-packages/airflow/example_dags/example_bash_operator.py for tasks to queue
[2024-02-12T19:15:31.355+0000] {logging_mixin.py:188} INFO - [2024-02-12T19:15:31.355+0000] {dagbag.py:538} INFO - Filling up the DagBag from /home/airflow/.local/lib/python3.8/site-packages/airflow/example_dags/example_bash_operator.py
[2024-02-12T19:15:31.370+0000] {processor.py:840} INFO - DAG(s) 'example_bash_operator' retrieved from /home/airflow/.local/lib/python3.8/site-packages/airflow/example_dags/example_bash_operator.py
[2024-02-12T19:15:31.413+0000] {logging_mixin.py:188} INFO - [2024-02-12T19:15:31.413+0000] {dag.py:3036} INFO - Sync 1 DAGs
[2024-02-12T19:15:31.441+0000] {logging_mixin.py:188} INFO - [2024-02-12T19:15:31.440+0000] {dag.py:3823} INFO - Setting next_dagrun for example_bash_operator to 2024-02-12 00:00:00+00:00, run_after=2024-02-13 00:00:00+00:00
[2024-02-12T19:15:31.467+0000] {processor.py:183} INFO - Processing /home/airflow/.local/lib/python3.8/site-packages/airflow/example_dags/example_bash_operator.py took 0.117 seconds
[2024-02-12T19:16:01.761+0000] {processor.py:161} INFO - Started process (PID=7991) to work on /home/airflow/.local/lib/python3.8/site-packages/airflow/example_dags/example_bash_operator.py
[2024-02-12T19:16:01.762+0000] {processor.py:830} INFO - Processing file /home/airflow/.local/lib/python3.8/site-packages/airflow/example_dags/example_bash_operator.py for tasks to queue
[2024-02-12T19:16:01.763+0000] {logging_mixin.py:188} INFO - [2024-02-12T19:16:01.763+0000] {dagbag.py:538} INFO - Filling up the DagBag from /home/airflow/.local/lib/python3.8/site-packages/airflow/example_dags/example_bash_operator.py
[2024-02-12T19:16:01.778+0000] {processor.py:840} INFO - DAG(s) 'example_bash_operator' retrieved from /home/airflow/.local/lib/python3.8/site-packages/airflow/example_dags/example_bash_operator.py
[2024-02-12T19:16:01.839+0000] {logging_mixin.py:188} INFO - [2024-02-12T19:16:01.838+0000] {dag.py:3036} INFO - Sync 1 DAGs
[2024-02-12T19:16:01.868+0000] {logging_mixin.py:188} INFO - [2024-02-12T19:16:01.868+0000] {dag.py:3823} INFO - Setting next_dagrun for example_bash_operator to 2024-02-12 00:00:00+00:00, run_after=2024-02-13 00:00:00+00:00
[2024-02-12T19:16:01.896+0000] {processor.py:183} INFO - Processing /home/airflow/.local/lib/python3.8/site-packages/airflow/example_dags/example_bash_operator.py took 0.139 seconds
[2024-02-12T19:16:32.263+0000] {processor.py:161} INFO - Started process (PID=8239) to work on /home/airflow/.local/lib/python3.8/site-packages/airflow/example_dags/example_bash_operator.py
[2024-02-12T19:16:32.264+0000] {processor.py:830} INFO - Processing file /home/airflow/.local/lib/python3.8/site-packages/airflow/example_dags/example_bash_operator.py for tasks to queue
[2024-02-12T19:16:32.265+0000] {logging_mixin.py:188} INFO - [2024-02-12T19:16:32.265+0000] {dagbag.py:538} INFO - Filling up the DagBag from /home/airflow/.local/lib/python3.8/site-packages/airflow/example_dags/example_bash_operator.py
[2024-02-12T19:16:32.279+0000] {processor.py:840} INFO - DAG(s) 'example_bash_operator' retrieved from /home/airflow/.local/lib/python3.8/site-packages/airflow/example_dags/example_bash_operator.py
[2024-02-12T19:16:32.318+0000] {logging_mixin.py:188} INFO - [2024-02-12T19:16:32.318+0000] {dag.py:3036} INFO - Sync 1 DAGs
[2024-02-12T19:16:32.346+0000] {logging_mixin.py:188} INFO - [2024-02-12T19:16:32.346+0000] {dag.py:3823} INFO - Setting next_dagrun for example_bash_operator to 2024-02-12 00:00:00+00:00, run_after=2024-02-13 00:00:00+00:00
[2024-02-12T19:16:32.376+0000] {processor.py:183} INFO - Processing /home/airflow/.local/lib/python3.8/site-packages/airflow/example_dags/example_bash_operator.py took 0.116 seconds
[2024-02-12T19:17:02.814+0000] {processor.py:161} INFO - Started process (PID=8486) to work on /home/airflow/.local/lib/python3.8/site-packages/airflow/example_dags/example_bash_operator.py
[2024-02-12T19:17:02.814+0000] {processor.py:830} INFO - Processing file /home/airflow/.local/lib/python3.8/site-packages/airflow/example_dags/example_bash_operator.py for tasks to queue
[2024-02-12T19:17:02.815+0000] {logging_mixin.py:188} INFO - [2024-02-12T19:17:02.815+0000] {dagbag.py:538} INFO - Filling up the DagBag from /home/airflow/.local/lib/python3.8/site-packages/airflow/example_dags/example_bash_operator.py
[2024-02-12T19:17:02.829+0000] {processor.py:840} INFO - DAG(s) 'example_bash_operator' retrieved from /home/airflow/.local/lib/python3.8/site-packages/airflow/example_dags/example_bash_operator.py
[2024-02-12T19:17:02.867+0000] {logging_mixin.py:188} INFO - [2024-02-12T19:17:02.867+0000] {dag.py:3036} INFO - Sync 1 DAGs
[2024-02-12T19:17:02.896+0000] {logging_mixin.py:188} INFO - [2024-02-12T19:17:02.896+0000] {dag.py:3823} INFO - Setting next_dagrun for example_bash_operator to 2024-02-12 00:00:00+00:00, run_after=2024-02-13 00:00:00+00:00
[2024-02-12T19:17:02.929+0000] {processor.py:183} INFO - Processing /home/airflow/.local/lib/python3.8/site-packages/airflow/example_dags/example_bash_operator.py took 0.119 seconds
[2024-02-12T19:17:33.331+0000] {processor.py:161} INFO - Started process (PID=8733) to work on /home/airflow/.local/lib/python3.8/site-packages/airflow/example_dags/example_bash_operator.py
[2024-02-12T19:17:33.332+0000] {processor.py:830} INFO - Processing file /home/airflow/.local/lib/python3.8/site-packages/airflow/example_dags/example_bash_operator.py for tasks to queue
[2024-02-12T19:17:33.333+0000] {logging_mixin.py:188} INFO - [2024-02-12T19:17:33.333+0000] {dagbag.py:538} INFO - Filling up the DagBag from /home/airflow/.local/lib/python3.8/site-packages/airflow/example_dags/example_bash_operator.py
[2024-02-12T19:17:33.351+0000] {processor.py:840} INFO - DAG(s) 'example_bash_operator' retrieved from /home/airflow/.local/lib/python3.8/site-packages/airflow/example_dags/example_bash_operator.py
[2024-02-12T19:17:33.409+0000] {logging_mixin.py:188} INFO - [2024-02-12T19:17:33.408+0000] {dag.py:3036} INFO - Sync 1 DAGs
[2024-02-12T19:17:33.433+0000] {logging_mixin.py:188} INFO - [2024-02-12T19:17:33.433+0000] {dag.py:3823} INFO - Setting next_dagrun for example_bash_operator to 2024-02-12 00:00:00+00:00, run_after=2024-02-13 00:00:00+00:00
[2024-02-12T19:17:33.457+0000] {processor.py:183} INFO - Processing /home/airflow/.local/lib/python3.8/site-packages/airflow/example_dags/example_bash_operator.py took 0.129 seconds
[2024-02-12T19:18:03.553+0000] {processor.py:161} INFO - Started process (PID=8980) to work on /home/airflow/.local/lib/python3.8/site-packages/airflow/example_dags/example_bash_operator.py
[2024-02-12T19:18:03.554+0000] {processor.py:830} INFO - Processing file /home/airflow/.local/lib/python3.8/site-packages/airflow/example_dags/example_bash_operator.py for tasks to queue
[2024-02-12T19:18:03.555+0000] {logging_mixin.py:188} INFO - [2024-02-12T19:18:03.554+0000] {dagbag.py:538} INFO - Filling up the DagBag from /home/airflow/.local/lib/python3.8/site-packages/airflow/example_dags/example_bash_operator.py
[2024-02-12T19:18:03.568+0000] {processor.py:840} INFO - DAG(s) 'example_bash_operator' retrieved from /home/airflow/.local/lib/python3.8/site-packages/airflow/example_dags/example_bash_operator.py
[2024-02-12T19:18:03.608+0000] {logging_mixin.py:188} INFO - [2024-02-12T19:18:03.608+0000] {dag.py:3036} INFO - Sync 1 DAGs
[2024-02-12T19:18:03.641+0000] {logging_mixin.py:188} INFO - [2024-02-12T19:18:03.641+0000] {dag.py:3823} INFO - Setting next_dagrun for example_bash_operator to 2024-02-12 00:00:00+00:00, run_after=2024-02-13 00:00:00+00:00
[2024-02-12T19:18:03.667+0000] {processor.py:183} INFO - Processing /home/airflow/.local/lib/python3.8/site-packages/airflow/example_dags/example_bash_operator.py took 0.117 seconds
[2024-02-12T19:18:34.220+0000] {processor.py:161} INFO - Started process (PID=9227) to work on /home/airflow/.local/lib/python3.8/site-packages/airflow/example_dags/example_bash_operator.py
[2024-02-12T19:18:34.221+0000] {processor.py:830} INFO - Processing file /home/airflow/.local/lib/python3.8/site-packages/airflow/example_dags/example_bash_operator.py for tasks to queue
[2024-02-12T19:18:34.222+0000] {logging_mixin.py:188} INFO - [2024-02-12T19:18:34.222+0000] {dagbag.py:538} INFO - Filling up the DagBag from /home/airflow/.local/lib/python3.8/site-packages/airflow/example_dags/example_bash_operator.py
[2024-02-12T19:18:34.236+0000] {processor.py:840} INFO - DAG(s) 'example_bash_operator' retrieved from /home/airflow/.local/lib/python3.8/site-packages/airflow/example_dags/example_bash_operator.py
[2024-02-12T19:18:34.273+0000] {logging_mixin.py:188} INFO - [2024-02-12T19:18:34.273+0000] {dag.py:3036} INFO - Sync 1 DAGs
[2024-02-12T19:18:34.300+0000] {logging_mixin.py:188} INFO - [2024-02-12T19:18:34.300+0000] {dag.py:3823} INFO - Setting next_dagrun for example_bash_operator to 2024-02-12 00:00:00+00:00, run_after=2024-02-13 00:00:00+00:00
[2024-02-12T19:18:34.329+0000] {processor.py:183} INFO - Processing /home/airflow/.local/lib/python3.8/site-packages/airflow/example_dags/example_bash_operator.py took 0.112 seconds
[2024-02-12T19:19:04.435+0000] {processor.py:161} INFO - Started process (PID=9475) to work on /home/airflow/.local/lib/python3.8/site-packages/airflow/example_dags/example_bash_operator.py
[2024-02-12T19:19:04.436+0000] {processor.py:830} INFO - Processing file /home/airflow/.local/lib/python3.8/site-packages/airflow/example_dags/example_bash_operator.py for tasks to queue
[2024-02-12T19:19:04.437+0000] {logging_mixin.py:188} INFO - [2024-02-12T19:19:04.437+0000] {dagbag.py:538} INFO - Filling up the DagBag from /home/airflow/.local/lib/python3.8/site-packages/airflow/example_dags/example_bash_operator.py
[2024-02-12T19:19:04.451+0000] {processor.py:840} INFO - DAG(s) 'example_bash_operator' retrieved from /home/airflow/.local/lib/python3.8/site-packages/airflow/example_dags/example_bash_operator.py
[2024-02-12T19:19:04.488+0000] {logging_mixin.py:188} INFO - [2024-02-12T19:19:04.488+0000] {dag.py:3036} INFO - Sync 1 DAGs
[2024-02-12T19:19:04.525+0000] {logging_mixin.py:188} INFO - [2024-02-12T19:19:04.521+0000] {dag.py:3823} INFO - Setting next_dagrun for example_bash_operator to 2024-02-12 00:00:00+00:00, run_after=2024-02-13 00:00:00+00:00
[2024-02-12T19:19:04.567+0000] {processor.py:183} INFO - Processing /home/airflow/.local/lib/python3.8/site-packages/airflow/example_dags/example_bash_operator.py took 0.135 seconds
[2024-02-12T19:19:34.836+0000] {processor.py:161} INFO - Started process (PID=9722) to work on /home/airflow/.local/lib/python3.8/site-packages/airflow/example_dags/example_bash_operator.py
[2024-02-12T19:19:34.838+0000] {processor.py:830} INFO - Processing file /home/airflow/.local/lib/python3.8/site-packages/airflow/example_dags/example_bash_operator.py for tasks to queue
[2024-02-12T19:19:34.839+0000] {logging_mixin.py:188} INFO - [2024-02-12T19:19:34.839+0000] {dagbag.py:538} INFO - Filling up the DagBag from /home/airflow/.local/lib/python3.8/site-packages/airflow/example_dags/example_bash_operator.py
[2024-02-12T19:19:34.854+0000] {processor.py:840} INFO - DAG(s) 'example_bash_operator' retrieved from /home/airflow/.local/lib/python3.8/site-packages/airflow/example_dags/example_bash_operator.py
[2024-02-12T19:19:34.891+0000] {logging_mixin.py:188} INFO - [2024-02-12T19:19:34.891+0000] {dag.py:3036} INFO - Sync 1 DAGs
[2024-02-12T19:19:34.921+0000] {logging_mixin.py:188} INFO - [2024-02-12T19:19:34.920+0000] {dag.py:3823} INFO - Setting next_dagrun for example_bash_operator to 2024-02-12 00:00:00+00:00, run_after=2024-02-13 00:00:00+00:00
[2024-02-12T19:19:34.946+0000] {processor.py:183} INFO - Processing /home/airflow/.local/lib/python3.8/site-packages/airflow/example_dags/example_bash_operator.py took 0.114 seconds
[2024-02-12T19:20:05.591+0000] {processor.py:161} INFO - Started process (PID=9969) to work on /home/airflow/.local/lib/python3.8/site-packages/airflow/example_dags/example_bash_operator.py
[2024-02-12T19:20:05.592+0000] {processor.py:830} INFO - Processing file /home/airflow/.local/lib/python3.8/site-packages/airflow/example_dags/example_bash_operator.py for tasks to queue
[2024-02-12T19:20:05.593+0000] {logging_mixin.py:188} INFO - [2024-02-12T19:20:05.593+0000] {dagbag.py:538} INFO - Filling up the DagBag from /home/airflow/.local/lib/python3.8/site-packages/airflow/example_dags/example_bash_operator.py
[2024-02-12T19:20:05.608+0000] {processor.py:840} INFO - DAG(s) 'example_bash_operator' retrieved from /home/airflow/.local/lib/python3.8/site-packages/airflow/example_dags/example_bash_operator.py
[2024-02-12T19:20:05.645+0000] {logging_mixin.py:188} INFO - [2024-02-12T19:20:05.644+0000] {dag.py:3036} INFO - Sync 1 DAGs
[2024-02-12T19:20:05.670+0000] {logging_mixin.py:188} INFO - [2024-02-12T19:20:05.670+0000] {dag.py:3823} INFO - Setting next_dagrun for example_bash_operator to 2024-02-12 00:00:00+00:00, run_after=2024-02-13 00:00:00+00:00
[2024-02-12T19:20:05.694+0000] {processor.py:183} INFO - Processing /home/airflow/.local/lib/python3.8/site-packages/airflow/example_dags/example_bash_operator.py took 0.106 seconds
[2024-02-12T19:20:35.768+0000] {processor.py:161} INFO - Started process (PID=10217) to work on /home/airflow/.local/lib/python3.8/site-packages/airflow/example_dags/example_bash_operator.py
[2024-02-12T19:20:35.769+0000] {processor.py:830} INFO - Processing file /home/airflow/.local/lib/python3.8/site-packages/airflow/example_dags/example_bash_operator.py for tasks to queue
[2024-02-12T19:20:35.770+0000] {logging_mixin.py:188} INFO - [2024-02-12T19:20:35.770+0000] {dagbag.py:538} INFO - Filling up the DagBag from /home/airflow/.local/lib/python3.8/site-packages/airflow/example_dags/example_bash_operator.py
[2024-02-12T19:20:35.785+0000] {processor.py:840} INFO - DAG(s) 'example_bash_operator' retrieved from /home/airflow/.local/lib/python3.8/site-packages/airflow/example_dags/example_bash_operator.py
[2024-02-12T19:20:35.824+0000] {logging_mixin.py:188} INFO - [2024-02-12T19:20:35.823+0000] {dag.py:3036} INFO - Sync 1 DAGs
[2024-02-12T19:20:35.852+0000] {logging_mixin.py:188} INFO - [2024-02-12T19:20:35.852+0000] {dag.py:3823} INFO - Setting next_dagrun for example_bash_operator to 2024-02-12 00:00:00+00:00, run_after=2024-02-13 00:00:00+00:00
[2024-02-12T19:20:35.882+0000] {processor.py:183} INFO - Processing /home/airflow/.local/lib/python3.8/site-packages/airflow/example_dags/example_bash_operator.py took 0.118 seconds
[2024-02-12T19:21:06.577+0000] {processor.py:161} INFO - Started process (PID=10465) to work on /home/airflow/.local/lib/python3.8/site-packages/airflow/example_dags/example_bash_operator.py
[2024-02-12T19:21:06.578+0000] {processor.py:830} INFO - Processing file /home/airflow/.local/lib/python3.8/site-packages/airflow/example_dags/example_bash_operator.py for tasks to queue
[2024-02-12T19:21:06.579+0000] {logging_mixin.py:188} INFO - [2024-02-12T19:21:06.579+0000] {dagbag.py:538} INFO - Filling up the DagBag from /home/airflow/.local/lib/python3.8/site-packages/airflow/example_dags/example_bash_operator.py
[2024-02-12T19:21:06.600+0000] {processor.py:840} INFO - DAG(s) 'example_bash_operator' retrieved from /home/airflow/.local/lib/python3.8/site-packages/airflow/example_dags/example_bash_operator.py
[2024-02-12T19:21:06.644+0000] {logging_mixin.py:188} INFO - [2024-02-12T19:21:06.643+0000] {dag.py:3036} INFO - Sync 1 DAGs
[2024-02-12T19:21:06.673+0000] {logging_mixin.py:188} INFO - [2024-02-12T19:21:06.672+0000] {dag.py:3823} INFO - Setting next_dagrun for example_bash_operator to 2024-02-12 00:00:00+00:00, run_after=2024-02-13 00:00:00+00:00
[2024-02-12T19:21:06.699+0000] {processor.py:183} INFO - Processing /home/airflow/.local/lib/python3.8/site-packages/airflow/example_dags/example_bash_operator.py took 0.125 seconds
[2024-02-12T19:21:37.043+0000] {processor.py:161} INFO - Started process (PID=10713) to work on /home/airflow/.local/lib/python3.8/site-packages/airflow/example_dags/example_bash_operator.py
[2024-02-12T19:21:37.044+0000] {processor.py:830} INFO - Processing file /home/airflow/.local/lib/python3.8/site-packages/airflow/example_dags/example_bash_operator.py for tasks to queue
[2024-02-12T19:21:37.045+0000] {logging_mixin.py:188} INFO - [2024-02-12T19:21:37.045+0000] {dagbag.py:538} INFO - Filling up the DagBag from /home/airflow/.local/lib/python3.8/site-packages/airflow/example_dags/example_bash_operator.py
[2024-02-12T19:21:37.064+0000] {processor.py:840} INFO - DAG(s) 'example_bash_operator' retrieved from /home/airflow/.local/lib/python3.8/site-packages/airflow/example_dags/example_bash_operator.py
[2024-02-12T19:21:37.102+0000] {logging_mixin.py:188} INFO - [2024-02-12T19:21:37.101+0000] {dag.py:3036} INFO - Sync 1 DAGs
[2024-02-12T19:21:37.130+0000] {logging_mixin.py:188} INFO - [2024-02-12T19:21:37.129+0000] {dag.py:3823} INFO - Setting next_dagrun for example_bash_operator to 2024-02-12 00:00:00+00:00, run_after=2024-02-13 00:00:00+00:00
[2024-02-12T19:21:37.151+0000] {processor.py:183} INFO - Processing /home/airflow/.local/lib/python3.8/site-packages/airflow/example_dags/example_bash_operator.py took 0.111 seconds
[2024-02-12T19:22:07.246+0000] {processor.py:161} INFO - Started process (PID=10958) to work on /home/airflow/.local/lib/python3.8/site-packages/airflow/example_dags/example_bash_operator.py
[2024-02-12T19:22:07.263+0000] {processor.py:830} INFO - Processing file /home/airflow/.local/lib/python3.8/site-packages/airflow/example_dags/example_bash_operator.py for tasks to queue
[2024-02-12T19:22:07.265+0000] {logging_mixin.py:188} INFO - [2024-02-12T19:22:07.265+0000] {dagbag.py:538} INFO - Filling up the DagBag from /home/airflow/.local/lib/python3.8/site-packages/airflow/example_dags/example_bash_operator.py
[2024-02-12T19:22:07.302+0000] {processor.py:840} INFO - DAG(s) 'example_bash_operator' retrieved from /home/airflow/.local/lib/python3.8/site-packages/airflow/example_dags/example_bash_operator.py
[2024-02-12T19:22:07.342+0000] {logging_mixin.py:188} INFO - [2024-02-12T19:22:07.342+0000] {dag.py:3036} INFO - Sync 1 DAGs
[2024-02-12T19:22:07.397+0000] {logging_mixin.py:188} INFO - [2024-02-12T19:22:07.397+0000] {dag.py:3823} INFO - Setting next_dagrun for example_bash_operator to 2024-02-12 00:00:00+00:00, run_after=2024-02-13 00:00:00+00:00
[2024-02-12T19:22:07.443+0000] {processor.py:183} INFO - Processing /home/airflow/.local/lib/python3.8/site-packages/airflow/example_dags/example_bash_operator.py took 0.206 seconds
[2024-02-12T19:22:38.026+0000] {processor.py:161} INFO - Started process (PID=11205) to work on /home/airflow/.local/lib/python3.8/site-packages/airflow/example_dags/example_bash_operator.py
[2024-02-12T19:22:38.027+0000] {processor.py:830} INFO - Processing file /home/airflow/.local/lib/python3.8/site-packages/airflow/example_dags/example_bash_operator.py for tasks to queue
[2024-02-12T19:22:38.028+0000] {logging_mixin.py:188} INFO - [2024-02-12T19:22:38.028+0000] {dagbag.py:538} INFO - Filling up the DagBag from /home/airflow/.local/lib/python3.8/site-packages/airflow/example_dags/example_bash_operator.py
[2024-02-12T19:22:38.042+0000] {processor.py:840} INFO - DAG(s) 'example_bash_operator' retrieved from /home/airflow/.local/lib/python3.8/site-packages/airflow/example_dags/example_bash_operator.py
[2024-02-12T19:22:38.110+0000] {logging_mixin.py:188} INFO - [2024-02-12T19:22:38.110+0000] {dag.py:3036} INFO - Sync 1 DAGs
[2024-02-12T19:22:38.170+0000] {logging_mixin.py:188} INFO - [2024-02-12T19:22:38.169+0000] {dag.py:3823} INFO - Setting next_dagrun for example_bash_operator to 2024-02-12 00:00:00+00:00, run_after=2024-02-13 00:00:00+00:00
[2024-02-12T19:22:38.195+0000] {processor.py:183} INFO - Processing /home/airflow/.local/lib/python3.8/site-packages/airflow/example_dags/example_bash_operator.py took 0.171 seconds
[2024-02-12T19:23:08.958+0000] {processor.py:161} INFO - Started process (PID=11452) to work on /home/airflow/.local/lib/python3.8/site-packages/airflow/example_dags/example_bash_operator.py
[2024-02-12T19:23:08.959+0000] {processor.py:830} INFO - Processing file /home/airflow/.local/lib/python3.8/site-packages/airflow/example_dags/example_bash_operator.py for tasks to queue
[2024-02-12T19:23:08.960+0000] {logging_mixin.py:188} INFO - [2024-02-12T19:23:08.960+0000] {dagbag.py:538} INFO - Filling up the DagBag from /home/airflow/.local/lib/python3.8/site-packages/airflow/example_dags/example_bash_operator.py
[2024-02-12T19:23:08.974+0000] {processor.py:840} INFO - DAG(s) 'example_bash_operator' retrieved from /home/airflow/.local/lib/python3.8/site-packages/airflow/example_dags/example_bash_operator.py
[2024-02-12T19:23:09.007+0000] {logging_mixin.py:188} INFO - [2024-02-12T19:23:09.006+0000] {dag.py:3036} INFO - Sync 1 DAGs
[2024-02-12T19:23:09.031+0000] {logging_mixin.py:188} INFO - [2024-02-12T19:23:09.031+0000] {dag.py:3823} INFO - Setting next_dagrun for example_bash_operator to 2024-02-12 00:00:00+00:00, run_after=2024-02-13 00:00:00+00:00
[2024-02-12T19:23:09.070+0000] {processor.py:183} INFO - Processing /home/airflow/.local/lib/python3.8/site-packages/airflow/example_dags/example_bash_operator.py took 0.116 seconds
[2024-02-12T19:23:40.066+0000] {processor.py:161} INFO - Started process (PID=11699) to work on /home/airflow/.local/lib/python3.8/site-packages/airflow/example_dags/example_bash_operator.py
[2024-02-12T19:23:40.070+0000] {processor.py:830} INFO - Processing file /home/airflow/.local/lib/python3.8/site-packages/airflow/example_dags/example_bash_operator.py for tasks to queue
[2024-02-12T19:23:40.074+0000] {logging_mixin.py:188} INFO - [2024-02-12T19:23:40.074+0000] {dagbag.py:538} INFO - Filling up the DagBag from /home/airflow/.local/lib/python3.8/site-packages/airflow/example_dags/example_bash_operator.py
[2024-02-12T19:23:40.088+0000] {processor.py:840} INFO - DAG(s) 'example_bash_operator' retrieved from /home/airflow/.local/lib/python3.8/site-packages/airflow/example_dags/example_bash_operator.py
[2024-02-12T19:23:40.124+0000] {logging_mixin.py:188} INFO - [2024-02-12T19:23:40.123+0000] {dag.py:3036} INFO - Sync 1 DAGs
[2024-02-12T19:23:40.152+0000] {logging_mixin.py:188} INFO - [2024-02-12T19:23:40.152+0000] {dag.py:3823} INFO - Setting next_dagrun for example_bash_operator to 2024-02-12 00:00:00+00:00, run_after=2024-02-13 00:00:00+00:00
[2024-02-12T19:23:40.178+0000] {processor.py:183} INFO - Processing /home/airflow/.local/lib/python3.8/site-packages/airflow/example_dags/example_bash_operator.py took 0.116 seconds
[2024-02-12T19:24:10.780+0000] {processor.py:161} INFO - Started process (PID=11946) to work on /home/airflow/.local/lib/python3.8/site-packages/airflow/example_dags/example_bash_operator.py
[2024-02-12T19:24:10.781+0000] {processor.py:830} INFO - Processing file /home/airflow/.local/lib/python3.8/site-packages/airflow/example_dags/example_bash_operator.py for tasks to queue
[2024-02-12T19:24:10.782+0000] {logging_mixin.py:188} INFO - [2024-02-12T19:24:10.781+0000] {dagbag.py:538} INFO - Filling up the DagBag from /home/airflow/.local/lib/python3.8/site-packages/airflow/example_dags/example_bash_operator.py
[2024-02-12T19:24:10.795+0000] {processor.py:840} INFO - DAG(s) 'example_bash_operator' retrieved from /home/airflow/.local/lib/python3.8/site-packages/airflow/example_dags/example_bash_operator.py
[2024-02-12T19:24:10.830+0000] {logging_mixin.py:188} INFO - [2024-02-12T19:24:10.829+0000] {dag.py:3036} INFO - Sync 1 DAGs
[2024-02-12T19:24:10.857+0000] {logging_mixin.py:188} INFO - [2024-02-12T19:24:10.857+0000] {dag.py:3823} INFO - Setting next_dagrun for example_bash_operator to 2024-02-12 00:00:00+00:00, run_after=2024-02-13 00:00:00+00:00
[2024-02-12T19:24:10.882+0000] {processor.py:183} INFO - Processing /home/airflow/.local/lib/python3.8/site-packages/airflow/example_dags/example_bash_operator.py took 0.105 seconds
[2024-02-12T19:24:40.923+0000] {processor.py:161} INFO - Started process (PID=12190) to work on /home/airflow/.local/lib/python3.8/site-packages/airflow/example_dags/example_bash_operator.py
[2024-02-12T19:24:40.923+0000] {processor.py:830} INFO - Processing file /home/airflow/.local/lib/python3.8/site-packages/airflow/example_dags/example_bash_operator.py for tasks to queue
[2024-02-12T19:24:40.924+0000] {logging_mixin.py:188} INFO - [2024-02-12T19:24:40.924+0000] {dagbag.py:538} INFO - Filling up the DagBag from /home/airflow/.local/lib/python3.8/site-packages/airflow/example_dags/example_bash_operator.py
[2024-02-12T19:24:40.934+0000] {processor.py:840} INFO - DAG(s) 'example_bash_operator' retrieved from /home/airflow/.local/lib/python3.8/site-packages/airflow/example_dags/example_bash_operator.py
[2024-02-12T19:24:40.957+0000] {logging_mixin.py:188} INFO - [2024-02-12T19:24:40.957+0000] {dag.py:3036} INFO - Sync 1 DAGs
[2024-02-12T19:24:40.977+0000] {logging_mixin.py:188} INFO - [2024-02-12T19:24:40.977+0000] {dag.py:3823} INFO - Setting next_dagrun for example_bash_operator to 2024-02-12 00:00:00+00:00, run_after=2024-02-13 00:00:00+00:00
[2024-02-12T19:24:40.998+0000] {processor.py:183} INFO - Processing /home/airflow/.local/lib/python3.8/site-packages/airflow/example_dags/example_bash_operator.py took 0.078 seconds
[2024-02-12T19:25:11.405+0000] {processor.py:161} INFO - Started process (PID=12438) to work on /home/airflow/.local/lib/python3.8/site-packages/airflow/example_dags/example_bash_operator.py
[2024-02-12T19:25:11.406+0000] {processor.py:830} INFO - Processing file /home/airflow/.local/lib/python3.8/site-packages/airflow/example_dags/example_bash_operator.py for tasks to queue
[2024-02-12T19:25:11.408+0000] {logging_mixin.py:188} INFO - [2024-02-12T19:25:11.407+0000] {dagbag.py:538} INFO - Filling up the DagBag from /home/airflow/.local/lib/python3.8/site-packages/airflow/example_dags/example_bash_operator.py
[2024-02-12T19:25:11.423+0000] {processor.py:840} INFO - DAG(s) 'example_bash_operator' retrieved from /home/airflow/.local/lib/python3.8/site-packages/airflow/example_dags/example_bash_operator.py
[2024-02-12T19:25:11.460+0000] {logging_mixin.py:188} INFO - [2024-02-12T19:25:11.460+0000] {dag.py:3036} INFO - Sync 1 DAGs
[2024-02-12T19:25:11.489+0000] {logging_mixin.py:188} INFO - [2024-02-12T19:25:11.489+0000] {dag.py:3823} INFO - Setting next_dagrun for example_bash_operator to 2024-02-12 00:00:00+00:00, run_after=2024-02-13 00:00:00+00:00
[2024-02-12T19:25:11.513+0000] {processor.py:183} INFO - Processing /home/airflow/.local/lib/python3.8/site-packages/airflow/example_dags/example_bash_operator.py took 0.112 seconds
[2024-02-12T19:25:42.418+0000] {processor.py:161} INFO - Started process (PID=12684) to work on /home/airflow/.local/lib/python3.8/site-packages/airflow/example_dags/example_bash_operator.py
[2024-02-12T19:25:42.419+0000] {processor.py:830} INFO - Processing file /home/airflow/.local/lib/python3.8/site-packages/airflow/example_dags/example_bash_operator.py for tasks to queue
[2024-02-12T19:25:42.420+0000] {logging_mixin.py:188} INFO - [2024-02-12T19:25:42.420+0000] {dagbag.py:538} INFO - Filling up the DagBag from /home/airflow/.local/lib/python3.8/site-packages/airflow/example_dags/example_bash_operator.py
[2024-02-12T19:25:42.431+0000] {processor.py:840} INFO - DAG(s) 'example_bash_operator' retrieved from /home/airflow/.local/lib/python3.8/site-packages/airflow/example_dags/example_bash_operator.py
[2024-02-12T19:25:42.440+0000] {logging_mixin.py:188} INFO - [2024-02-12T19:25:42.440+0000] {dag.py:3036} INFO - Sync 1 DAGs
[2024-02-12T19:25:42.462+0000] {logging_mixin.py:188} INFO - [2024-02-12T19:25:42.462+0000] {dag.py:3823} INFO - Setting next_dagrun for example_bash_operator to 2024-02-12 00:00:00+00:00, run_after=2024-02-13 00:00:00+00:00
[2024-02-12T19:25:42.485+0000] {processor.py:183} INFO - Processing /home/airflow/.local/lib/python3.8/site-packages/airflow/example_dags/example_bash_operator.py took 0.069 seconds
[2024-02-12T19:26:13.081+0000] {processor.py:161} INFO - Started process (PID=12931) to work on /home/airflow/.local/lib/python3.8/site-packages/airflow/example_dags/example_bash_operator.py
[2024-02-12T19:26:13.082+0000] {processor.py:830} INFO - Processing file /home/airflow/.local/lib/python3.8/site-packages/airflow/example_dags/example_bash_operator.py for tasks to queue
[2024-02-12T19:26:13.083+0000] {logging_mixin.py:188} INFO - [2024-02-12T19:26:13.082+0000] {dagbag.py:538} INFO - Filling up the DagBag from /home/airflow/.local/lib/python3.8/site-packages/airflow/example_dags/example_bash_operator.py
[2024-02-12T19:26:13.097+0000] {processor.py:840} INFO - DAG(s) 'example_bash_operator' retrieved from /home/airflow/.local/lib/python3.8/site-packages/airflow/example_dags/example_bash_operator.py
[2024-02-12T19:26:13.228+0000] {logging_mixin.py:188} INFO - [2024-02-12T19:26:13.227+0000] {dag.py:3036} INFO - Sync 1 DAGs
[2024-02-12T19:26:13.254+0000] {logging_mixin.py:188} INFO - [2024-02-12T19:26:13.254+0000] {dag.py:3823} INFO - Setting next_dagrun for example_bash_operator to 2024-02-12 00:00:00+00:00, run_after=2024-02-13 00:00:00+00:00
[2024-02-12T19:26:13.290+0000] {processor.py:183} INFO - Processing /home/airflow/.local/lib/python3.8/site-packages/airflow/example_dags/example_bash_operator.py took 0.212 seconds
