[2024-02-12T19:00:15.330+0000] {processor.py:161} INFO - Started process (PID=326) to work on /home/airflow/.local/lib/python3.8/site-packages/airflow/example_dags/example_python_operator.py
[2024-02-12T19:00:15.338+0000] {processor.py:830} INFO - Processing file /home/airflow/.local/lib/python3.8/site-packages/airflow/example_dags/example_python_operator.py for tasks to queue
[2024-02-12T19:00:15.342+0000] {logging_mixin.py:188} INFO - [2024-02-12T19:00:15.338+0000] {dagbag.py:538} INFO - Filling up the DagBag from /home/airflow/.local/lib/python3.8/site-packages/airflow/example_dags/example_python_operator.py
[2024-02-12T19:00:15.363+0000] {processor.py:840} INFO - DAG(s) 'example_python_operator' retrieved from /home/airflow/.local/lib/python3.8/site-packages/airflow/example_dags/example_python_operator.py
[2024-02-12T19:00:15.800+0000] {logging_mixin.py:188} INFO - [2024-02-12T19:00:15.800+0000] {dag.py:3036} INFO - Sync 1 DAGs
[2024-02-12T19:00:15.865+0000] {logging_mixin.py:188} INFO - [2024-02-12T19:00:15.865+0000] {dag.py:3823} INFO - Setting next_dagrun for example_python_operator to None, run_after=None
[2024-02-12T19:00:15.935+0000] {processor.py:183} INFO - Processing /home/airflow/.local/lib/python3.8/site-packages/airflow/example_dags/example_python_operator.py took 0.609 seconds
[2024-02-12T19:00:46.065+0000] {processor.py:161} INFO - Started process (PID=575) to work on /home/airflow/.local/lib/python3.8/site-packages/airflow/example_dags/example_python_operator.py
[2024-02-12T19:00:46.066+0000] {processor.py:830} INFO - Processing file /home/airflow/.local/lib/python3.8/site-packages/airflow/example_dags/example_python_operator.py for tasks to queue
[2024-02-12T19:00:46.066+0000] {logging_mixin.py:188} INFO - [2024-02-12T19:00:46.066+0000] {dagbag.py:538} INFO - Filling up the DagBag from /home/airflow/.local/lib/python3.8/site-packages/airflow/example_dags/example_python_operator.py
[2024-02-12T19:00:46.074+0000] {processor.py:840} INFO - DAG(s) 'example_python_operator' retrieved from /home/airflow/.local/lib/python3.8/site-packages/airflow/example_dags/example_python_operator.py
[2024-02-12T19:00:46.092+0000] {logging_mixin.py:188} INFO - [2024-02-12T19:00:46.092+0000] {dag.py:3036} INFO - Sync 1 DAGs
[2024-02-12T19:00:46.102+0000] {logging_mixin.py:188} INFO - [2024-02-12T19:00:46.102+0000] {dag.py:3823} INFO - Setting next_dagrun for example_python_operator to None, run_after=None
[2024-02-12T19:00:46.123+0000] {processor.py:183} INFO - Processing /home/airflow/.local/lib/python3.8/site-packages/airflow/example_dags/example_python_operator.py took 0.061 seconds
[2024-02-12T19:01:16.297+0000] {processor.py:161} INFO - Started process (PID=822) to work on /home/airflow/.local/lib/python3.8/site-packages/airflow/example_dags/example_python_operator.py
[2024-02-12T19:01:16.298+0000] {processor.py:830} INFO - Processing file /home/airflow/.local/lib/python3.8/site-packages/airflow/example_dags/example_python_operator.py for tasks to queue
[2024-02-12T19:01:16.298+0000] {logging_mixin.py:188} INFO - [2024-02-12T19:01:16.298+0000] {dagbag.py:538} INFO - Filling up the DagBag from /home/airflow/.local/lib/python3.8/site-packages/airflow/example_dags/example_python_operator.py
[2024-02-12T19:01:16.311+0000] {processor.py:840} INFO - DAG(s) 'example_python_operator' retrieved from /home/airflow/.local/lib/python3.8/site-packages/airflow/example_dags/example_python_operator.py
[2024-02-12T19:01:16.330+0000] {logging_mixin.py:188} INFO - [2024-02-12T19:01:16.329+0000] {dag.py:3036} INFO - Sync 1 DAGs
[2024-02-12T19:01:16.339+0000] {logging_mixin.py:188} INFO - [2024-02-12T19:01:16.339+0000] {dag.py:3823} INFO - Setting next_dagrun for example_python_operator to None, run_after=None
[2024-02-12T19:01:16.359+0000] {processor.py:183} INFO - Processing /home/airflow/.local/lib/python3.8/site-packages/airflow/example_dags/example_python_operator.py took 0.066 seconds
[2024-02-12T19:01:46.671+0000] {processor.py:161} INFO - Started process (PID=1067) to work on /home/airflow/.local/lib/python3.8/site-packages/airflow/example_dags/example_python_operator.py
[2024-02-12T19:01:46.672+0000] {processor.py:830} INFO - Processing file /home/airflow/.local/lib/python3.8/site-packages/airflow/example_dags/example_python_operator.py for tasks to queue
[2024-02-12T19:01:46.674+0000] {logging_mixin.py:188} INFO - [2024-02-12T19:01:46.673+0000] {dagbag.py:538} INFO - Filling up the DagBag from /home/airflow/.local/lib/python3.8/site-packages/airflow/example_dags/example_python_operator.py
[2024-02-12T19:01:46.685+0000] {processor.py:840} INFO - DAG(s) 'example_python_operator' retrieved from /home/airflow/.local/lib/python3.8/site-packages/airflow/example_dags/example_python_operator.py
[2024-02-12T19:01:46.711+0000] {logging_mixin.py:188} INFO - [2024-02-12T19:01:46.711+0000] {dag.py:3036} INFO - Sync 1 DAGs
[2024-02-12T19:01:46.722+0000] {logging_mixin.py:188} INFO - [2024-02-12T19:01:46.722+0000] {dag.py:3823} INFO - Setting next_dagrun for example_python_operator to None, run_after=None
[2024-02-12T19:01:46.746+0000] {processor.py:183} INFO - Processing /home/airflow/.local/lib/python3.8/site-packages/airflow/example_dags/example_python_operator.py took 0.078 seconds
[2024-02-12T19:02:17.171+0000] {processor.py:161} INFO - Started process (PID=1316) to work on /home/airflow/.local/lib/python3.8/site-packages/airflow/example_dags/example_python_operator.py
[2024-02-12T19:02:17.172+0000] {processor.py:830} INFO - Processing file /home/airflow/.local/lib/python3.8/site-packages/airflow/example_dags/example_python_operator.py for tasks to queue
[2024-02-12T19:02:17.173+0000] {logging_mixin.py:188} INFO - [2024-02-12T19:02:17.173+0000] {dagbag.py:538} INFO - Filling up the DagBag from /home/airflow/.local/lib/python3.8/site-packages/airflow/example_dags/example_python_operator.py
[2024-02-12T19:02:17.181+0000] {processor.py:840} INFO - DAG(s) 'example_python_operator' retrieved from /home/airflow/.local/lib/python3.8/site-packages/airflow/example_dags/example_python_operator.py
[2024-02-12T19:02:17.200+0000] {logging_mixin.py:188} INFO - [2024-02-12T19:02:17.200+0000] {dag.py:3036} INFO - Sync 1 DAGs
[2024-02-12T19:02:17.209+0000] {logging_mixin.py:188} INFO - [2024-02-12T19:02:17.209+0000] {dag.py:3823} INFO - Setting next_dagrun for example_python_operator to None, run_after=None
[2024-02-12T19:02:17.230+0000] {processor.py:183} INFO - Processing /home/airflow/.local/lib/python3.8/site-packages/airflow/example_dags/example_python_operator.py took 0.061 seconds
[2024-02-12T19:02:47.626+0000] {processor.py:161} INFO - Started process (PID=1562) to work on /home/airflow/.local/lib/python3.8/site-packages/airflow/example_dags/example_python_operator.py
[2024-02-12T19:02:47.626+0000] {processor.py:830} INFO - Processing file /home/airflow/.local/lib/python3.8/site-packages/airflow/example_dags/example_python_operator.py for tasks to queue
[2024-02-12T19:02:47.627+0000] {logging_mixin.py:188} INFO - [2024-02-12T19:02:47.627+0000] {dagbag.py:538} INFO - Filling up the DagBag from /home/airflow/.local/lib/python3.8/site-packages/airflow/example_dags/example_python_operator.py
[2024-02-12T19:02:47.640+0000] {processor.py:840} INFO - DAG(s) 'example_python_operator' retrieved from /home/airflow/.local/lib/python3.8/site-packages/airflow/example_dags/example_python_operator.py
[2024-02-12T19:02:47.666+0000] {logging_mixin.py:188} INFO - [2024-02-12T19:02:47.666+0000] {dag.py:3036} INFO - Sync 1 DAGs
[2024-02-12T19:02:47.679+0000] {logging_mixin.py:188} INFO - [2024-02-12T19:02:47.679+0000] {dag.py:3823} INFO - Setting next_dagrun for example_python_operator to None, run_after=None
[2024-02-12T19:02:47.701+0000] {processor.py:183} INFO - Processing /home/airflow/.local/lib/python3.8/site-packages/airflow/example_dags/example_python_operator.py took 0.079 seconds
[2024-02-12T19:03:17.995+0000] {processor.py:161} INFO - Started process (PID=1809) to work on /home/airflow/.local/lib/python3.8/site-packages/airflow/example_dags/example_python_operator.py
[2024-02-12T19:03:17.997+0000] {processor.py:830} INFO - Processing file /home/airflow/.local/lib/python3.8/site-packages/airflow/example_dags/example_python_operator.py for tasks to queue
[2024-02-12T19:03:17.998+0000] {logging_mixin.py:188} INFO - [2024-02-12T19:03:17.998+0000] {dagbag.py:538} INFO - Filling up the DagBag from /home/airflow/.local/lib/python3.8/site-packages/airflow/example_dags/example_python_operator.py
[2024-02-12T19:03:18.011+0000] {processor.py:840} INFO - DAG(s) 'example_python_operator' retrieved from /home/airflow/.local/lib/python3.8/site-packages/airflow/example_dags/example_python_operator.py
[2024-02-12T19:03:18.039+0000] {logging_mixin.py:188} INFO - [2024-02-12T19:03:18.039+0000] {dag.py:3036} INFO - Sync 1 DAGs
[2024-02-12T19:03:18.056+0000] {logging_mixin.py:188} INFO - [2024-02-12T19:03:18.056+0000] {dag.py:3823} INFO - Setting next_dagrun for example_python_operator to None, run_after=None
[2024-02-12T19:03:18.094+0000] {processor.py:183} INFO - Processing /home/airflow/.local/lib/python3.8/site-packages/airflow/example_dags/example_python_operator.py took 0.104 seconds
[2024-02-12T19:03:48.870+0000] {processor.py:161} INFO - Started process (PID=2057) to work on /home/airflow/.local/lib/python3.8/site-packages/airflow/example_dags/example_python_operator.py
[2024-02-12T19:03:48.871+0000] {processor.py:830} INFO - Processing file /home/airflow/.local/lib/python3.8/site-packages/airflow/example_dags/example_python_operator.py for tasks to queue
[2024-02-12T19:03:48.872+0000] {logging_mixin.py:188} INFO - [2024-02-12T19:03:48.871+0000] {dagbag.py:538} INFO - Filling up the DagBag from /home/airflow/.local/lib/python3.8/site-packages/airflow/example_dags/example_python_operator.py
[2024-02-12T19:03:48.884+0000] {processor.py:840} INFO - DAG(s) 'example_python_operator' retrieved from /home/airflow/.local/lib/python3.8/site-packages/airflow/example_dags/example_python_operator.py
[2024-02-12T19:03:48.906+0000] {logging_mixin.py:188} INFO - [2024-02-12T19:03:48.906+0000] {dag.py:3036} INFO - Sync 1 DAGs
[2024-02-12T19:03:48.920+0000] {logging_mixin.py:188} INFO - [2024-02-12T19:03:48.920+0000] {dag.py:3823} INFO - Setting next_dagrun for example_python_operator to None, run_after=None
[2024-02-12T19:03:48.942+0000] {processor.py:183} INFO - Processing /home/airflow/.local/lib/python3.8/site-packages/airflow/example_dags/example_python_operator.py took 0.076 seconds
[2024-02-12T19:04:19.697+0000] {processor.py:161} INFO - Started process (PID=2326) to work on /home/airflow/.local/lib/python3.8/site-packages/airflow/example_dags/example_python_operator.py
[2024-02-12T19:04:19.698+0000] {processor.py:830} INFO - Processing file /home/airflow/.local/lib/python3.8/site-packages/airflow/example_dags/example_python_operator.py for tasks to queue
[2024-02-12T19:04:19.699+0000] {logging_mixin.py:188} INFO - [2024-02-12T19:04:19.698+0000] {dagbag.py:538} INFO - Filling up the DagBag from /home/airflow/.local/lib/python3.8/site-packages/airflow/example_dags/example_python_operator.py
[2024-02-12T19:04:19.708+0000] {processor.py:840} INFO - DAG(s) 'example_python_operator' retrieved from /home/airflow/.local/lib/python3.8/site-packages/airflow/example_dags/example_python_operator.py
[2024-02-12T19:04:19.725+0000] {logging_mixin.py:188} INFO - [2024-02-12T19:04:19.725+0000] {dag.py:3036} INFO - Sync 1 DAGs
[2024-02-12T19:04:19.735+0000] {logging_mixin.py:188} INFO - [2024-02-12T19:04:19.735+0000] {dag.py:3823} INFO - Setting next_dagrun for example_python_operator to None, run_after=None
[2024-02-12T19:04:19.755+0000] {processor.py:183} INFO - Processing /home/airflow/.local/lib/python3.8/site-packages/airflow/example_dags/example_python_operator.py took 0.062 seconds
[2024-02-12T19:04:50.264+0000] {processor.py:161} INFO - Started process (PID=2575) to work on /home/airflow/.local/lib/python3.8/site-packages/airflow/example_dags/example_python_operator.py
[2024-02-12T19:04:50.265+0000] {processor.py:830} INFO - Processing file /home/airflow/.local/lib/python3.8/site-packages/airflow/example_dags/example_python_operator.py for tasks to queue
[2024-02-12T19:04:50.265+0000] {logging_mixin.py:188} INFO - [2024-02-12T19:04:50.265+0000] {dagbag.py:538} INFO - Filling up the DagBag from /home/airflow/.local/lib/python3.8/site-packages/airflow/example_dags/example_python_operator.py
[2024-02-12T19:04:50.278+0000] {processor.py:840} INFO - DAG(s) 'example_python_operator' retrieved from /home/airflow/.local/lib/python3.8/site-packages/airflow/example_dags/example_python_operator.py
[2024-02-12T19:04:50.312+0000] {logging_mixin.py:188} INFO - [2024-02-12T19:04:50.312+0000] {dag.py:3036} INFO - Sync 1 DAGs
[2024-02-12T19:04:50.323+0000] {logging_mixin.py:188} INFO - [2024-02-12T19:04:50.323+0000] {dag.py:3823} INFO - Setting next_dagrun for example_python_operator to None, run_after=None
[2024-02-12T19:04:50.346+0000] {processor.py:183} INFO - Processing /home/airflow/.local/lib/python3.8/site-packages/airflow/example_dags/example_python_operator.py took 0.086 seconds
[2024-02-12T19:05:20.903+0000] {processor.py:161} INFO - Started process (PID=2822) to work on /home/airflow/.local/lib/python3.8/site-packages/airflow/example_dags/example_python_operator.py
[2024-02-12T19:05:20.904+0000] {processor.py:830} INFO - Processing file /home/airflow/.local/lib/python3.8/site-packages/airflow/example_dags/example_python_operator.py for tasks to queue
[2024-02-12T19:05:20.905+0000] {logging_mixin.py:188} INFO - [2024-02-12T19:05:20.905+0000] {dagbag.py:538} INFO - Filling up the DagBag from /home/airflow/.local/lib/python3.8/site-packages/airflow/example_dags/example_python_operator.py
[2024-02-12T19:05:20.917+0000] {processor.py:840} INFO - DAG(s) 'example_python_operator' retrieved from /home/airflow/.local/lib/python3.8/site-packages/airflow/example_dags/example_python_operator.py
[2024-02-12T19:05:20.943+0000] {logging_mixin.py:188} INFO - [2024-02-12T19:05:20.943+0000] {dag.py:3036} INFO - Sync 1 DAGs
[2024-02-12T19:05:20.957+0000] {logging_mixin.py:188} INFO - [2024-02-12T19:05:20.957+0000] {dag.py:3823} INFO - Setting next_dagrun for example_python_operator to None, run_after=None
[2024-02-12T19:05:20.998+0000] {processor.py:183} INFO - Processing /home/airflow/.local/lib/python3.8/site-packages/airflow/example_dags/example_python_operator.py took 0.099 seconds
[2024-02-12T19:05:51.643+0000] {processor.py:161} INFO - Started process (PID=3071) to work on /home/airflow/.local/lib/python3.8/site-packages/airflow/example_dags/example_python_operator.py
[2024-02-12T19:05:51.644+0000] {processor.py:830} INFO - Processing file /home/airflow/.local/lib/python3.8/site-packages/airflow/example_dags/example_python_operator.py for tasks to queue
[2024-02-12T19:05:51.645+0000] {logging_mixin.py:188} INFO - [2024-02-12T19:05:51.644+0000] {dagbag.py:538} INFO - Filling up the DagBag from /home/airflow/.local/lib/python3.8/site-packages/airflow/example_dags/example_python_operator.py
[2024-02-12T19:05:51.654+0000] {processor.py:840} INFO - DAG(s) 'example_python_operator' retrieved from /home/airflow/.local/lib/python3.8/site-packages/airflow/example_dags/example_python_operator.py
[2024-02-12T19:05:51.671+0000] {logging_mixin.py:188} INFO - [2024-02-12T19:05:51.671+0000] {dag.py:3036} INFO - Sync 1 DAGs
[2024-02-12T19:05:51.680+0000] {logging_mixin.py:188} INFO - [2024-02-12T19:05:51.680+0000] {dag.py:3823} INFO - Setting next_dagrun for example_python_operator to None, run_after=None
[2024-02-12T19:05:51.700+0000] {processor.py:183} INFO - Processing /home/airflow/.local/lib/python3.8/site-packages/airflow/example_dags/example_python_operator.py took 0.061 seconds
[2024-02-12T19:06:22.525+0000] {processor.py:161} INFO - Started process (PID=3319) to work on /home/airflow/.local/lib/python3.8/site-packages/airflow/example_dags/example_python_operator.py
[2024-02-12T19:06:22.525+0000] {processor.py:830} INFO - Processing file /home/airflow/.local/lib/python3.8/site-packages/airflow/example_dags/example_python_operator.py for tasks to queue
[2024-02-12T19:06:22.526+0000] {logging_mixin.py:188} INFO - [2024-02-12T19:06:22.526+0000] {dagbag.py:538} INFO - Filling up the DagBag from /home/airflow/.local/lib/python3.8/site-packages/airflow/example_dags/example_python_operator.py
[2024-02-12T19:06:22.534+0000] {processor.py:840} INFO - DAG(s) 'example_python_operator' retrieved from /home/airflow/.local/lib/python3.8/site-packages/airflow/example_dags/example_python_operator.py
[2024-02-12T19:06:22.552+0000] {logging_mixin.py:188} INFO - [2024-02-12T19:06:22.552+0000] {dag.py:3036} INFO - Sync 1 DAGs
[2024-02-12T19:06:22.562+0000] {logging_mixin.py:188} INFO - [2024-02-12T19:06:22.562+0000] {dag.py:3823} INFO - Setting next_dagrun for example_python_operator to None, run_after=None
[2024-02-12T19:06:22.582+0000] {processor.py:183} INFO - Processing /home/airflow/.local/lib/python3.8/site-packages/airflow/example_dags/example_python_operator.py took 0.060 seconds
[2024-02-12T19:06:52.809+0000] {processor.py:161} INFO - Started process (PID=3566) to work on /home/airflow/.local/lib/python3.8/site-packages/airflow/example_dags/example_python_operator.py
[2024-02-12T19:06:52.810+0000] {processor.py:830} INFO - Processing file /home/airflow/.local/lib/python3.8/site-packages/airflow/example_dags/example_python_operator.py for tasks to queue
[2024-02-12T19:06:52.811+0000] {logging_mixin.py:188} INFO - [2024-02-12T19:06:52.810+0000] {dagbag.py:538} INFO - Filling up the DagBag from /home/airflow/.local/lib/python3.8/site-packages/airflow/example_dags/example_python_operator.py
[2024-02-12T19:06:52.819+0000] {processor.py:840} INFO - DAG(s) 'example_python_operator' retrieved from /home/airflow/.local/lib/python3.8/site-packages/airflow/example_dags/example_python_operator.py
[2024-02-12T19:06:52.836+0000] {logging_mixin.py:188} INFO - [2024-02-12T19:06:52.836+0000] {dag.py:3036} INFO - Sync 1 DAGs
[2024-02-12T19:06:52.845+0000] {logging_mixin.py:188} INFO - [2024-02-12T19:06:52.845+0000] {dag.py:3823} INFO - Setting next_dagrun for example_python_operator to None, run_after=None
[2024-02-12T19:06:52.865+0000] {processor.py:183} INFO - Processing /home/airflow/.local/lib/python3.8/site-packages/airflow/example_dags/example_python_operator.py took 0.060 seconds
[2024-02-12T19:07:23.988+0000] {processor.py:161} INFO - Started process (PID=3811) to work on /home/airflow/.local/lib/python3.8/site-packages/airflow/example_dags/example_python_operator.py
[2024-02-12T19:07:23.991+0000] {processor.py:830} INFO - Processing file /home/airflow/.local/lib/python3.8/site-packages/airflow/example_dags/example_python_operator.py for tasks to queue
[2024-02-12T19:07:23.996+0000] {logging_mixin.py:188} INFO - [2024-02-12T19:07:23.992+0000] {dagbag.py:538} INFO - Filling up the DagBag from /home/airflow/.local/lib/python3.8/site-packages/airflow/example_dags/example_python_operator.py
[2024-02-12T19:07:24.015+0000] {processor.py:840} INFO - DAG(s) 'example_python_operator' retrieved from /home/airflow/.local/lib/python3.8/site-packages/airflow/example_dags/example_python_operator.py
[2024-02-12T19:07:24.077+0000] {logging_mixin.py:188} INFO - [2024-02-12T19:07:24.076+0000] {dag.py:3036} INFO - Sync 1 DAGs
[2024-02-12T19:07:24.098+0000] {logging_mixin.py:188} INFO - [2024-02-12T19:07:24.098+0000] {dag.py:3823} INFO - Setting next_dagrun for example_python_operator to None, run_after=None
[2024-02-12T19:07:24.186+0000] {processor.py:183} INFO - Processing /home/airflow/.local/lib/python3.8/site-packages/airflow/example_dags/example_python_operator.py took 0.201 seconds
[2024-02-12T19:07:55.238+0000] {processor.py:161} INFO - Started process (PID=4059) to work on /home/airflow/.local/lib/python3.8/site-packages/airflow/example_dags/example_python_operator.py
[2024-02-12T19:07:55.240+0000] {processor.py:830} INFO - Processing file /home/airflow/.local/lib/python3.8/site-packages/airflow/example_dags/example_python_operator.py for tasks to queue
[2024-02-12T19:07:55.241+0000] {logging_mixin.py:188} INFO - [2024-02-12T19:07:55.240+0000] {dagbag.py:538} INFO - Filling up the DagBag from /home/airflow/.local/lib/python3.8/site-packages/airflow/example_dags/example_python_operator.py
[2024-02-12T19:07:55.275+0000] {processor.py:840} INFO - DAG(s) 'example_python_operator' retrieved from /home/airflow/.local/lib/python3.8/site-packages/airflow/example_dags/example_python_operator.py
[2024-02-12T19:07:55.304+0000] {logging_mixin.py:188} INFO - [2024-02-12T19:07:55.304+0000] {dag.py:3036} INFO - Sync 1 DAGs
[2024-02-12T19:07:55.337+0000] {logging_mixin.py:188} INFO - [2024-02-12T19:07:55.336+0000] {dag.py:3823} INFO - Setting next_dagrun for example_python_operator to None, run_after=None
[2024-02-12T19:07:55.398+0000] {processor.py:183} INFO - Processing /home/airflow/.local/lib/python3.8/site-packages/airflow/example_dags/example_python_operator.py took 0.164 seconds
[2024-02-12T19:08:26.221+0000] {processor.py:161} INFO - Started process (PID=4309) to work on /home/airflow/.local/lib/python3.8/site-packages/airflow/example_dags/example_python_operator.py
[2024-02-12T19:08:26.222+0000] {processor.py:830} INFO - Processing file /home/airflow/.local/lib/python3.8/site-packages/airflow/example_dags/example_python_operator.py for tasks to queue
[2024-02-12T19:08:26.223+0000] {logging_mixin.py:188} INFO - [2024-02-12T19:08:26.223+0000] {dagbag.py:538} INFO - Filling up the DagBag from /home/airflow/.local/lib/python3.8/site-packages/airflow/example_dags/example_python_operator.py
[2024-02-12T19:08:26.235+0000] {processor.py:840} INFO - DAG(s) 'example_python_operator' retrieved from /home/airflow/.local/lib/python3.8/site-packages/airflow/example_dags/example_python_operator.py
[2024-02-12T19:08:26.262+0000] {logging_mixin.py:188} INFO - [2024-02-12T19:08:26.262+0000] {dag.py:3036} INFO - Sync 1 DAGs
[2024-02-12T19:08:26.276+0000] {logging_mixin.py:188} INFO - [2024-02-12T19:08:26.276+0000] {dag.py:3823} INFO - Setting next_dagrun for example_python_operator to None, run_after=None
[2024-02-12T19:08:26.313+0000] {processor.py:183} INFO - Processing /home/airflow/.local/lib/python3.8/site-packages/airflow/example_dags/example_python_operator.py took 0.095 seconds
[2024-02-12T19:08:56.504+0000] {processor.py:161} INFO - Started process (PID=4557) to work on /home/airflow/.local/lib/python3.8/site-packages/airflow/example_dags/example_python_operator.py
[2024-02-12T19:08:56.505+0000] {processor.py:830} INFO - Processing file /home/airflow/.local/lib/python3.8/site-packages/airflow/example_dags/example_python_operator.py for tasks to queue
[2024-02-12T19:08:56.506+0000] {logging_mixin.py:188} INFO - [2024-02-12T19:08:56.506+0000] {dagbag.py:538} INFO - Filling up the DagBag from /home/airflow/.local/lib/python3.8/site-packages/airflow/example_dags/example_python_operator.py
[2024-02-12T19:08:56.517+0000] {processor.py:840} INFO - DAG(s) 'example_python_operator' retrieved from /home/airflow/.local/lib/python3.8/site-packages/airflow/example_dags/example_python_operator.py
[2024-02-12T19:08:56.543+0000] {logging_mixin.py:188} INFO - [2024-02-12T19:08:56.542+0000] {dag.py:3036} INFO - Sync 1 DAGs
[2024-02-12T19:08:56.558+0000] {logging_mixin.py:188} INFO - [2024-02-12T19:08:56.558+0000] {dag.py:3823} INFO - Setting next_dagrun for example_python_operator to None, run_after=None
[2024-02-12T19:08:56.581+0000] {processor.py:183} INFO - Processing /home/airflow/.local/lib/python3.8/site-packages/airflow/example_dags/example_python_operator.py took 0.080 seconds
[2024-02-12T19:09:26.840+0000] {processor.py:161} INFO - Started process (PID=4804) to work on /home/airflow/.local/lib/python3.8/site-packages/airflow/example_dags/example_python_operator.py
[2024-02-12T19:09:26.841+0000] {processor.py:830} INFO - Processing file /home/airflow/.local/lib/python3.8/site-packages/airflow/example_dags/example_python_operator.py for tasks to queue
[2024-02-12T19:09:26.842+0000] {logging_mixin.py:188} INFO - [2024-02-12T19:09:26.842+0000] {dagbag.py:538} INFO - Filling up the DagBag from /home/airflow/.local/lib/python3.8/site-packages/airflow/example_dags/example_python_operator.py
[2024-02-12T19:09:26.853+0000] {processor.py:840} INFO - DAG(s) 'example_python_operator' retrieved from /home/airflow/.local/lib/python3.8/site-packages/airflow/example_dags/example_python_operator.py
[2024-02-12T19:09:26.879+0000] {logging_mixin.py:188} INFO - [2024-02-12T19:09:26.878+0000] {dag.py:3036} INFO - Sync 1 DAGs
[2024-02-12T19:09:26.894+0000] {logging_mixin.py:188} INFO - [2024-02-12T19:09:26.893+0000] {dag.py:3823} INFO - Setting next_dagrun for example_python_operator to None, run_after=None
[2024-02-12T19:09:26.919+0000] {processor.py:183} INFO - Processing /home/airflow/.local/lib/python3.8/site-packages/airflow/example_dags/example_python_operator.py took 0.083 seconds
[2024-02-12T19:09:57.031+0000] {processor.py:161} INFO - Started process (PID=5053) to work on /home/airflow/.local/lib/python3.8/site-packages/airflow/example_dags/example_python_operator.py
[2024-02-12T19:09:57.032+0000] {processor.py:830} INFO - Processing file /home/airflow/.local/lib/python3.8/site-packages/airflow/example_dags/example_python_operator.py for tasks to queue
[2024-02-12T19:09:57.033+0000] {logging_mixin.py:188} INFO - [2024-02-12T19:09:57.032+0000] {dagbag.py:538} INFO - Filling up the DagBag from /home/airflow/.local/lib/python3.8/site-packages/airflow/example_dags/example_python_operator.py
[2024-02-12T19:09:57.045+0000] {processor.py:840} INFO - DAG(s) 'example_python_operator' retrieved from /home/airflow/.local/lib/python3.8/site-packages/airflow/example_dags/example_python_operator.py
[2024-02-12T19:09:57.072+0000] {logging_mixin.py:188} INFO - [2024-02-12T19:09:57.072+0000] {dag.py:3036} INFO - Sync 1 DAGs
[2024-02-12T19:09:57.086+0000] {logging_mixin.py:188} INFO - [2024-02-12T19:09:57.086+0000] {dag.py:3823} INFO - Setting next_dagrun for example_python_operator to None, run_after=None
[2024-02-12T19:09:57.110+0000] {processor.py:183} INFO - Processing /home/airflow/.local/lib/python3.8/site-packages/airflow/example_dags/example_python_operator.py took 0.083 seconds
[2024-02-12T19:10:27.541+0000] {processor.py:161} INFO - Started process (PID=5300) to work on /home/airflow/.local/lib/python3.8/site-packages/airflow/example_dags/example_python_operator.py
[2024-02-12T19:10:27.541+0000] {processor.py:830} INFO - Processing file /home/airflow/.local/lib/python3.8/site-packages/airflow/example_dags/example_python_operator.py for tasks to queue
[2024-02-12T19:10:27.542+0000] {logging_mixin.py:188} INFO - [2024-02-12T19:10:27.542+0000] {dagbag.py:538} INFO - Filling up the DagBag from /home/airflow/.local/lib/python3.8/site-packages/airflow/example_dags/example_python_operator.py
[2024-02-12T19:10:27.550+0000] {processor.py:840} INFO - DAG(s) 'example_python_operator' retrieved from /home/airflow/.local/lib/python3.8/site-packages/airflow/example_dags/example_python_operator.py
[2024-02-12T19:10:27.568+0000] {logging_mixin.py:188} INFO - [2024-02-12T19:10:27.567+0000] {dag.py:3036} INFO - Sync 1 DAGs
[2024-02-12T19:10:27.579+0000] {logging_mixin.py:188} INFO - [2024-02-12T19:10:27.579+0000] {dag.py:3823} INFO - Setting next_dagrun for example_python_operator to None, run_after=None
[2024-02-12T19:10:27.603+0000] {processor.py:183} INFO - Processing /home/airflow/.local/lib/python3.8/site-packages/airflow/example_dags/example_python_operator.py took 0.065 seconds
[2024-02-12T19:10:58.297+0000] {processor.py:161} INFO - Started process (PID=5548) to work on /home/airflow/.local/lib/python3.8/site-packages/airflow/example_dags/example_python_operator.py
[2024-02-12T19:10:58.298+0000] {processor.py:830} INFO - Processing file /home/airflow/.local/lib/python3.8/site-packages/airflow/example_dags/example_python_operator.py for tasks to queue
[2024-02-12T19:10:58.298+0000] {logging_mixin.py:188} INFO - [2024-02-12T19:10:58.298+0000] {dagbag.py:538} INFO - Filling up the DagBag from /home/airflow/.local/lib/python3.8/site-packages/airflow/example_dags/example_python_operator.py
[2024-02-12T19:10:58.307+0000] {processor.py:840} INFO - DAG(s) 'example_python_operator' retrieved from /home/airflow/.local/lib/python3.8/site-packages/airflow/example_dags/example_python_operator.py
[2024-02-12T19:10:58.324+0000] {logging_mixin.py:188} INFO - [2024-02-12T19:10:58.324+0000] {dag.py:3036} INFO - Sync 1 DAGs
[2024-02-12T19:10:58.336+0000] {logging_mixin.py:188} INFO - [2024-02-12T19:10:58.335+0000] {dag.py:3823} INFO - Setting next_dagrun for example_python_operator to None, run_after=None
[2024-02-12T19:10:58.358+0000] {processor.py:183} INFO - Processing /home/airflow/.local/lib/python3.8/site-packages/airflow/example_dags/example_python_operator.py took 0.064 seconds
[2024-02-12T19:11:28.787+0000] {processor.py:161} INFO - Started process (PID=5793) to work on /home/airflow/.local/lib/python3.8/site-packages/airflow/example_dags/example_python_operator.py
[2024-02-12T19:11:28.788+0000] {processor.py:830} INFO - Processing file /home/airflow/.local/lib/python3.8/site-packages/airflow/example_dags/example_python_operator.py for tasks to queue
[2024-02-12T19:11:28.789+0000] {logging_mixin.py:188} INFO - [2024-02-12T19:11:28.789+0000] {dagbag.py:538} INFO - Filling up the DagBag from /home/airflow/.local/lib/python3.8/site-packages/airflow/example_dags/example_python_operator.py
[2024-02-12T19:11:28.801+0000] {processor.py:840} INFO - DAG(s) 'example_python_operator' retrieved from /home/airflow/.local/lib/python3.8/site-packages/airflow/example_dags/example_python_operator.py
[2024-02-12T19:11:28.826+0000] {logging_mixin.py:188} INFO - [2024-02-12T19:11:28.826+0000] {dag.py:3036} INFO - Sync 1 DAGs
[2024-02-12T19:11:28.842+0000] {logging_mixin.py:188} INFO - [2024-02-12T19:11:28.842+0000] {dag.py:3823} INFO - Setting next_dagrun for example_python_operator to None, run_after=None
[2024-02-12T19:11:28.873+0000] {processor.py:183} INFO - Processing /home/airflow/.local/lib/python3.8/site-packages/airflow/example_dags/example_python_operator.py took 0.089 seconds
[2024-02-12T19:11:59.309+0000] {processor.py:161} INFO - Started process (PID=6042) to work on /home/airflow/.local/lib/python3.8/site-packages/airflow/example_dags/example_python_operator.py
[2024-02-12T19:11:59.310+0000] {processor.py:830} INFO - Processing file /home/airflow/.local/lib/python3.8/site-packages/airflow/example_dags/example_python_operator.py for tasks to queue
[2024-02-12T19:11:59.311+0000] {logging_mixin.py:188} INFO - [2024-02-12T19:11:59.311+0000] {dagbag.py:538} INFO - Filling up the DagBag from /home/airflow/.local/lib/python3.8/site-packages/airflow/example_dags/example_python_operator.py
[2024-02-12T19:11:59.326+0000] {processor.py:840} INFO - DAG(s) 'example_python_operator' retrieved from /home/airflow/.local/lib/python3.8/site-packages/airflow/example_dags/example_python_operator.py
[2024-02-12T19:11:59.352+0000] {logging_mixin.py:188} INFO - [2024-02-12T19:11:59.352+0000] {dag.py:3036} INFO - Sync 1 DAGs
[2024-02-12T19:11:59.366+0000] {logging_mixin.py:188} INFO - [2024-02-12T19:11:59.366+0000] {dag.py:3823} INFO - Setting next_dagrun for example_python_operator to None, run_after=None
[2024-02-12T19:11:59.391+0000] {processor.py:183} INFO - Processing /home/airflow/.local/lib/python3.8/site-packages/airflow/example_dags/example_python_operator.py took 0.086 seconds
[2024-02-12T19:12:30.184+0000] {processor.py:161} INFO - Started process (PID=6289) to work on /home/airflow/.local/lib/python3.8/site-packages/airflow/example_dags/example_python_operator.py
[2024-02-12T19:12:30.185+0000] {processor.py:830} INFO - Processing file /home/airflow/.local/lib/python3.8/site-packages/airflow/example_dags/example_python_operator.py for tasks to queue
[2024-02-12T19:12:30.186+0000] {logging_mixin.py:188} INFO - [2024-02-12T19:12:30.186+0000] {dagbag.py:538} INFO - Filling up the DagBag from /home/airflow/.local/lib/python3.8/site-packages/airflow/example_dags/example_python_operator.py
[2024-02-12T19:12:30.196+0000] {processor.py:840} INFO - DAG(s) 'example_python_operator' retrieved from /home/airflow/.local/lib/python3.8/site-packages/airflow/example_dags/example_python_operator.py
[2024-02-12T19:12:30.214+0000] {logging_mixin.py:188} INFO - [2024-02-12T19:12:30.213+0000] {dag.py:3036} INFO - Sync 1 DAGs
[2024-02-12T19:12:30.224+0000] {logging_mixin.py:188} INFO - [2024-02-12T19:12:30.224+0000] {dag.py:3823} INFO - Setting next_dagrun for example_python_operator to None, run_after=None
[2024-02-12T19:12:30.245+0000] {processor.py:183} INFO - Processing /home/airflow/.local/lib/python3.8/site-packages/airflow/example_dags/example_python_operator.py took 0.063 seconds
[2024-02-12T19:13:00.691+0000] {processor.py:161} INFO - Started process (PID=6536) to work on /home/airflow/.local/lib/python3.8/site-packages/airflow/example_dags/example_python_operator.py
[2024-02-12T19:13:00.692+0000] {processor.py:830} INFO - Processing file /home/airflow/.local/lib/python3.8/site-packages/airflow/example_dags/example_python_operator.py for tasks to queue
[2024-02-12T19:13:00.693+0000] {logging_mixin.py:188} INFO - [2024-02-12T19:13:00.693+0000] {dagbag.py:538} INFO - Filling up the DagBag from /home/airflow/.local/lib/python3.8/site-packages/airflow/example_dags/example_python_operator.py
[2024-02-12T19:13:00.704+0000] {processor.py:840} INFO - DAG(s) 'example_python_operator' retrieved from /home/airflow/.local/lib/python3.8/site-packages/airflow/example_dags/example_python_operator.py
[2024-02-12T19:13:00.730+0000] {logging_mixin.py:188} INFO - [2024-02-12T19:13:00.730+0000] {dag.py:3036} INFO - Sync 1 DAGs
[2024-02-12T19:13:00.745+0000] {logging_mixin.py:188} INFO - [2024-02-12T19:13:00.745+0000] {dag.py:3823} INFO - Setting next_dagrun for example_python_operator to None, run_after=None
[2024-02-12T19:13:00.771+0000] {processor.py:183} INFO - Processing /home/airflow/.local/lib/python3.8/site-packages/airflow/example_dags/example_python_operator.py took 0.083 seconds
[2024-02-12T19:13:31.026+0000] {processor.py:161} INFO - Started process (PID=6786) to work on /home/airflow/.local/lib/python3.8/site-packages/airflow/example_dags/example_python_operator.py
[2024-02-12T19:13:31.027+0000] {processor.py:830} INFO - Processing file /home/airflow/.local/lib/python3.8/site-packages/airflow/example_dags/example_python_operator.py for tasks to queue
[2024-02-12T19:13:31.028+0000] {logging_mixin.py:188} INFO - [2024-02-12T19:13:31.028+0000] {dagbag.py:538} INFO - Filling up the DagBag from /home/airflow/.local/lib/python3.8/site-packages/airflow/example_dags/example_python_operator.py
[2024-02-12T19:13:31.051+0000] {processor.py:840} INFO - DAG(s) 'example_python_operator' retrieved from /home/airflow/.local/lib/python3.8/site-packages/airflow/example_dags/example_python_operator.py
[2024-02-12T19:13:31.088+0000] {logging_mixin.py:188} INFO - [2024-02-12T19:13:31.087+0000] {dag.py:3036} INFO - Sync 1 DAGs
[2024-02-12T19:13:31.102+0000] {logging_mixin.py:188} INFO - [2024-02-12T19:13:31.102+0000] {dag.py:3823} INFO - Setting next_dagrun for example_python_operator to None, run_after=None
[2024-02-12T19:13:31.127+0000] {processor.py:183} INFO - Processing /home/airflow/.local/lib/python3.8/site-packages/airflow/example_dags/example_python_operator.py took 0.104 seconds
[2024-02-12T19:14:01.338+0000] {processor.py:161} INFO - Started process (PID=7033) to work on /home/airflow/.local/lib/python3.8/site-packages/airflow/example_dags/example_python_operator.py
[2024-02-12T19:14:01.338+0000] {processor.py:830} INFO - Processing file /home/airflow/.local/lib/python3.8/site-packages/airflow/example_dags/example_python_operator.py for tasks to queue
[2024-02-12T19:14:01.339+0000] {logging_mixin.py:188} INFO - [2024-02-12T19:14:01.339+0000] {dagbag.py:538} INFO - Filling up the DagBag from /home/airflow/.local/lib/python3.8/site-packages/airflow/example_dags/example_python_operator.py
[2024-02-12T19:14:01.351+0000] {processor.py:840} INFO - DAG(s) 'example_python_operator' retrieved from /home/airflow/.local/lib/python3.8/site-packages/airflow/example_dags/example_python_operator.py
[2024-02-12T19:14:01.378+0000] {logging_mixin.py:188} INFO - [2024-02-12T19:14:01.378+0000] {dag.py:3036} INFO - Sync 1 DAGs
[2024-02-12T19:14:01.393+0000] {logging_mixin.py:188} INFO - [2024-02-12T19:14:01.393+0000] {dag.py:3823} INFO - Setting next_dagrun for example_python_operator to None, run_after=None
[2024-02-12T19:14:01.417+0000] {processor.py:183} INFO - Processing /home/airflow/.local/lib/python3.8/site-packages/airflow/example_dags/example_python_operator.py took 0.083 seconds
[2024-02-12T19:14:31.814+0000] {processor.py:161} INFO - Started process (PID=7280) to work on /home/airflow/.local/lib/python3.8/site-packages/airflow/example_dags/example_python_operator.py
[2024-02-12T19:14:31.815+0000] {processor.py:830} INFO - Processing file /home/airflow/.local/lib/python3.8/site-packages/airflow/example_dags/example_python_operator.py for tasks to queue
[2024-02-12T19:14:31.816+0000] {logging_mixin.py:188} INFO - [2024-02-12T19:14:31.816+0000] {dagbag.py:538} INFO - Filling up the DagBag from /home/airflow/.local/lib/python3.8/site-packages/airflow/example_dags/example_python_operator.py
[2024-02-12T19:14:31.825+0000] {processor.py:840} INFO - DAG(s) 'example_python_operator' retrieved from /home/airflow/.local/lib/python3.8/site-packages/airflow/example_dags/example_python_operator.py
[2024-02-12T19:14:31.843+0000] {logging_mixin.py:188} INFO - [2024-02-12T19:14:31.843+0000] {dag.py:3036} INFO - Sync 1 DAGs
[2024-02-12T19:14:31.854+0000] {logging_mixin.py:188} INFO - [2024-02-12T19:14:31.854+0000] {dag.py:3823} INFO - Setting next_dagrun for example_python_operator to None, run_after=None
[2024-02-12T19:14:31.874+0000] {processor.py:183} INFO - Processing /home/airflow/.local/lib/python3.8/site-packages/airflow/example_dags/example_python_operator.py took 0.062 seconds
[2024-02-12T19:15:02.356+0000] {processor.py:161} INFO - Started process (PID=7525) to work on /home/airflow/.local/lib/python3.8/site-packages/airflow/example_dags/example_python_operator.py
[2024-02-12T19:15:02.366+0000] {processor.py:830} INFO - Processing file /home/airflow/.local/lib/python3.8/site-packages/airflow/example_dags/example_python_operator.py for tasks to queue
[2024-02-12T19:15:02.367+0000] {logging_mixin.py:188} INFO - [2024-02-12T19:15:02.367+0000] {dagbag.py:538} INFO - Filling up the DagBag from /home/airflow/.local/lib/python3.8/site-packages/airflow/example_dags/example_python_operator.py
[2024-02-12T19:15:02.379+0000] {processor.py:840} INFO - DAG(s) 'example_python_operator' retrieved from /home/airflow/.local/lib/python3.8/site-packages/airflow/example_dags/example_python_operator.py
[2024-02-12T19:15:02.404+0000] {logging_mixin.py:188} INFO - [2024-02-12T19:15:02.404+0000] {dag.py:3036} INFO - Sync 1 DAGs
[2024-02-12T19:15:02.419+0000] {logging_mixin.py:188} INFO - [2024-02-12T19:15:02.419+0000] {dag.py:3823} INFO - Setting next_dagrun for example_python_operator to None, run_after=None
[2024-02-12T19:15:02.447+0000] {processor.py:183} INFO - Processing /home/airflow/.local/lib/python3.8/site-packages/airflow/example_dags/example_python_operator.py took 0.094 seconds
[2024-02-12T19:15:32.697+0000] {processor.py:161} INFO - Started process (PID=7773) to work on /home/airflow/.local/lib/python3.8/site-packages/airflow/example_dags/example_python_operator.py
[2024-02-12T19:15:32.698+0000] {processor.py:830} INFO - Processing file /home/airflow/.local/lib/python3.8/site-packages/airflow/example_dags/example_python_operator.py for tasks to queue
[2024-02-12T19:15:32.699+0000] {logging_mixin.py:188} INFO - [2024-02-12T19:15:32.699+0000] {dagbag.py:538} INFO - Filling up the DagBag from /home/airflow/.local/lib/python3.8/site-packages/airflow/example_dags/example_python_operator.py
[2024-02-12T19:15:32.707+0000] {processor.py:840} INFO - DAG(s) 'example_python_operator' retrieved from /home/airflow/.local/lib/python3.8/site-packages/airflow/example_dags/example_python_operator.py
[2024-02-12T19:15:32.729+0000] {logging_mixin.py:188} INFO - [2024-02-12T19:15:32.728+0000] {dag.py:3036} INFO - Sync 1 DAGs
[2024-02-12T19:15:32.742+0000] {logging_mixin.py:188} INFO - [2024-02-12T19:15:32.742+0000] {dag.py:3823} INFO - Setting next_dagrun for example_python_operator to None, run_after=None
[2024-02-12T19:15:32.769+0000] {processor.py:183} INFO - Processing /home/airflow/.local/lib/python3.8/site-packages/airflow/example_dags/example_python_operator.py took 0.074 seconds
[2024-02-12T19:16:03.182+0000] {processor.py:161} INFO - Started process (PID=8021) to work on /home/airflow/.local/lib/python3.8/site-packages/airflow/example_dags/example_python_operator.py
[2024-02-12T19:16:03.183+0000] {processor.py:830} INFO - Processing file /home/airflow/.local/lib/python3.8/site-packages/airflow/example_dags/example_python_operator.py for tasks to queue
[2024-02-12T19:16:03.184+0000] {logging_mixin.py:188} INFO - [2024-02-12T19:16:03.184+0000] {dagbag.py:538} INFO - Filling up the DagBag from /home/airflow/.local/lib/python3.8/site-packages/airflow/example_dags/example_python_operator.py
[2024-02-12T19:16:03.192+0000] {processor.py:840} INFO - DAG(s) 'example_python_operator' retrieved from /home/airflow/.local/lib/python3.8/site-packages/airflow/example_dags/example_python_operator.py
[2024-02-12T19:16:03.211+0000] {logging_mixin.py:188} INFO - [2024-02-12T19:16:03.211+0000] {dag.py:3036} INFO - Sync 1 DAGs
[2024-02-12T19:16:03.221+0000] {logging_mixin.py:188} INFO - [2024-02-12T19:16:03.221+0000] {dag.py:3823} INFO - Setting next_dagrun for example_python_operator to None, run_after=None
[2024-02-12T19:16:03.241+0000] {processor.py:183} INFO - Processing /home/airflow/.local/lib/python3.8/site-packages/airflow/example_dags/example_python_operator.py took 0.061 seconds
[2024-02-12T19:16:33.691+0000] {processor.py:161} INFO - Started process (PID=8269) to work on /home/airflow/.local/lib/python3.8/site-packages/airflow/example_dags/example_python_operator.py
[2024-02-12T19:16:33.692+0000] {processor.py:830} INFO - Processing file /home/airflow/.local/lib/python3.8/site-packages/airflow/example_dags/example_python_operator.py for tasks to queue
[2024-02-12T19:16:33.692+0000] {logging_mixin.py:188} INFO - [2024-02-12T19:16:33.692+0000] {dagbag.py:538} INFO - Filling up the DagBag from /home/airflow/.local/lib/python3.8/site-packages/airflow/example_dags/example_python_operator.py
[2024-02-12T19:16:33.701+0000] {processor.py:840} INFO - DAG(s) 'example_python_operator' retrieved from /home/airflow/.local/lib/python3.8/site-packages/airflow/example_dags/example_python_operator.py
[2024-02-12T19:16:33.719+0000] {logging_mixin.py:188} INFO - [2024-02-12T19:16:33.719+0000] {dag.py:3036} INFO - Sync 1 DAGs
[2024-02-12T19:16:33.729+0000] {logging_mixin.py:188} INFO - [2024-02-12T19:16:33.728+0000] {dag.py:3823} INFO - Setting next_dagrun for example_python_operator to None, run_after=None
[2024-02-12T19:16:33.749+0000] {processor.py:183} INFO - Processing /home/airflow/.local/lib/python3.8/site-packages/airflow/example_dags/example_python_operator.py took 0.060 seconds
[2024-02-12T19:17:04.195+0000] {processor.py:161} INFO - Started process (PID=8514) to work on /home/airflow/.local/lib/python3.8/site-packages/airflow/example_dags/example_python_operator.py
[2024-02-12T19:17:04.196+0000] {processor.py:830} INFO - Processing file /home/airflow/.local/lib/python3.8/site-packages/airflow/example_dags/example_python_operator.py for tasks to queue
[2024-02-12T19:17:04.197+0000] {logging_mixin.py:188} INFO - [2024-02-12T19:17:04.197+0000] {dagbag.py:538} INFO - Filling up the DagBag from /home/airflow/.local/lib/python3.8/site-packages/airflow/example_dags/example_python_operator.py
[2024-02-12T19:17:04.210+0000] {processor.py:840} INFO - DAG(s) 'example_python_operator' retrieved from /home/airflow/.local/lib/python3.8/site-packages/airflow/example_dags/example_python_operator.py
[2024-02-12T19:17:04.233+0000] {logging_mixin.py:188} INFO - [2024-02-12T19:17:04.233+0000] {dag.py:3036} INFO - Sync 1 DAGs
[2024-02-12T19:17:04.249+0000] {logging_mixin.py:188} INFO - [2024-02-12T19:17:04.249+0000] {dag.py:3823} INFO - Setting next_dagrun for example_python_operator to None, run_after=None
[2024-02-12T19:17:04.273+0000] {processor.py:183} INFO - Processing /home/airflow/.local/lib/python3.8/site-packages/airflow/example_dags/example_python_operator.py took 0.083 seconds
[2024-02-12T19:17:34.750+0000] {processor.py:161} INFO - Started process (PID=8762) to work on /home/airflow/.local/lib/python3.8/site-packages/airflow/example_dags/example_python_operator.py
[2024-02-12T19:17:34.752+0000] {processor.py:830} INFO - Processing file /home/airflow/.local/lib/python3.8/site-packages/airflow/example_dags/example_python_operator.py for tasks to queue
[2024-02-12T19:17:34.753+0000] {logging_mixin.py:188} INFO - [2024-02-12T19:17:34.752+0000] {dagbag.py:538} INFO - Filling up the DagBag from /home/airflow/.local/lib/python3.8/site-packages/airflow/example_dags/example_python_operator.py
[2024-02-12T19:17:34.764+0000] {processor.py:840} INFO - DAG(s) 'example_python_operator' retrieved from /home/airflow/.local/lib/python3.8/site-packages/airflow/example_dags/example_python_operator.py
[2024-02-12T19:17:34.789+0000] {logging_mixin.py:188} INFO - [2024-02-12T19:17:34.789+0000] {dag.py:3036} INFO - Sync 1 DAGs
[2024-02-12T19:17:34.805+0000] {logging_mixin.py:188} INFO - [2024-02-12T19:17:34.805+0000] {dag.py:3823} INFO - Setting next_dagrun for example_python_operator to None, run_after=None
[2024-02-12T19:17:34.831+0000] {processor.py:183} INFO - Processing /home/airflow/.local/lib/python3.8/site-packages/airflow/example_dags/example_python_operator.py took 0.084 seconds
[2024-02-12T19:18:04.966+0000] {processor.py:161} INFO - Started process (PID=9010) to work on /home/airflow/.local/lib/python3.8/site-packages/airflow/example_dags/example_python_operator.py
[2024-02-12T19:18:04.967+0000] {processor.py:830} INFO - Processing file /home/airflow/.local/lib/python3.8/site-packages/airflow/example_dags/example_python_operator.py for tasks to queue
[2024-02-12T19:18:04.967+0000] {logging_mixin.py:188} INFO - [2024-02-12T19:18:04.967+0000] {dagbag.py:538} INFO - Filling up the DagBag from /home/airflow/.local/lib/python3.8/site-packages/airflow/example_dags/example_python_operator.py
[2024-02-12T19:18:04.976+0000] {processor.py:840} INFO - DAG(s) 'example_python_operator' retrieved from /home/airflow/.local/lib/python3.8/site-packages/airflow/example_dags/example_python_operator.py
[2024-02-12T19:18:04.995+0000] {logging_mixin.py:188} INFO - [2024-02-12T19:18:04.994+0000] {dag.py:3036} INFO - Sync 1 DAGs
[2024-02-12T19:18:05.004+0000] {logging_mixin.py:188} INFO - [2024-02-12T19:18:05.004+0000] {dag.py:3823} INFO - Setting next_dagrun for example_python_operator to None, run_after=None
[2024-02-12T19:18:05.024+0000] {processor.py:183} INFO - Processing /home/airflow/.local/lib/python3.8/site-packages/airflow/example_dags/example_python_operator.py took 0.060 seconds
[2024-02-12T19:18:35.564+0000] {processor.py:161} INFO - Started process (PID=9257) to work on /home/airflow/.local/lib/python3.8/site-packages/airflow/example_dags/example_python_operator.py
[2024-02-12T19:18:35.565+0000] {processor.py:830} INFO - Processing file /home/airflow/.local/lib/python3.8/site-packages/airflow/example_dags/example_python_operator.py for tasks to queue
[2024-02-12T19:18:35.565+0000] {logging_mixin.py:188} INFO - [2024-02-12T19:18:35.565+0000] {dagbag.py:538} INFO - Filling up the DagBag from /home/airflow/.local/lib/python3.8/site-packages/airflow/example_dags/example_python_operator.py
[2024-02-12T19:18:35.574+0000] {processor.py:840} INFO - DAG(s) 'example_python_operator' retrieved from /home/airflow/.local/lib/python3.8/site-packages/airflow/example_dags/example_python_operator.py
[2024-02-12T19:18:35.592+0000] {logging_mixin.py:188} INFO - [2024-02-12T19:18:35.592+0000] {dag.py:3036} INFO - Sync 1 DAGs
[2024-02-12T19:18:35.602+0000] {logging_mixin.py:188} INFO - [2024-02-12T19:18:35.602+0000] {dag.py:3823} INFO - Setting next_dagrun for example_python_operator to None, run_after=None
[2024-02-12T19:18:35.638+0000] {processor.py:183} INFO - Processing /home/airflow/.local/lib/python3.8/site-packages/airflow/example_dags/example_python_operator.py took 0.077 seconds
[2024-02-12T19:19:05.865+0000] {processor.py:161} INFO - Started process (PID=9505) to work on /home/airflow/.local/lib/python3.8/site-packages/airflow/example_dags/example_python_operator.py
[2024-02-12T19:19:05.865+0000] {processor.py:830} INFO - Processing file /home/airflow/.local/lib/python3.8/site-packages/airflow/example_dags/example_python_operator.py for tasks to queue
[2024-02-12T19:19:05.866+0000] {logging_mixin.py:188} INFO - [2024-02-12T19:19:05.866+0000] {dagbag.py:538} INFO - Filling up the DagBag from /home/airflow/.local/lib/python3.8/site-packages/airflow/example_dags/example_python_operator.py
[2024-02-12T19:19:05.874+0000] {processor.py:840} INFO - DAG(s) 'example_python_operator' retrieved from /home/airflow/.local/lib/python3.8/site-packages/airflow/example_dags/example_python_operator.py
[2024-02-12T19:19:05.892+0000] {logging_mixin.py:188} INFO - [2024-02-12T19:19:05.892+0000] {dag.py:3036} INFO - Sync 1 DAGs
[2024-02-12T19:19:05.902+0000] {logging_mixin.py:188} INFO - [2024-02-12T19:19:05.902+0000] {dag.py:3823} INFO - Setting next_dagrun for example_python_operator to None, run_after=None
[2024-02-12T19:19:05.929+0000] {processor.py:183} INFO - Processing /home/airflow/.local/lib/python3.8/site-packages/airflow/example_dags/example_python_operator.py took 0.067 seconds
[2024-02-12T19:19:36.177+0000] {processor.py:161} INFO - Started process (PID=9752) to work on /home/airflow/.local/lib/python3.8/site-packages/airflow/example_dags/example_python_operator.py
[2024-02-12T19:19:36.178+0000] {processor.py:830} INFO - Processing file /home/airflow/.local/lib/python3.8/site-packages/airflow/example_dags/example_python_operator.py for tasks to queue
[2024-02-12T19:19:36.179+0000] {logging_mixin.py:188} INFO - [2024-02-12T19:19:36.178+0000] {dagbag.py:538} INFO - Filling up the DagBag from /home/airflow/.local/lib/python3.8/site-packages/airflow/example_dags/example_python_operator.py
[2024-02-12T19:19:36.190+0000] {processor.py:840} INFO - DAG(s) 'example_python_operator' retrieved from /home/airflow/.local/lib/python3.8/site-packages/airflow/example_dags/example_python_operator.py
[2024-02-12T19:19:36.218+0000] {logging_mixin.py:188} INFO - [2024-02-12T19:19:36.218+0000] {dag.py:3036} INFO - Sync 1 DAGs
[2024-02-12T19:19:36.234+0000] {logging_mixin.py:188} INFO - [2024-02-12T19:19:36.234+0000] {dag.py:3823} INFO - Setting next_dagrun for example_python_operator to None, run_after=None
[2024-02-12T19:19:36.258+0000] {processor.py:183} INFO - Processing /home/airflow/.local/lib/python3.8/site-packages/airflow/example_dags/example_python_operator.py took 0.084 seconds
[2024-02-12T19:20:06.973+0000] {processor.py:161} INFO - Started process (PID=9997) to work on /home/airflow/.local/lib/python3.8/site-packages/airflow/example_dags/example_python_operator.py
[2024-02-12T19:20:06.974+0000] {processor.py:830} INFO - Processing file /home/airflow/.local/lib/python3.8/site-packages/airflow/example_dags/example_python_operator.py for tasks to queue
[2024-02-12T19:20:06.975+0000] {logging_mixin.py:188} INFO - [2024-02-12T19:20:06.975+0000] {dagbag.py:538} INFO - Filling up the DagBag from /home/airflow/.local/lib/python3.8/site-packages/airflow/example_dags/example_python_operator.py
[2024-02-12T19:20:06.987+0000] {processor.py:840} INFO - DAG(s) 'example_python_operator' retrieved from /home/airflow/.local/lib/python3.8/site-packages/airflow/example_dags/example_python_operator.py
[2024-02-12T19:20:07.014+0000] {logging_mixin.py:188} INFO - [2024-02-12T19:20:07.014+0000] {dag.py:3036} INFO - Sync 1 DAGs
[2024-02-12T19:20:07.029+0000] {logging_mixin.py:188} INFO - [2024-02-12T19:20:07.029+0000] {dag.py:3823} INFO - Setting next_dagrun for example_python_operator to None, run_after=None
[2024-02-12T19:20:07.053+0000] {processor.py:183} INFO - Processing /home/airflow/.local/lib/python3.8/site-packages/airflow/example_dags/example_python_operator.py took 0.084 seconds
[2024-02-12T19:20:37.181+0000] {processor.py:161} INFO - Started process (PID=10247) to work on /home/airflow/.local/lib/python3.8/site-packages/airflow/example_dags/example_python_operator.py
[2024-02-12T19:20:37.182+0000] {processor.py:830} INFO - Processing file /home/airflow/.local/lib/python3.8/site-packages/airflow/example_dags/example_python_operator.py for tasks to queue
[2024-02-12T19:20:37.183+0000] {logging_mixin.py:188} INFO - [2024-02-12T19:20:37.183+0000] {dagbag.py:538} INFO - Filling up the DagBag from /home/airflow/.local/lib/python3.8/site-packages/airflow/example_dags/example_python_operator.py
[2024-02-12T19:20:37.194+0000] {processor.py:840} INFO - DAG(s) 'example_python_operator' retrieved from /home/airflow/.local/lib/python3.8/site-packages/airflow/example_dags/example_python_operator.py
[2024-02-12T19:20:37.221+0000] {logging_mixin.py:188} INFO - [2024-02-12T19:20:37.221+0000] {dag.py:3036} INFO - Sync 1 DAGs
[2024-02-12T19:20:37.235+0000] {logging_mixin.py:188} INFO - [2024-02-12T19:20:37.235+0000] {dag.py:3823} INFO - Setting next_dagrun for example_python_operator to None, run_after=None
[2024-02-12T19:20:37.259+0000] {processor.py:183} INFO - Processing /home/airflow/.local/lib/python3.8/site-packages/airflow/example_dags/example_python_operator.py took 0.080 seconds
[2024-02-12T19:21:07.981+0000] {processor.py:161} INFO - Started process (PID=10495) to work on /home/airflow/.local/lib/python3.8/site-packages/airflow/example_dags/example_python_operator.py
[2024-02-12T19:21:07.982+0000] {processor.py:830} INFO - Processing file /home/airflow/.local/lib/python3.8/site-packages/airflow/example_dags/example_python_operator.py for tasks to queue
[2024-02-12T19:21:07.982+0000] {logging_mixin.py:188} INFO - [2024-02-12T19:21:07.982+0000] {dagbag.py:538} INFO - Filling up the DagBag from /home/airflow/.local/lib/python3.8/site-packages/airflow/example_dags/example_python_operator.py
[2024-02-12T19:21:07.991+0000] {processor.py:840} INFO - DAG(s) 'example_python_operator' retrieved from /home/airflow/.local/lib/python3.8/site-packages/airflow/example_dags/example_python_operator.py
[2024-02-12T19:21:08.009+0000] {logging_mixin.py:188} INFO - [2024-02-12T19:21:08.009+0000] {dag.py:3036} INFO - Sync 1 DAGs
[2024-02-12T19:21:08.019+0000] {logging_mixin.py:188} INFO - [2024-02-12T19:21:08.019+0000] {dag.py:3823} INFO - Setting next_dagrun for example_python_operator to None, run_after=None
[2024-02-12T19:21:08.040+0000] {processor.py:183} INFO - Processing /home/airflow/.local/lib/python3.8/site-packages/airflow/example_dags/example_python_operator.py took 0.062 seconds
[2024-02-12T19:21:38.442+0000] {processor.py:161} INFO - Started process (PID=10743) to work on /home/airflow/.local/lib/python3.8/site-packages/airflow/example_dags/example_python_operator.py
[2024-02-12T19:21:38.446+0000] {processor.py:830} INFO - Processing file /home/airflow/.local/lib/python3.8/site-packages/airflow/example_dags/example_python_operator.py for tasks to queue
[2024-02-12T19:21:38.447+0000] {logging_mixin.py:188} INFO - [2024-02-12T19:21:38.447+0000] {dagbag.py:538} INFO - Filling up the DagBag from /home/airflow/.local/lib/python3.8/site-packages/airflow/example_dags/example_python_operator.py
[2024-02-12T19:21:38.466+0000] {processor.py:840} INFO - DAG(s) 'example_python_operator' retrieved from /home/airflow/.local/lib/python3.8/site-packages/airflow/example_dags/example_python_operator.py
[2024-02-12T19:21:38.502+0000] {logging_mixin.py:188} INFO - [2024-02-12T19:21:38.501+0000] {dag.py:3036} INFO - Sync 1 DAGs
[2024-02-12T19:21:38.517+0000] {logging_mixin.py:188} INFO - [2024-02-12T19:21:38.516+0000] {dag.py:3823} INFO - Setting next_dagrun for example_python_operator to None, run_after=None
[2024-02-12T19:21:38.543+0000] {processor.py:183} INFO - Processing /home/airflow/.local/lib/python3.8/site-packages/airflow/example_dags/example_python_operator.py took 0.104 seconds
[2024-02-12T19:22:08.821+0000] {processor.py:161} INFO - Started process (PID=10990) to work on /home/airflow/.local/lib/python3.8/site-packages/airflow/example_dags/example_python_operator.py
[2024-02-12T19:22:08.822+0000] {processor.py:830} INFO - Processing file /home/airflow/.local/lib/python3.8/site-packages/airflow/example_dags/example_python_operator.py for tasks to queue
[2024-02-12T19:22:08.823+0000] {logging_mixin.py:188} INFO - [2024-02-12T19:22:08.823+0000] {dagbag.py:538} INFO - Filling up the DagBag from /home/airflow/.local/lib/python3.8/site-packages/airflow/example_dags/example_python_operator.py
[2024-02-12T19:22:08.834+0000] {processor.py:840} INFO - DAG(s) 'example_python_operator' retrieved from /home/airflow/.local/lib/python3.8/site-packages/airflow/example_dags/example_python_operator.py
[2024-02-12T19:22:08.859+0000] {logging_mixin.py:188} INFO - [2024-02-12T19:22:08.859+0000] {dag.py:3036} INFO - Sync 1 DAGs
[2024-02-12T19:22:08.874+0000] {logging_mixin.py:188} INFO - [2024-02-12T19:22:08.873+0000] {dag.py:3823} INFO - Setting next_dagrun for example_python_operator to None, run_after=None
[2024-02-12T19:22:08.898+0000] {processor.py:183} INFO - Processing /home/airflow/.local/lib/python3.8/site-packages/airflow/example_dags/example_python_operator.py took 0.080 seconds
[2024-02-12T19:22:39.547+0000] {processor.py:161} INFO - Started process (PID=11235) to work on /home/airflow/.local/lib/python3.8/site-packages/airflow/example_dags/example_python_operator.py
[2024-02-12T19:22:39.548+0000] {processor.py:830} INFO - Processing file /home/airflow/.local/lib/python3.8/site-packages/airflow/example_dags/example_python_operator.py for tasks to queue
[2024-02-12T19:22:39.551+0000] {logging_mixin.py:188} INFO - [2024-02-12T19:22:39.551+0000] {dagbag.py:538} INFO - Filling up the DagBag from /home/airflow/.local/lib/python3.8/site-packages/airflow/example_dags/example_python_operator.py
[2024-02-12T19:22:39.566+0000] {processor.py:840} INFO - DAG(s) 'example_python_operator' retrieved from /home/airflow/.local/lib/python3.8/site-packages/airflow/example_dags/example_python_operator.py
[2024-02-12T19:22:39.593+0000] {logging_mixin.py:188} INFO - [2024-02-12T19:22:39.592+0000] {dag.py:3036} INFO - Sync 1 DAGs
[2024-02-12T19:22:39.626+0000] {logging_mixin.py:188} INFO - [2024-02-12T19:22:39.626+0000] {dag.py:3823} INFO - Setting next_dagrun for example_python_operator to None, run_after=None
[2024-02-12T19:22:39.677+0000] {processor.py:183} INFO - Processing /home/airflow/.local/lib/python3.8/site-packages/airflow/example_dags/example_python_operator.py took 0.139 seconds
[2024-02-12T19:23:10.434+0000] {processor.py:161} INFO - Started process (PID=11484) to work on /home/airflow/.local/lib/python3.8/site-packages/airflow/example_dags/example_python_operator.py
[2024-02-12T19:23:10.435+0000] {processor.py:830} INFO - Processing file /home/airflow/.local/lib/python3.8/site-packages/airflow/example_dags/example_python_operator.py for tasks to queue
[2024-02-12T19:23:10.436+0000] {logging_mixin.py:188} INFO - [2024-02-12T19:23:10.436+0000] {dagbag.py:538} INFO - Filling up the DagBag from /home/airflow/.local/lib/python3.8/site-packages/airflow/example_dags/example_python_operator.py
[2024-02-12T19:23:10.450+0000] {processor.py:840} INFO - DAG(s) 'example_python_operator' retrieved from /home/airflow/.local/lib/python3.8/site-packages/airflow/example_dags/example_python_operator.py
[2024-02-12T19:23:10.476+0000] {logging_mixin.py:188} INFO - [2024-02-12T19:23:10.476+0000] {dag.py:3036} INFO - Sync 1 DAGs
[2024-02-12T19:23:10.491+0000] {logging_mixin.py:188} INFO - [2024-02-12T19:23:10.491+0000] {dag.py:3823} INFO - Setting next_dagrun for example_python_operator to None, run_after=None
[2024-02-12T19:23:10.513+0000] {processor.py:183} INFO - Processing /home/airflow/.local/lib/python3.8/site-packages/airflow/example_dags/example_python_operator.py took 0.082 seconds
[2024-02-12T19:23:40.669+0000] {processor.py:161} INFO - Started process (PID=11731) to work on /home/airflow/.local/lib/python3.8/site-packages/airflow/example_dags/example_python_operator.py
[2024-02-12T19:23:40.670+0000] {processor.py:830} INFO - Processing file /home/airflow/.local/lib/python3.8/site-packages/airflow/example_dags/example_python_operator.py for tasks to queue
[2024-02-12T19:23:40.671+0000] {logging_mixin.py:188} INFO - [2024-02-12T19:23:40.671+0000] {dagbag.py:538} INFO - Filling up the DagBag from /home/airflow/.local/lib/python3.8/site-packages/airflow/example_dags/example_python_operator.py
[2024-02-12T19:23:40.684+0000] {processor.py:840} INFO - DAG(s) 'example_python_operator' retrieved from /home/airflow/.local/lib/python3.8/site-packages/airflow/example_dags/example_python_operator.py
[2024-02-12T19:23:40.714+0000] {logging_mixin.py:188} INFO - [2024-02-12T19:23:40.714+0000] {dag.py:3036} INFO - Sync 1 DAGs
[2024-02-12T19:23:40.729+0000] {logging_mixin.py:188} INFO - [2024-02-12T19:23:40.729+0000] {dag.py:3823} INFO - Setting next_dagrun for example_python_operator to None, run_after=None
[2024-02-12T19:23:40.781+0000] {processor.py:183} INFO - Processing /home/airflow/.local/lib/python3.8/site-packages/airflow/example_dags/example_python_operator.py took 0.116 seconds
[2024-02-12T19:24:11.410+0000] {processor.py:161} INFO - Started process (PID=11978) to work on /home/airflow/.local/lib/python3.8/site-packages/airflow/example_dags/example_python_operator.py
[2024-02-12T19:24:11.411+0000] {processor.py:830} INFO - Processing file /home/airflow/.local/lib/python3.8/site-packages/airflow/example_dags/example_python_operator.py for tasks to queue
[2024-02-12T19:24:11.411+0000] {logging_mixin.py:188} INFO - [2024-02-12T19:24:11.411+0000] {dagbag.py:538} INFO - Filling up the DagBag from /home/airflow/.local/lib/python3.8/site-packages/airflow/example_dags/example_python_operator.py
[2024-02-12T19:24:11.419+0000] {processor.py:840} INFO - DAG(s) 'example_python_operator' retrieved from /home/airflow/.local/lib/python3.8/site-packages/airflow/example_dags/example_python_operator.py
[2024-02-12T19:24:11.442+0000] {logging_mixin.py:188} INFO - [2024-02-12T19:24:11.441+0000] {dag.py:3036} INFO - Sync 1 DAGs
[2024-02-12T19:24:11.451+0000] {logging_mixin.py:188} INFO - [2024-02-12T19:24:11.451+0000] {dag.py:3823} INFO - Setting next_dagrun for example_python_operator to None, run_after=None
[2024-02-12T19:24:11.471+0000] {processor.py:183} INFO - Processing /home/airflow/.local/lib/python3.8/site-packages/airflow/example_dags/example_python_operator.py took 0.064 seconds
[2024-02-12T19:24:42.451+0000] {processor.py:161} INFO - Started process (PID=12223) to work on /home/airflow/.local/lib/python3.8/site-packages/airflow/example_dags/example_python_operator.py
[2024-02-12T19:24:42.452+0000] {processor.py:830} INFO - Processing file /home/airflow/.local/lib/python3.8/site-packages/airflow/example_dags/example_python_operator.py for tasks to queue
[2024-02-12T19:24:42.453+0000] {logging_mixin.py:188} INFO - [2024-02-12T19:24:42.453+0000] {dagbag.py:538} INFO - Filling up the DagBag from /home/airflow/.local/lib/python3.8/site-packages/airflow/example_dags/example_python_operator.py
[2024-02-12T19:24:42.466+0000] {processor.py:840} INFO - DAG(s) 'example_python_operator' retrieved from /home/airflow/.local/lib/python3.8/site-packages/airflow/example_dags/example_python_operator.py
[2024-02-12T19:24:42.491+0000] {logging_mixin.py:188} INFO - [2024-02-12T19:24:42.491+0000] {dag.py:3036} INFO - Sync 1 DAGs
[2024-02-12T19:24:42.504+0000] {logging_mixin.py:188} INFO - [2024-02-12T19:24:42.504+0000] {dag.py:3823} INFO - Setting next_dagrun for example_python_operator to None, run_after=None
[2024-02-12T19:24:42.527+0000] {processor.py:183} INFO - Processing /home/airflow/.local/lib/python3.8/site-packages/airflow/example_dags/example_python_operator.py took 0.080 seconds
[2024-02-12T19:25:13.779+0000] {processor.py:161} INFO - Started process (PID=12471) to work on /home/airflow/.local/lib/python3.8/site-packages/airflow/example_dags/example_python_operator.py
[2024-02-12T19:25:13.784+0000] {processor.py:830} INFO - Processing file /home/airflow/.local/lib/python3.8/site-packages/airflow/example_dags/example_python_operator.py for tasks to queue
[2024-02-12T19:25:13.785+0000] {logging_mixin.py:188} INFO - [2024-02-12T19:25:13.784+0000] {dagbag.py:538} INFO - Filling up the DagBag from /home/airflow/.local/lib/python3.8/site-packages/airflow/example_dags/example_python_operator.py
[2024-02-12T19:25:13.822+0000] {processor.py:840} INFO - DAG(s) 'example_python_operator' retrieved from /home/airflow/.local/lib/python3.8/site-packages/airflow/example_dags/example_python_operator.py
[2024-02-12T19:25:13.909+0000] {logging_mixin.py:188} INFO - [2024-02-12T19:25:13.908+0000] {dag.py:3036} INFO - Sync 1 DAGs
[2024-02-12T19:25:13.955+0000] {logging_mixin.py:188} INFO - [2024-02-12T19:25:13.955+0000] {dag.py:3823} INFO - Setting next_dagrun for example_python_operator to None, run_after=None
[2024-02-12T19:25:13.994+0000] {processor.py:183} INFO - Processing /home/airflow/.local/lib/python3.8/site-packages/airflow/example_dags/example_python_operator.py took 0.226 seconds
[2024-02-12T19:25:44.800+0000] {processor.py:161} INFO - Started process (PID=12717) to work on /home/airflow/.local/lib/python3.8/site-packages/airflow/example_dags/example_python_operator.py
[2024-02-12T19:25:44.802+0000] {processor.py:830} INFO - Processing file /home/airflow/.local/lib/python3.8/site-packages/airflow/example_dags/example_python_operator.py for tasks to queue
[2024-02-12T19:25:44.803+0000] {logging_mixin.py:188} INFO - [2024-02-12T19:25:44.803+0000] {dagbag.py:538} INFO - Filling up the DagBag from /home/airflow/.local/lib/python3.8/site-packages/airflow/example_dags/example_python_operator.py
[2024-02-12T19:25:44.816+0000] {processor.py:840} INFO - DAG(s) 'example_python_operator' retrieved from /home/airflow/.local/lib/python3.8/site-packages/airflow/example_dags/example_python_operator.py
[2024-02-12T19:25:44.830+0000] {logging_mixin.py:188} INFO - [2024-02-12T19:25:44.829+0000] {dag.py:3036} INFO - Sync 1 DAGs
[2024-02-12T19:25:44.844+0000] {logging_mixin.py:188} INFO - [2024-02-12T19:25:44.844+0000] {dag.py:3823} INFO - Setting next_dagrun for example_python_operator to None, run_after=None
[2024-02-12T19:25:44.882+0000] {processor.py:183} INFO - Processing /home/airflow/.local/lib/python3.8/site-packages/airflow/example_dags/example_python_operator.py took 0.086 seconds
