[2024-02-12T19:00:12.338+0000] {processor.py:161} INFO - Started process (PID=276) to work on /home/airflow/.local/lib/python3.8/site-packages/airflow/example_dags/example_branch_labels.py
[2024-02-12T19:00:12.341+0000] {processor.py:830} INFO - Processing file /home/airflow/.local/lib/python3.8/site-packages/airflow/example_dags/example_branch_labels.py for tasks to queue
[2024-02-12T19:00:12.345+0000] {logging_mixin.py:188} INFO - [2024-02-12T19:00:12.342+0000] {dagbag.py:538} INFO - Filling up the DagBag from /home/airflow/.local/lib/python3.8/site-packages/airflow/example_dags/example_branch_labels.py
[2024-02-12T19:00:12.396+0000] {processor.py:840} INFO - DAG(s) 'example_branch_labels' retrieved from /home/airflow/.local/lib/python3.8/site-packages/airflow/example_dags/example_branch_labels.py
[2024-02-12T19:00:12.713+0000] {logging_mixin.py:188} INFO - [2024-02-12T19:00:12.713+0000] {dag.py:3036} INFO - Sync 1 DAGs
[2024-02-12T19:00:12.844+0000] {logging_mixin.py:188} INFO - [2024-02-12T19:00:12.844+0000] {dag.py:3823} INFO - Setting next_dagrun for example_branch_labels to 2024-02-11 00:00:00+00:00, run_after=2024-02-12 00:00:00+00:00
[2024-02-12T19:00:12.910+0000] {processor.py:183} INFO - Processing /home/airflow/.local/lib/python3.8/site-packages/airflow/example_dags/example_branch_labels.py took 0.599 seconds
[2024-02-12T19:00:43.323+0000] {processor.py:161} INFO - Started process (PID=523) to work on /home/airflow/.local/lib/python3.8/site-packages/airflow/example_dags/example_branch_labels.py
[2024-02-12T19:00:43.324+0000] {processor.py:830} INFO - Processing file /home/airflow/.local/lib/python3.8/site-packages/airflow/example_dags/example_branch_labels.py for tasks to queue
[2024-02-12T19:00:43.325+0000] {logging_mixin.py:188} INFO - [2024-02-12T19:00:43.325+0000] {dagbag.py:538} INFO - Filling up the DagBag from /home/airflow/.local/lib/python3.8/site-packages/airflow/example_dags/example_branch_labels.py
[2024-02-12T19:00:43.335+0000] {processor.py:840} INFO - DAG(s) 'example_branch_labels' retrieved from /home/airflow/.local/lib/python3.8/site-packages/airflow/example_dags/example_branch_labels.py
[2024-02-12T19:00:43.359+0000] {logging_mixin.py:188} INFO - [2024-02-12T19:00:43.359+0000] {dag.py:3036} INFO - Sync 1 DAGs
[2024-02-12T19:00:43.385+0000] {logging_mixin.py:188} INFO - [2024-02-12T19:00:43.385+0000] {dag.py:3823} INFO - Setting next_dagrun for example_branch_labels to 2024-02-11 00:00:00+00:00, run_after=2024-02-12 00:00:00+00:00
[2024-02-12T19:00:43.415+0000] {processor.py:183} INFO - Processing /home/airflow/.local/lib/python3.8/site-packages/airflow/example_dags/example_branch_labels.py took 0.095 seconds
[2024-02-12T19:01:13.568+0000] {processor.py:161} INFO - Started process (PID=770) to work on /home/airflow/.local/lib/python3.8/site-packages/airflow/example_dags/example_branch_labels.py
[2024-02-12T19:01:13.569+0000] {processor.py:830} INFO - Processing file /home/airflow/.local/lib/python3.8/site-packages/airflow/example_dags/example_branch_labels.py for tasks to queue
[2024-02-12T19:01:13.570+0000] {logging_mixin.py:188} INFO - [2024-02-12T19:01:13.569+0000] {dagbag.py:538} INFO - Filling up the DagBag from /home/airflow/.local/lib/python3.8/site-packages/airflow/example_dags/example_branch_labels.py
[2024-02-12T19:01:13.580+0000] {processor.py:840} INFO - DAG(s) 'example_branch_labels' retrieved from /home/airflow/.local/lib/python3.8/site-packages/airflow/example_dags/example_branch_labels.py
[2024-02-12T19:01:13.604+0000] {logging_mixin.py:188} INFO - [2024-02-12T19:01:13.604+0000] {dag.py:3036} INFO - Sync 1 DAGs
[2024-02-12T19:01:13.631+0000] {logging_mixin.py:188} INFO - [2024-02-12T19:01:13.631+0000] {dag.py:3823} INFO - Setting next_dagrun for example_branch_labels to 2024-02-11 00:00:00+00:00, run_after=2024-02-12 00:00:00+00:00
[2024-02-12T19:01:13.666+0000] {processor.py:183} INFO - Processing /home/airflow/.local/lib/python3.8/site-packages/airflow/example_dags/example_branch_labels.py took 0.102 seconds
[2024-02-12T19:01:44.015+0000] {processor.py:161} INFO - Started process (PID=1017) to work on /home/airflow/.local/lib/python3.8/site-packages/airflow/example_dags/example_branch_labels.py
[2024-02-12T19:01:44.016+0000] {processor.py:830} INFO - Processing file /home/airflow/.local/lib/python3.8/site-packages/airflow/example_dags/example_branch_labels.py for tasks to queue
[2024-02-12T19:01:44.017+0000] {logging_mixin.py:188} INFO - [2024-02-12T19:01:44.017+0000] {dagbag.py:538} INFO - Filling up the DagBag from /home/airflow/.local/lib/python3.8/site-packages/airflow/example_dags/example_branch_labels.py
[2024-02-12T19:01:44.027+0000] {processor.py:840} INFO - DAG(s) 'example_branch_labels' retrieved from /home/airflow/.local/lib/python3.8/site-packages/airflow/example_dags/example_branch_labels.py
[2024-02-12T19:01:44.052+0000] {logging_mixin.py:188} INFO - [2024-02-12T19:01:44.052+0000] {dag.py:3036} INFO - Sync 1 DAGs
[2024-02-12T19:01:44.079+0000] {logging_mixin.py:188} INFO - [2024-02-12T19:01:44.078+0000] {dag.py:3823} INFO - Setting next_dagrun for example_branch_labels to 2024-02-11 00:00:00+00:00, run_after=2024-02-12 00:00:00+00:00
[2024-02-12T19:01:44.100+0000] {processor.py:183} INFO - Processing /home/airflow/.local/lib/python3.8/site-packages/airflow/example_dags/example_branch_labels.py took 0.088 seconds
[2024-02-12T19:02:14.515+0000] {processor.py:161} INFO - Started process (PID=1264) to work on /home/airflow/.local/lib/python3.8/site-packages/airflow/example_dags/example_branch_labels.py
[2024-02-12T19:02:14.517+0000] {processor.py:830} INFO - Processing file /home/airflow/.local/lib/python3.8/site-packages/airflow/example_dags/example_branch_labels.py for tasks to queue
[2024-02-12T19:02:14.518+0000] {logging_mixin.py:188} INFO - [2024-02-12T19:02:14.517+0000] {dagbag.py:538} INFO - Filling up the DagBag from /home/airflow/.local/lib/python3.8/site-packages/airflow/example_dags/example_branch_labels.py
[2024-02-12T19:02:14.528+0000] {processor.py:840} INFO - DAG(s) 'example_branch_labels' retrieved from /home/airflow/.local/lib/python3.8/site-packages/airflow/example_dags/example_branch_labels.py
[2024-02-12T19:02:14.553+0000] {logging_mixin.py:188} INFO - [2024-02-12T19:02:14.553+0000] {dag.py:3036} INFO - Sync 1 DAGs
[2024-02-12T19:02:14.580+0000] {logging_mixin.py:188} INFO - [2024-02-12T19:02:14.579+0000] {dag.py:3823} INFO - Setting next_dagrun for example_branch_labels to 2024-02-11 00:00:00+00:00, run_after=2024-02-12 00:00:00+00:00
[2024-02-12T19:02:14.604+0000] {processor.py:183} INFO - Processing /home/airflow/.local/lib/python3.8/site-packages/airflow/example_dags/example_branch_labels.py took 0.092 seconds
[2024-02-12T19:02:44.993+0000] {processor.py:161} INFO - Started process (PID=1512) to work on /home/airflow/.local/lib/python3.8/site-packages/airflow/example_dags/example_branch_labels.py
[2024-02-12T19:02:44.994+0000] {processor.py:830} INFO - Processing file /home/airflow/.local/lib/python3.8/site-packages/airflow/example_dags/example_branch_labels.py for tasks to queue
[2024-02-12T19:02:44.995+0000] {logging_mixin.py:188} INFO - [2024-02-12T19:02:44.995+0000] {dagbag.py:538} INFO - Filling up the DagBag from /home/airflow/.local/lib/python3.8/site-packages/airflow/example_dags/example_branch_labels.py
[2024-02-12T19:02:45.005+0000] {processor.py:840} INFO - DAG(s) 'example_branch_labels' retrieved from /home/airflow/.local/lib/python3.8/site-packages/airflow/example_dags/example_branch_labels.py
[2024-02-12T19:02:45.034+0000] {logging_mixin.py:188} INFO - [2024-02-12T19:02:45.034+0000] {dag.py:3036} INFO - Sync 1 DAGs
[2024-02-12T19:02:45.062+0000] {logging_mixin.py:188} INFO - [2024-02-12T19:02:45.062+0000] {dag.py:3823} INFO - Setting next_dagrun for example_branch_labels to 2024-02-11 00:00:00+00:00, run_after=2024-02-12 00:00:00+00:00
[2024-02-12T19:02:45.084+0000] {processor.py:183} INFO - Processing /home/airflow/.local/lib/python3.8/site-packages/airflow/example_dags/example_branch_labels.py took 0.096 seconds
[2024-02-12T19:03:15.310+0000] {processor.py:161} INFO - Started process (PID=1758) to work on /home/airflow/.local/lib/python3.8/site-packages/airflow/example_dags/example_branch_labels.py
[2024-02-12T19:03:15.320+0000] {processor.py:830} INFO - Processing file /home/airflow/.local/lib/python3.8/site-packages/airflow/example_dags/example_branch_labels.py for tasks to queue
[2024-02-12T19:03:15.321+0000] {logging_mixin.py:188} INFO - [2024-02-12T19:03:15.320+0000] {dagbag.py:538} INFO - Filling up the DagBag from /home/airflow/.local/lib/python3.8/site-packages/airflow/example_dags/example_branch_labels.py
[2024-02-12T19:03:15.369+0000] {processor.py:840} INFO - DAG(s) 'example_branch_labels' retrieved from /home/airflow/.local/lib/python3.8/site-packages/airflow/example_dags/example_branch_labels.py
[2024-02-12T19:03:15.428+0000] {logging_mixin.py:188} INFO - [2024-02-12T19:03:15.428+0000] {dag.py:3036} INFO - Sync 1 DAGs
[2024-02-12T19:03:15.452+0000] {logging_mixin.py:188} INFO - [2024-02-12T19:03:15.452+0000] {dag.py:3823} INFO - Setting next_dagrun for example_branch_labels to 2024-02-11 00:00:00+00:00, run_after=2024-02-12 00:00:00+00:00
[2024-02-12T19:03:15.475+0000] {processor.py:183} INFO - Processing /home/airflow/.local/lib/python3.8/site-packages/airflow/example_dags/example_branch_labels.py took 0.169 seconds
[2024-02-12T19:03:45.862+0000] {processor.py:161} INFO - Started process (PID=2007) to work on /home/airflow/.local/lib/python3.8/site-packages/airflow/example_dags/example_branch_labels.py
[2024-02-12T19:03:45.864+0000] {processor.py:830} INFO - Processing file /home/airflow/.local/lib/python3.8/site-packages/airflow/example_dags/example_branch_labels.py for tasks to queue
[2024-02-12T19:03:45.866+0000] {logging_mixin.py:188} INFO - [2024-02-12T19:03:45.865+0000] {dagbag.py:538} INFO - Filling up the DagBag from /home/airflow/.local/lib/python3.8/site-packages/airflow/example_dags/example_branch_labels.py
[2024-02-12T19:03:45.876+0000] {processor.py:840} INFO - DAG(s) 'example_branch_labels' retrieved from /home/airflow/.local/lib/python3.8/site-packages/airflow/example_dags/example_branch_labels.py
[2024-02-12T19:03:45.915+0000] {logging_mixin.py:188} INFO - [2024-02-12T19:03:45.914+0000] {dag.py:3036} INFO - Sync 1 DAGs
[2024-02-12T19:03:45.952+0000] {logging_mixin.py:188} INFO - [2024-02-12T19:03:45.952+0000] {dag.py:3823} INFO - Setting next_dagrun for example_branch_labels to 2024-02-11 00:00:00+00:00, run_after=2024-02-12 00:00:00+00:00
[2024-02-12T19:03:45.981+0000] {processor.py:183} INFO - Processing /home/airflow/.local/lib/python3.8/site-packages/airflow/example_dags/example_branch_labels.py took 0.123 seconds
[2024-02-12T19:04:16.289+0000] {processor.py:161} INFO - Started process (PID=2264) to work on /home/airflow/.local/lib/python3.8/site-packages/airflow/example_dags/example_branch_labels.py
[2024-02-12T19:04:16.291+0000] {processor.py:830} INFO - Processing file /home/airflow/.local/lib/python3.8/site-packages/airflow/example_dags/example_branch_labels.py for tasks to queue
[2024-02-12T19:04:16.293+0000] {logging_mixin.py:188} INFO - [2024-02-12T19:04:16.293+0000] {dagbag.py:538} INFO - Filling up the DagBag from /home/airflow/.local/lib/python3.8/site-packages/airflow/example_dags/example_branch_labels.py
[2024-02-12T19:04:16.337+0000] {processor.py:840} INFO - DAG(s) 'example_branch_labels' retrieved from /home/airflow/.local/lib/python3.8/site-packages/airflow/example_dags/example_branch_labels.py
[2024-02-12T19:04:16.414+0000] {logging_mixin.py:188} INFO - [2024-02-12T19:04:16.413+0000] {dag.py:3036} INFO - Sync 1 DAGs
[2024-02-12T19:04:16.499+0000] {logging_mixin.py:188} INFO - [2024-02-12T19:04:16.497+0000] {dag.py:3823} INFO - Setting next_dagrun for example_branch_labels to 2024-02-11 00:00:00+00:00, run_after=2024-02-12 00:00:00+00:00
[2024-02-12T19:04:16.776+0000] {processor.py:183} INFO - Processing /home/airflow/.local/lib/python3.8/site-packages/airflow/example_dags/example_branch_labels.py took 0.491 seconds
[2024-02-12T19:04:47.626+0000] {processor.py:161} INFO - Started process (PID=2527) to work on /home/airflow/.local/lib/python3.8/site-packages/airflow/example_dags/example_branch_labels.py
[2024-02-12T19:04:47.629+0000] {processor.py:830} INFO - Processing file /home/airflow/.local/lib/python3.8/site-packages/airflow/example_dags/example_branch_labels.py for tasks to queue
[2024-02-12T19:04:47.643+0000] {logging_mixin.py:188} INFO - [2024-02-12T19:04:47.630+0000] {dagbag.py:538} INFO - Filling up the DagBag from /home/airflow/.local/lib/python3.8/site-packages/airflow/example_dags/example_branch_labels.py
[2024-02-12T19:04:47.656+0000] {processor.py:840} INFO - DAG(s) 'example_branch_labels' retrieved from /home/airflow/.local/lib/python3.8/site-packages/airflow/example_dags/example_branch_labels.py
[2024-02-12T19:04:47.710+0000] {logging_mixin.py:188} INFO - [2024-02-12T19:04:47.710+0000] {dag.py:3036} INFO - Sync 1 DAGs
[2024-02-12T19:04:47.741+0000] {logging_mixin.py:188} INFO - [2024-02-12T19:04:47.741+0000] {dag.py:3823} INFO - Setting next_dagrun for example_branch_labels to 2024-02-11 00:00:00+00:00, run_after=2024-02-12 00:00:00+00:00
[2024-02-12T19:04:47.764+0000] {processor.py:183} INFO - Processing /home/airflow/.local/lib/python3.8/site-packages/airflow/example_dags/example_branch_labels.py took 0.142 seconds
[2024-02-12T19:05:18.235+0000] {processor.py:161} INFO - Started process (PID=2774) to work on /home/airflow/.local/lib/python3.8/site-packages/airflow/example_dags/example_branch_labels.py
[2024-02-12T19:05:18.236+0000] {processor.py:830} INFO - Processing file /home/airflow/.local/lib/python3.8/site-packages/airflow/example_dags/example_branch_labels.py for tasks to queue
[2024-02-12T19:05:18.237+0000] {logging_mixin.py:188} INFO - [2024-02-12T19:05:18.237+0000] {dagbag.py:538} INFO - Filling up the DagBag from /home/airflow/.local/lib/python3.8/site-packages/airflow/example_dags/example_branch_labels.py
[2024-02-12T19:05:18.246+0000] {processor.py:840} INFO - DAG(s) 'example_branch_labels' retrieved from /home/airflow/.local/lib/python3.8/site-packages/airflow/example_dags/example_branch_labels.py
[2024-02-12T19:05:18.272+0000] {logging_mixin.py:188} INFO - [2024-02-12T19:05:18.272+0000] {dag.py:3036} INFO - Sync 1 DAGs
[2024-02-12T19:05:18.300+0000] {logging_mixin.py:188} INFO - [2024-02-12T19:05:18.300+0000] {dag.py:3823} INFO - Setting next_dagrun for example_branch_labels to 2024-02-11 00:00:00+00:00, run_after=2024-02-12 00:00:00+00:00
[2024-02-12T19:05:18.322+0000] {processor.py:183} INFO - Processing /home/airflow/.local/lib/python3.8/site-packages/airflow/example_dags/example_branch_labels.py took 0.090 seconds
[2024-02-12T19:05:48.991+0000] {processor.py:161} INFO - Started process (PID=3021) to work on /home/airflow/.local/lib/python3.8/site-packages/airflow/example_dags/example_branch_labels.py
[2024-02-12T19:05:48.992+0000] {processor.py:830} INFO - Processing file /home/airflow/.local/lib/python3.8/site-packages/airflow/example_dags/example_branch_labels.py for tasks to queue
[2024-02-12T19:05:48.993+0000] {logging_mixin.py:188} INFO - [2024-02-12T19:05:48.993+0000] {dagbag.py:538} INFO - Filling up the DagBag from /home/airflow/.local/lib/python3.8/site-packages/airflow/example_dags/example_branch_labels.py
[2024-02-12T19:05:49.002+0000] {processor.py:840} INFO - DAG(s) 'example_branch_labels' retrieved from /home/airflow/.local/lib/python3.8/site-packages/airflow/example_dags/example_branch_labels.py
[2024-02-12T19:05:49.028+0000] {logging_mixin.py:188} INFO - [2024-02-12T19:05:49.028+0000] {dag.py:3036} INFO - Sync 1 DAGs
[2024-02-12T19:05:49.063+0000] {logging_mixin.py:188} INFO - [2024-02-12T19:05:49.062+0000] {dag.py:3823} INFO - Setting next_dagrun for example_branch_labels to 2024-02-11 00:00:00+00:00, run_after=2024-02-12 00:00:00+00:00
[2024-02-12T19:05:49.094+0000] {processor.py:183} INFO - Processing /home/airflow/.local/lib/python3.8/site-packages/airflow/example_dags/example_branch_labels.py took 0.107 seconds
[2024-02-12T19:06:19.813+0000] {processor.py:161} INFO - Started process (PID=3269) to work on /home/airflow/.local/lib/python3.8/site-packages/airflow/example_dags/example_branch_labels.py
[2024-02-12T19:06:19.814+0000] {processor.py:830} INFO - Processing file /home/airflow/.local/lib/python3.8/site-packages/airflow/example_dags/example_branch_labels.py for tasks to queue
[2024-02-12T19:06:19.815+0000] {logging_mixin.py:188} INFO - [2024-02-12T19:06:19.814+0000] {dagbag.py:538} INFO - Filling up the DagBag from /home/airflow/.local/lib/python3.8/site-packages/airflow/example_dags/example_branch_labels.py
[2024-02-12T19:06:19.824+0000] {processor.py:840} INFO - DAG(s) 'example_branch_labels' retrieved from /home/airflow/.local/lib/python3.8/site-packages/airflow/example_dags/example_branch_labels.py
[2024-02-12T19:06:19.851+0000] {logging_mixin.py:188} INFO - [2024-02-12T19:06:19.851+0000] {dag.py:3036} INFO - Sync 1 DAGs
[2024-02-12T19:06:19.887+0000] {logging_mixin.py:188} INFO - [2024-02-12T19:06:19.887+0000] {dag.py:3823} INFO - Setting next_dagrun for example_branch_labels to 2024-02-11 00:00:00+00:00, run_after=2024-02-12 00:00:00+00:00
[2024-02-12T19:06:19.919+0000] {processor.py:183} INFO - Processing /home/airflow/.local/lib/python3.8/site-packages/airflow/example_dags/example_branch_labels.py took 0.110 seconds
[2024-02-12T19:06:50.983+0000] {processor.py:161} INFO - Started process (PID=3516) to work on /home/airflow/.local/lib/python3.8/site-packages/airflow/example_dags/example_branch_labels.py
[2024-02-12T19:06:50.984+0000] {processor.py:830} INFO - Processing file /home/airflow/.local/lib/python3.8/site-packages/airflow/example_dags/example_branch_labels.py for tasks to queue
[2024-02-12T19:06:50.985+0000] {logging_mixin.py:188} INFO - [2024-02-12T19:06:50.985+0000] {dagbag.py:538} INFO - Filling up the DagBag from /home/airflow/.local/lib/python3.8/site-packages/airflow/example_dags/example_branch_labels.py
[2024-02-12T19:06:51.007+0000] {processor.py:840} INFO - DAG(s) 'example_branch_labels' retrieved from /home/airflow/.local/lib/python3.8/site-packages/airflow/example_dags/example_branch_labels.py
[2024-02-12T19:06:51.051+0000] {logging_mixin.py:188} INFO - [2024-02-12T19:06:51.051+0000] {dag.py:3036} INFO - Sync 1 DAGs
[2024-02-12T19:06:51.094+0000] {logging_mixin.py:188} INFO - [2024-02-12T19:06:51.093+0000] {dag.py:3823} INFO - Setting next_dagrun for example_branch_labels to 2024-02-11 00:00:00+00:00, run_after=2024-02-12 00:00:00+00:00
[2024-02-12T19:06:51.138+0000] {processor.py:183} INFO - Processing /home/airflow/.local/lib/python3.8/site-packages/airflow/example_dags/example_branch_labels.py took 0.162 seconds
[2024-02-12T19:07:21.828+0000] {processor.py:161} INFO - Started process (PID=3764) to work on /home/airflow/.local/lib/python3.8/site-packages/airflow/example_dags/example_branch_labels.py
[2024-02-12T19:07:21.829+0000] {processor.py:830} INFO - Processing file /home/airflow/.local/lib/python3.8/site-packages/airflow/example_dags/example_branch_labels.py for tasks to queue
[2024-02-12T19:07:21.831+0000] {logging_mixin.py:188} INFO - [2024-02-12T19:07:21.831+0000] {dagbag.py:538} INFO - Filling up the DagBag from /home/airflow/.local/lib/python3.8/site-packages/airflow/example_dags/example_branch_labels.py
[2024-02-12T19:07:21.855+0000] {processor.py:840} INFO - DAG(s) 'example_branch_labels' retrieved from /home/airflow/.local/lib/python3.8/site-packages/airflow/example_dags/example_branch_labels.py
[2024-02-12T19:07:21.899+0000] {logging_mixin.py:188} INFO - [2024-02-12T19:07:21.899+0000] {dag.py:3036} INFO - Sync 1 DAGs
[2024-02-12T19:07:21.958+0000] {logging_mixin.py:188} INFO - [2024-02-12T19:07:21.957+0000] {dag.py:3823} INFO - Setting next_dagrun for example_branch_labels to 2024-02-11 00:00:00+00:00, run_after=2024-02-12 00:00:00+00:00
[2024-02-12T19:07:22.012+0000] {processor.py:183} INFO - Processing /home/airflow/.local/lib/python3.8/site-packages/airflow/example_dags/example_branch_labels.py took 0.188 seconds
[2024-02-12T19:07:52.244+0000] {processor.py:161} INFO - Started process (PID=4011) to work on /home/airflow/.local/lib/python3.8/site-packages/airflow/example_dags/example_branch_labels.py
[2024-02-12T19:07:52.245+0000] {processor.py:830} INFO - Processing file /home/airflow/.local/lib/python3.8/site-packages/airflow/example_dags/example_branch_labels.py for tasks to queue
[2024-02-12T19:07:52.245+0000] {logging_mixin.py:188} INFO - [2024-02-12T19:07:52.245+0000] {dagbag.py:538} INFO - Filling up the DagBag from /home/airflow/.local/lib/python3.8/site-packages/airflow/example_dags/example_branch_labels.py
[2024-02-12T19:07:52.256+0000] {processor.py:840} INFO - DAG(s) 'example_branch_labels' retrieved from /home/airflow/.local/lib/python3.8/site-packages/airflow/example_dags/example_branch_labels.py
[2024-02-12T19:07:52.281+0000] {logging_mixin.py:188} INFO - [2024-02-12T19:07:52.281+0000] {dag.py:3036} INFO - Sync 1 DAGs
[2024-02-12T19:07:52.308+0000] {logging_mixin.py:188} INFO - [2024-02-12T19:07:52.308+0000] {dag.py:3823} INFO - Setting next_dagrun for example_branch_labels to 2024-02-11 00:00:00+00:00, run_after=2024-02-12 00:00:00+00:00
[2024-02-12T19:07:52.336+0000] {processor.py:183} INFO - Processing /home/airflow/.local/lib/python3.8/site-packages/airflow/example_dags/example_branch_labels.py took 0.096 seconds
[2024-02-12T19:08:22.543+0000] {processor.py:161} INFO - Started process (PID=4259) to work on /home/airflow/.local/lib/python3.8/site-packages/airflow/example_dags/example_branch_labels.py
[2024-02-12T19:08:22.544+0000] {processor.py:830} INFO - Processing file /home/airflow/.local/lib/python3.8/site-packages/airflow/example_dags/example_branch_labels.py for tasks to queue
[2024-02-12T19:08:22.545+0000] {logging_mixin.py:188} INFO - [2024-02-12T19:08:22.544+0000] {dagbag.py:538} INFO - Filling up the DagBag from /home/airflow/.local/lib/python3.8/site-packages/airflow/example_dags/example_branch_labels.py
[2024-02-12T19:08:22.555+0000] {processor.py:840} INFO - DAG(s) 'example_branch_labels' retrieved from /home/airflow/.local/lib/python3.8/site-packages/airflow/example_dags/example_branch_labels.py
[2024-02-12T19:08:22.581+0000] {logging_mixin.py:188} INFO - [2024-02-12T19:08:22.581+0000] {dag.py:3036} INFO - Sync 1 DAGs
[2024-02-12T19:08:22.608+0000] {logging_mixin.py:188} INFO - [2024-02-12T19:08:22.608+0000] {dag.py:3823} INFO - Setting next_dagrun for example_branch_labels to 2024-02-11 00:00:00+00:00, run_after=2024-02-12 00:00:00+00:00
[2024-02-12T19:08:22.635+0000] {processor.py:183} INFO - Processing /home/airflow/.local/lib/python3.8/site-packages/airflow/example_dags/example_branch_labels.py took 0.096 seconds
[2024-02-12T19:08:52.795+0000] {processor.py:161} INFO - Started process (PID=4507) to work on /home/airflow/.local/lib/python3.8/site-packages/airflow/example_dags/example_branch_labels.py
[2024-02-12T19:08:52.796+0000] {processor.py:830} INFO - Processing file /home/airflow/.local/lib/python3.8/site-packages/airflow/example_dags/example_branch_labels.py for tasks to queue
[2024-02-12T19:08:52.797+0000] {logging_mixin.py:188} INFO - [2024-02-12T19:08:52.797+0000] {dagbag.py:538} INFO - Filling up the DagBag from /home/airflow/.local/lib/python3.8/site-packages/airflow/example_dags/example_branch_labels.py
[2024-02-12T19:08:52.806+0000] {processor.py:840} INFO - DAG(s) 'example_branch_labels' retrieved from /home/airflow/.local/lib/python3.8/site-packages/airflow/example_dags/example_branch_labels.py
[2024-02-12T19:08:52.832+0000] {logging_mixin.py:188} INFO - [2024-02-12T19:08:52.832+0000] {dag.py:3036} INFO - Sync 1 DAGs
[2024-02-12T19:08:52.859+0000] {logging_mixin.py:188} INFO - [2024-02-12T19:08:52.859+0000] {dag.py:3823} INFO - Setting next_dagrun for example_branch_labels to 2024-02-11 00:00:00+00:00, run_after=2024-02-12 00:00:00+00:00
[2024-02-12T19:08:52.883+0000] {processor.py:183} INFO - Processing /home/airflow/.local/lib/python3.8/site-packages/airflow/example_dags/example_branch_labels.py took 0.091 seconds
[2024-02-12T19:09:23.053+0000] {processor.py:161} INFO - Started process (PID=4756) to work on /home/airflow/.local/lib/python3.8/site-packages/airflow/example_dags/example_branch_labels.py
[2024-02-12T19:09:23.054+0000] {processor.py:830} INFO - Processing file /home/airflow/.local/lib/python3.8/site-packages/airflow/example_dags/example_branch_labels.py for tasks to queue
[2024-02-12T19:09:23.055+0000] {logging_mixin.py:188} INFO - [2024-02-12T19:09:23.055+0000] {dagbag.py:538} INFO - Filling up the DagBag from /home/airflow/.local/lib/python3.8/site-packages/airflow/example_dags/example_branch_labels.py
[2024-02-12T19:09:23.065+0000] {processor.py:840} INFO - DAG(s) 'example_branch_labels' retrieved from /home/airflow/.local/lib/python3.8/site-packages/airflow/example_dags/example_branch_labels.py
[2024-02-12T19:09:23.090+0000] {logging_mixin.py:188} INFO - [2024-02-12T19:09:23.090+0000] {dag.py:3036} INFO - Sync 1 DAGs
[2024-02-12T19:09:23.117+0000] {logging_mixin.py:188} INFO - [2024-02-12T19:09:23.117+0000] {dag.py:3823} INFO - Setting next_dagrun for example_branch_labels to 2024-02-11 00:00:00+00:00, run_after=2024-02-12 00:00:00+00:00
[2024-02-12T19:09:23.142+0000] {processor.py:183} INFO - Processing /home/airflow/.local/lib/python3.8/site-packages/airflow/example_dags/example_branch_labels.py took 0.092 seconds
[2024-02-12T19:09:53.353+0000] {processor.py:161} INFO - Started process (PID=5003) to work on /home/airflow/.local/lib/python3.8/site-packages/airflow/example_dags/example_branch_labels.py
[2024-02-12T19:09:53.355+0000] {processor.py:830} INFO - Processing file /home/airflow/.local/lib/python3.8/site-packages/airflow/example_dags/example_branch_labels.py for tasks to queue
[2024-02-12T19:09:53.355+0000] {logging_mixin.py:188} INFO - [2024-02-12T19:09:53.355+0000] {dagbag.py:538} INFO - Filling up the DagBag from /home/airflow/.local/lib/python3.8/site-packages/airflow/example_dags/example_branch_labels.py
[2024-02-12T19:09:53.365+0000] {processor.py:840} INFO - DAG(s) 'example_branch_labels' retrieved from /home/airflow/.local/lib/python3.8/site-packages/airflow/example_dags/example_branch_labels.py
[2024-02-12T19:09:53.393+0000] {logging_mixin.py:188} INFO - [2024-02-12T19:09:53.392+0000] {dag.py:3036} INFO - Sync 1 DAGs
[2024-02-12T19:09:53.420+0000] {logging_mixin.py:188} INFO - [2024-02-12T19:09:53.420+0000] {dag.py:3823} INFO - Setting next_dagrun for example_branch_labels to 2024-02-11 00:00:00+00:00, run_after=2024-02-12 00:00:00+00:00
[2024-02-12T19:09:53.453+0000] {processor.py:183} INFO - Processing /home/airflow/.local/lib/python3.8/site-packages/airflow/example_dags/example_branch_labels.py took 0.103 seconds
[2024-02-12T19:10:23.752+0000] {processor.py:161} INFO - Started process (PID=5250) to work on /home/airflow/.local/lib/python3.8/site-packages/airflow/example_dags/example_branch_labels.py
[2024-02-12T19:10:23.753+0000] {processor.py:830} INFO - Processing file /home/airflow/.local/lib/python3.8/site-packages/airflow/example_dags/example_branch_labels.py for tasks to queue
[2024-02-12T19:10:23.754+0000] {logging_mixin.py:188} INFO - [2024-02-12T19:10:23.754+0000] {dagbag.py:538} INFO - Filling up the DagBag from /home/airflow/.local/lib/python3.8/site-packages/airflow/example_dags/example_branch_labels.py
[2024-02-12T19:10:23.764+0000] {processor.py:840} INFO - DAG(s) 'example_branch_labels' retrieved from /home/airflow/.local/lib/python3.8/site-packages/airflow/example_dags/example_branch_labels.py
[2024-02-12T19:10:23.798+0000] {logging_mixin.py:188} INFO - [2024-02-12T19:10:23.797+0000] {dag.py:3036} INFO - Sync 1 DAGs
[2024-02-12T19:10:23.825+0000] {logging_mixin.py:188} INFO - [2024-02-12T19:10:23.825+0000] {dag.py:3823} INFO - Setting next_dagrun for example_branch_labels to 2024-02-11 00:00:00+00:00, run_after=2024-02-12 00:00:00+00:00
[2024-02-12T19:10:23.859+0000] {processor.py:183} INFO - Processing /home/airflow/.local/lib/python3.8/site-packages/airflow/example_dags/example_branch_labels.py took 0.111 seconds
[2024-02-12T19:10:54.710+0000] {processor.py:161} INFO - Started process (PID=5498) to work on /home/airflow/.local/lib/python3.8/site-packages/airflow/example_dags/example_branch_labels.py
[2024-02-12T19:10:54.710+0000] {processor.py:830} INFO - Processing file /home/airflow/.local/lib/python3.8/site-packages/airflow/example_dags/example_branch_labels.py for tasks to queue
[2024-02-12T19:10:54.711+0000] {logging_mixin.py:188} INFO - [2024-02-12T19:10:54.711+0000] {dagbag.py:538} INFO - Filling up the DagBag from /home/airflow/.local/lib/python3.8/site-packages/airflow/example_dags/example_branch_labels.py
[2024-02-12T19:10:54.721+0000] {processor.py:840} INFO - DAG(s) 'example_branch_labels' retrieved from /home/airflow/.local/lib/python3.8/site-packages/airflow/example_dags/example_branch_labels.py
[2024-02-12T19:10:54.747+0000] {logging_mixin.py:188} INFO - [2024-02-12T19:10:54.746+0000] {dag.py:3036} INFO - Sync 1 DAGs
[2024-02-12T19:10:54.774+0000] {logging_mixin.py:188} INFO - [2024-02-12T19:10:54.774+0000] {dag.py:3823} INFO - Setting next_dagrun for example_branch_labels to 2024-02-11 00:00:00+00:00, run_after=2024-02-12 00:00:00+00:00
[2024-02-12T19:10:54.799+0000] {processor.py:183} INFO - Processing /home/airflow/.local/lib/python3.8/site-packages/airflow/example_dags/example_branch_labels.py took 0.093 seconds
[2024-02-12T19:11:25.197+0000] {processor.py:161} INFO - Started process (PID=5745) to work on /home/airflow/.local/lib/python3.8/site-packages/airflow/example_dags/example_branch_labels.py
[2024-02-12T19:11:25.198+0000] {processor.py:830} INFO - Processing file /home/airflow/.local/lib/python3.8/site-packages/airflow/example_dags/example_branch_labels.py for tasks to queue
[2024-02-12T19:11:25.199+0000] {logging_mixin.py:188} INFO - [2024-02-12T19:11:25.199+0000] {dagbag.py:538} INFO - Filling up the DagBag from /home/airflow/.local/lib/python3.8/site-packages/airflow/example_dags/example_branch_labels.py
[2024-02-12T19:11:25.208+0000] {processor.py:840} INFO - DAG(s) 'example_branch_labels' retrieved from /home/airflow/.local/lib/python3.8/site-packages/airflow/example_dags/example_branch_labels.py
[2024-02-12T19:11:25.233+0000] {logging_mixin.py:188} INFO - [2024-02-12T19:11:25.233+0000] {dag.py:3036} INFO - Sync 1 DAGs
[2024-02-12T19:11:25.261+0000] {logging_mixin.py:188} INFO - [2024-02-12T19:11:25.261+0000] {dag.py:3823} INFO - Setting next_dagrun for example_branch_labels to 2024-02-11 00:00:00+00:00, run_after=2024-02-12 00:00:00+00:00
[2024-02-12T19:11:25.289+0000] {processor.py:183} INFO - Processing /home/airflow/.local/lib/python3.8/site-packages/airflow/example_dags/example_branch_labels.py took 0.095 seconds
[2024-02-12T19:11:55.546+0000] {processor.py:161} INFO - Started process (PID=5992) to work on /home/airflow/.local/lib/python3.8/site-packages/airflow/example_dags/example_branch_labels.py
[2024-02-12T19:11:55.548+0000] {processor.py:830} INFO - Processing file /home/airflow/.local/lib/python3.8/site-packages/airflow/example_dags/example_branch_labels.py for tasks to queue
[2024-02-12T19:11:55.549+0000] {logging_mixin.py:188} INFO - [2024-02-12T19:11:55.548+0000] {dagbag.py:538} INFO - Filling up the DagBag from /home/airflow/.local/lib/python3.8/site-packages/airflow/example_dags/example_branch_labels.py
[2024-02-12T19:11:55.559+0000] {processor.py:840} INFO - DAG(s) 'example_branch_labels' retrieved from /home/airflow/.local/lib/python3.8/site-packages/airflow/example_dags/example_branch_labels.py
[2024-02-12T19:11:55.613+0000] {logging_mixin.py:188} INFO - [2024-02-12T19:11:55.613+0000] {dag.py:3036} INFO - Sync 1 DAGs
[2024-02-12T19:11:55.667+0000] {logging_mixin.py:188} INFO - [2024-02-12T19:11:55.667+0000] {dag.py:3823} INFO - Setting next_dagrun for example_branch_labels to 2024-02-11 00:00:00+00:00, run_after=2024-02-12 00:00:00+00:00
[2024-02-12T19:11:55.690+0000] {processor.py:183} INFO - Processing /home/airflow/.local/lib/python3.8/site-packages/airflow/example_dags/example_branch_labels.py took 0.150 seconds
[2024-02-12T19:12:26.498+0000] {processor.py:161} INFO - Started process (PID=6239) to work on /home/airflow/.local/lib/python3.8/site-packages/airflow/example_dags/example_branch_labels.py
[2024-02-12T19:12:26.499+0000] {processor.py:830} INFO - Processing file /home/airflow/.local/lib/python3.8/site-packages/airflow/example_dags/example_branch_labels.py for tasks to queue
[2024-02-12T19:12:26.500+0000] {logging_mixin.py:188} INFO - [2024-02-12T19:12:26.500+0000] {dagbag.py:538} INFO - Filling up the DagBag from /home/airflow/.local/lib/python3.8/site-packages/airflow/example_dags/example_branch_labels.py
[2024-02-12T19:12:26.510+0000] {processor.py:840} INFO - DAG(s) 'example_branch_labels' retrieved from /home/airflow/.local/lib/python3.8/site-packages/airflow/example_dags/example_branch_labels.py
[2024-02-12T19:12:26.536+0000] {logging_mixin.py:188} INFO - [2024-02-12T19:12:26.536+0000] {dag.py:3036} INFO - Sync 1 DAGs
[2024-02-12T19:12:26.563+0000] {logging_mixin.py:188} INFO - [2024-02-12T19:12:26.563+0000] {dag.py:3823} INFO - Setting next_dagrun for example_branch_labels to 2024-02-11 00:00:00+00:00, run_after=2024-02-12 00:00:00+00:00
[2024-02-12T19:12:26.588+0000] {processor.py:183} INFO - Processing /home/airflow/.local/lib/python3.8/site-packages/airflow/example_dags/example_branch_labels.py took 0.094 seconds
[2024-02-12T19:12:57.048+0000] {processor.py:161} INFO - Started process (PID=6488) to work on /home/airflow/.local/lib/python3.8/site-packages/airflow/example_dags/example_branch_labels.py
[2024-02-12T19:12:57.050+0000] {processor.py:830} INFO - Processing file /home/airflow/.local/lib/python3.8/site-packages/airflow/example_dags/example_branch_labels.py for tasks to queue
[2024-02-12T19:12:57.051+0000] {logging_mixin.py:188} INFO - [2024-02-12T19:12:57.050+0000] {dagbag.py:538} INFO - Filling up the DagBag from /home/airflow/.local/lib/python3.8/site-packages/airflow/example_dags/example_branch_labels.py
[2024-02-12T19:12:57.061+0000] {processor.py:840} INFO - DAG(s) 'example_branch_labels' retrieved from /home/airflow/.local/lib/python3.8/site-packages/airflow/example_dags/example_branch_labels.py
[2024-02-12T19:12:57.087+0000] {logging_mixin.py:188} INFO - [2024-02-12T19:12:57.087+0000] {dag.py:3036} INFO - Sync 1 DAGs
[2024-02-12T19:12:57.114+0000] {logging_mixin.py:188} INFO - [2024-02-12T19:12:57.114+0000] {dag.py:3823} INFO - Setting next_dagrun for example_branch_labels to 2024-02-11 00:00:00+00:00, run_after=2024-02-12 00:00:00+00:00
[2024-02-12T19:12:57.159+0000] {processor.py:183} INFO - Processing /home/airflow/.local/lib/python3.8/site-packages/airflow/example_dags/example_branch_labels.py took 0.114 seconds
[2024-02-12T19:13:27.325+0000] {processor.py:161} INFO - Started process (PID=6736) to work on /home/airflow/.local/lib/python3.8/site-packages/airflow/example_dags/example_branch_labels.py
[2024-02-12T19:13:27.326+0000] {processor.py:830} INFO - Processing file /home/airflow/.local/lib/python3.8/site-packages/airflow/example_dags/example_branch_labels.py for tasks to queue
[2024-02-12T19:13:27.327+0000] {logging_mixin.py:188} INFO - [2024-02-12T19:13:27.327+0000] {dagbag.py:538} INFO - Filling up the DagBag from /home/airflow/.local/lib/python3.8/site-packages/airflow/example_dags/example_branch_labels.py
[2024-02-12T19:13:27.337+0000] {processor.py:840} INFO - DAG(s) 'example_branch_labels' retrieved from /home/airflow/.local/lib/python3.8/site-packages/airflow/example_dags/example_branch_labels.py
[2024-02-12T19:13:27.362+0000] {logging_mixin.py:188} INFO - [2024-02-12T19:13:27.361+0000] {dag.py:3036} INFO - Sync 1 DAGs
[2024-02-12T19:13:27.389+0000] {logging_mixin.py:188} INFO - [2024-02-12T19:13:27.389+0000] {dag.py:3823} INFO - Setting next_dagrun for example_branch_labels to 2024-02-11 00:00:00+00:00, run_after=2024-02-12 00:00:00+00:00
[2024-02-12T19:13:27.413+0000] {processor.py:183} INFO - Processing /home/airflow/.local/lib/python3.8/site-packages/airflow/example_dags/example_branch_labels.py took 0.091 seconds
[2024-02-12T19:13:57.553+0000] {processor.py:161} INFO - Started process (PID=6983) to work on /home/airflow/.local/lib/python3.8/site-packages/airflow/example_dags/example_branch_labels.py
[2024-02-12T19:13:57.569+0000] {processor.py:830} INFO - Processing file /home/airflow/.local/lib/python3.8/site-packages/airflow/example_dags/example_branch_labels.py for tasks to queue
[2024-02-12T19:13:57.570+0000] {logging_mixin.py:188} INFO - [2024-02-12T19:13:57.570+0000] {dagbag.py:538} INFO - Filling up the DagBag from /home/airflow/.local/lib/python3.8/site-packages/airflow/example_dags/example_branch_labels.py
[2024-02-12T19:13:57.588+0000] {processor.py:840} INFO - DAG(s) 'example_branch_labels' retrieved from /home/airflow/.local/lib/python3.8/site-packages/airflow/example_dags/example_branch_labels.py
[2024-02-12T19:13:57.640+0000] {logging_mixin.py:188} INFO - [2024-02-12T19:13:57.640+0000] {dag.py:3036} INFO - Sync 1 DAGs
[2024-02-12T19:13:57.683+0000] {logging_mixin.py:188} INFO - [2024-02-12T19:13:57.683+0000] {dag.py:3823} INFO - Setting next_dagrun for example_branch_labels to 2024-02-11 00:00:00+00:00, run_after=2024-02-12 00:00:00+00:00
[2024-02-12T19:13:57.723+0000] {processor.py:183} INFO - Processing /home/airflow/.local/lib/python3.8/site-packages/airflow/example_dags/example_branch_labels.py took 0.173 seconds
[2024-02-12T19:14:27.842+0000] {processor.py:161} INFO - Started process (PID=7230) to work on /home/airflow/.local/lib/python3.8/site-packages/airflow/example_dags/example_branch_labels.py
[2024-02-12T19:14:27.843+0000] {processor.py:830} INFO - Processing file /home/airflow/.local/lib/python3.8/site-packages/airflow/example_dags/example_branch_labels.py for tasks to queue
[2024-02-12T19:14:27.844+0000] {logging_mixin.py:188} INFO - [2024-02-12T19:14:27.844+0000] {dagbag.py:538} INFO - Filling up the DagBag from /home/airflow/.local/lib/python3.8/site-packages/airflow/example_dags/example_branch_labels.py
[2024-02-12T19:14:27.855+0000] {processor.py:840} INFO - DAG(s) 'example_branch_labels' retrieved from /home/airflow/.local/lib/python3.8/site-packages/airflow/example_dags/example_branch_labels.py
[2024-02-12T19:14:27.914+0000] {logging_mixin.py:188} INFO - [2024-02-12T19:14:27.914+0000] {dag.py:3036} INFO - Sync 1 DAGs
[2024-02-12T19:14:28.028+0000] {logging_mixin.py:188} INFO - [2024-02-12T19:14:28.028+0000] {dag.py:3823} INFO - Setting next_dagrun for example_branch_labels to 2024-02-11 00:00:00+00:00, run_after=2024-02-12 00:00:00+00:00
[2024-02-12T19:14:28.112+0000] {processor.py:183} INFO - Processing /home/airflow/.local/lib/python3.8/site-packages/airflow/example_dags/example_branch_labels.py took 0.274 seconds
[2024-02-12T19:14:58.296+0000] {processor.py:161} INFO - Started process (PID=7474) to work on /home/airflow/.local/lib/python3.8/site-packages/airflow/example_dags/example_branch_labels.py
[2024-02-12T19:14:58.297+0000] {processor.py:830} INFO - Processing file /home/airflow/.local/lib/python3.8/site-packages/airflow/example_dags/example_branch_labels.py for tasks to queue
[2024-02-12T19:14:58.298+0000] {logging_mixin.py:188} INFO - [2024-02-12T19:14:58.298+0000] {dagbag.py:538} INFO - Filling up the DagBag from /home/airflow/.local/lib/python3.8/site-packages/airflow/example_dags/example_branch_labels.py
[2024-02-12T19:14:58.307+0000] {processor.py:840} INFO - DAG(s) 'example_branch_labels' retrieved from /home/airflow/.local/lib/python3.8/site-packages/airflow/example_dags/example_branch_labels.py
[2024-02-12T19:14:58.332+0000] {logging_mixin.py:188} INFO - [2024-02-12T19:14:58.332+0000] {dag.py:3036} INFO - Sync 1 DAGs
[2024-02-12T19:14:58.360+0000] {logging_mixin.py:188} INFO - [2024-02-12T19:14:58.360+0000] {dag.py:3823} INFO - Setting next_dagrun for example_branch_labels to 2024-02-11 00:00:00+00:00, run_after=2024-02-12 00:00:00+00:00
[2024-02-12T19:14:58.383+0000] {processor.py:183} INFO - Processing /home/airflow/.local/lib/python3.8/site-packages/airflow/example_dags/example_branch_labels.py took 0.091 seconds
[2024-02-12T19:15:29.010+0000] {processor.py:161} INFO - Started process (PID=7721) to work on /home/airflow/.local/lib/python3.8/site-packages/airflow/example_dags/example_branch_labels.py
[2024-02-12T19:15:29.011+0000] {processor.py:830} INFO - Processing file /home/airflow/.local/lib/python3.8/site-packages/airflow/example_dags/example_branch_labels.py for tasks to queue
[2024-02-12T19:15:29.012+0000] {logging_mixin.py:188} INFO - [2024-02-12T19:15:29.012+0000] {dagbag.py:538} INFO - Filling up the DagBag from /home/airflow/.local/lib/python3.8/site-packages/airflow/example_dags/example_branch_labels.py
[2024-02-12T19:15:29.022+0000] {processor.py:840} INFO - DAG(s) 'example_branch_labels' retrieved from /home/airflow/.local/lib/python3.8/site-packages/airflow/example_dags/example_branch_labels.py
[2024-02-12T19:15:29.046+0000] {logging_mixin.py:188} INFO - [2024-02-12T19:15:29.046+0000] {dag.py:3036} INFO - Sync 1 DAGs
[2024-02-12T19:15:29.073+0000] {logging_mixin.py:188} INFO - [2024-02-12T19:15:29.073+0000] {dag.py:3823} INFO - Setting next_dagrun for example_branch_labels to 2024-02-11 00:00:00+00:00, run_after=2024-02-12 00:00:00+00:00
[2024-02-12T19:15:29.105+0000] {processor.py:183} INFO - Processing /home/airflow/.local/lib/python3.8/site-packages/airflow/example_dags/example_branch_labels.py took 0.099 seconds
[2024-02-12T19:15:59.416+0000] {processor.py:161} INFO - Started process (PID=7969) to work on /home/airflow/.local/lib/python3.8/site-packages/airflow/example_dags/example_branch_labels.py
[2024-02-12T19:15:59.417+0000] {processor.py:830} INFO - Processing file /home/airflow/.local/lib/python3.8/site-packages/airflow/example_dags/example_branch_labels.py for tasks to queue
[2024-02-12T19:15:59.418+0000] {logging_mixin.py:188} INFO - [2024-02-12T19:15:59.418+0000] {dagbag.py:538} INFO - Filling up the DagBag from /home/airflow/.local/lib/python3.8/site-packages/airflow/example_dags/example_branch_labels.py
[2024-02-12T19:15:59.428+0000] {processor.py:840} INFO - DAG(s) 'example_branch_labels' retrieved from /home/airflow/.local/lib/python3.8/site-packages/airflow/example_dags/example_branch_labels.py
[2024-02-12T19:15:59.452+0000] {logging_mixin.py:188} INFO - [2024-02-12T19:15:59.452+0000] {dag.py:3036} INFO - Sync 1 DAGs
[2024-02-12T19:15:59.493+0000] {logging_mixin.py:188} INFO - [2024-02-12T19:15:59.492+0000] {dag.py:3823} INFO - Setting next_dagrun for example_branch_labels to 2024-02-11 00:00:00+00:00, run_after=2024-02-12 00:00:00+00:00
[2024-02-12T19:15:59.521+0000] {processor.py:183} INFO - Processing /home/airflow/.local/lib/python3.8/site-packages/airflow/example_dags/example_branch_labels.py took 0.113 seconds
[2024-02-12T19:16:29.920+0000] {processor.py:161} INFO - Started process (PID=8217) to work on /home/airflow/.local/lib/python3.8/site-packages/airflow/example_dags/example_branch_labels.py
[2024-02-12T19:16:29.921+0000] {processor.py:830} INFO - Processing file /home/airflow/.local/lib/python3.8/site-packages/airflow/example_dags/example_branch_labels.py for tasks to queue
[2024-02-12T19:16:29.922+0000] {logging_mixin.py:188} INFO - [2024-02-12T19:16:29.922+0000] {dagbag.py:538} INFO - Filling up the DagBag from /home/airflow/.local/lib/python3.8/site-packages/airflow/example_dags/example_branch_labels.py
[2024-02-12T19:16:29.932+0000] {processor.py:840} INFO - DAG(s) 'example_branch_labels' retrieved from /home/airflow/.local/lib/python3.8/site-packages/airflow/example_dags/example_branch_labels.py
[2024-02-12T19:16:29.966+0000] {logging_mixin.py:188} INFO - [2024-02-12T19:16:29.966+0000] {dag.py:3036} INFO - Sync 1 DAGs
[2024-02-12T19:16:29.993+0000] {logging_mixin.py:188} INFO - [2024-02-12T19:16:29.993+0000] {dag.py:3823} INFO - Setting next_dagrun for example_branch_labels to 2024-02-11 00:00:00+00:00, run_after=2024-02-12 00:00:00+00:00
[2024-02-12T19:16:30.019+0000] {processor.py:183} INFO - Processing /home/airflow/.local/lib/python3.8/site-packages/airflow/example_dags/example_branch_labels.py took 0.103 seconds
[2024-02-12T19:17:00.453+0000] {processor.py:161} INFO - Started process (PID=8464) to work on /home/airflow/.local/lib/python3.8/site-packages/airflow/example_dags/example_branch_labels.py
[2024-02-12T19:17:00.454+0000] {processor.py:830} INFO - Processing file /home/airflow/.local/lib/python3.8/site-packages/airflow/example_dags/example_branch_labels.py for tasks to queue
[2024-02-12T19:17:00.455+0000] {logging_mixin.py:188} INFO - [2024-02-12T19:17:00.455+0000] {dagbag.py:538} INFO - Filling up the DagBag from /home/airflow/.local/lib/python3.8/site-packages/airflow/example_dags/example_branch_labels.py
[2024-02-12T19:17:00.464+0000] {processor.py:840} INFO - DAG(s) 'example_branch_labels' retrieved from /home/airflow/.local/lib/python3.8/site-packages/airflow/example_dags/example_branch_labels.py
[2024-02-12T19:17:00.500+0000] {logging_mixin.py:188} INFO - [2024-02-12T19:17:00.499+0000] {dag.py:3036} INFO - Sync 1 DAGs
[2024-02-12T19:17:00.529+0000] {logging_mixin.py:188} INFO - [2024-02-12T19:17:00.529+0000] {dag.py:3823} INFO - Setting next_dagrun for example_branch_labels to 2024-02-11 00:00:00+00:00, run_after=2024-02-12 00:00:00+00:00
[2024-02-12T19:17:00.564+0000] {processor.py:183} INFO - Processing /home/airflow/.local/lib/python3.8/site-packages/airflow/example_dags/example_branch_labels.py took 0.115 seconds
[2024-02-12T19:17:30.926+0000] {processor.py:161} INFO - Started process (PID=8711) to work on /home/airflow/.local/lib/python3.8/site-packages/airflow/example_dags/example_branch_labels.py
[2024-02-12T19:17:30.928+0000] {processor.py:830} INFO - Processing file /home/airflow/.local/lib/python3.8/site-packages/airflow/example_dags/example_branch_labels.py for tasks to queue
[2024-02-12T19:17:30.929+0000] {logging_mixin.py:188} INFO - [2024-02-12T19:17:30.928+0000] {dagbag.py:538} INFO - Filling up the DagBag from /home/airflow/.local/lib/python3.8/site-packages/airflow/example_dags/example_branch_labels.py
[2024-02-12T19:17:30.938+0000] {processor.py:840} INFO - DAG(s) 'example_branch_labels' retrieved from /home/airflow/.local/lib/python3.8/site-packages/airflow/example_dags/example_branch_labels.py
[2024-02-12T19:17:30.963+0000] {logging_mixin.py:188} INFO - [2024-02-12T19:17:30.963+0000] {dag.py:3036} INFO - Sync 1 DAGs
[2024-02-12T19:17:30.989+0000] {logging_mixin.py:188} INFO - [2024-02-12T19:17:30.989+0000] {dag.py:3823} INFO - Setting next_dagrun for example_branch_labels to 2024-02-11 00:00:00+00:00, run_after=2024-02-12 00:00:00+00:00
[2024-02-12T19:17:31.032+0000] {processor.py:183} INFO - Processing /home/airflow/.local/lib/python3.8/site-packages/airflow/example_dags/example_branch_labels.py took 0.109 seconds
[2024-02-12T19:18:01.153+0000] {processor.py:161} INFO - Started process (PID=8958) to work on /home/airflow/.local/lib/python3.8/site-packages/airflow/example_dags/example_branch_labels.py
[2024-02-12T19:18:01.154+0000] {processor.py:830} INFO - Processing file /home/airflow/.local/lib/python3.8/site-packages/airflow/example_dags/example_branch_labels.py for tasks to queue
[2024-02-12T19:18:01.155+0000] {logging_mixin.py:188} INFO - [2024-02-12T19:18:01.155+0000] {dagbag.py:538} INFO - Filling up the DagBag from /home/airflow/.local/lib/python3.8/site-packages/airflow/example_dags/example_branch_labels.py
[2024-02-12T19:18:01.165+0000] {processor.py:840} INFO - DAG(s) 'example_branch_labels' retrieved from /home/airflow/.local/lib/python3.8/site-packages/airflow/example_dags/example_branch_labels.py
[2024-02-12T19:18:01.201+0000] {logging_mixin.py:188} INFO - [2024-02-12T19:18:01.201+0000] {dag.py:3036} INFO - Sync 1 DAGs
[2024-02-12T19:18:01.227+0000] {logging_mixin.py:188} INFO - [2024-02-12T19:18:01.227+0000] {dag.py:3823} INFO - Setting next_dagrun for example_branch_labels to 2024-02-11 00:00:00+00:00, run_after=2024-02-12 00:00:00+00:00
[2024-02-12T19:18:01.250+0000] {processor.py:183} INFO - Processing /home/airflow/.local/lib/python3.8/site-packages/airflow/example_dags/example_branch_labels.py took 0.100 seconds
[2024-02-12T19:18:31.798+0000] {processor.py:161} INFO - Started process (PID=9205) to work on /home/airflow/.local/lib/python3.8/site-packages/airflow/example_dags/example_branch_labels.py
[2024-02-12T19:18:31.800+0000] {processor.py:830} INFO - Processing file /home/airflow/.local/lib/python3.8/site-packages/airflow/example_dags/example_branch_labels.py for tasks to queue
[2024-02-12T19:18:31.801+0000] {logging_mixin.py:188} INFO - [2024-02-12T19:18:31.801+0000] {dagbag.py:538} INFO - Filling up the DagBag from /home/airflow/.local/lib/python3.8/site-packages/airflow/example_dags/example_branch_labels.py
[2024-02-12T19:18:31.811+0000] {processor.py:840} INFO - DAG(s) 'example_branch_labels' retrieved from /home/airflow/.local/lib/python3.8/site-packages/airflow/example_dags/example_branch_labels.py
[2024-02-12T19:18:31.836+0000] {logging_mixin.py:188} INFO - [2024-02-12T19:18:31.836+0000] {dag.py:3036} INFO - Sync 1 DAGs
[2024-02-12T19:18:31.862+0000] {logging_mixin.py:188} INFO - [2024-02-12T19:18:31.861+0000] {dag.py:3823} INFO - Setting next_dagrun for example_branch_labels to 2024-02-11 00:00:00+00:00, run_after=2024-02-12 00:00:00+00:00
[2024-02-12T19:18:31.895+0000] {processor.py:183} INFO - Processing /home/airflow/.local/lib/python3.8/site-packages/airflow/example_dags/example_branch_labels.py took 0.101 seconds
[2024-02-12T19:19:01.953+0000] {processor.py:161} INFO - Started process (PID=9450) to work on /home/airflow/.local/lib/python3.8/site-packages/airflow/example_dags/example_branch_labels.py
[2024-02-12T19:19:01.954+0000] {processor.py:830} INFO - Processing file /home/airflow/.local/lib/python3.8/site-packages/airflow/example_dags/example_branch_labels.py for tasks to queue
[2024-02-12T19:19:01.955+0000] {logging_mixin.py:188} INFO - [2024-02-12T19:19:01.954+0000] {dagbag.py:538} INFO - Filling up the DagBag from /home/airflow/.local/lib/python3.8/site-packages/airflow/example_dags/example_branch_labels.py
[2024-02-12T19:19:01.961+0000] {processor.py:840} INFO - DAG(s) 'example_branch_labels' retrieved from /home/airflow/.local/lib/python3.8/site-packages/airflow/example_dags/example_branch_labels.py
[2024-02-12T19:19:01.978+0000] {logging_mixin.py:188} INFO - [2024-02-12T19:19:01.978+0000] {dag.py:3036} INFO - Sync 1 DAGs
[2024-02-12T19:19:02.000+0000] {logging_mixin.py:188} INFO - [2024-02-12T19:19:01.999+0000] {dag.py:3823} INFO - Setting next_dagrun for example_branch_labels to 2024-02-11 00:00:00+00:00, run_after=2024-02-12 00:00:00+00:00
[2024-02-12T19:19:02.030+0000] {processor.py:183} INFO - Processing /home/airflow/.local/lib/python3.8/site-packages/airflow/example_dags/example_branch_labels.py took 0.079 seconds
[2024-02-12T19:19:32.363+0000] {processor.py:161} INFO - Started process (PID=9695) to work on /home/airflow/.local/lib/python3.8/site-packages/airflow/example_dags/example_branch_labels.py
[2024-02-12T19:19:32.364+0000] {processor.py:830} INFO - Processing file /home/airflow/.local/lib/python3.8/site-packages/airflow/example_dags/example_branch_labels.py for tasks to queue
[2024-02-12T19:19:32.365+0000] {logging_mixin.py:188} INFO - [2024-02-12T19:19:32.365+0000] {dagbag.py:538} INFO - Filling up the DagBag from /home/airflow/.local/lib/python3.8/site-packages/airflow/example_dags/example_branch_labels.py
[2024-02-12T19:19:32.375+0000] {processor.py:840} INFO - DAG(s) 'example_branch_labels' retrieved from /home/airflow/.local/lib/python3.8/site-packages/airflow/example_dags/example_branch_labels.py
[2024-02-12T19:19:32.399+0000] {logging_mixin.py:188} INFO - [2024-02-12T19:19:32.399+0000] {dag.py:3036} INFO - Sync 1 DAGs
[2024-02-12T19:19:32.429+0000] {logging_mixin.py:188} INFO - [2024-02-12T19:19:32.429+0000] {dag.py:3823} INFO - Setting next_dagrun for example_branch_labels to 2024-02-11 00:00:00+00:00, run_after=2024-02-12 00:00:00+00:00
[2024-02-12T19:19:32.465+0000] {processor.py:183} INFO - Processing /home/airflow/.local/lib/python3.8/site-packages/airflow/example_dags/example_branch_labels.py took 0.105 seconds
[2024-02-12T19:20:03.062+0000] {processor.py:161} INFO - Started process (PID=9942) to work on /home/airflow/.local/lib/python3.8/site-packages/airflow/example_dags/example_branch_labels.py
[2024-02-12T19:20:03.063+0000] {processor.py:830} INFO - Processing file /home/airflow/.local/lib/python3.8/site-packages/airflow/example_dags/example_branch_labels.py for tasks to queue
[2024-02-12T19:20:03.064+0000] {logging_mixin.py:188} INFO - [2024-02-12T19:20:03.064+0000] {dagbag.py:538} INFO - Filling up the DagBag from /home/airflow/.local/lib/python3.8/site-packages/airflow/example_dags/example_branch_labels.py
[2024-02-12T19:20:03.073+0000] {processor.py:840} INFO - DAG(s) 'example_branch_labels' retrieved from /home/airflow/.local/lib/python3.8/site-packages/airflow/example_dags/example_branch_labels.py
[2024-02-12T19:20:03.096+0000] {logging_mixin.py:188} INFO - [2024-02-12T19:20:03.096+0000] {dag.py:3036} INFO - Sync 1 DAGs
[2024-02-12T19:20:03.122+0000] {logging_mixin.py:188} INFO - [2024-02-12T19:20:03.122+0000] {dag.py:3823} INFO - Setting next_dagrun for example_branch_labels to 2024-02-11 00:00:00+00:00, run_after=2024-02-12 00:00:00+00:00
[2024-02-12T19:20:03.145+0000] {processor.py:183} INFO - Processing /home/airflow/.local/lib/python3.8/site-packages/airflow/example_dags/example_branch_labels.py took 0.086 seconds
[2024-02-12T19:20:33.385+0000] {processor.py:161} INFO - Started process (PID=10190) to work on /home/airflow/.local/lib/python3.8/site-packages/airflow/example_dags/example_branch_labels.py
[2024-02-12T19:20:33.386+0000] {processor.py:830} INFO - Processing file /home/airflow/.local/lib/python3.8/site-packages/airflow/example_dags/example_branch_labels.py for tasks to queue
[2024-02-12T19:20:33.387+0000] {logging_mixin.py:188} INFO - [2024-02-12T19:20:33.386+0000] {dagbag.py:538} INFO - Filling up the DagBag from /home/airflow/.local/lib/python3.8/site-packages/airflow/example_dags/example_branch_labels.py
[2024-02-12T19:20:33.397+0000] {processor.py:840} INFO - DAG(s) 'example_branch_labels' retrieved from /home/airflow/.local/lib/python3.8/site-packages/airflow/example_dags/example_branch_labels.py
[2024-02-12T19:20:33.421+0000] {logging_mixin.py:188} INFO - [2024-02-12T19:20:33.421+0000] {dag.py:3036} INFO - Sync 1 DAGs
[2024-02-12T19:20:33.446+0000] {logging_mixin.py:188} INFO - [2024-02-12T19:20:33.446+0000] {dag.py:3823} INFO - Setting next_dagrun for example_branch_labels to 2024-02-11 00:00:00+00:00, run_after=2024-02-12 00:00:00+00:00
[2024-02-12T19:20:33.468+0000] {processor.py:183} INFO - Processing /home/airflow/.local/lib/python3.8/site-packages/airflow/example_dags/example_branch_labels.py took 0.087 seconds
[2024-02-12T19:21:03.975+0000] {processor.py:161} INFO - Started process (PID=10438) to work on /home/airflow/.local/lib/python3.8/site-packages/airflow/example_dags/example_branch_labels.py
[2024-02-12T19:21:03.976+0000] {processor.py:830} INFO - Processing file /home/airflow/.local/lib/python3.8/site-packages/airflow/example_dags/example_branch_labels.py for tasks to queue
[2024-02-12T19:21:03.977+0000] {logging_mixin.py:188} INFO - [2024-02-12T19:21:03.977+0000] {dagbag.py:538} INFO - Filling up the DagBag from /home/airflow/.local/lib/python3.8/site-packages/airflow/example_dags/example_branch_labels.py
[2024-02-12T19:21:03.988+0000] {processor.py:840} INFO - DAG(s) 'example_branch_labels' retrieved from /home/airflow/.local/lib/python3.8/site-packages/airflow/example_dags/example_branch_labels.py
[2024-02-12T19:21:04.018+0000] {logging_mixin.py:188} INFO - [2024-02-12T19:21:04.018+0000] {dag.py:3036} INFO - Sync 1 DAGs
[2024-02-12T19:21:04.044+0000] {logging_mixin.py:188} INFO - [2024-02-12T19:21:04.044+0000] {dag.py:3823} INFO - Setting next_dagrun for example_branch_labels to 2024-02-11 00:00:00+00:00, run_after=2024-02-12 00:00:00+00:00
[2024-02-12T19:21:04.066+0000] {processor.py:183} INFO - Processing /home/airflow/.local/lib/python3.8/site-packages/airflow/example_dags/example_branch_labels.py took 0.094 seconds
[2024-02-12T19:21:34.499+0000] {processor.py:161} INFO - Started process (PID=10685) to work on /home/airflow/.local/lib/python3.8/site-packages/airflow/example_dags/example_branch_labels.py
[2024-02-12T19:21:34.503+0000] {processor.py:830} INFO - Processing file /home/airflow/.local/lib/python3.8/site-packages/airflow/example_dags/example_branch_labels.py for tasks to queue
[2024-02-12T19:21:34.504+0000] {logging_mixin.py:188} INFO - [2024-02-12T19:21:34.504+0000] {dagbag.py:538} INFO - Filling up the DagBag from /home/airflow/.local/lib/python3.8/site-packages/airflow/example_dags/example_branch_labels.py
[2024-02-12T19:21:34.542+0000] {processor.py:840} INFO - DAG(s) 'example_branch_labels' retrieved from /home/airflow/.local/lib/python3.8/site-packages/airflow/example_dags/example_branch_labels.py
[2024-02-12T19:21:34.597+0000] {logging_mixin.py:188} INFO - [2024-02-12T19:21:34.597+0000] {dag.py:3036} INFO - Sync 1 DAGs
[2024-02-12T19:21:34.634+0000] {logging_mixin.py:188} INFO - [2024-02-12T19:21:34.633+0000] {dag.py:3823} INFO - Setting next_dagrun for example_branch_labels to 2024-02-11 00:00:00+00:00, run_after=2024-02-12 00:00:00+00:00
[2024-02-12T19:21:34.680+0000] {processor.py:183} INFO - Processing /home/airflow/.local/lib/python3.8/site-packages/airflow/example_dags/example_branch_labels.py took 0.193 seconds
[2024-02-12T19:22:05.122+0000] {processor.py:161} INFO - Started process (PID=10933) to work on /home/airflow/.local/lib/python3.8/site-packages/airflow/example_dags/example_branch_labels.py
[2024-02-12T19:22:05.123+0000] {processor.py:830} INFO - Processing file /home/airflow/.local/lib/python3.8/site-packages/airflow/example_dags/example_branch_labels.py for tasks to queue
[2024-02-12T19:22:05.124+0000] {logging_mixin.py:188} INFO - [2024-02-12T19:22:05.124+0000] {dagbag.py:538} INFO - Filling up the DagBag from /home/airflow/.local/lib/python3.8/site-packages/airflow/example_dags/example_branch_labels.py
[2024-02-12T19:22:05.143+0000] {processor.py:840} INFO - DAG(s) 'example_branch_labels' retrieved from /home/airflow/.local/lib/python3.8/site-packages/airflow/example_dags/example_branch_labels.py
[2024-02-12T19:22:05.194+0000] {logging_mixin.py:188} INFO - [2024-02-12T19:22:05.194+0000] {dag.py:3036} INFO - Sync 1 DAGs
[2024-02-12T19:22:05.221+0000] {logging_mixin.py:188} INFO - [2024-02-12T19:22:05.221+0000] {dag.py:3823} INFO - Setting next_dagrun for example_branch_labels to 2024-02-11 00:00:00+00:00, run_after=2024-02-12 00:00:00+00:00
[2024-02-12T19:22:05.259+0000] {processor.py:183} INFO - Processing /home/airflow/.local/lib/python3.8/site-packages/airflow/example_dags/example_branch_labels.py took 0.159 seconds
[2024-02-12T19:22:35.343+0000] {processor.py:161} INFO - Started process (PID=11180) to work on /home/airflow/.local/lib/python3.8/site-packages/airflow/example_dags/example_branch_labels.py
[2024-02-12T19:22:35.344+0000] {processor.py:830} INFO - Processing file /home/airflow/.local/lib/python3.8/site-packages/airflow/example_dags/example_branch_labels.py for tasks to queue
[2024-02-12T19:22:35.345+0000] {logging_mixin.py:188} INFO - [2024-02-12T19:22:35.345+0000] {dagbag.py:538} INFO - Filling up the DagBag from /home/airflow/.local/lib/python3.8/site-packages/airflow/example_dags/example_branch_labels.py
[2024-02-12T19:22:35.355+0000] {processor.py:840} INFO - DAG(s) 'example_branch_labels' retrieved from /home/airflow/.local/lib/python3.8/site-packages/airflow/example_dags/example_branch_labels.py
[2024-02-12T19:22:35.415+0000] {logging_mixin.py:188} INFO - [2024-02-12T19:22:35.415+0000] {dag.py:3036} INFO - Sync 1 DAGs
[2024-02-12T19:22:35.442+0000] {logging_mixin.py:188} INFO - [2024-02-12T19:22:35.442+0000] {dag.py:3823} INFO - Setting next_dagrun for example_branch_labels to 2024-02-11 00:00:00+00:00, run_after=2024-02-12 00:00:00+00:00
[2024-02-12T19:22:35.467+0000] {processor.py:183} INFO - Processing /home/airflow/.local/lib/python3.8/site-packages/airflow/example_dags/example_branch_labels.py took 0.127 seconds
[2024-02-12T19:23:05.555+0000] {processor.py:161} INFO - Started process (PID=11427) to work on /home/airflow/.local/lib/python3.8/site-packages/airflow/example_dags/example_branch_labels.py
[2024-02-12T19:23:05.557+0000] {processor.py:830} INFO - Processing file /home/airflow/.local/lib/python3.8/site-packages/airflow/example_dags/example_branch_labels.py for tasks to queue
[2024-02-12T19:23:05.558+0000] {logging_mixin.py:188} INFO - [2024-02-12T19:23:05.557+0000] {dagbag.py:538} INFO - Filling up the DagBag from /home/airflow/.local/lib/python3.8/site-packages/airflow/example_dags/example_branch_labels.py
[2024-02-12T19:23:05.568+0000] {processor.py:840} INFO - DAG(s) 'example_branch_labels' retrieved from /home/airflow/.local/lib/python3.8/site-packages/airflow/example_dags/example_branch_labels.py
[2024-02-12T19:23:05.593+0000] {logging_mixin.py:188} INFO - [2024-02-12T19:23:05.593+0000] {dag.py:3036} INFO - Sync 1 DAGs
[2024-02-12T19:23:05.620+0000] {logging_mixin.py:188} INFO - [2024-02-12T19:23:05.620+0000] {dag.py:3823} INFO - Setting next_dagrun for example_branch_labels to 2024-02-11 00:00:00+00:00, run_after=2024-02-12 00:00:00+00:00
[2024-02-12T19:23:05.643+0000] {processor.py:183} INFO - Processing /home/airflow/.local/lib/python3.8/site-packages/airflow/example_dags/example_branch_labels.py took 0.091 seconds
[2024-02-12T19:23:35.857+0000] {processor.py:161} INFO - Started process (PID=11674) to work on /home/airflow/.local/lib/python3.8/site-packages/airflow/example_dags/example_branch_labels.py
[2024-02-12T19:23:35.859+0000] {processor.py:830} INFO - Processing file /home/airflow/.local/lib/python3.8/site-packages/airflow/example_dags/example_branch_labels.py for tasks to queue
[2024-02-12T19:23:35.860+0000] {logging_mixin.py:188} INFO - [2024-02-12T19:23:35.859+0000] {dagbag.py:538} INFO - Filling up the DagBag from /home/airflow/.local/lib/python3.8/site-packages/airflow/example_dags/example_branch_labels.py
[2024-02-12T19:23:35.870+0000] {processor.py:840} INFO - DAG(s) 'example_branch_labels' retrieved from /home/airflow/.local/lib/python3.8/site-packages/airflow/example_dags/example_branch_labels.py
[2024-02-12T19:23:35.894+0000] {logging_mixin.py:188} INFO - [2024-02-12T19:23:35.894+0000] {dag.py:3036} INFO - Sync 1 DAGs
[2024-02-12T19:23:35.922+0000] {logging_mixin.py:188} INFO - [2024-02-12T19:23:35.922+0000] {dag.py:3823} INFO - Setting next_dagrun for example_branch_labels to 2024-02-11 00:00:00+00:00, run_after=2024-02-12 00:00:00+00:00
[2024-02-12T19:23:35.954+0000] {processor.py:183} INFO - Processing /home/airflow/.local/lib/python3.8/site-packages/airflow/example_dags/example_branch_labels.py took 0.100 seconds
[2024-02-12T19:24:06.507+0000] {processor.py:161} INFO - Started process (PID=11921) to work on /home/airflow/.local/lib/python3.8/site-packages/airflow/example_dags/example_branch_labels.py
[2024-02-12T19:24:06.508+0000] {processor.py:830} INFO - Processing file /home/airflow/.local/lib/python3.8/site-packages/airflow/example_dags/example_branch_labels.py for tasks to queue
[2024-02-12T19:24:06.509+0000] {logging_mixin.py:188} INFO - [2024-02-12T19:24:06.509+0000] {dagbag.py:538} INFO - Filling up the DagBag from /home/airflow/.local/lib/python3.8/site-packages/airflow/example_dags/example_branch_labels.py
[2024-02-12T19:24:06.519+0000] {processor.py:840} INFO - DAG(s) 'example_branch_labels' retrieved from /home/airflow/.local/lib/python3.8/site-packages/airflow/example_dags/example_branch_labels.py
[2024-02-12T19:24:06.543+0000] {logging_mixin.py:188} INFO - [2024-02-12T19:24:06.542+0000] {dag.py:3036} INFO - Sync 1 DAGs
[2024-02-12T19:24:06.571+0000] {logging_mixin.py:188} INFO - [2024-02-12T19:24:06.571+0000] {dag.py:3823} INFO - Setting next_dagrun for example_branch_labels to 2024-02-11 00:00:00+00:00, run_after=2024-02-12 00:00:00+00:00
[2024-02-12T19:24:06.598+0000] {processor.py:183} INFO - Processing /home/airflow/.local/lib/python3.8/site-packages/airflow/example_dags/example_branch_labels.py took 0.095 seconds
[2024-02-12T19:24:36.641+0000] {processor.py:161} INFO - Started process (PID=12168) to work on /home/airflow/.local/lib/python3.8/site-packages/airflow/example_dags/example_branch_labels.py
[2024-02-12T19:24:36.642+0000] {processor.py:830} INFO - Processing file /home/airflow/.local/lib/python3.8/site-packages/airflow/example_dags/example_branch_labels.py for tasks to queue
[2024-02-12T19:24:36.643+0000] {logging_mixin.py:188} INFO - [2024-02-12T19:24:36.643+0000] {dagbag.py:538} INFO - Filling up the DagBag from /home/airflow/.local/lib/python3.8/site-packages/airflow/example_dags/example_branch_labels.py
[2024-02-12T19:24:36.652+0000] {processor.py:840} INFO - DAG(s) 'example_branch_labels' retrieved from /home/airflow/.local/lib/python3.8/site-packages/airflow/example_dags/example_branch_labels.py
[2024-02-12T19:24:36.676+0000] {logging_mixin.py:188} INFO - [2024-02-12T19:24:36.676+0000] {dag.py:3036} INFO - Sync 1 DAGs
[2024-02-12T19:24:36.701+0000] {logging_mixin.py:188} INFO - [2024-02-12T19:24:36.701+0000] {dag.py:3823} INFO - Setting next_dagrun for example_branch_labels to 2024-02-11 00:00:00+00:00, run_after=2024-02-12 00:00:00+00:00
[2024-02-12T19:24:36.730+0000] {processor.py:183} INFO - Processing /home/airflow/.local/lib/python3.8/site-packages/airflow/example_dags/example_branch_labels.py took 0.093 seconds
[2024-02-12T19:25:06.938+0000] {processor.py:161} INFO - Started process (PID=12410) to work on /home/airflow/.local/lib/python3.8/site-packages/airflow/example_dags/example_branch_labels.py
[2024-02-12T19:25:06.939+0000] {processor.py:830} INFO - Processing file /home/airflow/.local/lib/python3.8/site-packages/airflow/example_dags/example_branch_labels.py for tasks to queue
[2024-02-12T19:25:06.940+0000] {logging_mixin.py:188} INFO - [2024-02-12T19:25:06.939+0000] {dagbag.py:538} INFO - Filling up the DagBag from /home/airflow/.local/lib/python3.8/site-packages/airflow/example_dags/example_branch_labels.py
[2024-02-12T19:25:06.953+0000] {processor.py:840} INFO - DAG(s) 'example_branch_labels' retrieved from /home/airflow/.local/lib/python3.8/site-packages/airflow/example_dags/example_branch_labels.py
[2024-02-12T19:25:06.978+0000] {logging_mixin.py:188} INFO - [2024-02-12T19:25:06.978+0000] {dag.py:3036} INFO - Sync 1 DAGs
[2024-02-12T19:25:07.004+0000] {logging_mixin.py:188} INFO - [2024-02-12T19:25:07.004+0000] {dag.py:3823} INFO - Setting next_dagrun for example_branch_labels to 2024-02-11 00:00:00+00:00, run_after=2024-02-12 00:00:00+00:00
[2024-02-12T19:25:07.026+0000] {processor.py:183} INFO - Processing /home/airflow/.local/lib/python3.8/site-packages/airflow/example_dags/example_branch_labels.py took 0.092 seconds
[2024-02-12T19:25:37.966+0000] {processor.py:161} INFO - Started process (PID=12654) to work on /home/airflow/.local/lib/python3.8/site-packages/airflow/example_dags/example_branch_labels.py
[2024-02-12T19:25:37.968+0000] {processor.py:830} INFO - Processing file /home/airflow/.local/lib/python3.8/site-packages/airflow/example_dags/example_branch_labels.py for tasks to queue
[2024-02-12T19:25:37.969+0000] {logging_mixin.py:188} INFO - [2024-02-12T19:25:37.968+0000] {dagbag.py:538} INFO - Filling up the DagBag from /home/airflow/.local/lib/python3.8/site-packages/airflow/example_dags/example_branch_labels.py
[2024-02-12T19:25:37.991+0000] {processor.py:840} INFO - DAG(s) 'example_branch_labels' retrieved from /home/airflow/.local/lib/python3.8/site-packages/airflow/example_dags/example_branch_labels.py
[2024-02-12T19:25:38.047+0000] {logging_mixin.py:188} INFO - [2024-02-12T19:25:38.046+0000] {dag.py:3036} INFO - Sync 1 DAGs
[2024-02-12T19:25:38.140+0000] {logging_mixin.py:188} INFO - [2024-02-12T19:25:38.139+0000] {dag.py:3823} INFO - Setting next_dagrun for example_branch_labels to 2024-02-11 00:00:00+00:00, run_after=2024-02-12 00:00:00+00:00
[2024-02-12T19:25:38.185+0000] {processor.py:183} INFO - Processing /home/airflow/.local/lib/python3.8/site-packages/airflow/example_dags/example_branch_labels.py took 0.222 seconds
[2024-02-12T19:26:08.335+0000] {processor.py:161} INFO - Started process (PID=12903) to work on /home/airflow/.local/lib/python3.8/site-packages/airflow/example_dags/example_branch_labels.py
[2024-02-12T19:26:08.336+0000] {processor.py:830} INFO - Processing file /home/airflow/.local/lib/python3.8/site-packages/airflow/example_dags/example_branch_labels.py for tasks to queue
[2024-02-12T19:26:08.337+0000] {logging_mixin.py:188} INFO - [2024-02-12T19:26:08.337+0000] {dagbag.py:538} INFO - Filling up the DagBag from /home/airflow/.local/lib/python3.8/site-packages/airflow/example_dags/example_branch_labels.py
[2024-02-12T19:26:08.347+0000] {processor.py:840} INFO - DAG(s) 'example_branch_labels' retrieved from /home/airflow/.local/lib/python3.8/site-packages/airflow/example_dags/example_branch_labels.py
[2024-02-12T19:26:08.491+0000] {logging_mixin.py:188} INFO - [2024-02-12T19:26:08.490+0000] {dag.py:3036} INFO - Sync 1 DAGs
[2024-02-12T19:26:08.512+0000] {logging_mixin.py:188} INFO - [2024-02-12T19:26:08.512+0000] {dag.py:3823} INFO - Setting next_dagrun for example_branch_labels to 2024-02-11 00:00:00+00:00, run_after=2024-02-12 00:00:00+00:00
[2024-02-12T19:26:08.535+0000] {processor.py:183} INFO - Processing /home/airflow/.local/lib/python3.8/site-packages/airflow/example_dags/example_branch_labels.py took 0.203 seconds
