[2024-02-12T19:00:14.557+0000] {processor.py:161} INFO - Started process (PID=316) to work on /home/airflow/.local/lib/python3.8/site-packages/airflow/example_dags/example_xcomargs.py
[2024-02-12T19:00:14.558+0000] {processor.py:830} INFO - Processing file /home/airflow/.local/lib/python3.8/site-packages/airflow/example_dags/example_xcomargs.py for tasks to queue
[2024-02-12T19:00:14.559+0000] {logging_mixin.py:188} INFO - [2024-02-12T19:00:14.559+0000] {dagbag.py:538} INFO - Filling up the DagBag from /home/airflow/.local/lib/python3.8/site-packages/airflow/example_dags/example_xcomargs.py
[2024-02-12T19:00:14.571+0000] {processor.py:840} INFO - DAG(s) 'example_xcom_args', 'example_xcom_args_with_operators' retrieved from /home/airflow/.local/lib/python3.8/site-packages/airflow/example_dags/example_xcomargs.py
[2024-02-12T19:00:14.948+0000] {logging_mixin.py:188} INFO - [2024-02-12T19:00:14.948+0000] {dag.py:3036} INFO - Sync 2 DAGs
[2024-02-12T19:00:14.987+0000] {logging_mixin.py:188} INFO - [2024-02-12T19:00:14.987+0000] {dag.py:3823} INFO - Setting next_dagrun for example_xcom_args to None, run_after=None
[2024-02-12T19:00:14.995+0000] {logging_mixin.py:188} INFO - [2024-02-12T19:00:14.995+0000] {dag.py:3823} INFO - Setting next_dagrun for example_xcom_args_with_operators to None, run_after=None
[2024-02-12T19:00:15.192+0000] {processor.py:183} INFO - Processing /home/airflow/.local/lib/python3.8/site-packages/airflow/example_dags/example_xcomargs.py took 0.651 seconds
[2024-02-12T19:00:45.821+0000] {processor.py:161} INFO - Started process (PID=561) to work on /home/airflow/.local/lib/python3.8/site-packages/airflow/example_dags/example_xcomargs.py
[2024-02-12T19:00:45.836+0000] {processor.py:830} INFO - Processing file /home/airflow/.local/lib/python3.8/site-packages/airflow/example_dags/example_xcomargs.py for tasks to queue
[2024-02-12T19:00:45.838+0000] {logging_mixin.py:188} INFO - [2024-02-12T19:00:45.837+0000] {dagbag.py:538} INFO - Filling up the DagBag from /home/airflow/.local/lib/python3.8/site-packages/airflow/example_dags/example_xcomargs.py
[2024-02-12T19:00:45.852+0000] {processor.py:840} INFO - DAG(s) 'example_xcom_args', 'example_xcom_args_with_operators' retrieved from /home/airflow/.local/lib/python3.8/site-packages/airflow/example_dags/example_xcomargs.py
[2024-02-12T19:00:45.901+0000] {logging_mixin.py:188} INFO - [2024-02-12T19:00:45.901+0000] {dag.py:3036} INFO - Sync 2 DAGs
[2024-02-12T19:00:45.915+0000] {logging_mixin.py:188} INFO - [2024-02-12T19:00:45.915+0000] {dag.py:3823} INFO - Setting next_dagrun for example_xcom_args to None, run_after=None
[2024-02-12T19:00:45.919+0000] {logging_mixin.py:188} INFO - [2024-02-12T19:00:45.919+0000] {dag.py:3823} INFO - Setting next_dagrun for example_xcom_args_with_operators to None, run_after=None
[2024-02-12T19:00:45.943+0000] {processor.py:183} INFO - Processing /home/airflow/.local/lib/python3.8/site-packages/airflow/example_dags/example_xcomargs.py took 0.126 seconds
[2024-02-12T19:01:16.044+0000] {processor.py:161} INFO - Started process (PID=810) to work on /home/airflow/.local/lib/python3.8/site-packages/airflow/example_dags/example_xcomargs.py
[2024-02-12T19:01:16.045+0000] {processor.py:830} INFO - Processing file /home/airflow/.local/lib/python3.8/site-packages/airflow/example_dags/example_xcomargs.py for tasks to queue
[2024-02-12T19:01:16.046+0000] {logging_mixin.py:188} INFO - [2024-02-12T19:01:16.045+0000] {dagbag.py:538} INFO - Filling up the DagBag from /home/airflow/.local/lib/python3.8/site-packages/airflow/example_dags/example_xcomargs.py
[2024-02-12T19:01:16.055+0000] {processor.py:840} INFO - DAG(s) 'example_xcom_args', 'example_xcom_args_with_operators' retrieved from /home/airflow/.local/lib/python3.8/site-packages/airflow/example_dags/example_xcomargs.py
[2024-02-12T19:01:16.081+0000] {logging_mixin.py:188} INFO - [2024-02-12T19:01:16.081+0000] {dag.py:3036} INFO - Sync 2 DAGs
[2024-02-12T19:01:16.097+0000] {logging_mixin.py:188} INFO - [2024-02-12T19:01:16.096+0000] {dag.py:3823} INFO - Setting next_dagrun for example_xcom_args to None, run_after=None
[2024-02-12T19:01:16.102+0000] {logging_mixin.py:188} INFO - [2024-02-12T19:01:16.102+0000] {dag.py:3823} INFO - Setting next_dagrun for example_xcom_args_with_operators to None, run_after=None
[2024-02-12T19:01:16.128+0000] {processor.py:183} INFO - Processing /home/airflow/.local/lib/python3.8/site-packages/airflow/example_dags/example_xcomargs.py took 0.088 seconds
[2024-02-12T19:01:46.533+0000] {processor.py:161} INFO - Started process (PID=1057) to work on /home/airflow/.local/lib/python3.8/site-packages/airflow/example_dags/example_xcomargs.py
[2024-02-12T19:01:46.535+0000] {processor.py:830} INFO - Processing file /home/airflow/.local/lib/python3.8/site-packages/airflow/example_dags/example_xcomargs.py for tasks to queue
[2024-02-12T19:01:46.536+0000] {logging_mixin.py:188} INFO - [2024-02-12T19:01:46.535+0000] {dagbag.py:538} INFO - Filling up the DagBag from /home/airflow/.local/lib/python3.8/site-packages/airflow/example_dags/example_xcomargs.py
[2024-02-12T19:01:46.545+0000] {processor.py:840} INFO - DAG(s) 'example_xcom_args_with_operators', 'example_xcom_args' retrieved from /home/airflow/.local/lib/python3.8/site-packages/airflow/example_dags/example_xcomargs.py
[2024-02-12T19:01:46.580+0000] {logging_mixin.py:188} INFO - [2024-02-12T19:01:46.579+0000] {dag.py:3036} INFO - Sync 2 DAGs
[2024-02-12T19:01:46.596+0000] {logging_mixin.py:188} INFO - [2024-02-12T19:01:46.596+0000] {dag.py:3823} INFO - Setting next_dagrun for example_xcom_args to None, run_after=None
[2024-02-12T19:01:46.600+0000] {logging_mixin.py:188} INFO - [2024-02-12T19:01:46.600+0000] {dag.py:3823} INFO - Setting next_dagrun for example_xcom_args_with_operators to None, run_after=None
[2024-02-12T19:01:46.637+0000] {processor.py:183} INFO - Processing /home/airflow/.local/lib/python3.8/site-packages/airflow/example_dags/example_xcomargs.py took 0.110 seconds
[2024-02-12T19:02:16.979+0000] {processor.py:161} INFO - Started process (PID=1304) to work on /home/airflow/.local/lib/python3.8/site-packages/airflow/example_dags/example_xcomargs.py
[2024-02-12T19:02:16.981+0000] {processor.py:830} INFO - Processing file /home/airflow/.local/lib/python3.8/site-packages/airflow/example_dags/example_xcomargs.py for tasks to queue
[2024-02-12T19:02:16.982+0000] {logging_mixin.py:188} INFO - [2024-02-12T19:02:16.982+0000] {dagbag.py:538} INFO - Filling up the DagBag from /home/airflow/.local/lib/python3.8/site-packages/airflow/example_dags/example_xcomargs.py
[2024-02-12T19:02:16.992+0000] {processor.py:840} INFO - DAG(s) 'example_xcom_args_with_operators', 'example_xcom_args' retrieved from /home/airflow/.local/lib/python3.8/site-packages/airflow/example_dags/example_xcomargs.py
[2024-02-12T19:02:17.020+0000] {logging_mixin.py:188} INFO - [2024-02-12T19:02:17.019+0000] {dag.py:3036} INFO - Sync 2 DAGs
[2024-02-12T19:02:17.035+0000] {logging_mixin.py:188} INFO - [2024-02-12T19:02:17.034+0000] {dag.py:3823} INFO - Setting next_dagrun for example_xcom_args to None, run_after=None
[2024-02-12T19:02:17.039+0000] {logging_mixin.py:188} INFO - [2024-02-12T19:02:17.039+0000] {dag.py:3823} INFO - Setting next_dagrun for example_xcom_args_with_operators to None, run_after=None
[2024-02-12T19:02:17.061+0000] {processor.py:183} INFO - Processing /home/airflow/.local/lib/python3.8/site-packages/airflow/example_dags/example_xcomargs.py took 0.085 seconds
[2024-02-12T19:02:47.505+0000] {processor.py:161} INFO - Started process (PID=1552) to work on /home/airflow/.local/lib/python3.8/site-packages/airflow/example_dags/example_xcomargs.py
[2024-02-12T19:02:47.506+0000] {processor.py:830} INFO - Processing file /home/airflow/.local/lib/python3.8/site-packages/airflow/example_dags/example_xcomargs.py for tasks to queue
[2024-02-12T19:02:47.508+0000] {logging_mixin.py:188} INFO - [2024-02-12T19:02:47.507+0000] {dagbag.py:538} INFO - Filling up the DagBag from /home/airflow/.local/lib/python3.8/site-packages/airflow/example_dags/example_xcomargs.py
[2024-02-12T19:02:47.517+0000] {processor.py:840} INFO - DAG(s) 'example_xcom_args', 'example_xcom_args_with_operators' retrieved from /home/airflow/.local/lib/python3.8/site-packages/airflow/example_dags/example_xcomargs.py
[2024-02-12T19:02:47.544+0000] {logging_mixin.py:188} INFO - [2024-02-12T19:02:47.544+0000] {dag.py:3036} INFO - Sync 2 DAGs
[2024-02-12T19:02:47.559+0000] {logging_mixin.py:188} INFO - [2024-02-12T19:02:47.559+0000] {dag.py:3823} INFO - Setting next_dagrun for example_xcom_args to None, run_after=None
[2024-02-12T19:02:47.562+0000] {logging_mixin.py:188} INFO - [2024-02-12T19:02:47.562+0000] {dag.py:3823} INFO - Setting next_dagrun for example_xcom_args_with_operators to None, run_after=None
[2024-02-12T19:02:47.591+0000] {processor.py:183} INFO - Processing /home/airflow/.local/lib/python3.8/site-packages/airflow/example_dags/example_xcomargs.py took 0.089 seconds
[2024-02-12T19:03:17.858+0000] {processor.py:161} INFO - Started process (PID=1799) to work on /home/airflow/.local/lib/python3.8/site-packages/airflow/example_dags/example_xcomargs.py
[2024-02-12T19:03:17.859+0000] {processor.py:830} INFO - Processing file /home/airflow/.local/lib/python3.8/site-packages/airflow/example_dags/example_xcomargs.py for tasks to queue
[2024-02-12T19:03:17.861+0000] {logging_mixin.py:188} INFO - [2024-02-12T19:03:17.860+0000] {dagbag.py:538} INFO - Filling up the DagBag from /home/airflow/.local/lib/python3.8/site-packages/airflow/example_dags/example_xcomargs.py
[2024-02-12T19:03:17.883+0000] {processor.py:840} INFO - DAG(s) 'example_xcom_args_with_operators', 'example_xcom_args' retrieved from /home/airflow/.local/lib/python3.8/site-packages/airflow/example_dags/example_xcomargs.py
[2024-02-12T19:03:17.911+0000] {logging_mixin.py:188} INFO - [2024-02-12T19:03:17.911+0000] {dag.py:3036} INFO - Sync 2 DAGs
[2024-02-12T19:03:17.924+0000] {logging_mixin.py:188} INFO - [2024-02-12T19:03:17.924+0000] {dag.py:3823} INFO - Setting next_dagrun for example_xcom_args to None, run_after=None
[2024-02-12T19:03:17.928+0000] {logging_mixin.py:188} INFO - [2024-02-12T19:03:17.928+0000] {dag.py:3823} INFO - Setting next_dagrun for example_xcom_args_with_operators to None, run_after=None
[2024-02-12T19:03:17.951+0000] {processor.py:183} INFO - Processing /home/airflow/.local/lib/python3.8/site-packages/airflow/example_dags/example_xcomargs.py took 0.097 seconds
[2024-02-12T19:03:48.592+0000] {processor.py:161} INFO - Started process (PID=2045) to work on /home/airflow/.local/lib/python3.8/site-packages/airflow/example_dags/example_xcomargs.py
[2024-02-12T19:03:48.593+0000] {processor.py:830} INFO - Processing file /home/airflow/.local/lib/python3.8/site-packages/airflow/example_dags/example_xcomargs.py for tasks to queue
[2024-02-12T19:03:48.596+0000] {logging_mixin.py:188} INFO - [2024-02-12T19:03:48.595+0000] {dagbag.py:538} INFO - Filling up the DagBag from /home/airflow/.local/lib/python3.8/site-packages/airflow/example_dags/example_xcomargs.py
[2024-02-12T19:03:48.607+0000] {processor.py:840} INFO - DAG(s) 'example_xcom_args', 'example_xcom_args_with_operators' retrieved from /home/airflow/.local/lib/python3.8/site-packages/airflow/example_dags/example_xcomargs.py
[2024-02-12T19:03:48.638+0000] {logging_mixin.py:188} INFO - [2024-02-12T19:03:48.637+0000] {dag.py:3036} INFO - Sync 2 DAGs
[2024-02-12T19:03:48.702+0000] {logging_mixin.py:188} INFO - [2024-02-12T19:03:48.701+0000] {dag.py:3823} INFO - Setting next_dagrun for example_xcom_args to None, run_after=None
[2024-02-12T19:03:48.715+0000] {logging_mixin.py:188} INFO - [2024-02-12T19:03:48.715+0000] {dag.py:3823} INFO - Setting next_dagrun for example_xcom_args_with_operators to None, run_after=None
[2024-02-12T19:03:48.799+0000] {processor.py:183} INFO - Processing /home/airflow/.local/lib/python3.8/site-packages/airflow/example_dags/example_xcomargs.py took 0.211 seconds
[2024-02-12T19:04:19.536+0000] {processor.py:161} INFO - Started process (PID=2315) to work on /home/airflow/.local/lib/python3.8/site-packages/airflow/example_dags/example_xcomargs.py
[2024-02-12T19:04:19.537+0000] {processor.py:830} INFO - Processing file /home/airflow/.local/lib/python3.8/site-packages/airflow/example_dags/example_xcomargs.py for tasks to queue
[2024-02-12T19:04:19.538+0000] {logging_mixin.py:188} INFO - [2024-02-12T19:04:19.538+0000] {dagbag.py:538} INFO - Filling up the DagBag from /home/airflow/.local/lib/python3.8/site-packages/airflow/example_dags/example_xcomargs.py
[2024-02-12T19:04:19.548+0000] {processor.py:840} INFO - DAG(s) 'example_xcom_args_with_operators', 'example_xcom_args' retrieved from /home/airflow/.local/lib/python3.8/site-packages/airflow/example_dags/example_xcomargs.py
[2024-02-12T19:04:19.641+0000] {logging_mixin.py:188} INFO - [2024-02-12T19:04:19.641+0000] {dag.py:3036} INFO - Sync 2 DAGs
[2024-02-12T19:04:19.657+0000] {logging_mixin.py:188} INFO - [2024-02-12T19:04:19.657+0000] {dag.py:3823} INFO - Setting next_dagrun for example_xcom_args to None, run_after=None
[2024-02-12T19:04:19.661+0000] {logging_mixin.py:188} INFO - [2024-02-12T19:04:19.660+0000] {dag.py:3823} INFO - Setting next_dagrun for example_xcom_args_with_operators to None, run_after=None
[2024-02-12T19:04:19.682+0000] {processor.py:183} INFO - Processing /home/airflow/.local/lib/python3.8/site-packages/airflow/example_dags/example_xcomargs.py took 0.149 seconds
[2024-02-12T19:04:50.147+0000] {processor.py:161} INFO - Started process (PID=2565) to work on /home/airflow/.local/lib/python3.8/site-packages/airflow/example_dags/example_xcomargs.py
[2024-02-12T19:04:50.148+0000] {processor.py:830} INFO - Processing file /home/airflow/.local/lib/python3.8/site-packages/airflow/example_dags/example_xcomargs.py for tasks to queue
[2024-02-12T19:04:50.149+0000] {logging_mixin.py:188} INFO - [2024-02-12T19:04:50.149+0000] {dagbag.py:538} INFO - Filling up the DagBag from /home/airflow/.local/lib/python3.8/site-packages/airflow/example_dags/example_xcomargs.py
[2024-02-12T19:04:50.159+0000] {processor.py:840} INFO - DAG(s) 'example_xcom_args_with_operators', 'example_xcom_args' retrieved from /home/airflow/.local/lib/python3.8/site-packages/airflow/example_dags/example_xcomargs.py
[2024-02-12T19:04:50.187+0000] {logging_mixin.py:188} INFO - [2024-02-12T19:04:50.187+0000] {dag.py:3036} INFO - Sync 2 DAGs
[2024-02-12T19:04:50.203+0000] {logging_mixin.py:188} INFO - [2024-02-12T19:04:50.203+0000] {dag.py:3823} INFO - Setting next_dagrun for example_xcom_args to None, run_after=None
[2024-02-12T19:04:50.206+0000] {logging_mixin.py:188} INFO - [2024-02-12T19:04:50.206+0000] {dag.py:3823} INFO - Setting next_dagrun for example_xcom_args_with_operators to None, run_after=None
[2024-02-12T19:04:50.226+0000] {processor.py:183} INFO - Processing /home/airflow/.local/lib/python3.8/site-packages/airflow/example_dags/example_xcomargs.py took 0.083 seconds
[2024-02-12T19:05:20.803+0000] {processor.py:161} INFO - Started process (PID=2814) to work on /home/airflow/.local/lib/python3.8/site-packages/airflow/example_dags/example_xcomargs.py
[2024-02-12T19:05:20.804+0000] {processor.py:830} INFO - Processing file /home/airflow/.local/lib/python3.8/site-packages/airflow/example_dags/example_xcomargs.py for tasks to queue
[2024-02-12T19:05:20.805+0000] {logging_mixin.py:188} INFO - [2024-02-12T19:05:20.805+0000] {dagbag.py:538} INFO - Filling up the DagBag from /home/airflow/.local/lib/python3.8/site-packages/airflow/example_dags/example_xcomargs.py
[2024-02-12T19:05:20.812+0000] {processor.py:840} INFO - DAG(s) 'example_xcom_args_with_operators', 'example_xcom_args' retrieved from /home/airflow/.local/lib/python3.8/site-packages/airflow/example_dags/example_xcomargs.py
[2024-02-12T19:05:20.833+0000] {logging_mixin.py:188} INFO - [2024-02-12T19:05:20.833+0000] {dag.py:3036} INFO - Sync 2 DAGs
[2024-02-12T19:05:20.843+0000] {logging_mixin.py:188} INFO - [2024-02-12T19:05:20.843+0000] {dag.py:3823} INFO - Setting next_dagrun for example_xcom_args to None, run_after=None
[2024-02-12T19:05:20.846+0000] {logging_mixin.py:188} INFO - [2024-02-12T19:05:20.846+0000] {dag.py:3823} INFO - Setting next_dagrun for example_xcom_args_with_operators to None, run_after=None
[2024-02-12T19:05:20.865+0000] {processor.py:183} INFO - Processing /home/airflow/.local/lib/python3.8/site-packages/airflow/example_dags/example_xcomargs.py took 0.066 seconds
[2024-02-12T19:05:51.527+0000] {processor.py:161} INFO - Started process (PID=3059) to work on /home/airflow/.local/lib/python3.8/site-packages/airflow/example_dags/example_xcomargs.py
[2024-02-12T19:05:51.528+0000] {processor.py:830} INFO - Processing file /home/airflow/.local/lib/python3.8/site-packages/airflow/example_dags/example_xcomargs.py for tasks to queue
[2024-02-12T19:05:51.529+0000] {logging_mixin.py:188} INFO - [2024-02-12T19:05:51.529+0000] {dagbag.py:538} INFO - Filling up the DagBag from /home/airflow/.local/lib/python3.8/site-packages/airflow/example_dags/example_xcomargs.py
[2024-02-12T19:05:51.539+0000] {processor.py:840} INFO - DAG(s) 'example_xcom_args', 'example_xcom_args_with_operators' retrieved from /home/airflow/.local/lib/python3.8/site-packages/airflow/example_dags/example_xcomargs.py
[2024-02-12T19:05:51.565+0000] {logging_mixin.py:188} INFO - [2024-02-12T19:05:51.565+0000] {dag.py:3036} INFO - Sync 2 DAGs
[2024-02-12T19:05:51.582+0000] {logging_mixin.py:188} INFO - [2024-02-12T19:05:51.582+0000] {dag.py:3823} INFO - Setting next_dagrun for example_xcom_args to None, run_after=None
[2024-02-12T19:05:51.586+0000] {logging_mixin.py:188} INFO - [2024-02-12T19:05:51.586+0000] {dag.py:3823} INFO - Setting next_dagrun for example_xcom_args_with_operators to None, run_after=None
[2024-02-12T19:05:51.609+0000] {processor.py:183} INFO - Processing /home/airflow/.local/lib/python3.8/site-packages/airflow/example_dags/example_xcomargs.py took 0.086 seconds
[2024-02-12T19:06:22.344+0000] {processor.py:161} INFO - Started process (PID=3307) to work on /home/airflow/.local/lib/python3.8/site-packages/airflow/example_dags/example_xcomargs.py
[2024-02-12T19:06:22.345+0000] {processor.py:830} INFO - Processing file /home/airflow/.local/lib/python3.8/site-packages/airflow/example_dags/example_xcomargs.py for tasks to queue
[2024-02-12T19:06:22.347+0000] {logging_mixin.py:188} INFO - [2024-02-12T19:06:22.346+0000] {dagbag.py:538} INFO - Filling up the DagBag from /home/airflow/.local/lib/python3.8/site-packages/airflow/example_dags/example_xcomargs.py
[2024-02-12T19:06:22.356+0000] {processor.py:840} INFO - DAG(s) 'example_xcom_args_with_operators', 'example_xcom_args' retrieved from /home/airflow/.local/lib/python3.8/site-packages/airflow/example_dags/example_xcomargs.py
[2024-02-12T19:06:22.385+0000] {logging_mixin.py:188} INFO - [2024-02-12T19:06:22.384+0000] {dag.py:3036} INFO - Sync 2 DAGs
[2024-02-12T19:06:22.400+0000] {logging_mixin.py:188} INFO - [2024-02-12T19:06:22.400+0000] {dag.py:3823} INFO - Setting next_dagrun for example_xcom_args to None, run_after=None
[2024-02-12T19:06:22.403+0000] {logging_mixin.py:188} INFO - [2024-02-12T19:06:22.403+0000] {dag.py:3823} INFO - Setting next_dagrun for example_xcom_args_with_operators to None, run_after=None
[2024-02-12T19:06:22.423+0000] {processor.py:183} INFO - Processing /home/airflow/.local/lib/python3.8/site-packages/airflow/example_dags/example_xcomargs.py took 0.082 seconds
[2024-02-12T19:06:52.696+0000] {processor.py:161} INFO - Started process (PID=3554) to work on /home/airflow/.local/lib/python3.8/site-packages/airflow/example_dags/example_xcomargs.py
[2024-02-12T19:06:52.697+0000] {processor.py:830} INFO - Processing file /home/airflow/.local/lib/python3.8/site-packages/airflow/example_dags/example_xcomargs.py for tasks to queue
[2024-02-12T19:06:52.698+0000] {logging_mixin.py:188} INFO - [2024-02-12T19:06:52.698+0000] {dagbag.py:538} INFO - Filling up the DagBag from /home/airflow/.local/lib/python3.8/site-packages/airflow/example_dags/example_xcomargs.py
[2024-02-12T19:06:52.707+0000] {processor.py:840} INFO - DAG(s) 'example_xcom_args', 'example_xcom_args_with_operators' retrieved from /home/airflow/.local/lib/python3.8/site-packages/airflow/example_dags/example_xcomargs.py
[2024-02-12T19:06:52.735+0000] {logging_mixin.py:188} INFO - [2024-02-12T19:06:52.734+0000] {dag.py:3036} INFO - Sync 2 DAGs
[2024-02-12T19:06:52.749+0000] {logging_mixin.py:188} INFO - [2024-02-12T19:06:52.749+0000] {dag.py:3823} INFO - Setting next_dagrun for example_xcom_args to None, run_after=None
[2024-02-12T19:06:52.753+0000] {logging_mixin.py:188} INFO - [2024-02-12T19:06:52.753+0000] {dag.py:3823} INFO - Setting next_dagrun for example_xcom_args_with_operators to None, run_after=None
[2024-02-12T19:06:52.777+0000] {processor.py:183} INFO - Processing /home/airflow/.local/lib/python3.8/site-packages/airflow/example_dags/example_xcomargs.py took 0.084 seconds
[2024-02-12T19:07:23.843+0000] {processor.py:161} INFO - Started process (PID=3804) to work on /home/airflow/.local/lib/python3.8/site-packages/airflow/example_dags/example_xcomargs.py
[2024-02-12T19:07:23.845+0000] {processor.py:830} INFO - Processing file /home/airflow/.local/lib/python3.8/site-packages/airflow/example_dags/example_xcomargs.py for tasks to queue
[2024-02-12T19:07:23.846+0000] {logging_mixin.py:188} INFO - [2024-02-12T19:07:23.845+0000] {dagbag.py:538} INFO - Filling up the DagBag from /home/airflow/.local/lib/python3.8/site-packages/airflow/example_dags/example_xcomargs.py
[2024-02-12T19:07:23.856+0000] {processor.py:840} INFO - DAG(s) 'example_xcom_args_with_operators', 'example_xcom_args' retrieved from /home/airflow/.local/lib/python3.8/site-packages/airflow/example_dags/example_xcomargs.py
[2024-02-12T19:07:23.885+0000] {logging_mixin.py:188} INFO - [2024-02-12T19:07:23.884+0000] {dag.py:3036} INFO - Sync 2 DAGs
[2024-02-12T19:07:23.900+0000] {logging_mixin.py:188} INFO - [2024-02-12T19:07:23.899+0000] {dag.py:3823} INFO - Setting next_dagrun for example_xcom_args to None, run_after=None
[2024-02-12T19:07:23.904+0000] {logging_mixin.py:188} INFO - [2024-02-12T19:07:23.904+0000] {dag.py:3823} INFO - Setting next_dagrun for example_xcom_args_with_operators to None, run_after=None
[2024-02-12T19:07:23.926+0000] {processor.py:183} INFO - Processing /home/airflow/.local/lib/python3.8/site-packages/airflow/example_dags/example_xcomargs.py took 0.086 seconds
[2024-02-12T19:07:54.976+0000] {processor.py:161} INFO - Started process (PID=4049) to work on /home/airflow/.local/lib/python3.8/site-packages/airflow/example_dags/example_xcomargs.py
[2024-02-12T19:07:54.977+0000] {processor.py:830} INFO - Processing file /home/airflow/.local/lib/python3.8/site-packages/airflow/example_dags/example_xcomargs.py for tasks to queue
[2024-02-12T19:07:54.978+0000] {logging_mixin.py:188} INFO - [2024-02-12T19:07:54.978+0000] {dagbag.py:538} INFO - Filling up the DagBag from /home/airflow/.local/lib/python3.8/site-packages/airflow/example_dags/example_xcomargs.py
[2024-02-12T19:07:55.017+0000] {processor.py:840} INFO - DAG(s) 'example_xcom_args', 'example_xcom_args_with_operators' retrieved from /home/airflow/.local/lib/python3.8/site-packages/airflow/example_dags/example_xcomargs.py
[2024-02-12T19:07:55.092+0000] {logging_mixin.py:188} INFO - [2024-02-12T19:07:55.091+0000] {dag.py:3036} INFO - Sync 2 DAGs
[2024-02-12T19:07:55.126+0000] {logging_mixin.py:188} INFO - [2024-02-12T19:07:55.126+0000] {dag.py:3823} INFO - Setting next_dagrun for example_xcom_args to None, run_after=None
[2024-02-12T19:07:55.132+0000] {logging_mixin.py:188} INFO - [2024-02-12T19:07:55.132+0000] {dag.py:3823} INFO - Setting next_dagrun for example_xcom_args_with_operators to None, run_after=None
[2024-02-12T19:07:55.175+0000] {processor.py:183} INFO - Processing /home/airflow/.local/lib/python3.8/site-packages/airflow/example_dags/example_xcomargs.py took 0.202 seconds
[2024-02-12T19:08:26.098+0000] {processor.py:161} INFO - Started process (PID=4299) to work on /home/airflow/.local/lib/python3.8/site-packages/airflow/example_dags/example_xcomargs.py
[2024-02-12T19:08:26.099+0000] {processor.py:830} INFO - Processing file /home/airflow/.local/lib/python3.8/site-packages/airflow/example_dags/example_xcomargs.py for tasks to queue
[2024-02-12T19:08:26.099+0000] {logging_mixin.py:188} INFO - [2024-02-12T19:08:26.099+0000] {dagbag.py:538} INFO - Filling up the DagBag from /home/airflow/.local/lib/python3.8/site-packages/airflow/example_dags/example_xcomargs.py
[2024-02-12T19:08:26.108+0000] {processor.py:840} INFO - DAG(s) 'example_xcom_args', 'example_xcom_args_with_operators' retrieved from /home/airflow/.local/lib/python3.8/site-packages/airflow/example_dags/example_xcomargs.py
[2024-02-12T19:08:26.137+0000] {logging_mixin.py:188} INFO - [2024-02-12T19:08:26.137+0000] {dag.py:3036} INFO - Sync 2 DAGs
[2024-02-12T19:08:26.156+0000] {logging_mixin.py:188} INFO - [2024-02-12T19:08:26.156+0000] {dag.py:3823} INFO - Setting next_dagrun for example_xcom_args to None, run_after=None
[2024-02-12T19:08:26.160+0000] {logging_mixin.py:188} INFO - [2024-02-12T19:08:26.160+0000] {dag.py:3823} INFO - Setting next_dagrun for example_xcom_args_with_operators to None, run_after=None
[2024-02-12T19:08:26.188+0000] {processor.py:183} INFO - Processing /home/airflow/.local/lib/python3.8/site-packages/airflow/example_dags/example_xcomargs.py took 0.093 seconds
[2024-02-12T19:08:56.395+0000] {processor.py:161} INFO - Started process (PID=4547) to work on /home/airflow/.local/lib/python3.8/site-packages/airflow/example_dags/example_xcomargs.py
[2024-02-12T19:08:56.396+0000] {processor.py:830} INFO - Processing file /home/airflow/.local/lib/python3.8/site-packages/airflow/example_dags/example_xcomargs.py for tasks to queue
[2024-02-12T19:08:56.397+0000] {logging_mixin.py:188} INFO - [2024-02-12T19:08:56.396+0000] {dagbag.py:538} INFO - Filling up the DagBag from /home/airflow/.local/lib/python3.8/site-packages/airflow/example_dags/example_xcomargs.py
[2024-02-12T19:08:56.407+0000] {processor.py:840} INFO - DAG(s) 'example_xcom_args', 'example_xcom_args_with_operators' retrieved from /home/airflow/.local/lib/python3.8/site-packages/airflow/example_dags/example_xcomargs.py
[2024-02-12T19:08:56.435+0000] {logging_mixin.py:188} INFO - [2024-02-12T19:08:56.434+0000] {dag.py:3036} INFO - Sync 2 DAGs
[2024-02-12T19:08:56.449+0000] {logging_mixin.py:188} INFO - [2024-02-12T19:08:56.449+0000] {dag.py:3823} INFO - Setting next_dagrun for example_xcom_args to None, run_after=None
[2024-02-12T19:08:56.453+0000] {logging_mixin.py:188} INFO - [2024-02-12T19:08:56.453+0000] {dag.py:3823} INFO - Setting next_dagrun for example_xcom_args_with_operators to None, run_after=None
[2024-02-12T19:08:56.474+0000] {processor.py:183} INFO - Processing /home/airflow/.local/lib/python3.8/site-packages/airflow/example_dags/example_xcomargs.py took 0.083 seconds
[2024-02-12T19:09:26.724+0000] {processor.py:161} INFO - Started process (PID=4796) to work on /home/airflow/.local/lib/python3.8/site-packages/airflow/example_dags/example_xcomargs.py
[2024-02-12T19:09:26.725+0000] {processor.py:830} INFO - Processing file /home/airflow/.local/lib/python3.8/site-packages/airflow/example_dags/example_xcomargs.py for tasks to queue
[2024-02-12T19:09:26.726+0000] {logging_mixin.py:188} INFO - [2024-02-12T19:09:26.726+0000] {dagbag.py:538} INFO - Filling up the DagBag from /home/airflow/.local/lib/python3.8/site-packages/airflow/example_dags/example_xcomargs.py
[2024-02-12T19:09:26.736+0000] {processor.py:840} INFO - DAG(s) 'example_xcom_args_with_operators', 'example_xcom_args' retrieved from /home/airflow/.local/lib/python3.8/site-packages/airflow/example_dags/example_xcomargs.py
[2024-02-12T19:09:26.763+0000] {logging_mixin.py:188} INFO - [2024-02-12T19:09:26.763+0000] {dag.py:3036} INFO - Sync 2 DAGs
[2024-02-12T19:09:26.780+0000] {logging_mixin.py:188} INFO - [2024-02-12T19:09:26.780+0000] {dag.py:3823} INFO - Setting next_dagrun for example_xcom_args to None, run_after=None
[2024-02-12T19:09:26.785+0000] {logging_mixin.py:188} INFO - [2024-02-12T19:09:26.785+0000] {dag.py:3823} INFO - Setting next_dagrun for example_xcom_args_with_operators to None, run_after=None
[2024-02-12T19:09:26.812+0000] {processor.py:183} INFO - Processing /home/airflow/.local/lib/python3.8/site-packages/airflow/example_dags/example_xcomargs.py took 0.092 seconds
[2024-02-12T19:09:56.848+0000] {processor.py:161} INFO - Started process (PID=5043) to work on /home/airflow/.local/lib/python3.8/site-packages/airflow/example_dags/example_xcomargs.py
[2024-02-12T19:09:56.849+0000] {processor.py:830} INFO - Processing file /home/airflow/.local/lib/python3.8/site-packages/airflow/example_dags/example_xcomargs.py for tasks to queue
[2024-02-12T19:09:56.850+0000] {logging_mixin.py:188} INFO - [2024-02-12T19:09:56.850+0000] {dagbag.py:538} INFO - Filling up the DagBag from /home/airflow/.local/lib/python3.8/site-packages/airflow/example_dags/example_xcomargs.py
[2024-02-12T19:09:56.859+0000] {processor.py:840} INFO - DAG(s) 'example_xcom_args', 'example_xcom_args_with_operators' retrieved from /home/airflow/.local/lib/python3.8/site-packages/airflow/example_dags/example_xcomargs.py
[2024-02-12T19:09:56.879+0000] {logging_mixin.py:188} INFO - [2024-02-12T19:09:56.878+0000] {dag.py:3036} INFO - Sync 2 DAGs
[2024-02-12T19:09:56.888+0000] {logging_mixin.py:188} INFO - [2024-02-12T19:09:56.888+0000] {dag.py:3823} INFO - Setting next_dagrun for example_xcom_args to None, run_after=None
[2024-02-12T19:09:56.891+0000] {logging_mixin.py:188} INFO - [2024-02-12T19:09:56.891+0000] {dag.py:3823} INFO - Setting next_dagrun for example_xcom_args_with_operators to None, run_after=None
[2024-02-12T19:09:56.910+0000] {processor.py:183} INFO - Processing /home/airflow/.local/lib/python3.8/site-packages/airflow/example_dags/example_xcomargs.py took 0.065 seconds
[2024-02-12T19:10:27.426+0000] {processor.py:161} INFO - Started process (PID=5290) to work on /home/airflow/.local/lib/python3.8/site-packages/airflow/example_dags/example_xcomargs.py
[2024-02-12T19:10:27.427+0000] {processor.py:830} INFO - Processing file /home/airflow/.local/lib/python3.8/site-packages/airflow/example_dags/example_xcomargs.py for tasks to queue
[2024-02-12T19:10:27.428+0000] {logging_mixin.py:188} INFO - [2024-02-12T19:10:27.428+0000] {dagbag.py:538} INFO - Filling up the DagBag from /home/airflow/.local/lib/python3.8/site-packages/airflow/example_dags/example_xcomargs.py
[2024-02-12T19:10:27.438+0000] {processor.py:840} INFO - DAG(s) 'example_xcom_args', 'example_xcom_args_with_operators' retrieved from /home/airflow/.local/lib/python3.8/site-packages/airflow/example_dags/example_xcomargs.py
[2024-02-12T19:10:27.465+0000] {logging_mixin.py:188} INFO - [2024-02-12T19:10:27.465+0000] {dag.py:3036} INFO - Sync 2 DAGs
[2024-02-12T19:10:27.480+0000] {logging_mixin.py:188} INFO - [2024-02-12T19:10:27.480+0000] {dag.py:3823} INFO - Setting next_dagrun for example_xcom_args to None, run_after=None
[2024-02-12T19:10:27.485+0000] {logging_mixin.py:188} INFO - [2024-02-12T19:10:27.484+0000] {dag.py:3823} INFO - Setting next_dagrun for example_xcom_args_with_operators to None, run_after=None
[2024-02-12T19:10:27.510+0000] {processor.py:183} INFO - Processing /home/airflow/.local/lib/python3.8/site-packages/airflow/example_dags/example_xcomargs.py took 0.087 seconds
[2024-02-12T19:10:58.185+0000] {processor.py:161} INFO - Started process (PID=5538) to work on /home/airflow/.local/lib/python3.8/site-packages/airflow/example_dags/example_xcomargs.py
[2024-02-12T19:10:58.186+0000] {processor.py:830} INFO - Processing file /home/airflow/.local/lib/python3.8/site-packages/airflow/example_dags/example_xcomargs.py for tasks to queue
[2024-02-12T19:10:58.187+0000] {logging_mixin.py:188} INFO - [2024-02-12T19:10:58.187+0000] {dagbag.py:538} INFO - Filling up the DagBag from /home/airflow/.local/lib/python3.8/site-packages/airflow/example_dags/example_xcomargs.py
[2024-02-12T19:10:58.198+0000] {processor.py:840} INFO - DAG(s) 'example_xcom_args', 'example_xcom_args_with_operators' retrieved from /home/airflow/.local/lib/python3.8/site-packages/airflow/example_dags/example_xcomargs.py
[2024-02-12T19:10:58.226+0000] {logging_mixin.py:188} INFO - [2024-02-12T19:10:58.225+0000] {dag.py:3036} INFO - Sync 2 DAGs
[2024-02-12T19:10:58.241+0000] {logging_mixin.py:188} INFO - [2024-02-12T19:10:58.241+0000] {dag.py:3823} INFO - Setting next_dagrun for example_xcom_args to None, run_after=None
[2024-02-12T19:10:58.245+0000] {logging_mixin.py:188} INFO - [2024-02-12T19:10:58.245+0000] {dag.py:3823} INFO - Setting next_dagrun for example_xcom_args_with_operators to None, run_after=None
[2024-02-12T19:10:58.269+0000] {processor.py:183} INFO - Processing /home/airflow/.local/lib/python3.8/site-packages/airflow/example_dags/example_xcomargs.py took 0.086 seconds
[2024-02-12T19:11:28.668+0000] {processor.py:161} INFO - Started process (PID=5785) to work on /home/airflow/.local/lib/python3.8/site-packages/airflow/example_dags/example_xcomargs.py
[2024-02-12T19:11:28.669+0000] {processor.py:830} INFO - Processing file /home/airflow/.local/lib/python3.8/site-packages/airflow/example_dags/example_xcomargs.py for tasks to queue
[2024-02-12T19:11:28.671+0000] {logging_mixin.py:188} INFO - [2024-02-12T19:11:28.670+0000] {dagbag.py:538} INFO - Filling up the DagBag from /home/airflow/.local/lib/python3.8/site-packages/airflow/example_dags/example_xcomargs.py
[2024-02-12T19:11:28.680+0000] {processor.py:840} INFO - DAG(s) 'example_xcom_args', 'example_xcom_args_with_operators' retrieved from /home/airflow/.local/lib/python3.8/site-packages/airflow/example_dags/example_xcomargs.py
[2024-02-12T19:11:28.733+0000] {logging_mixin.py:188} INFO - [2024-02-12T19:11:28.733+0000] {dag.py:3036} INFO - Sync 2 DAGs
[2024-02-12T19:11:28.748+0000] {logging_mixin.py:188} INFO - [2024-02-12T19:11:28.748+0000] {dag.py:3823} INFO - Setting next_dagrun for example_xcom_args to None, run_after=None
[2024-02-12T19:11:28.751+0000] {logging_mixin.py:188} INFO - [2024-02-12T19:11:28.751+0000] {dag.py:3823} INFO - Setting next_dagrun for example_xcom_args_with_operators to None, run_after=None
[2024-02-12T19:11:28.775+0000] {processor.py:183} INFO - Processing /home/airflow/.local/lib/python3.8/site-packages/airflow/example_dags/example_xcomargs.py took 0.110 seconds
[2024-02-12T19:11:59.179+0000] {processor.py:161} INFO - Started process (PID=6032) to work on /home/airflow/.local/lib/python3.8/site-packages/airflow/example_dags/example_xcomargs.py
[2024-02-12T19:11:59.180+0000] {processor.py:830} INFO - Processing file /home/airflow/.local/lib/python3.8/site-packages/airflow/example_dags/example_xcomargs.py for tasks to queue
[2024-02-12T19:11:59.181+0000] {logging_mixin.py:188} INFO - [2024-02-12T19:11:59.181+0000] {dagbag.py:538} INFO - Filling up the DagBag from /home/airflow/.local/lib/python3.8/site-packages/airflow/example_dags/example_xcomargs.py
[2024-02-12T19:11:59.192+0000] {processor.py:840} INFO - DAG(s) 'example_xcom_args_with_operators', 'example_xcom_args' retrieved from /home/airflow/.local/lib/python3.8/site-packages/airflow/example_dags/example_xcomargs.py
[2024-02-12T19:11:59.220+0000] {logging_mixin.py:188} INFO - [2024-02-12T19:11:59.220+0000] {dag.py:3036} INFO - Sync 2 DAGs
[2024-02-12T19:11:59.235+0000] {logging_mixin.py:188} INFO - [2024-02-12T19:11:59.234+0000] {dag.py:3823} INFO - Setting next_dagrun for example_xcom_args to None, run_after=None
[2024-02-12T19:11:59.238+0000] {logging_mixin.py:188} INFO - [2024-02-12T19:11:59.238+0000] {dag.py:3823} INFO - Setting next_dagrun for example_xcom_args_with_operators to None, run_after=None
[2024-02-12T19:11:59.259+0000] {processor.py:183} INFO - Processing /home/airflow/.local/lib/python3.8/site-packages/airflow/example_dags/example_xcomargs.py took 0.084 seconds
[2024-02-12T19:12:30.073+0000] {processor.py:161} INFO - Started process (PID=6279) to work on /home/airflow/.local/lib/python3.8/site-packages/airflow/example_dags/example_xcomargs.py
[2024-02-12T19:12:30.074+0000] {processor.py:830} INFO - Processing file /home/airflow/.local/lib/python3.8/site-packages/airflow/example_dags/example_xcomargs.py for tasks to queue
[2024-02-12T19:12:30.075+0000] {logging_mixin.py:188} INFO - [2024-02-12T19:12:30.075+0000] {dagbag.py:538} INFO - Filling up the DagBag from /home/airflow/.local/lib/python3.8/site-packages/airflow/example_dags/example_xcomargs.py
[2024-02-12T19:12:30.084+0000] {processor.py:840} INFO - DAG(s) 'example_xcom_args', 'example_xcom_args_with_operators' retrieved from /home/airflow/.local/lib/python3.8/site-packages/airflow/example_dags/example_xcomargs.py
[2024-02-12T19:12:30.112+0000] {logging_mixin.py:188} INFO - [2024-02-12T19:12:30.111+0000] {dag.py:3036} INFO - Sync 2 DAGs
[2024-02-12T19:12:30.127+0000] {logging_mixin.py:188} INFO - [2024-02-12T19:12:30.127+0000] {dag.py:3823} INFO - Setting next_dagrun for example_xcom_args to None, run_after=None
[2024-02-12T19:12:30.131+0000] {logging_mixin.py:188} INFO - [2024-02-12T19:12:30.131+0000] {dag.py:3823} INFO - Setting next_dagrun for example_xcom_args_with_operators to None, run_after=None
[2024-02-12T19:12:30.153+0000] {processor.py:183} INFO - Processing /home/airflow/.local/lib/python3.8/site-packages/airflow/example_dags/example_xcomargs.py took 0.083 seconds
[2024-02-12T19:13:00.573+0000] {processor.py:161} INFO - Started process (PID=6528) to work on /home/airflow/.local/lib/python3.8/site-packages/airflow/example_dags/example_xcomargs.py
[2024-02-12T19:13:00.576+0000] {processor.py:830} INFO - Processing file /home/airflow/.local/lib/python3.8/site-packages/airflow/example_dags/example_xcomargs.py for tasks to queue
[2024-02-12T19:13:00.577+0000] {logging_mixin.py:188} INFO - [2024-02-12T19:13:00.577+0000] {dagbag.py:538} INFO - Filling up the DagBag from /home/airflow/.local/lib/python3.8/site-packages/airflow/example_dags/example_xcomargs.py
[2024-02-12T19:13:00.586+0000] {processor.py:840} INFO - DAG(s) 'example_xcom_args_with_operators', 'example_xcom_args' retrieved from /home/airflow/.local/lib/python3.8/site-packages/airflow/example_dags/example_xcomargs.py
[2024-02-12T19:13:00.617+0000] {logging_mixin.py:188} INFO - [2024-02-12T19:13:00.616+0000] {dag.py:3036} INFO - Sync 2 DAGs
[2024-02-12T19:13:00.633+0000] {logging_mixin.py:188} INFO - [2024-02-12T19:13:00.632+0000] {dag.py:3823} INFO - Setting next_dagrun for example_xcom_args to None, run_after=None
[2024-02-12T19:13:00.637+0000] {logging_mixin.py:188} INFO - [2024-02-12T19:13:00.636+0000] {dag.py:3823} INFO - Setting next_dagrun for example_xcom_args_with_operators to None, run_after=None
[2024-02-12T19:13:00.660+0000] {processor.py:183} INFO - Processing /home/airflow/.local/lib/python3.8/site-packages/airflow/example_dags/example_xcomargs.py took 0.090 seconds
[2024-02-12T19:13:30.911+0000] {processor.py:161} INFO - Started process (PID=6776) to work on /home/airflow/.local/lib/python3.8/site-packages/airflow/example_dags/example_xcomargs.py
[2024-02-12T19:13:30.912+0000] {processor.py:830} INFO - Processing file /home/airflow/.local/lib/python3.8/site-packages/airflow/example_dags/example_xcomargs.py for tasks to queue
[2024-02-12T19:13:30.913+0000] {logging_mixin.py:188} INFO - [2024-02-12T19:13:30.913+0000] {dagbag.py:538} INFO - Filling up the DagBag from /home/airflow/.local/lib/python3.8/site-packages/airflow/example_dags/example_xcomargs.py
[2024-02-12T19:13:30.923+0000] {processor.py:840} INFO - DAG(s) 'example_xcom_args_with_operators', 'example_xcom_args' retrieved from /home/airflow/.local/lib/python3.8/site-packages/airflow/example_dags/example_xcomargs.py
[2024-02-12T19:13:30.952+0000] {logging_mixin.py:188} INFO - [2024-02-12T19:13:30.952+0000] {dag.py:3036} INFO - Sync 2 DAGs
[2024-02-12T19:13:30.967+0000] {logging_mixin.py:188} INFO - [2024-02-12T19:13:30.967+0000] {dag.py:3823} INFO - Setting next_dagrun for example_xcom_args to None, run_after=None
[2024-02-12T19:13:30.971+0000] {logging_mixin.py:188} INFO - [2024-02-12T19:13:30.971+0000] {dag.py:3823} INFO - Setting next_dagrun for example_xcom_args_with_operators to None, run_after=None
[2024-02-12T19:13:30.994+0000] {processor.py:183} INFO - Processing /home/airflow/.local/lib/python3.8/site-packages/airflow/example_dags/example_xcomargs.py took 0.087 seconds
[2024-02-12T19:14:01.224+0000] {processor.py:161} INFO - Started process (PID=7023) to work on /home/airflow/.local/lib/python3.8/site-packages/airflow/example_dags/example_xcomargs.py
[2024-02-12T19:14:01.225+0000] {processor.py:830} INFO - Processing file /home/airflow/.local/lib/python3.8/site-packages/airflow/example_dags/example_xcomargs.py for tasks to queue
[2024-02-12T19:14:01.225+0000] {logging_mixin.py:188} INFO - [2024-02-12T19:14:01.225+0000] {dagbag.py:538} INFO - Filling up the DagBag from /home/airflow/.local/lib/python3.8/site-packages/airflow/example_dags/example_xcomargs.py
[2024-02-12T19:14:01.234+0000] {processor.py:840} INFO - DAG(s) 'example_xcom_args_with_operators', 'example_xcom_args' retrieved from /home/airflow/.local/lib/python3.8/site-packages/airflow/example_dags/example_xcomargs.py
[2024-02-12T19:14:01.264+0000] {logging_mixin.py:188} INFO - [2024-02-12T19:14:01.264+0000] {dag.py:3036} INFO - Sync 2 DAGs
[2024-02-12T19:14:01.279+0000] {logging_mixin.py:188} INFO - [2024-02-12T19:14:01.279+0000] {dag.py:3823} INFO - Setting next_dagrun for example_xcom_args to None, run_after=None
[2024-02-12T19:14:01.283+0000] {logging_mixin.py:188} INFO - [2024-02-12T19:14:01.283+0000] {dag.py:3823} INFO - Setting next_dagrun for example_xcom_args_with_operators to None, run_after=None
[2024-02-12T19:14:01.304+0000] {processor.py:183} INFO - Processing /home/airflow/.local/lib/python3.8/site-packages/airflow/example_dags/example_xcomargs.py took 0.084 seconds
[2024-02-12T19:14:31.704+0000] {processor.py:161} INFO - Started process (PID=7270) to work on /home/airflow/.local/lib/python3.8/site-packages/airflow/example_dags/example_xcomargs.py
[2024-02-12T19:14:31.705+0000] {processor.py:830} INFO - Processing file /home/airflow/.local/lib/python3.8/site-packages/airflow/example_dags/example_xcomargs.py for tasks to queue
[2024-02-12T19:14:31.706+0000] {logging_mixin.py:188} INFO - [2024-02-12T19:14:31.706+0000] {dagbag.py:538} INFO - Filling up the DagBag from /home/airflow/.local/lib/python3.8/site-packages/airflow/example_dags/example_xcomargs.py
[2024-02-12T19:14:31.715+0000] {processor.py:840} INFO - DAG(s) 'example_xcom_args_with_operators', 'example_xcom_args' retrieved from /home/airflow/.local/lib/python3.8/site-packages/airflow/example_dags/example_xcomargs.py
[2024-02-12T19:14:31.742+0000] {logging_mixin.py:188} INFO - [2024-02-12T19:14:31.742+0000] {dag.py:3036} INFO - Sync 2 DAGs
[2024-02-12T19:14:31.757+0000] {logging_mixin.py:188} INFO - [2024-02-12T19:14:31.757+0000] {dag.py:3823} INFO - Setting next_dagrun for example_xcom_args to None, run_after=None
[2024-02-12T19:14:31.761+0000] {logging_mixin.py:188} INFO - [2024-02-12T19:14:31.761+0000] {dag.py:3823} INFO - Setting next_dagrun for example_xcom_args_with_operators to None, run_after=None
[2024-02-12T19:14:31.784+0000] {processor.py:183} INFO - Processing /home/airflow/.local/lib/python3.8/site-packages/airflow/example_dags/example_xcomargs.py took 0.086 seconds
[2024-02-12T19:15:02.061+0000] {processor.py:161} INFO - Started process (PID=7516) to work on /home/airflow/.local/lib/python3.8/site-packages/airflow/example_dags/example_xcomargs.py
[2024-02-12T19:15:02.062+0000] {processor.py:830} INFO - Processing file /home/airflow/.local/lib/python3.8/site-packages/airflow/example_dags/example_xcomargs.py for tasks to queue
[2024-02-12T19:15:02.064+0000] {logging_mixin.py:188} INFO - [2024-02-12T19:15:02.063+0000] {dagbag.py:538} INFO - Filling up the DagBag from /home/airflow/.local/lib/python3.8/site-packages/airflow/example_dags/example_xcomargs.py
[2024-02-12T19:15:02.074+0000] {processor.py:840} INFO - DAG(s) 'example_xcom_args', 'example_xcom_args_with_operators' retrieved from /home/airflow/.local/lib/python3.8/site-packages/airflow/example_dags/example_xcomargs.py
[2024-02-12T19:15:02.138+0000] {logging_mixin.py:188} INFO - [2024-02-12T19:15:02.137+0000] {dag.py:3036} INFO - Sync 2 DAGs
[2024-02-12T19:15:02.177+0000] {logging_mixin.py:188} INFO - [2024-02-12T19:15:02.177+0000] {dag.py:3823} INFO - Setting next_dagrun for example_xcom_args to None, run_after=None
[2024-02-12T19:15:02.209+0000] {logging_mixin.py:188} INFO - [2024-02-12T19:15:02.209+0000] {dag.py:3823} INFO - Setting next_dagrun for example_xcom_args_with_operators to None, run_after=None
[2024-02-12T19:15:02.280+0000] {processor.py:183} INFO - Processing /home/airflow/.local/lib/python3.8/site-packages/airflow/example_dags/example_xcomargs.py took 0.222 seconds
[2024-02-12T19:15:32.587+0000] {processor.py:161} INFO - Started process (PID=7763) to work on /home/airflow/.local/lib/python3.8/site-packages/airflow/example_dags/example_xcomargs.py
[2024-02-12T19:15:32.588+0000] {processor.py:830} INFO - Processing file /home/airflow/.local/lib/python3.8/site-packages/airflow/example_dags/example_xcomargs.py for tasks to queue
[2024-02-12T19:15:32.589+0000] {logging_mixin.py:188} INFO - [2024-02-12T19:15:32.588+0000] {dagbag.py:538} INFO - Filling up the DagBag from /home/airflow/.local/lib/python3.8/site-packages/airflow/example_dags/example_xcomargs.py
[2024-02-12T19:15:32.598+0000] {processor.py:840} INFO - DAG(s) 'example_xcom_args_with_operators', 'example_xcom_args' retrieved from /home/airflow/.local/lib/python3.8/site-packages/airflow/example_dags/example_xcomargs.py
[2024-02-12T19:15:32.626+0000] {logging_mixin.py:188} INFO - [2024-02-12T19:15:32.626+0000] {dag.py:3036} INFO - Sync 2 DAGs
[2024-02-12T19:15:32.641+0000] {logging_mixin.py:188} INFO - [2024-02-12T19:15:32.641+0000] {dag.py:3823} INFO - Setting next_dagrun for example_xcom_args to None, run_after=None
[2024-02-12T19:15:32.645+0000] {logging_mixin.py:188} INFO - [2024-02-12T19:15:32.644+0000] {dag.py:3823} INFO - Setting next_dagrun for example_xcom_args_with_operators to None, run_after=None
[2024-02-12T19:15:32.669+0000] {processor.py:183} INFO - Processing /home/airflow/.local/lib/python3.8/site-packages/airflow/example_dags/example_xcomargs.py took 0.085 seconds
[2024-02-12T19:16:03.070+0000] {processor.py:161} INFO - Started process (PID=8011) to work on /home/airflow/.local/lib/python3.8/site-packages/airflow/example_dags/example_xcomargs.py
[2024-02-12T19:16:03.071+0000] {processor.py:830} INFO - Processing file /home/airflow/.local/lib/python3.8/site-packages/airflow/example_dags/example_xcomargs.py for tasks to queue
[2024-02-12T19:16:03.072+0000] {logging_mixin.py:188} INFO - [2024-02-12T19:16:03.071+0000] {dagbag.py:538} INFO - Filling up the DagBag from /home/airflow/.local/lib/python3.8/site-packages/airflow/example_dags/example_xcomargs.py
[2024-02-12T19:16:03.080+0000] {processor.py:840} INFO - DAG(s) 'example_xcom_args', 'example_xcom_args_with_operators' retrieved from /home/airflow/.local/lib/python3.8/site-packages/airflow/example_dags/example_xcomargs.py
[2024-02-12T19:16:03.113+0000] {logging_mixin.py:188} INFO - [2024-02-12T19:16:03.112+0000] {dag.py:3036} INFO - Sync 2 DAGs
[2024-02-12T19:16:03.126+0000] {logging_mixin.py:188} INFO - [2024-02-12T19:16:03.126+0000] {dag.py:3823} INFO - Setting next_dagrun for example_xcom_args to None, run_after=None
[2024-02-12T19:16:03.130+0000] {logging_mixin.py:188} INFO - [2024-02-12T19:16:03.130+0000] {dag.py:3823} INFO - Setting next_dagrun for example_xcom_args_with_operators to None, run_after=None
[2024-02-12T19:16:03.151+0000] {processor.py:183} INFO - Processing /home/airflow/.local/lib/python3.8/site-packages/airflow/example_dags/example_xcomargs.py took 0.084 seconds
[2024-02-12T19:16:33.538+0000] {processor.py:161} INFO - Started process (PID=8259) to work on /home/airflow/.local/lib/python3.8/site-packages/airflow/example_dags/example_xcomargs.py
[2024-02-12T19:16:33.546+0000] {processor.py:830} INFO - Processing file /home/airflow/.local/lib/python3.8/site-packages/airflow/example_dags/example_xcomargs.py for tasks to queue
[2024-02-12T19:16:33.548+0000] {logging_mixin.py:188} INFO - [2024-02-12T19:16:33.548+0000] {dagbag.py:538} INFO - Filling up the DagBag from /home/airflow/.local/lib/python3.8/site-packages/airflow/example_dags/example_xcomargs.py
[2024-02-12T19:16:33.564+0000] {processor.py:840} INFO - DAG(s) 'example_xcom_args_with_operators', 'example_xcom_args' retrieved from /home/airflow/.local/lib/python3.8/site-packages/airflow/example_dags/example_xcomargs.py
[2024-02-12T19:16:33.622+0000] {logging_mixin.py:188} INFO - [2024-02-12T19:16:33.622+0000] {dag.py:3036} INFO - Sync 2 DAGs
[2024-02-12T19:16:33.647+0000] {logging_mixin.py:188} INFO - [2024-02-12T19:16:33.647+0000] {dag.py:3823} INFO - Setting next_dagrun for example_xcom_args to None, run_after=None
[2024-02-12T19:16:33.650+0000] {logging_mixin.py:188} INFO - [2024-02-12T19:16:33.650+0000] {dag.py:3823} INFO - Setting next_dagrun for example_xcom_args_with_operators to None, run_after=None
[2024-02-12T19:16:33.670+0000] {processor.py:183} INFO - Processing /home/airflow/.local/lib/python3.8/site-packages/airflow/example_dags/example_xcomargs.py took 0.136 seconds
[2024-02-12T19:17:04.075+0000] {processor.py:161} INFO - Started process (PID=8506) to work on /home/airflow/.local/lib/python3.8/site-packages/airflow/example_dags/example_xcomargs.py
[2024-02-12T19:17:04.075+0000] {processor.py:830} INFO - Processing file /home/airflow/.local/lib/python3.8/site-packages/airflow/example_dags/example_xcomargs.py for tasks to queue
[2024-02-12T19:17:04.076+0000] {logging_mixin.py:188} INFO - [2024-02-12T19:17:04.076+0000] {dagbag.py:538} INFO - Filling up the DagBag from /home/airflow/.local/lib/python3.8/site-packages/airflow/example_dags/example_xcomargs.py
[2024-02-12T19:17:04.085+0000] {processor.py:840} INFO - DAG(s) 'example_xcom_args_with_operators', 'example_xcom_args' retrieved from /home/airflow/.local/lib/python3.8/site-packages/airflow/example_dags/example_xcomargs.py
[2024-02-12T19:17:04.113+0000] {logging_mixin.py:188} INFO - [2024-02-12T19:17:04.113+0000] {dag.py:3036} INFO - Sync 2 DAGs
[2024-02-12T19:17:04.129+0000] {logging_mixin.py:188} INFO - [2024-02-12T19:17:04.129+0000] {dag.py:3823} INFO - Setting next_dagrun for example_xcom_args to None, run_after=None
[2024-02-12T19:17:04.134+0000] {logging_mixin.py:188} INFO - [2024-02-12T19:17:04.133+0000] {dag.py:3823} INFO - Setting next_dagrun for example_xcom_args_with_operators to None, run_after=None
[2024-02-12T19:17:04.159+0000] {processor.py:183} INFO - Processing /home/airflow/.local/lib/python3.8/site-packages/airflow/example_dags/example_xcomargs.py took 0.088 seconds
[2024-02-12T19:17:34.625+0000] {processor.py:161} INFO - Started process (PID=8753) to work on /home/airflow/.local/lib/python3.8/site-packages/airflow/example_dags/example_xcomargs.py
[2024-02-12T19:17:34.626+0000] {processor.py:830} INFO - Processing file /home/airflow/.local/lib/python3.8/site-packages/airflow/example_dags/example_xcomargs.py for tasks to queue
[2024-02-12T19:17:34.627+0000] {logging_mixin.py:188} INFO - [2024-02-12T19:17:34.627+0000] {dagbag.py:538} INFO - Filling up the DagBag from /home/airflow/.local/lib/python3.8/site-packages/airflow/example_dags/example_xcomargs.py
[2024-02-12T19:17:34.640+0000] {processor.py:840} INFO - DAG(s) 'example_xcom_args_with_operators', 'example_xcom_args' retrieved from /home/airflow/.local/lib/python3.8/site-packages/airflow/example_dags/example_xcomargs.py
[2024-02-12T19:17:34.677+0000] {logging_mixin.py:188} INFO - [2024-02-12T19:17:34.676+0000] {dag.py:3036} INFO - Sync 2 DAGs
[2024-02-12T19:17:34.692+0000] {logging_mixin.py:188} INFO - [2024-02-12T19:17:34.692+0000] {dag.py:3823} INFO - Setting next_dagrun for example_xcom_args to None, run_after=None
[2024-02-12T19:17:34.696+0000] {logging_mixin.py:188} INFO - [2024-02-12T19:17:34.696+0000] {dag.py:3823} INFO - Setting next_dagrun for example_xcom_args_with_operators to None, run_after=None
[2024-02-12T19:17:34.722+0000] {processor.py:183} INFO - Processing /home/airflow/.local/lib/python3.8/site-packages/airflow/example_dags/example_xcomargs.py took 0.101 seconds
[2024-02-12T19:18:04.843+0000] {processor.py:161} INFO - Started process (PID=9000) to work on /home/airflow/.local/lib/python3.8/site-packages/airflow/example_dags/example_xcomargs.py
[2024-02-12T19:18:04.845+0000] {processor.py:830} INFO - Processing file /home/airflow/.local/lib/python3.8/site-packages/airflow/example_dags/example_xcomargs.py for tasks to queue
[2024-02-12T19:18:04.847+0000] {logging_mixin.py:188} INFO - [2024-02-12T19:18:04.847+0000] {dagbag.py:538} INFO - Filling up the DagBag from /home/airflow/.local/lib/python3.8/site-packages/airflow/example_dags/example_xcomargs.py
[2024-02-12T19:18:04.859+0000] {processor.py:840} INFO - DAG(s) 'example_xcom_args', 'example_xcom_args_with_operators' retrieved from /home/airflow/.local/lib/python3.8/site-packages/airflow/example_dags/example_xcomargs.py
[2024-02-12T19:18:04.896+0000] {logging_mixin.py:188} INFO - [2024-02-12T19:18:04.895+0000] {dag.py:3036} INFO - Sync 2 DAGs
[2024-02-12T19:18:04.911+0000] {logging_mixin.py:188} INFO - [2024-02-12T19:18:04.911+0000] {dag.py:3823} INFO - Setting next_dagrun for example_xcom_args to None, run_after=None
[2024-02-12T19:18:04.915+0000] {logging_mixin.py:188} INFO - [2024-02-12T19:18:04.915+0000] {dag.py:3823} INFO - Setting next_dagrun for example_xcom_args_with_operators to None, run_after=None
[2024-02-12T19:18:04.937+0000] {processor.py:183} INFO - Processing /home/airflow/.local/lib/python3.8/site-packages/airflow/example_dags/example_xcomargs.py took 0.097 seconds
[2024-02-12T19:18:35.449+0000] {processor.py:161} INFO - Started process (PID=9247) to work on /home/airflow/.local/lib/python3.8/site-packages/airflow/example_dags/example_xcomargs.py
[2024-02-12T19:18:35.450+0000] {processor.py:830} INFO - Processing file /home/airflow/.local/lib/python3.8/site-packages/airflow/example_dags/example_xcomargs.py for tasks to queue
[2024-02-12T19:18:35.451+0000] {logging_mixin.py:188} INFO - [2024-02-12T19:18:35.451+0000] {dagbag.py:538} INFO - Filling up the DagBag from /home/airflow/.local/lib/python3.8/site-packages/airflow/example_dags/example_xcomargs.py
[2024-02-12T19:18:35.460+0000] {processor.py:840} INFO - DAG(s) 'example_xcom_args', 'example_xcom_args_with_operators' retrieved from /home/airflow/.local/lib/python3.8/site-packages/airflow/example_dags/example_xcomargs.py
[2024-02-12T19:18:35.488+0000] {logging_mixin.py:188} INFO - [2024-02-12T19:18:35.488+0000] {dag.py:3036} INFO - Sync 2 DAGs
[2024-02-12T19:18:35.506+0000] {logging_mixin.py:188} INFO - [2024-02-12T19:18:35.506+0000] {dag.py:3823} INFO - Setting next_dagrun for example_xcom_args to None, run_after=None
[2024-02-12T19:18:35.510+0000] {logging_mixin.py:188} INFO - [2024-02-12T19:18:35.509+0000] {dag.py:3823} INFO - Setting next_dagrun for example_xcom_args_with_operators to None, run_after=None
[2024-02-12T19:18:35.535+0000] {processor.py:183} INFO - Processing /home/airflow/.local/lib/python3.8/site-packages/airflow/example_dags/example_xcomargs.py took 0.090 seconds
[2024-02-12T19:19:05.748+0000] {processor.py:161} INFO - Started process (PID=9495) to work on /home/airflow/.local/lib/python3.8/site-packages/airflow/example_dags/example_xcomargs.py
[2024-02-12T19:19:05.749+0000] {processor.py:830} INFO - Processing file /home/airflow/.local/lib/python3.8/site-packages/airflow/example_dags/example_xcomargs.py for tasks to queue
[2024-02-12T19:19:05.750+0000] {logging_mixin.py:188} INFO - [2024-02-12T19:19:05.750+0000] {dagbag.py:538} INFO - Filling up the DagBag from /home/airflow/.local/lib/python3.8/site-packages/airflow/example_dags/example_xcomargs.py
[2024-02-12T19:19:05.759+0000] {processor.py:840} INFO - DAG(s) 'example_xcom_args', 'example_xcom_args_with_operators' retrieved from /home/airflow/.local/lib/python3.8/site-packages/airflow/example_dags/example_xcomargs.py
[2024-02-12T19:19:05.789+0000] {logging_mixin.py:188} INFO - [2024-02-12T19:19:05.788+0000] {dag.py:3036} INFO - Sync 2 DAGs
[2024-02-12T19:19:05.805+0000] {logging_mixin.py:188} INFO - [2024-02-12T19:19:05.805+0000] {dag.py:3823} INFO - Setting next_dagrun for example_xcom_args to None, run_after=None
[2024-02-12T19:19:05.809+0000] {logging_mixin.py:188} INFO - [2024-02-12T19:19:05.809+0000] {dag.py:3823} INFO - Setting next_dagrun for example_xcom_args_with_operators to None, run_after=None
[2024-02-12T19:19:05.833+0000] {processor.py:183} INFO - Processing /home/airflow/.local/lib/python3.8/site-packages/airflow/example_dags/example_xcomargs.py took 0.087 seconds
[2024-02-12T19:19:36.066+0000] {processor.py:161} INFO - Started process (PID=9742) to work on /home/airflow/.local/lib/python3.8/site-packages/airflow/example_dags/example_xcomargs.py
[2024-02-12T19:19:36.067+0000] {processor.py:830} INFO - Processing file /home/airflow/.local/lib/python3.8/site-packages/airflow/example_dags/example_xcomargs.py for tasks to queue
[2024-02-12T19:19:36.068+0000] {logging_mixin.py:188} INFO - [2024-02-12T19:19:36.068+0000] {dagbag.py:538} INFO - Filling up the DagBag from /home/airflow/.local/lib/python3.8/site-packages/airflow/example_dags/example_xcomargs.py
[2024-02-12T19:19:36.077+0000] {processor.py:840} INFO - DAG(s) 'example_xcom_args_with_operators', 'example_xcom_args' retrieved from /home/airflow/.local/lib/python3.8/site-packages/airflow/example_dags/example_xcomargs.py
[2024-02-12T19:19:36.105+0000] {logging_mixin.py:188} INFO - [2024-02-12T19:19:36.105+0000] {dag.py:3036} INFO - Sync 2 DAGs
[2024-02-12T19:19:36.120+0000] {logging_mixin.py:188} INFO - [2024-02-12T19:19:36.120+0000] {dag.py:3823} INFO - Setting next_dagrun for example_xcom_args to None, run_after=None
[2024-02-12T19:19:36.124+0000] {logging_mixin.py:188} INFO - [2024-02-12T19:19:36.123+0000] {dag.py:3823} INFO - Setting next_dagrun for example_xcom_args_with_operators to None, run_after=None
[2024-02-12T19:19:36.146+0000] {processor.py:183} INFO - Processing /home/airflow/.local/lib/python3.8/site-packages/airflow/example_dags/example_xcomargs.py took 0.083 seconds
[2024-02-12T19:20:06.843+0000] {processor.py:161} INFO - Started process (PID=9989) to work on /home/airflow/.local/lib/python3.8/site-packages/airflow/example_dags/example_xcomargs.py
[2024-02-12T19:20:06.844+0000] {processor.py:830} INFO - Processing file /home/airflow/.local/lib/python3.8/site-packages/airflow/example_dags/example_xcomargs.py for tasks to queue
[2024-02-12T19:20:06.845+0000] {logging_mixin.py:188} INFO - [2024-02-12T19:20:06.844+0000] {dagbag.py:538} INFO - Filling up the DagBag from /home/airflow/.local/lib/python3.8/site-packages/airflow/example_dags/example_xcomargs.py
[2024-02-12T19:20:06.854+0000] {processor.py:840} INFO - DAG(s) 'example_xcom_args', 'example_xcom_args_with_operators' retrieved from /home/airflow/.local/lib/python3.8/site-packages/airflow/example_dags/example_xcomargs.py
[2024-02-12T19:20:06.892+0000] {logging_mixin.py:188} INFO - [2024-02-12T19:20:06.892+0000] {dag.py:3036} INFO - Sync 2 DAGs
[2024-02-12T19:20:06.912+0000] {logging_mixin.py:188} INFO - [2024-02-12T19:20:06.912+0000] {dag.py:3823} INFO - Setting next_dagrun for example_xcom_args to None, run_after=None
[2024-02-12T19:20:06.916+0000] {logging_mixin.py:188} INFO - [2024-02-12T19:20:06.916+0000] {dag.py:3823} INFO - Setting next_dagrun for example_xcom_args_with_operators to None, run_after=None
[2024-02-12T19:20:06.939+0000] {processor.py:183} INFO - Processing /home/airflow/.local/lib/python3.8/site-packages/airflow/example_dags/example_xcomargs.py took 0.099 seconds
[2024-02-12T19:20:37.022+0000] {processor.py:161} INFO - Started process (PID=10237) to work on /home/airflow/.local/lib/python3.8/site-packages/airflow/example_dags/example_xcomargs.py
[2024-02-12T19:20:37.023+0000] {processor.py:830} INFO - Processing file /home/airflow/.local/lib/python3.8/site-packages/airflow/example_dags/example_xcomargs.py for tasks to queue
[2024-02-12T19:20:37.024+0000] {logging_mixin.py:188} INFO - [2024-02-12T19:20:37.024+0000] {dagbag.py:538} INFO - Filling up the DagBag from /home/airflow/.local/lib/python3.8/site-packages/airflow/example_dags/example_xcomargs.py
[2024-02-12T19:20:37.033+0000] {processor.py:840} INFO - DAG(s) 'example_xcom_args_with_operators', 'example_xcom_args' retrieved from /home/airflow/.local/lib/python3.8/site-packages/airflow/example_dags/example_xcomargs.py
[2024-02-12T19:20:37.072+0000] {logging_mixin.py:188} INFO - [2024-02-12T19:20:37.072+0000] {dag.py:3036} INFO - Sync 2 DAGs
[2024-02-12T19:20:37.102+0000] {logging_mixin.py:188} INFO - [2024-02-12T19:20:37.102+0000] {dag.py:3823} INFO - Setting next_dagrun for example_xcom_args to None, run_after=None
[2024-02-12T19:20:37.114+0000] {logging_mixin.py:188} INFO - [2024-02-12T19:20:37.114+0000] {dag.py:3823} INFO - Setting next_dagrun for example_xcom_args_with_operators to None, run_after=None
[2024-02-12T19:20:37.141+0000] {processor.py:183} INFO - Processing /home/airflow/.local/lib/python3.8/site-packages/airflow/example_dags/example_xcomargs.py took 0.122 seconds
[2024-02-12T19:21:07.863+0000] {processor.py:161} INFO - Started process (PID=10485) to work on /home/airflow/.local/lib/python3.8/site-packages/airflow/example_dags/example_xcomargs.py
[2024-02-12T19:21:07.864+0000] {processor.py:830} INFO - Processing file /home/airflow/.local/lib/python3.8/site-packages/airflow/example_dags/example_xcomargs.py for tasks to queue
[2024-02-12T19:21:07.865+0000] {logging_mixin.py:188} INFO - [2024-02-12T19:21:07.865+0000] {dagbag.py:538} INFO - Filling up the DagBag from /home/airflow/.local/lib/python3.8/site-packages/airflow/example_dags/example_xcomargs.py
[2024-02-12T19:21:07.876+0000] {processor.py:840} INFO - DAG(s) 'example_xcom_args', 'example_xcom_args_with_operators' retrieved from /home/airflow/.local/lib/python3.8/site-packages/airflow/example_dags/example_xcomargs.py
[2024-02-12T19:21:07.903+0000] {logging_mixin.py:188} INFO - [2024-02-12T19:21:07.903+0000] {dag.py:3036} INFO - Sync 2 DAGs
[2024-02-12T19:21:07.918+0000] {logging_mixin.py:188} INFO - [2024-02-12T19:21:07.918+0000] {dag.py:3823} INFO - Setting next_dagrun for example_xcom_args to None, run_after=None
[2024-02-12T19:21:07.922+0000] {logging_mixin.py:188} INFO - [2024-02-12T19:21:07.922+0000] {dag.py:3823} INFO - Setting next_dagrun for example_xcom_args_with_operators to None, run_after=None
[2024-02-12T19:21:07.946+0000] {processor.py:183} INFO - Processing /home/airflow/.local/lib/python3.8/site-packages/airflow/example_dags/example_xcomargs.py took 0.086 seconds
[2024-02-12T19:21:38.272+0000] {processor.py:161} INFO - Started process (PID=10733) to work on /home/airflow/.local/lib/python3.8/site-packages/airflow/example_dags/example_xcomargs.py
[2024-02-12T19:21:38.273+0000] {processor.py:830} INFO - Processing file /home/airflow/.local/lib/python3.8/site-packages/airflow/example_dags/example_xcomargs.py for tasks to queue
[2024-02-12T19:21:38.274+0000] {logging_mixin.py:188} INFO - [2024-02-12T19:21:38.274+0000] {dagbag.py:538} INFO - Filling up the DagBag from /home/airflow/.local/lib/python3.8/site-packages/airflow/example_dags/example_xcomargs.py
[2024-02-12T19:21:38.294+0000] {processor.py:840} INFO - DAG(s) 'example_xcom_args', 'example_xcom_args_with_operators' retrieved from /home/airflow/.local/lib/python3.8/site-packages/airflow/example_dags/example_xcomargs.py
[2024-02-12T19:21:38.326+0000] {logging_mixin.py:188} INFO - [2024-02-12T19:21:38.326+0000] {dag.py:3036} INFO - Sync 2 DAGs
[2024-02-12T19:21:38.341+0000] {logging_mixin.py:188} INFO - [2024-02-12T19:21:38.341+0000] {dag.py:3823} INFO - Setting next_dagrun for example_xcom_args to None, run_after=None
[2024-02-12T19:21:38.345+0000] {logging_mixin.py:188} INFO - [2024-02-12T19:21:38.345+0000] {dag.py:3823} INFO - Setting next_dagrun for example_xcom_args_with_operators to None, run_after=None
[2024-02-12T19:21:38.369+0000] {processor.py:183} INFO - Processing /home/airflow/.local/lib/python3.8/site-packages/airflow/example_dags/example_xcomargs.py took 0.100 seconds
[2024-02-12T19:22:08.696+0000] {processor.py:161} INFO - Started process (PID=10980) to work on /home/airflow/.local/lib/python3.8/site-packages/airflow/example_dags/example_xcomargs.py
[2024-02-12T19:22:08.697+0000] {processor.py:830} INFO - Processing file /home/airflow/.local/lib/python3.8/site-packages/airflow/example_dags/example_xcomargs.py for tasks to queue
[2024-02-12T19:22:08.698+0000] {logging_mixin.py:188} INFO - [2024-02-12T19:22:08.698+0000] {dagbag.py:538} INFO - Filling up the DagBag from /home/airflow/.local/lib/python3.8/site-packages/airflow/example_dags/example_xcomargs.py
[2024-02-12T19:22:08.707+0000] {processor.py:840} INFO - DAG(s) 'example_xcom_args_with_operators', 'example_xcom_args' retrieved from /home/airflow/.local/lib/python3.8/site-packages/airflow/example_dags/example_xcomargs.py
[2024-02-12T19:22:08.735+0000] {logging_mixin.py:188} INFO - [2024-02-12T19:22:08.735+0000] {dag.py:3036} INFO - Sync 2 DAGs
[2024-02-12T19:22:08.749+0000] {logging_mixin.py:188} INFO - [2024-02-12T19:22:08.749+0000] {dag.py:3823} INFO - Setting next_dagrun for example_xcom_args to None, run_after=None
[2024-02-12T19:22:08.765+0000] {logging_mixin.py:188} INFO - [2024-02-12T19:22:08.765+0000] {dag.py:3823} INFO - Setting next_dagrun for example_xcom_args_with_operators to None, run_after=None
[2024-02-12T19:22:08.790+0000] {processor.py:183} INFO - Processing /home/airflow/.local/lib/python3.8/site-packages/airflow/example_dags/example_xcomargs.py took 0.097 seconds
[2024-02-12T19:22:39.398+0000] {processor.py:161} INFO - Started process (PID=11227) to work on /home/airflow/.local/lib/python3.8/site-packages/airflow/example_dags/example_xcomargs.py
[2024-02-12T19:22:39.407+0000] {processor.py:830} INFO - Processing file /home/airflow/.local/lib/python3.8/site-packages/airflow/example_dags/example_xcomargs.py for tasks to queue
[2024-02-12T19:22:39.408+0000] {logging_mixin.py:188} INFO - [2024-02-12T19:22:39.408+0000] {dagbag.py:538} INFO - Filling up the DagBag from /home/airflow/.local/lib/python3.8/site-packages/airflow/example_dags/example_xcomargs.py
[2024-02-12T19:22:39.430+0000] {processor.py:840} INFO - DAG(s) 'example_xcom_args_with_operators', 'example_xcom_args' retrieved from /home/airflow/.local/lib/python3.8/site-packages/airflow/example_dags/example_xcomargs.py
[2024-02-12T19:22:39.488+0000] {logging_mixin.py:188} INFO - [2024-02-12T19:22:39.488+0000] {dag.py:3036} INFO - Sync 2 DAGs
[2024-02-12T19:22:39.521+0000] {logging_mixin.py:188} INFO - [2024-02-12T19:22:39.521+0000] {dag.py:3823} INFO - Setting next_dagrun for example_xcom_args to None, run_after=None
[2024-02-12T19:22:39.528+0000] {logging_mixin.py:188} INFO - [2024-02-12T19:22:39.527+0000] {dag.py:3823} INFO - Setting next_dagrun for example_xcom_args_with_operators to None, run_after=None
[2024-02-12T19:22:39.557+0000] {processor.py:183} INFO - Processing /home/airflow/.local/lib/python3.8/site-packages/airflow/example_dags/example_xcomargs.py took 0.162 seconds
[2024-02-12T19:23:10.321+0000] {processor.py:161} INFO - Started process (PID=11474) to work on /home/airflow/.local/lib/python3.8/site-packages/airflow/example_dags/example_xcomargs.py
[2024-02-12T19:23:10.321+0000] {processor.py:830} INFO - Processing file /home/airflow/.local/lib/python3.8/site-packages/airflow/example_dags/example_xcomargs.py for tasks to queue
[2024-02-12T19:23:10.322+0000] {logging_mixin.py:188} INFO - [2024-02-12T19:23:10.322+0000] {dagbag.py:538} INFO - Filling up the DagBag from /home/airflow/.local/lib/python3.8/site-packages/airflow/example_dags/example_xcomargs.py
[2024-02-12T19:23:10.331+0000] {processor.py:840} INFO - DAG(s) 'example_xcom_args', 'example_xcom_args_with_operators' retrieved from /home/airflow/.local/lib/python3.8/site-packages/airflow/example_dags/example_xcomargs.py
[2024-02-12T19:23:10.361+0000] {logging_mixin.py:188} INFO - [2024-02-12T19:23:10.361+0000] {dag.py:3036} INFO - Sync 2 DAGs
[2024-02-12T19:23:10.377+0000] {logging_mixin.py:188} INFO - [2024-02-12T19:23:10.376+0000] {dag.py:3823} INFO - Setting next_dagrun for example_xcom_args to None, run_after=None
[2024-02-12T19:23:10.381+0000] {logging_mixin.py:188} INFO - [2024-02-12T19:23:10.380+0000] {dag.py:3823} INFO - Setting next_dagrun for example_xcom_args_with_operators to None, run_after=None
[2024-02-12T19:23:10.403+0000] {processor.py:183} INFO - Processing /home/airflow/.local/lib/python3.8/site-packages/airflow/example_dags/example_xcomargs.py took 0.085 seconds
[2024-02-12T19:23:40.543+0000] {processor.py:161} INFO - Started process (PID=11719) to work on /home/airflow/.local/lib/python3.8/site-packages/airflow/example_dags/example_xcomargs.py
[2024-02-12T19:23:40.544+0000] {processor.py:830} INFO - Processing file /home/airflow/.local/lib/python3.8/site-packages/airflow/example_dags/example_xcomargs.py for tasks to queue
[2024-02-12T19:23:40.544+0000] {logging_mixin.py:188} INFO - [2024-02-12T19:23:40.544+0000] {dagbag.py:538} INFO - Filling up the DagBag from /home/airflow/.local/lib/python3.8/site-packages/airflow/example_dags/example_xcomargs.py
[2024-02-12T19:23:40.554+0000] {processor.py:840} INFO - DAG(s) 'example_xcom_args', 'example_xcom_args_with_operators' retrieved from /home/airflow/.local/lib/python3.8/site-packages/airflow/example_dags/example_xcomargs.py
[2024-02-12T19:23:40.582+0000] {logging_mixin.py:188} INFO - [2024-02-12T19:23:40.582+0000] {dag.py:3036} INFO - Sync 2 DAGs
[2024-02-12T19:23:40.598+0000] {logging_mixin.py:188} INFO - [2024-02-12T19:23:40.598+0000] {dag.py:3823} INFO - Setting next_dagrun for example_xcom_args to None, run_after=None
[2024-02-12T19:23:40.602+0000] {logging_mixin.py:188} INFO - [2024-02-12T19:23:40.602+0000] {dag.py:3823} INFO - Setting next_dagrun for example_xcom_args_with_operators to None, run_after=None
[2024-02-12T19:23:40.627+0000] {processor.py:183} INFO - Processing /home/airflow/.local/lib/python3.8/site-packages/airflow/example_dags/example_xcomargs.py took 0.088 seconds
[2024-02-12T19:24:11.270+0000] {processor.py:161} INFO - Started process (PID=11968) to work on /home/airflow/.local/lib/python3.8/site-packages/airflow/example_dags/example_xcomargs.py
[2024-02-12T19:24:11.271+0000] {processor.py:830} INFO - Processing file /home/airflow/.local/lib/python3.8/site-packages/airflow/example_dags/example_xcomargs.py for tasks to queue
[2024-02-12T19:24:11.272+0000] {logging_mixin.py:188} INFO - [2024-02-12T19:24:11.272+0000] {dagbag.py:538} INFO - Filling up the DagBag from /home/airflow/.local/lib/python3.8/site-packages/airflow/example_dags/example_xcomargs.py
[2024-02-12T19:24:11.281+0000] {processor.py:840} INFO - DAG(s) 'example_xcom_args', 'example_xcom_args_with_operators' retrieved from /home/airflow/.local/lib/python3.8/site-packages/airflow/example_dags/example_xcomargs.py
[2024-02-12T19:24:11.309+0000] {logging_mixin.py:188} INFO - [2024-02-12T19:24:11.309+0000] {dag.py:3036} INFO - Sync 2 DAGs
[2024-02-12T19:24:11.343+0000] {logging_mixin.py:188} INFO - [2024-02-12T19:24:11.343+0000] {dag.py:3823} INFO - Setting next_dagrun for example_xcom_args to None, run_after=None
[2024-02-12T19:24:11.347+0000] {logging_mixin.py:188} INFO - [2024-02-12T19:24:11.347+0000] {dag.py:3823} INFO - Setting next_dagrun for example_xcom_args_with_operators to None, run_after=None
[2024-02-12T19:24:11.382+0000] {processor.py:183} INFO - Processing /home/airflow/.local/lib/python3.8/site-packages/airflow/example_dags/example_xcomargs.py took 0.113 seconds
[2024-02-12T19:24:42.341+0000] {processor.py:161} INFO - Started process (PID=12213) to work on /home/airflow/.local/lib/python3.8/site-packages/airflow/example_dags/example_xcomargs.py
[2024-02-12T19:24:42.342+0000] {processor.py:830} INFO - Processing file /home/airflow/.local/lib/python3.8/site-packages/airflow/example_dags/example_xcomargs.py for tasks to queue
[2024-02-12T19:24:42.343+0000] {logging_mixin.py:188} INFO - [2024-02-12T19:24:42.343+0000] {dagbag.py:538} INFO - Filling up the DagBag from /home/airflow/.local/lib/python3.8/site-packages/airflow/example_dags/example_xcomargs.py
[2024-02-12T19:24:42.353+0000] {processor.py:840} INFO - DAG(s) 'example_xcom_args', 'example_xcom_args_with_operators' retrieved from /home/airflow/.local/lib/python3.8/site-packages/airflow/example_dags/example_xcomargs.py
[2024-02-12T19:24:42.377+0000] {logging_mixin.py:188} INFO - [2024-02-12T19:24:42.377+0000] {dag.py:3036} INFO - Sync 2 DAGs
[2024-02-12T19:24:42.391+0000] {logging_mixin.py:188} INFO - [2024-02-12T19:24:42.391+0000] {dag.py:3823} INFO - Setting next_dagrun for example_xcom_args to None, run_after=None
[2024-02-12T19:24:42.395+0000] {logging_mixin.py:188} INFO - [2024-02-12T19:24:42.395+0000] {dag.py:3823} INFO - Setting next_dagrun for example_xcom_args_with_operators to None, run_after=None
[2024-02-12T19:24:42.415+0000] {processor.py:183} INFO - Processing /home/airflow/.local/lib/python3.8/site-packages/airflow/example_dags/example_xcomargs.py took 0.078 seconds
[2024-02-12T19:25:13.436+0000] {processor.py:161} INFO - Started process (PID=12461) to work on /home/airflow/.local/lib/python3.8/site-packages/airflow/example_dags/example_xcomargs.py
[2024-02-12T19:25:13.450+0000] {processor.py:830} INFO - Processing file /home/airflow/.local/lib/python3.8/site-packages/airflow/example_dags/example_xcomargs.py for tasks to queue
[2024-02-12T19:25:13.462+0000] {logging_mixin.py:188} INFO - [2024-02-12T19:25:13.462+0000] {dagbag.py:538} INFO - Filling up the DagBag from /home/airflow/.local/lib/python3.8/site-packages/airflow/example_dags/example_xcomargs.py
[2024-02-12T19:25:13.501+0000] {processor.py:840} INFO - DAG(s) 'example_xcom_args', 'example_xcom_args_with_operators' retrieved from /home/airflow/.local/lib/python3.8/site-packages/airflow/example_dags/example_xcomargs.py
[2024-02-12T19:25:13.562+0000] {logging_mixin.py:188} INFO - [2024-02-12T19:25:13.561+0000] {dag.py:3036} INFO - Sync 2 DAGs
[2024-02-12T19:25:13.585+0000] {logging_mixin.py:188} INFO - [2024-02-12T19:25:13.585+0000] {dag.py:3823} INFO - Setting next_dagrun for example_xcom_args to None, run_after=None
[2024-02-12T19:25:13.589+0000] {logging_mixin.py:188} INFO - [2024-02-12T19:25:13.589+0000] {dag.py:3823} INFO - Setting next_dagrun for example_xcom_args_with_operators to None, run_after=None
[2024-02-12T19:25:13.643+0000] {processor.py:183} INFO - Processing /home/airflow/.local/lib/python3.8/site-packages/airflow/example_dags/example_xcomargs.py took 0.235 seconds
[2024-02-12T19:25:43.775+0000] {processor.py:161} INFO - Started process (PID=12709) to work on /home/airflow/.local/lib/python3.8/site-packages/airflow/example_dags/example_xcomargs.py
[2024-02-12T19:25:43.776+0000] {processor.py:830} INFO - Processing file /home/airflow/.local/lib/python3.8/site-packages/airflow/example_dags/example_xcomargs.py for tasks to queue
[2024-02-12T19:25:43.777+0000] {logging_mixin.py:188} INFO - [2024-02-12T19:25:43.777+0000] {dagbag.py:538} INFO - Filling up the DagBag from /home/airflow/.local/lib/python3.8/site-packages/airflow/example_dags/example_xcomargs.py
[2024-02-12T19:25:43.784+0000] {processor.py:840} INFO - DAG(s) 'example_xcom_args', 'example_xcom_args_with_operators' retrieved from /home/airflow/.local/lib/python3.8/site-packages/airflow/example_dags/example_xcomargs.py
[2024-02-12T19:25:43.795+0000] {logging_mixin.py:188} INFO - [2024-02-12T19:25:43.795+0000] {dag.py:3036} INFO - Sync 2 DAGs
[2024-02-12T19:25:43.809+0000] {logging_mixin.py:188} INFO - [2024-02-12T19:25:43.808+0000] {dag.py:3823} INFO - Setting next_dagrun for example_xcom_args to None, run_after=None
[2024-02-12T19:25:43.811+0000] {logging_mixin.py:188} INFO - [2024-02-12T19:25:43.811+0000] {dag.py:3823} INFO - Setting next_dagrun for example_xcom_args_with_operators to None, run_after=None
[2024-02-12T19:25:43.830+0000] {processor.py:183} INFO - Processing /home/airflow/.local/lib/python3.8/site-packages/airflow/example_dags/example_xcomargs.py took 0.058 seconds
