[2024-02-12T19:00:19.087+0000] {processor.py:161} INFO - Started process (PID=381) to work on /home/airflow/.local/lib/python3.8/site-packages/airflow/example_dags/example_branch_operator.py
[2024-02-12T19:00:19.089+0000] {processor.py:830} INFO - Processing file /home/airflow/.local/lib/python3.8/site-packages/airflow/example_dags/example_branch_operator.py for tasks to queue
[2024-02-12T19:00:19.091+0000] {logging_mixin.py:188} INFO - [2024-02-12T19:00:19.091+0000] {dagbag.py:538} INFO - Filling up the DagBag from /home/airflow/.local/lib/python3.8/site-packages/airflow/example_dags/example_branch_operator.py
[2024-02-12T19:00:19.115+0000] {processor.py:840} INFO - DAG(s) 'example_branch_operator' retrieved from /home/airflow/.local/lib/python3.8/site-packages/airflow/example_dags/example_branch_operator.py
[2024-02-12T19:00:19.283+0000] {logging_mixin.py:188} INFO - [2024-02-12T19:00:19.283+0000] {dag.py:3036} INFO - Sync 1 DAGs
[2024-02-12T19:00:19.320+0000] {logging_mixin.py:188} INFO - [2024-02-12T19:00:19.320+0000] {dag.py:3823} INFO - Setting next_dagrun for example_branch_operator to 2024-02-11 00:00:00+00:00, run_after=2024-02-12 00:00:00+00:00
[2024-02-12T19:00:19.363+0000] {processor.py:183} INFO - Processing /home/airflow/.local/lib/python3.8/site-packages/airflow/example_dags/example_branch_operator.py took 0.280 seconds
[2024-02-12T19:00:50.420+0000] {processor.py:161} INFO - Started process (PID=628) to work on /home/airflow/.local/lib/python3.8/site-packages/airflow/example_dags/example_branch_operator.py
[2024-02-12T19:00:50.425+0000] {processor.py:830} INFO - Processing file /home/airflow/.local/lib/python3.8/site-packages/airflow/example_dags/example_branch_operator.py for tasks to queue
[2024-02-12T19:00:50.427+0000] {logging_mixin.py:188} INFO - [2024-02-12T19:00:50.426+0000] {dagbag.py:538} INFO - Filling up the DagBag from /home/airflow/.local/lib/python3.8/site-packages/airflow/example_dags/example_branch_operator.py
[2024-02-12T19:00:50.464+0000] {processor.py:840} INFO - DAG(s) 'example_branch_operator' retrieved from /home/airflow/.local/lib/python3.8/site-packages/airflow/example_dags/example_branch_operator.py
[2024-02-12T19:00:50.511+0000] {logging_mixin.py:188} INFO - [2024-02-12T19:00:50.511+0000] {dag.py:3036} INFO - Sync 1 DAGs
[2024-02-12T19:00:50.559+0000] {logging_mixin.py:188} INFO - [2024-02-12T19:00:50.559+0000] {dag.py:3823} INFO - Setting next_dagrun for example_branch_operator to 2024-02-11 00:00:00+00:00, run_after=2024-02-12 00:00:00+00:00
[2024-02-12T19:00:50.637+0000] {processor.py:183} INFO - Processing /home/airflow/.local/lib/python3.8/site-packages/airflow/example_dags/example_branch_operator.py took 0.221 seconds
[2024-02-12T19:01:20.963+0000] {processor.py:161} INFO - Started process (PID=875) to work on /home/airflow/.local/lib/python3.8/site-packages/airflow/example_dags/example_branch_operator.py
[2024-02-12T19:01:20.964+0000] {processor.py:830} INFO - Processing file /home/airflow/.local/lib/python3.8/site-packages/airflow/example_dags/example_branch_operator.py for tasks to queue
[2024-02-12T19:01:20.965+0000] {logging_mixin.py:188} INFO - [2024-02-12T19:01:20.964+0000] {dagbag.py:538} INFO - Filling up the DagBag from /home/airflow/.local/lib/python3.8/site-packages/airflow/example_dags/example_branch_operator.py
[2024-02-12T19:01:20.997+0000] {processor.py:840} INFO - DAG(s) 'example_branch_operator' retrieved from /home/airflow/.local/lib/python3.8/site-packages/airflow/example_dags/example_branch_operator.py
[2024-02-12T19:01:21.036+0000] {logging_mixin.py:188} INFO - [2024-02-12T19:01:21.035+0000] {dag.py:3036} INFO - Sync 1 DAGs
[2024-02-12T19:01:21.064+0000] {logging_mixin.py:188} INFO - [2024-02-12T19:01:21.063+0000] {dag.py:3823} INFO - Setting next_dagrun for example_branch_operator to 2024-02-11 00:00:00+00:00, run_after=2024-02-12 00:00:00+00:00
[2024-02-12T19:01:21.088+0000] {processor.py:183} INFO - Processing /home/airflow/.local/lib/python3.8/site-packages/airflow/example_dags/example_branch_operator.py took 0.129 seconds
[2024-02-12T19:01:51.402+0000] {processor.py:161} INFO - Started process (PID=1122) to work on /home/airflow/.local/lib/python3.8/site-packages/airflow/example_dags/example_branch_operator.py
[2024-02-12T19:01:51.403+0000] {processor.py:830} INFO - Processing file /home/airflow/.local/lib/python3.8/site-packages/airflow/example_dags/example_branch_operator.py for tasks to queue
[2024-02-12T19:01:51.404+0000] {logging_mixin.py:188} INFO - [2024-02-12T19:01:51.404+0000] {dagbag.py:538} INFO - Filling up the DagBag from /home/airflow/.local/lib/python3.8/site-packages/airflow/example_dags/example_branch_operator.py
[2024-02-12T19:01:51.422+0000] {processor.py:840} INFO - DAG(s) 'example_branch_operator' retrieved from /home/airflow/.local/lib/python3.8/site-packages/airflow/example_dags/example_branch_operator.py
[2024-02-12T19:01:51.458+0000] {logging_mixin.py:188} INFO - [2024-02-12T19:01:51.458+0000] {dag.py:3036} INFO - Sync 1 DAGs
[2024-02-12T19:01:51.508+0000] {logging_mixin.py:188} INFO - [2024-02-12T19:01:51.508+0000] {dag.py:3823} INFO - Setting next_dagrun for example_branch_operator to 2024-02-11 00:00:00+00:00, run_after=2024-02-12 00:00:00+00:00
[2024-02-12T19:01:51.542+0000] {processor.py:183} INFO - Processing /home/airflow/.local/lib/python3.8/site-packages/airflow/example_dags/example_branch_operator.py took 0.144 seconds
[2024-02-12T19:02:21.824+0000] {processor.py:161} INFO - Started process (PID=1369) to work on /home/airflow/.local/lib/python3.8/site-packages/airflow/example_dags/example_branch_operator.py
[2024-02-12T19:02:21.825+0000] {processor.py:830} INFO - Processing file /home/airflow/.local/lib/python3.8/site-packages/airflow/example_dags/example_branch_operator.py for tasks to queue
[2024-02-12T19:02:21.826+0000] {logging_mixin.py:188} INFO - [2024-02-12T19:02:21.826+0000] {dagbag.py:538} INFO - Filling up the DagBag from /home/airflow/.local/lib/python3.8/site-packages/airflow/example_dags/example_branch_operator.py
[2024-02-12T19:02:21.849+0000] {processor.py:840} INFO - DAG(s) 'example_branch_operator' retrieved from /home/airflow/.local/lib/python3.8/site-packages/airflow/example_dags/example_branch_operator.py
[2024-02-12T19:02:21.886+0000] {logging_mixin.py:188} INFO - [2024-02-12T19:02:21.885+0000] {dag.py:3036} INFO - Sync 1 DAGs
[2024-02-12T19:02:21.910+0000] {logging_mixin.py:188} INFO - [2024-02-12T19:02:21.909+0000] {dag.py:3823} INFO - Setting next_dagrun for example_branch_operator to 2024-02-11 00:00:00+00:00, run_after=2024-02-12 00:00:00+00:00
[2024-02-12T19:02:21.933+0000] {processor.py:183} INFO - Processing /home/airflow/.local/lib/python3.8/site-packages/airflow/example_dags/example_branch_operator.py took 0.113 seconds
[2024-02-12T19:02:52.501+0000] {processor.py:161} INFO - Started process (PID=1617) to work on /home/airflow/.local/lib/python3.8/site-packages/airflow/example_dags/example_branch_operator.py
[2024-02-12T19:02:52.502+0000] {processor.py:830} INFO - Processing file /home/airflow/.local/lib/python3.8/site-packages/airflow/example_dags/example_branch_operator.py for tasks to queue
[2024-02-12T19:02:52.503+0000] {logging_mixin.py:188} INFO - [2024-02-12T19:02:52.503+0000] {dagbag.py:538} INFO - Filling up the DagBag from /home/airflow/.local/lib/python3.8/site-packages/airflow/example_dags/example_branch_operator.py
[2024-02-12T19:02:52.555+0000] {processor.py:840} INFO - DAG(s) 'example_branch_operator' retrieved from /home/airflow/.local/lib/python3.8/site-packages/airflow/example_dags/example_branch_operator.py
[2024-02-12T19:02:52.592+0000] {logging_mixin.py:188} INFO - [2024-02-12T19:02:52.592+0000] {dag.py:3036} INFO - Sync 1 DAGs
[2024-02-12T19:02:52.617+0000] {logging_mixin.py:188} INFO - [2024-02-12T19:02:52.616+0000] {dag.py:3823} INFO - Setting next_dagrun for example_branch_operator to 2024-02-11 00:00:00+00:00, run_after=2024-02-12 00:00:00+00:00
[2024-02-12T19:02:52.641+0000] {processor.py:183} INFO - Processing /home/airflow/.local/lib/python3.8/site-packages/airflow/example_dags/example_branch_operator.py took 0.144 seconds
[2024-02-12T19:03:22.725+0000] {processor.py:161} INFO - Started process (PID=1864) to work on /home/airflow/.local/lib/python3.8/site-packages/airflow/example_dags/example_branch_operator.py
[2024-02-12T19:03:22.727+0000] {processor.py:830} INFO - Processing file /home/airflow/.local/lib/python3.8/site-packages/airflow/example_dags/example_branch_operator.py for tasks to queue
[2024-02-12T19:03:22.728+0000] {logging_mixin.py:188} INFO - [2024-02-12T19:03:22.727+0000] {dagbag.py:538} INFO - Filling up the DagBag from /home/airflow/.local/lib/python3.8/site-packages/airflow/example_dags/example_branch_operator.py
[2024-02-12T19:03:22.777+0000] {processor.py:840} INFO - DAG(s) 'example_branch_operator' retrieved from /home/airflow/.local/lib/python3.8/site-packages/airflow/example_dags/example_branch_operator.py
[2024-02-12T19:03:22.858+0000] {logging_mixin.py:188} INFO - [2024-02-12T19:03:22.857+0000] {dag.py:3036} INFO - Sync 1 DAGs
[2024-02-12T19:03:22.883+0000] {logging_mixin.py:188} INFO - [2024-02-12T19:03:22.882+0000] {dag.py:3823} INFO - Setting next_dagrun for example_branch_operator to 2024-02-11 00:00:00+00:00, run_after=2024-02-12 00:00:00+00:00
[2024-02-12T19:03:22.908+0000] {processor.py:183} INFO - Processing /home/airflow/.local/lib/python3.8/site-packages/airflow/example_dags/example_branch_operator.py took 0.194 seconds
[2024-02-12T19:03:53.679+0000] {processor.py:161} INFO - Started process (PID=2112) to work on /home/airflow/.local/lib/python3.8/site-packages/airflow/example_dags/example_branch_operator.py
[2024-02-12T19:03:53.681+0000] {processor.py:830} INFO - Processing file /home/airflow/.local/lib/python3.8/site-packages/airflow/example_dags/example_branch_operator.py for tasks to queue
[2024-02-12T19:03:53.682+0000] {logging_mixin.py:188} INFO - [2024-02-12T19:03:53.681+0000] {dagbag.py:538} INFO - Filling up the DagBag from /home/airflow/.local/lib/python3.8/site-packages/airflow/example_dags/example_branch_operator.py
[2024-02-12T19:03:53.701+0000] {processor.py:840} INFO - DAG(s) 'example_branch_operator' retrieved from /home/airflow/.local/lib/python3.8/site-packages/airflow/example_dags/example_branch_operator.py
[2024-02-12T19:03:53.735+0000] {logging_mixin.py:188} INFO - [2024-02-12T19:03:53.735+0000] {dag.py:3036} INFO - Sync 1 DAGs
[2024-02-12T19:03:53.765+0000] {logging_mixin.py:188} INFO - [2024-02-12T19:03:53.764+0000] {dag.py:3823} INFO - Setting next_dagrun for example_branch_operator to 2024-02-11 00:00:00+00:00, run_after=2024-02-12 00:00:00+00:00
[2024-02-12T19:03:53.794+0000] {processor.py:183} INFO - Processing /home/airflow/.local/lib/python3.8/site-packages/airflow/example_dags/example_branch_operator.py took 0.119 seconds
[2024-02-12T19:04:24.489+0000] {processor.py:161} INFO - Started process (PID=2383) to work on /home/airflow/.local/lib/python3.8/site-packages/airflow/example_dags/example_branch_operator.py
[2024-02-12T19:04:24.491+0000] {processor.py:830} INFO - Processing file /home/airflow/.local/lib/python3.8/site-packages/airflow/example_dags/example_branch_operator.py for tasks to queue
[2024-02-12T19:04:24.501+0000] {logging_mixin.py:188} INFO - [2024-02-12T19:04:24.494+0000] {dagbag.py:538} INFO - Filling up the DagBag from /home/airflow/.local/lib/python3.8/site-packages/airflow/example_dags/example_branch_operator.py
[2024-02-12T19:04:24.544+0000] {processor.py:840} INFO - DAG(s) 'example_branch_operator' retrieved from /home/airflow/.local/lib/python3.8/site-packages/airflow/example_dags/example_branch_operator.py
[2024-02-12T19:04:24.591+0000] {logging_mixin.py:188} INFO - [2024-02-12T19:04:24.591+0000] {dag.py:3036} INFO - Sync 1 DAGs
[2024-02-12T19:04:24.620+0000] {logging_mixin.py:188} INFO - [2024-02-12T19:04:24.619+0000] {dag.py:3823} INFO - Setting next_dagrun for example_branch_operator to 2024-02-11 00:00:00+00:00, run_after=2024-02-12 00:00:00+00:00
[2024-02-12T19:04:24.654+0000] {processor.py:183} INFO - Processing /home/airflow/.local/lib/python3.8/site-packages/airflow/example_dags/example_branch_operator.py took 0.171 seconds
[2024-02-12T19:04:55.006+0000] {processor.py:161} INFO - Started process (PID=2630) to work on /home/airflow/.local/lib/python3.8/site-packages/airflow/example_dags/example_branch_operator.py
[2024-02-12T19:04:55.007+0000] {processor.py:830} INFO - Processing file /home/airflow/.local/lib/python3.8/site-packages/airflow/example_dags/example_branch_operator.py for tasks to queue
[2024-02-12T19:04:55.009+0000] {logging_mixin.py:188} INFO - [2024-02-12T19:04:55.008+0000] {dagbag.py:538} INFO - Filling up the DagBag from /home/airflow/.local/lib/python3.8/site-packages/airflow/example_dags/example_branch_operator.py
[2024-02-12T19:04:55.034+0000] {processor.py:840} INFO - DAG(s) 'example_branch_operator' retrieved from /home/airflow/.local/lib/python3.8/site-packages/airflow/example_dags/example_branch_operator.py
[2024-02-12T19:04:55.077+0000] {logging_mixin.py:188} INFO - [2024-02-12T19:04:55.076+0000] {dag.py:3036} INFO - Sync 1 DAGs
[2024-02-12T19:04:55.102+0000] {logging_mixin.py:188} INFO - [2024-02-12T19:04:55.101+0000] {dag.py:3823} INFO - Setting next_dagrun for example_branch_operator to 2024-02-11 00:00:00+00:00, run_after=2024-02-12 00:00:00+00:00
[2024-02-12T19:04:55.127+0000] {processor.py:183} INFO - Processing /home/airflow/.local/lib/python3.8/site-packages/airflow/example_dags/example_branch_operator.py took 0.126 seconds
[2024-02-12T19:05:25.568+0000] {processor.py:161} INFO - Started process (PID=2877) to work on /home/airflow/.local/lib/python3.8/site-packages/airflow/example_dags/example_branch_operator.py
[2024-02-12T19:05:25.570+0000] {processor.py:830} INFO - Processing file /home/airflow/.local/lib/python3.8/site-packages/airflow/example_dags/example_branch_operator.py for tasks to queue
[2024-02-12T19:05:25.571+0000] {logging_mixin.py:188} INFO - [2024-02-12T19:05:25.570+0000] {dagbag.py:538} INFO - Filling up the DagBag from /home/airflow/.local/lib/python3.8/site-packages/airflow/example_dags/example_branch_operator.py
[2024-02-12T19:05:25.592+0000] {processor.py:840} INFO - DAG(s) 'example_branch_operator' retrieved from /home/airflow/.local/lib/python3.8/site-packages/airflow/example_dags/example_branch_operator.py
[2024-02-12T19:05:25.626+0000] {logging_mixin.py:188} INFO - [2024-02-12T19:05:25.626+0000] {dag.py:3036} INFO - Sync 1 DAGs
[2024-02-12T19:05:25.648+0000] {logging_mixin.py:188} INFO - [2024-02-12T19:05:25.648+0000] {dag.py:3823} INFO - Setting next_dagrun for example_branch_operator to 2024-02-11 00:00:00+00:00, run_after=2024-02-12 00:00:00+00:00
[2024-02-12T19:05:25.672+0000] {processor.py:183} INFO - Processing /home/airflow/.local/lib/python3.8/site-packages/airflow/example_dags/example_branch_operator.py took 0.108 seconds
[2024-02-12T19:05:56.372+0000] {processor.py:161} INFO - Started process (PID=3124) to work on /home/airflow/.local/lib/python3.8/site-packages/airflow/example_dags/example_branch_operator.py
[2024-02-12T19:05:56.376+0000] {processor.py:830} INFO - Processing file /home/airflow/.local/lib/python3.8/site-packages/airflow/example_dags/example_branch_operator.py for tasks to queue
[2024-02-12T19:05:56.377+0000] {logging_mixin.py:188} INFO - [2024-02-12T19:05:56.376+0000] {dagbag.py:538} INFO - Filling up the DagBag from /home/airflow/.local/lib/python3.8/site-packages/airflow/example_dags/example_branch_operator.py
[2024-02-12T19:05:56.401+0000] {processor.py:840} INFO - DAG(s) 'example_branch_operator' retrieved from /home/airflow/.local/lib/python3.8/site-packages/airflow/example_dags/example_branch_operator.py
[2024-02-12T19:05:56.433+0000] {logging_mixin.py:188} INFO - [2024-02-12T19:05:56.433+0000] {dag.py:3036} INFO - Sync 1 DAGs
[2024-02-12T19:05:56.457+0000] {logging_mixin.py:188} INFO - [2024-02-12T19:05:56.457+0000] {dag.py:3823} INFO - Setting next_dagrun for example_branch_operator to 2024-02-11 00:00:00+00:00, run_after=2024-02-12 00:00:00+00:00
[2024-02-12T19:05:56.483+0000] {processor.py:183} INFO - Processing /home/airflow/.local/lib/python3.8/site-packages/airflow/example_dags/example_branch_operator.py took 0.115 seconds
[2024-02-12T19:06:27.361+0000] {processor.py:161} INFO - Started process (PID=3372) to work on /home/airflow/.local/lib/python3.8/site-packages/airflow/example_dags/example_branch_operator.py
[2024-02-12T19:06:27.362+0000] {processor.py:830} INFO - Processing file /home/airflow/.local/lib/python3.8/site-packages/airflow/example_dags/example_branch_operator.py for tasks to queue
[2024-02-12T19:06:27.363+0000] {logging_mixin.py:188} INFO - [2024-02-12T19:06:27.363+0000] {dagbag.py:538} INFO - Filling up the DagBag from /home/airflow/.local/lib/python3.8/site-packages/airflow/example_dags/example_branch_operator.py
[2024-02-12T19:06:27.382+0000] {processor.py:840} INFO - DAG(s) 'example_branch_operator' retrieved from /home/airflow/.local/lib/python3.8/site-packages/airflow/example_dags/example_branch_operator.py
[2024-02-12T19:06:27.414+0000] {logging_mixin.py:188} INFO - [2024-02-12T19:06:27.414+0000] {dag.py:3036} INFO - Sync 1 DAGs
[2024-02-12T19:06:27.440+0000] {logging_mixin.py:188} INFO - [2024-02-12T19:06:27.440+0000] {dag.py:3823} INFO - Setting next_dagrun for example_branch_operator to 2024-02-11 00:00:00+00:00, run_after=2024-02-12 00:00:00+00:00
[2024-02-12T19:06:27.465+0000] {processor.py:183} INFO - Processing /home/airflow/.local/lib/python3.8/site-packages/airflow/example_dags/example_branch_operator.py took 0.107 seconds
[2024-02-12T19:06:57.561+0000] {processor.py:161} INFO - Started process (PID=3621) to work on /home/airflow/.local/lib/python3.8/site-packages/airflow/example_dags/example_branch_operator.py
[2024-02-12T19:06:57.561+0000] {processor.py:830} INFO - Processing file /home/airflow/.local/lib/python3.8/site-packages/airflow/example_dags/example_branch_operator.py for tasks to queue
[2024-02-12T19:06:57.562+0000] {logging_mixin.py:188} INFO - [2024-02-12T19:06:57.562+0000] {dagbag.py:538} INFO - Filling up the DagBag from /home/airflow/.local/lib/python3.8/site-packages/airflow/example_dags/example_branch_operator.py
[2024-02-12T19:06:57.585+0000] {processor.py:840} INFO - DAG(s) 'example_branch_operator' retrieved from /home/airflow/.local/lib/python3.8/site-packages/airflow/example_dags/example_branch_operator.py
[2024-02-12T19:06:57.619+0000] {logging_mixin.py:188} INFO - [2024-02-12T19:06:57.619+0000] {dag.py:3036} INFO - Sync 1 DAGs
[2024-02-12T19:06:57.657+0000] {logging_mixin.py:188} INFO - [2024-02-12T19:06:57.657+0000] {dag.py:3823} INFO - Setting next_dagrun for example_branch_operator to 2024-02-11 00:00:00+00:00, run_after=2024-02-12 00:00:00+00:00
[2024-02-12T19:06:57.683+0000] {processor.py:183} INFO - Processing /home/airflow/.local/lib/python3.8/site-packages/airflow/example_dags/example_branch_operator.py took 0.125 seconds
[2024-02-12T19:07:27.865+0000] {processor.py:161} INFO - Started process (PID=3867) to work on /home/airflow/.local/lib/python3.8/site-packages/airflow/example_dags/example_branch_operator.py
[2024-02-12T19:07:27.866+0000] {processor.py:830} INFO - Processing file /home/airflow/.local/lib/python3.8/site-packages/airflow/example_dags/example_branch_operator.py for tasks to queue
[2024-02-12T19:07:27.867+0000] {logging_mixin.py:188} INFO - [2024-02-12T19:07:27.867+0000] {dagbag.py:538} INFO - Filling up the DagBag from /home/airflow/.local/lib/python3.8/site-packages/airflow/example_dags/example_branch_operator.py
[2024-02-12T19:07:27.889+0000] {processor.py:840} INFO - DAG(s) 'example_branch_operator' retrieved from /home/airflow/.local/lib/python3.8/site-packages/airflow/example_dags/example_branch_operator.py
[2024-02-12T19:07:27.925+0000] {logging_mixin.py:188} INFO - [2024-02-12T19:07:27.925+0000] {dag.py:3036} INFO - Sync 1 DAGs
[2024-02-12T19:07:27.947+0000] {logging_mixin.py:188} INFO - [2024-02-12T19:07:27.946+0000] {dag.py:3823} INFO - Setting next_dagrun for example_branch_operator to 2024-02-11 00:00:00+00:00, run_after=2024-02-12 00:00:00+00:00
[2024-02-12T19:07:27.971+0000] {processor.py:183} INFO - Processing /home/airflow/.local/lib/python3.8/site-packages/airflow/example_dags/example_branch_operator.py took 0.110 seconds
[2024-02-12T19:07:58.294+0000] {processor.py:161} INFO - Started process (PID=4114) to work on /home/airflow/.local/lib/python3.8/site-packages/airflow/example_dags/example_branch_operator.py
[2024-02-12T19:07:58.295+0000] {processor.py:830} INFO - Processing file /home/airflow/.local/lib/python3.8/site-packages/airflow/example_dags/example_branch_operator.py for tasks to queue
[2024-02-12T19:07:58.296+0000] {logging_mixin.py:188} INFO - [2024-02-12T19:07:58.296+0000] {dagbag.py:538} INFO - Filling up the DagBag from /home/airflow/.local/lib/python3.8/site-packages/airflow/example_dags/example_branch_operator.py
[2024-02-12T19:07:58.318+0000] {processor.py:840} INFO - DAG(s) 'example_branch_operator' retrieved from /home/airflow/.local/lib/python3.8/site-packages/airflow/example_dags/example_branch_operator.py
[2024-02-12T19:07:58.353+0000] {logging_mixin.py:188} INFO - [2024-02-12T19:07:58.353+0000] {dag.py:3036} INFO - Sync 1 DAGs
[2024-02-12T19:07:58.380+0000] {logging_mixin.py:188} INFO - [2024-02-12T19:07:58.380+0000] {dag.py:3823} INFO - Setting next_dagrun for example_branch_operator to 2024-02-11 00:00:00+00:00, run_after=2024-02-12 00:00:00+00:00
[2024-02-12T19:07:58.404+0000] {processor.py:183} INFO - Processing /home/airflow/.local/lib/python3.8/site-packages/airflow/example_dags/example_branch_operator.py took 0.114 seconds
[2024-02-12T19:08:29.189+0000] {processor.py:161} INFO - Started process (PID=4362) to work on /home/airflow/.local/lib/python3.8/site-packages/airflow/example_dags/example_branch_operator.py
[2024-02-12T19:08:29.190+0000] {processor.py:830} INFO - Processing file /home/airflow/.local/lib/python3.8/site-packages/airflow/example_dags/example_branch_operator.py for tasks to queue
[2024-02-12T19:08:29.191+0000] {logging_mixin.py:188} INFO - [2024-02-12T19:08:29.190+0000] {dagbag.py:538} INFO - Filling up the DagBag from /home/airflow/.local/lib/python3.8/site-packages/airflow/example_dags/example_branch_operator.py
[2024-02-12T19:08:29.255+0000] {processor.py:840} INFO - DAG(s) 'example_branch_operator' retrieved from /home/airflow/.local/lib/python3.8/site-packages/airflow/example_dags/example_branch_operator.py
[2024-02-12T19:08:29.333+0000] {logging_mixin.py:188} INFO - [2024-02-12T19:08:29.333+0000] {dag.py:3036} INFO - Sync 1 DAGs
[2024-02-12T19:08:29.376+0000] {logging_mixin.py:188} INFO - [2024-02-12T19:08:29.376+0000] {dag.py:3823} INFO - Setting next_dagrun for example_branch_operator to 2024-02-11 00:00:00+00:00, run_after=2024-02-12 00:00:00+00:00
[2024-02-12T19:08:29.425+0000] {processor.py:183} INFO - Processing /home/airflow/.local/lib/python3.8/site-packages/airflow/example_dags/example_branch_operator.py took 0.248 seconds
[2024-02-12T19:09:00.255+0000] {processor.py:161} INFO - Started process (PID=4610) to work on /home/airflow/.local/lib/python3.8/site-packages/airflow/example_dags/example_branch_operator.py
[2024-02-12T19:09:00.256+0000] {processor.py:830} INFO - Processing file /home/airflow/.local/lib/python3.8/site-packages/airflow/example_dags/example_branch_operator.py for tasks to queue
[2024-02-12T19:09:00.257+0000] {logging_mixin.py:188} INFO - [2024-02-12T19:09:00.257+0000] {dagbag.py:538} INFO - Filling up the DagBag from /home/airflow/.local/lib/python3.8/site-packages/airflow/example_dags/example_branch_operator.py
[2024-02-12T19:09:00.278+0000] {processor.py:840} INFO - DAG(s) 'example_branch_operator' retrieved from /home/airflow/.local/lib/python3.8/site-packages/airflow/example_dags/example_branch_operator.py
[2024-02-12T19:09:00.313+0000] {logging_mixin.py:188} INFO - [2024-02-12T19:09:00.313+0000] {dag.py:3036} INFO - Sync 1 DAGs
[2024-02-12T19:09:00.342+0000] {logging_mixin.py:188} INFO - [2024-02-12T19:09:00.342+0000] {dag.py:3823} INFO - Setting next_dagrun for example_branch_operator to 2024-02-11 00:00:00+00:00, run_after=2024-02-12 00:00:00+00:00
[2024-02-12T19:09:00.365+0000] {processor.py:183} INFO - Processing /home/airflow/.local/lib/python3.8/site-packages/airflow/example_dags/example_branch_operator.py took 0.113 seconds
[2024-02-12T19:09:30.519+0000] {processor.py:161} INFO - Started process (PID=4859) to work on /home/airflow/.local/lib/python3.8/site-packages/airflow/example_dags/example_branch_operator.py
[2024-02-12T19:09:30.520+0000] {processor.py:830} INFO - Processing file /home/airflow/.local/lib/python3.8/site-packages/airflow/example_dags/example_branch_operator.py for tasks to queue
[2024-02-12T19:09:30.521+0000] {logging_mixin.py:188} INFO - [2024-02-12T19:09:30.520+0000] {dagbag.py:538} INFO - Filling up the DagBag from /home/airflow/.local/lib/python3.8/site-packages/airflow/example_dags/example_branch_operator.py
[2024-02-12T19:09:30.544+0000] {processor.py:840} INFO - DAG(s) 'example_branch_operator' retrieved from /home/airflow/.local/lib/python3.8/site-packages/airflow/example_dags/example_branch_operator.py
[2024-02-12T19:09:30.585+0000] {logging_mixin.py:188} INFO - [2024-02-12T19:09:30.584+0000] {dag.py:3036} INFO - Sync 1 DAGs
[2024-02-12T19:09:30.613+0000] {logging_mixin.py:188} INFO - [2024-02-12T19:09:30.613+0000] {dag.py:3823} INFO - Setting next_dagrun for example_branch_operator to 2024-02-11 00:00:00+00:00, run_after=2024-02-12 00:00:00+00:00
[2024-02-12T19:09:30.638+0000] {processor.py:183} INFO - Processing /home/airflow/.local/lib/python3.8/site-packages/airflow/example_dags/example_branch_operator.py took 0.122 seconds
[2024-02-12T19:10:00.749+0000] {processor.py:161} INFO - Started process (PID=5106) to work on /home/airflow/.local/lib/python3.8/site-packages/airflow/example_dags/example_branch_operator.py
[2024-02-12T19:10:00.751+0000] {processor.py:830} INFO - Processing file /home/airflow/.local/lib/python3.8/site-packages/airflow/example_dags/example_branch_operator.py for tasks to queue
[2024-02-12T19:10:00.752+0000] {logging_mixin.py:188} INFO - [2024-02-12T19:10:00.751+0000] {dagbag.py:538} INFO - Filling up the DagBag from /home/airflow/.local/lib/python3.8/site-packages/airflow/example_dags/example_branch_operator.py
[2024-02-12T19:10:00.784+0000] {processor.py:840} INFO - DAG(s) 'example_branch_operator' retrieved from /home/airflow/.local/lib/python3.8/site-packages/airflow/example_dags/example_branch_operator.py
[2024-02-12T19:10:00.817+0000] {logging_mixin.py:188} INFO - [2024-02-12T19:10:00.817+0000] {dag.py:3036} INFO - Sync 1 DAGs
[2024-02-12T19:10:00.841+0000] {logging_mixin.py:188} INFO - [2024-02-12T19:10:00.841+0000] {dag.py:3823} INFO - Setting next_dagrun for example_branch_operator to 2024-02-11 00:00:00+00:00, run_after=2024-02-12 00:00:00+00:00
[2024-02-12T19:10:00.865+0000] {processor.py:183} INFO - Processing /home/airflow/.local/lib/python3.8/site-packages/airflow/example_dags/example_branch_operator.py took 0.120 seconds
[2024-02-12T19:10:31.125+0000] {processor.py:161} INFO - Started process (PID=5353) to work on /home/airflow/.local/lib/python3.8/site-packages/airflow/example_dags/example_branch_operator.py
[2024-02-12T19:10:31.126+0000] {processor.py:830} INFO - Processing file /home/airflow/.local/lib/python3.8/site-packages/airflow/example_dags/example_branch_operator.py for tasks to queue
[2024-02-12T19:10:31.127+0000] {logging_mixin.py:188} INFO - [2024-02-12T19:10:31.127+0000] {dagbag.py:538} INFO - Filling up the DagBag from /home/airflow/.local/lib/python3.8/site-packages/airflow/example_dags/example_branch_operator.py
[2024-02-12T19:10:31.149+0000] {processor.py:840} INFO - DAG(s) 'example_branch_operator' retrieved from /home/airflow/.local/lib/python3.8/site-packages/airflow/example_dags/example_branch_operator.py
[2024-02-12T19:10:31.185+0000] {logging_mixin.py:188} INFO - [2024-02-12T19:10:31.185+0000] {dag.py:3036} INFO - Sync 1 DAGs
[2024-02-12T19:10:31.214+0000] {logging_mixin.py:188} INFO - [2024-02-12T19:10:31.214+0000] {dag.py:3823} INFO - Setting next_dagrun for example_branch_operator to 2024-02-11 00:00:00+00:00, run_after=2024-02-12 00:00:00+00:00
[2024-02-12T19:10:31.240+0000] {processor.py:183} INFO - Processing /home/airflow/.local/lib/python3.8/site-packages/airflow/example_dags/example_branch_operator.py took 0.119 seconds
[2024-02-12T19:11:01.960+0000] {processor.py:161} INFO - Started process (PID=5601) to work on /home/airflow/.local/lib/python3.8/site-packages/airflow/example_dags/example_branch_operator.py
[2024-02-12T19:11:01.971+0000] {processor.py:830} INFO - Processing file /home/airflow/.local/lib/python3.8/site-packages/airflow/example_dags/example_branch_operator.py for tasks to queue
[2024-02-12T19:11:01.972+0000] {logging_mixin.py:188} INFO - [2024-02-12T19:11:01.971+0000] {dagbag.py:538} INFO - Filling up the DagBag from /home/airflow/.local/lib/python3.8/site-packages/airflow/example_dags/example_branch_operator.py
[2024-02-12T19:11:02.010+0000] {processor.py:840} INFO - DAG(s) 'example_branch_operator' retrieved from /home/airflow/.local/lib/python3.8/site-packages/airflow/example_dags/example_branch_operator.py
[2024-02-12T19:11:02.055+0000] {logging_mixin.py:188} INFO - [2024-02-12T19:11:02.054+0000] {dag.py:3036} INFO - Sync 1 DAGs
[2024-02-12T19:11:02.080+0000] {logging_mixin.py:188} INFO - [2024-02-12T19:11:02.080+0000] {dag.py:3823} INFO - Setting next_dagrun for example_branch_operator to 2024-02-11 00:00:00+00:00, run_after=2024-02-12 00:00:00+00:00
[2024-02-12T19:11:02.104+0000] {processor.py:183} INFO - Processing /home/airflow/.local/lib/python3.8/site-packages/airflow/example_dags/example_branch_operator.py took 0.157 seconds
[2024-02-12T19:11:32.448+0000] {processor.py:161} INFO - Started process (PID=5848) to work on /home/airflow/.local/lib/python3.8/site-packages/airflow/example_dags/example_branch_operator.py
[2024-02-12T19:11:32.449+0000] {processor.py:830} INFO - Processing file /home/airflow/.local/lib/python3.8/site-packages/airflow/example_dags/example_branch_operator.py for tasks to queue
[2024-02-12T19:11:32.451+0000] {logging_mixin.py:188} INFO - [2024-02-12T19:11:32.450+0000] {dagbag.py:538} INFO - Filling up the DagBag from /home/airflow/.local/lib/python3.8/site-packages/airflow/example_dags/example_branch_operator.py
[2024-02-12T19:11:32.473+0000] {processor.py:840} INFO - DAG(s) 'example_branch_operator' retrieved from /home/airflow/.local/lib/python3.8/site-packages/airflow/example_dags/example_branch_operator.py
[2024-02-12T19:11:32.507+0000] {logging_mixin.py:188} INFO - [2024-02-12T19:11:32.507+0000] {dag.py:3036} INFO - Sync 1 DAGs
[2024-02-12T19:11:32.535+0000] {logging_mixin.py:188} INFO - [2024-02-12T19:11:32.535+0000] {dag.py:3823} INFO - Setting next_dagrun for example_branch_operator to 2024-02-11 00:00:00+00:00, run_after=2024-02-12 00:00:00+00:00
[2024-02-12T19:11:32.557+0000] {processor.py:183} INFO - Processing /home/airflow/.local/lib/python3.8/site-packages/airflow/example_dags/example_branch_operator.py took 0.112 seconds
[2024-02-12T19:12:02.922+0000] {processor.py:161} INFO - Started process (PID=6095) to work on /home/airflow/.local/lib/python3.8/site-packages/airflow/example_dags/example_branch_operator.py
[2024-02-12T19:12:02.923+0000] {processor.py:830} INFO - Processing file /home/airflow/.local/lib/python3.8/site-packages/airflow/example_dags/example_branch_operator.py for tasks to queue
[2024-02-12T19:12:02.924+0000] {logging_mixin.py:188} INFO - [2024-02-12T19:12:02.923+0000] {dagbag.py:538} INFO - Filling up the DagBag from /home/airflow/.local/lib/python3.8/site-packages/airflow/example_dags/example_branch_operator.py
[2024-02-12T19:12:02.945+0000] {processor.py:840} INFO - DAG(s) 'example_branch_operator' retrieved from /home/airflow/.local/lib/python3.8/site-packages/airflow/example_dags/example_branch_operator.py
[2024-02-12T19:12:02.979+0000] {logging_mixin.py:188} INFO - [2024-02-12T19:12:02.979+0000] {dag.py:3036} INFO - Sync 1 DAGs
[2024-02-12T19:12:03.007+0000] {logging_mixin.py:188} INFO - [2024-02-12T19:12:03.007+0000] {dag.py:3823} INFO - Setting next_dagrun for example_branch_operator to 2024-02-11 00:00:00+00:00, run_after=2024-02-12 00:00:00+00:00
[2024-02-12T19:12:03.032+0000] {processor.py:183} INFO - Processing /home/airflow/.local/lib/python3.8/site-packages/airflow/example_dags/example_branch_operator.py took 0.113 seconds
[2024-02-12T19:12:33.829+0000] {processor.py:161} INFO - Started process (PID=6342) to work on /home/airflow/.local/lib/python3.8/site-packages/airflow/example_dags/example_branch_operator.py
[2024-02-12T19:12:33.830+0000] {processor.py:830} INFO - Processing file /home/airflow/.local/lib/python3.8/site-packages/airflow/example_dags/example_branch_operator.py for tasks to queue
[2024-02-12T19:12:33.831+0000] {logging_mixin.py:188} INFO - [2024-02-12T19:12:33.830+0000] {dagbag.py:538} INFO - Filling up the DagBag from /home/airflow/.local/lib/python3.8/site-packages/airflow/example_dags/example_branch_operator.py
[2024-02-12T19:12:33.853+0000] {processor.py:840} INFO - DAG(s) 'example_branch_operator' retrieved from /home/airflow/.local/lib/python3.8/site-packages/airflow/example_dags/example_branch_operator.py
[2024-02-12T19:12:33.887+0000] {logging_mixin.py:188} INFO - [2024-02-12T19:12:33.887+0000] {dag.py:3036} INFO - Sync 1 DAGs
[2024-02-12T19:12:33.914+0000] {logging_mixin.py:188} INFO - [2024-02-12T19:12:33.914+0000] {dag.py:3823} INFO - Setting next_dagrun for example_branch_operator to 2024-02-11 00:00:00+00:00, run_after=2024-02-12 00:00:00+00:00
[2024-02-12T19:12:33.937+0000] {processor.py:183} INFO - Processing /home/airflow/.local/lib/python3.8/site-packages/airflow/example_dags/example_branch_operator.py took 0.114 seconds
[2024-02-12T19:13:04.345+0000] {processor.py:161} INFO - Started process (PID=6591) to work on /home/airflow/.local/lib/python3.8/site-packages/airflow/example_dags/example_branch_operator.py
[2024-02-12T19:13:04.346+0000] {processor.py:830} INFO - Processing file /home/airflow/.local/lib/python3.8/site-packages/airflow/example_dags/example_branch_operator.py for tasks to queue
[2024-02-12T19:13:04.347+0000] {logging_mixin.py:188} INFO - [2024-02-12T19:13:04.347+0000] {dagbag.py:538} INFO - Filling up the DagBag from /home/airflow/.local/lib/python3.8/site-packages/airflow/example_dags/example_branch_operator.py
[2024-02-12T19:13:04.369+0000] {processor.py:840} INFO - DAG(s) 'example_branch_operator' retrieved from /home/airflow/.local/lib/python3.8/site-packages/airflow/example_dags/example_branch_operator.py
[2024-02-12T19:13:04.412+0000] {logging_mixin.py:188} INFO - [2024-02-12T19:13:04.412+0000] {dag.py:3036} INFO - Sync 1 DAGs
[2024-02-12T19:13:04.437+0000] {logging_mixin.py:188} INFO - [2024-02-12T19:13:04.436+0000] {dag.py:3823} INFO - Setting next_dagrun for example_branch_operator to 2024-02-11 00:00:00+00:00, run_after=2024-02-12 00:00:00+00:00
[2024-02-12T19:13:04.461+0000] {processor.py:183} INFO - Processing /home/airflow/.local/lib/python3.8/site-packages/airflow/example_dags/example_branch_operator.py took 0.120 seconds
[2024-02-12T19:13:34.682+0000] {processor.py:161} INFO - Started process (PID=6839) to work on /home/airflow/.local/lib/python3.8/site-packages/airflow/example_dags/example_branch_operator.py
[2024-02-12T19:13:34.683+0000] {processor.py:830} INFO - Processing file /home/airflow/.local/lib/python3.8/site-packages/airflow/example_dags/example_branch_operator.py for tasks to queue
[2024-02-12T19:13:34.683+0000] {logging_mixin.py:188} INFO - [2024-02-12T19:13:34.683+0000] {dagbag.py:538} INFO - Filling up the DagBag from /home/airflow/.local/lib/python3.8/site-packages/airflow/example_dags/example_branch_operator.py
[2024-02-12T19:13:34.705+0000] {processor.py:840} INFO - DAG(s) 'example_branch_operator' retrieved from /home/airflow/.local/lib/python3.8/site-packages/airflow/example_dags/example_branch_operator.py
[2024-02-12T19:13:34.738+0000] {logging_mixin.py:188} INFO - [2024-02-12T19:13:34.738+0000] {dag.py:3036} INFO - Sync 1 DAGs
[2024-02-12T19:13:34.764+0000] {logging_mixin.py:188} INFO - [2024-02-12T19:13:34.764+0000] {dag.py:3823} INFO - Setting next_dagrun for example_branch_operator to 2024-02-11 00:00:00+00:00, run_after=2024-02-12 00:00:00+00:00
[2024-02-12T19:13:34.788+0000] {processor.py:183} INFO - Processing /home/airflow/.local/lib/python3.8/site-packages/airflow/example_dags/example_branch_operator.py took 0.110 seconds
[2024-02-12T19:14:04.971+0000] {processor.py:161} INFO - Started process (PID=7086) to work on /home/airflow/.local/lib/python3.8/site-packages/airflow/example_dags/example_branch_operator.py
[2024-02-12T19:14:04.973+0000] {processor.py:830} INFO - Processing file /home/airflow/.local/lib/python3.8/site-packages/airflow/example_dags/example_branch_operator.py for tasks to queue
[2024-02-12T19:14:04.974+0000] {logging_mixin.py:188} INFO - [2024-02-12T19:14:04.974+0000] {dagbag.py:538} INFO - Filling up the DagBag from /home/airflow/.local/lib/python3.8/site-packages/airflow/example_dags/example_branch_operator.py
[2024-02-12T19:14:04.997+0000] {processor.py:840} INFO - DAG(s) 'example_branch_operator' retrieved from /home/airflow/.local/lib/python3.8/site-packages/airflow/example_dags/example_branch_operator.py
[2024-02-12T19:14:05.034+0000] {logging_mixin.py:188} INFO - [2024-02-12T19:14:05.033+0000] {dag.py:3036} INFO - Sync 1 DAGs
[2024-02-12T19:14:05.062+0000] {logging_mixin.py:188} INFO - [2024-02-12T19:14:05.062+0000] {dag.py:3823} INFO - Setting next_dagrun for example_branch_operator to 2024-02-11 00:00:00+00:00, run_after=2024-02-12 00:00:00+00:00
[2024-02-12T19:14:05.100+0000] {processor.py:183} INFO - Processing /home/airflow/.local/lib/python3.8/site-packages/airflow/example_dags/example_branch_operator.py took 0.134 seconds
[2024-02-12T19:14:35.504+0000] {processor.py:161} INFO - Started process (PID=7333) to work on /home/airflow/.local/lib/python3.8/site-packages/airflow/example_dags/example_branch_operator.py
[2024-02-12T19:14:35.505+0000] {processor.py:830} INFO - Processing file /home/airflow/.local/lib/python3.8/site-packages/airflow/example_dags/example_branch_operator.py for tasks to queue
[2024-02-12T19:14:35.506+0000] {logging_mixin.py:188} INFO - [2024-02-12T19:14:35.506+0000] {dagbag.py:538} INFO - Filling up the DagBag from /home/airflow/.local/lib/python3.8/site-packages/airflow/example_dags/example_branch_operator.py
[2024-02-12T19:14:35.534+0000] {processor.py:840} INFO - DAG(s) 'example_branch_operator' retrieved from /home/airflow/.local/lib/python3.8/site-packages/airflow/example_dags/example_branch_operator.py
[2024-02-12T19:14:35.589+0000] {logging_mixin.py:188} INFO - [2024-02-12T19:14:35.588+0000] {dag.py:3036} INFO - Sync 1 DAGs
[2024-02-12T19:14:35.613+0000] {logging_mixin.py:188} INFO - [2024-02-12T19:14:35.612+0000] {dag.py:3823} INFO - Setting next_dagrun for example_branch_operator to 2024-02-11 00:00:00+00:00, run_after=2024-02-12 00:00:00+00:00
[2024-02-12T19:14:35.636+0000] {processor.py:183} INFO - Processing /home/airflow/.local/lib/python3.8/site-packages/airflow/example_dags/example_branch_operator.py took 0.136 seconds
[2024-02-12T19:15:06.257+0000] {processor.py:161} INFO - Started process (PID=7577) to work on /home/airflow/.local/lib/python3.8/site-packages/airflow/example_dags/example_branch_operator.py
[2024-02-12T19:15:06.259+0000] {processor.py:830} INFO - Processing file /home/airflow/.local/lib/python3.8/site-packages/airflow/example_dags/example_branch_operator.py for tasks to queue
[2024-02-12T19:15:06.260+0000] {logging_mixin.py:188} INFO - [2024-02-12T19:15:06.260+0000] {dagbag.py:538} INFO - Filling up the DagBag from /home/airflow/.local/lib/python3.8/site-packages/airflow/example_dags/example_branch_operator.py
[2024-02-12T19:15:06.286+0000] {processor.py:840} INFO - DAG(s) 'example_branch_operator' retrieved from /home/airflow/.local/lib/python3.8/site-packages/airflow/example_dags/example_branch_operator.py
[2024-02-12T19:15:06.320+0000] {logging_mixin.py:188} INFO - [2024-02-12T19:15:06.320+0000] {dag.py:3036} INFO - Sync 1 DAGs
[2024-02-12T19:15:06.346+0000] {logging_mixin.py:188} INFO - [2024-02-12T19:15:06.346+0000] {dag.py:3823} INFO - Setting next_dagrun for example_branch_operator to 2024-02-11 00:00:00+00:00, run_after=2024-02-12 00:00:00+00:00
[2024-02-12T19:15:06.375+0000] {processor.py:183} INFO - Processing /home/airflow/.local/lib/python3.8/site-packages/airflow/example_dags/example_branch_operator.py took 0.121 seconds
[2024-02-12T19:15:36.653+0000] {processor.py:161} INFO - Started process (PID=7826) to work on /home/airflow/.local/lib/python3.8/site-packages/airflow/example_dags/example_branch_operator.py
[2024-02-12T19:15:36.655+0000] {processor.py:830} INFO - Processing file /home/airflow/.local/lib/python3.8/site-packages/airflow/example_dags/example_branch_operator.py for tasks to queue
[2024-02-12T19:15:36.656+0000] {logging_mixin.py:188} INFO - [2024-02-12T19:15:36.655+0000] {dagbag.py:538} INFO - Filling up the DagBag from /home/airflow/.local/lib/python3.8/site-packages/airflow/example_dags/example_branch_operator.py
[2024-02-12T19:15:36.678+0000] {processor.py:840} INFO - DAG(s) 'example_branch_operator' retrieved from /home/airflow/.local/lib/python3.8/site-packages/airflow/example_dags/example_branch_operator.py
[2024-02-12T19:15:36.711+0000] {logging_mixin.py:188} INFO - [2024-02-12T19:15:36.711+0000] {dag.py:3036} INFO - Sync 1 DAGs
[2024-02-12T19:15:36.741+0000] {logging_mixin.py:188} INFO - [2024-02-12T19:15:36.741+0000] {dag.py:3823} INFO - Setting next_dagrun for example_branch_operator to 2024-02-11 00:00:00+00:00, run_after=2024-02-12 00:00:00+00:00
[2024-02-12T19:15:36.764+0000] {processor.py:183} INFO - Processing /home/airflow/.local/lib/python3.8/site-packages/airflow/example_dags/example_branch_operator.py took 0.114 seconds
[2024-02-12T19:16:07.068+0000] {processor.py:161} INFO - Started process (PID=8073) to work on /home/airflow/.local/lib/python3.8/site-packages/airflow/example_dags/example_branch_operator.py
[2024-02-12T19:16:07.069+0000] {processor.py:830} INFO - Processing file /home/airflow/.local/lib/python3.8/site-packages/airflow/example_dags/example_branch_operator.py for tasks to queue
[2024-02-12T19:16:07.070+0000] {logging_mixin.py:188} INFO - [2024-02-12T19:16:07.070+0000] {dagbag.py:538} INFO - Filling up the DagBag from /home/airflow/.local/lib/python3.8/site-packages/airflow/example_dags/example_branch_operator.py
[2024-02-12T19:16:07.106+0000] {processor.py:840} INFO - DAG(s) 'example_branch_operator' retrieved from /home/airflow/.local/lib/python3.8/site-packages/airflow/example_dags/example_branch_operator.py
[2024-02-12T19:16:07.175+0000] {logging_mixin.py:188} INFO - [2024-02-12T19:16:07.175+0000] {dag.py:3036} INFO - Sync 1 DAGs
[2024-02-12T19:16:07.230+0000] {logging_mixin.py:188} INFO - [2024-02-12T19:16:07.230+0000] {dag.py:3823} INFO - Setting next_dagrun for example_branch_operator to 2024-02-11 00:00:00+00:00, run_after=2024-02-12 00:00:00+00:00
[2024-02-12T19:16:07.281+0000] {processor.py:183} INFO - Processing /home/airflow/.local/lib/python3.8/site-packages/airflow/example_dags/example_branch_operator.py took 0.217 seconds
[2024-02-12T19:16:37.468+0000] {processor.py:161} INFO - Started process (PID=8322) to work on /home/airflow/.local/lib/python3.8/site-packages/airflow/example_dags/example_branch_operator.py
[2024-02-12T19:16:37.469+0000] {processor.py:830} INFO - Processing file /home/airflow/.local/lib/python3.8/site-packages/airflow/example_dags/example_branch_operator.py for tasks to queue
[2024-02-12T19:16:37.470+0000] {logging_mixin.py:188} INFO - [2024-02-12T19:16:37.470+0000] {dagbag.py:538} INFO - Filling up the DagBag from /home/airflow/.local/lib/python3.8/site-packages/airflow/example_dags/example_branch_operator.py
[2024-02-12T19:16:37.493+0000] {processor.py:840} INFO - DAG(s) 'example_branch_operator' retrieved from /home/airflow/.local/lib/python3.8/site-packages/airflow/example_dags/example_branch_operator.py
[2024-02-12T19:16:37.551+0000] {logging_mixin.py:188} INFO - [2024-02-12T19:16:37.550+0000] {dag.py:3036} INFO - Sync 1 DAGs
[2024-02-12T19:16:37.573+0000] {logging_mixin.py:188} INFO - [2024-02-12T19:16:37.573+0000] {dag.py:3823} INFO - Setting next_dagrun for example_branch_operator to 2024-02-11 00:00:00+00:00, run_after=2024-02-12 00:00:00+00:00
[2024-02-12T19:16:37.598+0000] {processor.py:183} INFO - Processing /home/airflow/.local/lib/python3.8/site-packages/airflow/example_dags/example_branch_operator.py took 0.134 seconds
[2024-02-12T19:17:07.932+0000] {processor.py:161} INFO - Started process (PID=8569) to work on /home/airflow/.local/lib/python3.8/site-packages/airflow/example_dags/example_branch_operator.py
[2024-02-12T19:17:07.933+0000] {processor.py:830} INFO - Processing file /home/airflow/.local/lib/python3.8/site-packages/airflow/example_dags/example_branch_operator.py for tasks to queue
[2024-02-12T19:17:07.934+0000] {logging_mixin.py:188} INFO - [2024-02-12T19:17:07.933+0000] {dagbag.py:538} INFO - Filling up the DagBag from /home/airflow/.local/lib/python3.8/site-packages/airflow/example_dags/example_branch_operator.py
[2024-02-12T19:17:07.955+0000] {processor.py:840} INFO - DAG(s) 'example_branch_operator' retrieved from /home/airflow/.local/lib/python3.8/site-packages/airflow/example_dags/example_branch_operator.py
[2024-02-12T19:17:07.988+0000] {logging_mixin.py:188} INFO - [2024-02-12T19:17:07.988+0000] {dag.py:3036} INFO - Sync 1 DAGs
[2024-02-12T19:17:08.014+0000] {logging_mixin.py:188} INFO - [2024-02-12T19:17:08.014+0000] {dag.py:3823} INFO - Setting next_dagrun for example_branch_operator to 2024-02-11 00:00:00+00:00, run_after=2024-02-12 00:00:00+00:00
[2024-02-12T19:17:08.036+0000] {processor.py:183} INFO - Processing /home/airflow/.local/lib/python3.8/site-packages/airflow/example_dags/example_branch_operator.py took 0.107 seconds
[2024-02-12T19:17:38.375+0000] {processor.py:161} INFO - Started process (PID=8816) to work on /home/airflow/.local/lib/python3.8/site-packages/airflow/example_dags/example_branch_operator.py
[2024-02-12T19:17:38.375+0000] {processor.py:830} INFO - Processing file /home/airflow/.local/lib/python3.8/site-packages/airflow/example_dags/example_branch_operator.py for tasks to queue
[2024-02-12T19:17:38.376+0000] {logging_mixin.py:188} INFO - [2024-02-12T19:17:38.376+0000] {dagbag.py:538} INFO - Filling up the DagBag from /home/airflow/.local/lib/python3.8/site-packages/airflow/example_dags/example_branch_operator.py
[2024-02-12T19:17:38.398+0000] {processor.py:840} INFO - DAG(s) 'example_branch_operator' retrieved from /home/airflow/.local/lib/python3.8/site-packages/airflow/example_dags/example_branch_operator.py
[2024-02-12T19:17:38.454+0000] {logging_mixin.py:188} INFO - [2024-02-12T19:17:38.454+0000] {dag.py:3036} INFO - Sync 1 DAGs
[2024-02-12T19:17:38.481+0000] {logging_mixin.py:188} INFO - [2024-02-12T19:17:38.481+0000] {dag.py:3823} INFO - Setting next_dagrun for example_branch_operator to 2024-02-11 00:00:00+00:00, run_after=2024-02-12 00:00:00+00:00
[2024-02-12T19:17:38.505+0000] {processor.py:183} INFO - Processing /home/airflow/.local/lib/python3.8/site-packages/airflow/example_dags/example_branch_operator.py took 0.134 seconds
[2024-02-12T19:18:08.663+0000] {processor.py:161} INFO - Started process (PID=9063) to work on /home/airflow/.local/lib/python3.8/site-packages/airflow/example_dags/example_branch_operator.py
[2024-02-12T19:18:08.664+0000] {processor.py:830} INFO - Processing file /home/airflow/.local/lib/python3.8/site-packages/airflow/example_dags/example_branch_operator.py for tasks to queue
[2024-02-12T19:18:08.665+0000] {logging_mixin.py:188} INFO - [2024-02-12T19:18:08.664+0000] {dagbag.py:538} INFO - Filling up the DagBag from /home/airflow/.local/lib/python3.8/site-packages/airflow/example_dags/example_branch_operator.py
[2024-02-12T19:18:08.685+0000] {processor.py:840} INFO - DAG(s) 'example_branch_operator' retrieved from /home/airflow/.local/lib/python3.8/site-packages/airflow/example_dags/example_branch_operator.py
[2024-02-12T19:18:08.720+0000] {logging_mixin.py:188} INFO - [2024-02-12T19:18:08.719+0000] {dag.py:3036} INFO - Sync 1 DAGs
[2024-02-12T19:18:08.747+0000] {logging_mixin.py:188} INFO - [2024-02-12T19:18:08.747+0000] {dag.py:3823} INFO - Setting next_dagrun for example_branch_operator to 2024-02-11 00:00:00+00:00, run_after=2024-02-12 00:00:00+00:00
[2024-02-12T19:18:08.771+0000] {processor.py:183} INFO - Processing /home/airflow/.local/lib/python3.8/site-packages/airflow/example_dags/example_branch_operator.py took 0.111 seconds
[2024-02-12T19:18:39.287+0000] {processor.py:161} INFO - Started process (PID=9310) to work on /home/airflow/.local/lib/python3.8/site-packages/airflow/example_dags/example_branch_operator.py
[2024-02-12T19:18:39.288+0000] {processor.py:830} INFO - Processing file /home/airflow/.local/lib/python3.8/site-packages/airflow/example_dags/example_branch_operator.py for tasks to queue
[2024-02-12T19:18:39.289+0000] {logging_mixin.py:188} INFO - [2024-02-12T19:18:39.288+0000] {dagbag.py:538} INFO - Filling up the DagBag from /home/airflow/.local/lib/python3.8/site-packages/airflow/example_dags/example_branch_operator.py
[2024-02-12T19:18:39.310+0000] {processor.py:840} INFO - DAG(s) 'example_branch_operator' retrieved from /home/airflow/.local/lib/python3.8/site-packages/airflow/example_dags/example_branch_operator.py
[2024-02-12T19:18:39.343+0000] {logging_mixin.py:188} INFO - [2024-02-12T19:18:39.343+0000] {dag.py:3036} INFO - Sync 1 DAGs
[2024-02-12T19:18:39.368+0000] {logging_mixin.py:188} INFO - [2024-02-12T19:18:39.368+0000] {dag.py:3823} INFO - Setting next_dagrun for example_branch_operator to 2024-02-11 00:00:00+00:00, run_after=2024-02-12 00:00:00+00:00
[2024-02-12T19:18:39.392+0000] {processor.py:183} INFO - Processing /home/airflow/.local/lib/python3.8/site-packages/airflow/example_dags/example_branch_operator.py took 0.108 seconds
[2024-02-12T19:19:09.549+0000] {processor.py:161} INFO - Started process (PID=9558) to work on /home/airflow/.local/lib/python3.8/site-packages/airflow/example_dags/example_branch_operator.py
[2024-02-12T19:19:09.550+0000] {processor.py:830} INFO - Processing file /home/airflow/.local/lib/python3.8/site-packages/airflow/example_dags/example_branch_operator.py for tasks to queue
[2024-02-12T19:19:09.551+0000] {logging_mixin.py:188} INFO - [2024-02-12T19:19:09.550+0000] {dagbag.py:538} INFO - Filling up the DagBag from /home/airflow/.local/lib/python3.8/site-packages/airflow/example_dags/example_branch_operator.py
[2024-02-12T19:19:09.589+0000] {processor.py:840} INFO - DAG(s) 'example_branch_operator' retrieved from /home/airflow/.local/lib/python3.8/site-packages/airflow/example_dags/example_branch_operator.py
[2024-02-12T19:19:09.628+0000] {logging_mixin.py:188} INFO - [2024-02-12T19:19:09.628+0000] {dag.py:3036} INFO - Sync 1 DAGs
[2024-02-12T19:19:09.656+0000] {logging_mixin.py:188} INFO - [2024-02-12T19:19:09.655+0000] {dag.py:3823} INFO - Setting next_dagrun for example_branch_operator to 2024-02-11 00:00:00+00:00, run_after=2024-02-12 00:00:00+00:00
[2024-02-12T19:19:09.685+0000] {processor.py:183} INFO - Processing /home/airflow/.local/lib/python3.8/site-packages/airflow/example_dags/example_branch_operator.py took 0.141 seconds
[2024-02-12T19:19:39.847+0000] {processor.py:161} INFO - Started process (PID=9805) to work on /home/airflow/.local/lib/python3.8/site-packages/airflow/example_dags/example_branch_operator.py
[2024-02-12T19:19:39.848+0000] {processor.py:830} INFO - Processing file /home/airflow/.local/lib/python3.8/site-packages/airflow/example_dags/example_branch_operator.py for tasks to queue
[2024-02-12T19:19:39.849+0000] {logging_mixin.py:188} INFO - [2024-02-12T19:19:39.848+0000] {dagbag.py:538} INFO - Filling up the DagBag from /home/airflow/.local/lib/python3.8/site-packages/airflow/example_dags/example_branch_operator.py
[2024-02-12T19:19:39.869+0000] {processor.py:840} INFO - DAG(s) 'example_branch_operator' retrieved from /home/airflow/.local/lib/python3.8/site-packages/airflow/example_dags/example_branch_operator.py
[2024-02-12T19:19:39.903+0000] {logging_mixin.py:188} INFO - [2024-02-12T19:19:39.903+0000] {dag.py:3036} INFO - Sync 1 DAGs
[2024-02-12T19:19:39.949+0000] {logging_mixin.py:188} INFO - [2024-02-12T19:19:39.949+0000] {dag.py:3823} INFO - Setting next_dagrun for example_branch_operator to 2024-02-11 00:00:00+00:00, run_after=2024-02-12 00:00:00+00:00
[2024-02-12T19:19:39.974+0000] {processor.py:183} INFO - Processing /home/airflow/.local/lib/python3.8/site-packages/airflow/example_dags/example_branch_operator.py took 0.131 seconds
[2024-02-12T19:20:10.695+0000] {processor.py:161} INFO - Started process (PID=10052) to work on /home/airflow/.local/lib/python3.8/site-packages/airflow/example_dags/example_branch_operator.py
[2024-02-12T19:20:10.696+0000] {processor.py:830} INFO - Processing file /home/airflow/.local/lib/python3.8/site-packages/airflow/example_dags/example_branch_operator.py for tasks to queue
[2024-02-12T19:20:10.697+0000] {logging_mixin.py:188} INFO - [2024-02-12T19:20:10.697+0000] {dagbag.py:538} INFO - Filling up the DagBag from /home/airflow/.local/lib/python3.8/site-packages/airflow/example_dags/example_branch_operator.py
[2024-02-12T19:20:10.724+0000] {processor.py:840} INFO - DAG(s) 'example_branch_operator' retrieved from /home/airflow/.local/lib/python3.8/site-packages/airflow/example_dags/example_branch_operator.py
[2024-02-12T19:20:10.758+0000] {logging_mixin.py:188} INFO - [2024-02-12T19:20:10.758+0000] {dag.py:3036} INFO - Sync 1 DAGs
[2024-02-12T19:20:10.783+0000] {logging_mixin.py:188} INFO - [2024-02-12T19:20:10.783+0000] {dag.py:3823} INFO - Setting next_dagrun for example_branch_operator to 2024-02-11 00:00:00+00:00, run_after=2024-02-12 00:00:00+00:00
[2024-02-12T19:20:10.806+0000] {processor.py:183} INFO - Processing /home/airflow/.local/lib/python3.8/site-packages/airflow/example_dags/example_branch_operator.py took 0.114 seconds
[2024-02-12T19:20:40.944+0000] {processor.py:161} INFO - Started process (PID=10300) to work on /home/airflow/.local/lib/python3.8/site-packages/airflow/example_dags/example_branch_operator.py
[2024-02-12T19:20:40.945+0000] {processor.py:830} INFO - Processing file /home/airflow/.local/lib/python3.8/site-packages/airflow/example_dags/example_branch_operator.py for tasks to queue
[2024-02-12T19:20:40.946+0000] {logging_mixin.py:188} INFO - [2024-02-12T19:20:40.945+0000] {dagbag.py:538} INFO - Filling up the DagBag from /home/airflow/.local/lib/python3.8/site-packages/airflow/example_dags/example_branch_operator.py
[2024-02-12T19:20:40.966+0000] {processor.py:840} INFO - DAG(s) 'example_branch_operator' retrieved from /home/airflow/.local/lib/python3.8/site-packages/airflow/example_dags/example_branch_operator.py
[2024-02-12T19:20:41.007+0000] {logging_mixin.py:188} INFO - [2024-02-12T19:20:41.007+0000] {dag.py:3036} INFO - Sync 1 DAGs
[2024-02-12T19:20:41.033+0000] {logging_mixin.py:188} INFO - [2024-02-12T19:20:41.033+0000] {dag.py:3823} INFO - Setting next_dagrun for example_branch_operator to 2024-02-11 00:00:00+00:00, run_after=2024-02-12 00:00:00+00:00
[2024-02-12T19:20:41.056+0000] {processor.py:183} INFO - Processing /home/airflow/.local/lib/python3.8/site-packages/airflow/example_dags/example_branch_operator.py took 0.116 seconds
[2024-02-12T19:21:11.776+0000] {processor.py:161} INFO - Started process (PID=10548) to work on /home/airflow/.local/lib/python3.8/site-packages/airflow/example_dags/example_branch_operator.py
[2024-02-12T19:21:11.777+0000] {processor.py:830} INFO - Processing file /home/airflow/.local/lib/python3.8/site-packages/airflow/example_dags/example_branch_operator.py for tasks to queue
[2024-02-12T19:21:11.778+0000] {logging_mixin.py:188} INFO - [2024-02-12T19:21:11.778+0000] {dagbag.py:538} INFO - Filling up the DagBag from /home/airflow/.local/lib/python3.8/site-packages/airflow/example_dags/example_branch_operator.py
[2024-02-12T19:21:11.800+0000] {processor.py:840} INFO - DAG(s) 'example_branch_operator' retrieved from /home/airflow/.local/lib/python3.8/site-packages/airflow/example_dags/example_branch_operator.py
[2024-02-12T19:21:11.835+0000] {logging_mixin.py:188} INFO - [2024-02-12T19:21:11.834+0000] {dag.py:3036} INFO - Sync 1 DAGs
[2024-02-12T19:21:11.870+0000] {logging_mixin.py:188} INFO - [2024-02-12T19:21:11.869+0000] {dag.py:3823} INFO - Setting next_dagrun for example_branch_operator to 2024-02-11 00:00:00+00:00, run_after=2024-02-12 00:00:00+00:00
[2024-02-12T19:21:11.894+0000] {processor.py:183} INFO - Processing /home/airflow/.local/lib/python3.8/site-packages/airflow/example_dags/example_branch_operator.py took 0.122 seconds
[2024-02-12T19:21:42.092+0000] {processor.py:161} INFO - Started process (PID=10796) to work on /home/airflow/.local/lib/python3.8/site-packages/airflow/example_dags/example_branch_operator.py
[2024-02-12T19:21:42.093+0000] {processor.py:830} INFO - Processing file /home/airflow/.local/lib/python3.8/site-packages/airflow/example_dags/example_branch_operator.py for tasks to queue
[2024-02-12T19:21:42.094+0000] {logging_mixin.py:188} INFO - [2024-02-12T19:21:42.094+0000] {dagbag.py:538} INFO - Filling up the DagBag from /home/airflow/.local/lib/python3.8/site-packages/airflow/example_dags/example_branch_operator.py
[2024-02-12T19:21:42.115+0000] {processor.py:840} INFO - DAG(s) 'example_branch_operator' retrieved from /home/airflow/.local/lib/python3.8/site-packages/airflow/example_dags/example_branch_operator.py
[2024-02-12T19:21:42.153+0000] {logging_mixin.py:188} INFO - [2024-02-12T19:21:42.152+0000] {dag.py:3036} INFO - Sync 1 DAGs
[2024-02-12T19:21:42.178+0000] {logging_mixin.py:188} INFO - [2024-02-12T19:21:42.178+0000] {dag.py:3823} INFO - Setting next_dagrun for example_branch_operator to 2024-02-11 00:00:00+00:00, run_after=2024-02-12 00:00:00+00:00
[2024-02-12T19:21:42.202+0000] {processor.py:183} INFO - Processing /home/airflow/.local/lib/python3.8/site-packages/airflow/example_dags/example_branch_operator.py took 0.114 seconds
[2024-02-12T19:22:12.561+0000] {processor.py:161} INFO - Started process (PID=11043) to work on /home/airflow/.local/lib/python3.8/site-packages/airflow/example_dags/example_branch_operator.py
[2024-02-12T19:22:12.562+0000] {processor.py:830} INFO - Processing file /home/airflow/.local/lib/python3.8/site-packages/airflow/example_dags/example_branch_operator.py for tasks to queue
[2024-02-12T19:22:12.563+0000] {logging_mixin.py:188} INFO - [2024-02-12T19:22:12.563+0000] {dagbag.py:538} INFO - Filling up the DagBag from /home/airflow/.local/lib/python3.8/site-packages/airflow/example_dags/example_branch_operator.py
[2024-02-12T19:22:12.585+0000] {processor.py:840} INFO - DAG(s) 'example_branch_operator' retrieved from /home/airflow/.local/lib/python3.8/site-packages/airflow/example_dags/example_branch_operator.py
[2024-02-12T19:22:12.619+0000] {logging_mixin.py:188} INFO - [2024-02-12T19:22:12.619+0000] {dag.py:3036} INFO - Sync 1 DAGs
[2024-02-12T19:22:12.651+0000] {logging_mixin.py:188} INFO - [2024-02-12T19:22:12.651+0000] {dag.py:3823} INFO - Setting next_dagrun for example_branch_operator to 2024-02-11 00:00:00+00:00, run_after=2024-02-12 00:00:00+00:00
[2024-02-12T19:22:12.685+0000] {processor.py:183} INFO - Processing /home/airflow/.local/lib/python3.8/site-packages/airflow/example_dags/example_branch_operator.py took 0.127 seconds
[2024-02-12T19:22:43.613+0000] {processor.py:161} INFO - Started process (PID=11290) to work on /home/airflow/.local/lib/python3.8/site-packages/airflow/example_dags/example_branch_operator.py
[2024-02-12T19:22:43.614+0000] {processor.py:830} INFO - Processing file /home/airflow/.local/lib/python3.8/site-packages/airflow/example_dags/example_branch_operator.py for tasks to queue
[2024-02-12T19:22:43.615+0000] {logging_mixin.py:188} INFO - [2024-02-12T19:22:43.615+0000] {dagbag.py:538} INFO - Filling up the DagBag from /home/airflow/.local/lib/python3.8/site-packages/airflow/example_dags/example_branch_operator.py
[2024-02-12T19:22:43.637+0000] {processor.py:840} INFO - DAG(s) 'example_branch_operator' retrieved from /home/airflow/.local/lib/python3.8/site-packages/airflow/example_dags/example_branch_operator.py
[2024-02-12T19:22:43.671+0000] {logging_mixin.py:188} INFO - [2024-02-12T19:22:43.671+0000] {dag.py:3036} INFO - Sync 1 DAGs
[2024-02-12T19:22:43.698+0000] {logging_mixin.py:188} INFO - [2024-02-12T19:22:43.698+0000] {dag.py:3823} INFO - Setting next_dagrun for example_branch_operator to 2024-02-11 00:00:00+00:00, run_after=2024-02-12 00:00:00+00:00
[2024-02-12T19:22:43.724+0000] {processor.py:183} INFO - Processing /home/airflow/.local/lib/python3.8/site-packages/airflow/example_dags/example_branch_operator.py took 0.115 seconds
[2024-02-12T19:23:14.368+0000] {processor.py:161} INFO - Started process (PID=11537) to work on /home/airflow/.local/lib/python3.8/site-packages/airflow/example_dags/example_branch_operator.py
[2024-02-12T19:23:14.369+0000] {processor.py:830} INFO - Processing file /home/airflow/.local/lib/python3.8/site-packages/airflow/example_dags/example_branch_operator.py for tasks to queue
[2024-02-12T19:23:14.370+0000] {logging_mixin.py:188} INFO - [2024-02-12T19:23:14.369+0000] {dagbag.py:538} INFO - Filling up the DagBag from /home/airflow/.local/lib/python3.8/site-packages/airflow/example_dags/example_branch_operator.py
[2024-02-12T19:23:14.391+0000] {processor.py:840} INFO - DAG(s) 'example_branch_operator' retrieved from /home/airflow/.local/lib/python3.8/site-packages/airflow/example_dags/example_branch_operator.py
[2024-02-12T19:23:14.430+0000] {logging_mixin.py:188} INFO - [2024-02-12T19:23:14.429+0000] {dag.py:3036} INFO - Sync 1 DAGs
[2024-02-12T19:23:14.455+0000] {logging_mixin.py:188} INFO - [2024-02-12T19:23:14.455+0000] {dag.py:3823} INFO - Setting next_dagrun for example_branch_operator to 2024-02-11 00:00:00+00:00, run_after=2024-02-12 00:00:00+00:00
[2024-02-12T19:23:14.477+0000] {processor.py:183} INFO - Processing /home/airflow/.local/lib/python3.8/site-packages/airflow/example_dags/example_branch_operator.py took 0.113 seconds
[2024-02-12T19:23:45.453+0000] {processor.py:161} INFO - Started process (PID=11784) to work on /home/airflow/.local/lib/python3.8/site-packages/airflow/example_dags/example_branch_operator.py
[2024-02-12T19:23:45.454+0000] {processor.py:830} INFO - Processing file /home/airflow/.local/lib/python3.8/site-packages/airflow/example_dags/example_branch_operator.py for tasks to queue
[2024-02-12T19:23:45.455+0000] {logging_mixin.py:188} INFO - [2024-02-12T19:23:45.454+0000] {dagbag.py:538} INFO - Filling up the DagBag from /home/airflow/.local/lib/python3.8/site-packages/airflow/example_dags/example_branch_operator.py
[2024-02-12T19:23:45.545+0000] {processor.py:840} INFO - DAG(s) 'example_branch_operator' retrieved from /home/airflow/.local/lib/python3.8/site-packages/airflow/example_dags/example_branch_operator.py
[2024-02-12T19:23:45.610+0000] {logging_mixin.py:188} INFO - [2024-02-12T19:23:45.610+0000] {dag.py:3036} INFO - Sync 1 DAGs
[2024-02-12T19:23:45.662+0000] {logging_mixin.py:188} INFO - [2024-02-12T19:23:45.662+0000] {dag.py:3823} INFO - Setting next_dagrun for example_branch_operator to 2024-02-11 00:00:00+00:00, run_after=2024-02-12 00:00:00+00:00
[2024-02-12T19:23:45.708+0000] {processor.py:183} INFO - Processing /home/airflow/.local/lib/python3.8/site-packages/airflow/example_dags/example_branch_operator.py took 0.267 seconds
[2024-02-12T19:24:16.056+0000] {processor.py:161} INFO - Started process (PID=12031) to work on /home/airflow/.local/lib/python3.8/site-packages/airflow/example_dags/example_branch_operator.py
[2024-02-12T19:24:16.057+0000] {processor.py:830} INFO - Processing file /home/airflow/.local/lib/python3.8/site-packages/airflow/example_dags/example_branch_operator.py for tasks to queue
[2024-02-12T19:24:16.059+0000] {logging_mixin.py:188} INFO - [2024-02-12T19:24:16.058+0000] {dagbag.py:538} INFO - Filling up the DagBag from /home/airflow/.local/lib/python3.8/site-packages/airflow/example_dags/example_branch_operator.py
[2024-02-12T19:24:16.088+0000] {processor.py:840} INFO - DAG(s) 'example_branch_operator' retrieved from /home/airflow/.local/lib/python3.8/site-packages/airflow/example_dags/example_branch_operator.py
[2024-02-12T19:24:16.129+0000] {logging_mixin.py:188} INFO - [2024-02-12T19:24:16.129+0000] {dag.py:3036} INFO - Sync 1 DAGs
[2024-02-12T19:24:16.154+0000] {logging_mixin.py:188} INFO - [2024-02-12T19:24:16.154+0000] {dag.py:3823} INFO - Setting next_dagrun for example_branch_operator to 2024-02-11 00:00:00+00:00, run_after=2024-02-12 00:00:00+00:00
[2024-02-12T19:24:16.181+0000] {processor.py:183} INFO - Processing /home/airflow/.local/lib/python3.8/site-packages/airflow/example_dags/example_branch_operator.py took 0.128 seconds
[2024-02-12T19:24:46.248+0000] {processor.py:161} INFO - Started process (PID=12278) to work on /home/airflow/.local/lib/python3.8/site-packages/airflow/example_dags/example_branch_operator.py
[2024-02-12T19:24:46.249+0000] {processor.py:830} INFO - Processing file /home/airflow/.local/lib/python3.8/site-packages/airflow/example_dags/example_branch_operator.py for tasks to queue
[2024-02-12T19:24:46.250+0000] {logging_mixin.py:188} INFO - [2024-02-12T19:24:46.250+0000] {dagbag.py:538} INFO - Filling up the DagBag from /home/airflow/.local/lib/python3.8/site-packages/airflow/example_dags/example_branch_operator.py
[2024-02-12T19:24:46.272+0000] {processor.py:840} INFO - DAG(s) 'example_branch_operator' retrieved from /home/airflow/.local/lib/python3.8/site-packages/airflow/example_dags/example_branch_operator.py
[2024-02-12T19:24:46.307+0000] {logging_mixin.py:188} INFO - [2024-02-12T19:24:46.306+0000] {dag.py:3036} INFO - Sync 1 DAGs
[2024-02-12T19:24:46.332+0000] {logging_mixin.py:188} INFO - [2024-02-12T19:24:46.332+0000] {dag.py:3823} INFO - Setting next_dagrun for example_branch_operator to 2024-02-11 00:00:00+00:00, run_after=2024-02-12 00:00:00+00:00
[2024-02-12T19:24:46.354+0000] {processor.py:183} INFO - Processing /home/airflow/.local/lib/python3.8/site-packages/airflow/example_dags/example_branch_operator.py took 0.110 seconds
[2024-02-12T19:25:17.318+0000] {processor.py:161} INFO - Started process (PID=12531) to work on /home/airflow/.local/lib/python3.8/site-packages/airflow/example_dags/example_branch_operator.py
[2024-02-12T19:25:17.319+0000] {processor.py:830} INFO - Processing file /home/airflow/.local/lib/python3.8/site-packages/airflow/example_dags/example_branch_operator.py for tasks to queue
[2024-02-12T19:25:17.323+0000] {logging_mixin.py:188} INFO - [2024-02-12T19:25:17.321+0000] {dagbag.py:538} INFO - Filling up the DagBag from /home/airflow/.local/lib/python3.8/site-packages/airflow/example_dags/example_branch_operator.py
[2024-02-12T19:25:17.367+0000] {processor.py:840} INFO - DAG(s) 'example_branch_operator' retrieved from /home/airflow/.local/lib/python3.8/site-packages/airflow/example_dags/example_branch_operator.py
[2024-02-12T19:25:17.402+0000] {logging_mixin.py:188} INFO - [2024-02-12T19:25:17.401+0000] {dag.py:3036} INFO - Sync 1 DAGs
[2024-02-12T19:25:17.463+0000] {logging_mixin.py:188} INFO - [2024-02-12T19:25:17.463+0000] {dag.py:3823} INFO - Setting next_dagrun for example_branch_operator to 2024-02-11 00:00:00+00:00, run_after=2024-02-12 00:00:00+00:00
[2024-02-12T19:25:17.504+0000] {processor.py:183} INFO - Processing /home/airflow/.local/lib/python3.8/site-packages/airflow/example_dags/example_branch_operator.py took 0.191 seconds
[2024-02-12T19:25:48.194+0000] {processor.py:161} INFO - Started process (PID=12778) to work on /home/airflow/.local/lib/python3.8/site-packages/airflow/example_dags/example_branch_operator.py
[2024-02-12T19:25:48.195+0000] {processor.py:830} INFO - Processing file /home/airflow/.local/lib/python3.8/site-packages/airflow/example_dags/example_branch_operator.py for tasks to queue
[2024-02-12T19:25:48.195+0000] {logging_mixin.py:188} INFO - [2024-02-12T19:25:48.195+0000] {dagbag.py:538} INFO - Filling up the DagBag from /home/airflow/.local/lib/python3.8/site-packages/airflow/example_dags/example_branch_operator.py
[2024-02-12T19:25:48.216+0000] {processor.py:840} INFO - DAG(s) 'example_branch_operator' retrieved from /home/airflow/.local/lib/python3.8/site-packages/airflow/example_dags/example_branch_operator.py
[2024-02-12T19:25:48.621+0000] {logging_mixin.py:188} INFO - [2024-02-12T19:25:48.621+0000] {dag.py:3036} INFO - Sync 1 DAGs
[2024-02-12T19:25:48.641+0000] {logging_mixin.py:188} INFO - [2024-02-12T19:25:48.641+0000] {dag.py:3823} INFO - Setting next_dagrun for example_branch_operator to 2024-02-11 00:00:00+00:00, run_after=2024-02-12 00:00:00+00:00
[2024-02-12T19:25:48.665+0000] {processor.py:183} INFO - Processing /home/airflow/.local/lib/python3.8/site-packages/airflow/example_dags/example_branch_operator.py took 0.475 seconds
