[2024-02-12T19:00:10.417+0000] {processor.py:161} INFO - Started process (PID=258) to work on /home/airflow/.local/lib/python3.8/site-packages/airflow/example_dags/example_dag_decorator.py
[2024-02-12T19:00:10.421+0000] {processor.py:830} INFO - Processing file /home/airflow/.local/lib/python3.8/site-packages/airflow/example_dags/example_dag_decorator.py for tasks to queue
[2024-02-12T19:00:10.423+0000] {logging_mixin.py:188} INFO - [2024-02-12T19:00:10.422+0000] {dagbag.py:538} INFO - Filling up the DagBag from /home/airflow/.local/lib/python3.8/site-packages/airflow/example_dags/example_dag_decorator.py
[2024-02-12T19:00:11.257+0000] {processor.py:840} INFO - DAG(s) 'example_dag_decorator' retrieved from /home/airflow/.local/lib/python3.8/site-packages/airflow/example_dags/example_dag_decorator.py
[2024-02-12T19:00:11.881+0000] {logging_mixin.py:188} INFO - [2024-02-12T19:00:11.881+0000] {dag.py:3036} INFO - Sync 1 DAGs
[2024-02-12T19:00:11.914+0000] {logging_mixin.py:188} INFO - [2024-02-12T19:00:11.914+0000] {dag.py:3823} INFO - Setting next_dagrun for example_dag_decorator to None, run_after=None
[2024-02-12T19:00:11.980+0000] {processor.py:183} INFO - Processing /home/airflow/.local/lib/python3.8/site-packages/airflow/example_dags/example_dag_decorator.py took 1.566 seconds
[2024-02-12T19:00:42.053+0000] {processor.py:161} INFO - Started process (PID=510) to work on /home/airflow/.local/lib/python3.8/site-packages/airflow/example_dags/example_dag_decorator.py
[2024-02-12T19:00:42.054+0000] {processor.py:830} INFO - Processing file /home/airflow/.local/lib/python3.8/site-packages/airflow/example_dags/example_dag_decorator.py for tasks to queue
[2024-02-12T19:00:42.055+0000] {logging_mixin.py:188} INFO - [2024-02-12T19:00:42.054+0000] {dagbag.py:538} INFO - Filling up the DagBag from /home/airflow/.local/lib/python3.8/site-packages/airflow/example_dags/example_dag_decorator.py
[2024-02-12T19:00:42.131+0000] {processor.py:840} INFO - DAG(s) 'example_dag_decorator' retrieved from /home/airflow/.local/lib/python3.8/site-packages/airflow/example_dags/example_dag_decorator.py
[2024-02-12T19:00:42.223+0000] {logging_mixin.py:188} INFO - [2024-02-12T19:00:42.222+0000] {dag.py:3036} INFO - Sync 1 DAGs
[2024-02-12T19:00:42.238+0000] {logging_mixin.py:188} INFO - [2024-02-12T19:00:42.238+0000] {dag.py:3823} INFO - Setting next_dagrun for example_dag_decorator to None, run_after=None
[2024-02-12T19:00:42.271+0000] {processor.py:183} INFO - Processing /home/airflow/.local/lib/python3.8/site-packages/airflow/example_dags/example_dag_decorator.py took 0.221 seconds
[2024-02-12T19:01:12.437+0000] {processor.py:161} INFO - Started process (PID=757) to work on /home/airflow/.local/lib/python3.8/site-packages/airflow/example_dags/example_dag_decorator.py
[2024-02-12T19:01:12.438+0000] {processor.py:830} INFO - Processing file /home/airflow/.local/lib/python3.8/site-packages/airflow/example_dags/example_dag_decorator.py for tasks to queue
[2024-02-12T19:01:12.439+0000] {logging_mixin.py:188} INFO - [2024-02-12T19:01:12.438+0000] {dagbag.py:538} INFO - Filling up the DagBag from /home/airflow/.local/lib/python3.8/site-packages/airflow/example_dags/example_dag_decorator.py
[2024-02-12T19:01:12.549+0000] {processor.py:840} INFO - DAG(s) 'example_dag_decorator' retrieved from /home/airflow/.local/lib/python3.8/site-packages/airflow/example_dags/example_dag_decorator.py
[2024-02-12T19:01:12.645+0000] {logging_mixin.py:188} INFO - [2024-02-12T19:01:12.645+0000] {dag.py:3036} INFO - Sync 1 DAGs
[2024-02-12T19:01:12.653+0000] {logging_mixin.py:188} INFO - [2024-02-12T19:01:12.653+0000] {dag.py:3823} INFO - Setting next_dagrun for example_dag_decorator to None, run_after=None
[2024-02-12T19:01:12.684+0000] {processor.py:183} INFO - Processing /home/airflow/.local/lib/python3.8/site-packages/airflow/example_dags/example_dag_decorator.py took 0.250 seconds
[2024-02-12T19:01:42.886+0000] {processor.py:161} INFO - Started process (PID=1004) to work on /home/airflow/.local/lib/python3.8/site-packages/airflow/example_dags/example_dag_decorator.py
[2024-02-12T19:01:42.887+0000] {processor.py:830} INFO - Processing file /home/airflow/.local/lib/python3.8/site-packages/airflow/example_dags/example_dag_decorator.py for tasks to queue
[2024-02-12T19:01:42.888+0000] {logging_mixin.py:188} INFO - [2024-02-12T19:01:42.888+0000] {dagbag.py:538} INFO - Filling up the DagBag from /home/airflow/.local/lib/python3.8/site-packages/airflow/example_dags/example_dag_decorator.py
[2024-02-12T19:01:43.005+0000] {processor.py:840} INFO - DAG(s) 'example_dag_decorator' retrieved from /home/airflow/.local/lib/python3.8/site-packages/airflow/example_dags/example_dag_decorator.py
[2024-02-12T19:01:43.091+0000] {logging_mixin.py:188} INFO - [2024-02-12T19:01:43.091+0000] {dag.py:3036} INFO - Sync 1 DAGs
[2024-02-12T19:01:43.099+0000] {logging_mixin.py:188} INFO - [2024-02-12T19:01:43.099+0000] {dag.py:3823} INFO - Setting next_dagrun for example_dag_decorator to None, run_after=None
[2024-02-12T19:01:43.125+0000] {processor.py:183} INFO - Processing /home/airflow/.local/lib/python3.8/site-packages/airflow/example_dags/example_dag_decorator.py took 0.242 seconds
[2024-02-12T19:02:13.343+0000] {processor.py:161} INFO - Started process (PID=1251) to work on /home/airflow/.local/lib/python3.8/site-packages/airflow/example_dags/example_dag_decorator.py
[2024-02-12T19:02:13.344+0000] {processor.py:830} INFO - Processing file /home/airflow/.local/lib/python3.8/site-packages/airflow/example_dags/example_dag_decorator.py for tasks to queue
[2024-02-12T19:02:13.345+0000] {logging_mixin.py:188} INFO - [2024-02-12T19:02:13.345+0000] {dagbag.py:538} INFO - Filling up the DagBag from /home/airflow/.local/lib/python3.8/site-packages/airflow/example_dags/example_dag_decorator.py
[2024-02-12T19:02:13.485+0000] {processor.py:840} INFO - DAG(s) 'example_dag_decorator' retrieved from /home/airflow/.local/lib/python3.8/site-packages/airflow/example_dags/example_dag_decorator.py
[2024-02-12T19:02:13.592+0000] {logging_mixin.py:188} INFO - [2024-02-12T19:02:13.592+0000] {dag.py:3036} INFO - Sync 1 DAGs
[2024-02-12T19:02:13.608+0000] {logging_mixin.py:188} INFO - [2024-02-12T19:02:13.608+0000] {dag.py:3823} INFO - Setting next_dagrun for example_dag_decorator to None, run_after=None
[2024-02-12T19:02:13.645+0000] {processor.py:183} INFO - Processing /home/airflow/.local/lib/python3.8/site-packages/airflow/example_dags/example_dag_decorator.py took 0.305 seconds
[2024-02-12T19:02:43.838+0000] {processor.py:161} INFO - Started process (PID=1499) to work on /home/airflow/.local/lib/python3.8/site-packages/airflow/example_dags/example_dag_decorator.py
[2024-02-12T19:02:43.840+0000] {processor.py:830} INFO - Processing file /home/airflow/.local/lib/python3.8/site-packages/airflow/example_dags/example_dag_decorator.py for tasks to queue
[2024-02-12T19:02:43.847+0000] {logging_mixin.py:188} INFO - [2024-02-12T19:02:43.847+0000] {dagbag.py:538} INFO - Filling up the DagBag from /home/airflow/.local/lib/python3.8/site-packages/airflow/example_dags/example_dag_decorator.py
[2024-02-12T19:02:43.990+0000] {processor.py:840} INFO - DAG(s) 'example_dag_decorator' retrieved from /home/airflow/.local/lib/python3.8/site-packages/airflow/example_dags/example_dag_decorator.py
[2024-02-12T19:02:44.084+0000] {logging_mixin.py:188} INFO - [2024-02-12T19:02:44.083+0000] {dag.py:3036} INFO - Sync 1 DAGs
[2024-02-12T19:02:44.092+0000] {logging_mixin.py:188} INFO - [2024-02-12T19:02:44.091+0000] {dag.py:3823} INFO - Setting next_dagrun for example_dag_decorator to None, run_after=None
[2024-02-12T19:02:44.112+0000] {processor.py:183} INFO - Processing /home/airflow/.local/lib/python3.8/site-packages/airflow/example_dags/example_dag_decorator.py took 0.278 seconds
[2024-02-12T19:03:14.144+0000] {processor.py:161} INFO - Started process (PID=1746) to work on /home/airflow/.local/lib/python3.8/site-packages/airflow/example_dags/example_dag_decorator.py
[2024-02-12T19:03:14.145+0000] {processor.py:830} INFO - Processing file /home/airflow/.local/lib/python3.8/site-packages/airflow/example_dags/example_dag_decorator.py for tasks to queue
[2024-02-12T19:03:14.145+0000] {logging_mixin.py:188} INFO - [2024-02-12T19:03:14.145+0000] {dagbag.py:538} INFO - Filling up the DagBag from /home/airflow/.local/lib/python3.8/site-packages/airflow/example_dags/example_dag_decorator.py
[2024-02-12T19:03:14.287+0000] {processor.py:840} INFO - DAG(s) 'example_dag_decorator' retrieved from /home/airflow/.local/lib/python3.8/site-packages/airflow/example_dags/example_dag_decorator.py
[2024-02-12T19:03:14.421+0000] {logging_mixin.py:188} INFO - [2024-02-12T19:03:14.421+0000] {dag.py:3036} INFO - Sync 1 DAGs
[2024-02-12T19:03:14.429+0000] {logging_mixin.py:188} INFO - [2024-02-12T19:03:14.429+0000] {dag.py:3823} INFO - Setting next_dagrun for example_dag_decorator to None, run_after=None
[2024-02-12T19:03:14.451+0000] {processor.py:183} INFO - Processing /home/airflow/.local/lib/python3.8/site-packages/airflow/example_dags/example_dag_decorator.py took 0.310 seconds
[2024-02-12T19:03:44.700+0000] {processor.py:161} INFO - Started process (PID=1994) to work on /home/airflow/.local/lib/python3.8/site-packages/airflow/example_dags/example_dag_decorator.py
[2024-02-12T19:03:44.701+0000] {processor.py:830} INFO - Processing file /home/airflow/.local/lib/python3.8/site-packages/airflow/example_dags/example_dag_decorator.py for tasks to queue
[2024-02-12T19:03:44.702+0000] {logging_mixin.py:188} INFO - [2024-02-12T19:03:44.702+0000] {dagbag.py:538} INFO - Filling up the DagBag from /home/airflow/.local/lib/python3.8/site-packages/airflow/example_dags/example_dag_decorator.py
[2024-02-12T19:03:44.819+0000] {processor.py:840} INFO - DAG(s) 'example_dag_decorator' retrieved from /home/airflow/.local/lib/python3.8/site-packages/airflow/example_dags/example_dag_decorator.py
[2024-02-12T19:03:44.904+0000] {logging_mixin.py:188} INFO - [2024-02-12T19:03:44.904+0000] {dag.py:3036} INFO - Sync 1 DAGs
[2024-02-12T19:03:44.912+0000] {logging_mixin.py:188} INFO - [2024-02-12T19:03:44.912+0000] {dag.py:3823} INFO - Setting next_dagrun for example_dag_decorator to None, run_after=None
[2024-02-12T19:03:44.933+0000] {processor.py:183} INFO - Processing /home/airflow/.local/lib/python3.8/site-packages/airflow/example_dags/example_dag_decorator.py took 0.236 seconds
[2024-02-12T19:04:15.036+0000] {processor.py:161} INFO - Started process (PID=2246) to work on /home/airflow/.local/lib/python3.8/site-packages/airflow/example_dags/example_dag_decorator.py
[2024-02-12T19:04:15.039+0000] {processor.py:830} INFO - Processing file /home/airflow/.local/lib/python3.8/site-packages/airflow/example_dags/example_dag_decorator.py for tasks to queue
[2024-02-12T19:04:15.040+0000] {logging_mixin.py:188} INFO - [2024-02-12T19:04:15.039+0000] {dagbag.py:538} INFO - Filling up the DagBag from /home/airflow/.local/lib/python3.8/site-packages/airflow/example_dags/example_dag_decorator.py
[2024-02-12T19:04:15.522+0000] {processor.py:840} INFO - DAG(s) 'example_dag_decorator' retrieved from /home/airflow/.local/lib/python3.8/site-packages/airflow/example_dags/example_dag_decorator.py
[2024-02-12T19:04:15.968+0000] {logging_mixin.py:188} INFO - [2024-02-12T19:04:15.968+0000] {dag.py:3036} INFO - Sync 1 DAGs
[2024-02-12T19:04:16.041+0000] {logging_mixin.py:188} INFO - [2024-02-12T19:04:16.041+0000] {dag.py:3823} INFO - Setting next_dagrun for example_dag_decorator to None, run_after=None
[2024-02-12T19:04:16.147+0000] {processor.py:183} INFO - Processing /home/airflow/.local/lib/python3.8/site-packages/airflow/example_dags/example_dag_decorator.py took 1.115 seconds
[2024-02-12T19:04:46.329+0000] {processor.py:161} INFO - Started process (PID=2512) to work on /home/airflow/.local/lib/python3.8/site-packages/airflow/example_dags/example_dag_decorator.py
[2024-02-12T19:04:46.330+0000] {processor.py:830} INFO - Processing file /home/airflow/.local/lib/python3.8/site-packages/airflow/example_dags/example_dag_decorator.py for tasks to queue
[2024-02-12T19:04:46.331+0000] {logging_mixin.py:188} INFO - [2024-02-12T19:04:46.331+0000] {dagbag.py:538} INFO - Filling up the DagBag from /home/airflow/.local/lib/python3.8/site-packages/airflow/example_dags/example_dag_decorator.py
[2024-02-12T19:04:46.451+0000] {processor.py:840} INFO - DAG(s) 'example_dag_decorator' retrieved from /home/airflow/.local/lib/python3.8/site-packages/airflow/example_dags/example_dag_decorator.py
[2024-02-12T19:04:46.575+0000] {logging_mixin.py:188} INFO - [2024-02-12T19:04:46.574+0000] {dag.py:3036} INFO - Sync 1 DAGs
[2024-02-12T19:04:46.583+0000] {logging_mixin.py:188} INFO - [2024-02-12T19:04:46.583+0000] {dag.py:3823} INFO - Setting next_dagrun for example_dag_decorator to None, run_after=None
[2024-02-12T19:04:46.603+0000] {processor.py:183} INFO - Processing /home/airflow/.local/lib/python3.8/site-packages/airflow/example_dags/example_dag_decorator.py took 0.277 seconds
[2024-02-12T19:05:16.925+0000] {processor.py:161} INFO - Started process (PID=2759) to work on /home/airflow/.local/lib/python3.8/site-packages/airflow/example_dags/example_dag_decorator.py
[2024-02-12T19:05:16.926+0000] {processor.py:830} INFO - Processing file /home/airflow/.local/lib/python3.8/site-packages/airflow/example_dags/example_dag_decorator.py for tasks to queue
[2024-02-12T19:05:16.928+0000] {logging_mixin.py:188} INFO - [2024-02-12T19:05:16.927+0000] {dagbag.py:538} INFO - Filling up the DagBag from /home/airflow/.local/lib/python3.8/site-packages/airflow/example_dags/example_dag_decorator.py
[2024-02-12T19:05:17.110+0000] {processor.py:840} INFO - DAG(s) 'example_dag_decorator' retrieved from /home/airflow/.local/lib/python3.8/site-packages/airflow/example_dags/example_dag_decorator.py
[2024-02-12T19:05:17.233+0000] {logging_mixin.py:188} INFO - [2024-02-12T19:05:17.232+0000] {dag.py:3036} INFO - Sync 1 DAGs
[2024-02-12T19:05:17.241+0000] {logging_mixin.py:188} INFO - [2024-02-12T19:05:17.241+0000] {dag.py:3823} INFO - Setting next_dagrun for example_dag_decorator to None, run_after=None
[2024-02-12T19:05:17.261+0000] {processor.py:183} INFO - Processing /home/airflow/.local/lib/python3.8/site-packages/airflow/example_dags/example_dag_decorator.py took 0.339 seconds
[2024-02-12T19:05:47.731+0000] {processor.py:161} INFO - Started process (PID=3006) to work on /home/airflow/.local/lib/python3.8/site-packages/airflow/example_dags/example_dag_decorator.py
[2024-02-12T19:05:47.732+0000] {processor.py:830} INFO - Processing file /home/airflow/.local/lib/python3.8/site-packages/airflow/example_dags/example_dag_decorator.py for tasks to queue
[2024-02-12T19:05:47.733+0000] {logging_mixin.py:188} INFO - [2024-02-12T19:05:47.733+0000] {dagbag.py:538} INFO - Filling up the DagBag from /home/airflow/.local/lib/python3.8/site-packages/airflow/example_dags/example_dag_decorator.py
[2024-02-12T19:05:47.877+0000] {processor.py:840} INFO - DAG(s) 'example_dag_decorator' retrieved from /home/airflow/.local/lib/python3.8/site-packages/airflow/example_dags/example_dag_decorator.py
[2024-02-12T19:05:47.991+0000] {logging_mixin.py:188} INFO - [2024-02-12T19:05:47.991+0000] {dag.py:3036} INFO - Sync 1 DAGs
[2024-02-12T19:05:48.000+0000] {logging_mixin.py:188} INFO - [2024-02-12T19:05:48.000+0000] {dag.py:3823} INFO - Setting next_dagrun for example_dag_decorator to None, run_after=None
[2024-02-12T19:05:48.022+0000] {processor.py:183} INFO - Processing /home/airflow/.local/lib/python3.8/site-packages/airflow/example_dags/example_dag_decorator.py took 0.294 seconds
[2024-02-12T19:06:18.475+0000] {processor.py:161} INFO - Started process (PID=3254) to work on /home/airflow/.local/lib/python3.8/site-packages/airflow/example_dags/example_dag_decorator.py
[2024-02-12T19:06:18.476+0000] {processor.py:830} INFO - Processing file /home/airflow/.local/lib/python3.8/site-packages/airflow/example_dags/example_dag_decorator.py for tasks to queue
[2024-02-12T19:06:18.478+0000] {logging_mixin.py:188} INFO - [2024-02-12T19:06:18.477+0000] {dagbag.py:538} INFO - Filling up the DagBag from /home/airflow/.local/lib/python3.8/site-packages/airflow/example_dags/example_dag_decorator.py
[2024-02-12T19:06:18.660+0000] {processor.py:840} INFO - DAG(s) 'example_dag_decorator' retrieved from /home/airflow/.local/lib/python3.8/site-packages/airflow/example_dags/example_dag_decorator.py
[2024-02-12T19:06:18.828+0000] {logging_mixin.py:188} INFO - [2024-02-12T19:06:18.828+0000] {dag.py:3036} INFO - Sync 1 DAGs
[2024-02-12T19:06:18.841+0000] {logging_mixin.py:188} INFO - [2024-02-12T19:06:18.841+0000] {dag.py:3823} INFO - Setting next_dagrun for example_dag_decorator to None, run_after=None
[2024-02-12T19:06:18.864+0000] {processor.py:183} INFO - Processing /home/airflow/.local/lib/python3.8/site-packages/airflow/example_dags/example_dag_decorator.py took 0.391 seconds
[2024-02-12T19:06:49.324+0000] {processor.py:161} INFO - Started process (PID=3501) to work on /home/airflow/.local/lib/python3.8/site-packages/airflow/example_dags/example_dag_decorator.py
[2024-02-12T19:06:49.325+0000] {processor.py:830} INFO - Processing file /home/airflow/.local/lib/python3.8/site-packages/airflow/example_dags/example_dag_decorator.py for tasks to queue
[2024-02-12T19:06:49.325+0000] {logging_mixin.py:188} INFO - [2024-02-12T19:06:49.325+0000] {dagbag.py:538} INFO - Filling up the DagBag from /home/airflow/.local/lib/python3.8/site-packages/airflow/example_dags/example_dag_decorator.py
[2024-02-12T19:06:49.531+0000] {processor.py:840} INFO - DAG(s) 'example_dag_decorator' retrieved from /home/airflow/.local/lib/python3.8/site-packages/airflow/example_dags/example_dag_decorator.py
[2024-02-12T19:06:49.783+0000] {logging_mixin.py:188} INFO - [2024-02-12T19:06:49.783+0000] {dag.py:3036} INFO - Sync 1 DAGs
[2024-02-12T19:06:49.805+0000] {logging_mixin.py:188} INFO - [2024-02-12T19:06:49.805+0000] {dag.py:3823} INFO - Setting next_dagrun for example_dag_decorator to None, run_after=None
[2024-02-12T19:06:49.877+0000] {processor.py:183} INFO - Processing /home/airflow/.local/lib/python3.8/site-packages/airflow/example_dags/example_dag_decorator.py took 0.557 seconds
[2024-02-12T19:07:20.670+0000] {processor.py:161} INFO - Started process (PID=3754) to work on /home/airflow/.local/lib/python3.8/site-packages/airflow/example_dags/example_dag_decorator.py
[2024-02-12T19:07:20.671+0000] {processor.py:830} INFO - Processing file /home/airflow/.local/lib/python3.8/site-packages/airflow/example_dags/example_dag_decorator.py for tasks to queue
[2024-02-12T19:07:20.672+0000] {logging_mixin.py:188} INFO - [2024-02-12T19:07:20.671+0000] {dagbag.py:538} INFO - Filling up the DagBag from /home/airflow/.local/lib/python3.8/site-packages/airflow/example_dags/example_dag_decorator.py
[2024-02-12T19:07:20.788+0000] {processor.py:840} INFO - DAG(s) 'example_dag_decorator' retrieved from /home/airflow/.local/lib/python3.8/site-packages/airflow/example_dags/example_dag_decorator.py
[2024-02-12T19:07:20.877+0000] {logging_mixin.py:188} INFO - [2024-02-12T19:07:20.877+0000] {dag.py:3036} INFO - Sync 1 DAGs
[2024-02-12T19:07:20.886+0000] {logging_mixin.py:188} INFO - [2024-02-12T19:07:20.886+0000] {dag.py:3823} INFO - Setting next_dagrun for example_dag_decorator to None, run_after=None
[2024-02-12T19:07:20.906+0000] {processor.py:183} INFO - Processing /home/airflow/.local/lib/python3.8/site-packages/airflow/example_dags/example_dag_decorator.py took 0.240 seconds
[2024-02-12T19:07:50.994+0000] {processor.py:161} INFO - Started process (PID=4006) to work on /home/airflow/.local/lib/python3.8/site-packages/airflow/example_dags/example_dag_decorator.py
[2024-02-12T19:07:50.995+0000] {processor.py:830} INFO - Processing file /home/airflow/.local/lib/python3.8/site-packages/airflow/example_dags/example_dag_decorator.py for tasks to queue
[2024-02-12T19:07:50.996+0000] {logging_mixin.py:188} INFO - [2024-02-12T19:07:50.995+0000] {dagbag.py:538} INFO - Filling up the DagBag from /home/airflow/.local/lib/python3.8/site-packages/airflow/example_dags/example_dag_decorator.py
[2024-02-12T19:07:51.091+0000] {processor.py:840} INFO - DAG(s) 'example_dag_decorator' retrieved from /home/airflow/.local/lib/python3.8/site-packages/airflow/example_dags/example_dag_decorator.py
[2024-02-12T19:07:51.183+0000] {logging_mixin.py:188} INFO - [2024-02-12T19:07:51.183+0000] {dag.py:3036} INFO - Sync 1 DAGs
[2024-02-12T19:07:51.192+0000] {logging_mixin.py:188} INFO - [2024-02-12T19:07:51.192+0000] {dag.py:3823} INFO - Setting next_dagrun for example_dag_decorator to None, run_after=None
[2024-02-12T19:07:51.213+0000] {processor.py:183} INFO - Processing /home/airflow/.local/lib/python3.8/site-packages/airflow/example_dags/example_dag_decorator.py took 0.222 seconds
[2024-02-12T19:08:21.246+0000] {processor.py:161} INFO - Started process (PID=4252) to work on /home/airflow/.local/lib/python3.8/site-packages/airflow/example_dags/example_dag_decorator.py
[2024-02-12T19:08:21.247+0000] {processor.py:830} INFO - Processing file /home/airflow/.local/lib/python3.8/site-packages/airflow/example_dags/example_dag_decorator.py for tasks to queue
[2024-02-12T19:08:21.248+0000] {logging_mixin.py:188} INFO - [2024-02-12T19:08:21.247+0000] {dagbag.py:538} INFO - Filling up the DagBag from /home/airflow/.local/lib/python3.8/site-packages/airflow/example_dags/example_dag_decorator.py
[2024-02-12T19:08:21.360+0000] {processor.py:840} INFO - DAG(s) 'example_dag_decorator' retrieved from /home/airflow/.local/lib/python3.8/site-packages/airflow/example_dags/example_dag_decorator.py
[2024-02-12T19:08:21.465+0000] {logging_mixin.py:188} INFO - [2024-02-12T19:08:21.465+0000] {dag.py:3036} INFO - Sync 1 DAGs
[2024-02-12T19:08:21.478+0000] {logging_mixin.py:188} INFO - [2024-02-12T19:08:21.478+0000] {dag.py:3823} INFO - Setting next_dagrun for example_dag_decorator to None, run_after=None
[2024-02-12T19:08:21.507+0000] {processor.py:183} INFO - Processing /home/airflow/.local/lib/python3.8/site-packages/airflow/example_dags/example_dag_decorator.py took 0.265 seconds
[2024-02-12T19:08:51.568+0000] {processor.py:161} INFO - Started process (PID=4502) to work on /home/airflow/.local/lib/python3.8/site-packages/airflow/example_dags/example_dag_decorator.py
[2024-02-12T19:08:51.569+0000] {processor.py:830} INFO - Processing file /home/airflow/.local/lib/python3.8/site-packages/airflow/example_dags/example_dag_decorator.py for tasks to queue
[2024-02-12T19:08:51.570+0000] {logging_mixin.py:188} INFO - [2024-02-12T19:08:51.570+0000] {dagbag.py:538} INFO - Filling up the DagBag from /home/airflow/.local/lib/python3.8/site-packages/airflow/example_dags/example_dag_decorator.py
[2024-02-12T19:08:51.644+0000] {processor.py:840} INFO - DAG(s) 'example_dag_decorator' retrieved from /home/airflow/.local/lib/python3.8/site-packages/airflow/example_dags/example_dag_decorator.py
[2024-02-12T19:08:51.732+0000] {logging_mixin.py:188} INFO - [2024-02-12T19:08:51.732+0000] {dag.py:3036} INFO - Sync 1 DAGs
[2024-02-12T19:08:51.742+0000] {logging_mixin.py:188} INFO - [2024-02-12T19:08:51.742+0000] {dag.py:3823} INFO - Setting next_dagrun for example_dag_decorator to None, run_after=None
[2024-02-12T19:08:51.765+0000] {processor.py:183} INFO - Processing /home/airflow/.local/lib/python3.8/site-packages/airflow/example_dags/example_dag_decorator.py took 0.199 seconds
[2024-02-12T19:09:21.829+0000] {processor.py:161} INFO - Started process (PID=4751) to work on /home/airflow/.local/lib/python3.8/site-packages/airflow/example_dags/example_dag_decorator.py
[2024-02-12T19:09:21.830+0000] {processor.py:830} INFO - Processing file /home/airflow/.local/lib/python3.8/site-packages/airflow/example_dags/example_dag_decorator.py for tasks to queue
[2024-02-12T19:09:21.830+0000] {logging_mixin.py:188} INFO - [2024-02-12T19:09:21.830+0000] {dagbag.py:538} INFO - Filling up the DagBag from /home/airflow/.local/lib/python3.8/site-packages/airflow/example_dags/example_dag_decorator.py
[2024-02-12T19:09:21.905+0000] {processor.py:840} INFO - DAG(s) 'example_dag_decorator' retrieved from /home/airflow/.local/lib/python3.8/site-packages/airflow/example_dags/example_dag_decorator.py
[2024-02-12T19:09:21.993+0000] {logging_mixin.py:188} INFO - [2024-02-12T19:09:21.993+0000] {dag.py:3036} INFO - Sync 1 DAGs
[2024-02-12T19:09:22.002+0000] {logging_mixin.py:188} INFO - [2024-02-12T19:09:22.001+0000] {dag.py:3823} INFO - Setting next_dagrun for example_dag_decorator to None, run_after=None
[2024-02-12T19:09:22.024+0000] {processor.py:183} INFO - Processing /home/airflow/.local/lib/python3.8/site-packages/airflow/example_dags/example_dag_decorator.py took 0.198 seconds
[2024-02-12T19:09:52.213+0000] {processor.py:161} INFO - Started process (PID=4993) to work on /home/airflow/.local/lib/python3.8/site-packages/airflow/example_dags/example_dag_decorator.py
[2024-02-12T19:09:52.214+0000] {processor.py:830} INFO - Processing file /home/airflow/.local/lib/python3.8/site-packages/airflow/example_dags/example_dag_decorator.py for tasks to queue
[2024-02-12T19:09:52.215+0000] {logging_mixin.py:188} INFO - [2024-02-12T19:09:52.215+0000] {dagbag.py:538} INFO - Filling up the DagBag from /home/airflow/.local/lib/python3.8/site-packages/airflow/example_dags/example_dag_decorator.py
[2024-02-12T19:09:52.336+0000] {processor.py:840} INFO - DAG(s) 'example_dag_decorator' retrieved from /home/airflow/.local/lib/python3.8/site-packages/airflow/example_dags/example_dag_decorator.py
[2024-02-12T19:09:52.423+0000] {logging_mixin.py:188} INFO - [2024-02-12T19:09:52.422+0000] {dag.py:3036} INFO - Sync 1 DAGs
[2024-02-12T19:09:52.432+0000] {logging_mixin.py:188} INFO - [2024-02-12T19:09:52.432+0000] {dag.py:3823} INFO - Setting next_dagrun for example_dag_decorator to None, run_after=None
[2024-02-12T19:09:52.458+0000] {processor.py:183} INFO - Processing /home/airflow/.local/lib/python3.8/site-packages/airflow/example_dags/example_dag_decorator.py took 0.248 seconds
[2024-02-12T19:10:22.593+0000] {processor.py:161} INFO - Started process (PID=5240) to work on /home/airflow/.local/lib/python3.8/site-packages/airflow/example_dags/example_dag_decorator.py
[2024-02-12T19:10:22.594+0000] {processor.py:830} INFO - Processing file /home/airflow/.local/lib/python3.8/site-packages/airflow/example_dags/example_dag_decorator.py for tasks to queue
[2024-02-12T19:10:22.595+0000] {logging_mixin.py:188} INFO - [2024-02-12T19:10:22.595+0000] {dagbag.py:538} INFO - Filling up the DagBag from /home/airflow/.local/lib/python3.8/site-packages/airflow/example_dags/example_dag_decorator.py
[2024-02-12T19:10:22.710+0000] {processor.py:840} INFO - DAG(s) 'example_dag_decorator' retrieved from /home/airflow/.local/lib/python3.8/site-packages/airflow/example_dags/example_dag_decorator.py
[2024-02-12T19:10:22.808+0000] {logging_mixin.py:188} INFO - [2024-02-12T19:10:22.807+0000] {dag.py:3036} INFO - Sync 1 DAGs
[2024-02-12T19:10:22.816+0000] {logging_mixin.py:188} INFO - [2024-02-12T19:10:22.816+0000] {dag.py:3823} INFO - Setting next_dagrun for example_dag_decorator to None, run_after=None
[2024-02-12T19:10:22.837+0000] {processor.py:183} INFO - Processing /home/airflow/.local/lib/python3.8/site-packages/airflow/example_dags/example_dag_decorator.py took 0.247 seconds
[2024-02-12T19:10:53.567+0000] {processor.py:161} INFO - Started process (PID=5488) to work on /home/airflow/.local/lib/python3.8/site-packages/airflow/example_dags/example_dag_decorator.py
[2024-02-12T19:10:53.569+0000] {processor.py:830} INFO - Processing file /home/airflow/.local/lib/python3.8/site-packages/airflow/example_dags/example_dag_decorator.py for tasks to queue
[2024-02-12T19:10:53.570+0000] {logging_mixin.py:188} INFO - [2024-02-12T19:10:53.570+0000] {dagbag.py:538} INFO - Filling up the DagBag from /home/airflow/.local/lib/python3.8/site-packages/airflow/example_dags/example_dag_decorator.py
[2024-02-12T19:10:53.687+0000] {processor.py:840} INFO - DAG(s) 'example_dag_decorator' retrieved from /home/airflow/.local/lib/python3.8/site-packages/airflow/example_dags/example_dag_decorator.py
[2024-02-12T19:10:53.776+0000] {logging_mixin.py:188} INFO - [2024-02-12T19:10:53.775+0000] {dag.py:3036} INFO - Sync 1 DAGs
[2024-02-12T19:10:53.784+0000] {logging_mixin.py:188} INFO - [2024-02-12T19:10:53.784+0000] {dag.py:3823} INFO - Setting next_dagrun for example_dag_decorator to None, run_after=None
[2024-02-12T19:10:53.805+0000] {processor.py:183} INFO - Processing /home/airflow/.local/lib/python3.8/site-packages/airflow/example_dags/example_dag_decorator.py took 0.242 seconds
[2024-02-12T19:11:24.056+0000] {processor.py:161} INFO - Started process (PID=5735) to work on /home/airflow/.local/lib/python3.8/site-packages/airflow/example_dags/example_dag_decorator.py
[2024-02-12T19:11:24.058+0000] {processor.py:830} INFO - Processing file /home/airflow/.local/lib/python3.8/site-packages/airflow/example_dags/example_dag_decorator.py for tasks to queue
[2024-02-12T19:11:24.059+0000] {logging_mixin.py:188} INFO - [2024-02-12T19:11:24.059+0000] {dagbag.py:538} INFO - Filling up the DagBag from /home/airflow/.local/lib/python3.8/site-packages/airflow/example_dags/example_dag_decorator.py
[2024-02-12T19:11:24.173+0000] {processor.py:840} INFO - DAG(s) 'example_dag_decorator' retrieved from /home/airflow/.local/lib/python3.8/site-packages/airflow/example_dags/example_dag_decorator.py
[2024-02-12T19:11:24.295+0000] {logging_mixin.py:188} INFO - [2024-02-12T19:11:24.295+0000] {dag.py:3036} INFO - Sync 1 DAGs
[2024-02-12T19:11:24.304+0000] {logging_mixin.py:188} INFO - [2024-02-12T19:11:24.304+0000] {dag.py:3823} INFO - Setting next_dagrun for example_dag_decorator to None, run_after=None
[2024-02-12T19:11:24.329+0000] {processor.py:183} INFO - Processing /home/airflow/.local/lib/python3.8/site-packages/airflow/example_dags/example_dag_decorator.py took 0.277 seconds
[2024-02-12T19:11:54.409+0000] {processor.py:161} INFO - Started process (PID=5982) to work on /home/airflow/.local/lib/python3.8/site-packages/airflow/example_dags/example_dag_decorator.py
[2024-02-12T19:11:54.410+0000] {processor.py:830} INFO - Processing file /home/airflow/.local/lib/python3.8/site-packages/airflow/example_dags/example_dag_decorator.py for tasks to queue
[2024-02-12T19:11:54.411+0000] {logging_mixin.py:188} INFO - [2024-02-12T19:11:54.411+0000] {dagbag.py:538} INFO - Filling up the DagBag from /home/airflow/.local/lib/python3.8/site-packages/airflow/example_dags/example_dag_decorator.py
[2024-02-12T19:11:54.530+0000] {processor.py:840} INFO - DAG(s) 'example_dag_decorator' retrieved from /home/airflow/.local/lib/python3.8/site-packages/airflow/example_dags/example_dag_decorator.py
[2024-02-12T19:11:54.550+0000] {logging_mixin.py:188} INFO - [2024-02-12T19:11:54.549+0000] {dag.py:3036} INFO - Sync 1 DAGs
[2024-02-12T19:11:54.560+0000] {logging_mixin.py:188} INFO - [2024-02-12T19:11:54.560+0000] {dag.py:3823} INFO - Setting next_dagrun for example_dag_decorator to None, run_after=None
[2024-02-12T19:11:54.580+0000] {processor.py:183} INFO - Processing /home/airflow/.local/lib/python3.8/site-packages/airflow/example_dags/example_dag_decorator.py took 0.173 seconds
[2024-02-12T19:12:25.354+0000] {processor.py:161} INFO - Started process (PID=6229) to work on /home/airflow/.local/lib/python3.8/site-packages/airflow/example_dags/example_dag_decorator.py
[2024-02-12T19:12:25.355+0000] {processor.py:830} INFO - Processing file /home/airflow/.local/lib/python3.8/site-packages/airflow/example_dags/example_dag_decorator.py for tasks to queue
[2024-02-12T19:12:25.356+0000] {logging_mixin.py:188} INFO - [2024-02-12T19:12:25.356+0000] {dagbag.py:538} INFO - Filling up the DagBag from /home/airflow/.local/lib/python3.8/site-packages/airflow/example_dags/example_dag_decorator.py
[2024-02-12T19:12:25.477+0000] {processor.py:840} INFO - DAG(s) 'example_dag_decorator' retrieved from /home/airflow/.local/lib/python3.8/site-packages/airflow/example_dags/example_dag_decorator.py
[2024-02-12T19:12:25.566+0000] {logging_mixin.py:188} INFO - [2024-02-12T19:12:25.566+0000] {dag.py:3036} INFO - Sync 1 DAGs
[2024-02-12T19:12:25.574+0000] {logging_mixin.py:188} INFO - [2024-02-12T19:12:25.574+0000] {dag.py:3823} INFO - Setting next_dagrun for example_dag_decorator to None, run_after=None
[2024-02-12T19:12:25.595+0000] {processor.py:183} INFO - Processing /home/airflow/.local/lib/python3.8/site-packages/airflow/example_dags/example_dag_decorator.py took 0.245 seconds
[2024-02-12T19:12:55.913+0000] {processor.py:161} INFO - Started process (PID=6478) to work on /home/airflow/.local/lib/python3.8/site-packages/airflow/example_dags/example_dag_decorator.py
[2024-02-12T19:12:55.914+0000] {processor.py:830} INFO - Processing file /home/airflow/.local/lib/python3.8/site-packages/airflow/example_dags/example_dag_decorator.py for tasks to queue
[2024-02-12T19:12:55.915+0000] {logging_mixin.py:188} INFO - [2024-02-12T19:12:55.914+0000] {dagbag.py:538} INFO - Filling up the DagBag from /home/airflow/.local/lib/python3.8/site-packages/airflow/example_dags/example_dag_decorator.py
[2024-02-12T19:12:56.039+0000] {processor.py:840} INFO - DAG(s) 'example_dag_decorator' retrieved from /home/airflow/.local/lib/python3.8/site-packages/airflow/example_dags/example_dag_decorator.py
[2024-02-12T19:12:56.125+0000] {logging_mixin.py:188} INFO - [2024-02-12T19:12:56.125+0000] {dag.py:3036} INFO - Sync 1 DAGs
[2024-02-12T19:12:56.133+0000] {logging_mixin.py:188} INFO - [2024-02-12T19:12:56.133+0000] {dag.py:3823} INFO - Setting next_dagrun for example_dag_decorator to None, run_after=None
[2024-02-12T19:12:56.153+0000] {processor.py:183} INFO - Processing /home/airflow/.local/lib/python3.8/site-packages/airflow/example_dags/example_dag_decorator.py took 0.244 seconds
[2024-02-12T19:13:26.188+0000] {processor.py:161} INFO - Started process (PID=6726) to work on /home/airflow/.local/lib/python3.8/site-packages/airflow/example_dags/example_dag_decorator.py
[2024-02-12T19:13:26.188+0000] {processor.py:830} INFO - Processing file /home/airflow/.local/lib/python3.8/site-packages/airflow/example_dags/example_dag_decorator.py for tasks to queue
[2024-02-12T19:13:26.189+0000] {logging_mixin.py:188} INFO - [2024-02-12T19:13:26.189+0000] {dagbag.py:538} INFO - Filling up the DagBag from /home/airflow/.local/lib/python3.8/site-packages/airflow/example_dags/example_dag_decorator.py
[2024-02-12T19:13:26.312+0000] {processor.py:840} INFO - DAG(s) 'example_dag_decorator' retrieved from /home/airflow/.local/lib/python3.8/site-packages/airflow/example_dags/example_dag_decorator.py
[2024-02-12T19:13:26.401+0000] {logging_mixin.py:188} INFO - [2024-02-12T19:13:26.400+0000] {dag.py:3036} INFO - Sync 1 DAGs
[2024-02-12T19:13:26.409+0000] {logging_mixin.py:188} INFO - [2024-02-12T19:13:26.409+0000] {dag.py:3823} INFO - Setting next_dagrun for example_dag_decorator to None, run_after=None
[2024-02-12T19:13:26.430+0000] {processor.py:183} INFO - Processing /home/airflow/.local/lib/python3.8/site-packages/airflow/example_dags/example_dag_decorator.py took 0.246 seconds
[2024-02-12T19:13:56.538+0000] {processor.py:161} INFO - Started process (PID=6978) to work on /home/airflow/.local/lib/python3.8/site-packages/airflow/example_dags/example_dag_decorator.py
[2024-02-12T19:13:56.539+0000] {processor.py:830} INFO - Processing file /home/airflow/.local/lib/python3.8/site-packages/airflow/example_dags/example_dag_decorator.py for tasks to queue
[2024-02-12T19:13:56.540+0000] {logging_mixin.py:188} INFO - [2024-02-12T19:13:56.540+0000] {dagbag.py:538} INFO - Filling up the DagBag from /home/airflow/.local/lib/python3.8/site-packages/airflow/example_dags/example_dag_decorator.py
[2024-02-12T19:13:56.660+0000] {processor.py:840} INFO - DAG(s) 'example_dag_decorator' retrieved from /home/airflow/.local/lib/python3.8/site-packages/airflow/example_dags/example_dag_decorator.py
[2024-02-12T19:13:56.813+0000] {logging_mixin.py:188} INFO - [2024-02-12T19:13:56.813+0000] {dag.py:3036} INFO - Sync 1 DAGs
[2024-02-12T19:13:56.839+0000] {logging_mixin.py:188} INFO - [2024-02-12T19:13:56.839+0000] {dag.py:3823} INFO - Setting next_dagrun for example_dag_decorator to None, run_after=None
[2024-02-12T19:13:56.864+0000] {processor.py:183} INFO - Processing /home/airflow/.local/lib/python3.8/site-packages/airflow/example_dags/example_dag_decorator.py took 0.330 seconds
[2024-02-12T19:14:27.519+0000] {processor.py:161} INFO - Started process (PID=7220) to work on /home/airflow/.local/lib/python3.8/site-packages/airflow/example_dags/example_dag_decorator.py
[2024-02-12T19:14:27.520+0000] {processor.py:830} INFO - Processing file /home/airflow/.local/lib/python3.8/site-packages/airflow/example_dags/example_dag_decorator.py for tasks to queue
[2024-02-12T19:14:27.521+0000] {logging_mixin.py:188} INFO - [2024-02-12T19:14:27.521+0000] {dagbag.py:538} INFO - Filling up the DagBag from /home/airflow/.local/lib/python3.8/site-packages/airflow/example_dags/example_dag_decorator.py
[2024-02-12T19:14:27.722+0000] {processor.py:840} INFO - DAG(s) 'example_dag_decorator' retrieved from /home/airflow/.local/lib/python3.8/site-packages/airflow/example_dags/example_dag_decorator.py
[2024-02-12T19:14:27.751+0000] {logging_mixin.py:188} INFO - [2024-02-12T19:14:27.751+0000] {dag.py:3036} INFO - Sync 1 DAGs
[2024-02-12T19:14:27.765+0000] {logging_mixin.py:188} INFO - [2024-02-12T19:14:27.765+0000] {dag.py:3823} INFO - Setting next_dagrun for example_dag_decorator to None, run_after=None
[2024-02-12T19:14:27.793+0000] {processor.py:183} INFO - Processing /home/airflow/.local/lib/python3.8/site-packages/airflow/example_dags/example_dag_decorator.py took 0.286 seconds
[2024-02-12T19:14:58.150+0000] {processor.py:161} INFO - Started process (PID=7466) to work on /home/airflow/.local/lib/python3.8/site-packages/airflow/example_dags/example_dag_decorator.py
[2024-02-12T19:14:58.151+0000] {processor.py:830} INFO - Processing file /home/airflow/.local/lib/python3.8/site-packages/airflow/example_dags/example_dag_decorator.py for tasks to queue
[2024-02-12T19:14:58.152+0000] {logging_mixin.py:188} INFO - [2024-02-12T19:14:58.151+0000] {dagbag.py:538} INFO - Filling up the DagBag from /home/airflow/.local/lib/python3.8/site-packages/airflow/example_dags/example_dag_decorator.py
[2024-02-12T19:14:58.264+0000] {processor.py:840} INFO - DAG(s) 'example_dag_decorator' retrieved from /home/airflow/.local/lib/python3.8/site-packages/airflow/example_dags/example_dag_decorator.py
[2024-02-12T19:14:58.393+0000] {logging_mixin.py:188} INFO - [2024-02-12T19:14:58.392+0000] {dag.py:3036} INFO - Sync 1 DAGs
[2024-02-12T19:14:58.404+0000] {logging_mixin.py:188} INFO - [2024-02-12T19:14:58.404+0000] {dag.py:3823} INFO - Setting next_dagrun for example_dag_decorator to None, run_after=None
[2024-02-12T19:14:58.430+0000] {processor.py:183} INFO - Processing /home/airflow/.local/lib/python3.8/site-packages/airflow/example_dags/example_dag_decorator.py took 0.283 seconds
[2024-02-12T19:15:28.872+0000] {processor.py:161} INFO - Started process (PID=7713) to work on /home/airflow/.local/lib/python3.8/site-packages/airflow/example_dags/example_dag_decorator.py
[2024-02-12T19:15:28.874+0000] {processor.py:830} INFO - Processing file /home/airflow/.local/lib/python3.8/site-packages/airflow/example_dags/example_dag_decorator.py for tasks to queue
[2024-02-12T19:15:28.875+0000] {logging_mixin.py:188} INFO - [2024-02-12T19:15:28.874+0000] {dagbag.py:538} INFO - Filling up the DagBag from /home/airflow/.local/lib/python3.8/site-packages/airflow/example_dags/example_dag_decorator.py
[2024-02-12T19:15:28.988+0000] {processor.py:840} INFO - DAG(s) 'example_dag_decorator' retrieved from /home/airflow/.local/lib/python3.8/site-packages/airflow/example_dags/example_dag_decorator.py
[2024-02-12T19:15:29.115+0000] {logging_mixin.py:188} INFO - [2024-02-12T19:15:29.115+0000] {dag.py:3036} INFO - Sync 1 DAGs
[2024-02-12T19:15:29.134+0000] {logging_mixin.py:188} INFO - [2024-02-12T19:15:29.134+0000] {dag.py:3823} INFO - Setting next_dagrun for example_dag_decorator to None, run_after=None
[2024-02-12T19:15:29.158+0000] {processor.py:183} INFO - Processing /home/airflow/.local/lib/python3.8/site-packages/airflow/example_dags/example_dag_decorator.py took 0.289 seconds
[2024-02-12T19:15:59.280+0000] {processor.py:161} INFO - Started process (PID=7961) to work on /home/airflow/.local/lib/python3.8/site-packages/airflow/example_dags/example_dag_decorator.py
[2024-02-12T19:15:59.281+0000] {processor.py:830} INFO - Processing file /home/airflow/.local/lib/python3.8/site-packages/airflow/example_dags/example_dag_decorator.py for tasks to queue
[2024-02-12T19:15:59.282+0000] {logging_mixin.py:188} INFO - [2024-02-12T19:15:59.282+0000] {dagbag.py:538} INFO - Filling up the DagBag from /home/airflow/.local/lib/python3.8/site-packages/airflow/example_dags/example_dag_decorator.py
[2024-02-12T19:15:59.402+0000] {processor.py:840} INFO - DAG(s) 'example_dag_decorator' retrieved from /home/airflow/.local/lib/python3.8/site-packages/airflow/example_dags/example_dag_decorator.py
[2024-02-12T19:15:59.545+0000] {logging_mixin.py:188} INFO - [2024-02-12T19:15:59.545+0000] {dag.py:3036} INFO - Sync 1 DAGs
[2024-02-12T19:15:59.557+0000] {logging_mixin.py:188} INFO - [2024-02-12T19:15:59.557+0000] {dag.py:3823} INFO - Setting next_dagrun for example_dag_decorator to None, run_after=None
[2024-02-12T19:15:59.584+0000] {processor.py:183} INFO - Processing /home/airflow/.local/lib/python3.8/site-packages/airflow/example_dags/example_dag_decorator.py took 0.306 seconds
[2024-02-12T19:16:29.772+0000] {processor.py:161} INFO - Started process (PID=8209) to work on /home/airflow/.local/lib/python3.8/site-packages/airflow/example_dags/example_dag_decorator.py
[2024-02-12T19:16:29.773+0000] {processor.py:830} INFO - Processing file /home/airflow/.local/lib/python3.8/site-packages/airflow/example_dags/example_dag_decorator.py for tasks to queue
[2024-02-12T19:16:29.774+0000] {logging_mixin.py:188} INFO - [2024-02-12T19:16:29.773+0000] {dagbag.py:538} INFO - Filling up the DagBag from /home/airflow/.local/lib/python3.8/site-packages/airflow/example_dags/example_dag_decorator.py
[2024-02-12T19:16:29.906+0000] {processor.py:840} INFO - DAG(s) 'example_dag_decorator' retrieved from /home/airflow/.local/lib/python3.8/site-packages/airflow/example_dags/example_dag_decorator.py
[2024-02-12T19:16:30.036+0000] {logging_mixin.py:188} INFO - [2024-02-12T19:16:30.035+0000] {dag.py:3036} INFO - Sync 1 DAGs
[2024-02-12T19:16:30.052+0000] {logging_mixin.py:188} INFO - [2024-02-12T19:16:30.051+0000] {dag.py:3823} INFO - Setting next_dagrun for example_dag_decorator to None, run_after=None
[2024-02-12T19:16:30.080+0000] {processor.py:183} INFO - Processing /home/airflow/.local/lib/python3.8/site-packages/airflow/example_dags/example_dag_decorator.py took 0.312 seconds
[2024-02-12T19:17:00.308+0000] {processor.py:161} INFO - Started process (PID=8456) to work on /home/airflow/.local/lib/python3.8/site-packages/airflow/example_dags/example_dag_decorator.py
[2024-02-12T19:17:00.309+0000] {processor.py:830} INFO - Processing file /home/airflow/.local/lib/python3.8/site-packages/airflow/example_dags/example_dag_decorator.py for tasks to queue
[2024-02-12T19:17:00.310+0000] {logging_mixin.py:188} INFO - [2024-02-12T19:17:00.310+0000] {dagbag.py:538} INFO - Filling up the DagBag from /home/airflow/.local/lib/python3.8/site-packages/airflow/example_dags/example_dag_decorator.py
[2024-02-12T19:17:00.465+0000] {processor.py:840} INFO - DAG(s) 'example_dag_decorator' retrieved from /home/airflow/.local/lib/python3.8/site-packages/airflow/example_dags/example_dag_decorator.py
[2024-02-12T19:17:00.590+0000] {logging_mixin.py:188} INFO - [2024-02-12T19:17:00.589+0000] {dag.py:3036} INFO - Sync 1 DAGs
[2024-02-12T19:17:00.603+0000] {logging_mixin.py:188} INFO - [2024-02-12T19:17:00.602+0000] {dag.py:3823} INFO - Setting next_dagrun for example_dag_decorator to None, run_after=None
[2024-02-12T19:17:00.630+0000] {processor.py:183} INFO - Processing /home/airflow/.local/lib/python3.8/site-packages/airflow/example_dags/example_dag_decorator.py took 0.325 seconds
[2024-02-12T19:17:30.808+0000] {processor.py:161} INFO - Started process (PID=8703) to work on /home/airflow/.local/lib/python3.8/site-packages/airflow/example_dags/example_dag_decorator.py
[2024-02-12T19:17:30.809+0000] {processor.py:830} INFO - Processing file /home/airflow/.local/lib/python3.8/site-packages/airflow/example_dags/example_dag_decorator.py for tasks to queue
[2024-02-12T19:17:30.810+0000] {logging_mixin.py:188} INFO - [2024-02-12T19:17:30.809+0000] {dagbag.py:538} INFO - Filling up the DagBag from /home/airflow/.local/lib/python3.8/site-packages/airflow/example_dags/example_dag_decorator.py
[2024-02-12T19:17:30.921+0000] {processor.py:840} INFO - DAG(s) 'example_dag_decorator' retrieved from /home/airflow/.local/lib/python3.8/site-packages/airflow/example_dags/example_dag_decorator.py
[2024-02-12T19:17:31.065+0000] {logging_mixin.py:188} INFO - [2024-02-12T19:17:31.064+0000] {dag.py:3036} INFO - Sync 1 DAGs
[2024-02-12T19:17:31.076+0000] {logging_mixin.py:188} INFO - [2024-02-12T19:17:31.076+0000] {dag.py:3823} INFO - Setting next_dagrun for example_dag_decorator to None, run_after=None
[2024-02-12T19:17:31.109+0000] {processor.py:183} INFO - Processing /home/airflow/.local/lib/python3.8/site-packages/airflow/example_dags/example_dag_decorator.py took 0.304 seconds
[2024-02-12T19:18:01.144+0000] {processor.py:161} INFO - Started process (PID=8955) to work on /home/airflow/.local/lib/python3.8/site-packages/airflow/example_dags/example_dag_decorator.py
[2024-02-12T19:18:01.145+0000] {processor.py:830} INFO - Processing file /home/airflow/.local/lib/python3.8/site-packages/airflow/example_dags/example_dag_decorator.py for tasks to queue
[2024-02-12T19:18:01.146+0000] {logging_mixin.py:188} INFO - [2024-02-12T19:18:01.145+0000] {dagbag.py:538} INFO - Filling up the DagBag from /home/airflow/.local/lib/python3.8/site-packages/airflow/example_dags/example_dag_decorator.py
[2024-02-12T19:18:01.262+0000] {processor.py:840} INFO - DAG(s) 'example_dag_decorator' retrieved from /home/airflow/.local/lib/python3.8/site-packages/airflow/example_dags/example_dag_decorator.py
[2024-02-12T19:18:01.386+0000] {logging_mixin.py:188} INFO - [2024-02-12T19:18:01.386+0000] {dag.py:3036} INFO - Sync 1 DAGs
[2024-02-12T19:18:01.399+0000] {logging_mixin.py:188} INFO - [2024-02-12T19:18:01.399+0000] {dag.py:3823} INFO - Setting next_dagrun for example_dag_decorator to None, run_after=None
[2024-02-12T19:18:01.424+0000] {processor.py:183} INFO - Processing /home/airflow/.local/lib/python3.8/site-packages/airflow/example_dags/example_dag_decorator.py took 0.283 seconds
[2024-02-12T19:18:31.584+0000] {processor.py:161} INFO - Started process (PID=9197) to work on /home/airflow/.local/lib/python3.8/site-packages/airflow/example_dags/example_dag_decorator.py
[2024-02-12T19:18:31.585+0000] {processor.py:830} INFO - Processing file /home/airflow/.local/lib/python3.8/site-packages/airflow/example_dags/example_dag_decorator.py for tasks to queue
[2024-02-12T19:18:31.586+0000] {logging_mixin.py:188} INFO - [2024-02-12T19:18:31.585+0000] {dagbag.py:538} INFO - Filling up the DagBag from /home/airflow/.local/lib/python3.8/site-packages/airflow/example_dags/example_dag_decorator.py
[2024-02-12T19:18:31.771+0000] {processor.py:840} INFO - DAG(s) 'example_dag_decorator' retrieved from /home/airflow/.local/lib/python3.8/site-packages/airflow/example_dags/example_dag_decorator.py
[2024-02-12T19:18:31.953+0000] {logging_mixin.py:188} INFO - [2024-02-12T19:18:31.952+0000] {dag.py:3036} INFO - Sync 1 DAGs
[2024-02-12T19:18:32.126+0000] {logging_mixin.py:188} INFO - [2024-02-12T19:18:32.126+0000] {dag.py:3823} INFO - Setting next_dagrun for example_dag_decorator to None, run_after=None
[2024-02-12T19:18:32.151+0000] {processor.py:183} INFO - Processing /home/airflow/.local/lib/python3.8/site-packages/airflow/example_dags/example_dag_decorator.py took 0.571 seconds
[2024-02-12T19:19:02.964+0000] {processor.py:161} INFO - Started process (PID=9455) to work on /home/airflow/.local/lib/python3.8/site-packages/airflow/example_dags/example_dag_decorator.py
[2024-02-12T19:19:02.965+0000] {processor.py:830} INFO - Processing file /home/airflow/.local/lib/python3.8/site-packages/airflow/example_dags/example_dag_decorator.py for tasks to queue
[2024-02-12T19:19:02.965+0000] {logging_mixin.py:188} INFO - [2024-02-12T19:19:02.965+0000] {dagbag.py:538} INFO - Filling up the DagBag from /home/airflow/.local/lib/python3.8/site-packages/airflow/example_dags/example_dag_decorator.py
[2024-02-12T19:19:03.088+0000] {processor.py:840} INFO - DAG(s) 'example_dag_decorator' retrieved from /home/airflow/.local/lib/python3.8/site-packages/airflow/example_dags/example_dag_decorator.py
[2024-02-12T19:19:03.252+0000] {logging_mixin.py:188} INFO - [2024-02-12T19:19:03.252+0000] {dag.py:3036} INFO - Sync 1 DAGs
[2024-02-12T19:19:03.266+0000] {logging_mixin.py:188} INFO - [2024-02-12T19:19:03.266+0000] {dag.py:3823} INFO - Setting next_dagrun for example_dag_decorator to None, run_after=None
[2024-02-12T19:19:03.451+0000] {processor.py:183} INFO - Processing /home/airflow/.local/lib/python3.8/site-packages/airflow/example_dags/example_dag_decorator.py took 0.491 seconds
[2024-02-12T19:19:33.482+0000] {processor.py:161} INFO - Started process (PID=9702) to work on /home/airflow/.local/lib/python3.8/site-packages/airflow/example_dags/example_dag_decorator.py
[2024-02-12T19:19:33.483+0000] {processor.py:830} INFO - Processing file /home/airflow/.local/lib/python3.8/site-packages/airflow/example_dags/example_dag_decorator.py for tasks to queue
[2024-02-12T19:19:33.484+0000] {logging_mixin.py:188} INFO - [2024-02-12T19:19:33.484+0000] {dagbag.py:538} INFO - Filling up the DagBag from /home/airflow/.local/lib/python3.8/site-packages/airflow/example_dags/example_dag_decorator.py
[2024-02-12T19:19:33.615+0000] {processor.py:840} INFO - DAG(s) 'example_dag_decorator' retrieved from /home/airflow/.local/lib/python3.8/site-packages/airflow/example_dags/example_dag_decorator.py
[2024-02-12T19:19:33.745+0000] {logging_mixin.py:188} INFO - [2024-02-12T19:19:33.745+0000] {dag.py:3036} INFO - Sync 1 DAGs
[2024-02-12T19:19:33.757+0000] {logging_mixin.py:188} INFO - [2024-02-12T19:19:33.757+0000] {dag.py:3823} INFO - Setting next_dagrun for example_dag_decorator to None, run_after=None
[2024-02-12T19:19:33.783+0000] {processor.py:183} INFO - Processing /home/airflow/.local/lib/python3.8/site-packages/airflow/example_dags/example_dag_decorator.py took 0.305 seconds
[2024-02-12T19:20:04.180+0000] {processor.py:161} INFO - Started process (PID=9949) to work on /home/airflow/.local/lib/python3.8/site-packages/airflow/example_dags/example_dag_decorator.py
[2024-02-12T19:20:04.181+0000] {processor.py:830} INFO - Processing file /home/airflow/.local/lib/python3.8/site-packages/airflow/example_dags/example_dag_decorator.py for tasks to queue
[2024-02-12T19:20:04.182+0000] {logging_mixin.py:188} INFO - [2024-02-12T19:20:04.182+0000] {dagbag.py:538} INFO - Filling up the DagBag from /home/airflow/.local/lib/python3.8/site-packages/airflow/example_dags/example_dag_decorator.py
[2024-02-12T19:20:04.315+0000] {processor.py:840} INFO - DAG(s) 'example_dag_decorator' retrieved from /home/airflow/.local/lib/python3.8/site-packages/airflow/example_dags/example_dag_decorator.py
[2024-02-12T19:20:04.470+0000] {logging_mixin.py:188} INFO - [2024-02-12T19:20:04.470+0000] {dag.py:3036} INFO - Sync 1 DAGs
[2024-02-12T19:20:04.481+0000] {logging_mixin.py:188} INFO - [2024-02-12T19:20:04.481+0000] {dag.py:3823} INFO - Setting next_dagrun for example_dag_decorator to None, run_after=None
[2024-02-12T19:20:04.529+0000] {processor.py:183} INFO - Processing /home/airflow/.local/lib/python3.8/site-packages/airflow/example_dags/example_dag_decorator.py took 0.353 seconds
[2024-02-12T19:20:34.608+0000] {processor.py:161} INFO - Started process (PID=10205) to work on /home/airflow/.local/lib/python3.8/site-packages/airflow/example_dags/example_dag_decorator.py
[2024-02-12T19:20:34.609+0000] {processor.py:830} INFO - Processing file /home/airflow/.local/lib/python3.8/site-packages/airflow/example_dags/example_dag_decorator.py for tasks to queue
[2024-02-12T19:20:34.609+0000] {logging_mixin.py:188} INFO - [2024-02-12T19:20:34.609+0000] {dagbag.py:538} INFO - Filling up the DagBag from /home/airflow/.local/lib/python3.8/site-packages/airflow/example_dags/example_dag_decorator.py
[2024-02-12T19:20:34.722+0000] {processor.py:840} INFO - DAG(s) 'example_dag_decorator' retrieved from /home/airflow/.local/lib/python3.8/site-packages/airflow/example_dags/example_dag_decorator.py
[2024-02-12T19:20:34.924+0000] {logging_mixin.py:188} INFO - [2024-02-12T19:20:34.923+0000] {dag.py:3036} INFO - Sync 1 DAGs
[2024-02-12T19:20:34.932+0000] {logging_mixin.py:188} INFO - [2024-02-12T19:20:34.931+0000] {dag.py:3823} INFO - Setting next_dagrun for example_dag_decorator to None, run_after=None
[2024-02-12T19:20:34.957+0000] {processor.py:183} INFO - Processing /home/airflow/.local/lib/python3.8/site-packages/airflow/example_dags/example_dag_decorator.py took 0.352 seconds
[2024-02-12T19:21:05.102+0000] {processor.py:161} INFO - Started process (PID=10445) to work on /home/airflow/.local/lib/python3.8/site-packages/airflow/example_dags/example_dag_decorator.py
[2024-02-12T19:21:05.103+0000] {processor.py:830} INFO - Processing file /home/airflow/.local/lib/python3.8/site-packages/airflow/example_dags/example_dag_decorator.py for tasks to queue
[2024-02-12T19:21:05.105+0000] {logging_mixin.py:188} INFO - [2024-02-12T19:21:05.105+0000] {dagbag.py:538} INFO - Filling up the DagBag from /home/airflow/.local/lib/python3.8/site-packages/airflow/example_dags/example_dag_decorator.py
[2024-02-12T19:21:05.225+0000] {processor.py:840} INFO - DAG(s) 'example_dag_decorator' retrieved from /home/airflow/.local/lib/python3.8/site-packages/airflow/example_dags/example_dag_decorator.py
[2024-02-12T19:21:05.387+0000] {logging_mixin.py:188} INFO - [2024-02-12T19:21:05.387+0000] {dag.py:3036} INFO - Sync 1 DAGs
[2024-02-12T19:21:05.405+0000] {logging_mixin.py:188} INFO - [2024-02-12T19:21:05.405+0000] {dag.py:3823} INFO - Setting next_dagrun for example_dag_decorator to None, run_after=None
[2024-02-12T19:21:05.588+0000] {processor.py:183} INFO - Processing /home/airflow/.local/lib/python3.8/site-packages/airflow/example_dags/example_dag_decorator.py took 0.491 seconds
[2024-02-12T19:21:35.696+0000] {processor.py:161} INFO - Started process (PID=10693) to work on /home/airflow/.local/lib/python3.8/site-packages/airflow/example_dags/example_dag_decorator.py
[2024-02-12T19:21:35.697+0000] {processor.py:830} INFO - Processing file /home/airflow/.local/lib/python3.8/site-packages/airflow/example_dags/example_dag_decorator.py for tasks to queue
[2024-02-12T19:21:35.698+0000] {logging_mixin.py:188} INFO - [2024-02-12T19:21:35.697+0000] {dagbag.py:538} INFO - Filling up the DagBag from /home/airflow/.local/lib/python3.8/site-packages/airflow/example_dags/example_dag_decorator.py
[2024-02-12T19:21:35.830+0000] {processor.py:840} INFO - DAG(s) 'example_dag_decorator' retrieved from /home/airflow/.local/lib/python3.8/site-packages/airflow/example_dags/example_dag_decorator.py
[2024-02-12T19:21:35.966+0000] {logging_mixin.py:188} INFO - [2024-02-12T19:21:35.965+0000] {dag.py:3036} INFO - Sync 1 DAGs
[2024-02-12T19:21:35.978+0000] {logging_mixin.py:188} INFO - [2024-02-12T19:21:35.977+0000] {dag.py:3823} INFO - Setting next_dagrun for example_dag_decorator to None, run_after=None
[2024-02-12T19:21:36.004+0000] {processor.py:183} INFO - Processing /home/airflow/.local/lib/python3.8/site-packages/airflow/example_dags/example_dag_decorator.py took 0.312 seconds
[2024-02-12T19:22:06.291+0000] {processor.py:161} INFO - Started process (PID=10940) to work on /home/airflow/.local/lib/python3.8/site-packages/airflow/example_dags/example_dag_decorator.py
[2024-02-12T19:22:06.294+0000] {processor.py:830} INFO - Processing file /home/airflow/.local/lib/python3.8/site-packages/airflow/example_dags/example_dag_decorator.py for tasks to queue
[2024-02-12T19:22:06.295+0000] {logging_mixin.py:188} INFO - [2024-02-12T19:22:06.295+0000] {dagbag.py:538} INFO - Filling up the DagBag from /home/airflow/.local/lib/python3.8/site-packages/airflow/example_dags/example_dag_decorator.py
[2024-02-12T19:22:06.502+0000] {processor.py:840} INFO - DAG(s) 'example_dag_decorator' retrieved from /home/airflow/.local/lib/python3.8/site-packages/airflow/example_dags/example_dag_decorator.py
[2024-02-12T19:22:07.150+0000] {logging_mixin.py:188} INFO - [2024-02-12T19:22:07.149+0000] {dag.py:3036} INFO - Sync 1 DAGs
[2024-02-12T19:22:07.191+0000] {logging_mixin.py:188} INFO - [2024-02-12T19:22:07.191+0000] {dag.py:3823} INFO - Setting next_dagrun for example_dag_decorator to None, run_after=None
[2024-02-12T19:22:07.264+0000] {processor.py:183} INFO - Processing /home/airflow/.local/lib/python3.8/site-packages/airflow/example_dags/example_dag_decorator.py took 0.979 seconds
[2024-02-12T19:22:37.485+0000] {processor.py:161} INFO - Started process (PID=11187) to work on /home/airflow/.local/lib/python3.8/site-packages/airflow/example_dags/example_dag_decorator.py
[2024-02-12T19:22:37.486+0000] {processor.py:830} INFO - Processing file /home/airflow/.local/lib/python3.8/site-packages/airflow/example_dags/example_dag_decorator.py for tasks to queue
[2024-02-12T19:22:37.487+0000] {logging_mixin.py:188} INFO - [2024-02-12T19:22:37.486+0000] {dagbag.py:538} INFO - Filling up the DagBag from /home/airflow/.local/lib/python3.8/site-packages/airflow/example_dags/example_dag_decorator.py
[2024-02-12T19:22:37.606+0000] {processor.py:840} INFO - DAG(s) 'example_dag_decorator' retrieved from /home/airflow/.local/lib/python3.8/site-packages/airflow/example_dags/example_dag_decorator.py
[2024-02-12T19:22:37.978+0000] {logging_mixin.py:188} INFO - [2024-02-12T19:22:37.978+0000] {dag.py:3036} INFO - Sync 1 DAGs
[2024-02-12T19:22:37.988+0000] {logging_mixin.py:188} INFO - [2024-02-12T19:22:37.987+0000] {dag.py:3823} INFO - Setting next_dagrun for example_dag_decorator to None, run_after=None
[2024-02-12T19:22:38.014+0000] {processor.py:183} INFO - Processing /home/airflow/.local/lib/python3.8/site-packages/airflow/example_dags/example_dag_decorator.py took 0.533 seconds
[2024-02-12T19:23:08.703+0000] {processor.py:161} INFO - Started process (PID=11439) to work on /home/airflow/.local/lib/python3.8/site-packages/airflow/example_dags/example_dag_decorator.py
[2024-02-12T19:23:08.704+0000] {processor.py:830} INFO - Processing file /home/airflow/.local/lib/python3.8/site-packages/airflow/example_dags/example_dag_decorator.py for tasks to queue
[2024-02-12T19:23:08.705+0000] {logging_mixin.py:188} INFO - [2024-02-12T19:23:08.705+0000] {dagbag.py:538} INFO - Filling up the DagBag from /home/airflow/.local/lib/python3.8/site-packages/airflow/example_dags/example_dag_decorator.py
[2024-02-12T19:23:08.831+0000] {processor.py:840} INFO - DAG(s) 'example_dag_decorator' retrieved from /home/airflow/.local/lib/python3.8/site-packages/airflow/example_dags/example_dag_decorator.py
[2024-02-12T19:23:09.109+0000] {logging_mixin.py:188} INFO - [2024-02-12T19:23:09.109+0000] {dag.py:3036} INFO - Sync 1 DAGs
[2024-02-12T19:23:09.121+0000] {logging_mixin.py:188} INFO - [2024-02-12T19:23:09.121+0000] {dag.py:3823} INFO - Setting next_dagrun for example_dag_decorator to None, run_after=None
[2024-02-12T19:23:09.153+0000] {processor.py:183} INFO - Processing /home/airflow/.local/lib/python3.8/site-packages/airflow/example_dags/example_dag_decorator.py took 0.453 seconds
[2024-02-12T19:23:40.053+0000] {processor.py:161} INFO - Started process (PID=11696) to work on /home/airflow/.local/lib/python3.8/site-packages/airflow/example_dags/example_dag_decorator.py
[2024-02-12T19:23:40.054+0000] {processor.py:830} INFO - Processing file /home/airflow/.local/lib/python3.8/site-packages/airflow/example_dags/example_dag_decorator.py for tasks to queue
[2024-02-12T19:23:40.055+0000] {logging_mixin.py:188} INFO - [2024-02-12T19:23:40.055+0000] {dagbag.py:538} INFO - Filling up the DagBag from /home/airflow/.local/lib/python3.8/site-packages/airflow/example_dags/example_dag_decorator.py
[2024-02-12T19:23:40.175+0000] {processor.py:840} INFO - DAG(s) 'example_dag_decorator' retrieved from /home/airflow/.local/lib/python3.8/site-packages/airflow/example_dags/example_dag_decorator.py
[2024-02-12T19:23:40.463+0000] {logging_mixin.py:188} INFO - [2024-02-12T19:23:40.463+0000] {dag.py:3036} INFO - Sync 1 DAGs
[2024-02-12T19:23:40.476+0000] {logging_mixin.py:188} INFO - [2024-02-12T19:23:40.475+0000] {dag.py:3823} INFO - Setting next_dagrun for example_dag_decorator to None, run_after=None
[2024-02-12T19:23:40.501+0000] {processor.py:183} INFO - Processing /home/airflow/.local/lib/python3.8/site-packages/airflow/example_dags/example_dag_decorator.py took 0.452 seconds
[2024-02-12T19:24:10.765+0000] {processor.py:161} INFO - Started process (PID=11943) to work on /home/airflow/.local/lib/python3.8/site-packages/airflow/example_dags/example_dag_decorator.py
[2024-02-12T19:24:10.766+0000] {processor.py:830} INFO - Processing file /home/airflow/.local/lib/python3.8/site-packages/airflow/example_dags/example_dag_decorator.py for tasks to queue
[2024-02-12T19:24:10.769+0000] {logging_mixin.py:188} INFO - [2024-02-12T19:24:10.768+0000] {dagbag.py:538} INFO - Filling up the DagBag from /home/airflow/.local/lib/python3.8/site-packages/airflow/example_dags/example_dag_decorator.py
[2024-02-12T19:24:10.891+0000] {processor.py:840} INFO - DAG(s) 'example_dag_decorator' retrieved from /home/airflow/.local/lib/python3.8/site-packages/airflow/example_dags/example_dag_decorator.py
[2024-02-12T19:24:11.167+0000] {logging_mixin.py:188} INFO - [2024-02-12T19:24:11.167+0000] {dag.py:3036} INFO - Sync 1 DAGs
[2024-02-12T19:24:11.181+0000] {logging_mixin.py:188} INFO - [2024-02-12T19:24:11.181+0000] {dag.py:3823} INFO - Setting next_dagrun for example_dag_decorator to None, run_after=None
[2024-02-12T19:24:11.220+0000] {processor.py:183} INFO - Processing /home/airflow/.local/lib/python3.8/site-packages/airflow/example_dags/example_dag_decorator.py took 0.458 seconds
[2024-02-12T19:24:41.939+0000] {processor.py:161} INFO - Started process (PID=12195) to work on /home/airflow/.local/lib/python3.8/site-packages/airflow/example_dags/example_dag_decorator.py
[2024-02-12T19:24:41.940+0000] {processor.py:830} INFO - Processing file /home/airflow/.local/lib/python3.8/site-packages/airflow/example_dags/example_dag_decorator.py for tasks to queue
[2024-02-12T19:24:41.941+0000] {logging_mixin.py:188} INFO - [2024-02-12T19:24:41.941+0000] {dagbag.py:538} INFO - Filling up the DagBag from /home/airflow/.local/lib/python3.8/site-packages/airflow/example_dags/example_dag_decorator.py
[2024-02-12T19:24:42.062+0000] {processor.py:840} INFO - DAG(s) 'example_dag_decorator' retrieved from /home/airflow/.local/lib/python3.8/site-packages/airflow/example_dags/example_dag_decorator.py
[2024-02-12T19:24:42.347+0000] {logging_mixin.py:188} INFO - [2024-02-12T19:24:42.346+0000] {dag.py:3036} INFO - Sync 1 DAGs
[2024-02-12T19:24:42.358+0000] {logging_mixin.py:188} INFO - [2024-02-12T19:24:42.358+0000] {dag.py:3823} INFO - Setting next_dagrun for example_dag_decorator to None, run_after=None
[2024-02-12T19:24:42.384+0000] {processor.py:183} INFO - Processing /home/airflow/.local/lib/python3.8/site-packages/airflow/example_dags/example_dag_decorator.py took 0.448 seconds
[2024-02-12T19:25:12.587+0000] {processor.py:161} INFO - Started process (PID=12443) to work on /home/airflow/.local/lib/python3.8/site-packages/airflow/example_dags/example_dag_decorator.py
[2024-02-12T19:25:12.597+0000] {processor.py:830} INFO - Processing file /home/airflow/.local/lib/python3.8/site-packages/airflow/example_dags/example_dag_decorator.py for tasks to queue
[2024-02-12T19:25:12.607+0000] {logging_mixin.py:188} INFO - [2024-02-12T19:25:12.597+0000] {dagbag.py:538} INFO - Filling up the DagBag from /home/airflow/.local/lib/python3.8/site-packages/airflow/example_dags/example_dag_decorator.py
[2024-02-12T19:25:12.826+0000] {processor.py:840} INFO - DAG(s) 'example_dag_decorator' retrieved from /home/airflow/.local/lib/python3.8/site-packages/airflow/example_dags/example_dag_decorator.py
[2024-02-12T19:25:13.325+0000] {logging_mixin.py:188} INFO - [2024-02-12T19:25:13.325+0000] {dag.py:3036} INFO - Sync 1 DAGs
[2024-02-12T19:25:13.362+0000] {logging_mixin.py:188} INFO - [2024-02-12T19:25:13.361+0000] {dag.py:3823} INFO - Setting next_dagrun for example_dag_decorator to None, run_after=None
[2024-02-12T19:25:13.523+0000] {processor.py:183} INFO - Processing /home/airflow/.local/lib/python3.8/site-packages/airflow/example_dags/example_dag_decorator.py took 0.944 seconds
[2024-02-12T19:25:43.634+0000] {processor.py:161} INFO - Started process (PID=12704) to work on /home/airflow/.local/lib/python3.8/site-packages/airflow/example_dags/example_dag_decorator.py
[2024-02-12T19:25:43.634+0000] {processor.py:830} INFO - Processing file /home/airflow/.local/lib/python3.8/site-packages/airflow/example_dags/example_dag_decorator.py for tasks to queue
[2024-02-12T19:25:43.635+0000] {logging_mixin.py:188} INFO - [2024-02-12T19:25:43.635+0000] {dagbag.py:538} INFO - Filling up the DagBag from /home/airflow/.local/lib/python3.8/site-packages/airflow/example_dags/example_dag_decorator.py
[2024-02-12T19:25:43.708+0000] {processor.py:840} INFO - DAG(s) 'example_dag_decorator' retrieved from /home/airflow/.local/lib/python3.8/site-packages/airflow/example_dags/example_dag_decorator.py
[2024-02-12T19:25:43.718+0000] {logging_mixin.py:188} INFO - [2024-02-12T19:25:43.718+0000] {dag.py:3036} INFO - Sync 1 DAGs
[2024-02-12T19:25:43.729+0000] {logging_mixin.py:188} INFO - [2024-02-12T19:25:43.728+0000] {dag.py:3823} INFO - Setting next_dagrun for example_dag_decorator to None, run_after=None
[2024-02-12T19:25:43.749+0000] {processor.py:183} INFO - Processing /home/airflow/.local/lib/python3.8/site-packages/airflow/example_dags/example_dag_decorator.py took 0.118 seconds
[2024-02-12T19:26:14.202+0000] {processor.py:161} INFO - Started process (PID=12937) to work on /home/airflow/.local/lib/python3.8/site-packages/airflow/example_dags/example_dag_decorator.py
[2024-02-12T19:26:14.208+0000] {processor.py:830} INFO - Processing file /home/airflow/.local/lib/python3.8/site-packages/airflow/example_dags/example_dag_decorator.py for tasks to queue
[2024-02-12T19:26:14.210+0000] {logging_mixin.py:188} INFO - [2024-02-12T19:26:14.209+0000] {dagbag.py:538} INFO - Filling up the DagBag from /home/airflow/.local/lib/python3.8/site-packages/airflow/example_dags/example_dag_decorator.py
[2024-02-12T19:26:14.544+0000] {processor.py:840} INFO - DAG(s) 'example_dag_decorator' retrieved from /home/airflow/.local/lib/python3.8/site-packages/airflow/example_dags/example_dag_decorator.py
