[2024-02-12T19:00:18.229+0000] {processor.py:161} INFO - Started process (PID=361) to work on /home/airflow/.local/lib/python3.8/site-packages/airflow/example_dags/example_params_trigger_ui.py
[2024-02-12T19:00:18.230+0000] {processor.py:830} INFO - Processing file /home/airflow/.local/lib/python3.8/site-packages/airflow/example_dags/example_params_trigger_ui.py for tasks to queue
[2024-02-12T19:00:18.231+0000] {logging_mixin.py:188} INFO - [2024-02-12T19:00:18.231+0000] {dagbag.py:538} INFO - Filling up the DagBag from /home/airflow/.local/lib/python3.8/site-packages/airflow/example_dags/example_params_trigger_ui.py
[2024-02-12T19:00:18.262+0000] {processor.py:840} INFO - DAG(s) 'example_params_trigger_ui' retrieved from /home/airflow/.local/lib/python3.8/site-packages/airflow/example_dags/example_params_trigger_ui.py
[2024-02-12T19:00:18.539+0000] {logging_mixin.py:188} INFO - [2024-02-12T19:00:18.538+0000] {dag.py:3036} INFO - Sync 1 DAGs
[2024-02-12T19:00:18.551+0000] {logging_mixin.py:188} INFO - [2024-02-12T19:00:18.551+0000] {dag.py:3823} INFO - Setting next_dagrun for example_params_trigger_ui to None, run_after=None
[2024-02-12T19:00:18.606+0000] {processor.py:183} INFO - Processing /home/airflow/.local/lib/python3.8/site-packages/airflow/example_dags/example_params_trigger_ui.py took 0.393 seconds
[2024-02-12T19:00:49.404+0000] {processor.py:161} INFO - Started process (PID=607) to work on /home/airflow/.local/lib/python3.8/site-packages/airflow/example_dags/example_params_trigger_ui.py
[2024-02-12T19:00:49.418+0000] {processor.py:830} INFO - Processing file /home/airflow/.local/lib/python3.8/site-packages/airflow/example_dags/example_params_trigger_ui.py for tasks to queue
[2024-02-12T19:00:49.420+0000] {logging_mixin.py:188} INFO - [2024-02-12T19:00:49.419+0000] {dagbag.py:538} INFO - Filling up the DagBag from /home/airflow/.local/lib/python3.8/site-packages/airflow/example_dags/example_params_trigger_ui.py
[2024-02-12T19:00:49.436+0000] {processor.py:840} INFO - DAG(s) 'example_params_trigger_ui' retrieved from /home/airflow/.local/lib/python3.8/site-packages/airflow/example_dags/example_params_trigger_ui.py
[2024-02-12T19:00:49.696+0000] {logging_mixin.py:188} INFO - [2024-02-12T19:00:49.696+0000] {dag.py:3036} INFO - Sync 1 DAGs
[2024-02-12T19:00:49.771+0000] {logging_mixin.py:188} INFO - [2024-02-12T19:00:49.771+0000] {dag.py:3823} INFO - Setting next_dagrun for example_params_trigger_ui to None, run_after=None
[2024-02-12T19:00:49.953+0000] {processor.py:183} INFO - Processing /home/airflow/.local/lib/python3.8/site-packages/airflow/example_dags/example_params_trigger_ui.py took 0.553 seconds
[2024-02-12T19:01:20.588+0000] {processor.py:161} INFO - Started process (PID=855) to work on /home/airflow/.local/lib/python3.8/site-packages/airflow/example_dags/example_params_trigger_ui.py
[2024-02-12T19:01:20.589+0000] {processor.py:830} INFO - Processing file /home/airflow/.local/lib/python3.8/site-packages/airflow/example_dags/example_params_trigger_ui.py for tasks to queue
[2024-02-12T19:01:20.590+0000] {logging_mixin.py:188} INFO - [2024-02-12T19:01:20.589+0000] {dagbag.py:538} INFO - Filling up the DagBag from /home/airflow/.local/lib/python3.8/site-packages/airflow/example_dags/example_params_trigger_ui.py
[2024-02-12T19:01:20.607+0000] {processor.py:840} INFO - DAG(s) 'example_params_trigger_ui' retrieved from /home/airflow/.local/lib/python3.8/site-packages/airflow/example_dags/example_params_trigger_ui.py
[2024-02-12T19:01:20.676+0000] {logging_mixin.py:188} INFO - [2024-02-12T19:01:20.675+0000] {dag.py:3036} INFO - Sync 1 DAGs
[2024-02-12T19:01:20.690+0000] {logging_mixin.py:188} INFO - [2024-02-12T19:01:20.690+0000] {dag.py:3823} INFO - Setting next_dagrun for example_params_trigger_ui to None, run_after=None
[2024-02-12T19:01:20.714+0000] {processor.py:183} INFO - Processing /home/airflow/.local/lib/python3.8/site-packages/airflow/example_dags/example_params_trigger_ui.py took 0.130 seconds
[2024-02-12T19:01:51.036+0000] {processor.py:161} INFO - Started process (PID=1102) to work on /home/airflow/.local/lib/python3.8/site-packages/airflow/example_dags/example_params_trigger_ui.py
[2024-02-12T19:01:51.037+0000] {processor.py:830} INFO - Processing file /home/airflow/.local/lib/python3.8/site-packages/airflow/example_dags/example_params_trigger_ui.py for tasks to queue
[2024-02-12T19:01:51.038+0000] {logging_mixin.py:188} INFO - [2024-02-12T19:01:51.037+0000] {dagbag.py:538} INFO - Filling up the DagBag from /home/airflow/.local/lib/python3.8/site-packages/airflow/example_dags/example_params_trigger_ui.py
[2024-02-12T19:01:51.053+0000] {processor.py:840} INFO - DAG(s) 'example_params_trigger_ui' retrieved from /home/airflow/.local/lib/python3.8/site-packages/airflow/example_dags/example_params_trigger_ui.py
[2024-02-12T19:01:51.120+0000] {logging_mixin.py:188} INFO - [2024-02-12T19:01:51.120+0000] {dag.py:3036} INFO - Sync 1 DAGs
[2024-02-12T19:01:51.134+0000] {logging_mixin.py:188} INFO - [2024-02-12T19:01:51.134+0000] {dag.py:3823} INFO - Setting next_dagrun for example_params_trigger_ui to None, run_after=None
[2024-02-12T19:01:51.158+0000] {processor.py:183} INFO - Processing /home/airflow/.local/lib/python3.8/site-packages/airflow/example_dags/example_params_trigger_ui.py took 0.125 seconds
[2024-02-12T19:02:21.452+0000] {processor.py:161} INFO - Started process (PID=1349) to work on /home/airflow/.local/lib/python3.8/site-packages/airflow/example_dags/example_params_trigger_ui.py
[2024-02-12T19:02:21.453+0000] {processor.py:830} INFO - Processing file /home/airflow/.local/lib/python3.8/site-packages/airflow/example_dags/example_params_trigger_ui.py for tasks to queue
[2024-02-12T19:02:21.454+0000] {logging_mixin.py:188} INFO - [2024-02-12T19:02:21.454+0000] {dagbag.py:538} INFO - Filling up the DagBag from /home/airflow/.local/lib/python3.8/site-packages/airflow/example_dags/example_params_trigger_ui.py
[2024-02-12T19:02:21.470+0000] {processor.py:840} INFO - DAG(s) 'example_params_trigger_ui' retrieved from /home/airflow/.local/lib/python3.8/site-packages/airflow/example_dags/example_params_trigger_ui.py
[2024-02-12T19:02:21.551+0000] {logging_mixin.py:188} INFO - [2024-02-12T19:02:21.551+0000] {dag.py:3036} INFO - Sync 1 DAGs
[2024-02-12T19:02:21.579+0000] {logging_mixin.py:188} INFO - [2024-02-12T19:02:21.579+0000] {dag.py:3823} INFO - Setting next_dagrun for example_params_trigger_ui to None, run_after=None
[2024-02-12T19:02:21.625+0000] {processor.py:183} INFO - Processing /home/airflow/.local/lib/python3.8/site-packages/airflow/example_dags/example_params_trigger_ui.py took 0.177 seconds
[2024-02-12T19:02:51.990+0000] {processor.py:161} INFO - Started process (PID=1597) to work on /home/airflow/.local/lib/python3.8/site-packages/airflow/example_dags/example_params_trigger_ui.py
[2024-02-12T19:02:51.991+0000] {processor.py:830} INFO - Processing file /home/airflow/.local/lib/python3.8/site-packages/airflow/example_dags/example_params_trigger_ui.py for tasks to queue
[2024-02-12T19:02:51.992+0000] {logging_mixin.py:188} INFO - [2024-02-12T19:02:51.992+0000] {dagbag.py:538} INFO - Filling up the DagBag from /home/airflow/.local/lib/python3.8/site-packages/airflow/example_dags/example_params_trigger_ui.py
[2024-02-12T19:02:52.009+0000] {processor.py:840} INFO - DAG(s) 'example_params_trigger_ui' retrieved from /home/airflow/.local/lib/python3.8/site-packages/airflow/example_dags/example_params_trigger_ui.py
[2024-02-12T19:02:52.146+0000] {logging_mixin.py:188} INFO - [2024-02-12T19:02:52.145+0000] {dag.py:3036} INFO - Sync 1 DAGs
[2024-02-12T19:02:52.181+0000] {logging_mixin.py:188} INFO - [2024-02-12T19:02:52.180+0000] {dag.py:3823} INFO - Setting next_dagrun for example_params_trigger_ui to None, run_after=None
[2024-02-12T19:02:52.226+0000] {processor.py:183} INFO - Processing /home/airflow/.local/lib/python3.8/site-packages/airflow/example_dags/example_params_trigger_ui.py took 0.240 seconds
[2024-02-12T19:03:22.360+0000] {processor.py:161} INFO - Started process (PID=1844) to work on /home/airflow/.local/lib/python3.8/site-packages/airflow/example_dags/example_params_trigger_ui.py
[2024-02-12T19:03:22.362+0000] {processor.py:830} INFO - Processing file /home/airflow/.local/lib/python3.8/site-packages/airflow/example_dags/example_params_trigger_ui.py for tasks to queue
[2024-02-12T19:03:22.363+0000] {logging_mixin.py:188} INFO - [2024-02-12T19:03:22.362+0000] {dagbag.py:538} INFO - Filling up the DagBag from /home/airflow/.local/lib/python3.8/site-packages/airflow/example_dags/example_params_trigger_ui.py
[2024-02-12T19:03:22.380+0000] {processor.py:840} INFO - DAG(s) 'example_params_trigger_ui' retrieved from /home/airflow/.local/lib/python3.8/site-packages/airflow/example_dags/example_params_trigger_ui.py
[2024-02-12T19:03:22.451+0000] {logging_mixin.py:188} INFO - [2024-02-12T19:03:22.450+0000] {dag.py:3036} INFO - Sync 1 DAGs
[2024-02-12T19:03:22.465+0000] {logging_mixin.py:188} INFO - [2024-02-12T19:03:22.465+0000] {dag.py:3823} INFO - Setting next_dagrun for example_params_trigger_ui to None, run_after=None
[2024-02-12T19:03:22.491+0000] {processor.py:183} INFO - Processing /home/airflow/.local/lib/python3.8/site-packages/airflow/example_dags/example_params_trigger_ui.py took 0.134 seconds
[2024-02-12T19:03:53.245+0000] {processor.py:161} INFO - Started process (PID=2092) to work on /home/airflow/.local/lib/python3.8/site-packages/airflow/example_dags/example_params_trigger_ui.py
[2024-02-12T19:03:53.246+0000] {processor.py:830} INFO - Processing file /home/airflow/.local/lib/python3.8/site-packages/airflow/example_dags/example_params_trigger_ui.py for tasks to queue
[2024-02-12T19:03:53.247+0000] {logging_mixin.py:188} INFO - [2024-02-12T19:03:53.247+0000] {dagbag.py:538} INFO - Filling up the DagBag from /home/airflow/.local/lib/python3.8/site-packages/airflow/example_dags/example_params_trigger_ui.py
[2024-02-12T19:03:53.264+0000] {processor.py:840} INFO - DAG(s) 'example_params_trigger_ui' retrieved from /home/airflow/.local/lib/python3.8/site-packages/airflow/example_dags/example_params_trigger_ui.py
[2024-02-12T19:03:53.334+0000] {logging_mixin.py:188} INFO - [2024-02-12T19:03:53.333+0000] {dag.py:3036} INFO - Sync 1 DAGs
[2024-02-12T19:03:53.348+0000] {logging_mixin.py:188} INFO - [2024-02-12T19:03:53.347+0000] {dag.py:3823} INFO - Setting next_dagrun for example_params_trigger_ui to None, run_after=None
[2024-02-12T19:03:53.386+0000] {processor.py:183} INFO - Processing /home/airflow/.local/lib/python3.8/site-packages/airflow/example_dags/example_params_trigger_ui.py took 0.145 seconds
[2024-02-12T19:04:24.069+0000] {processor.py:161} INFO - Started process (PID=2363) to work on /home/airflow/.local/lib/python3.8/site-packages/airflow/example_dags/example_params_trigger_ui.py
[2024-02-12T19:04:24.070+0000] {processor.py:830} INFO - Processing file /home/airflow/.local/lib/python3.8/site-packages/airflow/example_dags/example_params_trigger_ui.py for tasks to queue
[2024-02-12T19:04:24.071+0000] {logging_mixin.py:188} INFO - [2024-02-12T19:04:24.071+0000] {dagbag.py:538} INFO - Filling up the DagBag from /home/airflow/.local/lib/python3.8/site-packages/airflow/example_dags/example_params_trigger_ui.py
[2024-02-12T19:04:24.087+0000] {processor.py:840} INFO - DAG(s) 'example_params_trigger_ui' retrieved from /home/airflow/.local/lib/python3.8/site-packages/airflow/example_dags/example_params_trigger_ui.py
[2024-02-12T19:04:24.156+0000] {logging_mixin.py:188} INFO - [2024-02-12T19:04:24.156+0000] {dag.py:3036} INFO - Sync 1 DAGs
[2024-02-12T19:04:24.171+0000] {logging_mixin.py:188} INFO - [2024-02-12T19:04:24.170+0000] {dag.py:3823} INFO - Setting next_dagrun for example_params_trigger_ui to None, run_after=None
[2024-02-12T19:04:24.211+0000] {processor.py:183} INFO - Processing /home/airflow/.local/lib/python3.8/site-packages/airflow/example_dags/example_params_trigger_ui.py took 0.146 seconds
[2024-02-12T19:04:54.613+0000] {processor.py:161} INFO - Started process (PID=2610) to work on /home/airflow/.local/lib/python3.8/site-packages/airflow/example_dags/example_params_trigger_ui.py
[2024-02-12T19:04:54.614+0000] {processor.py:830} INFO - Processing file /home/airflow/.local/lib/python3.8/site-packages/airflow/example_dags/example_params_trigger_ui.py for tasks to queue
[2024-02-12T19:04:54.615+0000] {logging_mixin.py:188} INFO - [2024-02-12T19:04:54.615+0000] {dagbag.py:538} INFO - Filling up the DagBag from /home/airflow/.local/lib/python3.8/site-packages/airflow/example_dags/example_params_trigger_ui.py
[2024-02-12T19:04:54.634+0000] {processor.py:840} INFO - DAG(s) 'example_params_trigger_ui' retrieved from /home/airflow/.local/lib/python3.8/site-packages/airflow/example_dags/example_params_trigger_ui.py
[2024-02-12T19:04:54.729+0000] {logging_mixin.py:188} INFO - [2024-02-12T19:04:54.729+0000] {dag.py:3036} INFO - Sync 1 DAGs
[2024-02-12T19:04:54.740+0000] {logging_mixin.py:188} INFO - [2024-02-12T19:04:54.740+0000] {dag.py:3823} INFO - Setting next_dagrun for example_params_trigger_ui to None, run_after=None
[2024-02-12T19:04:54.767+0000] {processor.py:183} INFO - Processing /home/airflow/.local/lib/python3.8/site-packages/airflow/example_dags/example_params_trigger_ui.py took 0.156 seconds
[2024-02-12T19:05:25.180+0000] {processor.py:161} INFO - Started process (PID=2857) to work on /home/airflow/.local/lib/python3.8/site-packages/airflow/example_dags/example_params_trigger_ui.py
[2024-02-12T19:05:25.181+0000] {processor.py:830} INFO - Processing file /home/airflow/.local/lib/python3.8/site-packages/airflow/example_dags/example_params_trigger_ui.py for tasks to queue
[2024-02-12T19:05:25.182+0000] {logging_mixin.py:188} INFO - [2024-02-12T19:05:25.182+0000] {dagbag.py:538} INFO - Filling up the DagBag from /home/airflow/.local/lib/python3.8/site-packages/airflow/example_dags/example_params_trigger_ui.py
[2024-02-12T19:05:25.199+0000] {processor.py:840} INFO - DAG(s) 'example_params_trigger_ui' retrieved from /home/airflow/.local/lib/python3.8/site-packages/airflow/example_dags/example_params_trigger_ui.py
[2024-02-12T19:05:25.283+0000] {logging_mixin.py:188} INFO - [2024-02-12T19:05:25.283+0000] {dag.py:3036} INFO - Sync 1 DAGs
[2024-02-12T19:05:25.296+0000] {logging_mixin.py:188} INFO - [2024-02-12T19:05:25.296+0000] {dag.py:3823} INFO - Setting next_dagrun for example_params_trigger_ui to None, run_after=None
[2024-02-12T19:05:25.343+0000] {processor.py:183} INFO - Processing /home/airflow/.local/lib/python3.8/site-packages/airflow/example_dags/example_params_trigger_ui.py took 0.167 seconds
[2024-02-12T19:05:55.959+0000] {processor.py:161} INFO - Started process (PID=3104) to work on /home/airflow/.local/lib/python3.8/site-packages/airflow/example_dags/example_params_trigger_ui.py
[2024-02-12T19:05:55.960+0000] {processor.py:830} INFO - Processing file /home/airflow/.local/lib/python3.8/site-packages/airflow/example_dags/example_params_trigger_ui.py for tasks to queue
[2024-02-12T19:05:55.961+0000] {logging_mixin.py:188} INFO - [2024-02-12T19:05:55.961+0000] {dagbag.py:538} INFO - Filling up the DagBag from /home/airflow/.local/lib/python3.8/site-packages/airflow/example_dags/example_params_trigger_ui.py
[2024-02-12T19:05:55.976+0000] {processor.py:840} INFO - DAG(s) 'example_params_trigger_ui' retrieved from /home/airflow/.local/lib/python3.8/site-packages/airflow/example_dags/example_params_trigger_ui.py
[2024-02-12T19:05:56.092+0000] {logging_mixin.py:188} INFO - [2024-02-12T19:05:56.091+0000] {dag.py:3036} INFO - Sync 1 DAGs
[2024-02-12T19:05:56.124+0000] {logging_mixin.py:188} INFO - [2024-02-12T19:05:56.124+0000] {dag.py:3823} INFO - Setting next_dagrun for example_params_trigger_ui to None, run_after=None
[2024-02-12T19:05:56.162+0000] {processor.py:183} INFO - Processing /home/airflow/.local/lib/python3.8/site-packages/airflow/example_dags/example_params_trigger_ui.py took 0.207 seconds
[2024-02-12T19:06:26.824+0000] {processor.py:161} INFO - Started process (PID=3352) to work on /home/airflow/.local/lib/python3.8/site-packages/airflow/example_dags/example_params_trigger_ui.py
[2024-02-12T19:06:26.825+0000] {processor.py:830} INFO - Processing file /home/airflow/.local/lib/python3.8/site-packages/airflow/example_dags/example_params_trigger_ui.py for tasks to queue
[2024-02-12T19:06:26.826+0000] {logging_mixin.py:188} INFO - [2024-02-12T19:06:26.826+0000] {dagbag.py:538} INFO - Filling up the DagBag from /home/airflow/.local/lib/python3.8/site-packages/airflow/example_dags/example_params_trigger_ui.py
[2024-02-12T19:06:26.843+0000] {processor.py:840} INFO - DAG(s) 'example_params_trigger_ui' retrieved from /home/airflow/.local/lib/python3.8/site-packages/airflow/example_dags/example_params_trigger_ui.py
[2024-02-12T19:06:27.003+0000] {logging_mixin.py:188} INFO - [2024-02-12T19:06:27.003+0000] {dag.py:3036} INFO - Sync 1 DAGs
[2024-02-12T19:06:27.028+0000] {logging_mixin.py:188} INFO - [2024-02-12T19:06:27.027+0000] {dag.py:3823} INFO - Setting next_dagrun for example_params_trigger_ui to None, run_after=None
[2024-02-12T19:06:27.058+0000] {processor.py:183} INFO - Processing /home/airflow/.local/lib/python3.8/site-packages/airflow/example_dags/example_params_trigger_ui.py took 0.240 seconds
[2024-02-12T19:06:57.161+0000] {processor.py:161} INFO - Started process (PID=3599) to work on /home/airflow/.local/lib/python3.8/site-packages/airflow/example_dags/example_params_trigger_ui.py
[2024-02-12T19:06:57.163+0000] {processor.py:830} INFO - Processing file /home/airflow/.local/lib/python3.8/site-packages/airflow/example_dags/example_params_trigger_ui.py for tasks to queue
[2024-02-12T19:06:57.164+0000] {logging_mixin.py:188} INFO - [2024-02-12T19:06:57.163+0000] {dagbag.py:538} INFO - Filling up the DagBag from /home/airflow/.local/lib/python3.8/site-packages/airflow/example_dags/example_params_trigger_ui.py
[2024-02-12T19:06:57.188+0000] {processor.py:840} INFO - DAG(s) 'example_params_trigger_ui' retrieved from /home/airflow/.local/lib/python3.8/site-packages/airflow/example_dags/example_params_trigger_ui.py
[2024-02-12T19:06:57.254+0000] {logging_mixin.py:188} INFO - [2024-02-12T19:06:57.254+0000] {dag.py:3036} INFO - Sync 1 DAGs
[2024-02-12T19:06:57.272+0000] {logging_mixin.py:188} INFO - [2024-02-12T19:06:57.272+0000] {dag.py:3823} INFO - Setting next_dagrun for example_params_trigger_ui to None, run_after=None
[2024-02-12T19:06:57.304+0000] {processor.py:183} INFO - Processing /home/airflow/.local/lib/python3.8/site-packages/airflow/example_dags/example_params_trigger_ui.py took 0.153 seconds
[2024-02-12T19:07:27.473+0000] {processor.py:161} INFO - Started process (PID=3847) to work on /home/airflow/.local/lib/python3.8/site-packages/airflow/example_dags/example_params_trigger_ui.py
[2024-02-12T19:07:27.474+0000] {processor.py:830} INFO - Processing file /home/airflow/.local/lib/python3.8/site-packages/airflow/example_dags/example_params_trigger_ui.py for tasks to queue
[2024-02-12T19:07:27.474+0000] {logging_mixin.py:188} INFO - [2024-02-12T19:07:27.474+0000] {dagbag.py:538} INFO - Filling up the DagBag from /home/airflow/.local/lib/python3.8/site-packages/airflow/example_dags/example_params_trigger_ui.py
[2024-02-12T19:07:27.506+0000] {processor.py:840} INFO - DAG(s) 'example_params_trigger_ui' retrieved from /home/airflow/.local/lib/python3.8/site-packages/airflow/example_dags/example_params_trigger_ui.py
[2024-02-12T19:07:27.607+0000] {logging_mixin.py:188} INFO - [2024-02-12T19:07:27.607+0000] {dag.py:3036} INFO - Sync 1 DAGs
[2024-02-12T19:07:27.621+0000] {logging_mixin.py:188} INFO - [2024-02-12T19:07:27.620+0000] {dag.py:3823} INFO - Setting next_dagrun for example_params_trigger_ui to None, run_after=None
[2024-02-12T19:07:27.655+0000] {processor.py:183} INFO - Processing /home/airflow/.local/lib/python3.8/site-packages/airflow/example_dags/example_params_trigger_ui.py took 0.186 seconds
[2024-02-12T19:07:57.916+0000] {processor.py:161} INFO - Started process (PID=4093) to work on /home/airflow/.local/lib/python3.8/site-packages/airflow/example_dags/example_params_trigger_ui.py
[2024-02-12T19:07:57.917+0000] {processor.py:830} INFO - Processing file /home/airflow/.local/lib/python3.8/site-packages/airflow/example_dags/example_params_trigger_ui.py for tasks to queue
[2024-02-12T19:07:57.918+0000] {logging_mixin.py:188} INFO - [2024-02-12T19:07:57.918+0000] {dagbag.py:538} INFO - Filling up the DagBag from /home/airflow/.local/lib/python3.8/site-packages/airflow/example_dags/example_params_trigger_ui.py
[2024-02-12T19:07:57.957+0000] {processor.py:840} INFO - DAG(s) 'example_params_trigger_ui' retrieved from /home/airflow/.local/lib/python3.8/site-packages/airflow/example_dags/example_params_trigger_ui.py
[2024-02-12T19:07:58.030+0000] {logging_mixin.py:188} INFO - [2024-02-12T19:07:58.029+0000] {dag.py:3036} INFO - Sync 1 DAGs
[2024-02-12T19:07:58.043+0000] {logging_mixin.py:188} INFO - [2024-02-12T19:07:58.042+0000] {dag.py:3823} INFO - Setting next_dagrun for example_params_trigger_ui to None, run_after=None
[2024-02-12T19:07:58.068+0000] {processor.py:183} INFO - Processing /home/airflow/.local/lib/python3.8/site-packages/airflow/example_dags/example_params_trigger_ui.py took 0.165 seconds
[2024-02-12T19:08:28.617+0000] {processor.py:161} INFO - Started process (PID=4341) to work on /home/airflow/.local/lib/python3.8/site-packages/airflow/example_dags/example_params_trigger_ui.py
[2024-02-12T19:08:28.620+0000] {processor.py:830} INFO - Processing file /home/airflow/.local/lib/python3.8/site-packages/airflow/example_dags/example_params_trigger_ui.py for tasks to queue
[2024-02-12T19:08:28.621+0000] {logging_mixin.py:188} INFO - [2024-02-12T19:08:28.621+0000] {dagbag.py:538} INFO - Filling up the DagBag from /home/airflow/.local/lib/python3.8/site-packages/airflow/example_dags/example_params_trigger_ui.py
[2024-02-12T19:08:28.656+0000] {processor.py:840} INFO - DAG(s) 'example_params_trigger_ui' retrieved from /home/airflow/.local/lib/python3.8/site-packages/airflow/example_dags/example_params_trigger_ui.py
[2024-02-12T19:08:28.803+0000] {logging_mixin.py:188} INFO - [2024-02-12T19:08:28.803+0000] {dag.py:3036} INFO - Sync 1 DAGs
[2024-02-12T19:08:28.820+0000] {logging_mixin.py:188} INFO - [2024-02-12T19:08:28.819+0000] {dag.py:3823} INFO - Setting next_dagrun for example_params_trigger_ui to None, run_after=None
[2024-02-12T19:08:28.856+0000] {processor.py:183} INFO - Processing /home/airflow/.local/lib/python3.8/site-packages/airflow/example_dags/example_params_trigger_ui.py took 0.243 seconds
[2024-02-12T19:08:58.912+0000] {processor.py:161} INFO - Started process (PID=4587) to work on /home/airflow/.local/lib/python3.8/site-packages/airflow/example_dags/example_params_trigger_ui.py
[2024-02-12T19:08:58.912+0000] {processor.py:830} INFO - Processing file /home/airflow/.local/lib/python3.8/site-packages/airflow/example_dags/example_params_trigger_ui.py for tasks to queue
[2024-02-12T19:08:58.913+0000] {logging_mixin.py:188} INFO - [2024-02-12T19:08:58.913+0000] {dagbag.py:538} INFO - Filling up the DagBag from /home/airflow/.local/lib/python3.8/site-packages/airflow/example_dags/example_params_trigger_ui.py
[2024-02-12T19:08:58.924+0000] {processor.py:840} INFO - DAG(s) 'example_params_trigger_ui' retrieved from /home/airflow/.local/lib/python3.8/site-packages/airflow/example_dags/example_params_trigger_ui.py
[2024-02-12T19:08:58.974+0000] {logging_mixin.py:188} INFO - [2024-02-12T19:08:58.974+0000] {dag.py:3036} INFO - Sync 1 DAGs
[2024-02-12T19:08:58.984+0000] {logging_mixin.py:188} INFO - [2024-02-12T19:08:58.984+0000] {dag.py:3823} INFO - Setting next_dagrun for example_params_trigger_ui to None, run_after=None
[2024-02-12T19:08:59.003+0000] {processor.py:183} INFO - Processing /home/airflow/.local/lib/python3.8/site-packages/airflow/example_dags/example_params_trigger_ui.py took 0.094 seconds
[2024-02-12T19:09:29.224+0000] {processor.py:161} INFO - Started process (PID=4839) to work on /home/airflow/.local/lib/python3.8/site-packages/airflow/example_dags/example_params_trigger_ui.py
[2024-02-12T19:09:29.225+0000] {processor.py:830} INFO - Processing file /home/airflow/.local/lib/python3.8/site-packages/airflow/example_dags/example_params_trigger_ui.py for tasks to queue
[2024-02-12T19:09:29.226+0000] {logging_mixin.py:188} INFO - [2024-02-12T19:09:29.226+0000] {dagbag.py:538} INFO - Filling up the DagBag from /home/airflow/.local/lib/python3.8/site-packages/airflow/example_dags/example_params_trigger_ui.py
[2024-02-12T19:09:29.242+0000] {processor.py:840} INFO - DAG(s) 'example_params_trigger_ui' retrieved from /home/airflow/.local/lib/python3.8/site-packages/airflow/example_dags/example_params_trigger_ui.py
[2024-02-12T19:09:29.322+0000] {logging_mixin.py:188} INFO - [2024-02-12T19:09:29.321+0000] {dag.py:3036} INFO - Sync 1 DAGs
[2024-02-12T19:09:29.335+0000] {logging_mixin.py:188} INFO - [2024-02-12T19:09:29.335+0000] {dag.py:3823} INFO - Setting next_dagrun for example_params_trigger_ui to None, run_after=None
[2024-02-12T19:09:29.358+0000] {processor.py:183} INFO - Processing /home/airflow/.local/lib/python3.8/site-packages/airflow/example_dags/example_params_trigger_ui.py took 0.137 seconds
[2024-02-12T19:09:59.462+0000] {processor.py:161} INFO - Started process (PID=5086) to work on /home/airflow/.local/lib/python3.8/site-packages/airflow/example_dags/example_params_trigger_ui.py
[2024-02-12T19:09:59.463+0000] {processor.py:830} INFO - Processing file /home/airflow/.local/lib/python3.8/site-packages/airflow/example_dags/example_params_trigger_ui.py for tasks to queue
[2024-02-12T19:09:59.465+0000] {logging_mixin.py:188} INFO - [2024-02-12T19:09:59.465+0000] {dagbag.py:538} INFO - Filling up the DagBag from /home/airflow/.local/lib/python3.8/site-packages/airflow/example_dags/example_params_trigger_ui.py
[2024-02-12T19:09:59.480+0000] {processor.py:840} INFO - DAG(s) 'example_params_trigger_ui' retrieved from /home/airflow/.local/lib/python3.8/site-packages/airflow/example_dags/example_params_trigger_ui.py
[2024-02-12T19:09:59.547+0000] {logging_mixin.py:188} INFO - [2024-02-12T19:09:59.546+0000] {dag.py:3036} INFO - Sync 1 DAGs
[2024-02-12T19:09:59.561+0000] {logging_mixin.py:188} INFO - [2024-02-12T19:09:59.561+0000] {dag.py:3823} INFO - Setting next_dagrun for example_params_trigger_ui to None, run_after=None
[2024-02-12T19:09:59.585+0000] {processor.py:183} INFO - Processing /home/airflow/.local/lib/python3.8/site-packages/airflow/example_dags/example_params_trigger_ui.py took 0.126 seconds
[2024-02-12T19:10:29.914+0000] {processor.py:161} INFO - Started process (PID=5333) to work on /home/airflow/.local/lib/python3.8/site-packages/airflow/example_dags/example_params_trigger_ui.py
[2024-02-12T19:10:29.915+0000] {processor.py:830} INFO - Processing file /home/airflow/.local/lib/python3.8/site-packages/airflow/example_dags/example_params_trigger_ui.py for tasks to queue
[2024-02-12T19:10:29.916+0000] {logging_mixin.py:188} INFO - [2024-02-12T19:10:29.916+0000] {dagbag.py:538} INFO - Filling up the DagBag from /home/airflow/.local/lib/python3.8/site-packages/airflow/example_dags/example_params_trigger_ui.py
[2024-02-12T19:10:29.933+0000] {processor.py:840} INFO - DAG(s) 'example_params_trigger_ui' retrieved from /home/airflow/.local/lib/python3.8/site-packages/airflow/example_dags/example_params_trigger_ui.py
[2024-02-12T19:10:30.005+0000] {logging_mixin.py:188} INFO - [2024-02-12T19:10:30.005+0000] {dag.py:3036} INFO - Sync 1 DAGs
[2024-02-12T19:10:30.020+0000] {logging_mixin.py:188} INFO - [2024-02-12T19:10:30.019+0000] {dag.py:3823} INFO - Setting next_dagrun for example_params_trigger_ui to None, run_after=None
[2024-02-12T19:10:30.056+0000] {processor.py:183} INFO - Processing /home/airflow/.local/lib/python3.8/site-packages/airflow/example_dags/example_params_trigger_ui.py took 0.145 seconds
[2024-02-12T19:11:00.667+0000] {processor.py:161} INFO - Started process (PID=5581) to work on /home/airflow/.local/lib/python3.8/site-packages/airflow/example_dags/example_params_trigger_ui.py
[2024-02-12T19:11:00.668+0000] {processor.py:830} INFO - Processing file /home/airflow/.local/lib/python3.8/site-packages/airflow/example_dags/example_params_trigger_ui.py for tasks to queue
[2024-02-12T19:11:00.669+0000] {logging_mixin.py:188} INFO - [2024-02-12T19:11:00.669+0000] {dagbag.py:538} INFO - Filling up the DagBag from /home/airflow/.local/lib/python3.8/site-packages/airflow/example_dags/example_params_trigger_ui.py
[2024-02-12T19:11:00.689+0000] {processor.py:840} INFO - DAG(s) 'example_params_trigger_ui' retrieved from /home/airflow/.local/lib/python3.8/site-packages/airflow/example_dags/example_params_trigger_ui.py
[2024-02-12T19:11:00.755+0000] {logging_mixin.py:188} INFO - [2024-02-12T19:11:00.754+0000] {dag.py:3036} INFO - Sync 1 DAGs
[2024-02-12T19:11:00.771+0000] {logging_mixin.py:188} INFO - [2024-02-12T19:11:00.771+0000] {dag.py:3823} INFO - Setting next_dagrun for example_params_trigger_ui to None, run_after=None
[2024-02-12T19:11:00.800+0000] {processor.py:183} INFO - Processing /home/airflow/.local/lib/python3.8/site-packages/airflow/example_dags/example_params_trigger_ui.py took 0.136 seconds
[2024-02-12T19:11:31.182+0000] {processor.py:161} INFO - Started process (PID=5828) to work on /home/airflow/.local/lib/python3.8/site-packages/airflow/example_dags/example_params_trigger_ui.py
[2024-02-12T19:11:31.182+0000] {processor.py:830} INFO - Processing file /home/airflow/.local/lib/python3.8/site-packages/airflow/example_dags/example_params_trigger_ui.py for tasks to queue
[2024-02-12T19:11:31.184+0000] {logging_mixin.py:188} INFO - [2024-02-12T19:11:31.183+0000] {dagbag.py:538} INFO - Filling up the DagBag from /home/airflow/.local/lib/python3.8/site-packages/airflow/example_dags/example_params_trigger_ui.py
[2024-02-12T19:11:31.200+0000] {processor.py:840} INFO - DAG(s) 'example_params_trigger_ui' retrieved from /home/airflow/.local/lib/python3.8/site-packages/airflow/example_dags/example_params_trigger_ui.py
[2024-02-12T19:11:31.267+0000] {logging_mixin.py:188} INFO - [2024-02-12T19:11:31.267+0000] {dag.py:3036} INFO - Sync 1 DAGs
[2024-02-12T19:11:31.281+0000] {logging_mixin.py:188} INFO - [2024-02-12T19:11:31.281+0000] {dag.py:3823} INFO - Setting next_dagrun for example_params_trigger_ui to None, run_after=None
[2024-02-12T19:11:31.305+0000] {processor.py:183} INFO - Processing /home/airflow/.local/lib/python3.8/site-packages/airflow/example_dags/example_params_trigger_ui.py took 0.126 seconds
[2024-02-12T19:12:01.652+0000] {processor.py:161} INFO - Started process (PID=6075) to work on /home/airflow/.local/lib/python3.8/site-packages/airflow/example_dags/example_params_trigger_ui.py
[2024-02-12T19:12:01.653+0000] {processor.py:830} INFO - Processing file /home/airflow/.local/lib/python3.8/site-packages/airflow/example_dags/example_params_trigger_ui.py for tasks to queue
[2024-02-12T19:12:01.654+0000] {logging_mixin.py:188} INFO - [2024-02-12T19:12:01.653+0000] {dagbag.py:538} INFO - Filling up the DagBag from /home/airflow/.local/lib/python3.8/site-packages/airflow/example_dags/example_params_trigger_ui.py
[2024-02-12T19:12:01.669+0000] {processor.py:840} INFO - DAG(s) 'example_params_trigger_ui' retrieved from /home/airflow/.local/lib/python3.8/site-packages/airflow/example_dags/example_params_trigger_ui.py
[2024-02-12T19:12:01.739+0000] {logging_mixin.py:188} INFO - [2024-02-12T19:12:01.738+0000] {dag.py:3036} INFO - Sync 1 DAGs
[2024-02-12T19:12:01.752+0000] {logging_mixin.py:188} INFO - [2024-02-12T19:12:01.752+0000] {dag.py:3823} INFO - Setting next_dagrun for example_params_trigger_ui to None, run_after=None
[2024-02-12T19:12:01.775+0000] {processor.py:183} INFO - Processing /home/airflow/.local/lib/python3.8/site-packages/airflow/example_dags/example_params_trigger_ui.py took 0.127 seconds
[2024-02-12T19:12:32.551+0000] {processor.py:161} INFO - Started process (PID=6322) to work on /home/airflow/.local/lib/python3.8/site-packages/airflow/example_dags/example_params_trigger_ui.py
[2024-02-12T19:12:32.552+0000] {processor.py:830} INFO - Processing file /home/airflow/.local/lib/python3.8/site-packages/airflow/example_dags/example_params_trigger_ui.py for tasks to queue
[2024-02-12T19:12:32.553+0000] {logging_mixin.py:188} INFO - [2024-02-12T19:12:32.553+0000] {dagbag.py:538} INFO - Filling up the DagBag from /home/airflow/.local/lib/python3.8/site-packages/airflow/example_dags/example_params_trigger_ui.py
[2024-02-12T19:12:32.570+0000] {processor.py:840} INFO - DAG(s) 'example_params_trigger_ui' retrieved from /home/airflow/.local/lib/python3.8/site-packages/airflow/example_dags/example_params_trigger_ui.py
[2024-02-12T19:12:32.635+0000] {logging_mixin.py:188} INFO - [2024-02-12T19:12:32.635+0000] {dag.py:3036} INFO - Sync 1 DAGs
[2024-02-12T19:12:32.650+0000] {logging_mixin.py:188} INFO - [2024-02-12T19:12:32.650+0000] {dag.py:3823} INFO - Setting next_dagrun for example_params_trigger_ui to None, run_after=None
[2024-02-12T19:12:32.675+0000] {processor.py:183} INFO - Processing /home/airflow/.local/lib/python3.8/site-packages/airflow/example_dags/example_params_trigger_ui.py took 0.127 seconds
[2024-02-12T19:13:03.071+0000] {processor.py:161} INFO - Started process (PID=6571) to work on /home/airflow/.local/lib/python3.8/site-packages/airflow/example_dags/example_params_trigger_ui.py
[2024-02-12T19:13:03.072+0000] {processor.py:830} INFO - Processing file /home/airflow/.local/lib/python3.8/site-packages/airflow/example_dags/example_params_trigger_ui.py for tasks to queue
[2024-02-12T19:13:03.073+0000] {logging_mixin.py:188} INFO - [2024-02-12T19:13:03.073+0000] {dagbag.py:538} INFO - Filling up the DagBag from /home/airflow/.local/lib/python3.8/site-packages/airflow/example_dags/example_params_trigger_ui.py
[2024-02-12T19:13:03.090+0000] {processor.py:840} INFO - DAG(s) 'example_params_trigger_ui' retrieved from /home/airflow/.local/lib/python3.8/site-packages/airflow/example_dags/example_params_trigger_ui.py
[2024-02-12T19:13:03.162+0000] {logging_mixin.py:188} INFO - [2024-02-12T19:13:03.162+0000] {dag.py:3036} INFO - Sync 1 DAGs
[2024-02-12T19:13:03.179+0000] {logging_mixin.py:188} INFO - [2024-02-12T19:13:03.178+0000] {dag.py:3823} INFO - Setting next_dagrun for example_params_trigger_ui to None, run_after=None
[2024-02-12T19:13:03.202+0000] {processor.py:183} INFO - Processing /home/airflow/.local/lib/python3.8/site-packages/airflow/example_dags/example_params_trigger_ui.py took 0.134 seconds
[2024-02-12T19:13:33.377+0000] {processor.py:161} INFO - Started process (PID=6819) to work on /home/airflow/.local/lib/python3.8/site-packages/airflow/example_dags/example_params_trigger_ui.py
[2024-02-12T19:13:33.378+0000] {processor.py:830} INFO - Processing file /home/airflow/.local/lib/python3.8/site-packages/airflow/example_dags/example_params_trigger_ui.py for tasks to queue
[2024-02-12T19:13:33.379+0000] {logging_mixin.py:188} INFO - [2024-02-12T19:13:33.379+0000] {dagbag.py:538} INFO - Filling up the DagBag from /home/airflow/.local/lib/python3.8/site-packages/airflow/example_dags/example_params_trigger_ui.py
[2024-02-12T19:13:33.394+0000] {processor.py:840} INFO - DAG(s) 'example_params_trigger_ui' retrieved from /home/airflow/.local/lib/python3.8/site-packages/airflow/example_dags/example_params_trigger_ui.py
[2024-02-12T19:13:33.466+0000] {logging_mixin.py:188} INFO - [2024-02-12T19:13:33.466+0000] {dag.py:3036} INFO - Sync 1 DAGs
[2024-02-12T19:13:33.481+0000] {logging_mixin.py:188} INFO - [2024-02-12T19:13:33.480+0000] {dag.py:3823} INFO - Setting next_dagrun for example_params_trigger_ui to None, run_after=None
[2024-02-12T19:13:33.509+0000] {processor.py:183} INFO - Processing /home/airflow/.local/lib/python3.8/site-packages/airflow/example_dags/example_params_trigger_ui.py took 0.135 seconds
[2024-02-12T19:14:03.694+0000] {processor.py:161} INFO - Started process (PID=7066) to work on /home/airflow/.local/lib/python3.8/site-packages/airflow/example_dags/example_params_trigger_ui.py
[2024-02-12T19:14:03.694+0000] {processor.py:830} INFO - Processing file /home/airflow/.local/lib/python3.8/site-packages/airflow/example_dags/example_params_trigger_ui.py for tasks to queue
[2024-02-12T19:14:03.696+0000] {logging_mixin.py:188} INFO - [2024-02-12T19:14:03.695+0000] {dagbag.py:538} INFO - Filling up the DagBag from /home/airflow/.local/lib/python3.8/site-packages/airflow/example_dags/example_params_trigger_ui.py
[2024-02-12T19:14:03.711+0000] {processor.py:840} INFO - DAG(s) 'example_params_trigger_ui' retrieved from /home/airflow/.local/lib/python3.8/site-packages/airflow/example_dags/example_params_trigger_ui.py
[2024-02-12T19:14:03.784+0000] {logging_mixin.py:188} INFO - [2024-02-12T19:14:03.783+0000] {dag.py:3036} INFO - Sync 1 DAGs
[2024-02-12T19:14:03.798+0000] {logging_mixin.py:188} INFO - [2024-02-12T19:14:03.798+0000] {dag.py:3823} INFO - Setting next_dagrun for example_params_trigger_ui to None, run_after=None
[2024-02-12T19:14:03.828+0000] {processor.py:183} INFO - Processing /home/airflow/.local/lib/python3.8/site-packages/airflow/example_dags/example_params_trigger_ui.py took 0.138 seconds
[2024-02-12T19:14:34.211+0000] {processor.py:161} INFO - Started process (PID=7313) to work on /home/airflow/.local/lib/python3.8/site-packages/airflow/example_dags/example_params_trigger_ui.py
[2024-02-12T19:14:34.212+0000] {processor.py:830} INFO - Processing file /home/airflow/.local/lib/python3.8/site-packages/airflow/example_dags/example_params_trigger_ui.py for tasks to queue
[2024-02-12T19:14:34.213+0000] {logging_mixin.py:188} INFO - [2024-02-12T19:14:34.213+0000] {dagbag.py:538} INFO - Filling up the DagBag from /home/airflow/.local/lib/python3.8/site-packages/airflow/example_dags/example_params_trigger_ui.py
[2024-02-12T19:14:34.229+0000] {processor.py:840} INFO - DAG(s) 'example_params_trigger_ui' retrieved from /home/airflow/.local/lib/python3.8/site-packages/airflow/example_dags/example_params_trigger_ui.py
[2024-02-12T19:14:34.296+0000] {logging_mixin.py:188} INFO - [2024-02-12T19:14:34.295+0000] {dag.py:3036} INFO - Sync 1 DAGs
[2024-02-12T19:14:34.309+0000] {logging_mixin.py:188} INFO - [2024-02-12T19:14:34.309+0000] {dag.py:3823} INFO - Setting next_dagrun for example_params_trigger_ui to None, run_after=None
[2024-02-12T19:14:34.330+0000] {processor.py:183} INFO - Processing /home/airflow/.local/lib/python3.8/site-packages/airflow/example_dags/example_params_trigger_ui.py took 0.123 seconds
[2024-02-12T19:15:04.990+0000] {processor.py:161} INFO - Started process (PID=7559) to work on /home/airflow/.local/lib/python3.8/site-packages/airflow/example_dags/example_params_trigger_ui.py
[2024-02-12T19:15:04.992+0000] {processor.py:830} INFO - Processing file /home/airflow/.local/lib/python3.8/site-packages/airflow/example_dags/example_params_trigger_ui.py for tasks to queue
[2024-02-12T19:15:04.993+0000] {logging_mixin.py:188} INFO - [2024-02-12T19:15:04.992+0000] {dagbag.py:538} INFO - Filling up the DagBag from /home/airflow/.local/lib/python3.8/site-packages/airflow/example_dags/example_params_trigger_ui.py
[2024-02-12T19:15:05.009+0000] {processor.py:840} INFO - DAG(s) 'example_params_trigger_ui' retrieved from /home/airflow/.local/lib/python3.8/site-packages/airflow/example_dags/example_params_trigger_ui.py
[2024-02-12T19:15:05.077+0000] {logging_mixin.py:188} INFO - [2024-02-12T19:15:05.077+0000] {dag.py:3036} INFO - Sync 1 DAGs
[2024-02-12T19:15:05.092+0000] {logging_mixin.py:188} INFO - [2024-02-12T19:15:05.092+0000] {dag.py:3823} INFO - Setting next_dagrun for example_params_trigger_ui to None, run_after=None
[2024-02-12T19:15:05.117+0000] {processor.py:183} INFO - Processing /home/airflow/.local/lib/python3.8/site-packages/airflow/example_dags/example_params_trigger_ui.py took 0.130 seconds
[2024-02-12T19:15:35.250+0000] {processor.py:161} INFO - Started process (PID=7805) to work on /home/airflow/.local/lib/python3.8/site-packages/airflow/example_dags/example_params_trigger_ui.py
[2024-02-12T19:15:35.259+0000] {processor.py:830} INFO - Processing file /home/airflow/.local/lib/python3.8/site-packages/airflow/example_dags/example_params_trigger_ui.py for tasks to queue
[2024-02-12T19:15:35.260+0000] {logging_mixin.py:188} INFO - [2024-02-12T19:15:35.260+0000] {dagbag.py:538} INFO - Filling up the DagBag from /home/airflow/.local/lib/python3.8/site-packages/airflow/example_dags/example_params_trigger_ui.py
[2024-02-12T19:15:35.305+0000] {processor.py:840} INFO - DAG(s) 'example_params_trigger_ui' retrieved from /home/airflow/.local/lib/python3.8/site-packages/airflow/example_dags/example_params_trigger_ui.py
[2024-02-12T19:15:35.472+0000] {logging_mixin.py:188} INFO - [2024-02-12T19:15:35.472+0000] {dag.py:3036} INFO - Sync 1 DAGs
[2024-02-12T19:15:35.503+0000] {logging_mixin.py:188} INFO - [2024-02-12T19:15:35.503+0000] {dag.py:3823} INFO - Setting next_dagrun for example_params_trigger_ui to None, run_after=None
[2024-02-12T19:15:35.559+0000] {processor.py:183} INFO - Processing /home/airflow/.local/lib/python3.8/site-packages/airflow/example_dags/example_params_trigger_ui.py took 0.318 seconds
[2024-02-12T19:16:05.769+0000] {processor.py:161} INFO - Started process (PID=8054) to work on /home/airflow/.local/lib/python3.8/site-packages/airflow/example_dags/example_params_trigger_ui.py
[2024-02-12T19:16:05.770+0000] {processor.py:830} INFO - Processing file /home/airflow/.local/lib/python3.8/site-packages/airflow/example_dags/example_params_trigger_ui.py for tasks to queue
[2024-02-12T19:16:05.771+0000] {logging_mixin.py:188} INFO - [2024-02-12T19:16:05.770+0000] {dagbag.py:538} INFO - Filling up the DagBag from /home/airflow/.local/lib/python3.8/site-packages/airflow/example_dags/example_params_trigger_ui.py
[2024-02-12T19:16:05.787+0000] {processor.py:840} INFO - DAG(s) 'example_params_trigger_ui' retrieved from /home/airflow/.local/lib/python3.8/site-packages/airflow/example_dags/example_params_trigger_ui.py
[2024-02-12T19:16:05.854+0000] {logging_mixin.py:188} INFO - [2024-02-12T19:16:05.853+0000] {dag.py:3036} INFO - Sync 1 DAGs
[2024-02-12T19:16:05.869+0000] {logging_mixin.py:188} INFO - [2024-02-12T19:16:05.869+0000] {dag.py:3823} INFO - Setting next_dagrun for example_params_trigger_ui to None, run_after=None
[2024-02-12T19:16:05.892+0000] {processor.py:183} INFO - Processing /home/airflow/.local/lib/python3.8/site-packages/airflow/example_dags/example_params_trigger_ui.py took 0.126 seconds
[2024-02-12T19:16:36.106+0000] {processor.py:161} INFO - Started process (PID=8302) to work on /home/airflow/.local/lib/python3.8/site-packages/airflow/example_dags/example_params_trigger_ui.py
[2024-02-12T19:16:36.108+0000] {processor.py:830} INFO - Processing file /home/airflow/.local/lib/python3.8/site-packages/airflow/example_dags/example_params_trigger_ui.py for tasks to queue
[2024-02-12T19:16:36.109+0000] {logging_mixin.py:188} INFO - [2024-02-12T19:16:36.108+0000] {dagbag.py:538} INFO - Filling up the DagBag from /home/airflow/.local/lib/python3.8/site-packages/airflow/example_dags/example_params_trigger_ui.py
[2024-02-12T19:16:36.125+0000] {processor.py:840} INFO - DAG(s) 'example_params_trigger_ui' retrieved from /home/airflow/.local/lib/python3.8/site-packages/airflow/example_dags/example_params_trigger_ui.py
[2024-02-12T19:16:36.220+0000] {logging_mixin.py:188} INFO - [2024-02-12T19:16:36.219+0000] {dag.py:3036} INFO - Sync 1 DAGs
[2024-02-12T19:16:36.264+0000] {logging_mixin.py:188} INFO - [2024-02-12T19:16:36.264+0000] {dag.py:3823} INFO - Setting next_dagrun for example_params_trigger_ui to None, run_after=None
[2024-02-12T19:16:36.315+0000] {processor.py:183} INFO - Processing /home/airflow/.local/lib/python3.8/site-packages/airflow/example_dags/example_params_trigger_ui.py took 0.212 seconds
[2024-02-12T19:17:06.627+0000] {processor.py:161} INFO - Started process (PID=8549) to work on /home/airflow/.local/lib/python3.8/site-packages/airflow/example_dags/example_params_trigger_ui.py
[2024-02-12T19:17:06.628+0000] {processor.py:830} INFO - Processing file /home/airflow/.local/lib/python3.8/site-packages/airflow/example_dags/example_params_trigger_ui.py for tasks to queue
[2024-02-12T19:17:06.629+0000] {logging_mixin.py:188} INFO - [2024-02-12T19:17:06.629+0000] {dagbag.py:538} INFO - Filling up the DagBag from /home/airflow/.local/lib/python3.8/site-packages/airflow/example_dags/example_params_trigger_ui.py
[2024-02-12T19:17:06.645+0000] {processor.py:840} INFO - DAG(s) 'example_params_trigger_ui' retrieved from /home/airflow/.local/lib/python3.8/site-packages/airflow/example_dags/example_params_trigger_ui.py
[2024-02-12T19:17:06.712+0000] {logging_mixin.py:188} INFO - [2024-02-12T19:17:06.711+0000] {dag.py:3036} INFO - Sync 1 DAGs
[2024-02-12T19:17:06.727+0000] {logging_mixin.py:188} INFO - [2024-02-12T19:17:06.726+0000] {dag.py:3823} INFO - Setting next_dagrun for example_params_trigger_ui to None, run_after=None
[2024-02-12T19:17:06.758+0000] {processor.py:183} INFO - Processing /home/airflow/.local/lib/python3.8/site-packages/airflow/example_dags/example_params_trigger_ui.py took 0.134 seconds
[2024-02-12T19:17:37.105+0000] {processor.py:161} INFO - Started process (PID=8796) to work on /home/airflow/.local/lib/python3.8/site-packages/airflow/example_dags/example_params_trigger_ui.py
[2024-02-12T19:17:37.107+0000] {processor.py:830} INFO - Processing file /home/airflow/.local/lib/python3.8/site-packages/airflow/example_dags/example_params_trigger_ui.py for tasks to queue
[2024-02-12T19:17:37.108+0000] {logging_mixin.py:188} INFO - [2024-02-12T19:17:37.107+0000] {dagbag.py:538} INFO - Filling up the DagBag from /home/airflow/.local/lib/python3.8/site-packages/airflow/example_dags/example_params_trigger_ui.py
[2024-02-12T19:17:37.124+0000] {processor.py:840} INFO - DAG(s) 'example_params_trigger_ui' retrieved from /home/airflow/.local/lib/python3.8/site-packages/airflow/example_dags/example_params_trigger_ui.py
[2024-02-12T19:17:37.193+0000] {logging_mixin.py:188} INFO - [2024-02-12T19:17:37.192+0000] {dag.py:3036} INFO - Sync 1 DAGs
[2024-02-12T19:17:37.210+0000] {logging_mixin.py:188} INFO - [2024-02-12T19:17:37.209+0000] {dag.py:3823} INFO - Setting next_dagrun for example_params_trigger_ui to None, run_after=None
[2024-02-12T19:17:37.243+0000] {processor.py:183} INFO - Processing /home/airflow/.local/lib/python3.8/site-packages/airflow/example_dags/example_params_trigger_ui.py took 0.141 seconds
[2024-02-12T19:18:07.369+0000] {processor.py:161} INFO - Started process (PID=9043) to work on /home/airflow/.local/lib/python3.8/site-packages/airflow/example_dags/example_params_trigger_ui.py
[2024-02-12T19:18:07.370+0000] {processor.py:830} INFO - Processing file /home/airflow/.local/lib/python3.8/site-packages/airflow/example_dags/example_params_trigger_ui.py for tasks to queue
[2024-02-12T19:18:07.372+0000] {logging_mixin.py:188} INFO - [2024-02-12T19:18:07.371+0000] {dagbag.py:538} INFO - Filling up the DagBag from /home/airflow/.local/lib/python3.8/site-packages/airflow/example_dags/example_params_trigger_ui.py
[2024-02-12T19:18:07.387+0000] {processor.py:840} INFO - DAG(s) 'example_params_trigger_ui' retrieved from /home/airflow/.local/lib/python3.8/site-packages/airflow/example_dags/example_params_trigger_ui.py
[2024-02-12T19:18:07.452+0000] {logging_mixin.py:188} INFO - [2024-02-12T19:18:07.452+0000] {dag.py:3036} INFO - Sync 1 DAGs
[2024-02-12T19:18:07.466+0000] {logging_mixin.py:188} INFO - [2024-02-12T19:18:07.466+0000] {dag.py:3823} INFO - Setting next_dagrun for example_params_trigger_ui to None, run_after=None
[2024-02-12T19:18:07.511+0000] {processor.py:183} INFO - Processing /home/airflow/.local/lib/python3.8/site-packages/airflow/example_dags/example_params_trigger_ui.py took 0.145 seconds
[2024-02-12T19:18:37.963+0000] {processor.py:161} INFO - Started process (PID=9290) to work on /home/airflow/.local/lib/python3.8/site-packages/airflow/example_dags/example_params_trigger_ui.py
[2024-02-12T19:18:37.964+0000] {processor.py:830} INFO - Processing file /home/airflow/.local/lib/python3.8/site-packages/airflow/example_dags/example_params_trigger_ui.py for tasks to queue
[2024-02-12T19:18:37.965+0000] {logging_mixin.py:188} INFO - [2024-02-12T19:18:37.965+0000] {dagbag.py:538} INFO - Filling up the DagBag from /home/airflow/.local/lib/python3.8/site-packages/airflow/example_dags/example_params_trigger_ui.py
[2024-02-12T19:18:37.983+0000] {processor.py:840} INFO - DAG(s) 'example_params_trigger_ui' retrieved from /home/airflow/.local/lib/python3.8/site-packages/airflow/example_dags/example_params_trigger_ui.py
[2024-02-12T19:18:38.051+0000] {logging_mixin.py:188} INFO - [2024-02-12T19:18:38.051+0000] {dag.py:3036} INFO - Sync 1 DAGs
[2024-02-12T19:18:38.066+0000] {logging_mixin.py:188} INFO - [2024-02-12T19:18:38.066+0000] {dag.py:3823} INFO - Setting next_dagrun for example_params_trigger_ui to None, run_after=None
[2024-02-12T19:18:38.089+0000] {processor.py:183} INFO - Processing /home/airflow/.local/lib/python3.8/site-packages/airflow/example_dags/example_params_trigger_ui.py took 0.130 seconds
[2024-02-12T19:19:08.245+0000] {processor.py:161} INFO - Started process (PID=9538) to work on /home/airflow/.local/lib/python3.8/site-packages/airflow/example_dags/example_params_trigger_ui.py
[2024-02-12T19:19:08.246+0000] {processor.py:830} INFO - Processing file /home/airflow/.local/lib/python3.8/site-packages/airflow/example_dags/example_params_trigger_ui.py for tasks to queue
[2024-02-12T19:19:08.247+0000] {logging_mixin.py:188} INFO - [2024-02-12T19:19:08.247+0000] {dagbag.py:538} INFO - Filling up the DagBag from /home/airflow/.local/lib/python3.8/site-packages/airflow/example_dags/example_params_trigger_ui.py
[2024-02-12T19:19:08.271+0000] {processor.py:840} INFO - DAG(s) 'example_params_trigger_ui' retrieved from /home/airflow/.local/lib/python3.8/site-packages/airflow/example_dags/example_params_trigger_ui.py
[2024-02-12T19:19:08.361+0000] {logging_mixin.py:188} INFO - [2024-02-12T19:19:08.361+0000] {dag.py:3036} INFO - Sync 1 DAGs
[2024-02-12T19:19:08.377+0000] {logging_mixin.py:188} INFO - [2024-02-12T19:19:08.377+0000] {dag.py:3823} INFO - Setting next_dagrun for example_params_trigger_ui to None, run_after=None
[2024-02-12T19:19:08.406+0000] {processor.py:183} INFO - Processing /home/airflow/.local/lib/python3.8/site-packages/airflow/example_dags/example_params_trigger_ui.py took 0.165 seconds
[2024-02-12T19:19:38.532+0000] {processor.py:161} INFO - Started process (PID=9784) to work on /home/airflow/.local/lib/python3.8/site-packages/airflow/example_dags/example_params_trigger_ui.py
[2024-02-12T19:19:38.533+0000] {processor.py:830} INFO - Processing file /home/airflow/.local/lib/python3.8/site-packages/airflow/example_dags/example_params_trigger_ui.py for tasks to queue
[2024-02-12T19:19:38.534+0000] {logging_mixin.py:188} INFO - [2024-02-12T19:19:38.534+0000] {dagbag.py:538} INFO - Filling up the DagBag from /home/airflow/.local/lib/python3.8/site-packages/airflow/example_dags/example_params_trigger_ui.py
[2024-02-12T19:19:38.551+0000] {processor.py:840} INFO - DAG(s) 'example_params_trigger_ui' retrieved from /home/airflow/.local/lib/python3.8/site-packages/airflow/example_dags/example_params_trigger_ui.py
[2024-02-12T19:19:38.624+0000] {logging_mixin.py:188} INFO - [2024-02-12T19:19:38.624+0000] {dag.py:3036} INFO - Sync 1 DAGs
[2024-02-12T19:19:38.638+0000] {logging_mixin.py:188} INFO - [2024-02-12T19:19:38.638+0000] {dag.py:3823} INFO - Setting next_dagrun for example_params_trigger_ui to None, run_after=None
[2024-02-12T19:19:38.665+0000] {processor.py:183} INFO - Processing /home/airflow/.local/lib/python3.8/site-packages/airflow/example_dags/example_params_trigger_ui.py took 0.137 seconds
[2024-02-12T19:20:09.395+0000] {processor.py:161} INFO - Started process (PID=10032) to work on /home/airflow/.local/lib/python3.8/site-packages/airflow/example_dags/example_params_trigger_ui.py
[2024-02-12T19:20:09.395+0000] {processor.py:830} INFO - Processing file /home/airflow/.local/lib/python3.8/site-packages/airflow/example_dags/example_params_trigger_ui.py for tasks to queue
[2024-02-12T19:20:09.396+0000] {logging_mixin.py:188} INFO - [2024-02-12T19:20:09.396+0000] {dagbag.py:538} INFO - Filling up the DagBag from /home/airflow/.local/lib/python3.8/site-packages/airflow/example_dags/example_params_trigger_ui.py
[2024-02-12T19:20:09.412+0000] {processor.py:840} INFO - DAG(s) 'example_params_trigger_ui' retrieved from /home/airflow/.local/lib/python3.8/site-packages/airflow/example_dags/example_params_trigger_ui.py
[2024-02-12T19:20:09.476+0000] {logging_mixin.py:188} INFO - [2024-02-12T19:20:09.476+0000] {dag.py:3036} INFO - Sync 1 DAGs
[2024-02-12T19:20:09.489+0000] {logging_mixin.py:188} INFO - [2024-02-12T19:20:09.489+0000] {dag.py:3823} INFO - Setting next_dagrun for example_params_trigger_ui to None, run_after=None
[2024-02-12T19:20:09.518+0000] {processor.py:183} INFO - Processing /home/airflow/.local/lib/python3.8/site-packages/airflow/example_dags/example_params_trigger_ui.py took 0.126 seconds
[2024-02-12T19:20:39.687+0000] {processor.py:161} INFO - Started process (PID=10280) to work on /home/airflow/.local/lib/python3.8/site-packages/airflow/example_dags/example_params_trigger_ui.py
[2024-02-12T19:20:39.688+0000] {processor.py:830} INFO - Processing file /home/airflow/.local/lib/python3.8/site-packages/airflow/example_dags/example_params_trigger_ui.py for tasks to queue
[2024-02-12T19:20:39.689+0000] {logging_mixin.py:188} INFO - [2024-02-12T19:20:39.689+0000] {dagbag.py:538} INFO - Filling up the DagBag from /home/airflow/.local/lib/python3.8/site-packages/airflow/example_dags/example_params_trigger_ui.py
[2024-02-12T19:20:39.704+0000] {processor.py:840} INFO - DAG(s) 'example_params_trigger_ui' retrieved from /home/airflow/.local/lib/python3.8/site-packages/airflow/example_dags/example_params_trigger_ui.py
[2024-02-12T19:20:39.774+0000] {logging_mixin.py:188} INFO - [2024-02-12T19:20:39.774+0000] {dag.py:3036} INFO - Sync 1 DAGs
[2024-02-12T19:20:39.789+0000] {logging_mixin.py:188} INFO - [2024-02-12T19:20:39.788+0000] {dag.py:3823} INFO - Setting next_dagrun for example_params_trigger_ui to None, run_after=None
[2024-02-12T19:20:39.813+0000] {processor.py:183} INFO - Processing /home/airflow/.local/lib/python3.8/site-packages/airflow/example_dags/example_params_trigger_ui.py took 0.129 seconds
[2024-02-12T19:21:10.341+0000] {processor.py:161} INFO - Started process (PID=10528) to work on /home/airflow/.local/lib/python3.8/site-packages/airflow/example_dags/example_params_trigger_ui.py
[2024-02-12T19:21:10.343+0000] {processor.py:830} INFO - Processing file /home/airflow/.local/lib/python3.8/site-packages/airflow/example_dags/example_params_trigger_ui.py for tasks to queue
[2024-02-12T19:21:10.344+0000] {logging_mixin.py:188} INFO - [2024-02-12T19:21:10.343+0000] {dagbag.py:538} INFO - Filling up the DagBag from /home/airflow/.local/lib/python3.8/site-packages/airflow/example_dags/example_params_trigger_ui.py
[2024-02-12T19:21:10.360+0000] {processor.py:840} INFO - DAG(s) 'example_params_trigger_ui' retrieved from /home/airflow/.local/lib/python3.8/site-packages/airflow/example_dags/example_params_trigger_ui.py
[2024-02-12T19:21:10.446+0000] {logging_mixin.py:188} INFO - [2024-02-12T19:21:10.446+0000] {dag.py:3036} INFO - Sync 1 DAGs
[2024-02-12T19:21:10.468+0000] {logging_mixin.py:188} INFO - [2024-02-12T19:21:10.467+0000] {dag.py:3823} INFO - Setting next_dagrun for example_params_trigger_ui to None, run_after=None
[2024-02-12T19:21:10.529+0000] {processor.py:183} INFO - Processing /home/airflow/.local/lib/python3.8/site-packages/airflow/example_dags/example_params_trigger_ui.py took 0.191 seconds
[2024-02-12T19:21:40.817+0000] {processor.py:161} INFO - Started process (PID=10776) to work on /home/airflow/.local/lib/python3.8/site-packages/airflow/example_dags/example_params_trigger_ui.py
[2024-02-12T19:21:40.818+0000] {processor.py:830} INFO - Processing file /home/airflow/.local/lib/python3.8/site-packages/airflow/example_dags/example_params_trigger_ui.py for tasks to queue
[2024-02-12T19:21:40.819+0000] {logging_mixin.py:188} INFO - [2024-02-12T19:21:40.819+0000] {dagbag.py:538} INFO - Filling up the DagBag from /home/airflow/.local/lib/python3.8/site-packages/airflow/example_dags/example_params_trigger_ui.py
[2024-02-12T19:21:40.835+0000] {processor.py:840} INFO - DAG(s) 'example_params_trigger_ui' retrieved from /home/airflow/.local/lib/python3.8/site-packages/airflow/example_dags/example_params_trigger_ui.py
[2024-02-12T19:21:40.910+0000] {logging_mixin.py:188} INFO - [2024-02-12T19:21:40.910+0000] {dag.py:3036} INFO - Sync 1 DAGs
[2024-02-12T19:21:40.925+0000] {logging_mixin.py:188} INFO - [2024-02-12T19:21:40.925+0000] {dag.py:3823} INFO - Setting next_dagrun for example_params_trigger_ui to None, run_after=None
[2024-02-12T19:21:40.949+0000] {processor.py:183} INFO - Processing /home/airflow/.local/lib/python3.8/site-packages/airflow/example_dags/example_params_trigger_ui.py took 0.135 seconds
[2024-02-12T19:22:11.233+0000] {processor.py:161} INFO - Started process (PID=11023) to work on /home/airflow/.local/lib/python3.8/site-packages/airflow/example_dags/example_params_trigger_ui.py
[2024-02-12T19:22:11.234+0000] {processor.py:830} INFO - Processing file /home/airflow/.local/lib/python3.8/site-packages/airflow/example_dags/example_params_trigger_ui.py for tasks to queue
[2024-02-12T19:22:11.235+0000] {logging_mixin.py:188} INFO - [2024-02-12T19:22:11.235+0000] {dagbag.py:538} INFO - Filling up the DagBag from /home/airflow/.local/lib/python3.8/site-packages/airflow/example_dags/example_params_trigger_ui.py
[2024-02-12T19:22:11.251+0000] {processor.py:840} INFO - DAG(s) 'example_params_trigger_ui' retrieved from /home/airflow/.local/lib/python3.8/site-packages/airflow/example_dags/example_params_trigger_ui.py
[2024-02-12T19:22:11.334+0000] {logging_mixin.py:188} INFO - [2024-02-12T19:22:11.333+0000] {dag.py:3036} INFO - Sync 1 DAGs
[2024-02-12T19:22:11.362+0000] {logging_mixin.py:188} INFO - [2024-02-12T19:22:11.362+0000] {dag.py:3823} INFO - Setting next_dagrun for example_params_trigger_ui to None, run_after=None
[2024-02-12T19:22:11.391+0000] {processor.py:183} INFO - Processing /home/airflow/.local/lib/python3.8/site-packages/airflow/example_dags/example_params_trigger_ui.py took 0.161 seconds
[2024-02-12T19:22:42.223+0000] {processor.py:161} INFO - Started process (PID=11270) to work on /home/airflow/.local/lib/python3.8/site-packages/airflow/example_dags/example_params_trigger_ui.py
[2024-02-12T19:22:42.224+0000] {processor.py:830} INFO - Processing file /home/airflow/.local/lib/python3.8/site-packages/airflow/example_dags/example_params_trigger_ui.py for tasks to queue
[2024-02-12T19:22:42.225+0000] {logging_mixin.py:188} INFO - [2024-02-12T19:22:42.225+0000] {dagbag.py:538} INFO - Filling up the DagBag from /home/airflow/.local/lib/python3.8/site-packages/airflow/example_dags/example_params_trigger_ui.py
[2024-02-12T19:22:42.240+0000] {processor.py:840} INFO - DAG(s) 'example_params_trigger_ui' retrieved from /home/airflow/.local/lib/python3.8/site-packages/airflow/example_dags/example_params_trigger_ui.py
[2024-02-12T19:22:42.378+0000] {logging_mixin.py:188} INFO - [2024-02-12T19:22:42.378+0000] {dag.py:3036} INFO - Sync 1 DAGs
[2024-02-12T19:22:42.401+0000] {logging_mixin.py:188} INFO - [2024-02-12T19:22:42.401+0000] {dag.py:3823} INFO - Setting next_dagrun for example_params_trigger_ui to None, run_after=None
[2024-02-12T19:22:42.454+0000] {processor.py:183} INFO - Processing /home/airflow/.local/lib/python3.8/site-packages/airflow/example_dags/example_params_trigger_ui.py took 0.234 seconds
[2024-02-12T19:23:12.895+0000] {processor.py:161} INFO - Started process (PID=11517) to work on /home/airflow/.local/lib/python3.8/site-packages/airflow/example_dags/example_params_trigger_ui.py
[2024-02-12T19:23:12.905+0000] {processor.py:830} INFO - Processing file /home/airflow/.local/lib/python3.8/site-packages/airflow/example_dags/example_params_trigger_ui.py for tasks to queue
[2024-02-12T19:23:12.906+0000] {logging_mixin.py:188} INFO - [2024-02-12T19:23:12.906+0000] {dagbag.py:538} INFO - Filling up the DagBag from /home/airflow/.local/lib/python3.8/site-packages/airflow/example_dags/example_params_trigger_ui.py
[2024-02-12T19:23:12.958+0000] {processor.py:840} INFO - DAG(s) 'example_params_trigger_ui' retrieved from /home/airflow/.local/lib/python3.8/site-packages/airflow/example_dags/example_params_trigger_ui.py
[2024-02-12T19:23:13.083+0000] {logging_mixin.py:188} INFO - [2024-02-12T19:23:13.083+0000] {dag.py:3036} INFO - Sync 1 DAGs
[2024-02-12T19:23:13.098+0000] {logging_mixin.py:188} INFO - [2024-02-12T19:23:13.097+0000] {dag.py:3823} INFO - Setting next_dagrun for example_params_trigger_ui to None, run_after=None
[2024-02-12T19:23:13.128+0000] {processor.py:183} INFO - Processing /home/airflow/.local/lib/python3.8/site-packages/airflow/example_dags/example_params_trigger_ui.py took 0.240 seconds
[2024-02-12T19:23:44.124+0000] {processor.py:161} INFO - Started process (PID=11764) to work on /home/airflow/.local/lib/python3.8/site-packages/airflow/example_dags/example_params_trigger_ui.py
[2024-02-12T19:23:44.125+0000] {processor.py:830} INFO - Processing file /home/airflow/.local/lib/python3.8/site-packages/airflow/example_dags/example_params_trigger_ui.py for tasks to queue
[2024-02-12T19:23:44.126+0000] {logging_mixin.py:188} INFO - [2024-02-12T19:23:44.126+0000] {dagbag.py:538} INFO - Filling up the DagBag from /home/airflow/.local/lib/python3.8/site-packages/airflow/example_dags/example_params_trigger_ui.py
[2024-02-12T19:23:44.141+0000] {processor.py:840} INFO - DAG(s) 'example_params_trigger_ui' retrieved from /home/airflow/.local/lib/python3.8/site-packages/airflow/example_dags/example_params_trigger_ui.py
[2024-02-12T19:23:44.207+0000] {logging_mixin.py:188} INFO - [2024-02-12T19:23:44.207+0000] {dag.py:3036} INFO - Sync 1 DAGs
[2024-02-12T19:23:44.221+0000] {logging_mixin.py:188} INFO - [2024-02-12T19:23:44.221+0000] {dag.py:3823} INFO - Setting next_dagrun for example_params_trigger_ui to None, run_after=None
[2024-02-12T19:23:44.249+0000] {processor.py:183} INFO - Processing /home/airflow/.local/lib/python3.8/site-packages/airflow/example_dags/example_params_trigger_ui.py took 0.129 seconds
[2024-02-12T19:24:14.785+0000] {processor.py:161} INFO - Started process (PID=12011) to work on /home/airflow/.local/lib/python3.8/site-packages/airflow/example_dags/example_params_trigger_ui.py
[2024-02-12T19:24:14.786+0000] {processor.py:830} INFO - Processing file /home/airflow/.local/lib/python3.8/site-packages/airflow/example_dags/example_params_trigger_ui.py for tasks to queue
[2024-02-12T19:24:14.787+0000] {logging_mixin.py:188} INFO - [2024-02-12T19:24:14.786+0000] {dagbag.py:538} INFO - Filling up the DagBag from /home/airflow/.local/lib/python3.8/site-packages/airflow/example_dags/example_params_trigger_ui.py
[2024-02-12T19:24:14.807+0000] {processor.py:840} INFO - DAG(s) 'example_params_trigger_ui' retrieved from /home/airflow/.local/lib/python3.8/site-packages/airflow/example_dags/example_params_trigger_ui.py
[2024-02-12T19:24:14.873+0000] {logging_mixin.py:188} INFO - [2024-02-12T19:24:14.873+0000] {dag.py:3036} INFO - Sync 1 DAGs
[2024-02-12T19:24:14.888+0000] {logging_mixin.py:188} INFO - [2024-02-12T19:24:14.888+0000] {dag.py:3823} INFO - Setting next_dagrun for example_params_trigger_ui to None, run_after=None
[2024-02-12T19:24:14.923+0000] {processor.py:183} INFO - Processing /home/airflow/.local/lib/python3.8/site-packages/airflow/example_dags/example_params_trigger_ui.py took 0.142 seconds
[2024-02-12T19:24:45.854+0000] {processor.py:161} INFO - Started process (PID=12258) to work on /home/airflow/.local/lib/python3.8/site-packages/airflow/example_dags/example_params_trigger_ui.py
[2024-02-12T19:24:45.854+0000] {processor.py:830} INFO - Processing file /home/airflow/.local/lib/python3.8/site-packages/airflow/example_dags/example_params_trigger_ui.py for tasks to queue
[2024-02-12T19:24:45.855+0000] {logging_mixin.py:188} INFO - [2024-02-12T19:24:45.855+0000] {dagbag.py:538} INFO - Filling up the DagBag from /home/airflow/.local/lib/python3.8/site-packages/airflow/example_dags/example_params_trigger_ui.py
[2024-02-12T19:24:45.899+0000] {processor.py:840} INFO - DAG(s) 'example_params_trigger_ui' retrieved from /home/airflow/.local/lib/python3.8/site-packages/airflow/example_dags/example_params_trigger_ui.py
[2024-02-12T19:24:45.990+0000] {logging_mixin.py:188} INFO - [2024-02-12T19:24:45.989+0000] {dag.py:3036} INFO - Sync 1 DAGs
[2024-02-12T19:24:46.008+0000] {logging_mixin.py:188} INFO - [2024-02-12T19:24:46.008+0000] {dag.py:3823} INFO - Setting next_dagrun for example_params_trigger_ui to None, run_after=None
[2024-02-12T19:24:46.039+0000] {processor.py:183} INFO - Processing /home/airflow/.local/lib/python3.8/site-packages/airflow/example_dags/example_params_trigger_ui.py took 0.189 seconds
[2024-02-12T19:25:16.684+0000] {processor.py:161} INFO - Started process (PID=12505) to work on /home/airflow/.local/lib/python3.8/site-packages/airflow/example_dags/example_params_trigger_ui.py
[2024-02-12T19:25:16.702+0000] {processor.py:830} INFO - Processing file /home/airflow/.local/lib/python3.8/site-packages/airflow/example_dags/example_params_trigger_ui.py for tasks to queue
[2024-02-12T19:25:16.708+0000] {logging_mixin.py:188} INFO - [2024-02-12T19:25:16.708+0000] {dagbag.py:538} INFO - Filling up the DagBag from /home/airflow/.local/lib/python3.8/site-packages/airflow/example_dags/example_params_trigger_ui.py
[2024-02-12T19:25:16.825+0000] {processor.py:840} INFO - DAG(s) 'example_params_trigger_ui' retrieved from /home/airflow/.local/lib/python3.8/site-packages/airflow/example_dags/example_params_trigger_ui.py
[2024-02-12T19:25:16.839+0000] {logging_mixin.py:188} INFO - [2024-02-12T19:25:16.838+0000] {dag.py:3036} INFO - Sync 1 DAGs
[2024-02-12T19:25:16.857+0000] {logging_mixin.py:188} INFO - [2024-02-12T19:25:16.857+0000] {dag.py:3823} INFO - Setting next_dagrun for example_params_trigger_ui to None, run_after=None
[2024-02-12T19:25:16.944+0000] {processor.py:183} INFO - Processing /home/airflow/.local/lib/python3.8/site-packages/airflow/example_dags/example_params_trigger_ui.py took 0.270 seconds
[2024-02-12T19:25:47.201+0000] {processor.py:161} INFO - Started process (PID=12752) to work on /home/airflow/.local/lib/python3.8/site-packages/airflow/example_dags/example_params_trigger_ui.py
[2024-02-12T19:25:47.208+0000] {processor.py:830} INFO - Processing file /home/airflow/.local/lib/python3.8/site-packages/airflow/example_dags/example_params_trigger_ui.py for tasks to queue
[2024-02-12T19:25:47.209+0000] {logging_mixin.py:188} INFO - [2024-02-12T19:25:47.208+0000] {dagbag.py:538} INFO - Filling up the DagBag from /home/airflow/.local/lib/python3.8/site-packages/airflow/example_dags/example_params_trigger_ui.py
[2024-02-12T19:25:47.240+0000] {processor.py:840} INFO - DAG(s) 'example_params_trigger_ui' retrieved from /home/airflow/.local/lib/python3.8/site-packages/airflow/example_dags/example_params_trigger_ui.py
[2024-02-12T19:25:47.550+0000] {logging_mixin.py:188} INFO - [2024-02-12T19:25:47.549+0000] {dag.py:3036} INFO - Sync 1 DAGs
[2024-02-12T19:25:47.705+0000] {logging_mixin.py:188} INFO - [2024-02-12T19:25:47.705+0000] {dag.py:3823} INFO - Setting next_dagrun for example_params_trigger_ui to None, run_after=None
[2024-02-12T19:25:47.730+0000] {processor.py:183} INFO - Processing /home/airflow/.local/lib/python3.8/site-packages/airflow/example_dags/example_params_trigger_ui.py took 0.532 seconds
