[2024-02-12T19:00:06.319+0000] {processor.py:161} INFO - Started process (PID=165) to work on /home/airflow/.local/lib/python3.8/site-packages/airflow/example_dags/example_latest_only_with_trigger.py
[2024-02-12T19:00:06.322+0000] {processor.py:830} INFO - Processing file /home/airflow/.local/lib/python3.8/site-packages/airflow/example_dags/example_latest_only_with_trigger.py for tasks to queue
[2024-02-12T19:00:06.322+0000] {logging_mixin.py:188} INFO - [2024-02-12T19:00:06.322+0000] {dagbag.py:538} INFO - Filling up the DagBag from /home/airflow/.local/lib/python3.8/site-packages/airflow/example_dags/example_latest_only_with_trigger.py
[2024-02-12T19:00:06.362+0000] {processor.py:840} INFO - DAG(s) 'latest_only_with_trigger' retrieved from /home/airflow/.local/lib/python3.8/site-packages/airflow/example_dags/example_latest_only_with_trigger.py
[2024-02-12T19:00:06.873+0000] {logging_mixin.py:188} INFO - [2024-02-12T19:00:06.870+0000] {dag.py:3036} INFO - Sync 1 DAGs
[2024-02-12T19:00:06.932+0000] {logging_mixin.py:188} INFO - [2024-02-12T19:00:06.932+0000] {dag.py:3823} INFO - Setting next_dagrun for latest_only_with_trigger to 2024-02-12 12:00:00+00:00, run_after=2024-02-12 16:00:00+00:00
[2024-02-12T19:00:06.960+0000] {processor.py:183} INFO - Processing /home/airflow/.local/lib/python3.8/site-packages/airflow/example_dags/example_latest_only_with_trigger.py took 0.643 seconds
[2024-02-12T19:00:37.785+0000] {processor.py:161} INFO - Started process (PID=412) to work on /home/airflow/.local/lib/python3.8/site-packages/airflow/example_dags/example_latest_only_with_trigger.py
[2024-02-12T19:00:37.786+0000] {processor.py:830} INFO - Processing file /home/airflow/.local/lib/python3.8/site-packages/airflow/example_dags/example_latest_only_with_trigger.py for tasks to queue
[2024-02-12T19:00:37.787+0000] {logging_mixin.py:188} INFO - [2024-02-12T19:00:37.787+0000] {dagbag.py:538} INFO - Filling up the DagBag from /home/airflow/.local/lib/python3.8/site-packages/airflow/example_dags/example_latest_only_with_trigger.py
[2024-02-12T19:00:37.795+0000] {processor.py:840} INFO - DAG(s) 'latest_only_with_trigger' retrieved from /home/airflow/.local/lib/python3.8/site-packages/airflow/example_dags/example_latest_only_with_trigger.py
[2024-02-12T19:00:37.899+0000] {logging_mixin.py:188} INFO - [2024-02-12T19:00:37.899+0000] {dag.py:3036} INFO - Sync 1 DAGs
[2024-02-12T19:00:37.964+0000] {logging_mixin.py:188} INFO - [2024-02-12T19:00:37.963+0000] {dag.py:3823} INFO - Setting next_dagrun for latest_only_with_trigger to 2024-02-12 12:00:00+00:00, run_after=2024-02-12 16:00:00+00:00
[2024-02-12T19:00:38.001+0000] {processor.py:183} INFO - Processing /home/airflow/.local/lib/python3.8/site-packages/airflow/example_dags/example_latest_only_with_trigger.py took 0.219 seconds
[2024-02-12T19:01:08.116+0000] {processor.py:161} INFO - Started process (PID=658) to work on /home/airflow/.local/lib/python3.8/site-packages/airflow/example_dags/example_latest_only_with_trigger.py
[2024-02-12T19:01:08.117+0000] {processor.py:830} INFO - Processing file /home/airflow/.local/lib/python3.8/site-packages/airflow/example_dags/example_latest_only_with_trigger.py for tasks to queue
[2024-02-12T19:01:08.118+0000] {logging_mixin.py:188} INFO - [2024-02-12T19:01:08.117+0000] {dagbag.py:538} INFO - Filling up the DagBag from /home/airflow/.local/lib/python3.8/site-packages/airflow/example_dags/example_latest_only_with_trigger.py
[2024-02-12T19:01:08.124+0000] {processor.py:840} INFO - DAG(s) 'latest_only_with_trigger' retrieved from /home/airflow/.local/lib/python3.8/site-packages/airflow/example_dags/example_latest_only_with_trigger.py
[2024-02-12T19:01:08.149+0000] {logging_mixin.py:188} INFO - [2024-02-12T19:01:08.148+0000] {dag.py:3036} INFO - Sync 1 DAGs
[2024-02-12T19:01:08.173+0000] {logging_mixin.py:188} INFO - [2024-02-12T19:01:08.173+0000] {dag.py:3823} INFO - Setting next_dagrun for latest_only_with_trigger to 2024-02-12 12:00:00+00:00, run_after=2024-02-12 16:00:00+00:00
[2024-02-12T19:01:08.202+0000] {processor.py:183} INFO - Processing /home/airflow/.local/lib/python3.8/site-packages/airflow/example_dags/example_latest_only_with_trigger.py took 0.089 seconds
[2024-02-12T19:01:38.688+0000] {processor.py:161} INFO - Started process (PID=906) to work on /home/airflow/.local/lib/python3.8/site-packages/airflow/example_dags/example_latest_only_with_trigger.py
[2024-02-12T19:01:38.689+0000] {processor.py:830} INFO - Processing file /home/airflow/.local/lib/python3.8/site-packages/airflow/example_dags/example_latest_only_with_trigger.py for tasks to queue
[2024-02-12T19:01:38.690+0000] {logging_mixin.py:188} INFO - [2024-02-12T19:01:38.690+0000] {dagbag.py:538} INFO - Filling up the DagBag from /home/airflow/.local/lib/python3.8/site-packages/airflow/example_dags/example_latest_only_with_trigger.py
[2024-02-12T19:01:38.696+0000] {processor.py:840} INFO - DAG(s) 'latest_only_with_trigger' retrieved from /home/airflow/.local/lib/python3.8/site-packages/airflow/example_dags/example_latest_only_with_trigger.py
[2024-02-12T19:01:38.721+0000] {logging_mixin.py:188} INFO - [2024-02-12T19:01:38.720+0000] {dag.py:3036} INFO - Sync 1 DAGs
[2024-02-12T19:01:38.745+0000] {logging_mixin.py:188} INFO - [2024-02-12T19:01:38.745+0000] {dag.py:3823} INFO - Setting next_dagrun for latest_only_with_trigger to 2024-02-12 12:00:00+00:00, run_after=2024-02-12 16:00:00+00:00
[2024-02-12T19:01:38.772+0000] {processor.py:183} INFO - Processing /home/airflow/.local/lib/python3.8/site-packages/airflow/example_dags/example_latest_only_with_trigger.py took 0.087 seconds
[2024-02-12T19:02:09.037+0000] {processor.py:161} INFO - Started process (PID=1153) to work on /home/airflow/.local/lib/python3.8/site-packages/airflow/example_dags/example_latest_only_with_trigger.py
[2024-02-12T19:02:09.039+0000] {processor.py:830} INFO - Processing file /home/airflow/.local/lib/python3.8/site-packages/airflow/example_dags/example_latest_only_with_trigger.py for tasks to queue
[2024-02-12T19:02:09.040+0000] {logging_mixin.py:188} INFO - [2024-02-12T19:02:09.039+0000] {dagbag.py:538} INFO - Filling up the DagBag from /home/airflow/.local/lib/python3.8/site-packages/airflow/example_dags/example_latest_only_with_trigger.py
[2024-02-12T19:02:09.046+0000] {processor.py:840} INFO - DAG(s) 'latest_only_with_trigger' retrieved from /home/airflow/.local/lib/python3.8/site-packages/airflow/example_dags/example_latest_only_with_trigger.py
[2024-02-12T19:02:09.071+0000] {logging_mixin.py:188} INFO - [2024-02-12T19:02:09.071+0000] {dag.py:3036} INFO - Sync 1 DAGs
[2024-02-12T19:02:09.096+0000] {logging_mixin.py:188} INFO - [2024-02-12T19:02:09.096+0000] {dag.py:3823} INFO - Setting next_dagrun for latest_only_with_trigger to 2024-02-12 12:00:00+00:00, run_after=2024-02-12 16:00:00+00:00
[2024-02-12T19:02:09.122+0000] {processor.py:183} INFO - Processing /home/airflow/.local/lib/python3.8/site-packages/airflow/example_dags/example_latest_only_with_trigger.py took 0.088 seconds
[2024-02-12T19:02:39.498+0000] {processor.py:161} INFO - Started process (PID=1400) to work on /home/airflow/.local/lib/python3.8/site-packages/airflow/example_dags/example_latest_only_with_trigger.py
[2024-02-12T19:02:39.499+0000] {processor.py:830} INFO - Processing file /home/airflow/.local/lib/python3.8/site-packages/airflow/example_dags/example_latest_only_with_trigger.py for tasks to queue
[2024-02-12T19:02:39.499+0000] {logging_mixin.py:188} INFO - [2024-02-12T19:02:39.499+0000] {dagbag.py:538} INFO - Filling up the DagBag from /home/airflow/.local/lib/python3.8/site-packages/airflow/example_dags/example_latest_only_with_trigger.py
[2024-02-12T19:02:39.506+0000] {processor.py:840} INFO - DAG(s) 'latest_only_with_trigger' retrieved from /home/airflow/.local/lib/python3.8/site-packages/airflow/example_dags/example_latest_only_with_trigger.py
[2024-02-12T19:02:39.531+0000] {logging_mixin.py:188} INFO - [2024-02-12T19:02:39.530+0000] {dag.py:3036} INFO - Sync 1 DAGs
[2024-02-12T19:02:39.555+0000] {logging_mixin.py:188} INFO - [2024-02-12T19:02:39.555+0000] {dag.py:3823} INFO - Setting next_dagrun for latest_only_with_trigger to 2024-02-12 12:00:00+00:00, run_after=2024-02-12 16:00:00+00:00
[2024-02-12T19:02:39.580+0000] {processor.py:183} INFO - Processing /home/airflow/.local/lib/python3.8/site-packages/airflow/example_dags/example_latest_only_with_trigger.py took 0.086 seconds
[2024-02-12T19:03:09.835+0000] {processor.py:161} INFO - Started process (PID=1648) to work on /home/airflow/.local/lib/python3.8/site-packages/airflow/example_dags/example_latest_only_with_trigger.py
[2024-02-12T19:03:09.836+0000] {processor.py:830} INFO - Processing file /home/airflow/.local/lib/python3.8/site-packages/airflow/example_dags/example_latest_only_with_trigger.py for tasks to queue
[2024-02-12T19:03:09.837+0000] {logging_mixin.py:188} INFO - [2024-02-12T19:03:09.837+0000] {dagbag.py:538} INFO - Filling up the DagBag from /home/airflow/.local/lib/python3.8/site-packages/airflow/example_dags/example_latest_only_with_trigger.py
[2024-02-12T19:03:09.844+0000] {processor.py:840} INFO - DAG(s) 'latest_only_with_trigger' retrieved from /home/airflow/.local/lib/python3.8/site-packages/airflow/example_dags/example_latest_only_with_trigger.py
[2024-02-12T19:03:09.869+0000] {logging_mixin.py:188} INFO - [2024-02-12T19:03:09.869+0000] {dag.py:3036} INFO - Sync 1 DAGs
[2024-02-12T19:03:09.909+0000] {logging_mixin.py:188} INFO - [2024-02-12T19:03:09.908+0000] {dag.py:3823} INFO - Setting next_dagrun for latest_only_with_trigger to 2024-02-12 12:00:00+00:00, run_after=2024-02-12 16:00:00+00:00
[2024-02-12T19:03:09.934+0000] {processor.py:183} INFO - Processing /home/airflow/.local/lib/python3.8/site-packages/airflow/example_dags/example_latest_only_with_trigger.py took 0.103 seconds
[2024-02-12T19:03:40.096+0000] {processor.py:161} INFO - Started process (PID=1895) to work on /home/airflow/.local/lib/python3.8/site-packages/airflow/example_dags/example_latest_only_with_trigger.py
[2024-02-12T19:03:40.097+0000] {processor.py:830} INFO - Processing file /home/airflow/.local/lib/python3.8/site-packages/airflow/example_dags/example_latest_only_with_trigger.py for tasks to queue
[2024-02-12T19:03:40.098+0000] {logging_mixin.py:188} INFO - [2024-02-12T19:03:40.097+0000] {dagbag.py:538} INFO - Filling up the DagBag from /home/airflow/.local/lib/python3.8/site-packages/airflow/example_dags/example_latest_only_with_trigger.py
[2024-02-12T19:03:40.104+0000] {processor.py:840} INFO - DAG(s) 'latest_only_with_trigger' retrieved from /home/airflow/.local/lib/python3.8/site-packages/airflow/example_dags/example_latest_only_with_trigger.py
[2024-02-12T19:03:40.130+0000] {logging_mixin.py:188} INFO - [2024-02-12T19:03:40.129+0000] {dag.py:3036} INFO - Sync 1 DAGs
[2024-02-12T19:03:40.156+0000] {logging_mixin.py:188} INFO - [2024-02-12T19:03:40.155+0000] {dag.py:3823} INFO - Setting next_dagrun for latest_only_with_trigger to 2024-02-12 12:00:00+00:00, run_after=2024-02-12 16:00:00+00:00
[2024-02-12T19:03:40.185+0000] {processor.py:183} INFO - Processing /home/airflow/.local/lib/python3.8/site-packages/airflow/example_dags/example_latest_only_with_trigger.py took 0.093 seconds
[2024-02-12T19:04:10.389+0000] {processor.py:161} INFO - Started process (PID=2143) to work on /home/airflow/.local/lib/python3.8/site-packages/airflow/example_dags/example_latest_only_with_trigger.py
[2024-02-12T19:04:10.390+0000] {processor.py:830} INFO - Processing file /home/airflow/.local/lib/python3.8/site-packages/airflow/example_dags/example_latest_only_with_trigger.py for tasks to queue
[2024-02-12T19:04:10.391+0000] {logging_mixin.py:188} INFO - [2024-02-12T19:04:10.390+0000] {dagbag.py:538} INFO - Filling up the DagBag from /home/airflow/.local/lib/python3.8/site-packages/airflow/example_dags/example_latest_only_with_trigger.py
[2024-02-12T19:04:10.399+0000] {processor.py:840} INFO - DAG(s) 'latest_only_with_trigger' retrieved from /home/airflow/.local/lib/python3.8/site-packages/airflow/example_dags/example_latest_only_with_trigger.py
[2024-02-12T19:04:10.423+0000] {logging_mixin.py:188} INFO - [2024-02-12T19:04:10.423+0000] {dag.py:3036} INFO - Sync 1 DAGs
[2024-02-12T19:04:10.448+0000] {logging_mixin.py:188} INFO - [2024-02-12T19:04:10.448+0000] {dag.py:3823} INFO - Setting next_dagrun for latest_only_with_trigger to 2024-02-12 12:00:00+00:00, run_after=2024-02-12 16:00:00+00:00
[2024-02-12T19:04:10.472+0000] {processor.py:183} INFO - Processing /home/airflow/.local/lib/python3.8/site-packages/airflow/example_dags/example_latest_only_with_trigger.py took 0.087 seconds
[2024-02-12T19:04:40.900+0000] {processor.py:161} INFO - Started process (PID=2414) to work on /home/airflow/.local/lib/python3.8/site-packages/airflow/example_dags/example_latest_only_with_trigger.py
[2024-02-12T19:04:40.902+0000] {processor.py:830} INFO - Processing file /home/airflow/.local/lib/python3.8/site-packages/airflow/example_dags/example_latest_only_with_trigger.py for tasks to queue
[2024-02-12T19:04:40.903+0000] {logging_mixin.py:188} INFO - [2024-02-12T19:04:40.902+0000] {dagbag.py:538} INFO - Filling up the DagBag from /home/airflow/.local/lib/python3.8/site-packages/airflow/example_dags/example_latest_only_with_trigger.py
[2024-02-12T19:04:40.910+0000] {processor.py:840} INFO - DAG(s) 'latest_only_with_trigger' retrieved from /home/airflow/.local/lib/python3.8/site-packages/airflow/example_dags/example_latest_only_with_trigger.py
[2024-02-12T19:04:40.935+0000] {logging_mixin.py:188} INFO - [2024-02-12T19:04:40.935+0000] {dag.py:3036} INFO - Sync 1 DAGs
[2024-02-12T19:04:40.960+0000] {logging_mixin.py:188} INFO - [2024-02-12T19:04:40.960+0000] {dag.py:3823} INFO - Setting next_dagrun for latest_only_with_trigger to 2024-02-12 12:00:00+00:00, run_after=2024-02-12 16:00:00+00:00
[2024-02-12T19:04:40.985+0000] {processor.py:183} INFO - Processing /home/airflow/.local/lib/python3.8/site-packages/airflow/example_dags/example_latest_only_with_trigger.py took 0.088 seconds
[2024-02-12T19:05:11.389+0000] {processor.py:161} INFO - Started process (PID=2659) to work on /home/airflow/.local/lib/python3.8/site-packages/airflow/example_dags/example_latest_only_with_trigger.py
[2024-02-12T19:05:11.390+0000] {processor.py:830} INFO - Processing file /home/airflow/.local/lib/python3.8/site-packages/airflow/example_dags/example_latest_only_with_trigger.py for tasks to queue
[2024-02-12T19:05:11.394+0000] {logging_mixin.py:188} INFO - [2024-02-12T19:05:11.394+0000] {dagbag.py:538} INFO - Filling up the DagBag from /home/airflow/.local/lib/python3.8/site-packages/airflow/example_dags/example_latest_only_with_trigger.py
[2024-02-12T19:05:11.405+0000] {processor.py:840} INFO - DAG(s) 'latest_only_with_trigger' retrieved from /home/airflow/.local/lib/python3.8/site-packages/airflow/example_dags/example_latest_only_with_trigger.py
[2024-02-12T19:05:11.459+0000] {logging_mixin.py:188} INFO - [2024-02-12T19:05:11.458+0000] {dag.py:3036} INFO - Sync 1 DAGs
[2024-02-12T19:05:11.519+0000] {logging_mixin.py:188} INFO - [2024-02-12T19:05:11.519+0000] {dag.py:3823} INFO - Setting next_dagrun for latest_only_with_trigger to 2024-02-12 12:00:00+00:00, run_after=2024-02-12 16:00:00+00:00
[2024-02-12T19:05:11.566+0000] {processor.py:183} INFO - Processing /home/airflow/.local/lib/python3.8/site-packages/airflow/example_dags/example_latest_only_with_trigger.py took 0.181 seconds
[2024-02-12T19:05:41.873+0000] {processor.py:161} INFO - Started process (PID=2908) to work on /home/airflow/.local/lib/python3.8/site-packages/airflow/example_dags/example_latest_only_with_trigger.py
[2024-02-12T19:05:41.873+0000] {processor.py:830} INFO - Processing file /home/airflow/.local/lib/python3.8/site-packages/airflow/example_dags/example_latest_only_with_trigger.py for tasks to queue
[2024-02-12T19:05:41.874+0000] {logging_mixin.py:188} INFO - [2024-02-12T19:05:41.874+0000] {dagbag.py:538} INFO - Filling up the DagBag from /home/airflow/.local/lib/python3.8/site-packages/airflow/example_dags/example_latest_only_with_trigger.py
[2024-02-12T19:05:41.881+0000] {processor.py:840} INFO - DAG(s) 'latest_only_with_trigger' retrieved from /home/airflow/.local/lib/python3.8/site-packages/airflow/example_dags/example_latest_only_with_trigger.py
[2024-02-12T19:05:41.919+0000] {logging_mixin.py:188} INFO - [2024-02-12T19:05:41.919+0000] {dag.py:3036} INFO - Sync 1 DAGs
[2024-02-12T19:05:41.966+0000] {logging_mixin.py:188} INFO - [2024-02-12T19:05:41.965+0000] {dag.py:3823} INFO - Setting next_dagrun for latest_only_with_trigger to 2024-02-12 12:00:00+00:00, run_after=2024-02-12 16:00:00+00:00
[2024-02-12T19:05:42.025+0000] {processor.py:183} INFO - Processing /home/airflow/.local/lib/python3.8/site-packages/airflow/example_dags/example_latest_only_with_trigger.py took 0.155 seconds
[2024-02-12T19:06:12.653+0000] {processor.py:161} INFO - Started process (PID=3155) to work on /home/airflow/.local/lib/python3.8/site-packages/airflow/example_dags/example_latest_only_with_trigger.py
[2024-02-12T19:06:12.654+0000] {processor.py:830} INFO - Processing file /home/airflow/.local/lib/python3.8/site-packages/airflow/example_dags/example_latest_only_with_trigger.py for tasks to queue
[2024-02-12T19:06:12.655+0000] {logging_mixin.py:188} INFO - [2024-02-12T19:06:12.655+0000] {dagbag.py:538} INFO - Filling up the DagBag from /home/airflow/.local/lib/python3.8/site-packages/airflow/example_dags/example_latest_only_with_trigger.py
[2024-02-12T19:06:12.662+0000] {processor.py:840} INFO - DAG(s) 'latest_only_with_trigger' retrieved from /home/airflow/.local/lib/python3.8/site-packages/airflow/example_dags/example_latest_only_with_trigger.py
[2024-02-12T19:06:12.686+0000] {logging_mixin.py:188} INFO - [2024-02-12T19:06:12.686+0000] {dag.py:3036} INFO - Sync 1 DAGs
[2024-02-12T19:06:12.711+0000] {logging_mixin.py:188} INFO - [2024-02-12T19:06:12.711+0000] {dag.py:3823} INFO - Setting next_dagrun for latest_only_with_trigger to 2024-02-12 12:00:00+00:00, run_after=2024-02-12 16:00:00+00:00
[2024-02-12T19:06:12.736+0000] {processor.py:183} INFO - Processing /home/airflow/.local/lib/python3.8/site-packages/airflow/example_dags/example_latest_only_with_trigger.py took 0.086 seconds
[2024-02-12T19:06:42.992+0000] {processor.py:161} INFO - Started process (PID=3402) to work on /home/airflow/.local/lib/python3.8/site-packages/airflow/example_dags/example_latest_only_with_trigger.py
[2024-02-12T19:06:42.995+0000] {processor.py:830} INFO - Processing file /home/airflow/.local/lib/python3.8/site-packages/airflow/example_dags/example_latest_only_with_trigger.py for tasks to queue
[2024-02-12T19:06:42.996+0000] {logging_mixin.py:188} INFO - [2024-02-12T19:06:42.995+0000] {dagbag.py:538} INFO - Filling up the DagBag from /home/airflow/.local/lib/python3.8/site-packages/airflow/example_dags/example_latest_only_with_trigger.py
[2024-02-12T19:06:43.012+0000] {processor.py:840} INFO - DAG(s) 'latest_only_with_trigger' retrieved from /home/airflow/.local/lib/python3.8/site-packages/airflow/example_dags/example_latest_only_with_trigger.py
[2024-02-12T19:06:43.071+0000] {logging_mixin.py:188} INFO - [2024-02-12T19:06:43.071+0000] {dag.py:3036} INFO - Sync 1 DAGs
[2024-02-12T19:06:43.116+0000] {logging_mixin.py:188} INFO - [2024-02-12T19:06:43.116+0000] {dag.py:3823} INFO - Setting next_dagrun for latest_only_with_trigger to 2024-02-12 12:00:00+00:00, run_after=2024-02-12 16:00:00+00:00
[2024-02-12T19:06:43.162+0000] {processor.py:183} INFO - Processing /home/airflow/.local/lib/python3.8/site-packages/airflow/example_dags/example_latest_only_with_trigger.py took 0.174 seconds
[2024-02-12T19:07:13.259+0000] {processor.py:161} INFO - Started process (PID=3657) to work on /home/airflow/.local/lib/python3.8/site-packages/airflow/example_dags/example_latest_only_with_trigger.py
[2024-02-12T19:07:13.261+0000] {processor.py:830} INFO - Processing file /home/airflow/.local/lib/python3.8/site-packages/airflow/example_dags/example_latest_only_with_trigger.py for tasks to queue
[2024-02-12T19:07:13.262+0000] {logging_mixin.py:188} INFO - [2024-02-12T19:07:13.262+0000] {dagbag.py:538} INFO - Filling up the DagBag from /home/airflow/.local/lib/python3.8/site-packages/airflow/example_dags/example_latest_only_with_trigger.py
[2024-02-12T19:07:13.275+0000] {processor.py:840} INFO - DAG(s) 'latest_only_with_trigger' retrieved from /home/airflow/.local/lib/python3.8/site-packages/airflow/example_dags/example_latest_only_with_trigger.py
[2024-02-12T19:07:13.330+0000] {logging_mixin.py:188} INFO - [2024-02-12T19:07:13.330+0000] {dag.py:3036} INFO - Sync 1 DAGs
[2024-02-12T19:07:13.354+0000] {logging_mixin.py:188} INFO - [2024-02-12T19:07:13.354+0000] {dag.py:3823} INFO - Setting next_dagrun for latest_only_with_trigger to 2024-02-12 12:00:00+00:00, run_after=2024-02-12 16:00:00+00:00
[2024-02-12T19:07:13.377+0000] {processor.py:183} INFO - Processing /home/airflow/.local/lib/python3.8/site-packages/airflow/example_dags/example_latest_only_with_trigger.py took 0.122 seconds
[2024-02-12T19:07:43.597+0000] {processor.py:161} INFO - Started process (PID=3903) to work on /home/airflow/.local/lib/python3.8/site-packages/airflow/example_dags/example_latest_only_with_trigger.py
[2024-02-12T19:07:43.600+0000] {processor.py:830} INFO - Processing file /home/airflow/.local/lib/python3.8/site-packages/airflow/example_dags/example_latest_only_with_trigger.py for tasks to queue
[2024-02-12T19:07:43.604+0000] {logging_mixin.py:188} INFO - [2024-02-12T19:07:43.604+0000] {dagbag.py:538} INFO - Filling up the DagBag from /home/airflow/.local/lib/python3.8/site-packages/airflow/example_dags/example_latest_only_with_trigger.py
[2024-02-12T19:07:43.612+0000] {processor.py:840} INFO - DAG(s) 'latest_only_with_trigger' retrieved from /home/airflow/.local/lib/python3.8/site-packages/airflow/example_dags/example_latest_only_with_trigger.py
[2024-02-12T19:07:43.638+0000] {logging_mixin.py:188} INFO - [2024-02-12T19:07:43.637+0000] {dag.py:3036} INFO - Sync 1 DAGs
[2024-02-12T19:07:43.663+0000] {logging_mixin.py:188} INFO - [2024-02-12T19:07:43.662+0000] {dag.py:3823} INFO - Setting next_dagrun for latest_only_with_trigger to 2024-02-12 12:00:00+00:00, run_after=2024-02-12 16:00:00+00:00
[2024-02-12T19:07:43.698+0000] {processor.py:183} INFO - Processing /home/airflow/.local/lib/python3.8/site-packages/airflow/example_dags/example_latest_only_with_trigger.py took 0.105 seconds
[2024-02-12T19:08:13.936+0000] {processor.py:161} INFO - Started process (PID=4152) to work on /home/airflow/.local/lib/python3.8/site-packages/airflow/example_dags/example_latest_only_with_trigger.py
[2024-02-12T19:08:13.937+0000] {processor.py:830} INFO - Processing file /home/airflow/.local/lib/python3.8/site-packages/airflow/example_dags/example_latest_only_with_trigger.py for tasks to queue
[2024-02-12T19:08:13.938+0000] {logging_mixin.py:188} INFO - [2024-02-12T19:08:13.937+0000] {dagbag.py:538} INFO - Filling up the DagBag from /home/airflow/.local/lib/python3.8/site-packages/airflow/example_dags/example_latest_only_with_trigger.py
[2024-02-12T19:08:13.944+0000] {processor.py:840} INFO - DAG(s) 'latest_only_with_trigger' retrieved from /home/airflow/.local/lib/python3.8/site-packages/airflow/example_dags/example_latest_only_with_trigger.py
[2024-02-12T19:08:13.968+0000] {logging_mixin.py:188} INFO - [2024-02-12T19:08:13.968+0000] {dag.py:3036} INFO - Sync 1 DAGs
[2024-02-12T19:08:14.021+0000] {logging_mixin.py:188} INFO - [2024-02-12T19:08:14.020+0000] {dag.py:3823} INFO - Setting next_dagrun for latest_only_with_trigger to 2024-02-12 12:00:00+00:00, run_after=2024-02-12 16:00:00+00:00
[2024-02-12T19:08:14.050+0000] {processor.py:183} INFO - Processing /home/airflow/.local/lib/python3.8/site-packages/airflow/example_dags/example_latest_only_with_trigger.py took 0.117 seconds
[2024-02-12T19:08:44.176+0000] {processor.py:161} INFO - Started process (PID=4400) to work on /home/airflow/.local/lib/python3.8/site-packages/airflow/example_dags/example_latest_only_with_trigger.py
[2024-02-12T19:08:44.178+0000] {processor.py:830} INFO - Processing file /home/airflow/.local/lib/python3.8/site-packages/airflow/example_dags/example_latest_only_with_trigger.py for tasks to queue
[2024-02-12T19:08:44.179+0000] {logging_mixin.py:188} INFO - [2024-02-12T19:08:44.179+0000] {dagbag.py:538} INFO - Filling up the DagBag from /home/airflow/.local/lib/python3.8/site-packages/airflow/example_dags/example_latest_only_with_trigger.py
[2024-02-12T19:08:44.188+0000] {processor.py:840} INFO - DAG(s) 'latest_only_with_trigger' retrieved from /home/airflow/.local/lib/python3.8/site-packages/airflow/example_dags/example_latest_only_with_trigger.py
[2024-02-12T19:08:44.217+0000] {logging_mixin.py:188} INFO - [2024-02-12T19:08:44.216+0000] {dag.py:3036} INFO - Sync 1 DAGs
[2024-02-12T19:08:44.242+0000] {logging_mixin.py:188} INFO - [2024-02-12T19:08:44.242+0000] {dag.py:3823} INFO - Setting next_dagrun for latest_only_with_trigger to 2024-02-12 12:00:00+00:00, run_after=2024-02-12 16:00:00+00:00
[2024-02-12T19:08:44.265+0000] {processor.py:183} INFO - Processing /home/airflow/.local/lib/python3.8/site-packages/airflow/example_dags/example_latest_only_with_trigger.py took 0.092 seconds
[2024-02-12T19:09:14.537+0000] {processor.py:161} INFO - Started process (PID=4649) to work on /home/airflow/.local/lib/python3.8/site-packages/airflow/example_dags/example_latest_only_with_trigger.py
[2024-02-12T19:09:14.538+0000] {processor.py:830} INFO - Processing file /home/airflow/.local/lib/python3.8/site-packages/airflow/example_dags/example_latest_only_with_trigger.py for tasks to queue
[2024-02-12T19:09:14.538+0000] {logging_mixin.py:188} INFO - [2024-02-12T19:09:14.538+0000] {dagbag.py:538} INFO - Filling up the DagBag from /home/airflow/.local/lib/python3.8/site-packages/airflow/example_dags/example_latest_only_with_trigger.py
[2024-02-12T19:09:14.546+0000] {processor.py:840} INFO - DAG(s) 'latest_only_with_trigger' retrieved from /home/airflow/.local/lib/python3.8/site-packages/airflow/example_dags/example_latest_only_with_trigger.py
[2024-02-12T19:09:14.571+0000] {logging_mixin.py:188} INFO - [2024-02-12T19:09:14.571+0000] {dag.py:3036} INFO - Sync 1 DAGs
[2024-02-12T19:09:14.596+0000] {logging_mixin.py:188} INFO - [2024-02-12T19:09:14.596+0000] {dag.py:3823} INFO - Setting next_dagrun for latest_only_with_trigger to 2024-02-12 12:00:00+00:00, run_after=2024-02-12 16:00:00+00:00
[2024-02-12T19:09:14.621+0000] {processor.py:183} INFO - Processing /home/airflow/.local/lib/python3.8/site-packages/airflow/example_dags/example_latest_only_with_trigger.py took 0.088 seconds
[2024-02-12T19:09:44.818+0000] {processor.py:161} INFO - Started process (PID=4896) to work on /home/airflow/.local/lib/python3.8/site-packages/airflow/example_dags/example_latest_only_with_trigger.py
[2024-02-12T19:09:44.819+0000] {processor.py:830} INFO - Processing file /home/airflow/.local/lib/python3.8/site-packages/airflow/example_dags/example_latest_only_with_trigger.py for tasks to queue
[2024-02-12T19:09:44.820+0000] {logging_mixin.py:188} INFO - [2024-02-12T19:09:44.820+0000] {dagbag.py:538} INFO - Filling up the DagBag from /home/airflow/.local/lib/python3.8/site-packages/airflow/example_dags/example_latest_only_with_trigger.py
[2024-02-12T19:09:44.827+0000] {processor.py:840} INFO - DAG(s) 'latest_only_with_trigger' retrieved from /home/airflow/.local/lib/python3.8/site-packages/airflow/example_dags/example_latest_only_with_trigger.py
[2024-02-12T19:09:44.853+0000] {logging_mixin.py:188} INFO - [2024-02-12T19:09:44.853+0000] {dag.py:3036} INFO - Sync 1 DAGs
[2024-02-12T19:09:44.890+0000] {logging_mixin.py:188} INFO - [2024-02-12T19:09:44.881+0000] {dag.py:3823} INFO - Setting next_dagrun for latest_only_with_trigger to 2024-02-12 12:00:00+00:00, run_after=2024-02-12 16:00:00+00:00
[2024-02-12T19:09:44.930+0000] {processor.py:183} INFO - Processing /home/airflow/.local/lib/python3.8/site-packages/airflow/example_dags/example_latest_only_with_trigger.py took 0.115 seconds
[2024-02-12T19:10:15.105+0000] {processor.py:161} INFO - Started process (PID=5143) to work on /home/airflow/.local/lib/python3.8/site-packages/airflow/example_dags/example_latest_only_with_trigger.py
[2024-02-12T19:10:15.106+0000] {processor.py:830} INFO - Processing file /home/airflow/.local/lib/python3.8/site-packages/airflow/example_dags/example_latest_only_with_trigger.py for tasks to queue
[2024-02-12T19:10:15.107+0000] {logging_mixin.py:188} INFO - [2024-02-12T19:10:15.106+0000] {dagbag.py:538} INFO - Filling up the DagBag from /home/airflow/.local/lib/python3.8/site-packages/airflow/example_dags/example_latest_only_with_trigger.py
[2024-02-12T19:10:15.114+0000] {processor.py:840} INFO - DAG(s) 'latest_only_with_trigger' retrieved from /home/airflow/.local/lib/python3.8/site-packages/airflow/example_dags/example_latest_only_with_trigger.py
[2024-02-12T19:10:15.139+0000] {logging_mixin.py:188} INFO - [2024-02-12T19:10:15.139+0000] {dag.py:3036} INFO - Sync 1 DAGs
[2024-02-12T19:10:15.163+0000] {logging_mixin.py:188} INFO - [2024-02-12T19:10:15.163+0000] {dag.py:3823} INFO - Setting next_dagrun for latest_only_with_trigger to 2024-02-12 12:00:00+00:00, run_after=2024-02-12 16:00:00+00:00
[2024-02-12T19:10:15.204+0000] {processor.py:183} INFO - Processing /home/airflow/.local/lib/python3.8/site-packages/airflow/example_dags/example_latest_only_with_trigger.py took 0.103 seconds
[2024-02-12T19:10:45.407+0000] {processor.py:161} INFO - Started process (PID=5391) to work on /home/airflow/.local/lib/python3.8/site-packages/airflow/example_dags/example_latest_only_with_trigger.py
[2024-02-12T19:10:45.408+0000] {processor.py:830} INFO - Processing file /home/airflow/.local/lib/python3.8/site-packages/airflow/example_dags/example_latest_only_with_trigger.py for tasks to queue
[2024-02-12T19:10:45.409+0000] {logging_mixin.py:188} INFO - [2024-02-12T19:10:45.409+0000] {dagbag.py:538} INFO - Filling up the DagBag from /home/airflow/.local/lib/python3.8/site-packages/airflow/example_dags/example_latest_only_with_trigger.py
[2024-02-12T19:10:45.416+0000] {processor.py:840} INFO - DAG(s) 'latest_only_with_trigger' retrieved from /home/airflow/.local/lib/python3.8/site-packages/airflow/example_dags/example_latest_only_with_trigger.py
[2024-02-12T19:10:45.441+0000] {logging_mixin.py:188} INFO - [2024-02-12T19:10:45.441+0000] {dag.py:3036} INFO - Sync 1 DAGs
[2024-02-12T19:10:45.465+0000] {logging_mixin.py:188} INFO - [2024-02-12T19:10:45.465+0000] {dag.py:3823} INFO - Setting next_dagrun for latest_only_with_trigger to 2024-02-12 12:00:00+00:00, run_after=2024-02-12 16:00:00+00:00
[2024-02-12T19:10:45.490+0000] {processor.py:183} INFO - Processing /home/airflow/.local/lib/python3.8/site-packages/airflow/example_dags/example_latest_only_with_trigger.py took 0.087 seconds
[2024-02-12T19:11:15.815+0000] {processor.py:161} INFO - Started process (PID=5638) to work on /home/airflow/.local/lib/python3.8/site-packages/airflow/example_dags/example_latest_only_with_trigger.py
[2024-02-12T19:11:15.817+0000] {processor.py:830} INFO - Processing file /home/airflow/.local/lib/python3.8/site-packages/airflow/example_dags/example_latest_only_with_trigger.py for tasks to queue
[2024-02-12T19:11:15.818+0000] {logging_mixin.py:188} INFO - [2024-02-12T19:11:15.818+0000] {dagbag.py:538} INFO - Filling up the DagBag from /home/airflow/.local/lib/python3.8/site-packages/airflow/example_dags/example_latest_only_with_trigger.py
[2024-02-12T19:11:15.825+0000] {processor.py:840} INFO - DAG(s) 'latest_only_with_trigger' retrieved from /home/airflow/.local/lib/python3.8/site-packages/airflow/example_dags/example_latest_only_with_trigger.py
[2024-02-12T19:11:15.851+0000] {logging_mixin.py:188} INFO - [2024-02-12T19:11:15.851+0000] {dag.py:3036} INFO - Sync 1 DAGs
[2024-02-12T19:11:15.877+0000] {logging_mixin.py:188} INFO - [2024-02-12T19:11:15.877+0000] {dag.py:3823} INFO - Setting next_dagrun for latest_only_with_trigger to 2024-02-12 12:00:00+00:00, run_after=2024-02-12 16:00:00+00:00
[2024-02-12T19:11:15.902+0000] {processor.py:183} INFO - Processing /home/airflow/.local/lib/python3.8/site-packages/airflow/example_dags/example_latest_only_with_trigger.py took 0.091 seconds
[2024-02-12T19:11:46.250+0000] {processor.py:161} INFO - Started process (PID=5885) to work on /home/airflow/.local/lib/python3.8/site-packages/airflow/example_dags/example_latest_only_with_trigger.py
[2024-02-12T19:11:46.251+0000] {processor.py:830} INFO - Processing file /home/airflow/.local/lib/python3.8/site-packages/airflow/example_dags/example_latest_only_with_trigger.py for tasks to queue
[2024-02-12T19:11:46.252+0000] {logging_mixin.py:188} INFO - [2024-02-12T19:11:46.251+0000] {dagbag.py:538} INFO - Filling up the DagBag from /home/airflow/.local/lib/python3.8/site-packages/airflow/example_dags/example_latest_only_with_trigger.py
[2024-02-12T19:11:46.259+0000] {processor.py:840} INFO - DAG(s) 'latest_only_with_trigger' retrieved from /home/airflow/.local/lib/python3.8/site-packages/airflow/example_dags/example_latest_only_with_trigger.py
[2024-02-12T19:11:46.288+0000] {logging_mixin.py:188} INFO - [2024-02-12T19:11:46.288+0000] {dag.py:3036} INFO - Sync 1 DAGs
[2024-02-12T19:11:46.313+0000] {logging_mixin.py:188} INFO - [2024-02-12T19:11:46.313+0000] {dag.py:3823} INFO - Setting next_dagrun for latest_only_with_trigger to 2024-02-12 12:00:00+00:00, run_after=2024-02-12 16:00:00+00:00
[2024-02-12T19:11:46.339+0000] {processor.py:183} INFO - Processing /home/airflow/.local/lib/python3.8/site-packages/airflow/example_dags/example_latest_only_with_trigger.py took 0.093 seconds
[2024-02-12T19:12:16.693+0000] {processor.py:161} INFO - Started process (PID=6130) to work on /home/airflow/.local/lib/python3.8/site-packages/airflow/example_dags/example_latest_only_with_trigger.py
[2024-02-12T19:12:16.694+0000] {processor.py:830} INFO - Processing file /home/airflow/.local/lib/python3.8/site-packages/airflow/example_dags/example_latest_only_with_trigger.py for tasks to queue
[2024-02-12T19:12:16.695+0000] {logging_mixin.py:188} INFO - [2024-02-12T19:12:16.695+0000] {dagbag.py:538} INFO - Filling up the DagBag from /home/airflow/.local/lib/python3.8/site-packages/airflow/example_dags/example_latest_only_with_trigger.py
[2024-02-12T19:12:16.702+0000] {processor.py:840} INFO - DAG(s) 'latest_only_with_trigger' retrieved from /home/airflow/.local/lib/python3.8/site-packages/airflow/example_dags/example_latest_only_with_trigger.py
[2024-02-12T19:12:16.814+0000] {logging_mixin.py:188} INFO - [2024-02-12T19:12:16.811+0000] {dag.py:3036} INFO - Sync 1 DAGs
[2024-02-12T19:12:16.889+0000] {logging_mixin.py:188} INFO - [2024-02-12T19:12:16.889+0000] {dag.py:3823} INFO - Setting next_dagrun for latest_only_with_trigger to 2024-02-12 12:00:00+00:00, run_after=2024-02-12 16:00:00+00:00
[2024-02-12T19:12:16.923+0000] {processor.py:183} INFO - Processing /home/airflow/.local/lib/python3.8/site-packages/airflow/example_dags/example_latest_only_with_trigger.py took 0.234 seconds
[2024-02-12T19:12:47.122+0000] {processor.py:161} INFO - Started process (PID=6381) to work on /home/airflow/.local/lib/python3.8/site-packages/airflow/example_dags/example_latest_only_with_trigger.py
[2024-02-12T19:12:47.123+0000] {processor.py:830} INFO - Processing file /home/airflow/.local/lib/python3.8/site-packages/airflow/example_dags/example_latest_only_with_trigger.py for tasks to queue
[2024-02-12T19:12:47.124+0000] {logging_mixin.py:188} INFO - [2024-02-12T19:12:47.123+0000] {dagbag.py:538} INFO - Filling up the DagBag from /home/airflow/.local/lib/python3.8/site-packages/airflow/example_dags/example_latest_only_with_trigger.py
[2024-02-12T19:12:47.130+0000] {processor.py:840} INFO - DAG(s) 'latest_only_with_trigger' retrieved from /home/airflow/.local/lib/python3.8/site-packages/airflow/example_dags/example_latest_only_with_trigger.py
[2024-02-12T19:12:47.155+0000] {logging_mixin.py:188} INFO - [2024-02-12T19:12:47.155+0000] {dag.py:3036} INFO - Sync 1 DAGs
[2024-02-12T19:12:47.181+0000] {logging_mixin.py:188} INFO - [2024-02-12T19:12:47.181+0000] {dag.py:3823} INFO - Setting next_dagrun for latest_only_with_trigger to 2024-02-12 12:00:00+00:00, run_after=2024-02-12 16:00:00+00:00
[2024-02-12T19:12:47.222+0000] {processor.py:183} INFO - Processing /home/airflow/.local/lib/python3.8/site-packages/airflow/example_dags/example_latest_only_with_trigger.py took 0.104 seconds
[2024-02-12T19:13:17.669+0000] {processor.py:161} INFO - Started process (PID=6629) to work on /home/airflow/.local/lib/python3.8/site-packages/airflow/example_dags/example_latest_only_with_trigger.py
[2024-02-12T19:13:17.670+0000] {processor.py:830} INFO - Processing file /home/airflow/.local/lib/python3.8/site-packages/airflow/example_dags/example_latest_only_with_trigger.py for tasks to queue
[2024-02-12T19:13:17.671+0000] {logging_mixin.py:188} INFO - [2024-02-12T19:13:17.671+0000] {dagbag.py:538} INFO - Filling up the DagBag from /home/airflow/.local/lib/python3.8/site-packages/airflow/example_dags/example_latest_only_with_trigger.py
[2024-02-12T19:13:17.678+0000] {processor.py:840} INFO - DAG(s) 'latest_only_with_trigger' retrieved from /home/airflow/.local/lib/python3.8/site-packages/airflow/example_dags/example_latest_only_with_trigger.py
[2024-02-12T19:13:17.704+0000] {logging_mixin.py:188} INFO - [2024-02-12T19:13:17.703+0000] {dag.py:3036} INFO - Sync 1 DAGs
[2024-02-12T19:13:17.728+0000] {logging_mixin.py:188} INFO - [2024-02-12T19:13:17.728+0000] {dag.py:3823} INFO - Setting next_dagrun for latest_only_with_trigger to 2024-02-12 12:00:00+00:00, run_after=2024-02-12 16:00:00+00:00
[2024-02-12T19:13:17.753+0000] {processor.py:183} INFO - Processing /home/airflow/.local/lib/python3.8/site-packages/airflow/example_dags/example_latest_only_with_trigger.py took 0.088 seconds
[2024-02-12T19:13:47.945+0000] {processor.py:161} INFO - Started process (PID=6876) to work on /home/airflow/.local/lib/python3.8/site-packages/airflow/example_dags/example_latest_only_with_trigger.py
[2024-02-12T19:13:47.946+0000] {processor.py:830} INFO - Processing file /home/airflow/.local/lib/python3.8/site-packages/airflow/example_dags/example_latest_only_with_trigger.py for tasks to queue
[2024-02-12T19:13:47.947+0000] {logging_mixin.py:188} INFO - [2024-02-12T19:13:47.946+0000] {dagbag.py:538} INFO - Filling up the DagBag from /home/airflow/.local/lib/python3.8/site-packages/airflow/example_dags/example_latest_only_with_trigger.py
[2024-02-12T19:13:47.953+0000] {processor.py:840} INFO - DAG(s) 'latest_only_with_trigger' retrieved from /home/airflow/.local/lib/python3.8/site-packages/airflow/example_dags/example_latest_only_with_trigger.py
[2024-02-12T19:13:47.978+0000] {logging_mixin.py:188} INFO - [2024-02-12T19:13:47.978+0000] {dag.py:3036} INFO - Sync 1 DAGs
[2024-02-12T19:13:48.007+0000] {logging_mixin.py:188} INFO - [2024-02-12T19:13:48.006+0000] {dag.py:3823} INFO - Setting next_dagrun for latest_only_with_trigger to 2024-02-12 12:00:00+00:00, run_after=2024-02-12 16:00:00+00:00
[2024-02-12T19:13:48.035+0000] {processor.py:183} INFO - Processing /home/airflow/.local/lib/python3.8/site-packages/airflow/example_dags/example_latest_only_with_trigger.py took 0.093 seconds
[2024-02-12T19:14:18.304+0000] {processor.py:161} INFO - Started process (PID=7117) to work on /home/airflow/.local/lib/python3.8/site-packages/airflow/example_dags/example_latest_only_with_trigger.py
[2024-02-12T19:14:18.305+0000] {processor.py:830} INFO - Processing file /home/airflow/.local/lib/python3.8/site-packages/airflow/example_dags/example_latest_only_with_trigger.py for tasks to queue
[2024-02-12T19:14:18.306+0000] {logging_mixin.py:188} INFO - [2024-02-12T19:14:18.305+0000] {dagbag.py:538} INFO - Filling up the DagBag from /home/airflow/.local/lib/python3.8/site-packages/airflow/example_dags/example_latest_only_with_trigger.py
[2024-02-12T19:14:18.312+0000] {processor.py:840} INFO - DAG(s) 'latest_only_with_trigger' retrieved from /home/airflow/.local/lib/python3.8/site-packages/airflow/example_dags/example_latest_only_with_trigger.py
[2024-02-12T19:14:18.340+0000] {logging_mixin.py:188} INFO - [2024-02-12T19:14:18.340+0000] {dag.py:3036} INFO - Sync 1 DAGs
[2024-02-12T19:14:18.366+0000] {logging_mixin.py:188} INFO - [2024-02-12T19:14:18.366+0000] {dag.py:3823} INFO - Setting next_dagrun for latest_only_with_trigger to 2024-02-12 12:00:00+00:00, run_after=2024-02-12 16:00:00+00:00
[2024-02-12T19:14:18.391+0000] {processor.py:183} INFO - Processing /home/airflow/.local/lib/python3.8/site-packages/airflow/example_dags/example_latest_only_with_trigger.py took 0.090 seconds
[2024-02-12T19:14:48.802+0000] {processor.py:161} INFO - Started process (PID=7362) to work on /home/airflow/.local/lib/python3.8/site-packages/airflow/example_dags/example_latest_only_with_trigger.py
[2024-02-12T19:14:48.803+0000] {processor.py:830} INFO - Processing file /home/airflow/.local/lib/python3.8/site-packages/airflow/example_dags/example_latest_only_with_trigger.py for tasks to queue
[2024-02-12T19:14:48.804+0000] {logging_mixin.py:188} INFO - [2024-02-12T19:14:48.803+0000] {dagbag.py:538} INFO - Filling up the DagBag from /home/airflow/.local/lib/python3.8/site-packages/airflow/example_dags/example_latest_only_with_trigger.py
[2024-02-12T19:14:48.810+0000] {processor.py:840} INFO - DAG(s) 'latest_only_with_trigger' retrieved from /home/airflow/.local/lib/python3.8/site-packages/airflow/example_dags/example_latest_only_with_trigger.py
[2024-02-12T19:14:48.841+0000] {logging_mixin.py:188} INFO - [2024-02-12T19:14:48.841+0000] {dag.py:3036} INFO - Sync 1 DAGs
[2024-02-12T19:14:48.893+0000] {logging_mixin.py:188} INFO - [2024-02-12T19:14:48.893+0000] {dag.py:3823} INFO - Setting next_dagrun for latest_only_with_trigger to 2024-02-12 12:00:00+00:00, run_after=2024-02-12 16:00:00+00:00
[2024-02-12T19:14:48.930+0000] {processor.py:183} INFO - Processing /home/airflow/.local/lib/python3.8/site-packages/airflow/example_dags/example_latest_only_with_trigger.py took 0.131 seconds
[2024-02-12T19:15:19.579+0000] {processor.py:161} INFO - Started process (PID=7609) to work on /home/airflow/.local/lib/python3.8/site-packages/airflow/example_dags/example_latest_only_with_trigger.py
[2024-02-12T19:15:19.580+0000] {processor.py:830} INFO - Processing file /home/airflow/.local/lib/python3.8/site-packages/airflow/example_dags/example_latest_only_with_trigger.py for tasks to queue
[2024-02-12T19:15:19.581+0000] {logging_mixin.py:188} INFO - [2024-02-12T19:15:19.580+0000] {dagbag.py:538} INFO - Filling up the DagBag from /home/airflow/.local/lib/python3.8/site-packages/airflow/example_dags/example_latest_only_with_trigger.py
[2024-02-12T19:15:19.587+0000] {processor.py:840} INFO - DAG(s) 'latest_only_with_trigger' retrieved from /home/airflow/.local/lib/python3.8/site-packages/airflow/example_dags/example_latest_only_with_trigger.py
[2024-02-12T19:15:19.612+0000] {logging_mixin.py:188} INFO - [2024-02-12T19:15:19.612+0000] {dag.py:3036} INFO - Sync 1 DAGs
[2024-02-12T19:15:19.637+0000] {logging_mixin.py:188} INFO - [2024-02-12T19:15:19.637+0000] {dag.py:3823} INFO - Setting next_dagrun for latest_only_with_trigger to 2024-02-12 12:00:00+00:00, run_after=2024-02-12 16:00:00+00:00
[2024-02-12T19:15:19.662+0000] {processor.py:183} INFO - Processing /home/airflow/.local/lib/python3.8/site-packages/airflow/example_dags/example_latest_only_with_trigger.py took 0.089 seconds
[2024-02-12T19:15:49.936+0000] {processor.py:161} INFO - Started process (PID=7858) to work on /home/airflow/.local/lib/python3.8/site-packages/airflow/example_dags/example_latest_only_with_trigger.py
[2024-02-12T19:15:49.937+0000] {processor.py:830} INFO - Processing file /home/airflow/.local/lib/python3.8/site-packages/airflow/example_dags/example_latest_only_with_trigger.py for tasks to queue
[2024-02-12T19:15:49.938+0000] {logging_mixin.py:188} INFO - [2024-02-12T19:15:49.937+0000] {dagbag.py:538} INFO - Filling up the DagBag from /home/airflow/.local/lib/python3.8/site-packages/airflow/example_dags/example_latest_only_with_trigger.py
[2024-02-12T19:15:49.945+0000] {processor.py:840} INFO - DAG(s) 'latest_only_with_trigger' retrieved from /home/airflow/.local/lib/python3.8/site-packages/airflow/example_dags/example_latest_only_with_trigger.py
[2024-02-12T19:15:49.983+0000] {logging_mixin.py:188} INFO - [2024-02-12T19:15:49.983+0000] {dag.py:3036} INFO - Sync 1 DAGs
[2024-02-12T19:15:50.030+0000] {logging_mixin.py:188} INFO - [2024-02-12T19:15:50.030+0000] {dag.py:3823} INFO - Setting next_dagrun for latest_only_with_trigger to 2024-02-12 12:00:00+00:00, run_after=2024-02-12 16:00:00+00:00
[2024-02-12T19:15:50.087+0000] {processor.py:183} INFO - Processing /home/airflow/.local/lib/python3.8/site-packages/airflow/example_dags/example_latest_only_with_trigger.py took 0.159 seconds
[2024-02-12T19:16:20.486+0000] {processor.py:161} INFO - Started process (PID=8106) to work on /home/airflow/.local/lib/python3.8/site-packages/airflow/example_dags/example_latest_only_with_trigger.py
[2024-02-12T19:16:20.487+0000] {processor.py:830} INFO - Processing file /home/airflow/.local/lib/python3.8/site-packages/airflow/example_dags/example_latest_only_with_trigger.py for tasks to queue
[2024-02-12T19:16:20.488+0000] {logging_mixin.py:188} INFO - [2024-02-12T19:16:20.488+0000] {dagbag.py:538} INFO - Filling up the DagBag from /home/airflow/.local/lib/python3.8/site-packages/airflow/example_dags/example_latest_only_with_trigger.py
[2024-02-12T19:16:20.495+0000] {processor.py:840} INFO - DAG(s) 'latest_only_with_trigger' retrieved from /home/airflow/.local/lib/python3.8/site-packages/airflow/example_dags/example_latest_only_with_trigger.py
[2024-02-12T19:16:20.521+0000] {logging_mixin.py:188} INFO - [2024-02-12T19:16:20.519+0000] {dag.py:3036} INFO - Sync 1 DAGs
[2024-02-12T19:16:20.573+0000] {logging_mixin.py:188} INFO - [2024-02-12T19:16:20.573+0000] {dag.py:3823} INFO - Setting next_dagrun for latest_only_with_trigger to 2024-02-12 12:00:00+00:00, run_after=2024-02-12 16:00:00+00:00
[2024-02-12T19:16:20.600+0000] {processor.py:183} INFO - Processing /home/airflow/.local/lib/python3.8/site-packages/airflow/example_dags/example_latest_only_with_trigger.py took 0.117 seconds
[2024-02-12T19:16:50.774+0000] {processor.py:161} INFO - Started process (PID=8353) to work on /home/airflow/.local/lib/python3.8/site-packages/airflow/example_dags/example_latest_only_with_trigger.py
[2024-02-12T19:16:50.781+0000] {processor.py:830} INFO - Processing file /home/airflow/.local/lib/python3.8/site-packages/airflow/example_dags/example_latest_only_with_trigger.py for tasks to queue
[2024-02-12T19:16:50.782+0000] {logging_mixin.py:188} INFO - [2024-02-12T19:16:50.782+0000] {dagbag.py:538} INFO - Filling up the DagBag from /home/airflow/.local/lib/python3.8/site-packages/airflow/example_dags/example_latest_only_with_trigger.py
[2024-02-12T19:16:50.789+0000] {processor.py:840} INFO - DAG(s) 'latest_only_with_trigger' retrieved from /home/airflow/.local/lib/python3.8/site-packages/airflow/example_dags/example_latest_only_with_trigger.py
[2024-02-12T19:16:50.814+0000] {logging_mixin.py:188} INFO - [2024-02-12T19:16:50.814+0000] {dag.py:3036} INFO - Sync 1 DAGs
[2024-02-12T19:16:50.840+0000] {logging_mixin.py:188} INFO - [2024-02-12T19:16:50.839+0000] {dag.py:3823} INFO - Setting next_dagrun for latest_only_with_trigger to 2024-02-12 12:00:00+00:00, run_after=2024-02-12 16:00:00+00:00
[2024-02-12T19:16:50.864+0000] {processor.py:183} INFO - Processing /home/airflow/.local/lib/python3.8/site-packages/airflow/example_dags/example_latest_only_with_trigger.py took 0.093 seconds
[2024-02-12T19:17:21.255+0000] {processor.py:161} INFO - Started process (PID=8600) to work on /home/airflow/.local/lib/python3.8/site-packages/airflow/example_dags/example_latest_only_with_trigger.py
[2024-02-12T19:17:21.256+0000] {processor.py:830} INFO - Processing file /home/airflow/.local/lib/python3.8/site-packages/airflow/example_dags/example_latest_only_with_trigger.py for tasks to queue
[2024-02-12T19:17:21.257+0000] {logging_mixin.py:188} INFO - [2024-02-12T19:17:21.257+0000] {dagbag.py:538} INFO - Filling up the DagBag from /home/airflow/.local/lib/python3.8/site-packages/airflow/example_dags/example_latest_only_with_trigger.py
[2024-02-12T19:17:21.264+0000] {processor.py:840} INFO - DAG(s) 'latest_only_with_trigger' retrieved from /home/airflow/.local/lib/python3.8/site-packages/airflow/example_dags/example_latest_only_with_trigger.py
[2024-02-12T19:17:21.288+0000] {logging_mixin.py:188} INFO - [2024-02-12T19:17:21.288+0000] {dag.py:3036} INFO - Sync 1 DAGs
[2024-02-12T19:17:21.313+0000] {logging_mixin.py:188} INFO - [2024-02-12T19:17:21.313+0000] {dag.py:3823} INFO - Setting next_dagrun for latest_only_with_trigger to 2024-02-12 12:00:00+00:00, run_after=2024-02-12 16:00:00+00:00
[2024-02-12T19:17:21.338+0000] {processor.py:183} INFO - Processing /home/airflow/.local/lib/python3.8/site-packages/airflow/example_dags/example_latest_only_with_trigger.py took 0.085 seconds
[2024-02-12T19:17:51.678+0000] {processor.py:161} INFO - Started process (PID=8847) to work on /home/airflow/.local/lib/python3.8/site-packages/airflow/example_dags/example_latest_only_with_trigger.py
[2024-02-12T19:17:51.679+0000] {processor.py:830} INFO - Processing file /home/airflow/.local/lib/python3.8/site-packages/airflow/example_dags/example_latest_only_with_trigger.py for tasks to queue
[2024-02-12T19:17:51.680+0000] {logging_mixin.py:188} INFO - [2024-02-12T19:17:51.680+0000] {dagbag.py:538} INFO - Filling up the DagBag from /home/airflow/.local/lib/python3.8/site-packages/airflow/example_dags/example_latest_only_with_trigger.py
[2024-02-12T19:17:51.686+0000] {processor.py:840} INFO - DAG(s) 'latest_only_with_trigger' retrieved from /home/airflow/.local/lib/python3.8/site-packages/airflow/example_dags/example_latest_only_with_trigger.py
[2024-02-12T19:17:51.711+0000] {logging_mixin.py:188} INFO - [2024-02-12T19:17:51.710+0000] {dag.py:3036} INFO - Sync 1 DAGs
[2024-02-12T19:17:51.735+0000] {logging_mixin.py:188} INFO - [2024-02-12T19:17:51.735+0000] {dag.py:3823} INFO - Setting next_dagrun for latest_only_with_trigger to 2024-02-12 12:00:00+00:00, run_after=2024-02-12 16:00:00+00:00
[2024-02-12T19:17:51.761+0000] {processor.py:183} INFO - Processing /home/airflow/.local/lib/python3.8/site-packages/airflow/example_dags/example_latest_only_with_trigger.py took 0.085 seconds
[2024-02-12T19:18:21.966+0000] {processor.py:161} INFO - Started process (PID=9094) to work on /home/airflow/.local/lib/python3.8/site-packages/airflow/example_dags/example_latest_only_with_trigger.py
[2024-02-12T19:18:21.967+0000] {processor.py:830} INFO - Processing file /home/airflow/.local/lib/python3.8/site-packages/airflow/example_dags/example_latest_only_with_trigger.py for tasks to queue
[2024-02-12T19:18:21.968+0000] {logging_mixin.py:188} INFO - [2024-02-12T19:18:21.967+0000] {dagbag.py:538} INFO - Filling up the DagBag from /home/airflow/.local/lib/python3.8/site-packages/airflow/example_dags/example_latest_only_with_trigger.py
[2024-02-12T19:18:21.974+0000] {processor.py:840} INFO - DAG(s) 'latest_only_with_trigger' retrieved from /home/airflow/.local/lib/python3.8/site-packages/airflow/example_dags/example_latest_only_with_trigger.py
[2024-02-12T19:18:21.999+0000] {logging_mixin.py:188} INFO - [2024-02-12T19:18:21.999+0000] {dag.py:3036} INFO - Sync 1 DAGs
[2024-02-12T19:18:22.025+0000] {logging_mixin.py:188} INFO - [2024-02-12T19:18:22.025+0000] {dag.py:3823} INFO - Setting next_dagrun for latest_only_with_trigger to 2024-02-12 12:00:00+00:00, run_after=2024-02-12 16:00:00+00:00
[2024-02-12T19:18:22.051+0000] {processor.py:183} INFO - Processing /home/airflow/.local/lib/python3.8/site-packages/airflow/example_dags/example_latest_only_with_trigger.py took 0.089 seconds
[2024-02-12T19:18:52.562+0000] {processor.py:161} INFO - Started process (PID=9342) to work on /home/airflow/.local/lib/python3.8/site-packages/airflow/example_dags/example_latest_only_with_trigger.py
[2024-02-12T19:18:52.563+0000] {processor.py:830} INFO - Processing file /home/airflow/.local/lib/python3.8/site-packages/airflow/example_dags/example_latest_only_with_trigger.py for tasks to queue
[2024-02-12T19:18:52.564+0000] {logging_mixin.py:188} INFO - [2024-02-12T19:18:52.564+0000] {dagbag.py:538} INFO - Filling up the DagBag from /home/airflow/.local/lib/python3.8/site-packages/airflow/example_dags/example_latest_only_with_trigger.py
[2024-02-12T19:18:52.571+0000] {processor.py:840} INFO - DAG(s) 'latest_only_with_trigger' retrieved from /home/airflow/.local/lib/python3.8/site-packages/airflow/example_dags/example_latest_only_with_trigger.py
[2024-02-12T19:18:52.596+0000] {logging_mixin.py:188} INFO - [2024-02-12T19:18:52.596+0000] {dag.py:3036} INFO - Sync 1 DAGs
[2024-02-12T19:18:52.621+0000] {logging_mixin.py:188} INFO - [2024-02-12T19:18:52.621+0000] {dag.py:3823} INFO - Setting next_dagrun for latest_only_with_trigger to 2024-02-12 12:00:00+00:00, run_after=2024-02-12 16:00:00+00:00
[2024-02-12T19:18:52.649+0000] {processor.py:183} INFO - Processing /home/airflow/.local/lib/python3.8/site-packages/airflow/example_dags/example_latest_only_with_trigger.py took 0.090 seconds
[2024-02-12T19:19:22.907+0000] {processor.py:161} INFO - Started process (PID=9587) to work on /home/airflow/.local/lib/python3.8/site-packages/airflow/example_dags/example_latest_only_with_trigger.py
[2024-02-12T19:19:22.908+0000] {processor.py:830} INFO - Processing file /home/airflow/.local/lib/python3.8/site-packages/airflow/example_dags/example_latest_only_with_trigger.py for tasks to queue
[2024-02-12T19:19:22.909+0000] {logging_mixin.py:188} INFO - [2024-02-12T19:19:22.908+0000] {dagbag.py:538} INFO - Filling up the DagBag from /home/airflow/.local/lib/python3.8/site-packages/airflow/example_dags/example_latest_only_with_trigger.py
[2024-02-12T19:19:22.915+0000] {processor.py:840} INFO - DAG(s) 'latest_only_with_trigger' retrieved from /home/airflow/.local/lib/python3.8/site-packages/airflow/example_dags/example_latest_only_with_trigger.py
[2024-02-12T19:19:22.961+0000] {logging_mixin.py:188} INFO - [2024-02-12T19:19:22.961+0000] {dag.py:3036} INFO - Sync 1 DAGs
[2024-02-12T19:19:23.026+0000] {logging_mixin.py:188} INFO - [2024-02-12T19:19:23.025+0000] {dag.py:3823} INFO - Setting next_dagrun for latest_only_with_trigger to 2024-02-12 12:00:00+00:00, run_after=2024-02-12 16:00:00+00:00
[2024-02-12T19:19:23.078+0000] {processor.py:183} INFO - Processing /home/airflow/.local/lib/python3.8/site-packages/airflow/example_dags/example_latest_only_with_trigger.py took 0.174 seconds
[2024-02-12T19:19:53.120+0000] {processor.py:161} INFO - Started process (PID=9833) to work on /home/airflow/.local/lib/python3.8/site-packages/airflow/example_dags/example_latest_only_with_trigger.py
[2024-02-12T19:19:53.121+0000] {processor.py:830} INFO - Processing file /home/airflow/.local/lib/python3.8/site-packages/airflow/example_dags/example_latest_only_with_trigger.py for tasks to queue
[2024-02-12T19:19:53.121+0000] {logging_mixin.py:188} INFO - [2024-02-12T19:19:53.121+0000] {dagbag.py:538} INFO - Filling up the DagBag from /home/airflow/.local/lib/python3.8/site-packages/airflow/example_dags/example_latest_only_with_trigger.py
[2024-02-12T19:19:53.126+0000] {processor.py:840} INFO - DAG(s) 'latest_only_with_trigger' retrieved from /home/airflow/.local/lib/python3.8/site-packages/airflow/example_dags/example_latest_only_with_trigger.py
[2024-02-12T19:19:53.142+0000] {logging_mixin.py:188} INFO - [2024-02-12T19:19:53.142+0000] {dag.py:3036} INFO - Sync 1 DAGs
[2024-02-12T19:19:53.159+0000] {logging_mixin.py:188} INFO - [2024-02-12T19:19:53.159+0000] {dag.py:3823} INFO - Setting next_dagrun for latest_only_with_trigger to 2024-02-12 12:00:00+00:00, run_after=2024-02-12 16:00:00+00:00
[2024-02-12T19:19:53.180+0000] {processor.py:183} INFO - Processing /home/airflow/.local/lib/python3.8/site-packages/airflow/example_dags/example_latest_only_with_trigger.py took 0.063 seconds
[2024-02-12T19:20:23.965+0000] {processor.py:161} INFO - Started process (PID=10084) to work on /home/airflow/.local/lib/python3.8/site-packages/airflow/example_dags/example_latest_only_with_trigger.py
[2024-02-12T19:20:23.966+0000] {processor.py:830} INFO - Processing file /home/airflow/.local/lib/python3.8/site-packages/airflow/example_dags/example_latest_only_with_trigger.py for tasks to queue
[2024-02-12T19:20:23.967+0000] {logging_mixin.py:188} INFO - [2024-02-12T19:20:23.967+0000] {dagbag.py:538} INFO - Filling up the DagBag from /home/airflow/.local/lib/python3.8/site-packages/airflow/example_dags/example_latest_only_with_trigger.py
[2024-02-12T19:20:23.974+0000] {processor.py:840} INFO - DAG(s) 'latest_only_with_trigger' retrieved from /home/airflow/.local/lib/python3.8/site-packages/airflow/example_dags/example_latest_only_with_trigger.py
[2024-02-12T19:20:23.998+0000] {logging_mixin.py:188} INFO - [2024-02-12T19:20:23.998+0000] {dag.py:3036} INFO - Sync 1 DAGs
[2024-02-12T19:20:24.024+0000] {logging_mixin.py:188} INFO - [2024-02-12T19:20:24.024+0000] {dag.py:3823} INFO - Setting next_dagrun for latest_only_with_trigger to 2024-02-12 12:00:00+00:00, run_after=2024-02-12 16:00:00+00:00
[2024-02-12T19:20:24.051+0000] {processor.py:183} INFO - Processing /home/airflow/.local/lib/python3.8/site-packages/airflow/example_dags/example_latest_only_with_trigger.py took 0.089 seconds
[2024-02-12T19:20:54.223+0000] {processor.py:161} INFO - Started process (PID=10330) to work on /home/airflow/.local/lib/python3.8/site-packages/airflow/example_dags/example_latest_only_with_trigger.py
[2024-02-12T19:20:54.224+0000] {processor.py:830} INFO - Processing file /home/airflow/.local/lib/python3.8/site-packages/airflow/example_dags/example_latest_only_with_trigger.py for tasks to queue
[2024-02-12T19:20:54.226+0000] {logging_mixin.py:188} INFO - [2024-02-12T19:20:54.225+0000] {dagbag.py:538} INFO - Filling up the DagBag from /home/airflow/.local/lib/python3.8/site-packages/airflow/example_dags/example_latest_only_with_trigger.py
[2024-02-12T19:20:54.236+0000] {processor.py:840} INFO - DAG(s) 'latest_only_with_trigger' retrieved from /home/airflow/.local/lib/python3.8/site-packages/airflow/example_dags/example_latest_only_with_trigger.py
[2024-02-12T19:20:54.267+0000] {logging_mixin.py:188} INFO - [2024-02-12T19:20:54.267+0000] {dag.py:3036} INFO - Sync 1 DAGs
[2024-02-12T19:20:54.293+0000] {logging_mixin.py:188} INFO - [2024-02-12T19:20:54.293+0000] {dag.py:3823} INFO - Setting next_dagrun for latest_only_with_trigger to 2024-02-12 12:00:00+00:00, run_after=2024-02-12 16:00:00+00:00
[2024-02-12T19:20:54.365+0000] {processor.py:183} INFO - Processing /home/airflow/.local/lib/python3.8/site-packages/airflow/example_dags/example_latest_only_with_trigger.py took 0.150 seconds
[2024-02-12T19:21:25.066+0000] {processor.py:161} INFO - Started process (PID=10580) to work on /home/airflow/.local/lib/python3.8/site-packages/airflow/example_dags/example_latest_only_with_trigger.py
[2024-02-12T19:21:25.067+0000] {processor.py:830} INFO - Processing file /home/airflow/.local/lib/python3.8/site-packages/airflow/example_dags/example_latest_only_with_trigger.py for tasks to queue
[2024-02-12T19:21:25.068+0000] {logging_mixin.py:188} INFO - [2024-02-12T19:21:25.068+0000] {dagbag.py:538} INFO - Filling up the DagBag from /home/airflow/.local/lib/python3.8/site-packages/airflow/example_dags/example_latest_only_with_trigger.py
[2024-02-12T19:21:25.075+0000] {processor.py:840} INFO - DAG(s) 'latest_only_with_trigger' retrieved from /home/airflow/.local/lib/python3.8/site-packages/airflow/example_dags/example_latest_only_with_trigger.py
[2024-02-12T19:21:25.112+0000] {logging_mixin.py:188} INFO - [2024-02-12T19:21:25.112+0000] {dag.py:3036} INFO - Sync 1 DAGs
[2024-02-12T19:21:25.161+0000] {logging_mixin.py:188} INFO - [2024-02-12T19:21:25.161+0000] {dag.py:3823} INFO - Setting next_dagrun for latest_only_with_trigger to 2024-02-12 12:00:00+00:00, run_after=2024-02-12 16:00:00+00:00
[2024-02-12T19:21:25.196+0000] {processor.py:183} INFO - Processing /home/airflow/.local/lib/python3.8/site-packages/airflow/example_dags/example_latest_only_with_trigger.py took 0.133 seconds
[2024-02-12T19:21:55.361+0000] {processor.py:161} INFO - Started process (PID=10827) to work on /home/airflow/.local/lib/python3.8/site-packages/airflow/example_dags/example_latest_only_with_trigger.py
[2024-02-12T19:21:55.362+0000] {processor.py:830} INFO - Processing file /home/airflow/.local/lib/python3.8/site-packages/airflow/example_dags/example_latest_only_with_trigger.py for tasks to queue
[2024-02-12T19:21:55.363+0000] {logging_mixin.py:188} INFO - [2024-02-12T19:21:55.362+0000] {dagbag.py:538} INFO - Filling up the DagBag from /home/airflow/.local/lib/python3.8/site-packages/airflow/example_dags/example_latest_only_with_trigger.py
[2024-02-12T19:21:55.369+0000] {processor.py:840} INFO - DAG(s) 'latest_only_with_trigger' retrieved from /home/airflow/.local/lib/python3.8/site-packages/airflow/example_dags/example_latest_only_with_trigger.py
[2024-02-12T19:21:55.393+0000] {logging_mixin.py:188} INFO - [2024-02-12T19:21:55.393+0000] {dag.py:3036} INFO - Sync 1 DAGs
[2024-02-12T19:21:55.423+0000] {logging_mixin.py:188} INFO - [2024-02-12T19:21:55.422+0000] {dag.py:3823} INFO - Setting next_dagrun for latest_only_with_trigger to 2024-02-12 12:00:00+00:00, run_after=2024-02-12 16:00:00+00:00
[2024-02-12T19:21:55.446+0000] {processor.py:183} INFO - Processing /home/airflow/.local/lib/python3.8/site-packages/airflow/example_dags/example_latest_only_with_trigger.py took 0.088 seconds
[2024-02-12T19:22:25.844+0000] {processor.py:161} INFO - Started process (PID=11074) to work on /home/airflow/.local/lib/python3.8/site-packages/airflow/example_dags/example_latest_only_with_trigger.py
[2024-02-12T19:22:25.845+0000] {processor.py:830} INFO - Processing file /home/airflow/.local/lib/python3.8/site-packages/airflow/example_dags/example_latest_only_with_trigger.py for tasks to queue
[2024-02-12T19:22:25.846+0000] {logging_mixin.py:188} INFO - [2024-02-12T19:22:25.846+0000] {dagbag.py:538} INFO - Filling up the DagBag from /home/airflow/.local/lib/python3.8/site-packages/airflow/example_dags/example_latest_only_with_trigger.py
[2024-02-12T19:22:25.853+0000] {processor.py:840} INFO - DAG(s) 'latest_only_with_trigger' retrieved from /home/airflow/.local/lib/python3.8/site-packages/airflow/example_dags/example_latest_only_with_trigger.py
[2024-02-12T19:22:25.877+0000] {logging_mixin.py:188} INFO - [2024-02-12T19:22:25.877+0000] {dag.py:3036} INFO - Sync 1 DAGs
[2024-02-12T19:22:25.902+0000] {logging_mixin.py:188} INFO - [2024-02-12T19:22:25.901+0000] {dag.py:3823} INFO - Setting next_dagrun for latest_only_with_trigger to 2024-02-12 12:00:00+00:00, run_after=2024-02-12 16:00:00+00:00
[2024-02-12T19:22:25.925+0000] {processor.py:183} INFO - Processing /home/airflow/.local/lib/python3.8/site-packages/airflow/example_dags/example_latest_only_with_trigger.py took 0.084 seconds
[2024-02-12T19:22:56.890+0000] {processor.py:161} INFO - Started process (PID=11321) to work on /home/airflow/.local/lib/python3.8/site-packages/airflow/example_dags/example_latest_only_with_trigger.py
[2024-02-12T19:22:56.894+0000] {processor.py:830} INFO - Processing file /home/airflow/.local/lib/python3.8/site-packages/airflow/example_dags/example_latest_only_with_trigger.py for tasks to queue
[2024-02-12T19:22:56.895+0000] {logging_mixin.py:188} INFO - [2024-02-12T19:22:56.894+0000] {dagbag.py:538} INFO - Filling up the DagBag from /home/airflow/.local/lib/python3.8/site-packages/airflow/example_dags/example_latest_only_with_trigger.py
[2024-02-12T19:22:56.906+0000] {processor.py:840} INFO - DAG(s) 'latest_only_with_trigger' retrieved from /home/airflow/.local/lib/python3.8/site-packages/airflow/example_dags/example_latest_only_with_trigger.py
[2024-02-12T19:22:56.976+0000] {logging_mixin.py:188} INFO - [2024-02-12T19:22:56.976+0000] {dag.py:3036} INFO - Sync 1 DAGs
[2024-02-12T19:22:57.048+0000] {logging_mixin.py:188} INFO - [2024-02-12T19:22:57.048+0000] {dag.py:3823} INFO - Setting next_dagrun for latest_only_with_trigger to 2024-02-12 12:00:00+00:00, run_after=2024-02-12 16:00:00+00:00
[2024-02-12T19:22:57.102+0000] {processor.py:183} INFO - Processing /home/airflow/.local/lib/python3.8/site-packages/airflow/example_dags/example_latest_only_with_trigger.py took 0.216 seconds
[2024-02-12T19:23:27.620+0000] {processor.py:161} INFO - Started process (PID=11568) to work on /home/airflow/.local/lib/python3.8/site-packages/airflow/example_dags/example_latest_only_with_trigger.py
[2024-02-12T19:23:27.620+0000] {processor.py:830} INFO - Processing file /home/airflow/.local/lib/python3.8/site-packages/airflow/example_dags/example_latest_only_with_trigger.py for tasks to queue
[2024-02-12T19:23:27.621+0000] {logging_mixin.py:188} INFO - [2024-02-12T19:23:27.621+0000] {dagbag.py:538} INFO - Filling up the DagBag from /home/airflow/.local/lib/python3.8/site-packages/airflow/example_dags/example_latest_only_with_trigger.py
[2024-02-12T19:23:27.628+0000] {processor.py:840} INFO - DAG(s) 'latest_only_with_trigger' retrieved from /home/airflow/.local/lib/python3.8/site-packages/airflow/example_dags/example_latest_only_with_trigger.py
[2024-02-12T19:23:27.653+0000] {logging_mixin.py:188} INFO - [2024-02-12T19:23:27.652+0000] {dag.py:3036} INFO - Sync 1 DAGs
[2024-02-12T19:23:27.677+0000] {logging_mixin.py:188} INFO - [2024-02-12T19:23:27.677+0000] {dag.py:3823} INFO - Setting next_dagrun for latest_only_with_trigger to 2024-02-12 12:00:00+00:00, run_after=2024-02-12 16:00:00+00:00
[2024-02-12T19:23:27.703+0000] {processor.py:183} INFO - Processing /home/airflow/.local/lib/python3.8/site-packages/airflow/example_dags/example_latest_only_with_trigger.py took 0.087 seconds
[2024-02-12T19:23:58.009+0000] {processor.py:161} INFO - Started process (PID=11814) to work on /home/airflow/.local/lib/python3.8/site-packages/airflow/example_dags/example_latest_only_with_trigger.py
[2024-02-12T19:23:58.010+0000] {processor.py:830} INFO - Processing file /home/airflow/.local/lib/python3.8/site-packages/airflow/example_dags/example_latest_only_with_trigger.py for tasks to queue
[2024-02-12T19:23:58.010+0000] {logging_mixin.py:188} INFO - [2024-02-12T19:23:58.010+0000] {dagbag.py:538} INFO - Filling up the DagBag from /home/airflow/.local/lib/python3.8/site-packages/airflow/example_dags/example_latest_only_with_trigger.py
[2024-02-12T19:23:58.017+0000] {processor.py:840} INFO - DAG(s) 'latest_only_with_trigger' retrieved from /home/airflow/.local/lib/python3.8/site-packages/airflow/example_dags/example_latest_only_with_trigger.py
[2024-02-12T19:23:58.042+0000] {logging_mixin.py:188} INFO - [2024-02-12T19:23:58.042+0000] {dag.py:3036} INFO - Sync 1 DAGs
[2024-02-12T19:23:58.067+0000] {logging_mixin.py:188} INFO - [2024-02-12T19:23:58.067+0000] {dag.py:3823} INFO - Setting next_dagrun for latest_only_with_trigger to 2024-02-12 12:00:00+00:00, run_after=2024-02-12 16:00:00+00:00
[2024-02-12T19:23:58.094+0000] {processor.py:183} INFO - Processing /home/airflow/.local/lib/python3.8/site-packages/airflow/example_dags/example_latest_only_with_trigger.py took 0.089 seconds
[2024-02-12T19:24:28.354+0000] {processor.py:161} INFO - Started process (PID=12062) to work on /home/airflow/.local/lib/python3.8/site-packages/airflow/example_dags/example_latest_only_with_trigger.py
[2024-02-12T19:24:28.355+0000] {processor.py:830} INFO - Processing file /home/airflow/.local/lib/python3.8/site-packages/airflow/example_dags/example_latest_only_with_trigger.py for tasks to queue
[2024-02-12T19:24:28.356+0000] {logging_mixin.py:188} INFO - [2024-02-12T19:24:28.356+0000] {dagbag.py:538} INFO - Filling up the DagBag from /home/airflow/.local/lib/python3.8/site-packages/airflow/example_dags/example_latest_only_with_trigger.py
[2024-02-12T19:24:28.363+0000] {processor.py:840} INFO - DAG(s) 'latest_only_with_trigger' retrieved from /home/airflow/.local/lib/python3.8/site-packages/airflow/example_dags/example_latest_only_with_trigger.py
[2024-02-12T19:24:28.391+0000] {logging_mixin.py:188} INFO - [2024-02-12T19:24:28.391+0000] {dag.py:3036} INFO - Sync 1 DAGs
[2024-02-12T19:24:28.417+0000] {logging_mixin.py:188} INFO - [2024-02-12T19:24:28.417+0000] {dag.py:3823} INFO - Setting next_dagrun for latest_only_with_trigger to 2024-02-12 12:00:00+00:00, run_after=2024-02-12 16:00:00+00:00
[2024-02-12T19:24:28.446+0000] {processor.py:183} INFO - Processing /home/airflow/.local/lib/python3.8/site-packages/airflow/example_dags/example_latest_only_with_trigger.py took 0.095 seconds
[2024-02-12T19:24:58.533+0000] {processor.py:161} INFO - Started process (PID=12310) to work on /home/airflow/.local/lib/python3.8/site-packages/airflow/example_dags/example_latest_only_with_trigger.py
[2024-02-12T19:24:58.534+0000] {processor.py:830} INFO - Processing file /home/airflow/.local/lib/python3.8/site-packages/airflow/example_dags/example_latest_only_with_trigger.py for tasks to queue
[2024-02-12T19:24:58.535+0000] {logging_mixin.py:188} INFO - [2024-02-12T19:24:58.534+0000] {dagbag.py:538} INFO - Filling up the DagBag from /home/airflow/.local/lib/python3.8/site-packages/airflow/example_dags/example_latest_only_with_trigger.py
[2024-02-12T19:24:58.541+0000] {processor.py:840} INFO - DAG(s) 'latest_only_with_trigger' retrieved from /home/airflow/.local/lib/python3.8/site-packages/airflow/example_dags/example_latest_only_with_trigger.py
[2024-02-12T19:24:58.565+0000] {logging_mixin.py:188} INFO - [2024-02-12T19:24:58.564+0000] {dag.py:3036} INFO - Sync 1 DAGs
[2024-02-12T19:24:58.590+0000] {logging_mixin.py:188} INFO - [2024-02-12T19:24:58.590+0000] {dag.py:3823} INFO - Setting next_dagrun for latest_only_with_trigger to 2024-02-12 12:00:00+00:00, run_after=2024-02-12 16:00:00+00:00
[2024-02-12T19:24:58.616+0000] {processor.py:183} INFO - Processing /home/airflow/.local/lib/python3.8/site-packages/airflow/example_dags/example_latest_only_with_trigger.py took 0.086 seconds
[2024-02-12T19:25:28.706+0000] {processor.py:161} INFO - Started process (PID=12556) to work on /home/airflow/.local/lib/python3.8/site-packages/airflow/example_dags/example_latest_only_with_trigger.py
[2024-02-12T19:25:28.707+0000] {processor.py:830} INFO - Processing file /home/airflow/.local/lib/python3.8/site-packages/airflow/example_dags/example_latest_only_with_trigger.py for tasks to queue
[2024-02-12T19:25:28.708+0000] {logging_mixin.py:188} INFO - [2024-02-12T19:25:28.708+0000] {dagbag.py:538} INFO - Filling up the DagBag from /home/airflow/.local/lib/python3.8/site-packages/airflow/example_dags/example_latest_only_with_trigger.py
[2024-02-12T19:25:28.715+0000] {processor.py:840} INFO - DAG(s) 'latest_only_with_trigger' retrieved from /home/airflow/.local/lib/python3.8/site-packages/airflow/example_dags/example_latest_only_with_trigger.py
[2024-02-12T19:25:28.728+0000] {logging_mixin.py:188} INFO - [2024-02-12T19:25:28.728+0000] {dag.py:3036} INFO - Sync 1 DAGs
[2024-02-12T19:25:28.753+0000] {logging_mixin.py:188} INFO - [2024-02-12T19:25:28.753+0000] {dag.py:3823} INFO - Setting next_dagrun for latest_only_with_trigger to 2024-02-12 12:00:00+00:00, run_after=2024-02-12 16:00:00+00:00
[2024-02-12T19:25:28.776+0000] {processor.py:183} INFO - Processing /home/airflow/.local/lib/python3.8/site-packages/airflow/example_dags/example_latest_only_with_trigger.py took 0.074 seconds
[2024-02-12T19:25:58.820+0000] {processor.py:161} INFO - Started process (PID=12800) to work on /home/airflow/.local/lib/python3.8/site-packages/airflow/example_dags/example_latest_only_with_trigger.py
[2024-02-12T19:25:58.821+0000] {processor.py:830} INFO - Processing file /home/airflow/.local/lib/python3.8/site-packages/airflow/example_dags/example_latest_only_with_trigger.py for tasks to queue
[2024-02-12T19:25:58.822+0000] {logging_mixin.py:188} INFO - [2024-02-12T19:25:58.822+0000] {dagbag.py:538} INFO - Filling up the DagBag from /home/airflow/.local/lib/python3.8/site-packages/airflow/example_dags/example_latest_only_with_trigger.py
[2024-02-12T19:25:58.828+0000] {processor.py:840} INFO - DAG(s) 'latest_only_with_trigger' retrieved from /home/airflow/.local/lib/python3.8/site-packages/airflow/example_dags/example_latest_only_with_trigger.py
[2024-02-12T19:25:59.039+0000] {logging_mixin.py:188} INFO - [2024-02-12T19:25:59.038+0000] {dag.py:3036} INFO - Sync 1 DAGs
[2024-02-12T19:25:59.237+0000] {logging_mixin.py:188} INFO - [2024-02-12T19:25:59.237+0000] {dag.py:3823} INFO - Setting next_dagrun for latest_only_with_trigger to 2024-02-12 12:00:00+00:00, run_after=2024-02-12 16:00:00+00:00
[2024-02-12T19:25:59.259+0000] {processor.py:183} INFO - Processing /home/airflow/.local/lib/python3.8/site-packages/airflow/example_dags/example_latest_only_with_trigger.py took 0.442 seconds
