[2024-02-12T19:00:07.001+0000] {processor.py:161} INFO - Started process (PID=170) to work on /home/airflow/.local/lib/python3.8/site-packages/airflow/example_dags/example_setup_teardown.py
[2024-02-12T19:00:07.002+0000] {processor.py:830} INFO - Processing file /home/airflow/.local/lib/python3.8/site-packages/airflow/example_dags/example_setup_teardown.py for tasks to queue
[2024-02-12T19:00:07.003+0000] {logging_mixin.py:188} INFO - [2024-02-12T19:00:07.002+0000] {dagbag.py:538} INFO - Filling up the DagBag from /home/airflow/.local/lib/python3.8/site-packages/airflow/example_dags/example_setup_teardown.py
[2024-02-12T19:00:07.019+0000] {processor.py:840} INFO - DAG(s) 'example_setup_teardown' retrieved from /home/airflow/.local/lib/python3.8/site-packages/airflow/example_dags/example_setup_teardown.py
[2024-02-12T19:00:07.414+0000] {logging_mixin.py:188} INFO - [2024-02-12T19:00:07.414+0000] {dag.py:3036} INFO - Sync 1 DAGs
[2024-02-12T19:00:07.469+0000] {logging_mixin.py:188} INFO - [2024-02-12T19:00:07.468+0000] {dag.py:3823} INFO - Setting next_dagrun for example_setup_teardown to 2024-02-11 00:00:00+00:00, run_after=2024-02-12 00:00:00+00:00
[2024-02-12T19:00:07.520+0000] {processor.py:183} INFO - Processing /home/airflow/.local/lib/python3.8/site-packages/airflow/example_dags/example_setup_teardown.py took 0.523 seconds
[2024-02-12T19:00:38.048+0000] {processor.py:161} INFO - Started process (PID=418) to work on /home/airflow/.local/lib/python3.8/site-packages/airflow/example_dags/example_setup_teardown.py
[2024-02-12T19:00:38.049+0000] {processor.py:830} INFO - Processing file /home/airflow/.local/lib/python3.8/site-packages/airflow/example_dags/example_setup_teardown.py for tasks to queue
[2024-02-12T19:00:38.050+0000] {logging_mixin.py:188} INFO - [2024-02-12T19:00:38.050+0000] {dagbag.py:538} INFO - Filling up the DagBag from /home/airflow/.local/lib/python3.8/site-packages/airflow/example_dags/example_setup_teardown.py
[2024-02-12T19:00:38.062+0000] {processor.py:840} INFO - DAG(s) 'example_setup_teardown' retrieved from /home/airflow/.local/lib/python3.8/site-packages/airflow/example_dags/example_setup_teardown.py
[2024-02-12T19:00:38.108+0000] {logging_mixin.py:188} INFO - [2024-02-12T19:00:38.108+0000] {dag.py:3036} INFO - Sync 1 DAGs
[2024-02-12T19:00:38.195+0000] {logging_mixin.py:188} INFO - [2024-02-12T19:00:38.195+0000] {dag.py:3823} INFO - Setting next_dagrun for example_setup_teardown to 2024-02-11 00:00:00+00:00, run_after=2024-02-12 00:00:00+00:00
[2024-02-12T19:00:38.275+0000] {processor.py:183} INFO - Processing /home/airflow/.local/lib/python3.8/site-packages/airflow/example_dags/example_setup_teardown.py took 0.226 seconds
[2024-02-12T19:01:09.236+0000] {processor.py:161} INFO - Started process (PID=666) to work on /home/airflow/.local/lib/python3.8/site-packages/airflow/example_dags/example_setup_teardown.py
[2024-02-12T19:01:09.237+0000] {processor.py:830} INFO - Processing file /home/airflow/.local/lib/python3.8/site-packages/airflow/example_dags/example_setup_teardown.py for tasks to queue
[2024-02-12T19:01:09.238+0000] {logging_mixin.py:188} INFO - [2024-02-12T19:01:09.238+0000] {dagbag.py:538} INFO - Filling up the DagBag from /home/airflow/.local/lib/python3.8/site-packages/airflow/example_dags/example_setup_teardown.py
[2024-02-12T19:01:09.251+0000] {processor.py:840} INFO - DAG(s) 'example_setup_teardown' retrieved from /home/airflow/.local/lib/python3.8/site-packages/airflow/example_dags/example_setup_teardown.py
[2024-02-12T19:01:09.275+0000] {logging_mixin.py:188} INFO - [2024-02-12T19:01:09.275+0000] {dag.py:3036} INFO - Sync 1 DAGs
[2024-02-12T19:01:09.300+0000] {logging_mixin.py:188} INFO - [2024-02-12T19:01:09.299+0000] {dag.py:3823} INFO - Setting next_dagrun for example_setup_teardown to 2024-02-11 00:00:00+00:00, run_after=2024-02-12 00:00:00+00:00
[2024-02-12T19:01:09.324+0000] {processor.py:183} INFO - Processing /home/airflow/.local/lib/python3.8/site-packages/airflow/example_dags/example_setup_teardown.py took 0.091 seconds
[2024-02-12T19:01:39.805+0000] {processor.py:161} INFO - Started process (PID=913) to work on /home/airflow/.local/lib/python3.8/site-packages/airflow/example_dags/example_setup_teardown.py
[2024-02-12T19:01:39.807+0000] {processor.py:830} INFO - Processing file /home/airflow/.local/lib/python3.8/site-packages/airflow/example_dags/example_setup_teardown.py for tasks to queue
[2024-02-12T19:01:39.808+0000] {logging_mixin.py:188} INFO - [2024-02-12T19:01:39.807+0000] {dagbag.py:538} INFO - Filling up the DagBag from /home/airflow/.local/lib/python3.8/site-packages/airflow/example_dags/example_setup_teardown.py
[2024-02-12T19:01:39.815+0000] {processor.py:840} INFO - DAG(s) 'example_setup_teardown' retrieved from /home/airflow/.local/lib/python3.8/site-packages/airflow/example_dags/example_setup_teardown.py
[2024-02-12T19:01:39.840+0000] {logging_mixin.py:188} INFO - [2024-02-12T19:01:39.840+0000] {dag.py:3036} INFO - Sync 1 DAGs
[2024-02-12T19:01:39.871+0000] {logging_mixin.py:188} INFO - [2024-02-12T19:01:39.871+0000] {dag.py:3823} INFO - Setting next_dagrun for example_setup_teardown to 2024-02-11 00:00:00+00:00, run_after=2024-02-12 00:00:00+00:00
[2024-02-12T19:01:39.906+0000] {processor.py:183} INFO - Processing /home/airflow/.local/lib/python3.8/site-packages/airflow/example_dags/example_setup_teardown.py took 0.104 seconds
[2024-02-12T19:02:10.154+0000] {processor.py:161} INFO - Started process (PID=1160) to work on /home/airflow/.local/lib/python3.8/site-packages/airflow/example_dags/example_setup_teardown.py
[2024-02-12T19:02:10.155+0000] {processor.py:830} INFO - Processing file /home/airflow/.local/lib/python3.8/site-packages/airflow/example_dags/example_setup_teardown.py for tasks to queue
[2024-02-12T19:02:10.156+0000] {logging_mixin.py:188} INFO - [2024-02-12T19:02:10.156+0000] {dagbag.py:538} INFO - Filling up the DagBag from /home/airflow/.local/lib/python3.8/site-packages/airflow/example_dags/example_setup_teardown.py
[2024-02-12T19:02:10.164+0000] {processor.py:840} INFO - DAG(s) 'example_setup_teardown' retrieved from /home/airflow/.local/lib/python3.8/site-packages/airflow/example_dags/example_setup_teardown.py
[2024-02-12T19:02:10.188+0000] {logging_mixin.py:188} INFO - [2024-02-12T19:02:10.188+0000] {dag.py:3036} INFO - Sync 1 DAGs
[2024-02-12T19:02:10.212+0000] {logging_mixin.py:188} INFO - [2024-02-12T19:02:10.212+0000] {dag.py:3823} INFO - Setting next_dagrun for example_setup_teardown to 2024-02-11 00:00:00+00:00, run_after=2024-02-12 00:00:00+00:00
[2024-02-12T19:02:10.239+0000] {processor.py:183} INFO - Processing /home/airflow/.local/lib/python3.8/site-packages/airflow/example_dags/example_setup_teardown.py took 0.088 seconds
[2024-02-12T19:02:40.615+0000] {processor.py:161} INFO - Started process (PID=1407) to work on /home/airflow/.local/lib/python3.8/site-packages/airflow/example_dags/example_setup_teardown.py
[2024-02-12T19:02:40.617+0000] {processor.py:830} INFO - Processing file /home/airflow/.local/lib/python3.8/site-packages/airflow/example_dags/example_setup_teardown.py for tasks to queue
[2024-02-12T19:02:40.618+0000] {logging_mixin.py:188} INFO - [2024-02-12T19:02:40.617+0000] {dagbag.py:538} INFO - Filling up the DagBag from /home/airflow/.local/lib/python3.8/site-packages/airflow/example_dags/example_setup_teardown.py
[2024-02-12T19:02:40.626+0000] {processor.py:840} INFO - DAG(s) 'example_setup_teardown' retrieved from /home/airflow/.local/lib/python3.8/site-packages/airflow/example_dags/example_setup_teardown.py
[2024-02-12T19:02:40.650+0000] {logging_mixin.py:188} INFO - [2024-02-12T19:02:40.650+0000] {dag.py:3036} INFO - Sync 1 DAGs
[2024-02-12T19:02:40.674+0000] {logging_mixin.py:188} INFO - [2024-02-12T19:02:40.674+0000] {dag.py:3823} INFO - Setting next_dagrun for example_setup_teardown to 2024-02-11 00:00:00+00:00, run_after=2024-02-12 00:00:00+00:00
[2024-02-12T19:02:40.701+0000] {processor.py:183} INFO - Processing /home/airflow/.local/lib/python3.8/site-packages/airflow/example_dags/example_setup_teardown.py took 0.089 seconds
[2024-02-12T19:03:10.973+0000] {processor.py:161} INFO - Started process (PID=1655) to work on /home/airflow/.local/lib/python3.8/site-packages/airflow/example_dags/example_setup_teardown.py
[2024-02-12T19:03:10.974+0000] {processor.py:830} INFO - Processing file /home/airflow/.local/lib/python3.8/site-packages/airflow/example_dags/example_setup_teardown.py for tasks to queue
[2024-02-12T19:03:10.975+0000] {logging_mixin.py:188} INFO - [2024-02-12T19:03:10.975+0000] {dagbag.py:538} INFO - Filling up the DagBag from /home/airflow/.local/lib/python3.8/site-packages/airflow/example_dags/example_setup_teardown.py
[2024-02-12T19:03:10.985+0000] {processor.py:840} INFO - DAG(s) 'example_setup_teardown' retrieved from /home/airflow/.local/lib/python3.8/site-packages/airflow/example_dags/example_setup_teardown.py
[2024-02-12T19:03:11.009+0000] {logging_mixin.py:188} INFO - [2024-02-12T19:03:11.009+0000] {dag.py:3036} INFO - Sync 1 DAGs
[2024-02-12T19:03:11.047+0000] {logging_mixin.py:188} INFO - [2024-02-12T19:03:11.047+0000] {dag.py:3823} INFO - Setting next_dagrun for example_setup_teardown to 2024-02-11 00:00:00+00:00, run_after=2024-02-12 00:00:00+00:00
[2024-02-12T19:03:11.095+0000] {processor.py:183} INFO - Processing /home/airflow/.local/lib/python3.8/site-packages/airflow/example_dags/example_setup_teardown.py took 0.129 seconds
[2024-02-12T19:03:41.221+0000] {processor.py:161} INFO - Started process (PID=1902) to work on /home/airflow/.local/lib/python3.8/site-packages/airflow/example_dags/example_setup_teardown.py
[2024-02-12T19:03:41.222+0000] {processor.py:830} INFO - Processing file /home/airflow/.local/lib/python3.8/site-packages/airflow/example_dags/example_setup_teardown.py for tasks to queue
[2024-02-12T19:03:41.223+0000] {logging_mixin.py:188} INFO - [2024-02-12T19:03:41.223+0000] {dagbag.py:538} INFO - Filling up the DagBag from /home/airflow/.local/lib/python3.8/site-packages/airflow/example_dags/example_setup_teardown.py
[2024-02-12T19:03:41.232+0000] {processor.py:840} INFO - DAG(s) 'example_setup_teardown' retrieved from /home/airflow/.local/lib/python3.8/site-packages/airflow/example_dags/example_setup_teardown.py
[2024-02-12T19:03:41.257+0000] {logging_mixin.py:188} INFO - [2024-02-12T19:03:41.257+0000] {dag.py:3036} INFO - Sync 1 DAGs
[2024-02-12T19:03:41.302+0000] {logging_mixin.py:188} INFO - [2024-02-12T19:03:41.301+0000] {dag.py:3823} INFO - Setting next_dagrun for example_setup_teardown to 2024-02-11 00:00:00+00:00, run_after=2024-02-12 00:00:00+00:00
[2024-02-12T19:03:41.330+0000] {processor.py:183} INFO - Processing /home/airflow/.local/lib/python3.8/site-packages/airflow/example_dags/example_setup_teardown.py took 0.113 seconds
[2024-02-12T19:04:11.506+0000] {processor.py:161} INFO - Started process (PID=2150) to work on /home/airflow/.local/lib/python3.8/site-packages/airflow/example_dags/example_setup_teardown.py
[2024-02-12T19:04:11.507+0000] {processor.py:830} INFO - Processing file /home/airflow/.local/lib/python3.8/site-packages/airflow/example_dags/example_setup_teardown.py for tasks to queue
[2024-02-12T19:04:11.508+0000] {logging_mixin.py:188} INFO - [2024-02-12T19:04:11.508+0000] {dagbag.py:538} INFO - Filling up the DagBag from /home/airflow/.local/lib/python3.8/site-packages/airflow/example_dags/example_setup_teardown.py
[2024-02-12T19:04:11.516+0000] {processor.py:840} INFO - DAG(s) 'example_setup_teardown' retrieved from /home/airflow/.local/lib/python3.8/site-packages/airflow/example_dags/example_setup_teardown.py
[2024-02-12T19:04:11.540+0000] {logging_mixin.py:188} INFO - [2024-02-12T19:04:11.540+0000] {dag.py:3036} INFO - Sync 1 DAGs
[2024-02-12T19:04:11.564+0000] {logging_mixin.py:188} INFO - [2024-02-12T19:04:11.564+0000] {dag.py:3823} INFO - Setting next_dagrun for example_setup_teardown to 2024-02-11 00:00:00+00:00, run_after=2024-02-12 00:00:00+00:00
[2024-02-12T19:04:11.620+0000] {processor.py:183} INFO - Processing /home/airflow/.local/lib/python3.8/site-packages/airflow/example_dags/example_setup_teardown.py took 0.118 seconds
[2024-02-12T19:04:42.027+0000] {processor.py:161} INFO - Started process (PID=2421) to work on /home/airflow/.local/lib/python3.8/site-packages/airflow/example_dags/example_setup_teardown.py
[2024-02-12T19:04:42.028+0000] {processor.py:830} INFO - Processing file /home/airflow/.local/lib/python3.8/site-packages/airflow/example_dags/example_setup_teardown.py for tasks to queue
[2024-02-12T19:04:42.029+0000] {logging_mixin.py:188} INFO - [2024-02-12T19:04:42.029+0000] {dagbag.py:538} INFO - Filling up the DagBag from /home/airflow/.local/lib/python3.8/site-packages/airflow/example_dags/example_setup_teardown.py
[2024-02-12T19:04:42.041+0000] {processor.py:840} INFO - DAG(s) 'example_setup_teardown' retrieved from /home/airflow/.local/lib/python3.8/site-packages/airflow/example_dags/example_setup_teardown.py
[2024-02-12T19:04:42.065+0000] {logging_mixin.py:188} INFO - [2024-02-12T19:04:42.065+0000] {dag.py:3036} INFO - Sync 1 DAGs
[2024-02-12T19:04:42.089+0000] {logging_mixin.py:188} INFO - [2024-02-12T19:04:42.089+0000] {dag.py:3823} INFO - Setting next_dagrun for example_setup_teardown to 2024-02-11 00:00:00+00:00, run_after=2024-02-12 00:00:00+00:00
[2024-02-12T19:04:42.113+0000] {processor.py:183} INFO - Processing /home/airflow/.local/lib/python3.8/site-packages/airflow/example_dags/example_setup_teardown.py took 0.089 seconds
[2024-02-12T19:05:12.668+0000] {processor.py:161} INFO - Started process (PID=2674) to work on /home/airflow/.local/lib/python3.8/site-packages/airflow/example_dags/example_setup_teardown.py
[2024-02-12T19:05:12.669+0000] {processor.py:830} INFO - Processing file /home/airflow/.local/lib/python3.8/site-packages/airflow/example_dags/example_setup_teardown.py for tasks to queue
[2024-02-12T19:05:12.670+0000] {logging_mixin.py:188} INFO - [2024-02-12T19:05:12.669+0000] {dagbag.py:538} INFO - Filling up the DagBag from /home/airflow/.local/lib/python3.8/site-packages/airflow/example_dags/example_setup_teardown.py
[2024-02-12T19:05:12.690+0000] {processor.py:840} INFO - DAG(s) 'example_setup_teardown' retrieved from /home/airflow/.local/lib/python3.8/site-packages/airflow/example_dags/example_setup_teardown.py
[2024-02-12T19:05:12.736+0000] {logging_mixin.py:188} INFO - [2024-02-12T19:05:12.736+0000] {dag.py:3036} INFO - Sync 1 DAGs
[2024-02-12T19:05:12.763+0000] {logging_mixin.py:188} INFO - [2024-02-12T19:05:12.763+0000] {dag.py:3823} INFO - Setting next_dagrun for example_setup_teardown to 2024-02-11 00:00:00+00:00, run_after=2024-02-12 00:00:00+00:00
[2024-02-12T19:05:12.805+0000] {processor.py:183} INFO - Processing /home/airflow/.local/lib/python3.8/site-packages/airflow/example_dags/example_setup_teardown.py took 0.155 seconds
[2024-02-12T19:05:43.135+0000] {processor.py:161} INFO - Started process (PID=2921) to work on /home/airflow/.local/lib/python3.8/site-packages/airflow/example_dags/example_setup_teardown.py
[2024-02-12T19:05:43.137+0000] {processor.py:830} INFO - Processing file /home/airflow/.local/lib/python3.8/site-packages/airflow/example_dags/example_setup_teardown.py for tasks to queue
[2024-02-12T19:05:43.155+0000] {logging_mixin.py:188} INFO - [2024-02-12T19:05:43.155+0000] {dagbag.py:538} INFO - Filling up the DagBag from /home/airflow/.local/lib/python3.8/site-packages/airflow/example_dags/example_setup_teardown.py
[2024-02-12T19:05:43.173+0000] {processor.py:840} INFO - DAG(s) 'example_setup_teardown' retrieved from /home/airflow/.local/lib/python3.8/site-packages/airflow/example_dags/example_setup_teardown.py
[2024-02-12T19:05:43.212+0000] {logging_mixin.py:188} INFO - [2024-02-12T19:05:43.212+0000] {dag.py:3036} INFO - Sync 1 DAGs
[2024-02-12T19:05:43.245+0000] {logging_mixin.py:188} INFO - [2024-02-12T19:05:43.245+0000] {dag.py:3823} INFO - Setting next_dagrun for example_setup_teardown to 2024-02-11 00:00:00+00:00, run_after=2024-02-12 00:00:00+00:00
[2024-02-12T19:05:43.276+0000] {processor.py:183} INFO - Processing /home/airflow/.local/lib/python3.8/site-packages/airflow/example_dags/example_setup_teardown.py took 0.145 seconds
[2024-02-12T19:06:13.774+0000] {processor.py:161} INFO - Started process (PID=3169) to work on /home/airflow/.local/lib/python3.8/site-packages/airflow/example_dags/example_setup_teardown.py
[2024-02-12T19:06:13.775+0000] {processor.py:830} INFO - Processing file /home/airflow/.local/lib/python3.8/site-packages/airflow/example_dags/example_setup_teardown.py for tasks to queue
[2024-02-12T19:06:13.776+0000] {logging_mixin.py:188} INFO - [2024-02-12T19:06:13.775+0000] {dagbag.py:538} INFO - Filling up the DagBag from /home/airflow/.local/lib/python3.8/site-packages/airflow/example_dags/example_setup_teardown.py
[2024-02-12T19:06:13.783+0000] {processor.py:840} INFO - DAG(s) 'example_setup_teardown' retrieved from /home/airflow/.local/lib/python3.8/site-packages/airflow/example_dags/example_setup_teardown.py
[2024-02-12T19:06:13.808+0000] {logging_mixin.py:188} INFO - [2024-02-12T19:06:13.808+0000] {dag.py:3036} INFO - Sync 1 DAGs
[2024-02-12T19:06:13.833+0000] {logging_mixin.py:188} INFO - [2024-02-12T19:06:13.833+0000] {dag.py:3823} INFO - Setting next_dagrun for example_setup_teardown to 2024-02-11 00:00:00+00:00, run_after=2024-02-12 00:00:00+00:00
[2024-02-12T19:06:13.859+0000] {processor.py:183} INFO - Processing /home/airflow/.local/lib/python3.8/site-packages/airflow/example_dags/example_setup_teardown.py took 0.088 seconds
[2024-02-12T19:06:44.194+0000] {processor.py:161} INFO - Started process (PID=3416) to work on /home/airflow/.local/lib/python3.8/site-packages/airflow/example_dags/example_setup_teardown.py
[2024-02-12T19:06:44.195+0000] {processor.py:830} INFO - Processing file /home/airflow/.local/lib/python3.8/site-packages/airflow/example_dags/example_setup_teardown.py for tasks to queue
[2024-02-12T19:06:44.196+0000] {logging_mixin.py:188} INFO - [2024-02-12T19:06:44.196+0000] {dagbag.py:538} INFO - Filling up the DagBag from /home/airflow/.local/lib/python3.8/site-packages/airflow/example_dags/example_setup_teardown.py
[2024-02-12T19:06:44.205+0000] {processor.py:840} INFO - DAG(s) 'example_setup_teardown' retrieved from /home/airflow/.local/lib/python3.8/site-packages/airflow/example_dags/example_setup_teardown.py
[2024-02-12T19:06:44.231+0000] {logging_mixin.py:188} INFO - [2024-02-12T19:06:44.231+0000] {dag.py:3036} INFO - Sync 1 DAGs
[2024-02-12T19:06:44.255+0000] {logging_mixin.py:188} INFO - [2024-02-12T19:06:44.254+0000] {dag.py:3823} INFO - Setting next_dagrun for example_setup_teardown to 2024-02-11 00:00:00+00:00, run_after=2024-02-12 00:00:00+00:00
[2024-02-12T19:06:44.280+0000] {processor.py:183} INFO - Processing /home/airflow/.local/lib/python3.8/site-packages/airflow/example_dags/example_setup_teardown.py took 0.089 seconds
[2024-02-12T19:07:14.397+0000] {processor.py:161} INFO - Started process (PID=3664) to work on /home/airflow/.local/lib/python3.8/site-packages/airflow/example_dags/example_setup_teardown.py
[2024-02-12T19:07:14.398+0000] {processor.py:830} INFO - Processing file /home/airflow/.local/lib/python3.8/site-packages/airflow/example_dags/example_setup_teardown.py for tasks to queue
[2024-02-12T19:07:14.399+0000] {logging_mixin.py:188} INFO - [2024-02-12T19:07:14.399+0000] {dagbag.py:538} INFO - Filling up the DagBag from /home/airflow/.local/lib/python3.8/site-packages/airflow/example_dags/example_setup_teardown.py
[2024-02-12T19:07:14.407+0000] {processor.py:840} INFO - DAG(s) 'example_setup_teardown' retrieved from /home/airflow/.local/lib/python3.8/site-packages/airflow/example_dags/example_setup_teardown.py
[2024-02-12T19:07:14.440+0000] {logging_mixin.py:188} INFO - [2024-02-12T19:07:14.440+0000] {dag.py:3036} INFO - Sync 1 DAGs
[2024-02-12T19:07:14.465+0000] {logging_mixin.py:188} INFO - [2024-02-12T19:07:14.465+0000] {dag.py:3823} INFO - Setting next_dagrun for example_setup_teardown to 2024-02-11 00:00:00+00:00, run_after=2024-02-12 00:00:00+00:00
[2024-02-12T19:07:14.489+0000] {processor.py:183} INFO - Processing /home/airflow/.local/lib/python3.8/site-packages/airflow/example_dags/example_setup_teardown.py took 0.094 seconds
[2024-02-12T19:07:44.597+0000] {processor.py:161} INFO - Started process (PID=3911) to work on /home/airflow/.local/lib/python3.8/site-packages/airflow/example_dags/example_setup_teardown.py
[2024-02-12T19:07:44.598+0000] {processor.py:830} INFO - Processing file /home/airflow/.local/lib/python3.8/site-packages/airflow/example_dags/example_setup_teardown.py for tasks to queue
[2024-02-12T19:07:44.599+0000] {logging_mixin.py:188} INFO - [2024-02-12T19:07:44.599+0000] {dagbag.py:538} INFO - Filling up the DagBag from /home/airflow/.local/lib/python3.8/site-packages/airflow/example_dags/example_setup_teardown.py
[2024-02-12T19:07:44.611+0000] {processor.py:840} INFO - DAG(s) 'example_setup_teardown' retrieved from /home/airflow/.local/lib/python3.8/site-packages/airflow/example_dags/example_setup_teardown.py
[2024-02-12T19:07:44.650+0000] {logging_mixin.py:188} INFO - [2024-02-12T19:07:44.650+0000] {dag.py:3036} INFO - Sync 1 DAGs
[2024-02-12T19:07:44.688+0000] {logging_mixin.py:188} INFO - [2024-02-12T19:07:44.688+0000] {dag.py:3823} INFO - Setting next_dagrun for example_setup_teardown to 2024-02-11 00:00:00+00:00, run_after=2024-02-12 00:00:00+00:00
[2024-02-12T19:07:44.713+0000] {processor.py:183} INFO - Processing /home/airflow/.local/lib/python3.8/site-packages/airflow/example_dags/example_setup_teardown.py took 0.119 seconds
[2024-02-12T19:08:14.944+0000] {processor.py:161} INFO - Started process (PID=4159) to work on /home/airflow/.local/lib/python3.8/site-packages/airflow/example_dags/example_setup_teardown.py
[2024-02-12T19:08:14.945+0000] {processor.py:830} INFO - Processing file /home/airflow/.local/lib/python3.8/site-packages/airflow/example_dags/example_setup_teardown.py for tasks to queue
[2024-02-12T19:08:14.946+0000] {logging_mixin.py:188} INFO - [2024-02-12T19:08:14.945+0000] {dagbag.py:538} INFO - Filling up the DagBag from /home/airflow/.local/lib/python3.8/site-packages/airflow/example_dags/example_setup_teardown.py
[2024-02-12T19:08:14.953+0000] {processor.py:840} INFO - DAG(s) 'example_setup_teardown' retrieved from /home/airflow/.local/lib/python3.8/site-packages/airflow/example_dags/example_setup_teardown.py
[2024-02-12T19:08:14.978+0000] {logging_mixin.py:188} INFO - [2024-02-12T19:08:14.978+0000] {dag.py:3036} INFO - Sync 1 DAGs
[2024-02-12T19:08:15.019+0000] {logging_mixin.py:188} INFO - [2024-02-12T19:08:15.018+0000] {dag.py:3823} INFO - Setting next_dagrun for example_setup_teardown to 2024-02-11 00:00:00+00:00, run_after=2024-02-12 00:00:00+00:00
[2024-02-12T19:08:15.050+0000] {processor.py:183} INFO - Processing /home/airflow/.local/lib/python3.8/site-packages/airflow/example_dags/example_setup_teardown.py took 0.109 seconds
[2024-02-12T19:08:45.302+0000] {processor.py:161} INFO - Started process (PID=4407) to work on /home/airflow/.local/lib/python3.8/site-packages/airflow/example_dags/example_setup_teardown.py
[2024-02-12T19:08:45.302+0000] {processor.py:830} INFO - Processing file /home/airflow/.local/lib/python3.8/site-packages/airflow/example_dags/example_setup_teardown.py for tasks to queue
[2024-02-12T19:08:45.303+0000] {logging_mixin.py:188} INFO - [2024-02-12T19:08:45.303+0000] {dagbag.py:538} INFO - Filling up the DagBag from /home/airflow/.local/lib/python3.8/site-packages/airflow/example_dags/example_setup_teardown.py
[2024-02-12T19:08:45.311+0000] {processor.py:840} INFO - DAG(s) 'example_setup_teardown' retrieved from /home/airflow/.local/lib/python3.8/site-packages/airflow/example_dags/example_setup_teardown.py
[2024-02-12T19:08:45.336+0000] {logging_mixin.py:188} INFO - [2024-02-12T19:08:45.336+0000] {dag.py:3036} INFO - Sync 1 DAGs
[2024-02-12T19:08:45.361+0000] {logging_mixin.py:188} INFO - [2024-02-12T19:08:45.361+0000] {dag.py:3823} INFO - Setting next_dagrun for example_setup_teardown to 2024-02-11 00:00:00+00:00, run_after=2024-02-12 00:00:00+00:00
[2024-02-12T19:08:45.390+0000] {processor.py:183} INFO - Processing /home/airflow/.local/lib/python3.8/site-packages/airflow/example_dags/example_setup_teardown.py took 0.092 seconds
[2024-02-12T19:09:15.656+0000] {processor.py:161} INFO - Started process (PID=4656) to work on /home/airflow/.local/lib/python3.8/site-packages/airflow/example_dags/example_setup_teardown.py
[2024-02-12T19:09:15.657+0000] {processor.py:830} INFO - Processing file /home/airflow/.local/lib/python3.8/site-packages/airflow/example_dags/example_setup_teardown.py for tasks to queue
[2024-02-12T19:09:15.658+0000] {logging_mixin.py:188} INFO - [2024-02-12T19:09:15.658+0000] {dagbag.py:538} INFO - Filling up the DagBag from /home/airflow/.local/lib/python3.8/site-packages/airflow/example_dags/example_setup_teardown.py
[2024-02-12T19:09:15.667+0000] {processor.py:840} INFO - DAG(s) 'example_setup_teardown' retrieved from /home/airflow/.local/lib/python3.8/site-packages/airflow/example_dags/example_setup_teardown.py
[2024-02-12T19:09:15.690+0000] {logging_mixin.py:188} INFO - [2024-02-12T19:09:15.690+0000] {dag.py:3036} INFO - Sync 1 DAGs
[2024-02-12T19:09:15.715+0000] {logging_mixin.py:188} INFO - [2024-02-12T19:09:15.715+0000] {dag.py:3823} INFO - Setting next_dagrun for example_setup_teardown to 2024-02-11 00:00:00+00:00, run_after=2024-02-12 00:00:00+00:00
[2024-02-12T19:09:15.740+0000] {processor.py:183} INFO - Processing /home/airflow/.local/lib/python3.8/site-packages/airflow/example_dags/example_setup_teardown.py took 0.087 seconds
[2024-02-12T19:09:46.004+0000] {processor.py:161} INFO - Started process (PID=4903) to work on /home/airflow/.local/lib/python3.8/site-packages/airflow/example_dags/example_setup_teardown.py
[2024-02-12T19:09:46.006+0000] {processor.py:830} INFO - Processing file /home/airflow/.local/lib/python3.8/site-packages/airflow/example_dags/example_setup_teardown.py for tasks to queue
[2024-02-12T19:09:46.008+0000] {logging_mixin.py:188} INFO - [2024-02-12T19:09:46.008+0000] {dagbag.py:538} INFO - Filling up the DagBag from /home/airflow/.local/lib/python3.8/site-packages/airflow/example_dags/example_setup_teardown.py
[2024-02-12T19:09:46.019+0000] {processor.py:840} INFO - DAG(s) 'example_setup_teardown' retrieved from /home/airflow/.local/lib/python3.8/site-packages/airflow/example_dags/example_setup_teardown.py
[2024-02-12T19:09:46.068+0000] {logging_mixin.py:188} INFO - [2024-02-12T19:09:46.068+0000] {dag.py:3036} INFO - Sync 1 DAGs
[2024-02-12T19:09:46.116+0000] {logging_mixin.py:188} INFO - [2024-02-12T19:09:46.114+0000] {dag.py:3823} INFO - Setting next_dagrun for example_setup_teardown to 2024-02-11 00:00:00+00:00, run_after=2024-02-12 00:00:00+00:00
[2024-02-12T19:09:46.150+0000] {processor.py:183} INFO - Processing /home/airflow/.local/lib/python3.8/site-packages/airflow/example_dags/example_setup_teardown.py took 0.162 seconds
[2024-02-12T19:10:16.242+0000] {processor.py:161} INFO - Started process (PID=5150) to work on /home/airflow/.local/lib/python3.8/site-packages/airflow/example_dags/example_setup_teardown.py
[2024-02-12T19:10:16.243+0000] {processor.py:830} INFO - Processing file /home/airflow/.local/lib/python3.8/site-packages/airflow/example_dags/example_setup_teardown.py for tasks to queue
[2024-02-12T19:10:16.244+0000] {logging_mixin.py:188} INFO - [2024-02-12T19:10:16.244+0000] {dagbag.py:538} INFO - Filling up the DagBag from /home/airflow/.local/lib/python3.8/site-packages/airflow/example_dags/example_setup_teardown.py
[2024-02-12T19:10:16.253+0000] {processor.py:840} INFO - DAG(s) 'example_setup_teardown' retrieved from /home/airflow/.local/lib/python3.8/site-packages/airflow/example_dags/example_setup_teardown.py
[2024-02-12T19:10:16.277+0000] {logging_mixin.py:188} INFO - [2024-02-12T19:10:16.277+0000] {dag.py:3036} INFO - Sync 1 DAGs
[2024-02-12T19:10:16.302+0000] {logging_mixin.py:188} INFO - [2024-02-12T19:10:16.301+0000] {dag.py:3823} INFO - Setting next_dagrun for example_setup_teardown to 2024-02-11 00:00:00+00:00, run_after=2024-02-12 00:00:00+00:00
[2024-02-12T19:10:16.327+0000] {processor.py:183} INFO - Processing /home/airflow/.local/lib/python3.8/site-packages/airflow/example_dags/example_setup_teardown.py took 0.088 seconds
[2024-02-12T19:10:46.529+0000] {processor.py:161} INFO - Started process (PID=5398) to work on /home/airflow/.local/lib/python3.8/site-packages/airflow/example_dags/example_setup_teardown.py
[2024-02-12T19:10:46.530+0000] {processor.py:830} INFO - Processing file /home/airflow/.local/lib/python3.8/site-packages/airflow/example_dags/example_setup_teardown.py for tasks to queue
[2024-02-12T19:10:46.531+0000] {logging_mixin.py:188} INFO - [2024-02-12T19:10:46.530+0000] {dagbag.py:538} INFO - Filling up the DagBag from /home/airflow/.local/lib/python3.8/site-packages/airflow/example_dags/example_setup_teardown.py
[2024-02-12T19:10:46.539+0000] {processor.py:840} INFO - DAG(s) 'example_setup_teardown' retrieved from /home/airflow/.local/lib/python3.8/site-packages/airflow/example_dags/example_setup_teardown.py
[2024-02-12T19:10:46.563+0000] {logging_mixin.py:188} INFO - [2024-02-12T19:10:46.563+0000] {dag.py:3036} INFO - Sync 1 DAGs
[2024-02-12T19:10:46.589+0000] {logging_mixin.py:188} INFO - [2024-02-12T19:10:46.589+0000] {dag.py:3823} INFO - Setting next_dagrun for example_setup_teardown to 2024-02-11 00:00:00+00:00, run_after=2024-02-12 00:00:00+00:00
[2024-02-12T19:10:46.615+0000] {processor.py:183} INFO - Processing /home/airflow/.local/lib/python3.8/site-packages/airflow/example_dags/example_setup_teardown.py took 0.089 seconds
[2024-02-12T19:11:16.941+0000] {processor.py:161} INFO - Started process (PID=5645) to work on /home/airflow/.local/lib/python3.8/site-packages/airflow/example_dags/example_setup_teardown.py
[2024-02-12T19:11:16.942+0000] {processor.py:830} INFO - Processing file /home/airflow/.local/lib/python3.8/site-packages/airflow/example_dags/example_setup_teardown.py for tasks to queue
[2024-02-12T19:11:16.944+0000] {logging_mixin.py:188} INFO - [2024-02-12T19:11:16.943+0000] {dagbag.py:538} INFO - Filling up the DagBag from /home/airflow/.local/lib/python3.8/site-packages/airflow/example_dags/example_setup_teardown.py
[2024-02-12T19:11:16.952+0000] {processor.py:840} INFO - DAG(s) 'example_setup_teardown' retrieved from /home/airflow/.local/lib/python3.8/site-packages/airflow/example_dags/example_setup_teardown.py
[2024-02-12T19:11:16.975+0000] {logging_mixin.py:188} INFO - [2024-02-12T19:11:16.975+0000] {dag.py:3036} INFO - Sync 1 DAGs
[2024-02-12T19:11:17.000+0000] {logging_mixin.py:188} INFO - [2024-02-12T19:11:17.000+0000] {dag.py:3823} INFO - Setting next_dagrun for example_setup_teardown to 2024-02-11 00:00:00+00:00, run_after=2024-02-12 00:00:00+00:00
[2024-02-12T19:11:17.026+0000] {processor.py:183} INFO - Processing /home/airflow/.local/lib/python3.8/site-packages/airflow/example_dags/example_setup_teardown.py took 0.088 seconds
[2024-02-12T19:11:47.394+0000] {processor.py:161} INFO - Started process (PID=5892) to work on /home/airflow/.local/lib/python3.8/site-packages/airflow/example_dags/example_setup_teardown.py
[2024-02-12T19:11:47.398+0000] {processor.py:830} INFO - Processing file /home/airflow/.local/lib/python3.8/site-packages/airflow/example_dags/example_setup_teardown.py for tasks to queue
[2024-02-12T19:11:47.398+0000] {logging_mixin.py:188} INFO - [2024-02-12T19:11:47.398+0000] {dagbag.py:538} INFO - Filling up the DagBag from /home/airflow/.local/lib/python3.8/site-packages/airflow/example_dags/example_setup_teardown.py
[2024-02-12T19:11:47.413+0000] {processor.py:840} INFO - DAG(s) 'example_setup_teardown' retrieved from /home/airflow/.local/lib/python3.8/site-packages/airflow/example_dags/example_setup_teardown.py
[2024-02-12T19:11:47.481+0000] {logging_mixin.py:188} INFO - [2024-02-12T19:11:47.481+0000] {dag.py:3036} INFO - Sync 1 DAGs
[2024-02-12T19:11:47.504+0000] {logging_mixin.py:188} INFO - [2024-02-12T19:11:47.503+0000] {dag.py:3823} INFO - Setting next_dagrun for example_setup_teardown to 2024-02-11 00:00:00+00:00, run_after=2024-02-12 00:00:00+00:00
[2024-02-12T19:11:47.526+0000] {processor.py:183} INFO - Processing /home/airflow/.local/lib/python3.8/site-packages/airflow/example_dags/example_setup_teardown.py took 0.137 seconds
[2024-02-12T19:12:17.990+0000] {processor.py:161} INFO - Started process (PID=6139) to work on /home/airflow/.local/lib/python3.8/site-packages/airflow/example_dags/example_setup_teardown.py
[2024-02-12T19:12:17.991+0000] {processor.py:830} INFO - Processing file /home/airflow/.local/lib/python3.8/site-packages/airflow/example_dags/example_setup_teardown.py for tasks to queue
[2024-02-12T19:12:17.994+0000] {logging_mixin.py:188} INFO - [2024-02-12T19:12:17.993+0000] {dagbag.py:538} INFO - Filling up the DagBag from /home/airflow/.local/lib/python3.8/site-packages/airflow/example_dags/example_setup_teardown.py
[2024-02-12T19:12:18.002+0000] {processor.py:840} INFO - DAG(s) 'example_setup_teardown' retrieved from /home/airflow/.local/lib/python3.8/site-packages/airflow/example_dags/example_setup_teardown.py
[2024-02-12T19:12:18.052+0000] {logging_mixin.py:188} INFO - [2024-02-12T19:12:18.052+0000] {dag.py:3036} INFO - Sync 1 DAGs
[2024-02-12T19:12:18.084+0000] {logging_mixin.py:188} INFO - [2024-02-12T19:12:18.084+0000] {dag.py:3823} INFO - Setting next_dagrun for example_setup_teardown to 2024-02-11 00:00:00+00:00, run_after=2024-02-12 00:00:00+00:00
[2024-02-12T19:12:18.147+0000] {processor.py:183} INFO - Processing /home/airflow/.local/lib/python3.8/site-packages/airflow/example_dags/example_setup_teardown.py took 0.160 seconds
[2024-02-12T19:12:48.263+0000] {processor.py:161} INFO - Started process (PID=6388) to work on /home/airflow/.local/lib/python3.8/site-packages/airflow/example_dags/example_setup_teardown.py
[2024-02-12T19:12:48.263+0000] {processor.py:830} INFO - Processing file /home/airflow/.local/lib/python3.8/site-packages/airflow/example_dags/example_setup_teardown.py for tasks to queue
[2024-02-12T19:12:48.264+0000] {logging_mixin.py:188} INFO - [2024-02-12T19:12:48.264+0000] {dagbag.py:538} INFO - Filling up the DagBag from /home/airflow/.local/lib/python3.8/site-packages/airflow/example_dags/example_setup_teardown.py
[2024-02-12T19:12:48.270+0000] {processor.py:840} INFO - DAG(s) 'example_setup_teardown' retrieved from /home/airflow/.local/lib/python3.8/site-packages/airflow/example_dags/example_setup_teardown.py
[2024-02-12T19:12:48.285+0000] {logging_mixin.py:188} INFO - [2024-02-12T19:12:48.285+0000] {dag.py:3036} INFO - Sync 1 DAGs
[2024-02-12T19:12:48.304+0000] {logging_mixin.py:188} INFO - [2024-02-12T19:12:48.304+0000] {dag.py:3823} INFO - Setting next_dagrun for example_setup_teardown to 2024-02-11 00:00:00+00:00, run_after=2024-02-12 00:00:00+00:00
[2024-02-12T19:12:48.323+0000] {processor.py:183} INFO - Processing /home/airflow/.local/lib/python3.8/site-packages/airflow/example_dags/example_setup_teardown.py took 0.063 seconds
[2024-02-12T19:13:18.789+0000] {processor.py:161} INFO - Started process (PID=6636) to work on /home/airflow/.local/lib/python3.8/site-packages/airflow/example_dags/example_setup_teardown.py
[2024-02-12T19:13:18.790+0000] {processor.py:830} INFO - Processing file /home/airflow/.local/lib/python3.8/site-packages/airflow/example_dags/example_setup_teardown.py for tasks to queue
[2024-02-12T19:13:18.791+0000] {logging_mixin.py:188} INFO - [2024-02-12T19:13:18.790+0000] {dagbag.py:538} INFO - Filling up the DagBag from /home/airflow/.local/lib/python3.8/site-packages/airflow/example_dags/example_setup_teardown.py
[2024-02-12T19:13:18.799+0000] {processor.py:840} INFO - DAG(s) 'example_setup_teardown' retrieved from /home/airflow/.local/lib/python3.8/site-packages/airflow/example_dags/example_setup_teardown.py
[2024-02-12T19:13:18.824+0000] {logging_mixin.py:188} INFO - [2024-02-12T19:13:18.824+0000] {dag.py:3036} INFO - Sync 1 DAGs
[2024-02-12T19:13:18.851+0000] {logging_mixin.py:188} INFO - [2024-02-12T19:13:18.850+0000] {dag.py:3823} INFO - Setting next_dagrun for example_setup_teardown to 2024-02-11 00:00:00+00:00, run_after=2024-02-12 00:00:00+00:00
[2024-02-12T19:13:18.883+0000] {processor.py:183} INFO - Processing /home/airflow/.local/lib/python3.8/site-packages/airflow/example_dags/example_setup_teardown.py took 0.098 seconds
[2024-02-12T19:13:49.071+0000] {processor.py:161} INFO - Started process (PID=6883) to work on /home/airflow/.local/lib/python3.8/site-packages/airflow/example_dags/example_setup_teardown.py
[2024-02-12T19:13:49.072+0000] {processor.py:830} INFO - Processing file /home/airflow/.local/lib/python3.8/site-packages/airflow/example_dags/example_setup_teardown.py for tasks to queue
[2024-02-12T19:13:49.073+0000] {logging_mixin.py:188} INFO - [2024-02-12T19:13:49.073+0000] {dagbag.py:538} INFO - Filling up the DagBag from /home/airflow/.local/lib/python3.8/site-packages/airflow/example_dags/example_setup_teardown.py
[2024-02-12T19:13:49.081+0000] {processor.py:840} INFO - DAG(s) 'example_setup_teardown' retrieved from /home/airflow/.local/lib/python3.8/site-packages/airflow/example_dags/example_setup_teardown.py
[2024-02-12T19:13:49.105+0000] {logging_mixin.py:188} INFO - [2024-02-12T19:13:49.105+0000] {dag.py:3036} INFO - Sync 1 DAGs
[2024-02-12T19:13:49.131+0000] {logging_mixin.py:188} INFO - [2024-02-12T19:13:49.131+0000] {dag.py:3823} INFO - Setting next_dagrun for example_setup_teardown to 2024-02-11 00:00:00+00:00, run_after=2024-02-12 00:00:00+00:00
[2024-02-12T19:13:49.170+0000] {processor.py:183} INFO - Processing /home/airflow/.local/lib/python3.8/site-packages/airflow/example_dags/example_setup_teardown.py took 0.102 seconds
[2024-02-12T19:14:19.438+0000] {processor.py:161} INFO - Started process (PID=7130) to work on /home/airflow/.local/lib/python3.8/site-packages/airflow/example_dags/example_setup_teardown.py
[2024-02-12T19:14:19.439+0000] {processor.py:830} INFO - Processing file /home/airflow/.local/lib/python3.8/site-packages/airflow/example_dags/example_setup_teardown.py for tasks to queue
[2024-02-12T19:14:19.440+0000] {logging_mixin.py:188} INFO - [2024-02-12T19:14:19.440+0000] {dagbag.py:538} INFO - Filling up the DagBag from /home/airflow/.local/lib/python3.8/site-packages/airflow/example_dags/example_setup_teardown.py
[2024-02-12T19:14:19.449+0000] {processor.py:840} INFO - DAG(s) 'example_setup_teardown' retrieved from /home/airflow/.local/lib/python3.8/site-packages/airflow/example_dags/example_setup_teardown.py
[2024-02-12T19:14:19.502+0000] {logging_mixin.py:188} INFO - [2024-02-12T19:14:19.502+0000] {dag.py:3036} INFO - Sync 1 DAGs
[2024-02-12T19:14:19.543+0000] {logging_mixin.py:188} INFO - [2024-02-12T19:14:19.542+0000] {dag.py:3823} INFO - Setting next_dagrun for example_setup_teardown to 2024-02-11 00:00:00+00:00, run_after=2024-02-12 00:00:00+00:00
[2024-02-12T19:14:19.566+0000] {processor.py:183} INFO - Processing /home/airflow/.local/lib/python3.8/site-packages/airflow/example_dags/example_setup_teardown.py took 0.131 seconds
[2024-02-12T19:14:50.086+0000] {processor.py:161} INFO - Started process (PID=7376) to work on /home/airflow/.local/lib/python3.8/site-packages/airflow/example_dags/example_setup_teardown.py
[2024-02-12T19:14:50.088+0000] {processor.py:830} INFO - Processing file /home/airflow/.local/lib/python3.8/site-packages/airflow/example_dags/example_setup_teardown.py for tasks to queue
[2024-02-12T19:14:50.089+0000] {logging_mixin.py:188} INFO - [2024-02-12T19:14:50.089+0000] {dagbag.py:538} INFO - Filling up the DagBag from /home/airflow/.local/lib/python3.8/site-packages/airflow/example_dags/example_setup_teardown.py
[2024-02-12T19:14:50.097+0000] {processor.py:840} INFO - DAG(s) 'example_setup_teardown' retrieved from /home/airflow/.local/lib/python3.8/site-packages/airflow/example_dags/example_setup_teardown.py
[2024-02-12T19:14:50.121+0000] {logging_mixin.py:188} INFO - [2024-02-12T19:14:50.121+0000] {dag.py:3036} INFO - Sync 1 DAGs
[2024-02-12T19:14:50.145+0000] {logging_mixin.py:188} INFO - [2024-02-12T19:14:50.145+0000] {dag.py:3823} INFO - Setting next_dagrun for example_setup_teardown to 2024-02-11 00:00:00+00:00, run_after=2024-02-12 00:00:00+00:00
[2024-02-12T19:14:50.170+0000] {processor.py:183} INFO - Processing /home/airflow/.local/lib/python3.8/site-packages/airflow/example_dags/example_setup_teardown.py took 0.087 seconds
[2024-02-12T19:15:20.732+0000] {processor.py:161} INFO - Started process (PID=7623) to work on /home/airflow/.local/lib/python3.8/site-packages/airflow/example_dags/example_setup_teardown.py
[2024-02-12T19:15:20.733+0000] {processor.py:830} INFO - Processing file /home/airflow/.local/lib/python3.8/site-packages/airflow/example_dags/example_setup_teardown.py for tasks to queue
[2024-02-12T19:15:20.734+0000] {logging_mixin.py:188} INFO - [2024-02-12T19:15:20.734+0000] {dagbag.py:538} INFO - Filling up the DagBag from /home/airflow/.local/lib/python3.8/site-packages/airflow/example_dags/example_setup_teardown.py
[2024-02-12T19:15:20.742+0000] {processor.py:840} INFO - DAG(s) 'example_setup_teardown' retrieved from /home/airflow/.local/lib/python3.8/site-packages/airflow/example_dags/example_setup_teardown.py
[2024-02-12T19:15:20.767+0000] {logging_mixin.py:188} INFO - [2024-02-12T19:15:20.767+0000] {dag.py:3036} INFO - Sync 1 DAGs
[2024-02-12T19:15:20.792+0000] {logging_mixin.py:188} INFO - [2024-02-12T19:15:20.792+0000] {dag.py:3823} INFO - Setting next_dagrun for example_setup_teardown to 2024-02-11 00:00:00+00:00, run_after=2024-02-12 00:00:00+00:00
[2024-02-12T19:15:20.817+0000] {processor.py:183} INFO - Processing /home/airflow/.local/lib/python3.8/site-packages/airflow/example_dags/example_setup_teardown.py took 0.088 seconds
[2024-02-12T19:15:51.141+0000] {processor.py:161} INFO - Started process (PID=7865) to work on /home/airflow/.local/lib/python3.8/site-packages/airflow/example_dags/example_setup_teardown.py
[2024-02-12T19:15:51.142+0000] {processor.py:830} INFO - Processing file /home/airflow/.local/lib/python3.8/site-packages/airflow/example_dags/example_setup_teardown.py for tasks to queue
[2024-02-12T19:15:51.143+0000] {logging_mixin.py:188} INFO - [2024-02-12T19:15:51.143+0000] {dagbag.py:538} INFO - Filling up the DagBag from /home/airflow/.local/lib/python3.8/site-packages/airflow/example_dags/example_setup_teardown.py
[2024-02-12T19:15:51.151+0000] {processor.py:840} INFO - DAG(s) 'example_setup_teardown' retrieved from /home/airflow/.local/lib/python3.8/site-packages/airflow/example_dags/example_setup_teardown.py
[2024-02-12T19:15:51.176+0000] {logging_mixin.py:188} INFO - [2024-02-12T19:15:51.175+0000] {dag.py:3036} INFO - Sync 1 DAGs
[2024-02-12T19:15:51.201+0000] {logging_mixin.py:188} INFO - [2024-02-12T19:15:51.200+0000] {dag.py:3823} INFO - Setting next_dagrun for example_setup_teardown to 2024-02-11 00:00:00+00:00, run_after=2024-02-12 00:00:00+00:00
[2024-02-12T19:15:51.226+0000] {processor.py:183} INFO - Processing /home/airflow/.local/lib/python3.8/site-packages/airflow/example_dags/example_setup_teardown.py took 0.088 seconds
[2024-02-12T19:16:21.642+0000] {processor.py:161} INFO - Started process (PID=8113) to work on /home/airflow/.local/lib/python3.8/site-packages/airflow/example_dags/example_setup_teardown.py
[2024-02-12T19:16:21.643+0000] {processor.py:830} INFO - Processing file /home/airflow/.local/lib/python3.8/site-packages/airflow/example_dags/example_setup_teardown.py for tasks to queue
[2024-02-12T19:16:21.644+0000] {logging_mixin.py:188} INFO - [2024-02-12T19:16:21.643+0000] {dagbag.py:538} INFO - Filling up the DagBag from /home/airflow/.local/lib/python3.8/site-packages/airflow/example_dags/example_setup_teardown.py
[2024-02-12T19:16:21.654+0000] {processor.py:840} INFO - DAG(s) 'example_setup_teardown' retrieved from /home/airflow/.local/lib/python3.8/site-packages/airflow/example_dags/example_setup_teardown.py
[2024-02-12T19:16:21.678+0000] {logging_mixin.py:188} INFO - [2024-02-12T19:16:21.678+0000] {dag.py:3036} INFO - Sync 1 DAGs
[2024-02-12T19:16:21.702+0000] {logging_mixin.py:188} INFO - [2024-02-12T19:16:21.702+0000] {dag.py:3823} INFO - Setting next_dagrun for example_setup_teardown to 2024-02-11 00:00:00+00:00, run_after=2024-02-12 00:00:00+00:00
[2024-02-12T19:16:21.752+0000] {processor.py:183} INFO - Processing /home/airflow/.local/lib/python3.8/site-packages/airflow/example_dags/example_setup_teardown.py took 0.116 seconds
[2024-02-12T19:16:51.926+0000] {processor.py:161} INFO - Started process (PID=8360) to work on /home/airflow/.local/lib/python3.8/site-packages/airflow/example_dags/example_setup_teardown.py
[2024-02-12T19:16:51.936+0000] {processor.py:830} INFO - Processing file /home/airflow/.local/lib/python3.8/site-packages/airflow/example_dags/example_setup_teardown.py for tasks to queue
[2024-02-12T19:16:51.938+0000] {logging_mixin.py:188} INFO - [2024-02-12T19:16:51.938+0000] {dagbag.py:538} INFO - Filling up the DagBag from /home/airflow/.local/lib/python3.8/site-packages/airflow/example_dags/example_setup_teardown.py
[2024-02-12T19:16:51.962+0000] {processor.py:840} INFO - DAG(s) 'example_setup_teardown' retrieved from /home/airflow/.local/lib/python3.8/site-packages/airflow/example_dags/example_setup_teardown.py
[2024-02-12T19:16:51.989+0000] {logging_mixin.py:188} INFO - [2024-02-12T19:16:51.988+0000] {dag.py:3036} INFO - Sync 1 DAGs
[2024-02-12T19:16:52.015+0000] {logging_mixin.py:188} INFO - [2024-02-12T19:16:52.015+0000] {dag.py:3823} INFO - Setting next_dagrun for example_setup_teardown to 2024-02-11 00:00:00+00:00, run_after=2024-02-12 00:00:00+00:00
[2024-02-12T19:16:52.048+0000] {processor.py:183} INFO - Processing /home/airflow/.local/lib/python3.8/site-packages/airflow/example_dags/example_setup_teardown.py took 0.125 seconds
[2024-02-12T19:17:22.392+0000] {processor.py:161} INFO - Started process (PID=8607) to work on /home/airflow/.local/lib/python3.8/site-packages/airflow/example_dags/example_setup_teardown.py
[2024-02-12T19:17:22.394+0000] {processor.py:830} INFO - Processing file /home/airflow/.local/lib/python3.8/site-packages/airflow/example_dags/example_setup_teardown.py for tasks to queue
[2024-02-12T19:17:22.395+0000] {logging_mixin.py:188} INFO - [2024-02-12T19:17:22.394+0000] {dagbag.py:538} INFO - Filling up the DagBag from /home/airflow/.local/lib/python3.8/site-packages/airflow/example_dags/example_setup_teardown.py
[2024-02-12T19:17:22.403+0000] {processor.py:840} INFO - DAG(s) 'example_setup_teardown' retrieved from /home/airflow/.local/lib/python3.8/site-packages/airflow/example_dags/example_setup_teardown.py
[2024-02-12T19:17:22.427+0000] {logging_mixin.py:188} INFO - [2024-02-12T19:17:22.427+0000] {dag.py:3036} INFO - Sync 1 DAGs
[2024-02-12T19:17:22.454+0000] {logging_mixin.py:188} INFO - [2024-02-12T19:17:22.453+0000] {dag.py:3823} INFO - Setting next_dagrun for example_setup_teardown to 2024-02-11 00:00:00+00:00, run_after=2024-02-12 00:00:00+00:00
[2024-02-12T19:17:22.478+0000] {processor.py:183} INFO - Processing /home/airflow/.local/lib/python3.8/site-packages/airflow/example_dags/example_setup_teardown.py took 0.096 seconds
[2024-02-12T19:17:52.793+0000] {processor.py:161} INFO - Started process (PID=8854) to work on /home/airflow/.local/lib/python3.8/site-packages/airflow/example_dags/example_setup_teardown.py
[2024-02-12T19:17:52.794+0000] {processor.py:830} INFO - Processing file /home/airflow/.local/lib/python3.8/site-packages/airflow/example_dags/example_setup_teardown.py for tasks to queue
[2024-02-12T19:17:52.795+0000] {logging_mixin.py:188} INFO - [2024-02-12T19:17:52.795+0000] {dagbag.py:538} INFO - Filling up the DagBag from /home/airflow/.local/lib/python3.8/site-packages/airflow/example_dags/example_setup_teardown.py
[2024-02-12T19:17:52.803+0000] {processor.py:840} INFO - DAG(s) 'example_setup_teardown' retrieved from /home/airflow/.local/lib/python3.8/site-packages/airflow/example_dags/example_setup_teardown.py
[2024-02-12T19:17:52.827+0000] {logging_mixin.py:188} INFO - [2024-02-12T19:17:52.827+0000] {dag.py:3036} INFO - Sync 1 DAGs
[2024-02-12T19:17:52.852+0000] {logging_mixin.py:188} INFO - [2024-02-12T19:17:52.852+0000] {dag.py:3823} INFO - Setting next_dagrun for example_setup_teardown to 2024-02-11 00:00:00+00:00, run_after=2024-02-12 00:00:00+00:00
[2024-02-12T19:17:52.879+0000] {processor.py:183} INFO - Processing /home/airflow/.local/lib/python3.8/site-packages/airflow/example_dags/example_setup_teardown.py took 0.089 seconds
[2024-02-12T19:18:23.086+0000] {processor.py:161} INFO - Started process (PID=9101) to work on /home/airflow/.local/lib/python3.8/site-packages/airflow/example_dags/example_setup_teardown.py
[2024-02-12T19:18:23.087+0000] {processor.py:830} INFO - Processing file /home/airflow/.local/lib/python3.8/site-packages/airflow/example_dags/example_setup_teardown.py for tasks to queue
[2024-02-12T19:18:23.088+0000] {logging_mixin.py:188} INFO - [2024-02-12T19:18:23.087+0000] {dagbag.py:538} INFO - Filling up the DagBag from /home/airflow/.local/lib/python3.8/site-packages/airflow/example_dags/example_setup_teardown.py
[2024-02-12T19:18:23.096+0000] {processor.py:840} INFO - DAG(s) 'example_setup_teardown' retrieved from /home/airflow/.local/lib/python3.8/site-packages/airflow/example_dags/example_setup_teardown.py
[2024-02-12T19:18:23.120+0000] {logging_mixin.py:188} INFO - [2024-02-12T19:18:23.120+0000] {dag.py:3036} INFO - Sync 1 DAGs
[2024-02-12T19:18:23.145+0000] {logging_mixin.py:188} INFO - [2024-02-12T19:18:23.145+0000] {dag.py:3823} INFO - Setting next_dagrun for example_setup_teardown to 2024-02-11 00:00:00+00:00, run_after=2024-02-12 00:00:00+00:00
[2024-02-12T19:18:23.172+0000] {processor.py:183} INFO - Processing /home/airflow/.local/lib/python3.8/site-packages/airflow/example_dags/example_setup_teardown.py took 0.090 seconds
[2024-02-12T19:18:53.684+0000] {processor.py:161} INFO - Started process (PID=9349) to work on /home/airflow/.local/lib/python3.8/site-packages/airflow/example_dags/example_setup_teardown.py
[2024-02-12T19:18:53.685+0000] {processor.py:830} INFO - Processing file /home/airflow/.local/lib/python3.8/site-packages/airflow/example_dags/example_setup_teardown.py for tasks to queue
[2024-02-12T19:18:53.686+0000] {logging_mixin.py:188} INFO - [2024-02-12T19:18:53.685+0000] {dagbag.py:538} INFO - Filling up the DagBag from /home/airflow/.local/lib/python3.8/site-packages/airflow/example_dags/example_setup_teardown.py
[2024-02-12T19:18:53.703+0000] {processor.py:840} INFO - DAG(s) 'example_setup_teardown' retrieved from /home/airflow/.local/lib/python3.8/site-packages/airflow/example_dags/example_setup_teardown.py
[2024-02-12T19:18:53.743+0000] {logging_mixin.py:188} INFO - [2024-02-12T19:18:53.742+0000] {dag.py:3036} INFO - Sync 1 DAGs
[2024-02-12T19:18:53.784+0000] {logging_mixin.py:188} INFO - [2024-02-12T19:18:53.783+0000] {dag.py:3823} INFO - Setting next_dagrun for example_setup_teardown to 2024-02-11 00:00:00+00:00, run_after=2024-02-12 00:00:00+00:00
[2024-02-12T19:18:53.809+0000] {processor.py:183} INFO - Processing /home/airflow/.local/lib/python3.8/site-packages/airflow/example_dags/example_setup_teardown.py took 0.129 seconds
[2024-02-12T19:19:24.144+0000] {processor.py:161} INFO - Started process (PID=9596) to work on /home/airflow/.local/lib/python3.8/site-packages/airflow/example_dags/example_setup_teardown.py
[2024-02-12T19:19:24.145+0000] {processor.py:830} INFO - Processing file /home/airflow/.local/lib/python3.8/site-packages/airflow/example_dags/example_setup_teardown.py for tasks to queue
[2024-02-12T19:19:24.146+0000] {logging_mixin.py:188} INFO - [2024-02-12T19:19:24.146+0000] {dagbag.py:538} INFO - Filling up the DagBag from /home/airflow/.local/lib/python3.8/site-packages/airflow/example_dags/example_setup_teardown.py
[2024-02-12T19:19:24.169+0000] {processor.py:840} INFO - DAG(s) 'example_setup_teardown' retrieved from /home/airflow/.local/lib/python3.8/site-packages/airflow/example_dags/example_setup_teardown.py
[2024-02-12T19:19:24.206+0000] {logging_mixin.py:188} INFO - [2024-02-12T19:19:24.205+0000] {dag.py:3036} INFO - Sync 1 DAGs
[2024-02-12T19:19:24.235+0000] {logging_mixin.py:188} INFO - [2024-02-12T19:19:24.234+0000] {dag.py:3823} INFO - Setting next_dagrun for example_setup_teardown to 2024-02-11 00:00:00+00:00, run_after=2024-02-12 00:00:00+00:00
[2024-02-12T19:19:24.260+0000] {processor.py:183} INFO - Processing /home/airflow/.local/lib/python3.8/site-packages/airflow/example_dags/example_setup_teardown.py took 0.132 seconds
[2024-02-12T19:19:54.360+0000] {processor.py:161} INFO - Started process (PID=9843) to work on /home/airflow/.local/lib/python3.8/site-packages/airflow/example_dags/example_setup_teardown.py
[2024-02-12T19:19:54.362+0000] {processor.py:830} INFO - Processing file /home/airflow/.local/lib/python3.8/site-packages/airflow/example_dags/example_setup_teardown.py for tasks to queue
[2024-02-12T19:19:54.364+0000] {logging_mixin.py:188} INFO - [2024-02-12T19:19:54.363+0000] {dagbag.py:538} INFO - Filling up the DagBag from /home/airflow/.local/lib/python3.8/site-packages/airflow/example_dags/example_setup_teardown.py
[2024-02-12T19:19:54.378+0000] {processor.py:840} INFO - DAG(s) 'example_setup_teardown' retrieved from /home/airflow/.local/lib/python3.8/site-packages/airflow/example_dags/example_setup_teardown.py
[2024-02-12T19:19:54.427+0000] {logging_mixin.py:188} INFO - [2024-02-12T19:19:54.427+0000] {dag.py:3036} INFO - Sync 1 DAGs
[2024-02-12T19:19:54.529+0000] {logging_mixin.py:188} INFO - [2024-02-12T19:19:54.528+0000] {dag.py:3823} INFO - Setting next_dagrun for example_setup_teardown to 2024-02-11 00:00:00+00:00, run_after=2024-02-12 00:00:00+00:00
[2024-02-12T19:19:54.633+0000] {processor.py:183} INFO - Processing /home/airflow/.local/lib/python3.8/site-packages/airflow/example_dags/example_setup_teardown.py took 0.277 seconds
[2024-02-12T19:20:25.085+0000] {processor.py:161} INFO - Started process (PID=10091) to work on /home/airflow/.local/lib/python3.8/site-packages/airflow/example_dags/example_setup_teardown.py
[2024-02-12T19:20:25.086+0000] {processor.py:830} INFO - Processing file /home/airflow/.local/lib/python3.8/site-packages/airflow/example_dags/example_setup_teardown.py for tasks to queue
[2024-02-12T19:20:25.087+0000] {logging_mixin.py:188} INFO - [2024-02-12T19:20:25.087+0000] {dagbag.py:538} INFO - Filling up the DagBag from /home/airflow/.local/lib/python3.8/site-packages/airflow/example_dags/example_setup_teardown.py
[2024-02-12T19:20:25.096+0000] {processor.py:840} INFO - DAG(s) 'example_setup_teardown' retrieved from /home/airflow/.local/lib/python3.8/site-packages/airflow/example_dags/example_setup_teardown.py
[2024-02-12T19:20:25.121+0000] {logging_mixin.py:188} INFO - [2024-02-12T19:20:25.121+0000] {dag.py:3036} INFO - Sync 1 DAGs
[2024-02-12T19:20:25.161+0000] {logging_mixin.py:188} INFO - [2024-02-12T19:20:25.161+0000] {dag.py:3823} INFO - Setting next_dagrun for example_setup_teardown to 2024-02-11 00:00:00+00:00, run_after=2024-02-12 00:00:00+00:00
[2024-02-12T19:20:25.187+0000] {processor.py:183} INFO - Processing /home/airflow/.local/lib/python3.8/site-packages/airflow/example_dags/example_setup_teardown.py took 0.106 seconds
[2024-02-12T19:20:55.416+0000] {processor.py:161} INFO - Started process (PID=10339) to work on /home/airflow/.local/lib/python3.8/site-packages/airflow/example_dags/example_setup_teardown.py
[2024-02-12T19:20:55.418+0000] {processor.py:830} INFO - Processing file /home/airflow/.local/lib/python3.8/site-packages/airflow/example_dags/example_setup_teardown.py for tasks to queue
[2024-02-12T19:20:55.419+0000] {logging_mixin.py:188} INFO - [2024-02-12T19:20:55.418+0000] {dagbag.py:538} INFO - Filling up the DagBag from /home/airflow/.local/lib/python3.8/site-packages/airflow/example_dags/example_setup_teardown.py
[2024-02-12T19:20:55.433+0000] {processor.py:840} INFO - DAG(s) 'example_setup_teardown' retrieved from /home/airflow/.local/lib/python3.8/site-packages/airflow/example_dags/example_setup_teardown.py
[2024-02-12T19:20:55.478+0000] {logging_mixin.py:188} INFO - [2024-02-12T19:20:55.478+0000] {dag.py:3036} INFO - Sync 1 DAGs
[2024-02-12T19:20:55.502+0000] {logging_mixin.py:188} INFO - [2024-02-12T19:20:55.502+0000] {dag.py:3823} INFO - Setting next_dagrun for example_setup_teardown to 2024-02-11 00:00:00+00:00, run_after=2024-02-12 00:00:00+00:00
[2024-02-12T19:20:55.525+0000] {processor.py:183} INFO - Processing /home/airflow/.local/lib/python3.8/site-packages/airflow/example_dags/example_setup_teardown.py took 0.112 seconds
[2024-02-12T19:21:26.234+0000] {processor.py:161} INFO - Started process (PID=10587) to work on /home/airflow/.local/lib/python3.8/site-packages/airflow/example_dags/example_setup_teardown.py
[2024-02-12T19:21:26.236+0000] {processor.py:830} INFO - Processing file /home/airflow/.local/lib/python3.8/site-packages/airflow/example_dags/example_setup_teardown.py for tasks to queue
[2024-02-12T19:21:26.237+0000] {logging_mixin.py:188} INFO - [2024-02-12T19:21:26.237+0000] {dagbag.py:538} INFO - Filling up the DagBag from /home/airflow/.local/lib/python3.8/site-packages/airflow/example_dags/example_setup_teardown.py
[2024-02-12T19:21:26.245+0000] {processor.py:840} INFO - DAG(s) 'example_setup_teardown' retrieved from /home/airflow/.local/lib/python3.8/site-packages/airflow/example_dags/example_setup_teardown.py
[2024-02-12T19:21:26.271+0000] {logging_mixin.py:188} INFO - [2024-02-12T19:21:26.270+0000] {dag.py:3036} INFO - Sync 1 DAGs
[2024-02-12T19:21:26.308+0000] {logging_mixin.py:188} INFO - [2024-02-12T19:21:26.308+0000] {dag.py:3823} INFO - Setting next_dagrun for example_setup_teardown to 2024-02-11 00:00:00+00:00, run_after=2024-02-12 00:00:00+00:00
[2024-02-12T19:21:26.348+0000] {processor.py:183} INFO - Processing /home/airflow/.local/lib/python3.8/site-packages/airflow/example_dags/example_setup_teardown.py took 0.117 seconds
[2024-02-12T19:21:56.483+0000] {processor.py:161} INFO - Started process (PID=10834) to work on /home/airflow/.local/lib/python3.8/site-packages/airflow/example_dags/example_setup_teardown.py
[2024-02-12T19:21:56.484+0000] {processor.py:830} INFO - Processing file /home/airflow/.local/lib/python3.8/site-packages/airflow/example_dags/example_setup_teardown.py for tasks to queue
[2024-02-12T19:21:56.485+0000] {logging_mixin.py:188} INFO - [2024-02-12T19:21:56.485+0000] {dagbag.py:538} INFO - Filling up the DagBag from /home/airflow/.local/lib/python3.8/site-packages/airflow/example_dags/example_setup_teardown.py
[2024-02-12T19:21:56.495+0000] {processor.py:840} INFO - DAG(s) 'example_setup_teardown' retrieved from /home/airflow/.local/lib/python3.8/site-packages/airflow/example_dags/example_setup_teardown.py
[2024-02-12T19:21:56.525+0000] {logging_mixin.py:188} INFO - [2024-02-12T19:21:56.525+0000] {dag.py:3036} INFO - Sync 1 DAGs
[2024-02-12T19:21:56.550+0000] {logging_mixin.py:188} INFO - [2024-02-12T19:21:56.550+0000] {dag.py:3823} INFO - Setting next_dagrun for example_setup_teardown to 2024-02-11 00:00:00+00:00, run_after=2024-02-12 00:00:00+00:00
[2024-02-12T19:21:56.581+0000] {processor.py:183} INFO - Processing /home/airflow/.local/lib/python3.8/site-packages/airflow/example_dags/example_setup_teardown.py took 0.101 seconds
[2024-02-12T19:22:26.960+0000] {processor.py:161} INFO - Started process (PID=11081) to work on /home/airflow/.local/lib/python3.8/site-packages/airflow/example_dags/example_setup_teardown.py
[2024-02-12T19:22:26.962+0000] {processor.py:830} INFO - Processing file /home/airflow/.local/lib/python3.8/site-packages/airflow/example_dags/example_setup_teardown.py for tasks to queue
[2024-02-12T19:22:26.963+0000] {logging_mixin.py:188} INFO - [2024-02-12T19:22:26.962+0000] {dagbag.py:538} INFO - Filling up the DagBag from /home/airflow/.local/lib/python3.8/site-packages/airflow/example_dags/example_setup_teardown.py
[2024-02-12T19:22:26.972+0000] {processor.py:840} INFO - DAG(s) 'example_setup_teardown' retrieved from /home/airflow/.local/lib/python3.8/site-packages/airflow/example_dags/example_setup_teardown.py
[2024-02-12T19:22:27.028+0000] {logging_mixin.py:188} INFO - [2024-02-12T19:22:27.027+0000] {dag.py:3036} INFO - Sync 1 DAGs
[2024-02-12T19:22:27.054+0000] {logging_mixin.py:188} INFO - [2024-02-12T19:22:27.054+0000] {dag.py:3823} INFO - Setting next_dagrun for example_setup_teardown to 2024-02-11 00:00:00+00:00, run_after=2024-02-12 00:00:00+00:00
[2024-02-12T19:22:27.082+0000] {processor.py:183} INFO - Processing /home/airflow/.local/lib/python3.8/site-packages/airflow/example_dags/example_setup_teardown.py took 0.125 seconds
[2024-02-12T19:22:57.141+0000] {processor.py:161} INFO - Started process (PID=11328) to work on /home/airflow/.local/lib/python3.8/site-packages/airflow/example_dags/example_setup_teardown.py
[2024-02-12T19:22:57.142+0000] {processor.py:830} INFO - Processing file /home/airflow/.local/lib/python3.8/site-packages/airflow/example_dags/example_setup_teardown.py for tasks to queue
[2024-02-12T19:22:57.143+0000] {logging_mixin.py:188} INFO - [2024-02-12T19:22:57.142+0000] {dagbag.py:538} INFO - Filling up the DagBag from /home/airflow/.local/lib/python3.8/site-packages/airflow/example_dags/example_setup_teardown.py
[2024-02-12T19:22:57.148+0000] {processor.py:840} INFO - DAG(s) 'example_setup_teardown' retrieved from /home/airflow/.local/lib/python3.8/site-packages/airflow/example_dags/example_setup_teardown.py
[2024-02-12T19:22:57.165+0000] {logging_mixin.py:188} INFO - [2024-02-12T19:22:57.165+0000] {dag.py:3036} INFO - Sync 1 DAGs
[2024-02-12T19:22:57.182+0000] {logging_mixin.py:188} INFO - [2024-02-12T19:22:57.182+0000] {dag.py:3823} INFO - Setting next_dagrun for example_setup_teardown to 2024-02-11 00:00:00+00:00, run_after=2024-02-12 00:00:00+00:00
[2024-02-12T19:22:57.206+0000] {processor.py:183} INFO - Processing /home/airflow/.local/lib/python3.8/site-packages/airflow/example_dags/example_setup_teardown.py took 0.067 seconds
[2024-02-12T19:23:27.736+0000] {processor.py:161} INFO - Started process (PID=11575) to work on /home/airflow/.local/lib/python3.8/site-packages/airflow/example_dags/example_setup_teardown.py
[2024-02-12T19:23:27.737+0000] {processor.py:830} INFO - Processing file /home/airflow/.local/lib/python3.8/site-packages/airflow/example_dags/example_setup_teardown.py for tasks to queue
[2024-02-12T19:23:27.739+0000] {logging_mixin.py:188} INFO - [2024-02-12T19:23:27.738+0000] {dagbag.py:538} INFO - Filling up the DagBag from /home/airflow/.local/lib/python3.8/site-packages/airflow/example_dags/example_setup_teardown.py
[2024-02-12T19:23:27.746+0000] {processor.py:840} INFO - DAG(s) 'example_setup_teardown' retrieved from /home/airflow/.local/lib/python3.8/site-packages/airflow/example_dags/example_setup_teardown.py
[2024-02-12T19:23:27.768+0000] {logging_mixin.py:188} INFO - [2024-02-12T19:23:27.767+0000] {dag.py:3036} INFO - Sync 1 DAGs
[2024-02-12T19:23:27.793+0000] {logging_mixin.py:188} INFO - [2024-02-12T19:23:27.792+0000] {dag.py:3823} INFO - Setting next_dagrun for example_setup_teardown to 2024-02-11 00:00:00+00:00, run_after=2024-02-12 00:00:00+00:00
[2024-02-12T19:23:27.829+0000] {processor.py:183} INFO - Processing /home/airflow/.local/lib/python3.8/site-packages/airflow/example_dags/example_setup_teardown.py took 0.096 seconds
[2024-02-12T19:23:58.130+0000] {processor.py:161} INFO - Started process (PID=11820) to work on /home/airflow/.local/lib/python3.8/site-packages/airflow/example_dags/example_setup_teardown.py
[2024-02-12T19:23:58.131+0000] {processor.py:830} INFO - Processing file /home/airflow/.local/lib/python3.8/site-packages/airflow/example_dags/example_setup_teardown.py for tasks to queue
[2024-02-12T19:23:58.132+0000] {logging_mixin.py:188} INFO - [2024-02-12T19:23:58.132+0000] {dagbag.py:538} INFO - Filling up the DagBag from /home/airflow/.local/lib/python3.8/site-packages/airflow/example_dags/example_setup_teardown.py
[2024-02-12T19:23:58.140+0000] {processor.py:840} INFO - DAG(s) 'example_setup_teardown' retrieved from /home/airflow/.local/lib/python3.8/site-packages/airflow/example_dags/example_setup_teardown.py
[2024-02-12T19:23:58.162+0000] {logging_mixin.py:188} INFO - [2024-02-12T19:23:58.162+0000] {dag.py:3036} INFO - Sync 1 DAGs
[2024-02-12T19:23:58.188+0000] {logging_mixin.py:188} INFO - [2024-02-12T19:23:58.188+0000] {dag.py:3823} INFO - Setting next_dagrun for example_setup_teardown to 2024-02-11 00:00:00+00:00, run_after=2024-02-12 00:00:00+00:00
[2024-02-12T19:23:58.212+0000] {processor.py:183} INFO - Processing /home/airflow/.local/lib/python3.8/site-packages/airflow/example_dags/example_setup_teardown.py took 0.086 seconds
[2024-02-12T19:24:28.475+0000] {processor.py:161} INFO - Started process (PID=12069) to work on /home/airflow/.local/lib/python3.8/site-packages/airflow/example_dags/example_setup_teardown.py
[2024-02-12T19:24:28.476+0000] {processor.py:830} INFO - Processing file /home/airflow/.local/lib/python3.8/site-packages/airflow/example_dags/example_setup_teardown.py for tasks to queue
[2024-02-12T19:24:28.477+0000] {logging_mixin.py:188} INFO - [2024-02-12T19:24:28.477+0000] {dagbag.py:538} INFO - Filling up the DagBag from /home/airflow/.local/lib/python3.8/site-packages/airflow/example_dags/example_setup_teardown.py
[2024-02-12T19:24:28.482+0000] {processor.py:840} INFO - DAG(s) 'example_setup_teardown' retrieved from /home/airflow/.local/lib/python3.8/site-packages/airflow/example_dags/example_setup_teardown.py
[2024-02-12T19:24:28.499+0000] {logging_mixin.py:188} INFO - [2024-02-12T19:24:28.499+0000] {dag.py:3036} INFO - Sync 1 DAGs
[2024-02-12T19:24:28.516+0000] {logging_mixin.py:188} INFO - [2024-02-12T19:24:28.516+0000] {dag.py:3823} INFO - Setting next_dagrun for example_setup_teardown to 2024-02-11 00:00:00+00:00, run_after=2024-02-12 00:00:00+00:00
[2024-02-12T19:24:28.537+0000] {processor.py:183} INFO - Processing /home/airflow/.local/lib/python3.8/site-packages/airflow/example_dags/example_setup_teardown.py took 0.064 seconds
[2024-02-12T19:24:58.646+0000] {processor.py:161} INFO - Started process (PID=12317) to work on /home/airflow/.local/lib/python3.8/site-packages/airflow/example_dags/example_setup_teardown.py
[2024-02-12T19:24:58.646+0000] {processor.py:830} INFO - Processing file /home/airflow/.local/lib/python3.8/site-packages/airflow/example_dags/example_setup_teardown.py for tasks to queue
[2024-02-12T19:24:58.647+0000] {logging_mixin.py:188} INFO - [2024-02-12T19:24:58.647+0000] {dagbag.py:538} INFO - Filling up the DagBag from /home/airflow/.local/lib/python3.8/site-packages/airflow/example_dags/example_setup_teardown.py
[2024-02-12T19:24:58.652+0000] {processor.py:840} INFO - DAG(s) 'example_setup_teardown' retrieved from /home/airflow/.local/lib/python3.8/site-packages/airflow/example_dags/example_setup_teardown.py
[2024-02-12T19:24:58.668+0000] {logging_mixin.py:188} INFO - [2024-02-12T19:24:58.668+0000] {dag.py:3036} INFO - Sync 1 DAGs
[2024-02-12T19:24:58.685+0000] {logging_mixin.py:188} INFO - [2024-02-12T19:24:58.685+0000] {dag.py:3823} INFO - Setting next_dagrun for example_setup_teardown to 2024-02-11 00:00:00+00:00, run_after=2024-02-12 00:00:00+00:00
[2024-02-12T19:24:58.705+0000] {processor.py:183} INFO - Processing /home/airflow/.local/lib/python3.8/site-packages/airflow/example_dags/example_setup_teardown.py took 0.062 seconds
[2024-02-12T19:25:28.814+0000] {processor.py:161} INFO - Started process (PID=12563) to work on /home/airflow/.local/lib/python3.8/site-packages/airflow/example_dags/example_setup_teardown.py
[2024-02-12T19:25:28.814+0000] {processor.py:830} INFO - Processing file /home/airflow/.local/lib/python3.8/site-packages/airflow/example_dags/example_setup_teardown.py for tasks to queue
[2024-02-12T19:25:28.815+0000] {logging_mixin.py:188} INFO - [2024-02-12T19:25:28.815+0000] {dagbag.py:538} INFO - Filling up the DagBag from /home/airflow/.local/lib/python3.8/site-packages/airflow/example_dags/example_setup_teardown.py
[2024-02-12T19:25:28.821+0000] {processor.py:840} INFO - DAG(s) 'example_setup_teardown' retrieved from /home/airflow/.local/lib/python3.8/site-packages/airflow/example_dags/example_setup_teardown.py
[2024-02-12T19:25:28.831+0000] {logging_mixin.py:188} INFO - [2024-02-12T19:25:28.831+0000] {dag.py:3036} INFO - Sync 1 DAGs
[2024-02-12T19:25:28.848+0000] {logging_mixin.py:188} INFO - [2024-02-12T19:25:28.848+0000] {dag.py:3823} INFO - Setting next_dagrun for example_setup_teardown to 2024-02-11 00:00:00+00:00, run_after=2024-02-12 00:00:00+00:00
[2024-02-12T19:25:28.868+0000] {processor.py:183} INFO - Processing /home/airflow/.local/lib/python3.8/site-packages/airflow/example_dags/example_setup_teardown.py took 0.057 seconds
[2024-02-12T19:25:59.285+0000] {processor.py:161} INFO - Started process (PID=12810) to work on /home/airflow/.local/lib/python3.8/site-packages/airflow/example_dags/example_setup_teardown.py
[2024-02-12T19:25:59.285+0000] {processor.py:830} INFO - Processing file /home/airflow/.local/lib/python3.8/site-packages/airflow/example_dags/example_setup_teardown.py for tasks to queue
[2024-02-12T19:25:59.286+0000] {logging_mixin.py:188} INFO - [2024-02-12T19:25:59.286+0000] {dagbag.py:538} INFO - Filling up the DagBag from /home/airflow/.local/lib/python3.8/site-packages/airflow/example_dags/example_setup_teardown.py
[2024-02-12T19:25:59.292+0000] {processor.py:840} INFO - DAG(s) 'example_setup_teardown' retrieved from /home/airflow/.local/lib/python3.8/site-packages/airflow/example_dags/example_setup_teardown.py
[2024-02-12T19:25:59.377+0000] {logging_mixin.py:188} INFO - [2024-02-12T19:25:59.377+0000] {dag.py:3036} INFO - Sync 1 DAGs
[2024-02-12T19:25:59.506+0000] {logging_mixin.py:188} INFO - [2024-02-12T19:25:59.506+0000] {dag.py:3823} INFO - Setting next_dagrun for example_setup_teardown to 2024-02-11 00:00:00+00:00, run_after=2024-02-12 00:00:00+00:00
[2024-02-12T19:25:59.527+0000] {processor.py:183} INFO - Processing /home/airflow/.local/lib/python3.8/site-packages/airflow/example_dags/example_setup_teardown.py took 0.245 seconds
