[2024-02-12T19:00:08.011+0000] {processor.py:161} INFO - Started process (PID=191) to work on /home/airflow/.local/lib/python3.8/site-packages/airflow/example_dags/example_branch_python_dop_operator_3.py
[2024-02-12T19:00:08.014+0000] {processor.py:830} INFO - Processing file /home/airflow/.local/lib/python3.8/site-packages/airflow/example_dags/example_branch_python_dop_operator_3.py for tasks to queue
[2024-02-12T19:00:08.018+0000] {logging_mixin.py:188} INFO - [2024-02-12T19:00:08.018+0000] {dagbag.py:538} INFO - Filling up the DagBag from /home/airflow/.local/lib/python3.8/site-packages/airflow/example_dags/example_branch_python_dop_operator_3.py
[2024-02-12T19:00:08.043+0000] {processor.py:840} INFO - DAG(s) 'example_branch_dop_operator_v3' retrieved from /home/airflow/.local/lib/python3.8/site-packages/airflow/example_dags/example_branch_python_dop_operator_3.py
[2024-02-12T19:00:08.234+0000] {logging_mixin.py:188} INFO - [2024-02-12T19:00:08.233+0000] {dag.py:3036} INFO - Sync 1 DAGs
[2024-02-12T19:00:08.265+0000] {logging_mixin.py:188} INFO - [2024-02-12T19:00:08.264+0000] {dag.py:3823} INFO - Setting next_dagrun for example_branch_dop_operator_v3 to 2024-02-12 18:59:00+00:00, run_after=2024-02-12 19:00:00+00:00
[2024-02-12T19:00:08.350+0000] {processor.py:183} INFO - Processing /home/airflow/.local/lib/python3.8/site-packages/airflow/example_dags/example_branch_python_dop_operator_3.py took 0.366 seconds
[2024-02-12T19:00:39.088+0000] {processor.py:161} INFO - Started process (PID=437) to work on /home/airflow/.local/lib/python3.8/site-packages/airflow/example_dags/example_branch_python_dop_operator_3.py
[2024-02-12T19:00:39.092+0000] {processor.py:830} INFO - Processing file /home/airflow/.local/lib/python3.8/site-packages/airflow/example_dags/example_branch_python_dop_operator_3.py for tasks to queue
[2024-02-12T19:00:39.093+0000] {logging_mixin.py:188} INFO - [2024-02-12T19:00:39.093+0000] {dagbag.py:538} INFO - Filling up the DagBag from /home/airflow/.local/lib/python3.8/site-packages/airflow/example_dags/example_branch_python_dop_operator_3.py
[2024-02-12T19:00:39.115+0000] {processor.py:840} INFO - DAG(s) 'example_branch_dop_operator_v3' retrieved from /home/airflow/.local/lib/python3.8/site-packages/airflow/example_dags/example_branch_python_dop_operator_3.py
[2024-02-12T19:00:39.164+0000] {logging_mixin.py:188} INFO - [2024-02-12T19:00:39.163+0000] {dag.py:3036} INFO - Sync 1 DAGs
[2024-02-12T19:00:39.198+0000] {logging_mixin.py:188} INFO - [2024-02-12T19:00:39.198+0000] {dag.py:3823} INFO - Setting next_dagrun for example_branch_dop_operator_v3 to 2024-02-12 18:59:00+00:00, run_after=2024-02-12 19:00:00+00:00
[2024-02-12T19:00:39.235+0000] {processor.py:183} INFO - Processing /home/airflow/.local/lib/python3.8/site-packages/airflow/example_dags/example_branch_python_dop_operator_3.py took 0.157 seconds
[2024-02-12T19:01:09.544+0000] {processor.py:161} INFO - Started process (PID=684) to work on /home/airflow/.local/lib/python3.8/site-packages/airflow/example_dags/example_branch_python_dop_operator_3.py
[2024-02-12T19:01:09.545+0000] {processor.py:830} INFO - Processing file /home/airflow/.local/lib/python3.8/site-packages/airflow/example_dags/example_branch_python_dop_operator_3.py for tasks to queue
[2024-02-12T19:01:09.546+0000] {logging_mixin.py:188} INFO - [2024-02-12T19:01:09.545+0000] {dagbag.py:538} INFO - Filling up the DagBag from /home/airflow/.local/lib/python3.8/site-packages/airflow/example_dags/example_branch_python_dop_operator_3.py
[2024-02-12T19:01:09.558+0000] {processor.py:840} INFO - DAG(s) 'example_branch_dop_operator_v3' retrieved from /home/airflow/.local/lib/python3.8/site-packages/airflow/example_dags/example_branch_python_dop_operator_3.py
[2024-02-12T19:01:09.593+0000] {logging_mixin.py:188} INFO - [2024-02-12T19:01:09.593+0000] {dag.py:3036} INFO - Sync 1 DAGs
[2024-02-12T19:01:09.623+0000] {logging_mixin.py:188} INFO - [2024-02-12T19:01:09.623+0000] {dag.py:3823} INFO - Setting next_dagrun for example_branch_dop_operator_v3 to 2024-02-12 19:00:00+00:00, run_after=2024-02-12 19:01:00+00:00
[2024-02-12T19:01:09.651+0000] {processor.py:183} INFO - Processing /home/airflow/.local/lib/python3.8/site-packages/airflow/example_dags/example_branch_python_dop_operator_3.py took 0.111 seconds
[2024-02-12T19:01:40.109+0000] {processor.py:161} INFO - Started process (PID=933) to work on /home/airflow/.local/lib/python3.8/site-packages/airflow/example_dags/example_branch_python_dop_operator_3.py
[2024-02-12T19:01:40.110+0000] {processor.py:830} INFO - Processing file /home/airflow/.local/lib/python3.8/site-packages/airflow/example_dags/example_branch_python_dop_operator_3.py for tasks to queue
[2024-02-12T19:01:40.111+0000] {logging_mixin.py:188} INFO - [2024-02-12T19:01:40.110+0000] {dagbag.py:538} INFO - Filling up the DagBag from /home/airflow/.local/lib/python3.8/site-packages/airflow/example_dags/example_branch_python_dop_operator_3.py
[2024-02-12T19:01:40.121+0000] {processor.py:840} INFO - DAG(s) 'example_branch_dop_operator_v3' retrieved from /home/airflow/.local/lib/python3.8/site-packages/airflow/example_dags/example_branch_python_dop_operator_3.py
[2024-02-12T19:01:40.147+0000] {logging_mixin.py:188} INFO - [2024-02-12T19:01:40.147+0000] {dag.py:3036} INFO - Sync 1 DAGs
[2024-02-12T19:01:40.182+0000] {logging_mixin.py:188} INFO - [2024-02-12T19:01:40.181+0000] {dag.py:3823} INFO - Setting next_dagrun for example_branch_dop_operator_v3 to 2024-02-12 19:00:00+00:00, run_after=2024-02-12 19:01:00+00:00
[2024-02-12T19:01:40.206+0000] {processor.py:183} INFO - Processing /home/airflow/.local/lib/python3.8/site-packages/airflow/example_dags/example_branch_python_dop_operator_3.py took 0.101 seconds
[2024-02-12T19:02:10.564+0000] {processor.py:161} INFO - Started process (PID=1178) to work on /home/airflow/.local/lib/python3.8/site-packages/airflow/example_dags/example_branch_python_dop_operator_3.py
[2024-02-12T19:02:10.565+0000] {processor.py:830} INFO - Processing file /home/airflow/.local/lib/python3.8/site-packages/airflow/example_dags/example_branch_python_dop_operator_3.py for tasks to queue
[2024-02-12T19:02:10.565+0000] {logging_mixin.py:188} INFO - [2024-02-12T19:02:10.565+0000] {dagbag.py:538} INFO - Filling up the DagBag from /home/airflow/.local/lib/python3.8/site-packages/airflow/example_dags/example_branch_python_dop_operator_3.py
[2024-02-12T19:02:10.577+0000] {processor.py:840} INFO - DAG(s) 'example_branch_dop_operator_v3' retrieved from /home/airflow/.local/lib/python3.8/site-packages/airflow/example_dags/example_branch_python_dop_operator_3.py
[2024-02-12T19:02:10.600+0000] {logging_mixin.py:188} INFO - [2024-02-12T19:02:10.600+0000] {dag.py:3036} INFO - Sync 1 DAGs
[2024-02-12T19:02:10.632+0000] {logging_mixin.py:188} INFO - [2024-02-12T19:02:10.632+0000] {dag.py:3823} INFO - Setting next_dagrun for example_branch_dop_operator_v3 to 2024-02-12 19:01:00+00:00, run_after=2024-02-12 19:02:00+00:00
[2024-02-12T19:02:10.657+0000] {processor.py:183} INFO - Processing /home/airflow/.local/lib/python3.8/site-packages/airflow/example_dags/example_branch_python_dop_operator_3.py took 0.096 seconds
[2024-02-12T19:02:41.033+0000] {processor.py:161} INFO - Started process (PID=1427) to work on /home/airflow/.local/lib/python3.8/site-packages/airflow/example_dags/example_branch_python_dop_operator_3.py
[2024-02-12T19:02:41.034+0000] {processor.py:830} INFO - Processing file /home/airflow/.local/lib/python3.8/site-packages/airflow/example_dags/example_branch_python_dop_operator_3.py for tasks to queue
[2024-02-12T19:02:41.035+0000] {logging_mixin.py:188} INFO - [2024-02-12T19:02:41.035+0000] {dagbag.py:538} INFO - Filling up the DagBag from /home/airflow/.local/lib/python3.8/site-packages/airflow/example_dags/example_branch_python_dop_operator_3.py
[2024-02-12T19:02:41.046+0000] {processor.py:840} INFO - DAG(s) 'example_branch_dop_operator_v3' retrieved from /home/airflow/.local/lib/python3.8/site-packages/airflow/example_dags/example_branch_python_dop_operator_3.py
[2024-02-12T19:02:41.069+0000] {logging_mixin.py:188} INFO - [2024-02-12T19:02:41.069+0000] {dag.py:3036} INFO - Sync 1 DAGs
[2024-02-12T19:02:41.099+0000] {logging_mixin.py:188} INFO - [2024-02-12T19:02:41.099+0000] {dag.py:3823} INFO - Setting next_dagrun for example_branch_dop_operator_v3 to 2024-02-12 19:01:00+00:00, run_after=2024-02-12 19:02:00+00:00
[2024-02-12T19:02:41.122+0000] {processor.py:183} INFO - Processing /home/airflow/.local/lib/python3.8/site-packages/airflow/example_dags/example_branch_python_dop_operator_3.py took 0.092 seconds
[2024-02-12T19:03:11.334+0000] {processor.py:161} INFO - Started process (PID=1673) to work on /home/airflow/.local/lib/python3.8/site-packages/airflow/example_dags/example_branch_python_dop_operator_3.py
[2024-02-12T19:03:11.335+0000] {processor.py:830} INFO - Processing file /home/airflow/.local/lib/python3.8/site-packages/airflow/example_dags/example_branch_python_dop_operator_3.py for tasks to queue
[2024-02-12T19:03:11.336+0000] {logging_mixin.py:188} INFO - [2024-02-12T19:03:11.335+0000] {dagbag.py:538} INFO - Filling up the DagBag from /home/airflow/.local/lib/python3.8/site-packages/airflow/example_dags/example_branch_python_dop_operator_3.py
[2024-02-12T19:03:11.346+0000] {processor.py:840} INFO - DAG(s) 'example_branch_dop_operator_v3' retrieved from /home/airflow/.local/lib/python3.8/site-packages/airflow/example_dags/example_branch_python_dop_operator_3.py
[2024-02-12T19:03:11.368+0000] {logging_mixin.py:188} INFO - [2024-02-12T19:03:11.368+0000] {dag.py:3036} INFO - Sync 1 DAGs
[2024-02-12T19:03:11.402+0000] {logging_mixin.py:188} INFO - [2024-02-12T19:03:11.402+0000] {dag.py:3823} INFO - Setting next_dagrun for example_branch_dop_operator_v3 to 2024-02-12 19:02:00+00:00, run_after=2024-02-12 19:03:00+00:00
[2024-02-12T19:03:11.429+0000] {processor.py:183} INFO - Processing /home/airflow/.local/lib/python3.8/site-packages/airflow/example_dags/example_branch_python_dop_operator_3.py took 0.097 seconds
[2024-02-12T19:03:41.609+0000] {processor.py:161} INFO - Started process (PID=1920) to work on /home/airflow/.local/lib/python3.8/site-packages/airflow/example_dags/example_branch_python_dop_operator_3.py
[2024-02-12T19:03:41.610+0000] {processor.py:830} INFO - Processing file /home/airflow/.local/lib/python3.8/site-packages/airflow/example_dags/example_branch_python_dop_operator_3.py for tasks to queue
[2024-02-12T19:03:41.611+0000] {logging_mixin.py:188} INFO - [2024-02-12T19:03:41.610+0000] {dagbag.py:538} INFO - Filling up the DagBag from /home/airflow/.local/lib/python3.8/site-packages/airflow/example_dags/example_branch_python_dop_operator_3.py
[2024-02-12T19:03:41.621+0000] {processor.py:840} INFO - DAG(s) 'example_branch_dop_operator_v3' retrieved from /home/airflow/.local/lib/python3.8/site-packages/airflow/example_dags/example_branch_python_dop_operator_3.py
[2024-02-12T19:03:41.644+0000] {logging_mixin.py:188} INFO - [2024-02-12T19:03:41.643+0000] {dag.py:3036} INFO - Sync 1 DAGs
[2024-02-12T19:03:41.676+0000] {logging_mixin.py:188} INFO - [2024-02-12T19:03:41.675+0000] {dag.py:3823} INFO - Setting next_dagrun for example_branch_dop_operator_v3 to 2024-02-12 19:02:00+00:00, run_after=2024-02-12 19:03:00+00:00
[2024-02-12T19:03:41.698+0000] {processor.py:183} INFO - Processing /home/airflow/.local/lib/python3.8/site-packages/airflow/example_dags/example_branch_python_dop_operator_3.py took 0.092 seconds
[2024-02-12T19:04:11.988+0000] {processor.py:161} INFO - Started process (PID=2170) to work on /home/airflow/.local/lib/python3.8/site-packages/airflow/example_dags/example_branch_python_dop_operator_3.py
[2024-02-12T19:04:11.989+0000] {processor.py:830} INFO - Processing file /home/airflow/.local/lib/python3.8/site-packages/airflow/example_dags/example_branch_python_dop_operator_3.py for tasks to queue
[2024-02-12T19:04:11.990+0000] {logging_mixin.py:188} INFO - [2024-02-12T19:04:11.990+0000] {dagbag.py:538} INFO - Filling up the DagBag from /home/airflow/.local/lib/python3.8/site-packages/airflow/example_dags/example_branch_python_dop_operator_3.py
[2024-02-12T19:04:12.004+0000] {processor.py:840} INFO - DAG(s) 'example_branch_dop_operator_v3' retrieved from /home/airflow/.local/lib/python3.8/site-packages/airflow/example_dags/example_branch_python_dop_operator_3.py
[2024-02-12T19:04:12.033+0000] {logging_mixin.py:188} INFO - [2024-02-12T19:04:12.032+0000] {dag.py:3036} INFO - Sync 1 DAGs
[2024-02-12T19:04:12.067+0000] {logging_mixin.py:188} INFO - [2024-02-12T19:04:12.067+0000] {dag.py:3823} INFO - Setting next_dagrun for example_branch_dop_operator_v3 to 2024-02-12 19:03:00+00:00, run_after=2024-02-12 19:04:00+00:00
[2024-02-12T19:04:12.090+0000] {processor.py:183} INFO - Processing /home/airflow/.local/lib/python3.8/site-packages/airflow/example_dags/example_branch_python_dop_operator_3.py took 0.106 seconds
[2024-02-12T19:04:42.455+0000] {processor.py:161} INFO - Started process (PID=2439) to work on /home/airflow/.local/lib/python3.8/site-packages/airflow/example_dags/example_branch_python_dop_operator_3.py
[2024-02-12T19:04:42.469+0000] {processor.py:830} INFO - Processing file /home/airflow/.local/lib/python3.8/site-packages/airflow/example_dags/example_branch_python_dop_operator_3.py for tasks to queue
[2024-02-12T19:04:42.471+0000] {logging_mixin.py:188} INFO - [2024-02-12T19:04:42.470+0000] {dagbag.py:538} INFO - Filling up the DagBag from /home/airflow/.local/lib/python3.8/site-packages/airflow/example_dags/example_branch_python_dop_operator_3.py
[2024-02-12T19:04:42.508+0000] {processor.py:840} INFO - DAG(s) 'example_branch_dop_operator_v3' retrieved from /home/airflow/.local/lib/python3.8/site-packages/airflow/example_dags/example_branch_python_dop_operator_3.py
[2024-02-12T19:04:42.542+0000] {logging_mixin.py:188} INFO - [2024-02-12T19:04:42.542+0000] {dag.py:3036} INFO - Sync 1 DAGs
[2024-02-12T19:04:42.576+0000] {logging_mixin.py:188} INFO - [2024-02-12T19:04:42.576+0000] {dag.py:3823} INFO - Setting next_dagrun for example_branch_dop_operator_v3 to 2024-02-12 19:03:00+00:00, run_after=2024-02-12 19:04:00+00:00
[2024-02-12T19:04:42.604+0000] {processor.py:183} INFO - Processing /home/airflow/.local/lib/python3.8/site-packages/airflow/example_dags/example_branch_python_dop_operator_3.py took 0.179 seconds
[2024-02-12T19:05:13.028+0000] {processor.py:161} INFO - Started process (PID=2694) to work on /home/airflow/.local/lib/python3.8/site-packages/airflow/example_dags/example_branch_python_dop_operator_3.py
[2024-02-12T19:05:13.029+0000] {processor.py:830} INFO - Processing file /home/airflow/.local/lib/python3.8/site-packages/airflow/example_dags/example_branch_python_dop_operator_3.py for tasks to queue
[2024-02-12T19:05:13.030+0000] {logging_mixin.py:188} INFO - [2024-02-12T19:05:13.030+0000] {dagbag.py:538} INFO - Filling up the DagBag from /home/airflow/.local/lib/python3.8/site-packages/airflow/example_dags/example_branch_python_dop_operator_3.py
[2024-02-12T19:05:13.045+0000] {processor.py:840} INFO - DAG(s) 'example_branch_dop_operator_v3' retrieved from /home/airflow/.local/lib/python3.8/site-packages/airflow/example_dags/example_branch_python_dop_operator_3.py
[2024-02-12T19:05:13.068+0000] {logging_mixin.py:188} INFO - [2024-02-12T19:05:13.067+0000] {dag.py:3036} INFO - Sync 1 DAGs
[2024-02-12T19:05:13.101+0000] {logging_mixin.py:188} INFO - [2024-02-12T19:05:13.101+0000] {dag.py:3823} INFO - Setting next_dagrun for example_branch_dop_operator_v3 to 2024-02-12 19:04:00+00:00, run_after=2024-02-12 19:05:00+00:00
[2024-02-12T19:05:13.130+0000] {processor.py:183} INFO - Processing /home/airflow/.local/lib/python3.8/site-packages/airflow/example_dags/example_branch_python_dop_operator_3.py took 0.106 seconds
[2024-02-12T19:05:43.589+0000] {processor.py:161} INFO - Started process (PID=2940) to work on /home/airflow/.local/lib/python3.8/site-packages/airflow/example_dags/example_branch_python_dop_operator_3.py
[2024-02-12T19:05:43.598+0000] {processor.py:830} INFO - Processing file /home/airflow/.local/lib/python3.8/site-packages/airflow/example_dags/example_branch_python_dop_operator_3.py for tasks to queue
[2024-02-12T19:05:43.599+0000] {logging_mixin.py:188} INFO - [2024-02-12T19:05:43.599+0000] {dagbag.py:538} INFO - Filling up the DagBag from /home/airflow/.local/lib/python3.8/site-packages/airflow/example_dags/example_branch_python_dop_operator_3.py
[2024-02-12T19:05:43.610+0000] {processor.py:840} INFO - DAG(s) 'example_branch_dop_operator_v3' retrieved from /home/airflow/.local/lib/python3.8/site-packages/airflow/example_dags/example_branch_python_dop_operator_3.py
[2024-02-12T19:05:43.649+0000] {logging_mixin.py:188} INFO - [2024-02-12T19:05:43.649+0000] {dag.py:3036} INFO - Sync 1 DAGs
[2024-02-12T19:05:43.712+0000] {logging_mixin.py:188} INFO - [2024-02-12T19:05:43.712+0000] {dag.py:3823} INFO - Setting next_dagrun for example_branch_dop_operator_v3 to 2024-02-12 19:04:00+00:00, run_after=2024-02-12 19:05:00+00:00
[2024-02-12T19:05:43.755+0000] {processor.py:183} INFO - Processing /home/airflow/.local/lib/python3.8/site-packages/airflow/example_dags/example_branch_python_dop_operator_3.py took 0.170 seconds
[2024-02-12T19:06:14.145+0000] {processor.py:161} INFO - Started process (PID=3194) to work on /home/airflow/.local/lib/python3.8/site-packages/airflow/example_dags/example_branch_python_dop_operator_3.py
[2024-02-12T19:06:14.146+0000] {processor.py:830} INFO - Processing file /home/airflow/.local/lib/python3.8/site-packages/airflow/example_dags/example_branch_python_dop_operator_3.py for tasks to queue
[2024-02-12T19:06:14.147+0000] {logging_mixin.py:188} INFO - [2024-02-12T19:06:14.147+0000] {dagbag.py:538} INFO - Filling up the DagBag from /home/airflow/.local/lib/python3.8/site-packages/airflow/example_dags/example_branch_python_dop_operator_3.py
[2024-02-12T19:06:14.158+0000] {processor.py:840} INFO - DAG(s) 'example_branch_dop_operator_v3' retrieved from /home/airflow/.local/lib/python3.8/site-packages/airflow/example_dags/example_branch_python_dop_operator_3.py
[2024-02-12T19:06:14.183+0000] {logging_mixin.py:188} INFO - [2024-02-12T19:06:14.183+0000] {dag.py:3036} INFO - Sync 1 DAGs
[2024-02-12T19:06:14.216+0000] {logging_mixin.py:188} INFO - [2024-02-12T19:06:14.216+0000] {dag.py:3823} INFO - Setting next_dagrun for example_branch_dop_operator_v3 to 2024-02-12 19:05:00+00:00, run_after=2024-02-12 19:06:00+00:00
[2024-02-12T19:06:14.243+0000] {processor.py:183} INFO - Processing /home/airflow/.local/lib/python3.8/site-packages/airflow/example_dags/example_branch_python_dop_operator_3.py took 0.101 seconds
[2024-02-12T19:06:44.552+0000] {processor.py:161} INFO - Started process (PID=3441) to work on /home/airflow/.local/lib/python3.8/site-packages/airflow/example_dags/example_branch_python_dop_operator_3.py
[2024-02-12T19:06:44.552+0000] {processor.py:830} INFO - Processing file /home/airflow/.local/lib/python3.8/site-packages/airflow/example_dags/example_branch_python_dop_operator_3.py for tasks to queue
[2024-02-12T19:06:44.553+0000] {logging_mixin.py:188} INFO - [2024-02-12T19:06:44.553+0000] {dagbag.py:538} INFO - Filling up the DagBag from /home/airflow/.local/lib/python3.8/site-packages/airflow/example_dags/example_branch_python_dop_operator_3.py
[2024-02-12T19:06:44.565+0000] {processor.py:840} INFO - DAG(s) 'example_branch_dop_operator_v3' retrieved from /home/airflow/.local/lib/python3.8/site-packages/airflow/example_dags/example_branch_python_dop_operator_3.py
[2024-02-12T19:06:44.590+0000] {logging_mixin.py:188} INFO - [2024-02-12T19:06:44.590+0000] {dag.py:3036} INFO - Sync 1 DAGs
[2024-02-12T19:06:44.624+0000] {logging_mixin.py:188} INFO - [2024-02-12T19:06:44.624+0000] {dag.py:3823} INFO - Setting next_dagrun for example_branch_dop_operator_v3 to 2024-02-12 19:05:00+00:00, run_after=2024-02-12 19:06:00+00:00
[2024-02-12T19:06:44.647+0000] {processor.py:183} INFO - Processing /home/airflow/.local/lib/python3.8/site-packages/airflow/example_dags/example_branch_python_dop_operator_3.py took 0.099 seconds
[2024-02-12T19:07:14.677+0000] {processor.py:161} INFO - Started process (PID=3684) to work on /home/airflow/.local/lib/python3.8/site-packages/airflow/example_dags/example_branch_python_dop_operator_3.py
[2024-02-12T19:07:14.678+0000] {processor.py:830} INFO - Processing file /home/airflow/.local/lib/python3.8/site-packages/airflow/example_dags/example_branch_python_dop_operator_3.py for tasks to queue
[2024-02-12T19:07:14.679+0000] {logging_mixin.py:188} INFO - [2024-02-12T19:07:14.678+0000] {dagbag.py:538} INFO - Filling up the DagBag from /home/airflow/.local/lib/python3.8/site-packages/airflow/example_dags/example_branch_python_dop_operator_3.py
[2024-02-12T19:07:14.686+0000] {processor.py:840} INFO - DAG(s) 'example_branch_dop_operator_v3' retrieved from /home/airflow/.local/lib/python3.8/site-packages/airflow/example_dags/example_branch_python_dop_operator_3.py
[2024-02-12T19:07:14.702+0000] {logging_mixin.py:188} INFO - [2024-02-12T19:07:14.702+0000] {dag.py:3036} INFO - Sync 1 DAGs
[2024-02-12T19:07:14.723+0000] {logging_mixin.py:188} INFO - [2024-02-12T19:07:14.723+0000] {dag.py:3823} INFO - Setting next_dagrun for example_branch_dop_operator_v3 to 2024-02-12 19:06:00+00:00, run_after=2024-02-12 19:07:00+00:00
[2024-02-12T19:07:14.742+0000] {processor.py:183} INFO - Processing /home/airflow/.local/lib/python3.8/site-packages/airflow/example_dags/example_branch_python_dop_operator_3.py took 0.067 seconds
[2024-02-12T19:07:44.907+0000] {processor.py:161} INFO - Started process (PID=3931) to work on /home/airflow/.local/lib/python3.8/site-packages/airflow/example_dags/example_branch_python_dop_operator_3.py
[2024-02-12T19:07:44.908+0000] {processor.py:830} INFO - Processing file /home/airflow/.local/lib/python3.8/site-packages/airflow/example_dags/example_branch_python_dop_operator_3.py for tasks to queue
[2024-02-12T19:07:44.909+0000] {logging_mixin.py:188} INFO - [2024-02-12T19:07:44.909+0000] {dagbag.py:538} INFO - Filling up the DagBag from /home/airflow/.local/lib/python3.8/site-packages/airflow/example_dags/example_branch_python_dop_operator_3.py
[2024-02-12T19:07:44.916+0000] {processor.py:840} INFO - DAG(s) 'example_branch_dop_operator_v3' retrieved from /home/airflow/.local/lib/python3.8/site-packages/airflow/example_dags/example_branch_python_dop_operator_3.py
[2024-02-12T19:07:44.933+0000] {logging_mixin.py:188} INFO - [2024-02-12T19:07:44.932+0000] {dag.py:3036} INFO - Sync 1 DAGs
[2024-02-12T19:07:44.954+0000] {logging_mixin.py:188} INFO - [2024-02-12T19:07:44.953+0000] {dag.py:3823} INFO - Setting next_dagrun for example_branch_dop_operator_v3 to 2024-02-12 19:06:00+00:00, run_after=2024-02-12 19:07:00+00:00
[2024-02-12T19:07:44.974+0000] {processor.py:183} INFO - Processing /home/airflow/.local/lib/python3.8/site-packages/airflow/example_dags/example_branch_python_dop_operator_3.py took 0.070 seconds
[2024-02-12T19:08:15.282+0000] {processor.py:161} INFO - Started process (PID=4179) to work on /home/airflow/.local/lib/python3.8/site-packages/airflow/example_dags/example_branch_python_dop_operator_3.py
[2024-02-12T19:08:15.282+0000] {processor.py:830} INFO - Processing file /home/airflow/.local/lib/python3.8/site-packages/airflow/example_dags/example_branch_python_dop_operator_3.py for tasks to queue
[2024-02-12T19:08:15.283+0000] {logging_mixin.py:188} INFO - [2024-02-12T19:08:15.283+0000] {dagbag.py:538} INFO - Filling up the DagBag from /home/airflow/.local/lib/python3.8/site-packages/airflow/example_dags/example_branch_python_dop_operator_3.py
[2024-02-12T19:08:15.290+0000] {processor.py:840} INFO - DAG(s) 'example_branch_dop_operator_v3' retrieved from /home/airflow/.local/lib/python3.8/site-packages/airflow/example_dags/example_branch_python_dop_operator_3.py
[2024-02-12T19:08:15.307+0000] {logging_mixin.py:188} INFO - [2024-02-12T19:08:15.306+0000] {dag.py:3036} INFO - Sync 1 DAGs
[2024-02-12T19:08:15.327+0000] {logging_mixin.py:188} INFO - [2024-02-12T19:08:15.327+0000] {dag.py:3823} INFO - Setting next_dagrun for example_branch_dop_operator_v3 to 2024-02-12 19:07:00+00:00, run_after=2024-02-12 19:08:00+00:00
[2024-02-12T19:08:15.348+0000] {processor.py:183} INFO - Processing /home/airflow/.local/lib/python3.8/site-packages/airflow/example_dags/example_branch_python_dop_operator_3.py took 0.069 seconds
[2024-02-12T19:08:45.620+0000] {processor.py:161} INFO - Started process (PID=4425) to work on /home/airflow/.local/lib/python3.8/site-packages/airflow/example_dags/example_branch_python_dop_operator_3.py
[2024-02-12T19:08:45.621+0000] {processor.py:830} INFO - Processing file /home/airflow/.local/lib/python3.8/site-packages/airflow/example_dags/example_branch_python_dop_operator_3.py for tasks to queue
[2024-02-12T19:08:45.622+0000] {logging_mixin.py:188} INFO - [2024-02-12T19:08:45.622+0000] {dagbag.py:538} INFO - Filling up the DagBag from /home/airflow/.local/lib/python3.8/site-packages/airflow/example_dags/example_branch_python_dop_operator_3.py
[2024-02-12T19:08:45.632+0000] {processor.py:840} INFO - DAG(s) 'example_branch_dop_operator_v3' retrieved from /home/airflow/.local/lib/python3.8/site-packages/airflow/example_dags/example_branch_python_dop_operator_3.py
[2024-02-12T19:08:45.654+0000] {logging_mixin.py:188} INFO - [2024-02-12T19:08:45.654+0000] {dag.py:3036} INFO - Sync 1 DAGs
[2024-02-12T19:08:45.685+0000] {logging_mixin.py:188} INFO - [2024-02-12T19:08:45.684+0000] {dag.py:3823} INFO - Setting next_dagrun for example_branch_dop_operator_v3 to 2024-02-12 19:07:00+00:00, run_after=2024-02-12 19:08:00+00:00
[2024-02-12T19:08:45.719+0000] {processor.py:183} INFO - Processing /home/airflow/.local/lib/python3.8/site-packages/airflow/example_dags/example_branch_python_dop_operator_3.py took 0.103 seconds
[2024-02-12T19:09:15.926+0000] {processor.py:161} INFO - Started process (PID=4674) to work on /home/airflow/.local/lib/python3.8/site-packages/airflow/example_dags/example_branch_python_dop_operator_3.py
[2024-02-12T19:09:15.927+0000] {processor.py:830} INFO - Processing file /home/airflow/.local/lib/python3.8/site-packages/airflow/example_dags/example_branch_python_dop_operator_3.py for tasks to queue
[2024-02-12T19:09:15.928+0000] {logging_mixin.py:188} INFO - [2024-02-12T19:09:15.928+0000] {dagbag.py:538} INFO - Filling up the DagBag from /home/airflow/.local/lib/python3.8/site-packages/airflow/example_dags/example_branch_python_dop_operator_3.py
[2024-02-12T19:09:15.939+0000] {processor.py:840} INFO - DAG(s) 'example_branch_dop_operator_v3' retrieved from /home/airflow/.local/lib/python3.8/site-packages/airflow/example_dags/example_branch_python_dop_operator_3.py
[2024-02-12T19:09:15.960+0000] {logging_mixin.py:188} INFO - [2024-02-12T19:09:15.960+0000] {dag.py:3036} INFO - Sync 1 DAGs
[2024-02-12T19:09:16.007+0000] {logging_mixin.py:188} INFO - [2024-02-12T19:09:16.006+0000] {dag.py:3823} INFO - Setting next_dagrun for example_branch_dop_operator_v3 to 2024-02-12 19:08:00+00:00, run_after=2024-02-12 19:09:00+00:00
[2024-02-12T19:09:16.058+0000] {processor.py:183} INFO - Processing /home/airflow/.local/lib/python3.8/site-packages/airflow/example_dags/example_branch_python_dop_operator_3.py took 0.135 seconds
[2024-02-12T19:09:46.466+0000] {processor.py:161} INFO - Started process (PID=4923) to work on /home/airflow/.local/lib/python3.8/site-packages/airflow/example_dags/example_branch_python_dop_operator_3.py
[2024-02-12T19:09:46.468+0000] {processor.py:830} INFO - Processing file /home/airflow/.local/lib/python3.8/site-packages/airflow/example_dags/example_branch_python_dop_operator_3.py for tasks to queue
[2024-02-12T19:09:46.469+0000] {logging_mixin.py:188} INFO - [2024-02-12T19:09:46.468+0000] {dagbag.py:538} INFO - Filling up the DagBag from /home/airflow/.local/lib/python3.8/site-packages/airflow/example_dags/example_branch_python_dop_operator_3.py
[2024-02-12T19:09:46.495+0000] {processor.py:840} INFO - DAG(s) 'example_branch_dop_operator_v3' retrieved from /home/airflow/.local/lib/python3.8/site-packages/airflow/example_dags/example_branch_python_dop_operator_3.py
[2024-02-12T19:09:46.519+0000] {logging_mixin.py:188} INFO - [2024-02-12T19:09:46.519+0000] {dag.py:3036} INFO - Sync 1 DAGs
[2024-02-12T19:09:46.547+0000] {logging_mixin.py:188} INFO - [2024-02-12T19:09:46.547+0000] {dag.py:3823} INFO - Setting next_dagrun for example_branch_dop_operator_v3 to 2024-02-12 19:08:00+00:00, run_after=2024-02-12 19:09:00+00:00
[2024-02-12T19:09:46.573+0000] {processor.py:183} INFO - Processing /home/airflow/.local/lib/python3.8/site-packages/airflow/example_dags/example_branch_python_dop_operator_3.py took 0.110 seconds
[2024-02-12T19:10:16.728+0000] {processor.py:161} INFO - Started process (PID=5175) to work on /home/airflow/.local/lib/python3.8/site-packages/airflow/example_dags/example_branch_python_dop_operator_3.py
[2024-02-12T19:10:16.729+0000] {processor.py:830} INFO - Processing file /home/airflow/.local/lib/python3.8/site-packages/airflow/example_dags/example_branch_python_dop_operator_3.py for tasks to queue
[2024-02-12T19:10:16.730+0000] {logging_mixin.py:188} INFO - [2024-02-12T19:10:16.730+0000] {dagbag.py:538} INFO - Filling up the DagBag from /home/airflow/.local/lib/python3.8/site-packages/airflow/example_dags/example_branch_python_dop_operator_3.py
[2024-02-12T19:10:16.760+0000] {processor.py:840} INFO - DAG(s) 'example_branch_dop_operator_v3' retrieved from /home/airflow/.local/lib/python3.8/site-packages/airflow/example_dags/example_branch_python_dop_operator_3.py
[2024-02-12T19:10:16.872+0000] {logging_mixin.py:188} INFO - [2024-02-12T19:10:16.871+0000] {dag.py:3036} INFO - Sync 1 DAGs
[2024-02-12T19:10:16.929+0000] {logging_mixin.py:188} INFO - [2024-02-12T19:10:16.929+0000] {dag.py:3823} INFO - Setting next_dagrun for example_branch_dop_operator_v3 to 2024-02-12 19:09:00+00:00, run_after=2024-02-12 19:10:00+00:00
[2024-02-12T19:10:16.954+0000] {processor.py:183} INFO - Processing /home/airflow/.local/lib/python3.8/site-packages/airflow/example_dags/example_branch_python_dop_operator_3.py took 0.230 seconds
[2024-02-12T19:10:47.814+0000] {processor.py:161} INFO - Started process (PID=5423) to work on /home/airflow/.local/lib/python3.8/site-packages/airflow/example_dags/example_branch_python_dop_operator_3.py
[2024-02-12T19:10:47.815+0000] {processor.py:830} INFO - Processing file /home/airflow/.local/lib/python3.8/site-packages/airflow/example_dags/example_branch_python_dop_operator_3.py for tasks to queue
[2024-02-12T19:10:47.816+0000] {logging_mixin.py:188} INFO - [2024-02-12T19:10:47.816+0000] {dagbag.py:538} INFO - Filling up the DagBag from /home/airflow/.local/lib/python3.8/site-packages/airflow/example_dags/example_branch_python_dop_operator_3.py
[2024-02-12T19:10:47.828+0000] {processor.py:840} INFO - DAG(s) 'example_branch_dop_operator_v3' retrieved from /home/airflow/.local/lib/python3.8/site-packages/airflow/example_dags/example_branch_python_dop_operator_3.py
[2024-02-12T19:10:47.855+0000] {logging_mixin.py:188} INFO - [2024-02-12T19:10:47.855+0000] {dag.py:3036} INFO - Sync 1 DAGs
[2024-02-12T19:10:47.887+0000] {logging_mixin.py:188} INFO - [2024-02-12T19:10:47.887+0000] {dag.py:3823} INFO - Setting next_dagrun for example_branch_dop_operator_v3 to 2024-02-12 19:09:00+00:00, run_after=2024-02-12 19:10:00+00:00
[2024-02-12T19:10:47.938+0000] {processor.py:183} INFO - Processing /home/airflow/.local/lib/python3.8/site-packages/airflow/example_dags/example_branch_python_dop_operator_3.py took 0.126 seconds
[2024-02-12T19:11:18.239+0000] {processor.py:161} INFO - Started process (PID=5670) to work on /home/airflow/.local/lib/python3.8/site-packages/airflow/example_dags/example_branch_python_dop_operator_3.py
[2024-02-12T19:11:18.239+0000] {processor.py:830} INFO - Processing file /home/airflow/.local/lib/python3.8/site-packages/airflow/example_dags/example_branch_python_dop_operator_3.py for tasks to queue
[2024-02-12T19:11:18.240+0000] {logging_mixin.py:188} INFO - [2024-02-12T19:11:18.240+0000] {dagbag.py:538} INFO - Filling up the DagBag from /home/airflow/.local/lib/python3.8/site-packages/airflow/example_dags/example_branch_python_dop_operator_3.py
[2024-02-12T19:11:18.252+0000] {processor.py:840} INFO - DAG(s) 'example_branch_dop_operator_v3' retrieved from /home/airflow/.local/lib/python3.8/site-packages/airflow/example_dags/example_branch_python_dop_operator_3.py
[2024-02-12T19:11:18.307+0000] {logging_mixin.py:188} INFO - [2024-02-12T19:11:18.307+0000] {dag.py:3036} INFO - Sync 1 DAGs
[2024-02-12T19:11:18.341+0000] {logging_mixin.py:188} INFO - [2024-02-12T19:11:18.341+0000] {dag.py:3823} INFO - Setting next_dagrun for example_branch_dop_operator_v3 to 2024-02-12 19:10:00+00:00, run_after=2024-02-12 19:11:00+00:00
[2024-02-12T19:11:18.367+0000] {processor.py:183} INFO - Processing /home/airflow/.local/lib/python3.8/site-packages/airflow/example_dags/example_branch_python_dop_operator_3.py took 0.132 seconds
[2024-02-12T19:11:48.702+0000] {processor.py:161} INFO - Started process (PID=5917) to work on /home/airflow/.local/lib/python3.8/site-packages/airflow/example_dags/example_branch_python_dop_operator_3.py
[2024-02-12T19:11:48.703+0000] {processor.py:830} INFO - Processing file /home/airflow/.local/lib/python3.8/site-packages/airflow/example_dags/example_branch_python_dop_operator_3.py for tasks to queue
[2024-02-12T19:11:48.703+0000] {logging_mixin.py:188} INFO - [2024-02-12T19:11:48.703+0000] {dagbag.py:538} INFO - Filling up the DagBag from /home/airflow/.local/lib/python3.8/site-packages/airflow/example_dags/example_branch_python_dop_operator_3.py
[2024-02-12T19:11:48.714+0000] {processor.py:840} INFO - DAG(s) 'example_branch_dop_operator_v3' retrieved from /home/airflow/.local/lib/python3.8/site-packages/airflow/example_dags/example_branch_python_dop_operator_3.py
[2024-02-12T19:11:48.738+0000] {logging_mixin.py:188} INFO - [2024-02-12T19:11:48.738+0000] {dag.py:3036} INFO - Sync 1 DAGs
[2024-02-12T19:11:48.774+0000] {logging_mixin.py:188} INFO - [2024-02-12T19:11:48.774+0000] {dag.py:3823} INFO - Setting next_dagrun for example_branch_dop_operator_v3 to 2024-02-12 19:10:00+00:00, run_after=2024-02-12 19:11:00+00:00
[2024-02-12T19:11:48.798+0000] {processor.py:183} INFO - Processing /home/airflow/.local/lib/python3.8/site-packages/airflow/example_dags/example_branch_python_dop_operator_3.py took 0.100 seconds
[2024-02-12T19:12:19.636+0000] {processor.py:161} INFO - Started process (PID=6164) to work on /home/airflow/.local/lib/python3.8/site-packages/airflow/example_dags/example_branch_python_dop_operator_3.py
[2024-02-12T19:12:19.637+0000] {processor.py:830} INFO - Processing file /home/airflow/.local/lib/python3.8/site-packages/airflow/example_dags/example_branch_python_dop_operator_3.py for tasks to queue
[2024-02-12T19:12:19.638+0000] {logging_mixin.py:188} INFO - [2024-02-12T19:12:19.638+0000] {dagbag.py:538} INFO - Filling up the DagBag from /home/airflow/.local/lib/python3.8/site-packages/airflow/example_dags/example_branch_python_dop_operator_3.py
[2024-02-12T19:12:19.648+0000] {processor.py:840} INFO - DAG(s) 'example_branch_dop_operator_v3' retrieved from /home/airflow/.local/lib/python3.8/site-packages/airflow/example_dags/example_branch_python_dop_operator_3.py
[2024-02-12T19:12:19.671+0000] {logging_mixin.py:188} INFO - [2024-02-12T19:12:19.671+0000] {dag.py:3036} INFO - Sync 1 DAGs
[2024-02-12T19:12:19.729+0000] {logging_mixin.py:188} INFO - [2024-02-12T19:12:19.728+0000] {dag.py:3823} INFO - Setting next_dagrun for example_branch_dop_operator_v3 to 2024-02-12 19:11:00+00:00, run_after=2024-02-12 19:12:00+00:00
[2024-02-12T19:12:19.752+0000] {processor.py:183} INFO - Processing /home/airflow/.local/lib/python3.8/site-packages/airflow/example_dags/example_branch_python_dop_operator_3.py took 0.118 seconds
[2024-02-12T19:12:49.815+0000] {processor.py:161} INFO - Started process (PID=6413) to work on /home/airflow/.local/lib/python3.8/site-packages/airflow/example_dags/example_branch_python_dop_operator_3.py
[2024-02-12T19:12:49.816+0000] {processor.py:830} INFO - Processing file /home/airflow/.local/lib/python3.8/site-packages/airflow/example_dags/example_branch_python_dop_operator_3.py for tasks to queue
[2024-02-12T19:12:49.817+0000] {logging_mixin.py:188} INFO - [2024-02-12T19:12:49.817+0000] {dagbag.py:538} INFO - Filling up the DagBag from /home/airflow/.local/lib/python3.8/site-packages/airflow/example_dags/example_branch_python_dop_operator_3.py
[2024-02-12T19:12:49.841+0000] {processor.py:840} INFO - DAG(s) 'example_branch_dop_operator_v3' retrieved from /home/airflow/.local/lib/python3.8/site-packages/airflow/example_dags/example_branch_python_dop_operator_3.py
[2024-02-12T19:12:49.886+0000] {logging_mixin.py:188} INFO - [2024-02-12T19:12:49.884+0000] {dag.py:3036} INFO - Sync 1 DAGs
[2024-02-12T19:12:49.962+0000] {logging_mixin.py:188} INFO - [2024-02-12T19:12:49.954+0000] {dag.py:3823} INFO - Setting next_dagrun for example_branch_dop_operator_v3 to 2024-02-12 19:11:00+00:00, run_after=2024-02-12 19:12:00+00:00
[2024-02-12T19:12:50.022+0000] {processor.py:183} INFO - Processing /home/airflow/.local/lib/python3.8/site-packages/airflow/example_dags/example_branch_python_dop_operator_3.py took 0.211 seconds
[2024-02-12T19:13:20.154+0000] {processor.py:161} INFO - Started process (PID=6659) to work on /home/airflow/.local/lib/python3.8/site-packages/airflow/example_dags/example_branch_python_dop_operator_3.py
[2024-02-12T19:13:20.159+0000] {processor.py:830} INFO - Processing file /home/airflow/.local/lib/python3.8/site-packages/airflow/example_dags/example_branch_python_dop_operator_3.py for tasks to queue
[2024-02-12T19:13:20.160+0000] {logging_mixin.py:188} INFO - [2024-02-12T19:13:20.159+0000] {dagbag.py:538} INFO - Filling up the DagBag from /home/airflow/.local/lib/python3.8/site-packages/airflow/example_dags/example_branch_python_dop_operator_3.py
[2024-02-12T19:13:20.173+0000] {processor.py:840} INFO - DAG(s) 'example_branch_dop_operator_v3' retrieved from /home/airflow/.local/lib/python3.8/site-packages/airflow/example_dags/example_branch_python_dop_operator_3.py
[2024-02-12T19:13:20.221+0000] {logging_mixin.py:188} INFO - [2024-02-12T19:13:20.221+0000] {dag.py:3036} INFO - Sync 1 DAGs
[2024-02-12T19:13:20.254+0000] {logging_mixin.py:188} INFO - [2024-02-12T19:13:20.254+0000] {dag.py:3823} INFO - Setting next_dagrun for example_branch_dop_operator_v3 to 2024-02-12 19:12:00+00:00, run_after=2024-02-12 19:13:00+00:00
[2024-02-12T19:13:20.286+0000] {processor.py:183} INFO - Processing /home/airflow/.local/lib/python3.8/site-packages/airflow/example_dags/example_branch_python_dop_operator_3.py took 0.136 seconds
[2024-02-12T19:13:50.459+0000] {processor.py:161} INFO - Started process (PID=6908) to work on /home/airflow/.local/lib/python3.8/site-packages/airflow/example_dags/example_branch_python_dop_operator_3.py
[2024-02-12T19:13:50.461+0000] {processor.py:830} INFO - Processing file /home/airflow/.local/lib/python3.8/site-packages/airflow/example_dags/example_branch_python_dop_operator_3.py for tasks to queue
[2024-02-12T19:13:50.464+0000] {logging_mixin.py:188} INFO - [2024-02-12T19:13:50.463+0000] {dagbag.py:538} INFO - Filling up the DagBag from /home/airflow/.local/lib/python3.8/site-packages/airflow/example_dags/example_branch_python_dop_operator_3.py
[2024-02-12T19:13:50.497+0000] {processor.py:840} INFO - DAG(s) 'example_branch_dop_operator_v3' retrieved from /home/airflow/.local/lib/python3.8/site-packages/airflow/example_dags/example_branch_python_dop_operator_3.py
[2024-02-12T19:13:50.537+0000] {logging_mixin.py:188} INFO - [2024-02-12T19:13:50.537+0000] {dag.py:3036} INFO - Sync 1 DAGs
[2024-02-12T19:13:50.567+0000] {logging_mixin.py:188} INFO - [2024-02-12T19:13:50.567+0000] {dag.py:3823} INFO - Setting next_dagrun for example_branch_dop_operator_v3 to 2024-02-12 19:12:00+00:00, run_after=2024-02-12 19:13:00+00:00
[2024-02-12T19:13:50.591+0000] {processor.py:183} INFO - Processing /home/airflow/.local/lib/python3.8/site-packages/airflow/example_dags/example_branch_python_dop_operator_3.py took 0.141 seconds
[2024-02-12T19:14:20.851+0000] {processor.py:161} INFO - Started process (PID=7158) to work on /home/airflow/.local/lib/python3.8/site-packages/airflow/example_dags/example_branch_python_dop_operator_3.py
[2024-02-12T19:14:20.852+0000] {processor.py:830} INFO - Processing file /home/airflow/.local/lib/python3.8/site-packages/airflow/example_dags/example_branch_python_dop_operator_3.py for tasks to queue
[2024-02-12T19:14:20.853+0000] {logging_mixin.py:188} INFO - [2024-02-12T19:14:20.853+0000] {dagbag.py:538} INFO - Filling up the DagBag from /home/airflow/.local/lib/python3.8/site-packages/airflow/example_dags/example_branch_python_dop_operator_3.py
[2024-02-12T19:14:20.863+0000] {processor.py:840} INFO - DAG(s) 'example_branch_dop_operator_v3' retrieved from /home/airflow/.local/lib/python3.8/site-packages/airflow/example_dags/example_branch_python_dop_operator_3.py
[2024-02-12T19:14:20.884+0000] {logging_mixin.py:188} INFO - [2024-02-12T19:14:20.884+0000] {dag.py:3036} INFO - Sync 1 DAGs
[2024-02-12T19:14:20.916+0000] {logging_mixin.py:188} INFO - [2024-02-12T19:14:20.915+0000] {dag.py:3823} INFO - Setting next_dagrun for example_branch_dop_operator_v3 to 2024-02-12 19:13:00+00:00, run_after=2024-02-12 19:14:00+00:00
[2024-02-12T19:14:20.954+0000] {processor.py:183} INFO - Processing /home/airflow/.local/lib/python3.8/site-packages/airflow/example_dags/example_branch_python_dop_operator_3.py took 0.107 seconds
[2024-02-12T19:14:51.352+0000] {processor.py:161} INFO - Started process (PID=7395) to work on /home/airflow/.local/lib/python3.8/site-packages/airflow/example_dags/example_branch_python_dop_operator_3.py
[2024-02-12T19:14:51.353+0000] {processor.py:830} INFO - Processing file /home/airflow/.local/lib/python3.8/site-packages/airflow/example_dags/example_branch_python_dop_operator_3.py for tasks to queue
[2024-02-12T19:14:51.354+0000] {logging_mixin.py:188} INFO - [2024-02-12T19:14:51.354+0000] {dagbag.py:538} INFO - Filling up the DagBag from /home/airflow/.local/lib/python3.8/site-packages/airflow/example_dags/example_branch_python_dop_operator_3.py
[2024-02-12T19:14:51.364+0000] {processor.py:840} INFO - DAG(s) 'example_branch_dop_operator_v3' retrieved from /home/airflow/.local/lib/python3.8/site-packages/airflow/example_dags/example_branch_python_dop_operator_3.py
[2024-02-12T19:14:51.386+0000] {logging_mixin.py:188} INFO - [2024-02-12T19:14:51.385+0000] {dag.py:3036} INFO - Sync 1 DAGs
[2024-02-12T19:14:51.417+0000] {logging_mixin.py:188} INFO - [2024-02-12T19:14:51.417+0000] {dag.py:3823} INFO - Setting next_dagrun for example_branch_dop_operator_v3 to 2024-02-12 19:13:00+00:00, run_after=2024-02-12 19:14:00+00:00
[2024-02-12T19:14:51.439+0000] {processor.py:183} INFO - Processing /home/airflow/.local/lib/python3.8/site-packages/airflow/example_dags/example_branch_python_dop_operator_3.py took 0.095 seconds
[2024-02-12T19:15:22.024+0000] {processor.py:161} INFO - Started process (PID=7643) to work on /home/airflow/.local/lib/python3.8/site-packages/airflow/example_dags/example_branch_python_dop_operator_3.py
[2024-02-12T19:15:22.025+0000] {processor.py:830} INFO - Processing file /home/airflow/.local/lib/python3.8/site-packages/airflow/example_dags/example_branch_python_dop_operator_3.py for tasks to queue
[2024-02-12T19:15:22.027+0000] {logging_mixin.py:188} INFO - [2024-02-12T19:15:22.025+0000] {dagbag.py:538} INFO - Filling up the DagBag from /home/airflow/.local/lib/python3.8/site-packages/airflow/example_dags/example_branch_python_dop_operator_3.py
[2024-02-12T19:15:22.037+0000] {processor.py:840} INFO - DAG(s) 'example_branch_dop_operator_v3' retrieved from /home/airflow/.local/lib/python3.8/site-packages/airflow/example_dags/example_branch_python_dop_operator_3.py
[2024-02-12T19:15:22.059+0000] {logging_mixin.py:188} INFO - [2024-02-12T19:15:22.058+0000] {dag.py:3036} INFO - Sync 1 DAGs
[2024-02-12T19:15:22.086+0000] {logging_mixin.py:188} INFO - [2024-02-12T19:15:22.086+0000] {dag.py:3823} INFO - Setting next_dagrun for example_branch_dop_operator_v3 to 2024-02-12 19:14:00+00:00, run_after=2024-02-12 19:15:00+00:00
[2024-02-12T19:15:22.117+0000] {processor.py:183} INFO - Processing /home/airflow/.local/lib/python3.8/site-packages/airflow/example_dags/example_branch_python_dop_operator_3.py took 0.096 seconds
[2024-02-12T19:15:52.477+0000] {processor.py:161} INFO - Started process (PID=7889) to work on /home/airflow/.local/lib/python3.8/site-packages/airflow/example_dags/example_branch_python_dop_operator_3.py
[2024-02-12T19:15:52.478+0000] {processor.py:830} INFO - Processing file /home/airflow/.local/lib/python3.8/site-packages/airflow/example_dags/example_branch_python_dop_operator_3.py for tasks to queue
[2024-02-12T19:15:52.479+0000] {logging_mixin.py:188} INFO - [2024-02-12T19:15:52.479+0000] {dagbag.py:538} INFO - Filling up the DagBag from /home/airflow/.local/lib/python3.8/site-packages/airflow/example_dags/example_branch_python_dop_operator_3.py
[2024-02-12T19:15:52.489+0000] {processor.py:840} INFO - DAG(s) 'example_branch_dop_operator_v3' retrieved from /home/airflow/.local/lib/python3.8/site-packages/airflow/example_dags/example_branch_python_dop_operator_3.py
[2024-02-12T19:15:52.516+0000] {logging_mixin.py:188} INFO - [2024-02-12T19:15:52.516+0000] {dag.py:3036} INFO - Sync 1 DAGs
[2024-02-12T19:15:52.549+0000] {logging_mixin.py:188} INFO - [2024-02-12T19:15:52.549+0000] {dag.py:3823} INFO - Setting next_dagrun for example_branch_dop_operator_v3 to 2024-02-12 19:14:00+00:00, run_after=2024-02-12 19:15:00+00:00
[2024-02-12T19:15:52.571+0000] {processor.py:183} INFO - Processing /home/airflow/.local/lib/python3.8/site-packages/airflow/example_dags/example_branch_python_dop_operator_3.py took 0.098 seconds
[2024-02-12T19:16:22.963+0000] {processor.py:161} INFO - Started process (PID=8138) to work on /home/airflow/.local/lib/python3.8/site-packages/airflow/example_dags/example_branch_python_dop_operator_3.py
[2024-02-12T19:16:22.964+0000] {processor.py:830} INFO - Processing file /home/airflow/.local/lib/python3.8/site-packages/airflow/example_dags/example_branch_python_dop_operator_3.py for tasks to queue
[2024-02-12T19:16:22.965+0000] {logging_mixin.py:188} INFO - [2024-02-12T19:16:22.965+0000] {dagbag.py:538} INFO - Filling up the DagBag from /home/airflow/.local/lib/python3.8/site-packages/airflow/example_dags/example_branch_python_dop_operator_3.py
[2024-02-12T19:16:22.975+0000] {processor.py:840} INFO - DAG(s) 'example_branch_dop_operator_v3' retrieved from /home/airflow/.local/lib/python3.8/site-packages/airflow/example_dags/example_branch_python_dop_operator_3.py
[2024-02-12T19:16:23.000+0000] {logging_mixin.py:188} INFO - [2024-02-12T19:16:23.000+0000] {dag.py:3036} INFO - Sync 1 DAGs
[2024-02-12T19:16:23.033+0000] {logging_mixin.py:188} INFO - [2024-02-12T19:16:23.032+0000] {dag.py:3823} INFO - Setting next_dagrun for example_branch_dop_operator_v3 to 2024-02-12 19:15:00+00:00, run_after=2024-02-12 19:16:00+00:00
[2024-02-12T19:16:23.058+0000] {processor.py:183} INFO - Processing /home/airflow/.local/lib/python3.8/site-packages/airflow/example_dags/example_branch_python_dop_operator_3.py took 0.098 seconds
[2024-02-12T19:16:53.281+0000] {processor.py:161} INFO - Started process (PID=8383) to work on /home/airflow/.local/lib/python3.8/site-packages/airflow/example_dags/example_branch_python_dop_operator_3.py
[2024-02-12T19:16:53.282+0000] {processor.py:830} INFO - Processing file /home/airflow/.local/lib/python3.8/site-packages/airflow/example_dags/example_branch_python_dop_operator_3.py for tasks to queue
[2024-02-12T19:16:53.283+0000] {logging_mixin.py:188} INFO - [2024-02-12T19:16:53.282+0000] {dagbag.py:538} INFO - Filling up the DagBag from /home/airflow/.local/lib/python3.8/site-packages/airflow/example_dags/example_branch_python_dop_operator_3.py
[2024-02-12T19:16:53.293+0000] {processor.py:840} INFO - DAG(s) 'example_branch_dop_operator_v3' retrieved from /home/airflow/.local/lib/python3.8/site-packages/airflow/example_dags/example_branch_python_dop_operator_3.py
[2024-02-12T19:16:53.316+0000] {logging_mixin.py:188} INFO - [2024-02-12T19:16:53.316+0000] {dag.py:3036} INFO - Sync 1 DAGs
[2024-02-12T19:16:53.346+0000] {logging_mixin.py:188} INFO - [2024-02-12T19:16:53.346+0000] {dag.py:3823} INFO - Setting next_dagrun for example_branch_dop_operator_v3 to 2024-02-12 19:15:00+00:00, run_after=2024-02-12 19:16:00+00:00
[2024-02-12T19:16:53.371+0000] {processor.py:183} INFO - Processing /home/airflow/.local/lib/python3.8/site-packages/airflow/example_dags/example_branch_python_dop_operator_3.py took 0.094 seconds
[2024-02-12T19:17:23.654+0000] {processor.py:161} INFO - Started process (PID=8626) to work on /home/airflow/.local/lib/python3.8/site-packages/airflow/example_dags/example_branch_python_dop_operator_3.py
[2024-02-12T19:17:23.655+0000] {processor.py:830} INFO - Processing file /home/airflow/.local/lib/python3.8/site-packages/airflow/example_dags/example_branch_python_dop_operator_3.py for tasks to queue
[2024-02-12T19:17:23.656+0000] {logging_mixin.py:188} INFO - [2024-02-12T19:17:23.656+0000] {dagbag.py:538} INFO - Filling up the DagBag from /home/airflow/.local/lib/python3.8/site-packages/airflow/example_dags/example_branch_python_dop_operator_3.py
[2024-02-12T19:17:23.666+0000] {processor.py:840} INFO - DAG(s) 'example_branch_dop_operator_v3' retrieved from /home/airflow/.local/lib/python3.8/site-packages/airflow/example_dags/example_branch_python_dop_operator_3.py
[2024-02-12T19:17:23.687+0000] {logging_mixin.py:188} INFO - [2024-02-12T19:17:23.687+0000] {dag.py:3036} INFO - Sync 1 DAGs
[2024-02-12T19:17:23.722+0000] {logging_mixin.py:188} INFO - [2024-02-12T19:17:23.722+0000] {dag.py:3823} INFO - Setting next_dagrun for example_branch_dop_operator_v3 to 2024-02-12 19:16:00+00:00, run_after=2024-02-12 19:17:00+00:00
[2024-02-12T19:17:23.746+0000] {processor.py:183} INFO - Processing /home/airflow/.local/lib/python3.8/site-packages/airflow/example_dags/example_branch_python_dop_operator_3.py took 0.095 seconds
[2024-02-12T19:17:54.085+0000] {processor.py:161} INFO - Started process (PID=8874) to work on /home/airflow/.local/lib/python3.8/site-packages/airflow/example_dags/example_branch_python_dop_operator_3.py
[2024-02-12T19:17:54.085+0000] {processor.py:830} INFO - Processing file /home/airflow/.local/lib/python3.8/site-packages/airflow/example_dags/example_branch_python_dop_operator_3.py for tasks to queue
[2024-02-12T19:17:54.086+0000] {logging_mixin.py:188} INFO - [2024-02-12T19:17:54.086+0000] {dagbag.py:538} INFO - Filling up the DagBag from /home/airflow/.local/lib/python3.8/site-packages/airflow/example_dags/example_branch_python_dop_operator_3.py
[2024-02-12T19:17:54.097+0000] {processor.py:840} INFO - DAG(s) 'example_branch_dop_operator_v3' retrieved from /home/airflow/.local/lib/python3.8/site-packages/airflow/example_dags/example_branch_python_dop_operator_3.py
[2024-02-12T19:17:54.120+0000] {logging_mixin.py:188} INFO - [2024-02-12T19:17:54.120+0000] {dag.py:3036} INFO - Sync 1 DAGs
[2024-02-12T19:17:54.152+0000] {logging_mixin.py:188} INFO - [2024-02-12T19:17:54.151+0000] {dag.py:3823} INFO - Setting next_dagrun for example_branch_dop_operator_v3 to 2024-02-12 19:16:00+00:00, run_after=2024-02-12 19:17:00+00:00
[2024-02-12T19:17:54.180+0000] {processor.py:183} INFO - Processing /home/airflow/.local/lib/python3.8/site-packages/airflow/example_dags/example_branch_python_dop_operator_3.py took 0.100 seconds
[2024-02-12T19:18:24.347+0000] {processor.py:161} INFO - Started process (PID=9121) to work on /home/airflow/.local/lib/python3.8/site-packages/airflow/example_dags/example_branch_python_dop_operator_3.py
[2024-02-12T19:18:24.348+0000] {processor.py:830} INFO - Processing file /home/airflow/.local/lib/python3.8/site-packages/airflow/example_dags/example_branch_python_dop_operator_3.py for tasks to queue
[2024-02-12T19:18:24.349+0000] {logging_mixin.py:188} INFO - [2024-02-12T19:18:24.349+0000] {dagbag.py:538} INFO - Filling up the DagBag from /home/airflow/.local/lib/python3.8/site-packages/airflow/example_dags/example_branch_python_dop_operator_3.py
[2024-02-12T19:18:24.359+0000] {processor.py:840} INFO - DAG(s) 'example_branch_dop_operator_v3' retrieved from /home/airflow/.local/lib/python3.8/site-packages/airflow/example_dags/example_branch_python_dop_operator_3.py
[2024-02-12T19:18:24.383+0000] {logging_mixin.py:188} INFO - [2024-02-12T19:18:24.383+0000] {dag.py:3036} INFO - Sync 1 DAGs
[2024-02-12T19:18:24.417+0000] {logging_mixin.py:188} INFO - [2024-02-12T19:18:24.416+0000] {dag.py:3823} INFO - Setting next_dagrun for example_branch_dop_operator_v3 to 2024-02-12 19:17:00+00:00, run_after=2024-02-12 19:18:00+00:00
[2024-02-12T19:18:24.444+0000] {processor.py:183} INFO - Processing /home/airflow/.local/lib/python3.8/site-packages/airflow/example_dags/example_branch_python_dop_operator_3.py took 0.100 seconds
[2024-02-12T19:18:55.003+0000] {processor.py:161} INFO - Started process (PID=9367) to work on /home/airflow/.local/lib/python3.8/site-packages/airflow/example_dags/example_branch_python_dop_operator_3.py
[2024-02-12T19:18:55.004+0000] {processor.py:830} INFO - Processing file /home/airflow/.local/lib/python3.8/site-packages/airflow/example_dags/example_branch_python_dop_operator_3.py for tasks to queue
[2024-02-12T19:18:55.005+0000] {logging_mixin.py:188} INFO - [2024-02-12T19:18:55.005+0000] {dagbag.py:538} INFO - Filling up the DagBag from /home/airflow/.local/lib/python3.8/site-packages/airflow/example_dags/example_branch_python_dop_operator_3.py
[2024-02-12T19:18:55.015+0000] {processor.py:840} INFO - DAG(s) 'example_branch_dop_operator_v3' retrieved from /home/airflow/.local/lib/python3.8/site-packages/airflow/example_dags/example_branch_python_dop_operator_3.py
[2024-02-12T19:18:55.036+0000] {logging_mixin.py:188} INFO - [2024-02-12T19:18:55.036+0000] {dag.py:3036} INFO - Sync 1 DAGs
[2024-02-12T19:18:55.092+0000] {logging_mixin.py:188} INFO - [2024-02-12T19:18:55.092+0000] {dag.py:3823} INFO - Setting next_dagrun for example_branch_dop_operator_v3 to 2024-02-12 19:17:00+00:00, run_after=2024-02-12 19:18:00+00:00
[2024-02-12T19:18:55.138+0000] {processor.py:183} INFO - Processing /home/airflow/.local/lib/python3.8/site-packages/airflow/example_dags/example_branch_python_dop_operator_3.py took 0.139 seconds
[2024-02-12T19:19:25.447+0000] {processor.py:161} INFO - Started process (PID=9614) to work on /home/airflow/.local/lib/python3.8/site-packages/airflow/example_dags/example_branch_python_dop_operator_3.py
[2024-02-12T19:19:25.448+0000] {processor.py:830} INFO - Processing file /home/airflow/.local/lib/python3.8/site-packages/airflow/example_dags/example_branch_python_dop_operator_3.py for tasks to queue
[2024-02-12T19:19:25.449+0000] {logging_mixin.py:188} INFO - [2024-02-12T19:19:25.449+0000] {dagbag.py:538} INFO - Filling up the DagBag from /home/airflow/.local/lib/python3.8/site-packages/airflow/example_dags/example_branch_python_dop_operator_3.py
[2024-02-12T19:19:25.459+0000] {processor.py:840} INFO - DAG(s) 'example_branch_dop_operator_v3' retrieved from /home/airflow/.local/lib/python3.8/site-packages/airflow/example_dags/example_branch_python_dop_operator_3.py
[2024-02-12T19:19:25.481+0000] {logging_mixin.py:188} INFO - [2024-02-12T19:19:25.480+0000] {dag.py:3036} INFO - Sync 1 DAGs
[2024-02-12T19:19:25.514+0000] {logging_mixin.py:188} INFO - [2024-02-12T19:19:25.514+0000] {dag.py:3823} INFO - Setting next_dagrun for example_branch_dop_operator_v3 to 2024-02-12 19:18:00+00:00, run_after=2024-02-12 19:19:00+00:00
[2024-02-12T19:19:25.545+0000] {processor.py:183} INFO - Processing /home/airflow/.local/lib/python3.8/site-packages/airflow/example_dags/example_branch_python_dop_operator_3.py took 0.102 seconds
[2024-02-12T19:19:55.853+0000] {processor.py:161} INFO - Started process (PID=9861) to work on /home/airflow/.local/lib/python3.8/site-packages/airflow/example_dags/example_branch_python_dop_operator_3.py
[2024-02-12T19:19:55.854+0000] {processor.py:830} INFO - Processing file /home/airflow/.local/lib/python3.8/site-packages/airflow/example_dags/example_branch_python_dop_operator_3.py for tasks to queue
[2024-02-12T19:19:55.855+0000] {logging_mixin.py:188} INFO - [2024-02-12T19:19:55.855+0000] {dagbag.py:538} INFO - Filling up the DagBag from /home/airflow/.local/lib/python3.8/site-packages/airflow/example_dags/example_branch_python_dop_operator_3.py
[2024-02-12T19:19:55.875+0000] {processor.py:840} INFO - DAG(s) 'example_branch_dop_operator_v3' retrieved from /home/airflow/.local/lib/python3.8/site-packages/airflow/example_dags/example_branch_python_dop_operator_3.py
[2024-02-12T19:19:55.901+0000] {logging_mixin.py:188} INFO - [2024-02-12T19:19:55.901+0000] {dag.py:3036} INFO - Sync 1 DAGs
[2024-02-12T19:19:55.938+0000] {logging_mixin.py:188} INFO - [2024-02-12T19:19:55.938+0000] {dag.py:3823} INFO - Setting next_dagrun for example_branch_dop_operator_v3 to 2024-02-12 19:18:00+00:00, run_after=2024-02-12 19:19:00+00:00
[2024-02-12T19:19:55.972+0000] {processor.py:183} INFO - Processing /home/airflow/.local/lib/python3.8/site-packages/airflow/example_dags/example_branch_python_dop_operator_3.py took 0.130 seconds
[2024-02-12T19:20:26.419+0000] {processor.py:161} INFO - Started process (PID=10111) to work on /home/airflow/.local/lib/python3.8/site-packages/airflow/example_dags/example_branch_python_dop_operator_3.py
[2024-02-12T19:20:26.420+0000] {processor.py:830} INFO - Processing file /home/airflow/.local/lib/python3.8/site-packages/airflow/example_dags/example_branch_python_dop_operator_3.py for tasks to queue
[2024-02-12T19:20:26.420+0000] {logging_mixin.py:188} INFO - [2024-02-12T19:20:26.420+0000] {dagbag.py:538} INFO - Filling up the DagBag from /home/airflow/.local/lib/python3.8/site-packages/airflow/example_dags/example_branch_python_dop_operator_3.py
[2024-02-12T19:20:26.427+0000] {processor.py:840} INFO - DAG(s) 'example_branch_dop_operator_v3' retrieved from /home/airflow/.local/lib/python3.8/site-packages/airflow/example_dags/example_branch_python_dop_operator_3.py
[2024-02-12T19:20:26.444+0000] {logging_mixin.py:188} INFO - [2024-02-12T19:20:26.443+0000] {dag.py:3036} INFO - Sync 1 DAGs
[2024-02-12T19:20:26.464+0000] {logging_mixin.py:188} INFO - [2024-02-12T19:20:26.464+0000] {dag.py:3823} INFO - Setting next_dagrun for example_branch_dop_operator_v3 to 2024-02-12 19:19:00+00:00, run_after=2024-02-12 19:20:00+00:00
[2024-02-12T19:20:26.494+0000] {processor.py:183} INFO - Processing /home/airflow/.local/lib/python3.8/site-packages/airflow/example_dags/example_branch_python_dop_operator_3.py took 0.078 seconds
[2024-02-12T19:20:56.718+0000] {processor.py:161} INFO - Started process (PID=10359) to work on /home/airflow/.local/lib/python3.8/site-packages/airflow/example_dags/example_branch_python_dop_operator_3.py
[2024-02-12T19:20:56.718+0000] {processor.py:830} INFO - Processing file /home/airflow/.local/lib/python3.8/site-packages/airflow/example_dags/example_branch_python_dop_operator_3.py for tasks to queue
[2024-02-12T19:20:56.719+0000] {logging_mixin.py:188} INFO - [2024-02-12T19:20:56.719+0000] {dagbag.py:538} INFO - Filling up the DagBag from /home/airflow/.local/lib/python3.8/site-packages/airflow/example_dags/example_branch_python_dop_operator_3.py
[2024-02-12T19:20:56.728+0000] {processor.py:840} INFO - DAG(s) 'example_branch_dop_operator_v3' retrieved from /home/airflow/.local/lib/python3.8/site-packages/airflow/example_dags/example_branch_python_dop_operator_3.py
[2024-02-12T19:20:56.745+0000] {logging_mixin.py:188} INFO - [2024-02-12T19:20:56.744+0000] {dag.py:3036} INFO - Sync 1 DAGs
[2024-02-12T19:20:56.766+0000] {logging_mixin.py:188} INFO - [2024-02-12T19:20:56.766+0000] {dag.py:3823} INFO - Setting next_dagrun for example_branch_dop_operator_v3 to 2024-02-12 19:19:00+00:00, run_after=2024-02-12 19:20:00+00:00
[2024-02-12T19:20:56.787+0000] {processor.py:183} INFO - Processing /home/airflow/.local/lib/python3.8/site-packages/airflow/example_dags/example_branch_python_dop_operator_3.py took 0.072 seconds
[2024-02-12T19:21:27.535+0000] {processor.py:161} INFO - Started process (PID=10607) to work on /home/airflow/.local/lib/python3.8/site-packages/airflow/example_dags/example_branch_python_dop_operator_3.py
[2024-02-12T19:21:27.536+0000] {processor.py:830} INFO - Processing file /home/airflow/.local/lib/python3.8/site-packages/airflow/example_dags/example_branch_python_dop_operator_3.py for tasks to queue
[2024-02-12T19:21:27.537+0000] {logging_mixin.py:188} INFO - [2024-02-12T19:21:27.537+0000] {dagbag.py:538} INFO - Filling up the DagBag from /home/airflow/.local/lib/python3.8/site-packages/airflow/example_dags/example_branch_python_dop_operator_3.py
[2024-02-12T19:21:27.547+0000] {processor.py:840} INFO - DAG(s) 'example_branch_dop_operator_v3' retrieved from /home/airflow/.local/lib/python3.8/site-packages/airflow/example_dags/example_branch_python_dop_operator_3.py
[2024-02-12T19:21:27.572+0000] {logging_mixin.py:188} INFO - [2024-02-12T19:21:27.572+0000] {dag.py:3036} INFO - Sync 1 DAGs
[2024-02-12T19:21:27.604+0000] {logging_mixin.py:188} INFO - [2024-02-12T19:21:27.603+0000] {dag.py:3823} INFO - Setting next_dagrun for example_branch_dop_operator_v3 to 2024-02-12 19:20:00+00:00, run_after=2024-02-12 19:21:00+00:00
[2024-02-12T19:21:27.633+0000] {processor.py:183} INFO - Processing /home/airflow/.local/lib/python3.8/site-packages/airflow/example_dags/example_branch_python_dop_operator_3.py took 0.102 seconds
[2024-02-12T19:21:57.763+0000] {processor.py:161} INFO - Started process (PID=10852) to work on /home/airflow/.local/lib/python3.8/site-packages/airflow/example_dags/example_branch_python_dop_operator_3.py
[2024-02-12T19:21:57.765+0000] {processor.py:830} INFO - Processing file /home/airflow/.local/lib/python3.8/site-packages/airflow/example_dags/example_branch_python_dop_operator_3.py for tasks to queue
[2024-02-12T19:21:57.766+0000] {logging_mixin.py:188} INFO - [2024-02-12T19:21:57.765+0000] {dagbag.py:538} INFO - Filling up the DagBag from /home/airflow/.local/lib/python3.8/site-packages/airflow/example_dags/example_branch_python_dop_operator_3.py
[2024-02-12T19:21:57.777+0000] {processor.py:840} INFO - DAG(s) 'example_branch_dop_operator_v3' retrieved from /home/airflow/.local/lib/python3.8/site-packages/airflow/example_dags/example_branch_python_dop_operator_3.py
[2024-02-12T19:21:57.802+0000] {logging_mixin.py:188} INFO - [2024-02-12T19:21:57.801+0000] {dag.py:3036} INFO - Sync 1 DAGs
[2024-02-12T19:21:57.845+0000] {logging_mixin.py:188} INFO - [2024-02-12T19:21:57.845+0000] {dag.py:3823} INFO - Setting next_dagrun for example_branch_dop_operator_v3 to 2024-02-12 19:20:00+00:00, run_after=2024-02-12 19:21:00+00:00
[2024-02-12T19:21:57.871+0000] {processor.py:183} INFO - Processing /home/airflow/.local/lib/python3.8/site-packages/airflow/example_dags/example_branch_python_dop_operator_3.py took 0.110 seconds
[2024-02-12T19:22:28.277+0000] {processor.py:161} INFO - Started process (PID=11099) to work on /home/airflow/.local/lib/python3.8/site-packages/airflow/example_dags/example_branch_python_dop_operator_3.py
[2024-02-12T19:22:28.278+0000] {processor.py:830} INFO - Processing file /home/airflow/.local/lib/python3.8/site-packages/airflow/example_dags/example_branch_python_dop_operator_3.py for tasks to queue
[2024-02-12T19:22:28.279+0000] {logging_mixin.py:188} INFO - [2024-02-12T19:22:28.278+0000] {dagbag.py:538} INFO - Filling up the DagBag from /home/airflow/.local/lib/python3.8/site-packages/airflow/example_dags/example_branch_python_dop_operator_3.py
[2024-02-12T19:22:28.289+0000] {processor.py:840} INFO - DAG(s) 'example_branch_dop_operator_v3' retrieved from /home/airflow/.local/lib/python3.8/site-packages/airflow/example_dags/example_branch_python_dop_operator_3.py
[2024-02-12T19:22:28.309+0000] {logging_mixin.py:188} INFO - [2024-02-12T19:22:28.309+0000] {dag.py:3036} INFO - Sync 1 DAGs
[2024-02-12T19:22:28.344+0000] {logging_mixin.py:188} INFO - [2024-02-12T19:22:28.343+0000] {dag.py:3823} INFO - Setting next_dagrun for example_branch_dop_operator_v3 to 2024-02-12 19:21:00+00:00, run_after=2024-02-12 19:22:00+00:00
[2024-02-12T19:22:28.368+0000] {processor.py:183} INFO - Processing /home/airflow/.local/lib/python3.8/site-packages/airflow/example_dags/example_branch_python_dop_operator_3.py took 0.094 seconds
[2024-02-12T19:22:58.476+0000] {processor.py:161} INFO - Started process (PID=11348) to work on /home/airflow/.local/lib/python3.8/site-packages/airflow/example_dags/example_branch_python_dop_operator_3.py
[2024-02-12T19:22:58.477+0000] {processor.py:830} INFO - Processing file /home/airflow/.local/lib/python3.8/site-packages/airflow/example_dags/example_branch_python_dop_operator_3.py for tasks to queue
[2024-02-12T19:22:58.478+0000] {logging_mixin.py:188} INFO - [2024-02-12T19:22:58.477+0000] {dagbag.py:538} INFO - Filling up the DagBag from /home/airflow/.local/lib/python3.8/site-packages/airflow/example_dags/example_branch_python_dop_operator_3.py
[2024-02-12T19:22:58.488+0000] {processor.py:840} INFO - DAG(s) 'example_branch_dop_operator_v3' retrieved from /home/airflow/.local/lib/python3.8/site-packages/airflow/example_dags/example_branch_python_dop_operator_3.py
[2024-02-12T19:22:58.511+0000] {logging_mixin.py:188} INFO - [2024-02-12T19:22:58.511+0000] {dag.py:3036} INFO - Sync 1 DAGs
[2024-02-12T19:22:58.543+0000] {logging_mixin.py:188} INFO - [2024-02-12T19:22:58.543+0000] {dag.py:3823} INFO - Setting next_dagrun for example_branch_dop_operator_v3 to 2024-02-12 19:21:00+00:00, run_after=2024-02-12 19:22:00+00:00
[2024-02-12T19:22:58.571+0000] {processor.py:183} INFO - Processing /home/airflow/.local/lib/python3.8/site-packages/airflow/example_dags/example_branch_python_dop_operator_3.py took 0.098 seconds
[2024-02-12T19:23:29.028+0000] {processor.py:161} INFO - Started process (PID=11595) to work on /home/airflow/.local/lib/python3.8/site-packages/airflow/example_dags/example_branch_python_dop_operator_3.py
[2024-02-12T19:23:29.029+0000] {processor.py:830} INFO - Processing file /home/airflow/.local/lib/python3.8/site-packages/airflow/example_dags/example_branch_python_dop_operator_3.py for tasks to queue
[2024-02-12T19:23:29.030+0000] {logging_mixin.py:188} INFO - [2024-02-12T19:23:29.030+0000] {dagbag.py:538} INFO - Filling up the DagBag from /home/airflow/.local/lib/python3.8/site-packages/airflow/example_dags/example_branch_python_dop_operator_3.py
[2024-02-12T19:23:29.041+0000] {processor.py:840} INFO - DAG(s) 'example_branch_dop_operator_v3' retrieved from /home/airflow/.local/lib/python3.8/site-packages/airflow/example_dags/example_branch_python_dop_operator_3.py
[2024-02-12T19:23:29.064+0000] {logging_mixin.py:188} INFO - [2024-02-12T19:23:29.063+0000] {dag.py:3036} INFO - Sync 1 DAGs
[2024-02-12T19:23:29.093+0000] {logging_mixin.py:188} INFO - [2024-02-12T19:23:29.093+0000] {dag.py:3823} INFO - Setting next_dagrun for example_branch_dop_operator_v3 to 2024-02-12 19:22:00+00:00, run_after=2024-02-12 19:23:00+00:00
[2024-02-12T19:23:29.116+0000] {processor.py:183} INFO - Processing /home/airflow/.local/lib/python3.8/site-packages/airflow/example_dags/example_branch_python_dop_operator_3.py took 0.091 seconds
[2024-02-12T19:23:59.455+0000] {processor.py:161} INFO - Started process (PID=11840) to work on /home/airflow/.local/lib/python3.8/site-packages/airflow/example_dags/example_branch_python_dop_operator_3.py
[2024-02-12T19:23:59.457+0000] {processor.py:830} INFO - Processing file /home/airflow/.local/lib/python3.8/site-packages/airflow/example_dags/example_branch_python_dop_operator_3.py for tasks to queue
[2024-02-12T19:23:59.458+0000] {logging_mixin.py:188} INFO - [2024-02-12T19:23:59.457+0000] {dagbag.py:538} INFO - Filling up the DagBag from /home/airflow/.local/lib/python3.8/site-packages/airflow/example_dags/example_branch_python_dop_operator_3.py
[2024-02-12T19:23:59.469+0000] {processor.py:840} INFO - DAG(s) 'example_branch_dop_operator_v3' retrieved from /home/airflow/.local/lib/python3.8/site-packages/airflow/example_dags/example_branch_python_dop_operator_3.py
[2024-02-12T19:23:59.490+0000] {logging_mixin.py:188} INFO - [2024-02-12T19:23:59.490+0000] {dag.py:3036} INFO - Sync 1 DAGs
[2024-02-12T19:23:59.523+0000] {logging_mixin.py:188} INFO - [2024-02-12T19:23:59.522+0000] {dag.py:3823} INFO - Setting next_dagrun for example_branch_dop_operator_v3 to 2024-02-12 19:22:00+00:00, run_after=2024-02-12 19:23:00+00:00
[2024-02-12T19:23:59.556+0000] {processor.py:183} INFO - Processing /home/airflow/.local/lib/python3.8/site-packages/airflow/example_dags/example_branch_python_dop_operator_3.py took 0.104 seconds
[2024-02-12T19:24:29.769+0000] {processor.py:161} INFO - Started process (PID=12087) to work on /home/airflow/.local/lib/python3.8/site-packages/airflow/example_dags/example_branch_python_dop_operator_3.py
[2024-02-12T19:24:29.770+0000] {processor.py:830} INFO - Processing file /home/airflow/.local/lib/python3.8/site-packages/airflow/example_dags/example_branch_python_dop_operator_3.py for tasks to queue
[2024-02-12T19:24:29.772+0000] {logging_mixin.py:188} INFO - [2024-02-12T19:24:29.771+0000] {dagbag.py:538} INFO - Filling up the DagBag from /home/airflow/.local/lib/python3.8/site-packages/airflow/example_dags/example_branch_python_dop_operator_3.py
[2024-02-12T19:24:29.789+0000] {processor.py:840} INFO - DAG(s) 'example_branch_dop_operator_v3' retrieved from /home/airflow/.local/lib/python3.8/site-packages/airflow/example_dags/example_branch_python_dop_operator_3.py
[2024-02-12T19:24:29.824+0000] {logging_mixin.py:188} INFO - [2024-02-12T19:24:29.823+0000] {dag.py:3036} INFO - Sync 1 DAGs
[2024-02-12T19:24:29.880+0000] {logging_mixin.py:188} INFO - [2024-02-12T19:24:29.880+0000] {dag.py:3823} INFO - Setting next_dagrun for example_branch_dop_operator_v3 to 2024-02-12 19:23:00+00:00, run_after=2024-02-12 19:24:00+00:00
[2024-02-12T19:24:29.919+0000] {processor.py:183} INFO - Processing /home/airflow/.local/lib/python3.8/site-packages/airflow/example_dags/example_branch_python_dop_operator_3.py took 0.153 seconds
[2024-02-12T19:25:00.040+0000] {processor.py:161} INFO - Started process (PID=12337) to work on /home/airflow/.local/lib/python3.8/site-packages/airflow/example_dags/example_branch_python_dop_operator_3.py
[2024-02-12T19:25:00.041+0000] {processor.py:830} INFO - Processing file /home/airflow/.local/lib/python3.8/site-packages/airflow/example_dags/example_branch_python_dop_operator_3.py for tasks to queue
[2024-02-12T19:25:00.042+0000] {logging_mixin.py:188} INFO - [2024-02-12T19:25:00.042+0000] {dagbag.py:538} INFO - Filling up the DagBag from /home/airflow/.local/lib/python3.8/site-packages/airflow/example_dags/example_branch_python_dop_operator_3.py
[2024-02-12T19:25:00.053+0000] {processor.py:840} INFO - DAG(s) 'example_branch_dop_operator_v3' retrieved from /home/airflow/.local/lib/python3.8/site-packages/airflow/example_dags/example_branch_python_dop_operator_3.py
[2024-02-12T19:25:00.080+0000] {logging_mixin.py:188} INFO - [2024-02-12T19:25:00.079+0000] {dag.py:3036} INFO - Sync 1 DAGs
[2024-02-12T19:25:00.115+0000] {logging_mixin.py:188} INFO - [2024-02-12T19:25:00.115+0000] {dag.py:3823} INFO - Setting next_dagrun for example_branch_dop_operator_v3 to 2024-02-12 19:24:00+00:00, run_after=2024-02-12 19:25:00+00:00
[2024-02-12T19:25:00.137+0000] {processor.py:183} INFO - Processing /home/airflow/.local/lib/python3.8/site-packages/airflow/example_dags/example_branch_python_dop_operator_3.py took 0.100 seconds
[2024-02-12T19:25:31.047+0000] {processor.py:161} INFO - Started process (PID=12583) to work on /home/airflow/.local/lib/python3.8/site-packages/airflow/example_dags/example_branch_python_dop_operator_3.py
[2024-02-12T19:25:31.048+0000] {processor.py:830} INFO - Processing file /home/airflow/.local/lib/python3.8/site-packages/airflow/example_dags/example_branch_python_dop_operator_3.py for tasks to queue
[2024-02-12T19:25:31.049+0000] {logging_mixin.py:188} INFO - [2024-02-12T19:25:31.049+0000] {dagbag.py:538} INFO - Filling up the DagBag from /home/airflow/.local/lib/python3.8/site-packages/airflow/example_dags/example_branch_python_dop_operator_3.py
[2024-02-12T19:25:31.059+0000] {processor.py:840} INFO - DAG(s) 'example_branch_dop_operator_v3' retrieved from /home/airflow/.local/lib/python3.8/site-packages/airflow/example_dags/example_branch_python_dop_operator_3.py
[2024-02-12T19:25:31.072+0000] {logging_mixin.py:188} INFO - [2024-02-12T19:25:31.072+0000] {dag.py:3036} INFO - Sync 1 DAGs
[2024-02-12T19:25:31.109+0000] {logging_mixin.py:188} INFO - [2024-02-12T19:25:31.109+0000] {dag.py:3823} INFO - Setting next_dagrun for example_branch_dop_operator_v3 to 2024-02-12 19:24:00+00:00, run_after=2024-02-12 19:25:00+00:00
[2024-02-12T19:25:31.138+0000] {processor.py:183} INFO - Processing /home/airflow/.local/lib/python3.8/site-packages/airflow/example_dags/example_branch_python_dop_operator_3.py took 0.094 seconds
[2024-02-12T19:26:02.118+0000] {processor.py:161} INFO - Started process (PID=12828) to work on /home/airflow/.local/lib/python3.8/site-packages/airflow/example_dags/example_branch_python_dop_operator_3.py
[2024-02-12T19:26:02.119+0000] {processor.py:830} INFO - Processing file /home/airflow/.local/lib/python3.8/site-packages/airflow/example_dags/example_branch_python_dop_operator_3.py for tasks to queue
[2024-02-12T19:26:02.120+0000] {logging_mixin.py:188} INFO - [2024-02-12T19:26:02.120+0000] {dagbag.py:538} INFO - Filling up the DagBag from /home/airflow/.local/lib/python3.8/site-packages/airflow/example_dags/example_branch_python_dop_operator_3.py
[2024-02-12T19:26:02.139+0000] {processor.py:840} INFO - DAG(s) 'example_branch_dop_operator_v3' retrieved from /home/airflow/.local/lib/python3.8/site-packages/airflow/example_dags/example_branch_python_dop_operator_3.py
[2024-02-12T19:26:02.272+0000] {logging_mixin.py:188} INFO - [2024-02-12T19:26:02.272+0000] {dag.py:3036} INFO - Sync 1 DAGs
[2024-02-12T19:26:02.450+0000] {logging_mixin.py:188} INFO - [2024-02-12T19:26:02.450+0000] {dag.py:3823} INFO - Setting next_dagrun for example_branch_dop_operator_v3 to 2024-02-12 19:25:00+00:00, run_after=2024-02-12 19:26:00+00:00
[2024-02-12T19:26:02.474+0000] {processor.py:183} INFO - Processing /home/airflow/.local/lib/python3.8/site-packages/airflow/example_dags/example_branch_python_dop_operator_3.py took 0.362 seconds
