[2024-02-12T19:00:15.118+0000] {processor.py:161} INFO - Started process (PID=321) to work on /home/airflow/.local/lib/python3.8/site-packages/airflow/example_dags/example_external_task_marker_dag.py
[2024-02-12T19:00:15.123+0000] {processor.py:830} INFO - Processing file /home/airflow/.local/lib/python3.8/site-packages/airflow/example_dags/example_external_task_marker_dag.py for tasks to queue
[2024-02-12T19:00:15.127+0000] {logging_mixin.py:188} INFO - [2024-02-12T19:00:15.127+0000] {dagbag.py:538} INFO - Filling up the DagBag from /home/airflow/.local/lib/python3.8/site-packages/airflow/example_dags/example_external_task_marker_dag.py
[2024-02-12T19:00:15.141+0000] {processor.py:840} INFO - DAG(s) 'example_external_task_marker_parent', 'example_external_task_marker_child' retrieved from /home/airflow/.local/lib/python3.8/site-packages/airflow/example_dags/example_external_task_marker_dag.py
[2024-02-12T19:00:15.682+0000] {logging_mixin.py:188} INFO - [2024-02-12T19:00:15.681+0000] {dag.py:3036} INFO - Sync 2 DAGs
[2024-02-12T19:00:15.713+0000] {logging_mixin.py:188} INFO - [2024-02-12T19:00:15.712+0000] {dag.py:3823} INFO - Setting next_dagrun for example_external_task_marker_child to None, run_after=None
[2024-02-12T19:00:15.725+0000] {logging_mixin.py:188} INFO - [2024-02-12T19:00:15.725+0000] {dag.py:3823} INFO - Setting next_dagrun for example_external_task_marker_parent to None, run_after=None
[2024-02-12T19:00:15.789+0000] {processor.py:183} INFO - Processing /home/airflow/.local/lib/python3.8/site-packages/airflow/example_dags/example_external_task_marker_dag.py took 0.679 seconds
[2024-02-12T19:00:45.970+0000] {processor.py:161} INFO - Started process (PID=570) to work on /home/airflow/.local/lib/python3.8/site-packages/airflow/example_dags/example_external_task_marker_dag.py
[2024-02-12T19:00:45.971+0000] {processor.py:830} INFO - Processing file /home/airflow/.local/lib/python3.8/site-packages/airflow/example_dags/example_external_task_marker_dag.py for tasks to queue
[2024-02-12T19:00:45.972+0000] {logging_mixin.py:188} INFO - [2024-02-12T19:00:45.971+0000] {dagbag.py:538} INFO - Filling up the DagBag from /home/airflow/.local/lib/python3.8/site-packages/airflow/example_dags/example_external_task_marker_dag.py
[2024-02-12T19:00:45.976+0000] {processor.py:840} INFO - DAG(s) 'example_external_task_marker_child', 'example_external_task_marker_parent' retrieved from /home/airflow/.local/lib/python3.8/site-packages/airflow/example_dags/example_external_task_marker_dag.py
[2024-02-12T19:00:46.000+0000] {logging_mixin.py:188} INFO - [2024-02-12T19:00:46.000+0000] {dag.py:3036} INFO - Sync 2 DAGs
[2024-02-12T19:00:46.017+0000] {logging_mixin.py:188} INFO - [2024-02-12T19:00:46.016+0000] {dag.py:3823} INFO - Setting next_dagrun for example_external_task_marker_child to None, run_after=None
[2024-02-12T19:00:46.019+0000] {logging_mixin.py:188} INFO - [2024-02-12T19:00:46.019+0000] {dag.py:3823} INFO - Setting next_dagrun for example_external_task_marker_parent to None, run_after=None
[2024-02-12T19:00:46.040+0000] {processor.py:183} INFO - Processing /home/airflow/.local/lib/python3.8/site-packages/airflow/example_dags/example_external_task_marker_dag.py took 0.073 seconds
[2024-02-12T19:01:16.152+0000] {processor.py:161} INFO - Started process (PID=817) to work on /home/airflow/.local/lib/python3.8/site-packages/airflow/example_dags/example_external_task_marker_dag.py
[2024-02-12T19:01:16.152+0000] {processor.py:830} INFO - Processing file /home/airflow/.local/lib/python3.8/site-packages/airflow/example_dags/example_external_task_marker_dag.py for tasks to queue
[2024-02-12T19:01:16.153+0000] {logging_mixin.py:188} INFO - [2024-02-12T19:01:16.153+0000] {dagbag.py:538} INFO - Filling up the DagBag from /home/airflow/.local/lib/python3.8/site-packages/airflow/example_dags/example_external_task_marker_dag.py
[2024-02-12T19:01:16.158+0000] {processor.py:840} INFO - DAG(s) 'example_external_task_marker_parent', 'example_external_task_marker_child' retrieved from /home/airflow/.local/lib/python3.8/site-packages/airflow/example_dags/example_external_task_marker_dag.py
[2024-02-12T19:01:16.177+0000] {logging_mixin.py:188} INFO - [2024-02-12T19:01:16.177+0000] {dag.py:3036} INFO - Sync 2 DAGs
[2024-02-12T19:01:16.197+0000] {logging_mixin.py:188} INFO - [2024-02-12T19:01:16.197+0000] {dag.py:3823} INFO - Setting next_dagrun for example_external_task_marker_child to None, run_after=None
[2024-02-12T19:01:16.208+0000] {logging_mixin.py:188} INFO - [2024-02-12T19:01:16.207+0000] {dag.py:3823} INFO - Setting next_dagrun for example_external_task_marker_parent to None, run_after=None
[2024-02-12T19:01:16.250+0000] {processor.py:183} INFO - Processing /home/airflow/.local/lib/python3.8/site-packages/airflow/example_dags/example_external_task_marker_dag.py took 0.101 seconds
[2024-02-12T19:01:46.654+0000] {processor.py:161} INFO - Started process (PID=1064) to work on /home/airflow/.local/lib/python3.8/site-packages/airflow/example_dags/example_external_task_marker_dag.py
[2024-02-12T19:01:46.655+0000] {processor.py:830} INFO - Processing file /home/airflow/.local/lib/python3.8/site-packages/airflow/example_dags/example_external_task_marker_dag.py for tasks to queue
[2024-02-12T19:01:46.656+0000] {logging_mixin.py:188} INFO - [2024-02-12T19:01:46.655+0000] {dagbag.py:538} INFO - Filling up the DagBag from /home/airflow/.local/lib/python3.8/site-packages/airflow/example_dags/example_external_task_marker_dag.py
[2024-02-12T19:01:46.662+0000] {processor.py:840} INFO - DAG(s) 'example_external_task_marker_child', 'example_external_task_marker_parent' retrieved from /home/airflow/.local/lib/python3.8/site-packages/airflow/example_dags/example_external_task_marker_dag.py
[2024-02-12T19:01:46.688+0000] {logging_mixin.py:188} INFO - [2024-02-12T19:01:46.688+0000] {dag.py:3036} INFO - Sync 2 DAGs
[2024-02-12T19:01:46.704+0000] {logging_mixin.py:188} INFO - [2024-02-12T19:01:46.704+0000] {dag.py:3823} INFO - Setting next_dagrun for example_external_task_marker_child to None, run_after=None
[2024-02-12T19:01:46.708+0000] {logging_mixin.py:188} INFO - [2024-02-12T19:01:46.708+0000] {dag.py:3823} INFO - Setting next_dagrun for example_external_task_marker_parent to None, run_after=None
[2024-02-12T19:01:46.731+0000] {processor.py:183} INFO - Processing /home/airflow/.local/lib/python3.8/site-packages/airflow/example_dags/example_external_task_marker_dag.py took 0.081 seconds
[2024-02-12T19:02:17.091+0000] {processor.py:161} INFO - Started process (PID=1311) to work on /home/airflow/.local/lib/python3.8/site-packages/airflow/example_dags/example_external_task_marker_dag.py
[2024-02-12T19:02:17.091+0000] {processor.py:830} INFO - Processing file /home/airflow/.local/lib/python3.8/site-packages/airflow/example_dags/example_external_task_marker_dag.py for tasks to queue
[2024-02-12T19:02:17.092+0000] {logging_mixin.py:188} INFO - [2024-02-12T19:02:17.092+0000] {dagbag.py:538} INFO - Filling up the DagBag from /home/airflow/.local/lib/python3.8/site-packages/airflow/example_dags/example_external_task_marker_dag.py
[2024-02-12T19:02:17.097+0000] {processor.py:840} INFO - DAG(s) 'example_external_task_marker_child', 'example_external_task_marker_parent' retrieved from /home/airflow/.local/lib/python3.8/site-packages/airflow/example_dags/example_external_task_marker_dag.py
[2024-02-12T19:02:17.116+0000] {logging_mixin.py:188} INFO - [2024-02-12T19:02:17.116+0000] {dag.py:3036} INFO - Sync 2 DAGs
[2024-02-12T19:02:17.126+0000] {logging_mixin.py:188} INFO - [2024-02-12T19:02:17.126+0000] {dag.py:3823} INFO - Setting next_dagrun for example_external_task_marker_child to None, run_after=None
[2024-02-12T19:02:17.129+0000] {logging_mixin.py:188} INFO - [2024-02-12T19:02:17.129+0000] {dag.py:3823} INFO - Setting next_dagrun for example_external_task_marker_parent to None, run_after=None
[2024-02-12T19:02:17.149+0000] {processor.py:183} INFO - Processing /home/airflow/.local/lib/python3.8/site-packages/airflow/example_dags/example_external_task_marker_dag.py took 0.061 seconds
[2024-02-12T19:02:47.612+0000] {processor.py:161} INFO - Started process (PID=1559) to work on /home/airflow/.local/lib/python3.8/site-packages/airflow/example_dags/example_external_task_marker_dag.py
[2024-02-12T19:02:47.613+0000] {processor.py:830} INFO - Processing file /home/airflow/.local/lib/python3.8/site-packages/airflow/example_dags/example_external_task_marker_dag.py for tasks to queue
[2024-02-12T19:02:47.614+0000] {logging_mixin.py:188} INFO - [2024-02-12T19:02:47.613+0000] {dagbag.py:538} INFO - Filling up the DagBag from /home/airflow/.local/lib/python3.8/site-packages/airflow/example_dags/example_external_task_marker_dag.py
[2024-02-12T19:02:47.620+0000] {processor.py:840} INFO - DAG(s) 'example_external_task_marker_parent', 'example_external_task_marker_child' retrieved from /home/airflow/.local/lib/python3.8/site-packages/airflow/example_dags/example_external_task_marker_dag.py
[2024-02-12T19:02:47.649+0000] {logging_mixin.py:188} INFO - [2024-02-12T19:02:47.649+0000] {dag.py:3036} INFO - Sync 2 DAGs
[2024-02-12T19:02:47.665+0000] {logging_mixin.py:188} INFO - [2024-02-12T19:02:47.665+0000] {dag.py:3823} INFO - Setting next_dagrun for example_external_task_marker_child to None, run_after=None
[2024-02-12T19:02:47.669+0000] {logging_mixin.py:188} INFO - [2024-02-12T19:02:47.669+0000] {dag.py:3823} INFO - Setting next_dagrun for example_external_task_marker_parent to None, run_after=None
[2024-02-12T19:02:47.691+0000] {processor.py:183} INFO - Processing /home/airflow/.local/lib/python3.8/site-packages/airflow/example_dags/example_external_task_marker_dag.py took 0.082 seconds
[2024-02-12T19:03:17.966+0000] {processor.py:161} INFO - Started process (PID=1806) to work on /home/airflow/.local/lib/python3.8/site-packages/airflow/example_dags/example_external_task_marker_dag.py
[2024-02-12T19:03:17.968+0000] {processor.py:830} INFO - Processing file /home/airflow/.local/lib/python3.8/site-packages/airflow/example_dags/example_external_task_marker_dag.py for tasks to queue
[2024-02-12T19:03:17.969+0000] {logging_mixin.py:188} INFO - [2024-02-12T19:03:17.969+0000] {dagbag.py:538} INFO - Filling up the DagBag from /home/airflow/.local/lib/python3.8/site-packages/airflow/example_dags/example_external_task_marker_dag.py
[2024-02-12T19:03:17.976+0000] {processor.py:840} INFO - DAG(s) 'example_external_task_marker_parent', 'example_external_task_marker_child' retrieved from /home/airflow/.local/lib/python3.8/site-packages/airflow/example_dags/example_external_task_marker_dag.py
[2024-02-12T19:03:18.001+0000] {logging_mixin.py:188} INFO - [2024-02-12T19:03:18.000+0000] {dag.py:3036} INFO - Sync 2 DAGs
[2024-02-12T19:03:18.017+0000] {logging_mixin.py:188} INFO - [2024-02-12T19:03:18.016+0000] {dag.py:3823} INFO - Setting next_dagrun for example_external_task_marker_child to None, run_after=None
[2024-02-12T19:03:18.021+0000] {logging_mixin.py:188} INFO - [2024-02-12T19:03:18.021+0000] {dag.py:3823} INFO - Setting next_dagrun for example_external_task_marker_parent to None, run_after=None
[2024-02-12T19:03:18.067+0000] {processor.py:183} INFO - Processing /home/airflow/.local/lib/python3.8/site-packages/airflow/example_dags/example_external_task_marker_dag.py took 0.105 seconds
[2024-02-12T19:03:48.837+0000] {processor.py:161} INFO - Started process (PID=2052) to work on /home/airflow/.local/lib/python3.8/site-packages/airflow/example_dags/example_external_task_marker_dag.py
[2024-02-12T19:03:48.838+0000] {processor.py:830} INFO - Processing file /home/airflow/.local/lib/python3.8/site-packages/airflow/example_dags/example_external_task_marker_dag.py for tasks to queue
[2024-02-12T19:03:48.839+0000] {logging_mixin.py:188} INFO - [2024-02-12T19:03:48.839+0000] {dagbag.py:538} INFO - Filling up the DagBag from /home/airflow/.local/lib/python3.8/site-packages/airflow/example_dags/example_external_task_marker_dag.py
[2024-02-12T19:03:48.845+0000] {processor.py:840} INFO - DAG(s) 'example_external_task_marker_parent', 'example_external_task_marker_child' retrieved from /home/airflow/.local/lib/python3.8/site-packages/airflow/example_dags/example_external_task_marker_dag.py
[2024-02-12T19:03:48.872+0000] {logging_mixin.py:188} INFO - [2024-02-12T19:03:48.872+0000] {dag.py:3036} INFO - Sync 2 DAGs
[2024-02-12T19:03:48.888+0000] {logging_mixin.py:188} INFO - [2024-02-12T19:03:48.887+0000] {dag.py:3823} INFO - Setting next_dagrun for example_external_task_marker_child to None, run_after=None
[2024-02-12T19:03:48.892+0000] {logging_mixin.py:188} INFO - [2024-02-12T19:03:48.892+0000] {dag.py:3823} INFO - Setting next_dagrun for example_external_task_marker_parent to None, run_after=None
[2024-02-12T19:03:48.915+0000] {processor.py:183} INFO - Processing /home/airflow/.local/lib/python3.8/site-packages/airflow/example_dags/example_external_task_marker_dag.py took 0.081 seconds
[2024-02-12T19:04:19.550+0000] {processor.py:161} INFO - Started process (PID=2319) to work on /home/airflow/.local/lib/python3.8/site-packages/airflow/example_dags/example_external_task_marker_dag.py
[2024-02-12T19:04:19.551+0000] {processor.py:830} INFO - Processing file /home/airflow/.local/lib/python3.8/site-packages/airflow/example_dags/example_external_task_marker_dag.py for tasks to queue
[2024-02-12T19:04:19.563+0000] {logging_mixin.py:188} INFO - [2024-02-12T19:04:19.563+0000] {dagbag.py:538} INFO - Filling up the DagBag from /home/airflow/.local/lib/python3.8/site-packages/airflow/example_dags/example_external_task_marker_dag.py
[2024-02-12T19:04:19.572+0000] {processor.py:840} INFO - DAG(s) 'example_external_task_marker_parent', 'example_external_task_marker_child' retrieved from /home/airflow/.local/lib/python3.8/site-packages/airflow/example_dags/example_external_task_marker_dag.py
[2024-02-12T19:04:19.611+0000] {logging_mixin.py:188} INFO - [2024-02-12T19:04:19.611+0000] {dag.py:3036} INFO - Sync 2 DAGs
[2024-02-12T19:04:19.634+0000] {logging_mixin.py:188} INFO - [2024-02-12T19:04:19.634+0000] {dag.py:3823} INFO - Setting next_dagrun for example_external_task_marker_child to None, run_after=None
[2024-02-12T19:04:19.638+0000] {logging_mixin.py:188} INFO - [2024-02-12T19:04:19.637+0000] {dag.py:3823} INFO - Setting next_dagrun for example_external_task_marker_parent to None, run_after=None
[2024-02-12T19:04:19.665+0000] {processor.py:183} INFO - Processing /home/airflow/.local/lib/python3.8/site-packages/airflow/example_dags/example_external_task_marker_dag.py took 0.118 seconds
[2024-02-12T19:04:50.246+0000] {processor.py:161} INFO - Started process (PID=2572) to work on /home/airflow/.local/lib/python3.8/site-packages/airflow/example_dags/example_external_task_marker_dag.py
[2024-02-12T19:04:50.247+0000] {processor.py:830} INFO - Processing file /home/airflow/.local/lib/python3.8/site-packages/airflow/example_dags/example_external_task_marker_dag.py for tasks to queue
[2024-02-12T19:04:50.248+0000] {logging_mixin.py:188} INFO - [2024-02-12T19:04:50.247+0000] {dagbag.py:538} INFO - Filling up the DagBag from /home/airflow/.local/lib/python3.8/site-packages/airflow/example_dags/example_external_task_marker_dag.py
[2024-02-12T19:04:50.254+0000] {processor.py:840} INFO - DAG(s) 'example_external_task_marker_child', 'example_external_task_marker_parent' retrieved from /home/airflow/.local/lib/python3.8/site-packages/airflow/example_dags/example_external_task_marker_dag.py
[2024-02-12T19:04:50.280+0000] {logging_mixin.py:188} INFO - [2024-02-12T19:04:50.279+0000] {dag.py:3036} INFO - Sync 2 DAGs
[2024-02-12T19:04:50.299+0000] {logging_mixin.py:188} INFO - [2024-02-12T19:04:50.299+0000] {dag.py:3823} INFO - Setting next_dagrun for example_external_task_marker_child to None, run_after=None
[2024-02-12T19:04:50.303+0000] {logging_mixin.py:188} INFO - [2024-02-12T19:04:50.303+0000] {dag.py:3823} INFO - Setting next_dagrun for example_external_task_marker_parent to None, run_after=None
[2024-02-12T19:04:50.327+0000] {processor.py:183} INFO - Processing /home/airflow/.local/lib/python3.8/site-packages/airflow/example_dags/example_external_task_marker_dag.py took 0.084 seconds
[2024-02-12T19:05:20.890+0000] {processor.py:161} INFO - Started process (PID=2819) to work on /home/airflow/.local/lib/python3.8/site-packages/airflow/example_dags/example_external_task_marker_dag.py
[2024-02-12T19:05:20.891+0000] {processor.py:830} INFO - Processing file /home/airflow/.local/lib/python3.8/site-packages/airflow/example_dags/example_external_task_marker_dag.py for tasks to queue
[2024-02-12T19:05:20.892+0000] {logging_mixin.py:188} INFO - [2024-02-12T19:05:20.891+0000] {dagbag.py:538} INFO - Filling up the DagBag from /home/airflow/.local/lib/python3.8/site-packages/airflow/example_dags/example_external_task_marker_dag.py
[2024-02-12T19:05:20.899+0000] {processor.py:840} INFO - DAG(s) 'example_external_task_marker_parent', 'example_external_task_marker_child' retrieved from /home/airflow/.local/lib/python3.8/site-packages/airflow/example_dags/example_external_task_marker_dag.py
[2024-02-12T19:05:20.928+0000] {logging_mixin.py:188} INFO - [2024-02-12T19:05:20.928+0000] {dag.py:3036} INFO - Sync 2 DAGs
[2024-02-12T19:05:20.944+0000] {logging_mixin.py:188} INFO - [2024-02-12T19:05:20.944+0000] {dag.py:3823} INFO - Setting next_dagrun for example_external_task_marker_child to None, run_after=None
[2024-02-12T19:05:20.948+0000] {logging_mixin.py:188} INFO - [2024-02-12T19:05:20.948+0000] {dag.py:3823} INFO - Setting next_dagrun for example_external_task_marker_parent to None, run_after=None
[2024-02-12T19:05:21.006+0000] {processor.py:183} INFO - Processing /home/airflow/.local/lib/python3.8/site-packages/airflow/example_dags/example_external_task_marker_dag.py took 0.119 seconds
[2024-02-12T19:05:51.553+0000] {processor.py:161} INFO - Started process (PID=3064) to work on /home/airflow/.local/lib/python3.8/site-packages/airflow/example_dags/example_external_task_marker_dag.py
[2024-02-12T19:05:51.553+0000] {processor.py:830} INFO - Processing file /home/airflow/.local/lib/python3.8/site-packages/airflow/example_dags/example_external_task_marker_dag.py for tasks to queue
[2024-02-12T19:05:51.554+0000] {logging_mixin.py:188} INFO - [2024-02-12T19:05:51.554+0000] {dagbag.py:538} INFO - Filling up the DagBag from /home/airflow/.local/lib/python3.8/site-packages/airflow/example_dags/example_external_task_marker_dag.py
[2024-02-12T19:05:51.561+0000] {processor.py:840} INFO - DAG(s) 'example_external_task_marker_parent', 'example_external_task_marker_child' retrieved from /home/airflow/.local/lib/python3.8/site-packages/airflow/example_dags/example_external_task_marker_dag.py
[2024-02-12T19:05:51.588+0000] {logging_mixin.py:188} INFO - [2024-02-12T19:05:51.588+0000] {dag.py:3036} INFO - Sync 2 DAGs
[2024-02-12T19:05:51.601+0000] {logging_mixin.py:188} INFO - [2024-02-12T19:05:51.600+0000] {dag.py:3823} INFO - Setting next_dagrun for example_external_task_marker_child to None, run_after=None
[2024-02-12T19:05:51.604+0000] {logging_mixin.py:188} INFO - [2024-02-12T19:05:51.604+0000] {dag.py:3823} INFO - Setting next_dagrun for example_external_task_marker_parent to None, run_after=None
[2024-02-12T19:05:51.627+0000] {processor.py:183} INFO - Processing /home/airflow/.local/lib/python3.8/site-packages/airflow/example_dags/example_external_task_marker_dag.py took 0.078 seconds
[2024-02-12T19:06:22.442+0000] {processor.py:161} INFO - Started process (PID=3314) to work on /home/airflow/.local/lib/python3.8/site-packages/airflow/example_dags/example_external_task_marker_dag.py
[2024-02-12T19:06:22.443+0000] {processor.py:830} INFO - Processing file /home/airflow/.local/lib/python3.8/site-packages/airflow/example_dags/example_external_task_marker_dag.py for tasks to queue
[2024-02-12T19:06:22.444+0000] {logging_mixin.py:188} INFO - [2024-02-12T19:06:22.444+0000] {dagbag.py:538} INFO - Filling up the DagBag from /home/airflow/.local/lib/python3.8/site-packages/airflow/example_dags/example_external_task_marker_dag.py
[2024-02-12T19:06:22.449+0000] {processor.py:840} INFO - DAG(s) 'example_external_task_marker_parent', 'example_external_task_marker_child' retrieved from /home/airflow/.local/lib/python3.8/site-packages/airflow/example_dags/example_external_task_marker_dag.py
[2024-02-12T19:06:22.470+0000] {logging_mixin.py:188} INFO - [2024-02-12T19:06:22.469+0000] {dag.py:3036} INFO - Sync 2 DAGs
[2024-02-12T19:06:22.480+0000] {logging_mixin.py:188} INFO - [2024-02-12T19:06:22.480+0000] {dag.py:3823} INFO - Setting next_dagrun for example_external_task_marker_child to None, run_after=None
[2024-02-12T19:06:22.483+0000] {logging_mixin.py:188} INFO - [2024-02-12T19:06:22.482+0000] {dag.py:3823} INFO - Setting next_dagrun for example_external_task_marker_parent to None, run_after=None
[2024-02-12T19:06:22.501+0000] {processor.py:183} INFO - Processing /home/airflow/.local/lib/python3.8/site-packages/airflow/example_dags/example_external_task_marker_dag.py took 0.061 seconds
[2024-02-12T19:06:52.720+0000] {processor.py:161} INFO - Started process (PID=3559) to work on /home/airflow/.local/lib/python3.8/site-packages/airflow/example_dags/example_external_task_marker_dag.py
[2024-02-12T19:06:52.721+0000] {processor.py:830} INFO - Processing file /home/airflow/.local/lib/python3.8/site-packages/airflow/example_dags/example_external_task_marker_dag.py for tasks to queue
[2024-02-12T19:06:52.722+0000] {logging_mixin.py:188} INFO - [2024-02-12T19:06:52.722+0000] {dagbag.py:538} INFO - Filling up the DagBag from /home/airflow/.local/lib/python3.8/site-packages/airflow/example_dags/example_external_task_marker_dag.py
[2024-02-12T19:06:52.729+0000] {processor.py:840} INFO - DAG(s) 'example_external_task_marker_child', 'example_external_task_marker_parent' retrieved from /home/airflow/.local/lib/python3.8/site-packages/airflow/example_dags/example_external_task_marker_dag.py
[2024-02-12T19:06:52.756+0000] {logging_mixin.py:188} INFO - [2024-02-12T19:06:52.756+0000] {dag.py:3036} INFO - Sync 2 DAGs
[2024-02-12T19:06:52.767+0000] {logging_mixin.py:188} INFO - [2024-02-12T19:06:52.767+0000] {dag.py:3823} INFO - Setting next_dagrun for example_external_task_marker_child to None, run_after=None
[2024-02-12T19:06:52.771+0000] {logging_mixin.py:188} INFO - [2024-02-12T19:06:52.771+0000] {dag.py:3823} INFO - Setting next_dagrun for example_external_task_marker_parent to None, run_after=None
[2024-02-12T19:06:52.794+0000] {processor.py:183} INFO - Processing /home/airflow/.local/lib/python3.8/site-packages/airflow/example_dags/example_external_task_marker_dag.py took 0.078 seconds
[2024-02-12T19:07:23.973+0000] {processor.py:161} INFO - Started process (PID=3809) to work on /home/airflow/.local/lib/python3.8/site-packages/airflow/example_dags/example_external_task_marker_dag.py
[2024-02-12T19:07:23.974+0000] {processor.py:830} INFO - Processing file /home/airflow/.local/lib/python3.8/site-packages/airflow/example_dags/example_external_task_marker_dag.py for tasks to queue
[2024-02-12T19:07:23.977+0000] {logging_mixin.py:188} INFO - [2024-02-12T19:07:23.976+0000] {dagbag.py:538} INFO - Filling up the DagBag from /home/airflow/.local/lib/python3.8/site-packages/airflow/example_dags/example_external_task_marker_dag.py
[2024-02-12T19:07:23.990+0000] {processor.py:840} INFO - DAG(s) 'example_external_task_marker_child', 'example_external_task_marker_parent' retrieved from /home/airflow/.local/lib/python3.8/site-packages/airflow/example_dags/example_external_task_marker_dag.py
[2024-02-12T19:07:24.039+0000] {logging_mixin.py:188} INFO - [2024-02-12T19:07:24.039+0000] {dag.py:3036} INFO - Sync 2 DAGs
[2024-02-12T19:07:24.056+0000] {logging_mixin.py:188} INFO - [2024-02-12T19:07:24.056+0000] {dag.py:3823} INFO - Setting next_dagrun for example_external_task_marker_child to None, run_after=None
[2024-02-12T19:07:24.062+0000] {logging_mixin.py:188} INFO - [2024-02-12T19:07:24.061+0000] {dag.py:3823} INFO - Setting next_dagrun for example_external_task_marker_parent to None, run_after=None
[2024-02-12T19:07:24.095+0000] {processor.py:183} INFO - Processing /home/airflow/.local/lib/python3.8/site-packages/airflow/example_dags/example_external_task_marker_dag.py took 0.126 seconds
[2024-02-12T19:07:55.113+0000] {processor.py:161} INFO - Started process (PID=4054) to work on /home/airflow/.local/lib/python3.8/site-packages/airflow/example_dags/example_external_task_marker_dag.py
[2024-02-12T19:07:55.114+0000] {processor.py:830} INFO - Processing file /home/airflow/.local/lib/python3.8/site-packages/airflow/example_dags/example_external_task_marker_dag.py for tasks to queue
[2024-02-12T19:07:55.115+0000] {logging_mixin.py:188} INFO - [2024-02-12T19:07:55.115+0000] {dagbag.py:538} INFO - Filling up the DagBag from /home/airflow/.local/lib/python3.8/site-packages/airflow/example_dags/example_external_task_marker_dag.py
[2024-02-12T19:07:55.122+0000] {processor.py:840} INFO - DAG(s) 'example_external_task_marker_child', 'example_external_task_marker_parent' retrieved from /home/airflow/.local/lib/python3.8/site-packages/airflow/example_dags/example_external_task_marker_dag.py
[2024-02-12T19:07:55.170+0000] {logging_mixin.py:188} INFO - [2024-02-12T19:07:55.169+0000] {dag.py:3036} INFO - Sync 2 DAGs
[2024-02-12T19:07:55.187+0000] {logging_mixin.py:188} INFO - [2024-02-12T19:07:55.186+0000] {dag.py:3823} INFO - Setting next_dagrun for example_external_task_marker_child to None, run_after=None
[2024-02-12T19:07:55.191+0000] {logging_mixin.py:188} INFO - [2024-02-12T19:07:55.191+0000] {dag.py:3823} INFO - Setting next_dagrun for example_external_task_marker_parent to None, run_after=None
[2024-02-12T19:07:55.227+0000] {processor.py:183} INFO - Processing /home/airflow/.local/lib/python3.8/site-packages/airflow/example_dags/example_external_task_marker_dag.py took 0.118 seconds
[2024-02-12T19:08:26.108+0000] {processor.py:161} INFO - Started process (PID=4302) to work on /home/airflow/.local/lib/python3.8/site-packages/airflow/example_dags/example_external_task_marker_dag.py
[2024-02-12T19:08:26.109+0000] {processor.py:830} INFO - Processing file /home/airflow/.local/lib/python3.8/site-packages/airflow/example_dags/example_external_task_marker_dag.py for tasks to queue
[2024-02-12T19:08:26.110+0000] {logging_mixin.py:188} INFO - [2024-02-12T19:08:26.110+0000] {dagbag.py:538} INFO - Filling up the DagBag from /home/airflow/.local/lib/python3.8/site-packages/airflow/example_dags/example_external_task_marker_dag.py
[2024-02-12T19:08:26.116+0000] {processor.py:840} INFO - DAG(s) 'example_external_task_marker_child', 'example_external_task_marker_parent' retrieved from /home/airflow/.local/lib/python3.8/site-packages/airflow/example_dags/example_external_task_marker_dag.py
[2024-02-12T19:08:26.144+0000] {logging_mixin.py:188} INFO - [2024-02-12T19:08:26.144+0000] {dag.py:3036} INFO - Sync 2 DAGs
[2024-02-12T19:08:26.158+0000] {logging_mixin.py:188} INFO - [2024-02-12T19:08:26.158+0000] {dag.py:3823} INFO - Setting next_dagrun for example_external_task_marker_child to None, run_after=None
[2024-02-12T19:08:26.162+0000] {logging_mixin.py:188} INFO - [2024-02-12T19:08:26.162+0000] {dag.py:3823} INFO - Setting next_dagrun for example_external_task_marker_parent to None, run_after=None
[2024-02-12T19:08:26.190+0000] {processor.py:183} INFO - Processing /home/airflow/.local/lib/python3.8/site-packages/airflow/example_dags/example_external_task_marker_dag.py took 0.086 seconds
[2024-02-12T19:08:56.412+0000] {processor.py:161} INFO - Started process (PID=4550) to work on /home/airflow/.local/lib/python3.8/site-packages/airflow/example_dags/example_external_task_marker_dag.py
[2024-02-12T19:08:56.413+0000] {processor.py:830} INFO - Processing file /home/airflow/.local/lib/python3.8/site-packages/airflow/example_dags/example_external_task_marker_dag.py for tasks to queue
[2024-02-12T19:08:56.414+0000] {logging_mixin.py:188} INFO - [2024-02-12T19:08:56.414+0000] {dagbag.py:538} INFO - Filling up the DagBag from /home/airflow/.local/lib/python3.8/site-packages/airflow/example_dags/example_external_task_marker_dag.py
[2024-02-12T19:08:56.421+0000] {processor.py:840} INFO - DAG(s) 'example_external_task_marker_child', 'example_external_task_marker_parent' retrieved from /home/airflow/.local/lib/python3.8/site-packages/airflow/example_dags/example_external_task_marker_dag.py
[2024-02-12T19:08:56.447+0000] {logging_mixin.py:188} INFO - [2024-02-12T19:08:56.447+0000] {dag.py:3036} INFO - Sync 2 DAGs
[2024-02-12T19:08:56.462+0000] {logging_mixin.py:188} INFO - [2024-02-12T19:08:56.461+0000] {dag.py:3823} INFO - Setting next_dagrun for example_external_task_marker_child to None, run_after=None
[2024-02-12T19:08:56.464+0000] {logging_mixin.py:188} INFO - [2024-02-12T19:08:56.464+0000] {dag.py:3823} INFO - Setting next_dagrun for example_external_task_marker_parent to None, run_after=None
[2024-02-12T19:08:56.486+0000] {processor.py:183} INFO - Processing /home/airflow/.local/lib/python3.8/site-packages/airflow/example_dags/example_external_task_marker_dag.py took 0.077 seconds
[2024-02-12T19:09:26.734+0000] {processor.py:161} INFO - Started process (PID=4799) to work on /home/airflow/.local/lib/python3.8/site-packages/airflow/example_dags/example_external_task_marker_dag.py
[2024-02-12T19:09:26.735+0000] {processor.py:830} INFO - Processing file /home/airflow/.local/lib/python3.8/site-packages/airflow/example_dags/example_external_task_marker_dag.py for tasks to queue
[2024-02-12T19:09:26.737+0000] {logging_mixin.py:188} INFO - [2024-02-12T19:09:26.736+0000] {dagbag.py:538} INFO - Filling up the DagBag from /home/airflow/.local/lib/python3.8/site-packages/airflow/example_dags/example_external_task_marker_dag.py
[2024-02-12T19:09:26.743+0000] {processor.py:840} INFO - DAG(s) 'example_external_task_marker_child', 'example_external_task_marker_parent' retrieved from /home/airflow/.local/lib/python3.8/site-packages/airflow/example_dags/example_external_task_marker_dag.py
[2024-02-12T19:09:26.781+0000] {logging_mixin.py:188} INFO - [2024-02-12T19:09:26.780+0000] {dag.py:3036} INFO - Sync 2 DAGs
[2024-02-12T19:09:26.804+0000] {logging_mixin.py:188} INFO - [2024-02-12T19:09:26.804+0000] {dag.py:3823} INFO - Setting next_dagrun for example_external_task_marker_child to None, run_after=None
[2024-02-12T19:09:26.808+0000] {logging_mixin.py:188} INFO - [2024-02-12T19:09:26.808+0000] {dag.py:3823} INFO - Setting next_dagrun for example_external_task_marker_parent to None, run_after=None
[2024-02-12T19:09:26.841+0000] {processor.py:183} INFO - Processing /home/airflow/.local/lib/python3.8/site-packages/airflow/example_dags/example_external_task_marker_dag.py took 0.110 seconds
[2024-02-12T19:09:56.939+0000] {processor.py:161} INFO - Started process (PID=5048) to work on /home/airflow/.local/lib/python3.8/site-packages/airflow/example_dags/example_external_task_marker_dag.py
[2024-02-12T19:09:56.940+0000] {processor.py:830} INFO - Processing file /home/airflow/.local/lib/python3.8/site-packages/airflow/example_dags/example_external_task_marker_dag.py for tasks to queue
[2024-02-12T19:09:56.941+0000] {logging_mixin.py:188} INFO - [2024-02-12T19:09:56.941+0000] {dagbag.py:538} INFO - Filling up the DagBag from /home/airflow/.local/lib/python3.8/site-packages/airflow/example_dags/example_external_task_marker_dag.py
[2024-02-12T19:09:56.947+0000] {processor.py:840} INFO - DAG(s) 'example_external_task_marker_child', 'example_external_task_marker_parent' retrieved from /home/airflow/.local/lib/python3.8/site-packages/airflow/example_dags/example_external_task_marker_dag.py
[2024-02-12T19:09:56.966+0000] {logging_mixin.py:188} INFO - [2024-02-12T19:09:56.965+0000] {dag.py:3036} INFO - Sync 2 DAGs
[2024-02-12T19:09:56.976+0000] {logging_mixin.py:188} INFO - [2024-02-12T19:09:56.976+0000] {dag.py:3823} INFO - Setting next_dagrun for example_external_task_marker_child to None, run_after=None
[2024-02-12T19:09:56.979+0000] {logging_mixin.py:188} INFO - [2024-02-12T19:09:56.979+0000] {dag.py:3823} INFO - Setting next_dagrun for example_external_task_marker_parent to None, run_after=None
[2024-02-12T19:09:56.998+0000] {processor.py:183} INFO - Processing /home/airflow/.local/lib/python3.8/site-packages/airflow/example_dags/example_external_task_marker_dag.py took 0.062 seconds
[2024-02-12T19:10:27.437+0000] {processor.py:161} INFO - Started process (PID=5293) to work on /home/airflow/.local/lib/python3.8/site-packages/airflow/example_dags/example_external_task_marker_dag.py
[2024-02-12T19:10:27.438+0000] {processor.py:830} INFO - Processing file /home/airflow/.local/lib/python3.8/site-packages/airflow/example_dags/example_external_task_marker_dag.py for tasks to queue
[2024-02-12T19:10:27.439+0000] {logging_mixin.py:188} INFO - [2024-02-12T19:10:27.439+0000] {dagbag.py:538} INFO - Filling up the DagBag from /home/airflow/.local/lib/python3.8/site-packages/airflow/example_dags/example_external_task_marker_dag.py
[2024-02-12T19:10:27.446+0000] {processor.py:840} INFO - DAG(s) 'example_external_task_marker_child', 'example_external_task_marker_parent' retrieved from /home/airflow/.local/lib/python3.8/site-packages/airflow/example_dags/example_external_task_marker_dag.py
[2024-02-12T19:10:27.473+0000] {logging_mixin.py:188} INFO - [2024-02-12T19:10:27.473+0000] {dag.py:3036} INFO - Sync 2 DAGs
[2024-02-12T19:10:27.488+0000] {logging_mixin.py:188} INFO - [2024-02-12T19:10:27.488+0000] {dag.py:3823} INFO - Setting next_dagrun for example_external_task_marker_child to None, run_after=None
[2024-02-12T19:10:27.492+0000] {logging_mixin.py:188} INFO - [2024-02-12T19:10:27.492+0000] {dag.py:3823} INFO - Setting next_dagrun for example_external_task_marker_parent to None, run_after=None
[2024-02-12T19:10:27.518+0000] {processor.py:183} INFO - Processing /home/airflow/.local/lib/python3.8/site-packages/airflow/example_dags/example_external_task_marker_dag.py took 0.084 seconds
[2024-02-12T19:10:58.195+0000] {processor.py:161} INFO - Started process (PID=5541) to work on /home/airflow/.local/lib/python3.8/site-packages/airflow/example_dags/example_external_task_marker_dag.py
[2024-02-12T19:10:58.196+0000] {processor.py:830} INFO - Processing file /home/airflow/.local/lib/python3.8/site-packages/airflow/example_dags/example_external_task_marker_dag.py for tasks to queue
[2024-02-12T19:10:58.197+0000] {logging_mixin.py:188} INFO - [2024-02-12T19:10:58.197+0000] {dagbag.py:538} INFO - Filling up the DagBag from /home/airflow/.local/lib/python3.8/site-packages/airflow/example_dags/example_external_task_marker_dag.py
[2024-02-12T19:10:58.204+0000] {processor.py:840} INFO - DAG(s) 'example_external_task_marker_parent', 'example_external_task_marker_child' retrieved from /home/airflow/.local/lib/python3.8/site-packages/airflow/example_dags/example_external_task_marker_dag.py
[2024-02-12T19:10:58.234+0000] {logging_mixin.py:188} INFO - [2024-02-12T19:10:58.234+0000] {dag.py:3036} INFO - Sync 2 DAGs
[2024-02-12T19:10:58.252+0000] {logging_mixin.py:188} INFO - [2024-02-12T19:10:58.252+0000] {dag.py:3823} INFO - Setting next_dagrun for example_external_task_marker_child to None, run_after=None
[2024-02-12T19:10:58.255+0000] {logging_mixin.py:188} INFO - [2024-02-12T19:10:58.255+0000] {dag.py:3823} INFO - Setting next_dagrun for example_external_task_marker_parent to None, run_after=None
[2024-02-12T19:10:58.278+0000] {processor.py:183} INFO - Processing /home/airflow/.local/lib/python3.8/site-packages/airflow/example_dags/example_external_task_marker_dag.py took 0.086 seconds
[2024-02-12T19:11:28.677+0000] {processor.py:161} INFO - Started process (PID=5788) to work on /home/airflow/.local/lib/python3.8/site-packages/airflow/example_dags/example_external_task_marker_dag.py
[2024-02-12T19:11:28.678+0000] {processor.py:830} INFO - Processing file /home/airflow/.local/lib/python3.8/site-packages/airflow/example_dags/example_external_task_marker_dag.py for tasks to queue
[2024-02-12T19:11:28.683+0000] {logging_mixin.py:188} INFO - [2024-02-12T19:11:28.682+0000] {dagbag.py:538} INFO - Filling up the DagBag from /home/airflow/.local/lib/python3.8/site-packages/airflow/example_dags/example_external_task_marker_dag.py
[2024-02-12T19:11:28.693+0000] {processor.py:840} INFO - DAG(s) 'example_external_task_marker_child', 'example_external_task_marker_parent' retrieved from /home/airflow/.local/lib/python3.8/site-packages/airflow/example_dags/example_external_task_marker_dag.py
[2024-02-12T19:11:28.719+0000] {logging_mixin.py:188} INFO - [2024-02-12T19:11:28.719+0000] {dag.py:3036} INFO - Sync 2 DAGs
[2024-02-12T19:11:28.734+0000] {logging_mixin.py:188} INFO - [2024-02-12T19:11:28.734+0000] {dag.py:3823} INFO - Setting next_dagrun for example_external_task_marker_child to None, run_after=None
[2024-02-12T19:11:28.738+0000] {logging_mixin.py:188} INFO - [2024-02-12T19:11:28.738+0000] {dag.py:3823} INFO - Setting next_dagrun for example_external_task_marker_parent to None, run_after=None
[2024-02-12T19:11:28.760+0000] {processor.py:183} INFO - Processing /home/airflow/.local/lib/python3.8/site-packages/airflow/example_dags/example_external_task_marker_dag.py took 0.087 seconds
[2024-02-12T19:11:59.194+0000] {processor.py:161} INFO - Started process (PID=6035) to work on /home/airflow/.local/lib/python3.8/site-packages/airflow/example_dags/example_external_task_marker_dag.py
[2024-02-12T19:11:59.195+0000] {processor.py:830} INFO - Processing file /home/airflow/.local/lib/python3.8/site-packages/airflow/example_dags/example_external_task_marker_dag.py for tasks to queue
[2024-02-12T19:11:59.196+0000] {logging_mixin.py:188} INFO - [2024-02-12T19:11:59.196+0000] {dagbag.py:538} INFO - Filling up the DagBag from /home/airflow/.local/lib/python3.8/site-packages/airflow/example_dags/example_external_task_marker_dag.py
[2024-02-12T19:11:59.203+0000] {processor.py:840} INFO - DAG(s) 'example_external_task_marker_parent', 'example_external_task_marker_child' retrieved from /home/airflow/.local/lib/python3.8/site-packages/airflow/example_dags/example_external_task_marker_dag.py
[2024-02-12T19:11:59.229+0000] {logging_mixin.py:188} INFO - [2024-02-12T19:11:59.228+0000] {dag.py:3036} INFO - Sync 2 DAGs
[2024-02-12T19:11:59.244+0000] {logging_mixin.py:188} INFO - [2024-02-12T19:11:59.243+0000] {dag.py:3823} INFO - Setting next_dagrun for example_external_task_marker_child to None, run_after=None
[2024-02-12T19:11:59.247+0000] {logging_mixin.py:188} INFO - [2024-02-12T19:11:59.247+0000] {dag.py:3823} INFO - Setting next_dagrun for example_external_task_marker_parent to None, run_after=None
[2024-02-12T19:11:59.269+0000] {processor.py:183} INFO - Processing /home/airflow/.local/lib/python3.8/site-packages/airflow/example_dags/example_external_task_marker_dag.py took 0.080 seconds
[2024-02-12T19:12:30.088+0000] {processor.py:161} INFO - Started process (PID=6282) to work on /home/airflow/.local/lib/python3.8/site-packages/airflow/example_dags/example_external_task_marker_dag.py
[2024-02-12T19:12:30.089+0000] {processor.py:830} INFO - Processing file /home/airflow/.local/lib/python3.8/site-packages/airflow/example_dags/example_external_task_marker_dag.py for tasks to queue
[2024-02-12T19:12:30.090+0000] {logging_mixin.py:188} INFO - [2024-02-12T19:12:30.090+0000] {dagbag.py:538} INFO - Filling up the DagBag from /home/airflow/.local/lib/python3.8/site-packages/airflow/example_dags/example_external_task_marker_dag.py
[2024-02-12T19:12:30.097+0000] {processor.py:840} INFO - DAG(s) 'example_external_task_marker_parent', 'example_external_task_marker_child' retrieved from /home/airflow/.local/lib/python3.8/site-packages/airflow/example_dags/example_external_task_marker_dag.py
[2024-02-12T19:12:30.123+0000] {logging_mixin.py:188} INFO - [2024-02-12T19:12:30.122+0000] {dag.py:3036} INFO - Sync 2 DAGs
[2024-02-12T19:12:30.138+0000] {logging_mixin.py:188} INFO - [2024-02-12T19:12:30.138+0000] {dag.py:3823} INFO - Setting next_dagrun for example_external_task_marker_child to None, run_after=None
[2024-02-12T19:12:30.141+0000] {logging_mixin.py:188} INFO - [2024-02-12T19:12:30.141+0000] {dag.py:3823} INFO - Setting next_dagrun for example_external_task_marker_parent to None, run_after=None
[2024-02-12T19:12:30.161+0000] {processor.py:183} INFO - Processing /home/airflow/.local/lib/python3.8/site-packages/airflow/example_dags/example_external_task_marker_dag.py took 0.076 seconds
[2024-02-12T19:13:00.585+0000] {processor.py:161} INFO - Started process (PID=6531) to work on /home/airflow/.local/lib/python3.8/site-packages/airflow/example_dags/example_external_task_marker_dag.py
[2024-02-12T19:13:00.587+0000] {processor.py:830} INFO - Processing file /home/airflow/.local/lib/python3.8/site-packages/airflow/example_dags/example_external_task_marker_dag.py for tasks to queue
[2024-02-12T19:13:00.588+0000] {logging_mixin.py:188} INFO - [2024-02-12T19:13:00.588+0000] {dagbag.py:538} INFO - Filling up the DagBag from /home/airflow/.local/lib/python3.8/site-packages/airflow/example_dags/example_external_task_marker_dag.py
[2024-02-12T19:13:00.595+0000] {processor.py:840} INFO - DAG(s) 'example_external_task_marker_parent', 'example_external_task_marker_child' retrieved from /home/airflow/.local/lib/python3.8/site-packages/airflow/example_dags/example_external_task_marker_dag.py
[2024-02-12T19:13:00.646+0000] {logging_mixin.py:188} INFO - [2024-02-12T19:13:00.646+0000] {dag.py:3036} INFO - Sync 2 DAGs
[2024-02-12T19:13:00.659+0000] {logging_mixin.py:188} INFO - [2024-02-12T19:13:00.659+0000] {dag.py:3823} INFO - Setting next_dagrun for example_external_task_marker_child to None, run_after=None
[2024-02-12T19:13:00.663+0000] {logging_mixin.py:188} INFO - [2024-02-12T19:13:00.663+0000] {dag.py:3823} INFO - Setting next_dagrun for example_external_task_marker_parent to None, run_after=None
[2024-02-12T19:13:00.686+0000] {processor.py:183} INFO - Processing /home/airflow/.local/lib/python3.8/site-packages/airflow/example_dags/example_external_task_marker_dag.py took 0.104 seconds
[2024-02-12T19:13:30.920+0000] {processor.py:161} INFO - Started process (PID=6779) to work on /home/airflow/.local/lib/python3.8/site-packages/airflow/example_dags/example_external_task_marker_dag.py
[2024-02-12T19:13:30.921+0000] {processor.py:830} INFO - Processing file /home/airflow/.local/lib/python3.8/site-packages/airflow/example_dags/example_external_task_marker_dag.py for tasks to queue
[2024-02-12T19:13:30.922+0000] {logging_mixin.py:188} INFO - [2024-02-12T19:13:30.921+0000] {dagbag.py:538} INFO - Filling up the DagBag from /home/airflow/.local/lib/python3.8/site-packages/airflow/example_dags/example_external_task_marker_dag.py
[2024-02-12T19:13:30.928+0000] {processor.py:840} INFO - DAG(s) 'example_external_task_marker_child', 'example_external_task_marker_parent' retrieved from /home/airflow/.local/lib/python3.8/site-packages/airflow/example_dags/example_external_task_marker_dag.py
[2024-02-12T19:13:30.958+0000] {logging_mixin.py:188} INFO - [2024-02-12T19:13:30.958+0000] {dag.py:3036} INFO - Sync 2 DAGs
[2024-02-12T19:13:30.975+0000] {logging_mixin.py:188} INFO - [2024-02-12T19:13:30.975+0000] {dag.py:3823} INFO - Setting next_dagrun for example_external_task_marker_child to None, run_after=None
[2024-02-12T19:13:30.979+0000] {logging_mixin.py:188} INFO - [2024-02-12T19:13:30.979+0000] {dag.py:3823} INFO - Setting next_dagrun for example_external_task_marker_parent to None, run_after=None
[2024-02-12T19:13:31.002+0000] {processor.py:183} INFO - Processing /home/airflow/.local/lib/python3.8/site-packages/airflow/example_dags/example_external_task_marker_dag.py took 0.086 seconds
[2024-02-12T19:14:01.235+0000] {processor.py:161} INFO - Started process (PID=7026) to work on /home/airflow/.local/lib/python3.8/site-packages/airflow/example_dags/example_external_task_marker_dag.py
[2024-02-12T19:14:01.236+0000] {processor.py:830} INFO - Processing file /home/airflow/.local/lib/python3.8/site-packages/airflow/example_dags/example_external_task_marker_dag.py for tasks to queue
[2024-02-12T19:14:01.237+0000] {logging_mixin.py:188} INFO - [2024-02-12T19:14:01.236+0000] {dagbag.py:538} INFO - Filling up the DagBag from /home/airflow/.local/lib/python3.8/site-packages/airflow/example_dags/example_external_task_marker_dag.py
[2024-02-12T19:14:01.243+0000] {processor.py:840} INFO - DAG(s) 'example_external_task_marker_child', 'example_external_task_marker_parent' retrieved from /home/airflow/.local/lib/python3.8/site-packages/airflow/example_dags/example_external_task_marker_dag.py
[2024-02-12T19:14:01.271+0000] {logging_mixin.py:188} INFO - [2024-02-12T19:14:01.271+0000] {dag.py:3036} INFO - Sync 2 DAGs
[2024-02-12T19:14:01.286+0000] {logging_mixin.py:188} INFO - [2024-02-12T19:14:01.286+0000] {dag.py:3823} INFO - Setting next_dagrun for example_external_task_marker_child to None, run_after=None
[2024-02-12T19:14:01.292+0000] {logging_mixin.py:188} INFO - [2024-02-12T19:14:01.291+0000] {dag.py:3823} INFO - Setting next_dagrun for example_external_task_marker_parent to None, run_after=None
[2024-02-12T19:14:01.316+0000] {processor.py:183} INFO - Processing /home/airflow/.local/lib/python3.8/site-packages/airflow/example_dags/example_external_task_marker_dag.py took 0.084 seconds
[2024-02-12T19:14:31.713+0000] {processor.py:161} INFO - Started process (PID=7272) to work on /home/airflow/.local/lib/python3.8/site-packages/airflow/example_dags/example_external_task_marker_dag.py
[2024-02-12T19:14:31.714+0000] {processor.py:830} INFO - Processing file /home/airflow/.local/lib/python3.8/site-packages/airflow/example_dags/example_external_task_marker_dag.py for tasks to queue
[2024-02-12T19:14:31.715+0000] {logging_mixin.py:188} INFO - [2024-02-12T19:14:31.715+0000] {dagbag.py:538} INFO - Filling up the DagBag from /home/airflow/.local/lib/python3.8/site-packages/airflow/example_dags/example_external_task_marker_dag.py
[2024-02-12T19:14:31.722+0000] {processor.py:840} INFO - DAG(s) 'example_external_task_marker_parent', 'example_external_task_marker_child' retrieved from /home/airflow/.local/lib/python3.8/site-packages/airflow/example_dags/example_external_task_marker_dag.py
[2024-02-12T19:14:31.747+0000] {logging_mixin.py:188} INFO - [2024-02-12T19:14:31.747+0000] {dag.py:3036} INFO - Sync 2 DAGs
[2024-02-12T19:14:31.767+0000] {logging_mixin.py:188} INFO - [2024-02-12T19:14:31.766+0000] {dag.py:3823} INFO - Setting next_dagrun for example_external_task_marker_child to None, run_after=None
[2024-02-12T19:14:31.770+0000] {logging_mixin.py:188} INFO - [2024-02-12T19:14:31.770+0000] {dag.py:3823} INFO - Setting next_dagrun for example_external_task_marker_parent to None, run_after=None
[2024-02-12T19:14:31.792+0000] {processor.py:183} INFO - Processing /home/airflow/.local/lib/python3.8/site-packages/airflow/example_dags/example_external_task_marker_dag.py took 0.082 seconds
[2024-02-12T19:15:02.080+0000] {processor.py:161} INFO - Started process (PID=7517) to work on /home/airflow/.local/lib/python3.8/site-packages/airflow/example_dags/example_external_task_marker_dag.py
[2024-02-12T19:15:02.081+0000] {processor.py:830} INFO - Processing file /home/airflow/.local/lib/python3.8/site-packages/airflow/example_dags/example_external_task_marker_dag.py for tasks to queue
[2024-02-12T19:15:02.086+0000] {logging_mixin.py:188} INFO - [2024-02-12T19:15:02.085+0000] {dagbag.py:538} INFO - Filling up the DagBag from /home/airflow/.local/lib/python3.8/site-packages/airflow/example_dags/example_external_task_marker_dag.py
[2024-02-12T19:15:02.095+0000] {processor.py:840} INFO - DAG(s) 'example_external_task_marker_parent', 'example_external_task_marker_child' retrieved from /home/airflow/.local/lib/python3.8/site-packages/airflow/example_dags/example_external_task_marker_dag.py
[2024-02-12T19:15:02.152+0000] {logging_mixin.py:188} INFO - [2024-02-12T19:15:02.151+0000] {dag.py:3036} INFO - Sync 2 DAGs
[2024-02-12T19:15:02.201+0000] {logging_mixin.py:188} INFO - [2024-02-12T19:15:02.201+0000] {dag.py:3823} INFO - Setting next_dagrun for example_external_task_marker_child to None, run_after=None
[2024-02-12T19:15:02.217+0000] {logging_mixin.py:188} INFO - [2024-02-12T19:15:02.216+0000] {dag.py:3823} INFO - Setting next_dagrun for example_external_task_marker_parent to None, run_after=None
[2024-02-12T19:15:02.303+0000] {processor.py:183} INFO - Processing /home/airflow/.local/lib/python3.8/site-packages/airflow/example_dags/example_external_task_marker_dag.py took 0.226 seconds
[2024-02-12T19:15:32.599+0000] {processor.py:161} INFO - Started process (PID=7766) to work on /home/airflow/.local/lib/python3.8/site-packages/airflow/example_dags/example_external_task_marker_dag.py
[2024-02-12T19:15:32.599+0000] {processor.py:830} INFO - Processing file /home/airflow/.local/lib/python3.8/site-packages/airflow/example_dags/example_external_task_marker_dag.py for tasks to queue
[2024-02-12T19:15:32.600+0000] {logging_mixin.py:188} INFO - [2024-02-12T19:15:32.600+0000] {dagbag.py:538} INFO - Filling up the DagBag from /home/airflow/.local/lib/python3.8/site-packages/airflow/example_dags/example_external_task_marker_dag.py
[2024-02-12T19:15:32.608+0000] {processor.py:840} INFO - DAG(s) 'example_external_task_marker_parent', 'example_external_task_marker_child' retrieved from /home/airflow/.local/lib/python3.8/site-packages/airflow/example_dags/example_external_task_marker_dag.py
[2024-02-12T19:15:32.633+0000] {logging_mixin.py:188} INFO - [2024-02-12T19:15:32.633+0000] {dag.py:3036} INFO - Sync 2 DAGs
[2024-02-12T19:15:32.648+0000] {logging_mixin.py:188} INFO - [2024-02-12T19:15:32.648+0000] {dag.py:3823} INFO - Setting next_dagrun for example_external_task_marker_child to None, run_after=None
[2024-02-12T19:15:32.654+0000] {logging_mixin.py:188} INFO - [2024-02-12T19:15:32.654+0000] {dag.py:3823} INFO - Setting next_dagrun for example_external_task_marker_parent to None, run_after=None
[2024-02-12T19:15:32.676+0000] {processor.py:183} INFO - Processing /home/airflow/.local/lib/python3.8/site-packages/airflow/example_dags/example_external_task_marker_dag.py took 0.081 seconds
[2024-02-12T19:16:03.080+0000] {processor.py:161} INFO - Started process (PID=8014) to work on /home/airflow/.local/lib/python3.8/site-packages/airflow/example_dags/example_external_task_marker_dag.py
[2024-02-12T19:16:03.081+0000] {processor.py:830} INFO - Processing file /home/airflow/.local/lib/python3.8/site-packages/airflow/example_dags/example_external_task_marker_dag.py for tasks to queue
[2024-02-12T19:16:03.082+0000] {logging_mixin.py:188} INFO - [2024-02-12T19:16:03.082+0000] {dagbag.py:538} INFO - Filling up the DagBag from /home/airflow/.local/lib/python3.8/site-packages/airflow/example_dags/example_external_task_marker_dag.py
[2024-02-12T19:16:03.088+0000] {processor.py:840} INFO - DAG(s) 'example_external_task_marker_child', 'example_external_task_marker_parent' retrieved from /home/airflow/.local/lib/python3.8/site-packages/airflow/example_dags/example_external_task_marker_dag.py
[2024-02-12T19:16:03.113+0000] {logging_mixin.py:188} INFO - [2024-02-12T19:16:03.112+0000] {dag.py:3036} INFO - Sync 2 DAGs
[2024-02-12T19:16:03.126+0000] {logging_mixin.py:188} INFO - [2024-02-12T19:16:03.126+0000] {dag.py:3823} INFO - Setting next_dagrun for example_external_task_marker_child to None, run_after=None
[2024-02-12T19:16:03.131+0000] {logging_mixin.py:188} INFO - [2024-02-12T19:16:03.130+0000] {dag.py:3823} INFO - Setting next_dagrun for example_external_task_marker_parent to None, run_after=None
[2024-02-12T19:16:03.158+0000] {processor.py:183} INFO - Processing /home/airflow/.local/lib/python3.8/site-packages/airflow/example_dags/example_external_task_marker_dag.py took 0.082 seconds
[2024-02-12T19:16:33.545+0000] {processor.py:161} INFO - Started process (PID=8261) to work on /home/airflow/.local/lib/python3.8/site-packages/airflow/example_dags/example_external_task_marker_dag.py
[2024-02-12T19:16:33.546+0000] {processor.py:830} INFO - Processing file /home/airflow/.local/lib/python3.8/site-packages/airflow/example_dags/example_external_task_marker_dag.py for tasks to queue
[2024-02-12T19:16:33.547+0000] {logging_mixin.py:188} INFO - [2024-02-12T19:16:33.547+0000] {dagbag.py:538} INFO - Filling up the DagBag from /home/airflow/.local/lib/python3.8/site-packages/airflow/example_dags/example_external_task_marker_dag.py
[2024-02-12T19:16:33.554+0000] {processor.py:840} INFO - DAG(s) 'example_external_task_marker_child', 'example_external_task_marker_parent' retrieved from /home/airflow/.local/lib/python3.8/site-packages/airflow/example_dags/example_external_task_marker_dag.py
[2024-02-12T19:16:33.605+0000] {logging_mixin.py:188} INFO - [2024-02-12T19:16:33.605+0000] {dag.py:3036} INFO - Sync 2 DAGs
[2024-02-12T19:16:33.636+0000] {logging_mixin.py:188} INFO - [2024-02-12T19:16:33.636+0000] {dag.py:3823} INFO - Setting next_dagrun for example_external_task_marker_child to None, run_after=None
[2024-02-12T19:16:33.640+0000] {logging_mixin.py:188} INFO - [2024-02-12T19:16:33.640+0000] {dag.py:3823} INFO - Setting next_dagrun for example_external_task_marker_parent to None, run_after=None
[2024-02-12T19:16:33.661+0000] {processor.py:183} INFO - Processing /home/airflow/.local/lib/python3.8/site-packages/airflow/example_dags/example_external_task_marker_dag.py took 0.123 seconds
[2024-02-12T19:17:04.091+0000] {processor.py:161} INFO - Started process (PID=8509) to work on /home/airflow/.local/lib/python3.8/site-packages/airflow/example_dags/example_external_task_marker_dag.py
[2024-02-12T19:17:04.092+0000] {processor.py:830} INFO - Processing file /home/airflow/.local/lib/python3.8/site-packages/airflow/example_dags/example_external_task_marker_dag.py for tasks to queue
[2024-02-12T19:17:04.093+0000] {logging_mixin.py:188} INFO - [2024-02-12T19:17:04.092+0000] {dagbag.py:538} INFO - Filling up the DagBag from /home/airflow/.local/lib/python3.8/site-packages/airflow/example_dags/example_external_task_marker_dag.py
[2024-02-12T19:17:04.099+0000] {processor.py:840} INFO - DAG(s) 'example_external_task_marker_parent', 'example_external_task_marker_child' retrieved from /home/airflow/.local/lib/python3.8/site-packages/airflow/example_dags/example_external_task_marker_dag.py
[2024-02-12T19:17:04.145+0000] {logging_mixin.py:188} INFO - [2024-02-12T19:17:04.144+0000] {dag.py:3036} INFO - Sync 2 DAGs
[2024-02-12T19:17:04.157+0000] {logging_mixin.py:188} INFO - [2024-02-12T19:17:04.156+0000] {dag.py:3823} INFO - Setting next_dagrun for example_external_task_marker_child to None, run_after=None
[2024-02-12T19:17:04.162+0000] {logging_mixin.py:188} INFO - [2024-02-12T19:17:04.161+0000] {dag.py:3823} INFO - Setting next_dagrun for example_external_task_marker_parent to None, run_after=None
[2024-02-12T19:17:04.189+0000] {processor.py:183} INFO - Processing /home/airflow/.local/lib/python3.8/site-packages/airflow/example_dags/example_external_task_marker_dag.py took 0.102 seconds
[2024-02-12T19:17:34.667+0000] {processor.py:161} INFO - Started process (PID=8756) to work on /home/airflow/.local/lib/python3.8/site-packages/airflow/example_dags/example_external_task_marker_dag.py
[2024-02-12T19:17:34.667+0000] {processor.py:830} INFO - Processing file /home/airflow/.local/lib/python3.8/site-packages/airflow/example_dags/example_external_task_marker_dag.py for tasks to queue
[2024-02-12T19:17:34.668+0000] {logging_mixin.py:188} INFO - [2024-02-12T19:17:34.668+0000] {dagbag.py:538} INFO - Filling up the DagBag from /home/airflow/.local/lib/python3.8/site-packages/airflow/example_dags/example_external_task_marker_dag.py
[2024-02-12T19:17:34.675+0000] {processor.py:840} INFO - DAG(s) 'example_external_task_marker_parent', 'example_external_task_marker_child' retrieved from /home/airflow/.local/lib/python3.8/site-packages/airflow/example_dags/example_external_task_marker_dag.py
[2024-02-12T19:17:34.702+0000] {logging_mixin.py:188} INFO - [2024-02-12T19:17:34.702+0000] {dag.py:3036} INFO - Sync 2 DAGs
[2024-02-12T19:17:34.713+0000] {logging_mixin.py:188} INFO - [2024-02-12T19:17:34.713+0000] {dag.py:3823} INFO - Setting next_dagrun for example_external_task_marker_child to None, run_after=None
[2024-02-12T19:17:34.717+0000] {logging_mixin.py:188} INFO - [2024-02-12T19:17:34.717+0000] {dag.py:3823} INFO - Setting next_dagrun for example_external_task_marker_parent to None, run_after=None
[2024-02-12T19:17:34.739+0000] {processor.py:183} INFO - Processing /home/airflow/.local/lib/python3.8/site-packages/airflow/example_dags/example_external_task_marker_dag.py took 0.075 seconds
[2024-02-12T19:18:04.868+0000] {processor.py:161} INFO - Started process (PID=9002) to work on /home/airflow/.local/lib/python3.8/site-packages/airflow/example_dags/example_external_task_marker_dag.py
[2024-02-12T19:18:04.869+0000] {processor.py:830} INFO - Processing file /home/airflow/.local/lib/python3.8/site-packages/airflow/example_dags/example_external_task_marker_dag.py for tasks to queue
[2024-02-12T19:18:04.870+0000] {logging_mixin.py:188} INFO - [2024-02-12T19:18:04.870+0000] {dagbag.py:538} INFO - Filling up the DagBag from /home/airflow/.local/lib/python3.8/site-packages/airflow/example_dags/example_external_task_marker_dag.py
[2024-02-12T19:18:04.877+0000] {processor.py:840} INFO - DAG(s) 'example_external_task_marker_child', 'example_external_task_marker_parent' retrieved from /home/airflow/.local/lib/python3.8/site-packages/airflow/example_dags/example_external_task_marker_dag.py
[2024-02-12T19:18:04.904+0000] {logging_mixin.py:188} INFO - [2024-02-12T19:18:04.903+0000] {dag.py:3036} INFO - Sync 2 DAGs
[2024-02-12T19:18:04.918+0000] {logging_mixin.py:188} INFO - [2024-02-12T19:18:04.917+0000] {dag.py:3823} INFO - Setting next_dagrun for example_external_task_marker_child to None, run_after=None
[2024-02-12T19:18:04.921+0000] {logging_mixin.py:188} INFO - [2024-02-12T19:18:04.921+0000] {dag.py:3823} INFO - Setting next_dagrun for example_external_task_marker_parent to None, run_after=None
[2024-02-12T19:18:04.944+0000] {processor.py:183} INFO - Processing /home/airflow/.local/lib/python3.8/site-packages/airflow/example_dags/example_external_task_marker_dag.py took 0.079 seconds
[2024-02-12T19:18:35.460+0000] {processor.py:161} INFO - Started process (PID=9250) to work on /home/airflow/.local/lib/python3.8/site-packages/airflow/example_dags/example_external_task_marker_dag.py
[2024-02-12T19:18:35.461+0000] {processor.py:830} INFO - Processing file /home/airflow/.local/lib/python3.8/site-packages/airflow/example_dags/example_external_task_marker_dag.py for tasks to queue
[2024-02-12T19:18:35.462+0000] {logging_mixin.py:188} INFO - [2024-02-12T19:18:35.462+0000] {dagbag.py:538} INFO - Filling up the DagBag from /home/airflow/.local/lib/python3.8/site-packages/airflow/example_dags/example_external_task_marker_dag.py
[2024-02-12T19:18:35.470+0000] {processor.py:840} INFO - DAG(s) 'example_external_task_marker_child', 'example_external_task_marker_parent' retrieved from /home/airflow/.local/lib/python3.8/site-packages/airflow/example_dags/example_external_task_marker_dag.py
[2024-02-12T19:18:35.496+0000] {logging_mixin.py:188} INFO - [2024-02-12T19:18:35.496+0000] {dag.py:3036} INFO - Sync 2 DAGs
[2024-02-12T19:18:35.515+0000] {logging_mixin.py:188} INFO - [2024-02-12T19:18:35.515+0000] {dag.py:3823} INFO - Setting next_dagrun for example_external_task_marker_child to None, run_after=None
[2024-02-12T19:18:35.519+0000] {logging_mixin.py:188} INFO - [2024-02-12T19:18:35.519+0000] {dag.py:3823} INFO - Setting next_dagrun for example_external_task_marker_parent to None, run_after=None
[2024-02-12T19:18:35.543+0000] {processor.py:183} INFO - Processing /home/airflow/.local/lib/python3.8/site-packages/airflow/example_dags/example_external_task_marker_dag.py took 0.087 seconds
[2024-02-12T19:19:05.764+0000] {processor.py:161} INFO - Started process (PID=9498) to work on /home/airflow/.local/lib/python3.8/site-packages/airflow/example_dags/example_external_task_marker_dag.py
[2024-02-12T19:19:05.765+0000] {processor.py:830} INFO - Processing file /home/airflow/.local/lib/python3.8/site-packages/airflow/example_dags/example_external_task_marker_dag.py for tasks to queue
[2024-02-12T19:19:05.766+0000] {logging_mixin.py:188} INFO - [2024-02-12T19:19:05.766+0000] {dagbag.py:538} INFO - Filling up the DagBag from /home/airflow/.local/lib/python3.8/site-packages/airflow/example_dags/example_external_task_marker_dag.py
[2024-02-12T19:19:05.773+0000] {processor.py:840} INFO - DAG(s) 'example_external_task_marker_parent', 'example_external_task_marker_child' retrieved from /home/airflow/.local/lib/python3.8/site-packages/airflow/example_dags/example_external_task_marker_dag.py
[2024-02-12T19:19:05.799+0000] {logging_mixin.py:188} INFO - [2024-02-12T19:19:05.799+0000] {dag.py:3036} INFO - Sync 2 DAGs
[2024-02-12T19:19:05.815+0000] {logging_mixin.py:188} INFO - [2024-02-12T19:19:05.815+0000] {dag.py:3823} INFO - Setting next_dagrun for example_external_task_marker_child to None, run_after=None
[2024-02-12T19:19:05.819+0000] {logging_mixin.py:188} INFO - [2024-02-12T19:19:05.819+0000] {dag.py:3823} INFO - Setting next_dagrun for example_external_task_marker_parent to None, run_after=None
[2024-02-12T19:19:05.842+0000] {processor.py:183} INFO - Processing /home/airflow/.local/lib/python3.8/site-packages/airflow/example_dags/example_external_task_marker_dag.py took 0.082 seconds
[2024-02-12T19:19:36.075+0000] {processor.py:161} INFO - Started process (PID=9745) to work on /home/airflow/.local/lib/python3.8/site-packages/airflow/example_dags/example_external_task_marker_dag.py
[2024-02-12T19:19:36.076+0000] {processor.py:830} INFO - Processing file /home/airflow/.local/lib/python3.8/site-packages/airflow/example_dags/example_external_task_marker_dag.py for tasks to queue
[2024-02-12T19:19:36.077+0000] {logging_mixin.py:188} INFO - [2024-02-12T19:19:36.077+0000] {dagbag.py:538} INFO - Filling up the DagBag from /home/airflow/.local/lib/python3.8/site-packages/airflow/example_dags/example_external_task_marker_dag.py
[2024-02-12T19:19:36.083+0000] {processor.py:840} INFO - DAG(s) 'example_external_task_marker_parent', 'example_external_task_marker_child' retrieved from /home/airflow/.local/lib/python3.8/site-packages/airflow/example_dags/example_external_task_marker_dag.py
[2024-02-12T19:19:36.109+0000] {logging_mixin.py:188} INFO - [2024-02-12T19:19:36.109+0000] {dag.py:3036} INFO - Sync 2 DAGs
[2024-02-12T19:19:36.124+0000] {logging_mixin.py:188} INFO - [2024-02-12T19:19:36.123+0000] {dag.py:3823} INFO - Setting next_dagrun for example_external_task_marker_child to None, run_after=None
[2024-02-12T19:19:36.128+0000] {logging_mixin.py:188} INFO - [2024-02-12T19:19:36.127+0000] {dag.py:3823} INFO - Setting next_dagrun for example_external_task_marker_parent to None, run_after=None
[2024-02-12T19:19:36.157+0000] {processor.py:183} INFO - Processing /home/airflow/.local/lib/python3.8/site-packages/airflow/example_dags/example_external_task_marker_dag.py took 0.085 seconds
[2024-02-12T19:20:06.863+0000] {processor.py:161} INFO - Started process (PID=9992) to work on /home/airflow/.local/lib/python3.8/site-packages/airflow/example_dags/example_external_task_marker_dag.py
[2024-02-12T19:20:06.866+0000] {processor.py:830} INFO - Processing file /home/airflow/.local/lib/python3.8/site-packages/airflow/example_dags/example_external_task_marker_dag.py for tasks to queue
[2024-02-12T19:20:06.867+0000] {logging_mixin.py:188} INFO - [2024-02-12T19:20:06.867+0000] {dagbag.py:538} INFO - Filling up the DagBag from /home/airflow/.local/lib/python3.8/site-packages/airflow/example_dags/example_external_task_marker_dag.py
[2024-02-12T19:20:06.879+0000] {processor.py:840} INFO - DAG(s) 'example_external_task_marker_parent', 'example_external_task_marker_child' retrieved from /home/airflow/.local/lib/python3.8/site-packages/airflow/example_dags/example_external_task_marker_dag.py
[2024-02-12T19:20:06.924+0000] {logging_mixin.py:188} INFO - [2024-02-12T19:20:06.924+0000] {dag.py:3036} INFO - Sync 2 DAGs
[2024-02-12T19:20:06.936+0000] {logging_mixin.py:188} INFO - [2024-02-12T19:20:06.936+0000] {dag.py:3823} INFO - Setting next_dagrun for example_external_task_marker_child to None, run_after=None
[2024-02-12T19:20:06.940+0000] {logging_mixin.py:188} INFO - [2024-02-12T19:20:06.940+0000] {dag.py:3823} INFO - Setting next_dagrun for example_external_task_marker_parent to None, run_after=None
[2024-02-12T19:20:06.961+0000] {processor.py:183} INFO - Processing /home/airflow/.local/lib/python3.8/site-packages/airflow/example_dags/example_external_task_marker_dag.py took 0.107 seconds
[2024-02-12T19:20:37.025+0000] {processor.py:161} INFO - Started process (PID=10238) to work on /home/airflow/.local/lib/python3.8/site-packages/airflow/example_dags/example_external_task_marker_dag.py
[2024-02-12T19:20:37.026+0000] {processor.py:830} INFO - Processing file /home/airflow/.local/lib/python3.8/site-packages/airflow/example_dags/example_external_task_marker_dag.py for tasks to queue
[2024-02-12T19:20:37.027+0000] {logging_mixin.py:188} INFO - [2024-02-12T19:20:37.026+0000] {dagbag.py:538} INFO - Filling up the DagBag from /home/airflow/.local/lib/python3.8/site-packages/airflow/example_dags/example_external_task_marker_dag.py
[2024-02-12T19:20:37.033+0000] {processor.py:840} INFO - DAG(s) 'example_external_task_marker_parent', 'example_external_task_marker_child' retrieved from /home/airflow/.local/lib/python3.8/site-packages/airflow/example_dags/example_external_task_marker_dag.py
[2024-02-12T19:20:37.059+0000] {logging_mixin.py:188} INFO - [2024-02-12T19:20:37.059+0000] {dag.py:3036} INFO - Sync 2 DAGs
[2024-02-12T19:20:37.095+0000] {logging_mixin.py:188} INFO - [2024-02-12T19:20:37.095+0000] {dag.py:3823} INFO - Setting next_dagrun for example_external_task_marker_child to None, run_after=None
[2024-02-12T19:20:37.100+0000] {logging_mixin.py:188} INFO - [2024-02-12T19:20:37.100+0000] {dag.py:3823} INFO - Setting next_dagrun for example_external_task_marker_parent to None, run_after=None
[2024-02-12T19:20:37.129+0000] {processor.py:183} INFO - Processing /home/airflow/.local/lib/python3.8/site-packages/airflow/example_dags/example_external_task_marker_dag.py took 0.108 seconds
[2024-02-12T19:21:07.878+0000] {processor.py:161} INFO - Started process (PID=10488) to work on /home/airflow/.local/lib/python3.8/site-packages/airflow/example_dags/example_external_task_marker_dag.py
[2024-02-12T19:21:07.879+0000] {processor.py:830} INFO - Processing file /home/airflow/.local/lib/python3.8/site-packages/airflow/example_dags/example_external_task_marker_dag.py for tasks to queue
[2024-02-12T19:21:07.881+0000] {logging_mixin.py:188} INFO - [2024-02-12T19:21:07.881+0000] {dagbag.py:538} INFO - Filling up the DagBag from /home/airflow/.local/lib/python3.8/site-packages/airflow/example_dags/example_external_task_marker_dag.py
[2024-02-12T19:21:07.888+0000] {processor.py:840} INFO - DAG(s) 'example_external_task_marker_parent', 'example_external_task_marker_child' retrieved from /home/airflow/.local/lib/python3.8/site-packages/airflow/example_dags/example_external_task_marker_dag.py
[2024-02-12T19:21:07.913+0000] {logging_mixin.py:188} INFO - [2024-02-12T19:21:07.913+0000] {dag.py:3036} INFO - Sync 2 DAGs
[2024-02-12T19:21:07.928+0000] {logging_mixin.py:188} INFO - [2024-02-12T19:21:07.928+0000] {dag.py:3823} INFO - Setting next_dagrun for example_external_task_marker_child to None, run_after=None
[2024-02-12T19:21:07.931+0000] {logging_mixin.py:188} INFO - [2024-02-12T19:21:07.931+0000] {dag.py:3823} INFO - Setting next_dagrun for example_external_task_marker_parent to None, run_after=None
[2024-02-12T19:21:07.960+0000] {processor.py:183} INFO - Processing /home/airflow/.local/lib/python3.8/site-packages/airflow/example_dags/example_external_task_marker_dag.py took 0.085 seconds
[2024-02-12T19:21:38.282+0000] {processor.py:161} INFO - Started process (PID=10736) to work on /home/airflow/.local/lib/python3.8/site-packages/airflow/example_dags/example_external_task_marker_dag.py
[2024-02-12T19:21:38.283+0000] {processor.py:830} INFO - Processing file /home/airflow/.local/lib/python3.8/site-packages/airflow/example_dags/example_external_task_marker_dag.py for tasks to queue
[2024-02-12T19:21:38.284+0000] {logging_mixin.py:188} INFO - [2024-02-12T19:21:38.284+0000] {dagbag.py:538} INFO - Filling up the DagBag from /home/airflow/.local/lib/python3.8/site-packages/airflow/example_dags/example_external_task_marker_dag.py
[2024-02-12T19:21:38.291+0000] {processor.py:840} INFO - DAG(s) 'example_external_task_marker_child', 'example_external_task_marker_parent' retrieved from /home/airflow/.local/lib/python3.8/site-packages/airflow/example_dags/example_external_task_marker_dag.py
[2024-02-12T19:21:38.337+0000] {logging_mixin.py:188} INFO - [2024-02-12T19:21:38.337+0000] {dag.py:3036} INFO - Sync 2 DAGs
[2024-02-12T19:21:38.353+0000] {logging_mixin.py:188} INFO - [2024-02-12T19:21:38.353+0000] {dag.py:3823} INFO - Setting next_dagrun for example_external_task_marker_child to None, run_after=None
[2024-02-12T19:21:38.357+0000] {logging_mixin.py:188} INFO - [2024-02-12T19:21:38.356+0000] {dag.py:3823} INFO - Setting next_dagrun for example_external_task_marker_parent to None, run_after=None
[2024-02-12T19:21:38.378+0000] {processor.py:183} INFO - Processing /home/airflow/.local/lib/python3.8/site-packages/airflow/example_dags/example_external_task_marker_dag.py took 0.099 seconds
[2024-02-12T19:22:08.707+0000] {processor.py:161} INFO - Started process (PID=10983) to work on /home/airflow/.local/lib/python3.8/site-packages/airflow/example_dags/example_external_task_marker_dag.py
[2024-02-12T19:22:08.708+0000] {processor.py:830} INFO - Processing file /home/airflow/.local/lib/python3.8/site-packages/airflow/example_dags/example_external_task_marker_dag.py for tasks to queue
[2024-02-12T19:22:08.710+0000] {logging_mixin.py:188} INFO - [2024-02-12T19:22:08.709+0000] {dagbag.py:538} INFO - Filling up the DagBag from /home/airflow/.local/lib/python3.8/site-packages/airflow/example_dags/example_external_task_marker_dag.py
[2024-02-12T19:22:08.721+0000] {processor.py:840} INFO - DAG(s) 'example_external_task_marker_child', 'example_external_task_marker_parent' retrieved from /home/airflow/.local/lib/python3.8/site-packages/airflow/example_dags/example_external_task_marker_dag.py
[2024-02-12T19:22:08.746+0000] {logging_mixin.py:188} INFO - [2024-02-12T19:22:08.746+0000] {dag.py:3036} INFO - Sync 2 DAGs
[2024-02-12T19:22:08.762+0000] {logging_mixin.py:188} INFO - [2024-02-12T19:22:08.762+0000] {dag.py:3823} INFO - Setting next_dagrun for example_external_task_marker_child to None, run_after=None
[2024-02-12T19:22:08.766+0000] {logging_mixin.py:188} INFO - [2024-02-12T19:22:08.766+0000] {dag.py:3823} INFO - Setting next_dagrun for example_external_task_marker_parent to None, run_after=None
[2024-02-12T19:22:08.801+0000] {processor.py:183} INFO - Processing /home/airflow/.local/lib/python3.8/site-packages/airflow/example_dags/example_external_task_marker_dag.py took 0.098 seconds
[2024-02-12T19:22:39.366+0000] {processor.py:161} INFO - Started process (PID=11228) to work on /home/airflow/.local/lib/python3.8/site-packages/airflow/example_dags/example_external_task_marker_dag.py
[2024-02-12T19:22:39.367+0000] {processor.py:830} INFO - Processing file /home/airflow/.local/lib/python3.8/site-packages/airflow/example_dags/example_external_task_marker_dag.py for tasks to queue
[2024-02-12T19:22:39.368+0000] {logging_mixin.py:188} INFO - [2024-02-12T19:22:39.368+0000] {dagbag.py:538} INFO - Filling up the DagBag from /home/airflow/.local/lib/python3.8/site-packages/airflow/example_dags/example_external_task_marker_dag.py
[2024-02-12T19:22:39.375+0000] {processor.py:840} INFO - DAG(s) 'example_external_task_marker_child', 'example_external_task_marker_parent' retrieved from /home/airflow/.local/lib/python3.8/site-packages/airflow/example_dags/example_external_task_marker_dag.py
[2024-02-12T19:22:39.402+0000] {logging_mixin.py:188} INFO - [2024-02-12T19:22:39.402+0000] {dag.py:3036} INFO - Sync 2 DAGs
[2024-02-12T19:22:39.418+0000] {logging_mixin.py:188} INFO - [2024-02-12T19:22:39.417+0000] {dag.py:3823} INFO - Setting next_dagrun for example_external_task_marker_child to None, run_after=None
[2024-02-12T19:22:39.422+0000] {logging_mixin.py:188} INFO - [2024-02-12T19:22:39.421+0000] {dag.py:3823} INFO - Setting next_dagrun for example_external_task_marker_parent to None, run_after=None
[2024-02-12T19:22:39.479+0000] {processor.py:183} INFO - Processing /home/airflow/.local/lib/python3.8/site-packages/airflow/example_dags/example_external_task_marker_dag.py took 0.117 seconds
[2024-02-12T19:23:10.330+0000] {processor.py:161} INFO - Started process (PID=11477) to work on /home/airflow/.local/lib/python3.8/site-packages/airflow/example_dags/example_external_task_marker_dag.py
[2024-02-12T19:23:10.331+0000] {processor.py:830} INFO - Processing file /home/airflow/.local/lib/python3.8/site-packages/airflow/example_dags/example_external_task_marker_dag.py for tasks to queue
[2024-02-12T19:23:10.332+0000] {logging_mixin.py:188} INFO - [2024-02-12T19:23:10.332+0000] {dagbag.py:538} INFO - Filling up the DagBag from /home/airflow/.local/lib/python3.8/site-packages/airflow/example_dags/example_external_task_marker_dag.py
[2024-02-12T19:23:10.341+0000] {processor.py:840} INFO - DAG(s) 'example_external_task_marker_parent', 'example_external_task_marker_child' retrieved from /home/airflow/.local/lib/python3.8/site-packages/airflow/example_dags/example_external_task_marker_dag.py
[2024-02-12T19:23:10.366+0000] {logging_mixin.py:188} INFO - [2024-02-12T19:23:10.366+0000] {dag.py:3036} INFO - Sync 2 DAGs
[2024-02-12T19:23:10.382+0000] {logging_mixin.py:188} INFO - [2024-02-12T19:23:10.382+0000] {dag.py:3823} INFO - Setting next_dagrun for example_external_task_marker_child to None, run_after=None
[2024-02-12T19:23:10.386+0000] {logging_mixin.py:188} INFO - [2024-02-12T19:23:10.386+0000] {dag.py:3823} INFO - Setting next_dagrun for example_external_task_marker_parent to None, run_after=None
[2024-02-12T19:23:10.414+0000] {processor.py:183} INFO - Processing /home/airflow/.local/lib/python3.8/site-packages/airflow/example_dags/example_external_task_marker_dag.py took 0.087 seconds
[2024-02-12T19:23:40.567+0000] {processor.py:161} INFO - Started process (PID=11724) to work on /home/airflow/.local/lib/python3.8/site-packages/airflow/example_dags/example_external_task_marker_dag.py
[2024-02-12T19:23:40.569+0000] {processor.py:830} INFO - Processing file /home/airflow/.local/lib/python3.8/site-packages/airflow/example_dags/example_external_task_marker_dag.py for tasks to queue
[2024-02-12T19:23:40.570+0000] {logging_mixin.py:188} INFO - [2024-02-12T19:23:40.570+0000] {dagbag.py:538} INFO - Filling up the DagBag from /home/airflow/.local/lib/python3.8/site-packages/airflow/example_dags/example_external_task_marker_dag.py
[2024-02-12T19:23:40.577+0000] {processor.py:840} INFO - DAG(s) 'example_external_task_marker_parent', 'example_external_task_marker_child' retrieved from /home/airflow/.local/lib/python3.8/site-packages/airflow/example_dags/example_external_task_marker_dag.py
[2024-02-12T19:23:40.605+0000] {logging_mixin.py:188} INFO - [2024-02-12T19:23:40.605+0000] {dag.py:3036} INFO - Sync 2 DAGs
[2024-02-12T19:23:40.616+0000] {logging_mixin.py:188} INFO - [2024-02-12T19:23:40.616+0000] {dag.py:3823} INFO - Setting next_dagrun for example_external_task_marker_child to None, run_after=None
[2024-02-12T19:23:40.619+0000] {logging_mixin.py:188} INFO - [2024-02-12T19:23:40.619+0000] {dag.py:3823} INFO - Setting next_dagrun for example_external_task_marker_parent to None, run_after=None
[2024-02-12T19:23:40.640+0000] {processor.py:183} INFO - Processing /home/airflow/.local/lib/python3.8/site-packages/airflow/example_dags/example_external_task_marker_dag.py took 0.077 seconds
[2024-02-12T19:24:11.286+0000] {processor.py:161} INFO - Started process (PID=11971) to work on /home/airflow/.local/lib/python3.8/site-packages/airflow/example_dags/example_external_task_marker_dag.py
[2024-02-12T19:24:11.287+0000] {processor.py:830} INFO - Processing file /home/airflow/.local/lib/python3.8/site-packages/airflow/example_dags/example_external_task_marker_dag.py for tasks to queue
[2024-02-12T19:24:11.288+0000] {logging_mixin.py:188} INFO - [2024-02-12T19:24:11.287+0000] {dagbag.py:538} INFO - Filling up the DagBag from /home/airflow/.local/lib/python3.8/site-packages/airflow/example_dags/example_external_task_marker_dag.py
[2024-02-12T19:24:11.294+0000] {processor.py:840} INFO - DAG(s) 'example_external_task_marker_parent', 'example_external_task_marker_child' retrieved from /home/airflow/.local/lib/python3.8/site-packages/airflow/example_dags/example_external_task_marker_dag.py
[2024-02-12T19:24:11.321+0000] {logging_mixin.py:188} INFO - [2024-02-12T19:24:11.321+0000] {dag.py:3036} INFO - Sync 2 DAGs
[2024-02-12T19:24:11.336+0000] {logging_mixin.py:188} INFO - [2024-02-12T19:24:11.336+0000] {dag.py:3823} INFO - Setting next_dagrun for example_external_task_marker_child to None, run_after=None
[2024-02-12T19:24:11.340+0000] {logging_mixin.py:188} INFO - [2024-02-12T19:24:11.340+0000] {dag.py:3823} INFO - Setting next_dagrun for example_external_task_marker_parent to None, run_after=None
[2024-02-12T19:24:11.379+0000] {processor.py:183} INFO - Processing /home/airflow/.local/lib/python3.8/site-packages/airflow/example_dags/example_external_task_marker_dag.py took 0.097 seconds
[2024-02-12T19:24:42.425+0000] {processor.py:161} INFO - Started process (PID=12218) to work on /home/airflow/.local/lib/python3.8/site-packages/airflow/example_dags/example_external_task_marker_dag.py
[2024-02-12T19:24:42.426+0000] {processor.py:830} INFO - Processing file /home/airflow/.local/lib/python3.8/site-packages/airflow/example_dags/example_external_task_marker_dag.py for tasks to queue
[2024-02-12T19:24:42.427+0000] {logging_mixin.py:188} INFO - [2024-02-12T19:24:42.427+0000] {dagbag.py:538} INFO - Filling up the DagBag from /home/airflow/.local/lib/python3.8/site-packages/airflow/example_dags/example_external_task_marker_dag.py
[2024-02-12T19:24:42.434+0000] {processor.py:840} INFO - DAG(s) 'example_external_task_marker_parent', 'example_external_task_marker_child' retrieved from /home/airflow/.local/lib/python3.8/site-packages/airflow/example_dags/example_external_task_marker_dag.py
[2024-02-12T19:24:42.460+0000] {logging_mixin.py:188} INFO - [2024-02-12T19:24:42.460+0000] {dag.py:3036} INFO - Sync 2 DAGs
[2024-02-12T19:24:42.475+0000] {logging_mixin.py:188} INFO - [2024-02-12T19:24:42.475+0000] {dag.py:3823} INFO - Setting next_dagrun for example_external_task_marker_child to None, run_after=None
[2024-02-12T19:24:42.479+0000] {logging_mixin.py:188} INFO - [2024-02-12T19:24:42.479+0000] {dag.py:3823} INFO - Setting next_dagrun for example_external_task_marker_parent to None, run_after=None
[2024-02-12T19:24:42.501+0000] {processor.py:183} INFO - Processing /home/airflow/.local/lib/python3.8/site-packages/airflow/example_dags/example_external_task_marker_dag.py took 0.079 seconds
[2024-02-12T19:25:13.609+0000] {processor.py:161} INFO - Started process (PID=12466) to work on /home/airflow/.local/lib/python3.8/site-packages/airflow/example_dags/example_external_task_marker_dag.py
[2024-02-12T19:25:13.610+0000] {processor.py:830} INFO - Processing file /home/airflow/.local/lib/python3.8/site-packages/airflow/example_dags/example_external_task_marker_dag.py for tasks to queue
[2024-02-12T19:25:13.611+0000] {logging_mixin.py:188} INFO - [2024-02-12T19:25:13.611+0000] {dagbag.py:538} INFO - Filling up the DagBag from /home/airflow/.local/lib/python3.8/site-packages/airflow/example_dags/example_external_task_marker_dag.py
[2024-02-12T19:25:13.619+0000] {processor.py:840} INFO - DAG(s) 'example_external_task_marker_parent', 'example_external_task_marker_child' retrieved from /home/airflow/.local/lib/python3.8/site-packages/airflow/example_dags/example_external_task_marker_dag.py
[2024-02-12T19:25:13.681+0000] {logging_mixin.py:188} INFO - [2024-02-12T19:25:13.681+0000] {dag.py:3036} INFO - Sync 2 DAGs
[2024-02-12T19:25:13.730+0000] {logging_mixin.py:188} INFO - [2024-02-12T19:25:13.729+0000] {dag.py:3823} INFO - Setting next_dagrun for example_external_task_marker_child to None, run_after=None
[2024-02-12T19:25:13.752+0000] {logging_mixin.py:188} INFO - [2024-02-12T19:25:13.752+0000] {dag.py:3823} INFO - Setting next_dagrun for example_external_task_marker_parent to None, run_after=None
[2024-02-12T19:25:13.822+0000] {processor.py:183} INFO - Processing /home/airflow/.local/lib/python3.8/site-packages/airflow/example_dags/example_external_task_marker_dag.py took 0.217 seconds
[2024-02-12T19:25:44.786+0000] {processor.py:161} INFO - Started process (PID=12714) to work on /home/airflow/.local/lib/python3.8/site-packages/airflow/example_dags/example_external_task_marker_dag.py
[2024-02-12T19:25:44.787+0000] {processor.py:830} INFO - Processing file /home/airflow/.local/lib/python3.8/site-packages/airflow/example_dags/example_external_task_marker_dag.py for tasks to queue
[2024-02-12T19:25:44.788+0000] {logging_mixin.py:188} INFO - [2024-02-12T19:25:44.788+0000] {dagbag.py:538} INFO - Filling up the DagBag from /home/airflow/.local/lib/python3.8/site-packages/airflow/example_dags/example_external_task_marker_dag.py
[2024-02-12T19:25:44.795+0000] {processor.py:840} INFO - DAG(s) 'example_external_task_marker_child', 'example_external_task_marker_parent' retrieved from /home/airflow/.local/lib/python3.8/site-packages/airflow/example_dags/example_external_task_marker_dag.py
[2024-02-12T19:25:44.813+0000] {logging_mixin.py:188} INFO - [2024-02-12T19:25:44.813+0000] {dag.py:3036} INFO - Sync 2 DAGs
[2024-02-12T19:25:44.830+0000] {logging_mixin.py:188} INFO - [2024-02-12T19:25:44.830+0000] {dag.py:3823} INFO - Setting next_dagrun for example_external_task_marker_child to None, run_after=None
[2024-02-12T19:25:44.834+0000] {logging_mixin.py:188} INFO - [2024-02-12T19:25:44.834+0000] {dag.py:3823} INFO - Setting next_dagrun for example_external_task_marker_parent to None, run_after=None
[2024-02-12T19:25:44.856+0000] {processor.py:183} INFO - Processing /home/airflow/.local/lib/python3.8/site-packages/airflow/example_dags/example_external_task_marker_dag.py took 0.073 seconds
