[2024-02-12T19:00:12.037+0000] {processor.py:161} INFO - Started process (PID=271) to work on /home/airflow/.local/lib/python3.8/site-packages/airflow/example_dags/example_short_circuit_operator.py
[2024-02-12T19:00:12.047+0000] {processor.py:830} INFO - Processing file /home/airflow/.local/lib/python3.8/site-packages/airflow/example_dags/example_short_circuit_operator.py for tasks to queue
[2024-02-12T19:00:12.048+0000] {logging_mixin.py:188} INFO - [2024-02-12T19:00:12.048+0000] {dagbag.py:538} INFO - Filling up the DagBag from /home/airflow/.local/lib/python3.8/site-packages/airflow/example_dags/example_short_circuit_operator.py
[2024-02-12T19:00:12.092+0000] {processor.py:840} INFO - DAG(s) 'example_short_circuit_operator' retrieved from /home/airflow/.local/lib/python3.8/site-packages/airflow/example_dags/example_short_circuit_operator.py
[2024-02-12T19:00:12.455+0000] {logging_mixin.py:188} INFO - [2024-02-12T19:00:12.455+0000] {dag.py:3036} INFO - Sync 1 DAGs
[2024-02-12T19:00:12.499+0000] {logging_mixin.py:188} INFO - [2024-02-12T19:00:12.499+0000] {dag.py:3823} INFO - Setting next_dagrun for example_short_circuit_operator to 2024-02-11 00:00:00+00:00, run_after=2024-02-12 00:00:00+00:00
[2024-02-12T19:00:12.551+0000] {processor.py:183} INFO - Processing /home/airflow/.local/lib/python3.8/site-packages/airflow/example_dags/example_short_circuit_operator.py took 0.519 seconds
[2024-02-12T19:00:43.313+0000] {processor.py:161} INFO - Started process (PID=520) to work on /home/airflow/.local/lib/python3.8/site-packages/airflow/example_dags/example_short_circuit_operator.py
[2024-02-12T19:00:43.314+0000] {processor.py:830} INFO - Processing file /home/airflow/.local/lib/python3.8/site-packages/airflow/example_dags/example_short_circuit_operator.py for tasks to queue
[2024-02-12T19:00:43.315+0000] {logging_mixin.py:188} INFO - [2024-02-12T19:00:43.315+0000] {dagbag.py:538} INFO - Filling up the DagBag from /home/airflow/.local/lib/python3.8/site-packages/airflow/example_dags/example_short_circuit_operator.py
[2024-02-12T19:00:43.324+0000] {processor.py:840} INFO - DAG(s) 'example_short_circuit_operator' retrieved from /home/airflow/.local/lib/python3.8/site-packages/airflow/example_dags/example_short_circuit_operator.py
[2024-02-12T19:00:43.353+0000] {logging_mixin.py:188} INFO - [2024-02-12T19:00:43.353+0000] {dag.py:3036} INFO - Sync 1 DAGs
[2024-02-12T19:00:43.380+0000] {logging_mixin.py:188} INFO - [2024-02-12T19:00:43.379+0000] {dag.py:3823} INFO - Setting next_dagrun for example_short_circuit_operator to 2024-02-11 00:00:00+00:00, run_after=2024-02-12 00:00:00+00:00
[2024-02-12T19:00:43.404+0000] {processor.py:183} INFO - Processing /home/airflow/.local/lib/python3.8/site-packages/airflow/example_dags/example_short_circuit_operator.py took 0.094 seconds
[2024-02-12T19:01:13.558+0000] {processor.py:161} INFO - Started process (PID=767) to work on /home/airflow/.local/lib/python3.8/site-packages/airflow/example_dags/example_short_circuit_operator.py
[2024-02-12T19:01:13.559+0000] {processor.py:830} INFO - Processing file /home/airflow/.local/lib/python3.8/site-packages/airflow/example_dags/example_short_circuit_operator.py for tasks to queue
[2024-02-12T19:01:13.559+0000] {logging_mixin.py:188} INFO - [2024-02-12T19:01:13.559+0000] {dagbag.py:538} INFO - Filling up the DagBag from /home/airflow/.local/lib/python3.8/site-packages/airflow/example_dags/example_short_circuit_operator.py
[2024-02-12T19:01:13.570+0000] {processor.py:840} INFO - DAG(s) 'example_short_circuit_operator' retrieved from /home/airflow/.local/lib/python3.8/site-packages/airflow/example_dags/example_short_circuit_operator.py
[2024-02-12T19:01:13.600+0000] {logging_mixin.py:188} INFO - [2024-02-12T19:01:13.599+0000] {dag.py:3036} INFO - Sync 1 DAGs
[2024-02-12T19:01:13.626+0000] {logging_mixin.py:188} INFO - [2024-02-12T19:01:13.625+0000] {dag.py:3823} INFO - Setting next_dagrun for example_short_circuit_operator to 2024-02-11 00:00:00+00:00, run_after=2024-02-12 00:00:00+00:00
[2024-02-12T19:01:13.655+0000] {processor.py:183} INFO - Processing /home/airflow/.local/lib/python3.8/site-packages/airflow/example_dags/example_short_circuit_operator.py took 0.100 seconds
[2024-02-12T19:01:44.005+0000] {processor.py:161} INFO - Started process (PID=1014) to work on /home/airflow/.local/lib/python3.8/site-packages/airflow/example_dags/example_short_circuit_operator.py
[2024-02-12T19:01:44.006+0000] {processor.py:830} INFO - Processing file /home/airflow/.local/lib/python3.8/site-packages/airflow/example_dags/example_short_circuit_operator.py for tasks to queue
[2024-02-12T19:01:44.006+0000] {logging_mixin.py:188} INFO - [2024-02-12T19:01:44.006+0000] {dagbag.py:538} INFO - Filling up the DagBag from /home/airflow/.local/lib/python3.8/site-packages/airflow/example_dags/example_short_circuit_operator.py
[2024-02-12T19:01:44.016+0000] {processor.py:840} INFO - DAG(s) 'example_short_circuit_operator' retrieved from /home/airflow/.local/lib/python3.8/site-packages/airflow/example_dags/example_short_circuit_operator.py
[2024-02-12T19:01:44.044+0000] {logging_mixin.py:188} INFO - [2024-02-12T19:01:44.044+0000] {dag.py:3036} INFO - Sync 1 DAGs
[2024-02-12T19:01:44.069+0000] {logging_mixin.py:188} INFO - [2024-02-12T19:01:44.069+0000] {dag.py:3823} INFO - Setting next_dagrun for example_short_circuit_operator to 2024-02-11 00:00:00+00:00, run_after=2024-02-12 00:00:00+00:00
[2024-02-12T19:01:44.092+0000] {processor.py:183} INFO - Processing /home/airflow/.local/lib/python3.8/site-packages/airflow/example_dags/example_short_circuit_operator.py took 0.090 seconds
[2024-02-12T19:02:14.505+0000] {processor.py:161} INFO - Started process (PID=1261) to work on /home/airflow/.local/lib/python3.8/site-packages/airflow/example_dags/example_short_circuit_operator.py
[2024-02-12T19:02:14.506+0000] {processor.py:830} INFO - Processing file /home/airflow/.local/lib/python3.8/site-packages/airflow/example_dags/example_short_circuit_operator.py for tasks to queue
[2024-02-12T19:02:14.506+0000] {logging_mixin.py:188} INFO - [2024-02-12T19:02:14.506+0000] {dagbag.py:538} INFO - Filling up the DagBag from /home/airflow/.local/lib/python3.8/site-packages/airflow/example_dags/example_short_circuit_operator.py
[2024-02-12T19:02:14.516+0000] {processor.py:840} INFO - DAG(s) 'example_short_circuit_operator' retrieved from /home/airflow/.local/lib/python3.8/site-packages/airflow/example_dags/example_short_circuit_operator.py
[2024-02-12T19:02:14.543+0000] {logging_mixin.py:188} INFO - [2024-02-12T19:02:14.543+0000] {dag.py:3036} INFO - Sync 1 DAGs
[2024-02-12T19:02:14.568+0000] {logging_mixin.py:188} INFO - [2024-02-12T19:02:14.568+0000] {dag.py:3823} INFO - Setting next_dagrun for example_short_circuit_operator to 2024-02-11 00:00:00+00:00, run_after=2024-02-12 00:00:00+00:00
[2024-02-12T19:02:14.592+0000] {processor.py:183} INFO - Processing /home/airflow/.local/lib/python3.8/site-packages/airflow/example_dags/example_short_circuit_operator.py took 0.091 seconds
[2024-02-12T19:02:44.981+0000] {processor.py:161} INFO - Started process (PID=1509) to work on /home/airflow/.local/lib/python3.8/site-packages/airflow/example_dags/example_short_circuit_operator.py
[2024-02-12T19:02:44.982+0000] {processor.py:830} INFO - Processing file /home/airflow/.local/lib/python3.8/site-packages/airflow/example_dags/example_short_circuit_operator.py for tasks to queue
[2024-02-12T19:02:44.983+0000] {logging_mixin.py:188} INFO - [2024-02-12T19:02:44.983+0000] {dagbag.py:538} INFO - Filling up the DagBag from /home/airflow/.local/lib/python3.8/site-packages/airflow/example_dags/example_short_circuit_operator.py
[2024-02-12T19:02:44.992+0000] {processor.py:840} INFO - DAG(s) 'example_short_circuit_operator' retrieved from /home/airflow/.local/lib/python3.8/site-packages/airflow/example_dags/example_short_circuit_operator.py
[2024-02-12T19:02:45.024+0000] {logging_mixin.py:188} INFO - [2024-02-12T19:02:45.024+0000] {dag.py:3036} INFO - Sync 1 DAGs
[2024-02-12T19:02:45.062+0000] {logging_mixin.py:188} INFO - [2024-02-12T19:02:45.061+0000] {dag.py:3823} INFO - Setting next_dagrun for example_short_circuit_operator to 2024-02-11 00:00:00+00:00, run_after=2024-02-12 00:00:00+00:00
[2024-02-12T19:02:45.094+0000] {processor.py:183} INFO - Processing /home/airflow/.local/lib/python3.8/site-packages/airflow/example_dags/example_short_circuit_operator.py took 0.116 seconds
[2024-02-12T19:03:15.290+0000] {processor.py:161} INFO - Started process (PID=1756) to work on /home/airflow/.local/lib/python3.8/site-packages/airflow/example_dags/example_short_circuit_operator.py
[2024-02-12T19:03:15.291+0000] {processor.py:830} INFO - Processing file /home/airflow/.local/lib/python3.8/site-packages/airflow/example_dags/example_short_circuit_operator.py for tasks to queue
[2024-02-12T19:03:15.292+0000] {logging_mixin.py:188} INFO - [2024-02-12T19:03:15.292+0000] {dagbag.py:538} INFO - Filling up the DagBag from /home/airflow/.local/lib/python3.8/site-packages/airflow/example_dags/example_short_circuit_operator.py
[2024-02-12T19:03:15.302+0000] {processor.py:840} INFO - DAG(s) 'example_short_circuit_operator' retrieved from /home/airflow/.local/lib/python3.8/site-packages/airflow/example_dags/example_short_circuit_operator.py
[2024-02-12T19:03:15.384+0000] {logging_mixin.py:188} INFO - [2024-02-12T19:03:15.384+0000] {dag.py:3036} INFO - Sync 1 DAGs
[2024-02-12T19:03:15.417+0000] {logging_mixin.py:188} INFO - [2024-02-12T19:03:15.416+0000] {dag.py:3823} INFO - Setting next_dagrun for example_short_circuit_operator to 2024-02-11 00:00:00+00:00, run_after=2024-02-12 00:00:00+00:00
[2024-02-12T19:03:15.441+0000] {processor.py:183} INFO - Processing /home/airflow/.local/lib/python3.8/site-packages/airflow/example_dags/example_short_circuit_operator.py took 0.155 seconds
[2024-02-12T19:03:45.826+0000] {processor.py:161} INFO - Started process (PID=2004) to work on /home/airflow/.local/lib/python3.8/site-packages/airflow/example_dags/example_short_circuit_operator.py
[2024-02-12T19:03:45.827+0000] {processor.py:830} INFO - Processing file /home/airflow/.local/lib/python3.8/site-packages/airflow/example_dags/example_short_circuit_operator.py for tasks to queue
[2024-02-12T19:03:45.828+0000] {logging_mixin.py:188} INFO - [2024-02-12T19:03:45.827+0000] {dagbag.py:538} INFO - Filling up the DagBag from /home/airflow/.local/lib/python3.8/site-packages/airflow/example_dags/example_short_circuit_operator.py
[2024-02-12T19:03:45.837+0000] {processor.py:840} INFO - DAG(s) 'example_short_circuit_operator' retrieved from /home/airflow/.local/lib/python3.8/site-packages/airflow/example_dags/example_short_circuit_operator.py
[2024-02-12T19:03:45.918+0000] {logging_mixin.py:188} INFO - [2024-02-12T19:03:45.918+0000] {dag.py:3036} INFO - Sync 1 DAGs
[2024-02-12T19:03:45.966+0000] {logging_mixin.py:188} INFO - [2024-02-12T19:03:45.966+0000] {dag.py:3823} INFO - Setting next_dagrun for example_short_circuit_operator to 2024-02-11 00:00:00+00:00, run_after=2024-02-12 00:00:00+00:00
[2024-02-12T19:03:45.994+0000] {processor.py:183} INFO - Processing /home/airflow/.local/lib/python3.8/site-packages/airflow/example_dags/example_short_circuit_operator.py took 0.172 seconds
[2024-02-12T19:04:16.069+0000] {processor.py:161} INFO - Started process (PID=2257) to work on /home/airflow/.local/lib/python3.8/site-packages/airflow/example_dags/example_short_circuit_operator.py
[2024-02-12T19:04:16.070+0000] {processor.py:830} INFO - Processing file /home/airflow/.local/lib/python3.8/site-packages/airflow/example_dags/example_short_circuit_operator.py for tasks to queue
[2024-02-12T19:04:16.071+0000] {logging_mixin.py:188} INFO - [2024-02-12T19:04:16.071+0000] {dagbag.py:538} INFO - Filling up the DagBag from /home/airflow/.local/lib/python3.8/site-packages/airflow/example_dags/example_short_circuit_operator.py
[2024-02-12T19:04:16.081+0000] {processor.py:840} INFO - DAG(s) 'example_short_circuit_operator' retrieved from /home/airflow/.local/lib/python3.8/site-packages/airflow/example_dags/example_short_circuit_operator.py
[2024-02-12T19:04:16.159+0000] {logging_mixin.py:188} INFO - [2024-02-12T19:04:16.159+0000] {dag.py:3036} INFO - Sync 1 DAGs
[2024-02-12T19:04:16.246+0000] {logging_mixin.py:188} INFO - [2024-02-12T19:04:16.246+0000] {dag.py:3823} INFO - Setting next_dagrun for example_short_circuit_operator to 2024-02-11 00:00:00+00:00, run_after=2024-02-12 00:00:00+00:00
[2024-02-12T19:04:16.327+0000] {processor.py:183} INFO - Processing /home/airflow/.local/lib/python3.8/site-packages/airflow/example_dags/example_short_circuit_operator.py took 0.262 seconds
[2024-02-12T19:04:46.449+0000] {processor.py:161} INFO - Started process (PID=2520) to work on /home/airflow/.local/lib/python3.8/site-packages/airflow/example_dags/example_short_circuit_operator.py
[2024-02-12T19:04:46.450+0000] {processor.py:830} INFO - Processing file /home/airflow/.local/lib/python3.8/site-packages/airflow/example_dags/example_short_circuit_operator.py for tasks to queue
[2024-02-12T19:04:46.451+0000] {logging_mixin.py:188} INFO - [2024-02-12T19:04:46.451+0000] {dagbag.py:538} INFO - Filling up the DagBag from /home/airflow/.local/lib/python3.8/site-packages/airflow/example_dags/example_short_circuit_operator.py
[2024-02-12T19:04:46.462+0000] {processor.py:840} INFO - DAG(s) 'example_short_circuit_operator' retrieved from /home/airflow/.local/lib/python3.8/site-packages/airflow/example_dags/example_short_circuit_operator.py
[2024-02-12T19:04:46.488+0000] {logging_mixin.py:188} INFO - [2024-02-12T19:04:46.488+0000] {dag.py:3036} INFO - Sync 1 DAGs
[2024-02-12T19:04:46.513+0000] {logging_mixin.py:188} INFO - [2024-02-12T19:04:46.513+0000] {dag.py:3823} INFO - Setting next_dagrun for example_short_circuit_operator to 2024-02-11 00:00:00+00:00, run_after=2024-02-12 00:00:00+00:00
[2024-02-12T19:04:46.539+0000] {processor.py:183} INFO - Processing /home/airflow/.local/lib/python3.8/site-packages/airflow/example_dags/example_short_circuit_operator.py took 0.094 seconds
[2024-02-12T19:05:17.106+0000] {processor.py:161} INFO - Started process (PID=2767) to work on /home/airflow/.local/lib/python3.8/site-packages/airflow/example_dags/example_short_circuit_operator.py
[2024-02-12T19:05:17.107+0000] {processor.py:830} INFO - Processing file /home/airflow/.local/lib/python3.8/site-packages/airflow/example_dags/example_short_circuit_operator.py for tasks to queue
[2024-02-12T19:05:17.108+0000] {logging_mixin.py:188} INFO - [2024-02-12T19:05:17.108+0000] {dagbag.py:538} INFO - Filling up the DagBag from /home/airflow/.local/lib/python3.8/site-packages/airflow/example_dags/example_short_circuit_operator.py
[2024-02-12T19:05:17.119+0000] {processor.py:840} INFO - DAG(s) 'example_short_circuit_operator' retrieved from /home/airflow/.local/lib/python3.8/site-packages/airflow/example_dags/example_short_circuit_operator.py
[2024-02-12T19:05:17.146+0000] {logging_mixin.py:188} INFO - [2024-02-12T19:05:17.146+0000] {dag.py:3036} INFO - Sync 1 DAGs
[2024-02-12T19:05:17.171+0000] {logging_mixin.py:188} INFO - [2024-02-12T19:05:17.171+0000] {dag.py:3823} INFO - Setting next_dagrun for example_short_circuit_operator to 2024-02-11 00:00:00+00:00, run_after=2024-02-12 00:00:00+00:00
[2024-02-12T19:05:17.196+0000] {processor.py:183} INFO - Processing /home/airflow/.local/lib/python3.8/site-packages/airflow/example_dags/example_short_circuit_operator.py took 0.094 seconds
[2024-02-12T19:05:47.860+0000] {processor.py:161} INFO - Started process (PID=3014) to work on /home/airflow/.local/lib/python3.8/site-packages/airflow/example_dags/example_short_circuit_operator.py
[2024-02-12T19:05:47.861+0000] {processor.py:830} INFO - Processing file /home/airflow/.local/lib/python3.8/site-packages/airflow/example_dags/example_short_circuit_operator.py for tasks to queue
[2024-02-12T19:05:47.862+0000] {logging_mixin.py:188} INFO - [2024-02-12T19:05:47.862+0000] {dagbag.py:538} INFO - Filling up the DagBag from /home/airflow/.local/lib/python3.8/site-packages/airflow/example_dags/example_short_circuit_operator.py
[2024-02-12T19:05:47.874+0000] {processor.py:840} INFO - DAG(s) 'example_short_circuit_operator' retrieved from /home/airflow/.local/lib/python3.8/site-packages/airflow/example_dags/example_short_circuit_operator.py
[2024-02-12T19:05:47.903+0000] {logging_mixin.py:188} INFO - [2024-02-12T19:05:47.902+0000] {dag.py:3036} INFO - Sync 1 DAGs
[2024-02-12T19:05:47.929+0000] {logging_mixin.py:188} INFO - [2024-02-12T19:05:47.929+0000] {dag.py:3823} INFO - Setting next_dagrun for example_short_circuit_operator to 2024-02-11 00:00:00+00:00, run_after=2024-02-12 00:00:00+00:00
[2024-02-12T19:05:47.953+0000] {processor.py:183} INFO - Processing /home/airflow/.local/lib/python3.8/site-packages/airflow/example_dags/example_short_circuit_operator.py took 0.097 seconds
[2024-02-12T19:06:18.638+0000] {processor.py:161} INFO - Started process (PID=3262) to work on /home/airflow/.local/lib/python3.8/site-packages/airflow/example_dags/example_short_circuit_operator.py
[2024-02-12T19:06:18.646+0000] {processor.py:830} INFO - Processing file /home/airflow/.local/lib/python3.8/site-packages/airflow/example_dags/example_short_circuit_operator.py for tasks to queue
[2024-02-12T19:06:18.647+0000] {logging_mixin.py:188} INFO - [2024-02-12T19:06:18.647+0000] {dagbag.py:538} INFO - Filling up the DagBag from /home/airflow/.local/lib/python3.8/site-packages/airflow/example_dags/example_short_circuit_operator.py
[2024-02-12T19:06:18.657+0000] {processor.py:840} INFO - DAG(s) 'example_short_circuit_operator' retrieved from /home/airflow/.local/lib/python3.8/site-packages/airflow/example_dags/example_short_circuit_operator.py
[2024-02-12T19:06:18.695+0000] {logging_mixin.py:188} INFO - [2024-02-12T19:06:18.695+0000] {dag.py:3036} INFO - Sync 1 DAGs
[2024-02-12T19:06:18.721+0000] {logging_mixin.py:188} INFO - [2024-02-12T19:06:18.720+0000] {dag.py:3823} INFO - Setting next_dagrun for example_short_circuit_operator to 2024-02-11 00:00:00+00:00, run_after=2024-02-12 00:00:00+00:00
[2024-02-12T19:06:18.752+0000] {processor.py:183} INFO - Processing /home/airflow/.local/lib/python3.8/site-packages/airflow/example_dags/example_short_circuit_operator.py took 0.124 seconds
[2024-02-12T19:06:49.569+0000] {processor.py:161} INFO - Started process (PID=3509) to work on /home/airflow/.local/lib/python3.8/site-packages/airflow/example_dags/example_short_circuit_operator.py
[2024-02-12T19:06:49.579+0000] {processor.py:830} INFO - Processing file /home/airflow/.local/lib/python3.8/site-packages/airflow/example_dags/example_short_circuit_operator.py for tasks to queue
[2024-02-12T19:06:49.580+0000] {logging_mixin.py:188} INFO - [2024-02-12T19:06:49.580+0000] {dagbag.py:538} INFO - Filling up the DagBag from /home/airflow/.local/lib/python3.8/site-packages/airflow/example_dags/example_short_circuit_operator.py
[2024-02-12T19:06:49.603+0000] {processor.py:840} INFO - DAG(s) 'example_short_circuit_operator' retrieved from /home/airflow/.local/lib/python3.8/site-packages/airflow/example_dags/example_short_circuit_operator.py
[2024-02-12T19:06:49.711+0000] {logging_mixin.py:188} INFO - [2024-02-12T19:06:49.711+0000] {dag.py:3036} INFO - Sync 1 DAGs
[2024-02-12T19:06:49.837+0000] {logging_mixin.py:188} INFO - [2024-02-12T19:06:49.835+0000] {dag.py:3823} INFO - Setting next_dagrun for example_short_circuit_operator to 2024-02-11 00:00:00+00:00, run_after=2024-02-12 00:00:00+00:00
[2024-02-12T19:06:49.906+0000] {processor.py:183} INFO - Processing /home/airflow/.local/lib/python3.8/site-packages/airflow/example_dags/example_short_circuit_operator.py took 0.346 seconds
[2024-02-12T19:07:20.686+0000] {processor.py:161} INFO - Started process (PID=3757) to work on /home/airflow/.local/lib/python3.8/site-packages/airflow/example_dags/example_short_circuit_operator.py
[2024-02-12T19:07:20.687+0000] {processor.py:830} INFO - Processing file /home/airflow/.local/lib/python3.8/site-packages/airflow/example_dags/example_short_circuit_operator.py for tasks to queue
[2024-02-12T19:07:20.688+0000] {logging_mixin.py:188} INFO - [2024-02-12T19:07:20.688+0000] {dagbag.py:538} INFO - Filling up the DagBag from /home/airflow/.local/lib/python3.8/site-packages/airflow/example_dags/example_short_circuit_operator.py
[2024-02-12T19:07:20.698+0000] {processor.py:840} INFO - DAG(s) 'example_short_circuit_operator' retrieved from /home/airflow/.local/lib/python3.8/site-packages/airflow/example_dags/example_short_circuit_operator.py
[2024-02-12T19:07:20.724+0000] {logging_mixin.py:188} INFO - [2024-02-12T19:07:20.724+0000] {dag.py:3036} INFO - Sync 1 DAGs
[2024-02-12T19:07:20.748+0000] {logging_mixin.py:188} INFO - [2024-02-12T19:07:20.748+0000] {dag.py:3823} INFO - Setting next_dagrun for example_short_circuit_operator to 2024-02-11 00:00:00+00:00, run_after=2024-02-12 00:00:00+00:00
[2024-02-12T19:07:20.773+0000] {processor.py:183} INFO - Processing /home/airflow/.local/lib/python3.8/site-packages/airflow/example_dags/example_short_circuit_operator.py took 0.090 seconds
[2024-02-12T19:07:50.847+0000] {processor.py:161} INFO - Started process (PID=4001) to work on /home/airflow/.local/lib/python3.8/site-packages/airflow/example_dags/example_short_circuit_operator.py
[2024-02-12T19:07:50.849+0000] {processor.py:830} INFO - Processing file /home/airflow/.local/lib/python3.8/site-packages/airflow/example_dags/example_short_circuit_operator.py for tasks to queue
[2024-02-12T19:07:50.851+0000] {logging_mixin.py:188} INFO - [2024-02-12T19:07:50.850+0000] {dagbag.py:538} INFO - Filling up the DagBag from /home/airflow/.local/lib/python3.8/site-packages/airflow/example_dags/example_short_circuit_operator.py
[2024-02-12T19:07:50.860+0000] {processor.py:840} INFO - DAG(s) 'example_short_circuit_operator' retrieved from /home/airflow/.local/lib/python3.8/site-packages/airflow/example_dags/example_short_circuit_operator.py
[2024-02-12T19:07:50.889+0000] {logging_mixin.py:188} INFO - [2024-02-12T19:07:50.889+0000] {dag.py:3036} INFO - Sync 1 DAGs
[2024-02-12T19:07:50.919+0000] {logging_mixin.py:188} INFO - [2024-02-12T19:07:50.919+0000] {dag.py:3823} INFO - Setting next_dagrun for example_short_circuit_operator to 2024-02-11 00:00:00+00:00, run_after=2024-02-12 00:00:00+00:00
[2024-02-12T19:07:50.953+0000] {processor.py:183} INFO - Processing /home/airflow/.local/lib/python3.8/site-packages/airflow/example_dags/example_short_circuit_operator.py took 0.109 seconds
[2024-02-12T19:08:21.206+0000] {processor.py:161} INFO - Started process (PID=4249) to work on /home/airflow/.local/lib/python3.8/site-packages/airflow/example_dags/example_short_circuit_operator.py
[2024-02-12T19:08:21.207+0000] {processor.py:830} INFO - Processing file /home/airflow/.local/lib/python3.8/site-packages/airflow/example_dags/example_short_circuit_operator.py for tasks to queue
[2024-02-12T19:08:21.208+0000] {logging_mixin.py:188} INFO - [2024-02-12T19:08:21.208+0000] {dagbag.py:538} INFO - Filling up the DagBag from /home/airflow/.local/lib/python3.8/site-packages/airflow/example_dags/example_short_circuit_operator.py
[2024-02-12T19:08:21.222+0000] {processor.py:840} INFO - DAG(s) 'example_short_circuit_operator' retrieved from /home/airflow/.local/lib/python3.8/site-packages/airflow/example_dags/example_short_circuit_operator.py
[2024-02-12T19:08:21.251+0000] {logging_mixin.py:188} INFO - [2024-02-12T19:08:21.250+0000] {dag.py:3036} INFO - Sync 1 DAGs
[2024-02-12T19:08:21.276+0000] {logging_mixin.py:188} INFO - [2024-02-12T19:08:21.275+0000] {dag.py:3823} INFO - Setting next_dagrun for example_short_circuit_operator to 2024-02-11 00:00:00+00:00, run_after=2024-02-12 00:00:00+00:00
[2024-02-12T19:08:21.317+0000] {processor.py:183} INFO - Processing /home/airflow/.local/lib/python3.8/site-packages/airflow/example_dags/example_short_circuit_operator.py took 0.115 seconds
[2024-02-12T19:08:51.479+0000] {processor.py:161} INFO - Started process (PID=4497) to work on /home/airflow/.local/lib/python3.8/site-packages/airflow/example_dags/example_short_circuit_operator.py
[2024-02-12T19:08:51.480+0000] {processor.py:830} INFO - Processing file /home/airflow/.local/lib/python3.8/site-packages/airflow/example_dags/example_short_circuit_operator.py for tasks to queue
[2024-02-12T19:08:51.481+0000] {logging_mixin.py:188} INFO - [2024-02-12T19:08:51.481+0000] {dagbag.py:538} INFO - Filling up the DagBag from /home/airflow/.local/lib/python3.8/site-packages/airflow/example_dags/example_short_circuit_operator.py
[2024-02-12T19:08:51.487+0000] {processor.py:840} INFO - DAG(s) 'example_short_circuit_operator' retrieved from /home/airflow/.local/lib/python3.8/site-packages/airflow/example_dags/example_short_circuit_operator.py
[2024-02-12T19:08:51.505+0000] {logging_mixin.py:188} INFO - [2024-02-12T19:08:51.504+0000] {dag.py:3036} INFO - Sync 1 DAGs
[2024-02-12T19:08:51.521+0000] {logging_mixin.py:188} INFO - [2024-02-12T19:08:51.521+0000] {dag.py:3823} INFO - Setting next_dagrun for example_short_circuit_operator to 2024-02-11 00:00:00+00:00, run_after=2024-02-12 00:00:00+00:00
[2024-02-12T19:08:51.540+0000] {processor.py:183} INFO - Processing /home/airflow/.local/lib/python3.8/site-packages/airflow/example_dags/example_short_circuit_operator.py took 0.064 seconds
[2024-02-12T19:09:21.739+0000] {processor.py:161} INFO - Started process (PID=4746) to work on /home/airflow/.local/lib/python3.8/site-packages/airflow/example_dags/example_short_circuit_operator.py
[2024-02-12T19:09:21.740+0000] {processor.py:830} INFO - Processing file /home/airflow/.local/lib/python3.8/site-packages/airflow/example_dags/example_short_circuit_operator.py for tasks to queue
[2024-02-12T19:09:21.741+0000] {logging_mixin.py:188} INFO - [2024-02-12T19:09:21.741+0000] {dagbag.py:538} INFO - Filling up the DagBag from /home/airflow/.local/lib/python3.8/site-packages/airflow/example_dags/example_short_circuit_operator.py
[2024-02-12T19:09:21.748+0000] {processor.py:840} INFO - DAG(s) 'example_short_circuit_operator' retrieved from /home/airflow/.local/lib/python3.8/site-packages/airflow/example_dags/example_short_circuit_operator.py
[2024-02-12T19:09:21.766+0000] {logging_mixin.py:188} INFO - [2024-02-12T19:09:21.766+0000] {dag.py:3036} INFO - Sync 1 DAGs
[2024-02-12T19:09:21.784+0000] {logging_mixin.py:188} INFO - [2024-02-12T19:09:21.784+0000] {dag.py:3823} INFO - Setting next_dagrun for example_short_circuit_operator to 2024-02-11 00:00:00+00:00, run_after=2024-02-12 00:00:00+00:00
[2024-02-12T19:09:21.805+0000] {processor.py:183} INFO - Processing /home/airflow/.local/lib/python3.8/site-packages/airflow/example_dags/example_short_circuit_operator.py took 0.069 seconds
[2024-02-12T19:09:52.226+0000] {processor.py:161} INFO - Started process (PID=4996) to work on /home/airflow/.local/lib/python3.8/site-packages/airflow/example_dags/example_short_circuit_operator.py
[2024-02-12T19:09:52.231+0000] {processor.py:830} INFO - Processing file /home/airflow/.local/lib/python3.8/site-packages/airflow/example_dags/example_short_circuit_operator.py for tasks to queue
[2024-02-12T19:09:52.232+0000] {logging_mixin.py:188} INFO - [2024-02-12T19:09:52.232+0000] {dagbag.py:538} INFO - Filling up the DagBag from /home/airflow/.local/lib/python3.8/site-packages/airflow/example_dags/example_short_circuit_operator.py
[2024-02-12T19:09:52.242+0000] {processor.py:840} INFO - DAG(s) 'example_short_circuit_operator' retrieved from /home/airflow/.local/lib/python3.8/site-packages/airflow/example_dags/example_short_circuit_operator.py
[2024-02-12T19:09:52.269+0000] {logging_mixin.py:188} INFO - [2024-02-12T19:09:52.269+0000] {dag.py:3036} INFO - Sync 1 DAGs
[2024-02-12T19:09:52.293+0000] {logging_mixin.py:188} INFO - [2024-02-12T19:09:52.293+0000] {dag.py:3823} INFO - Setting next_dagrun for example_short_circuit_operator to 2024-02-11 00:00:00+00:00, run_after=2024-02-12 00:00:00+00:00
[2024-02-12T19:09:52.318+0000] {processor.py:183} INFO - Processing /home/airflow/.local/lib/python3.8/site-packages/airflow/example_dags/example_short_circuit_operator.py took 0.095 seconds
[2024-02-12T19:10:22.611+0000] {processor.py:161} INFO - Started process (PID=5243) to work on /home/airflow/.local/lib/python3.8/site-packages/airflow/example_dags/example_short_circuit_operator.py
[2024-02-12T19:10:22.612+0000] {processor.py:830} INFO - Processing file /home/airflow/.local/lib/python3.8/site-packages/airflow/example_dags/example_short_circuit_operator.py for tasks to queue
[2024-02-12T19:10:22.612+0000] {logging_mixin.py:188} INFO - [2024-02-12T19:10:22.612+0000] {dagbag.py:538} INFO - Filling up the DagBag from /home/airflow/.local/lib/python3.8/site-packages/airflow/example_dags/example_short_circuit_operator.py
[2024-02-12T19:10:22.622+0000] {processor.py:840} INFO - DAG(s) 'example_short_circuit_operator' retrieved from /home/airflow/.local/lib/python3.8/site-packages/airflow/example_dags/example_short_circuit_operator.py
[2024-02-12T19:10:22.648+0000] {logging_mixin.py:188} INFO - [2024-02-12T19:10:22.648+0000] {dag.py:3036} INFO - Sync 1 DAGs
[2024-02-12T19:10:22.673+0000] {logging_mixin.py:188} INFO - [2024-02-12T19:10:22.673+0000] {dag.py:3823} INFO - Setting next_dagrun for example_short_circuit_operator to 2024-02-11 00:00:00+00:00, run_after=2024-02-12 00:00:00+00:00
[2024-02-12T19:10:22.699+0000] {processor.py:183} INFO - Processing /home/airflow/.local/lib/python3.8/site-packages/airflow/example_dags/example_short_circuit_operator.py took 0.092 seconds
[2024-02-12T19:10:53.580+0000] {processor.py:161} INFO - Started process (PID=5491) to work on /home/airflow/.local/lib/python3.8/site-packages/airflow/example_dags/example_short_circuit_operator.py
[2024-02-12T19:10:53.587+0000] {processor.py:830} INFO - Processing file /home/airflow/.local/lib/python3.8/site-packages/airflow/example_dags/example_short_circuit_operator.py for tasks to queue
[2024-02-12T19:10:53.588+0000] {logging_mixin.py:188} INFO - [2024-02-12T19:10:53.588+0000] {dagbag.py:538} INFO - Filling up the DagBag from /home/airflow/.local/lib/python3.8/site-packages/airflow/example_dags/example_short_circuit_operator.py
[2024-02-12T19:10:53.599+0000] {processor.py:840} INFO - DAG(s) 'example_short_circuit_operator' retrieved from /home/airflow/.local/lib/python3.8/site-packages/airflow/example_dags/example_short_circuit_operator.py
[2024-02-12T19:10:53.625+0000] {logging_mixin.py:188} INFO - [2024-02-12T19:10:53.624+0000] {dag.py:3036} INFO - Sync 1 DAGs
[2024-02-12T19:10:53.649+0000] {logging_mixin.py:188} INFO - [2024-02-12T19:10:53.649+0000] {dag.py:3823} INFO - Setting next_dagrun for example_short_circuit_operator to 2024-02-11 00:00:00+00:00, run_after=2024-02-12 00:00:00+00:00
[2024-02-12T19:10:53.674+0000] {processor.py:183} INFO - Processing /home/airflow/.local/lib/python3.8/site-packages/airflow/example_dags/example_short_circuit_operator.py took 0.099 seconds
[2024-02-12T19:11:24.070+0000] {processor.py:161} INFO - Started process (PID=5738) to work on /home/airflow/.local/lib/python3.8/site-packages/airflow/example_dags/example_short_circuit_operator.py
[2024-02-12T19:11:24.072+0000] {processor.py:830} INFO - Processing file /home/airflow/.local/lib/python3.8/site-packages/airflow/example_dags/example_short_circuit_operator.py for tasks to queue
[2024-02-12T19:11:24.073+0000] {logging_mixin.py:188} INFO - [2024-02-12T19:11:24.072+0000] {dagbag.py:538} INFO - Filling up the DagBag from /home/airflow/.local/lib/python3.8/site-packages/airflow/example_dags/example_short_circuit_operator.py
[2024-02-12T19:11:24.082+0000] {processor.py:840} INFO - DAG(s) 'example_short_circuit_operator' retrieved from /home/airflow/.local/lib/python3.8/site-packages/airflow/example_dags/example_short_circuit_operator.py
[2024-02-12T19:11:24.109+0000] {logging_mixin.py:188} INFO - [2024-02-12T19:11:24.109+0000] {dag.py:3036} INFO - Sync 1 DAGs
[2024-02-12T19:11:24.132+0000] {logging_mixin.py:188} INFO - [2024-02-12T19:11:24.132+0000] {dag.py:3823} INFO - Setting next_dagrun for example_short_circuit_operator to 2024-02-11 00:00:00+00:00, run_after=2024-02-12 00:00:00+00:00
[2024-02-12T19:11:24.160+0000] {processor.py:183} INFO - Processing /home/airflow/.local/lib/python3.8/site-packages/airflow/example_dags/example_short_circuit_operator.py took 0.093 seconds
[2024-02-12T19:11:54.421+0000] {processor.py:161} INFO - Started process (PID=5985) to work on /home/airflow/.local/lib/python3.8/site-packages/airflow/example_dags/example_short_circuit_operator.py
[2024-02-12T19:11:54.422+0000] {processor.py:830} INFO - Processing file /home/airflow/.local/lib/python3.8/site-packages/airflow/example_dags/example_short_circuit_operator.py for tasks to queue
[2024-02-12T19:11:54.423+0000] {logging_mixin.py:188} INFO - [2024-02-12T19:11:54.422+0000] {dagbag.py:538} INFO - Filling up the DagBag from /home/airflow/.local/lib/python3.8/site-packages/airflow/example_dags/example_short_circuit_operator.py
[2024-02-12T19:11:54.432+0000] {processor.py:840} INFO - DAG(s) 'example_short_circuit_operator' retrieved from /home/airflow/.local/lib/python3.8/site-packages/airflow/example_dags/example_short_circuit_operator.py
[2024-02-12T19:11:54.460+0000] {logging_mixin.py:188} INFO - [2024-02-12T19:11:54.459+0000] {dag.py:3036} INFO - Sync 1 DAGs
[2024-02-12T19:11:54.483+0000] {logging_mixin.py:188} INFO - [2024-02-12T19:11:54.483+0000] {dag.py:3823} INFO - Setting next_dagrun for example_short_circuit_operator to 2024-02-11 00:00:00+00:00, run_after=2024-02-12 00:00:00+00:00
[2024-02-12T19:11:54.509+0000] {processor.py:183} INFO - Processing /home/airflow/.local/lib/python3.8/site-packages/airflow/example_dags/example_short_circuit_operator.py took 0.091 seconds
[2024-02-12T19:12:25.371+0000] {processor.py:161} INFO - Started process (PID=6232) to work on /home/airflow/.local/lib/python3.8/site-packages/airflow/example_dags/example_short_circuit_operator.py
[2024-02-12T19:12:25.372+0000] {processor.py:830} INFO - Processing file /home/airflow/.local/lib/python3.8/site-packages/airflow/example_dags/example_short_circuit_operator.py for tasks to queue
[2024-02-12T19:12:25.373+0000] {logging_mixin.py:188} INFO - [2024-02-12T19:12:25.373+0000] {dagbag.py:538} INFO - Filling up the DagBag from /home/airflow/.local/lib/python3.8/site-packages/airflow/example_dags/example_short_circuit_operator.py
[2024-02-12T19:12:25.383+0000] {processor.py:840} INFO - DAG(s) 'example_short_circuit_operator' retrieved from /home/airflow/.local/lib/python3.8/site-packages/airflow/example_dags/example_short_circuit_operator.py
[2024-02-12T19:12:25.410+0000] {logging_mixin.py:188} INFO - [2024-02-12T19:12:25.410+0000] {dag.py:3036} INFO - Sync 1 DAGs
[2024-02-12T19:12:25.434+0000] {logging_mixin.py:188} INFO - [2024-02-12T19:12:25.434+0000] {dag.py:3823} INFO - Setting next_dagrun for example_short_circuit_operator to 2024-02-11 00:00:00+00:00, run_after=2024-02-12 00:00:00+00:00
[2024-02-12T19:12:25.461+0000] {processor.py:183} INFO - Processing /home/airflow/.local/lib/python3.8/site-packages/airflow/example_dags/example_short_circuit_operator.py took 0.094 seconds
[2024-02-12T19:12:55.928+0000] {processor.py:161} INFO - Started process (PID=6481) to work on /home/airflow/.local/lib/python3.8/site-packages/airflow/example_dags/example_short_circuit_operator.py
[2024-02-12T19:12:55.929+0000] {processor.py:830} INFO - Processing file /home/airflow/.local/lib/python3.8/site-packages/airflow/example_dags/example_short_circuit_operator.py for tasks to queue
[2024-02-12T19:12:55.929+0000] {logging_mixin.py:188} INFO - [2024-02-12T19:12:55.929+0000] {dagbag.py:538} INFO - Filling up the DagBag from /home/airflow/.local/lib/python3.8/site-packages/airflow/example_dags/example_short_circuit_operator.py
[2024-02-12T19:12:55.938+0000] {processor.py:840} INFO - DAG(s) 'example_short_circuit_operator' retrieved from /home/airflow/.local/lib/python3.8/site-packages/airflow/example_dags/example_short_circuit_operator.py
[2024-02-12T19:12:55.965+0000] {logging_mixin.py:188} INFO - [2024-02-12T19:12:55.965+0000] {dag.py:3036} INFO - Sync 1 DAGs
[2024-02-12T19:12:55.987+0000] {logging_mixin.py:188} INFO - [2024-02-12T19:12:55.987+0000] {dag.py:3823} INFO - Setting next_dagrun for example_short_circuit_operator to 2024-02-11 00:00:00+00:00, run_after=2024-02-12 00:00:00+00:00
[2024-02-12T19:12:56.013+0000] {processor.py:183} INFO - Processing /home/airflow/.local/lib/python3.8/site-packages/airflow/example_dags/example_short_circuit_operator.py took 0.089 seconds
[2024-02-12T19:13:26.200+0000] {processor.py:161} INFO - Started process (PID=6729) to work on /home/airflow/.local/lib/python3.8/site-packages/airflow/example_dags/example_short_circuit_operator.py
[2024-02-12T19:13:26.201+0000] {processor.py:830} INFO - Processing file /home/airflow/.local/lib/python3.8/site-packages/airflow/example_dags/example_short_circuit_operator.py for tasks to queue
[2024-02-12T19:13:26.202+0000] {logging_mixin.py:188} INFO - [2024-02-12T19:13:26.202+0000] {dagbag.py:538} INFO - Filling up the DagBag from /home/airflow/.local/lib/python3.8/site-packages/airflow/example_dags/example_short_circuit_operator.py
[2024-02-12T19:13:26.212+0000] {processor.py:840} INFO - DAG(s) 'example_short_circuit_operator' retrieved from /home/airflow/.local/lib/python3.8/site-packages/airflow/example_dags/example_short_circuit_operator.py
[2024-02-12T19:13:26.240+0000] {logging_mixin.py:188} INFO - [2024-02-12T19:13:26.240+0000] {dag.py:3036} INFO - Sync 1 DAGs
[2024-02-12T19:13:26.264+0000] {logging_mixin.py:188} INFO - [2024-02-12T19:13:26.263+0000] {dag.py:3823} INFO - Setting next_dagrun for example_short_circuit_operator to 2024-02-11 00:00:00+00:00, run_after=2024-02-12 00:00:00+00:00
[2024-02-12T19:13:26.289+0000] {processor.py:183} INFO - Processing /home/airflow/.local/lib/python3.8/site-packages/airflow/example_dags/example_short_circuit_operator.py took 0.093 seconds
[2024-02-12T19:13:56.378+0000] {processor.py:161} INFO - Started process (PID=6973) to work on /home/airflow/.local/lib/python3.8/site-packages/airflow/example_dags/example_short_circuit_operator.py
[2024-02-12T19:13:56.380+0000] {processor.py:830} INFO - Processing file /home/airflow/.local/lib/python3.8/site-packages/airflow/example_dags/example_short_circuit_operator.py for tasks to queue
[2024-02-12T19:13:56.381+0000] {logging_mixin.py:188} INFO - [2024-02-12T19:13:56.381+0000] {dagbag.py:538} INFO - Filling up the DagBag from /home/airflow/.local/lib/python3.8/site-packages/airflow/example_dags/example_short_circuit_operator.py
[2024-02-12T19:13:56.391+0000] {processor.py:840} INFO - DAG(s) 'example_short_circuit_operator' retrieved from /home/airflow/.local/lib/python3.8/site-packages/airflow/example_dags/example_short_circuit_operator.py
[2024-02-12T19:13:56.426+0000] {logging_mixin.py:188} INFO - [2024-02-12T19:13:56.426+0000] {dag.py:3036} INFO - Sync 1 DAGs
[2024-02-12T19:13:56.453+0000] {logging_mixin.py:188} INFO - [2024-02-12T19:13:56.453+0000] {dag.py:3823} INFO - Setting next_dagrun for example_short_circuit_operator to 2024-02-11 00:00:00+00:00, run_after=2024-02-12 00:00:00+00:00
[2024-02-12T19:13:56.479+0000] {processor.py:183} INFO - Processing /home/airflow/.local/lib/python3.8/site-packages/airflow/example_dags/example_short_circuit_operator.py took 0.104 seconds
[2024-02-12T19:14:27.540+0000] {processor.py:161} INFO - Started process (PID=7223) to work on /home/airflow/.local/lib/python3.8/site-packages/airflow/example_dags/example_short_circuit_operator.py
[2024-02-12T19:14:27.541+0000] {processor.py:830} INFO - Processing file /home/airflow/.local/lib/python3.8/site-packages/airflow/example_dags/example_short_circuit_operator.py for tasks to queue
[2024-02-12T19:14:27.542+0000] {logging_mixin.py:188} INFO - [2024-02-12T19:14:27.542+0000] {dagbag.py:538} INFO - Filling up the DagBag from /home/airflow/.local/lib/python3.8/site-packages/airflow/example_dags/example_short_circuit_operator.py
[2024-02-12T19:14:27.553+0000] {processor.py:840} INFO - DAG(s) 'example_short_circuit_operator' retrieved from /home/airflow/.local/lib/python3.8/site-packages/airflow/example_dags/example_short_circuit_operator.py
[2024-02-12T19:14:27.603+0000] {logging_mixin.py:188} INFO - [2024-02-12T19:14:27.603+0000] {dag.py:3036} INFO - Sync 1 DAGs
[2024-02-12T19:14:27.626+0000] {logging_mixin.py:188} INFO - [2024-02-12T19:14:27.626+0000] {dag.py:3823} INFO - Setting next_dagrun for example_short_circuit_operator to 2024-02-11 00:00:00+00:00, run_after=2024-02-12 00:00:00+00:00
[2024-02-12T19:14:27.657+0000] {processor.py:183} INFO - Processing /home/airflow/.local/lib/python3.8/site-packages/airflow/example_dags/example_short_circuit_operator.py took 0.120 seconds
[2024-02-12T19:14:58.165+0000] {processor.py:161} INFO - Started process (PID=7469) to work on /home/airflow/.local/lib/python3.8/site-packages/airflow/example_dags/example_short_circuit_operator.py
[2024-02-12T19:14:58.166+0000] {processor.py:830} INFO - Processing file /home/airflow/.local/lib/python3.8/site-packages/airflow/example_dags/example_short_circuit_operator.py for tasks to queue
[2024-02-12T19:14:58.168+0000] {logging_mixin.py:188} INFO - [2024-02-12T19:14:58.167+0000] {dagbag.py:538} INFO - Filling up the DagBag from /home/airflow/.local/lib/python3.8/site-packages/airflow/example_dags/example_short_circuit_operator.py
[2024-02-12T19:14:58.178+0000] {processor.py:840} INFO - DAG(s) 'example_short_circuit_operator' retrieved from /home/airflow/.local/lib/python3.8/site-packages/airflow/example_dags/example_short_circuit_operator.py
[2024-02-12T19:14:58.206+0000] {logging_mixin.py:188} INFO - [2024-02-12T19:14:58.206+0000] {dag.py:3036} INFO - Sync 1 DAGs
[2024-02-12T19:14:58.231+0000] {logging_mixin.py:188} INFO - [2024-02-12T19:14:58.231+0000] {dag.py:3823} INFO - Setting next_dagrun for example_short_circuit_operator to 2024-02-11 00:00:00+00:00, run_after=2024-02-12 00:00:00+00:00
[2024-02-12T19:14:58.261+0000] {processor.py:183} INFO - Processing /home/airflow/.local/lib/python3.8/site-packages/airflow/example_dags/example_short_circuit_operator.py took 0.099 seconds
[2024-02-12T19:15:28.887+0000] {processor.py:161} INFO - Started process (PID=7716) to work on /home/airflow/.local/lib/python3.8/site-packages/airflow/example_dags/example_short_circuit_operator.py
[2024-02-12T19:15:28.888+0000] {processor.py:830} INFO - Processing file /home/airflow/.local/lib/python3.8/site-packages/airflow/example_dags/example_short_circuit_operator.py for tasks to queue
[2024-02-12T19:15:28.889+0000] {logging_mixin.py:188} INFO - [2024-02-12T19:15:28.889+0000] {dagbag.py:538} INFO - Filling up the DagBag from /home/airflow/.local/lib/python3.8/site-packages/airflow/example_dags/example_short_circuit_operator.py
[2024-02-12T19:15:28.898+0000] {processor.py:840} INFO - DAG(s) 'example_short_circuit_operator' retrieved from /home/airflow/.local/lib/python3.8/site-packages/airflow/example_dags/example_short_circuit_operator.py
[2024-02-12T19:15:28.925+0000] {logging_mixin.py:188} INFO - [2024-02-12T19:15:28.924+0000] {dag.py:3036} INFO - Sync 1 DAGs
[2024-02-12T19:15:28.948+0000] {logging_mixin.py:188} INFO - [2024-02-12T19:15:28.948+0000] {dag.py:3823} INFO - Setting next_dagrun for example_short_circuit_operator to 2024-02-11 00:00:00+00:00, run_after=2024-02-12 00:00:00+00:00
[2024-02-12T19:15:28.975+0000] {processor.py:183} INFO - Processing /home/airflow/.local/lib/python3.8/site-packages/airflow/example_dags/example_short_circuit_operator.py took 0.091 seconds
[2024-02-12T19:15:59.290+0000] {processor.py:161} INFO - Started process (PID=7964) to work on /home/airflow/.local/lib/python3.8/site-packages/airflow/example_dags/example_short_circuit_operator.py
[2024-02-12T19:15:59.291+0000] {processor.py:830} INFO - Processing file /home/airflow/.local/lib/python3.8/site-packages/airflow/example_dags/example_short_circuit_operator.py for tasks to queue
[2024-02-12T19:15:59.292+0000] {logging_mixin.py:188} INFO - [2024-02-12T19:15:59.292+0000] {dagbag.py:538} INFO - Filling up the DagBag from /home/airflow/.local/lib/python3.8/site-packages/airflow/example_dags/example_short_circuit_operator.py
[2024-02-12T19:15:59.301+0000] {processor.py:840} INFO - DAG(s) 'example_short_circuit_operator' retrieved from /home/airflow/.local/lib/python3.8/site-packages/airflow/example_dags/example_short_circuit_operator.py
[2024-02-12T19:15:59.329+0000] {logging_mixin.py:188} INFO - [2024-02-12T19:15:59.328+0000] {dag.py:3036} INFO - Sync 1 DAGs
[2024-02-12T19:15:59.351+0000] {logging_mixin.py:188} INFO - [2024-02-12T19:15:59.351+0000] {dag.py:3823} INFO - Setting next_dagrun for example_short_circuit_operator to 2024-02-11 00:00:00+00:00, run_after=2024-02-12 00:00:00+00:00
[2024-02-12T19:15:59.377+0000] {processor.py:183} INFO - Processing /home/airflow/.local/lib/python3.8/site-packages/airflow/example_dags/example_short_circuit_operator.py took 0.090 seconds
[2024-02-12T19:16:29.790+0000] {processor.py:161} INFO - Started process (PID=8212) to work on /home/airflow/.local/lib/python3.8/site-packages/airflow/example_dags/example_short_circuit_operator.py
[2024-02-12T19:16:29.792+0000] {processor.py:830} INFO - Processing file /home/airflow/.local/lib/python3.8/site-packages/airflow/example_dags/example_short_circuit_operator.py for tasks to queue
[2024-02-12T19:16:29.793+0000] {logging_mixin.py:188} INFO - [2024-02-12T19:16:29.793+0000] {dagbag.py:538} INFO - Filling up the DagBag from /home/airflow/.local/lib/python3.8/site-packages/airflow/example_dags/example_short_circuit_operator.py
[2024-02-12T19:16:29.802+0000] {processor.py:840} INFO - DAG(s) 'example_short_circuit_operator' retrieved from /home/airflow/.local/lib/python3.8/site-packages/airflow/example_dags/example_short_circuit_operator.py
[2024-02-12T19:16:29.835+0000] {logging_mixin.py:188} INFO - [2024-02-12T19:16:29.834+0000] {dag.py:3036} INFO - Sync 1 DAGs
[2024-02-12T19:16:29.860+0000] {logging_mixin.py:188} INFO - [2024-02-12T19:16:29.859+0000] {dag.py:3823} INFO - Setting next_dagrun for example_short_circuit_operator to 2024-02-11 00:00:00+00:00, run_after=2024-02-12 00:00:00+00:00
[2024-02-12T19:16:29.885+0000] {processor.py:183} INFO - Processing /home/airflow/.local/lib/python3.8/site-packages/airflow/example_dags/example_short_circuit_operator.py took 0.100 seconds
[2024-02-12T19:17:00.319+0000] {processor.py:161} INFO - Started process (PID=8459) to work on /home/airflow/.local/lib/python3.8/site-packages/airflow/example_dags/example_short_circuit_operator.py
[2024-02-12T19:17:00.320+0000] {processor.py:830} INFO - Processing file /home/airflow/.local/lib/python3.8/site-packages/airflow/example_dags/example_short_circuit_operator.py for tasks to queue
[2024-02-12T19:17:00.321+0000] {logging_mixin.py:188} INFO - [2024-02-12T19:17:00.321+0000] {dagbag.py:538} INFO - Filling up the DagBag from /home/airflow/.local/lib/python3.8/site-packages/airflow/example_dags/example_short_circuit_operator.py
[2024-02-12T19:17:00.331+0000] {processor.py:840} INFO - DAG(s) 'example_short_circuit_operator' retrieved from /home/airflow/.local/lib/python3.8/site-packages/airflow/example_dags/example_short_circuit_operator.py
[2024-02-12T19:17:00.360+0000] {logging_mixin.py:188} INFO - [2024-02-12T19:17:00.360+0000] {dag.py:3036} INFO - Sync 1 DAGs
[2024-02-12T19:17:00.385+0000] {logging_mixin.py:188} INFO - [2024-02-12T19:17:00.385+0000] {dag.py:3823} INFO - Setting next_dagrun for example_short_circuit_operator to 2024-02-11 00:00:00+00:00, run_after=2024-02-12 00:00:00+00:00
[2024-02-12T19:17:00.417+0000] {processor.py:183} INFO - Processing /home/airflow/.local/lib/python3.8/site-packages/airflow/example_dags/example_short_circuit_operator.py took 0.102 seconds
[2024-02-12T19:17:30.805+0000] {processor.py:161} INFO - Started process (PID=8705) to work on /home/airflow/.local/lib/python3.8/site-packages/airflow/example_dags/example_short_circuit_operator.py
[2024-02-12T19:17:30.806+0000] {processor.py:830} INFO - Processing file /home/airflow/.local/lib/python3.8/site-packages/airflow/example_dags/example_short_circuit_operator.py for tasks to queue
[2024-02-12T19:17:30.807+0000] {logging_mixin.py:188} INFO - [2024-02-12T19:17:30.807+0000] {dagbag.py:538} INFO - Filling up the DagBag from /home/airflow/.local/lib/python3.8/site-packages/airflow/example_dags/example_short_circuit_operator.py
[2024-02-12T19:17:30.818+0000] {processor.py:840} INFO - DAG(s) 'example_short_circuit_operator' retrieved from /home/airflow/.local/lib/python3.8/site-packages/airflow/example_dags/example_short_circuit_operator.py
[2024-02-12T19:17:30.845+0000] {logging_mixin.py:188} INFO - [2024-02-12T19:17:30.844+0000] {dag.py:3036} INFO - Sync 1 DAGs
[2024-02-12T19:17:30.867+0000] {logging_mixin.py:188} INFO - [2024-02-12T19:17:30.867+0000] {dag.py:3823} INFO - Setting next_dagrun for example_short_circuit_operator to 2024-02-11 00:00:00+00:00, run_after=2024-02-12 00:00:00+00:00
[2024-02-12T19:17:30.893+0000] {processor.py:183} INFO - Processing /home/airflow/.local/lib/python3.8/site-packages/airflow/example_dags/example_short_circuit_operator.py took 0.092 seconds
[2024-02-12T19:18:01.048+0000] {processor.py:161} INFO - Started process (PID=8950) to work on /home/airflow/.local/lib/python3.8/site-packages/airflow/example_dags/example_short_circuit_operator.py
[2024-02-12T19:18:01.049+0000] {processor.py:830} INFO - Processing file /home/airflow/.local/lib/python3.8/site-packages/airflow/example_dags/example_short_circuit_operator.py for tasks to queue
[2024-02-12T19:18:01.050+0000] {logging_mixin.py:188} INFO - [2024-02-12T19:18:01.050+0000] {dagbag.py:538} INFO - Filling up the DagBag from /home/airflow/.local/lib/python3.8/site-packages/airflow/example_dags/example_short_circuit_operator.py
[2024-02-12T19:18:01.056+0000] {processor.py:840} INFO - DAG(s) 'example_short_circuit_operator' retrieved from /home/airflow/.local/lib/python3.8/site-packages/airflow/example_dags/example_short_circuit_operator.py
[2024-02-12T19:18:01.074+0000] {logging_mixin.py:188} INFO - [2024-02-12T19:18:01.074+0000] {dag.py:3036} INFO - Sync 1 DAGs
[2024-02-12T19:18:01.094+0000] {logging_mixin.py:188} INFO - [2024-02-12T19:18:01.093+0000] {dag.py:3823} INFO - Setting next_dagrun for example_short_circuit_operator to 2024-02-11 00:00:00+00:00, run_after=2024-02-12 00:00:00+00:00
[2024-02-12T19:18:01.121+0000] {processor.py:183} INFO - Processing /home/airflow/.local/lib/python3.8/site-packages/airflow/example_dags/example_short_circuit_operator.py took 0.075 seconds
[2024-02-12T19:18:31.592+0000] {processor.py:161} INFO - Started process (PID=9200) to work on /home/airflow/.local/lib/python3.8/site-packages/airflow/example_dags/example_short_circuit_operator.py
[2024-02-12T19:18:31.593+0000] {processor.py:830} INFO - Processing file /home/airflow/.local/lib/python3.8/site-packages/airflow/example_dags/example_short_circuit_operator.py for tasks to queue
[2024-02-12T19:18:31.596+0000] {logging_mixin.py:188} INFO - [2024-02-12T19:18:31.594+0000] {dagbag.py:538} INFO - Filling up the DagBag from /home/airflow/.local/lib/python3.8/site-packages/airflow/example_dags/example_short_circuit_operator.py
[2024-02-12T19:18:31.605+0000] {processor.py:840} INFO - DAG(s) 'example_short_circuit_operator' retrieved from /home/airflow/.local/lib/python3.8/site-packages/airflow/example_dags/example_short_circuit_operator.py
[2024-02-12T19:18:31.637+0000] {logging_mixin.py:188} INFO - [2024-02-12T19:18:31.636+0000] {dag.py:3036} INFO - Sync 1 DAGs
[2024-02-12T19:18:31.695+0000] {logging_mixin.py:188} INFO - [2024-02-12T19:18:31.694+0000] {dag.py:3823} INFO - Setting next_dagrun for example_short_circuit_operator to 2024-02-11 00:00:00+00:00, run_after=2024-02-12 00:00:00+00:00
[2024-02-12T19:18:31.734+0000] {processor.py:183} INFO - Processing /home/airflow/.local/lib/python3.8/site-packages/airflow/example_dags/example_short_circuit_operator.py took 0.145 seconds
[2024-02-12T19:19:01.859+0000] {processor.py:161} INFO - Started process (PID=9445) to work on /home/airflow/.local/lib/python3.8/site-packages/airflow/example_dags/example_short_circuit_operator.py
[2024-02-12T19:19:01.860+0000] {processor.py:830} INFO - Processing file /home/airflow/.local/lib/python3.8/site-packages/airflow/example_dags/example_short_circuit_operator.py for tasks to queue
[2024-02-12T19:19:01.860+0000] {logging_mixin.py:188} INFO - [2024-02-12T19:19:01.860+0000] {dagbag.py:538} INFO - Filling up the DagBag from /home/airflow/.local/lib/python3.8/site-packages/airflow/example_dags/example_short_circuit_operator.py
[2024-02-12T19:19:01.867+0000] {processor.py:840} INFO - DAG(s) 'example_short_circuit_operator' retrieved from /home/airflow/.local/lib/python3.8/site-packages/airflow/example_dags/example_short_circuit_operator.py
[2024-02-12T19:19:01.892+0000] {logging_mixin.py:188} INFO - [2024-02-12T19:19:01.892+0000] {dag.py:3036} INFO - Sync 1 DAGs
[2024-02-12T19:19:01.909+0000] {logging_mixin.py:188} INFO - [2024-02-12T19:19:01.909+0000] {dag.py:3823} INFO - Setting next_dagrun for example_short_circuit_operator to 2024-02-11 00:00:00+00:00, run_after=2024-02-12 00:00:00+00:00
[2024-02-12T19:19:01.931+0000] {processor.py:183} INFO - Processing /home/airflow/.local/lib/python3.8/site-packages/airflow/example_dags/example_short_circuit_operator.py took 0.075 seconds
[2024-02-12T19:19:32.353+0000] {processor.py:161} INFO - Started process (PID=9692) to work on /home/airflow/.local/lib/python3.8/site-packages/airflow/example_dags/example_short_circuit_operator.py
[2024-02-12T19:19:32.354+0000] {processor.py:830} INFO - Processing file /home/airflow/.local/lib/python3.8/site-packages/airflow/example_dags/example_short_circuit_operator.py for tasks to queue
[2024-02-12T19:19:32.355+0000] {logging_mixin.py:188} INFO - [2024-02-12T19:19:32.355+0000] {dagbag.py:538} INFO - Filling up the DagBag from /home/airflow/.local/lib/python3.8/site-packages/airflow/example_dags/example_short_circuit_operator.py
[2024-02-12T19:19:32.364+0000] {processor.py:840} INFO - DAG(s) 'example_short_circuit_operator' retrieved from /home/airflow/.local/lib/python3.8/site-packages/airflow/example_dags/example_short_circuit_operator.py
[2024-02-12T19:19:32.395+0000] {logging_mixin.py:188} INFO - [2024-02-12T19:19:32.395+0000] {dag.py:3036} INFO - Sync 1 DAGs
[2024-02-12T19:19:32.424+0000] {logging_mixin.py:188} INFO - [2024-02-12T19:19:32.424+0000] {dag.py:3823} INFO - Setting next_dagrun for example_short_circuit_operator to 2024-02-11 00:00:00+00:00, run_after=2024-02-12 00:00:00+00:00
[2024-02-12T19:19:32.452+0000] {processor.py:183} INFO - Processing /home/airflow/.local/lib/python3.8/site-packages/airflow/example_dags/example_short_circuit_operator.py took 0.102 seconds
[2024-02-12T19:20:03.046+0000] {processor.py:161} INFO - Started process (PID=9939) to work on /home/airflow/.local/lib/python3.8/site-packages/airflow/example_dags/example_short_circuit_operator.py
[2024-02-12T19:20:03.047+0000] {processor.py:830} INFO - Processing file /home/airflow/.local/lib/python3.8/site-packages/airflow/example_dags/example_short_circuit_operator.py for tasks to queue
[2024-02-12T19:20:03.048+0000] {logging_mixin.py:188} INFO - [2024-02-12T19:20:03.048+0000] {dagbag.py:538} INFO - Filling up the DagBag from /home/airflow/.local/lib/python3.8/site-packages/airflow/example_dags/example_short_circuit_operator.py
[2024-02-12T19:20:03.057+0000] {processor.py:840} INFO - DAG(s) 'example_short_circuit_operator' retrieved from /home/airflow/.local/lib/python3.8/site-packages/airflow/example_dags/example_short_circuit_operator.py
[2024-02-12T19:20:03.085+0000] {logging_mixin.py:188} INFO - [2024-02-12T19:20:03.085+0000] {dag.py:3036} INFO - Sync 1 DAGs
[2024-02-12T19:20:03.110+0000] {logging_mixin.py:188} INFO - [2024-02-12T19:20:03.110+0000] {dag.py:3823} INFO - Setting next_dagrun for example_short_circuit_operator to 2024-02-11 00:00:00+00:00, run_after=2024-02-12 00:00:00+00:00
[2024-02-12T19:20:03.155+0000] {processor.py:183} INFO - Processing /home/airflow/.local/lib/python3.8/site-packages/airflow/example_dags/example_short_circuit_operator.py took 0.112 seconds
[2024-02-12T19:20:33.367+0000] {processor.py:161} INFO - Started process (PID=10187) to work on /home/airflow/.local/lib/python3.8/site-packages/airflow/example_dags/example_short_circuit_operator.py
[2024-02-12T19:20:33.368+0000] {processor.py:830} INFO - Processing file /home/airflow/.local/lib/python3.8/site-packages/airflow/example_dags/example_short_circuit_operator.py for tasks to queue
[2024-02-12T19:20:33.369+0000] {logging_mixin.py:188} INFO - [2024-02-12T19:20:33.369+0000] {dagbag.py:538} INFO - Filling up the DagBag from /home/airflow/.local/lib/python3.8/site-packages/airflow/example_dags/example_short_circuit_operator.py
[2024-02-12T19:20:33.378+0000] {processor.py:840} INFO - DAG(s) 'example_short_circuit_operator' retrieved from /home/airflow/.local/lib/python3.8/site-packages/airflow/example_dags/example_short_circuit_operator.py
[2024-02-12T19:20:33.406+0000] {logging_mixin.py:188} INFO - [2024-02-12T19:20:33.406+0000] {dag.py:3036} INFO - Sync 1 DAGs
[2024-02-12T19:20:33.431+0000] {logging_mixin.py:188} INFO - [2024-02-12T19:20:33.431+0000] {dag.py:3823} INFO - Setting next_dagrun for example_short_circuit_operator to 2024-02-11 00:00:00+00:00, run_after=2024-02-12 00:00:00+00:00
[2024-02-12T19:20:33.456+0000] {processor.py:183} INFO - Processing /home/airflow/.local/lib/python3.8/site-packages/airflow/example_dags/example_short_circuit_operator.py took 0.092 seconds
[2024-02-12T19:21:03.965+0000] {processor.py:161} INFO - Started process (PID=10435) to work on /home/airflow/.local/lib/python3.8/site-packages/airflow/example_dags/example_short_circuit_operator.py
[2024-02-12T19:21:03.966+0000] {processor.py:830} INFO - Processing file /home/airflow/.local/lib/python3.8/site-packages/airflow/example_dags/example_short_circuit_operator.py for tasks to queue
[2024-02-12T19:21:03.967+0000] {logging_mixin.py:188} INFO - [2024-02-12T19:21:03.967+0000] {dagbag.py:538} INFO - Filling up the DagBag from /home/airflow/.local/lib/python3.8/site-packages/airflow/example_dags/example_short_circuit_operator.py
[2024-02-12T19:21:03.976+0000] {processor.py:840} INFO - DAG(s) 'example_short_circuit_operator' retrieved from /home/airflow/.local/lib/python3.8/site-packages/airflow/example_dags/example_short_circuit_operator.py
[2024-02-12T19:21:04.005+0000] {logging_mixin.py:188} INFO - [2024-02-12T19:21:04.005+0000] {dag.py:3036} INFO - Sync 1 DAGs
[2024-02-12T19:21:04.030+0000] {logging_mixin.py:188} INFO - [2024-02-12T19:21:04.030+0000] {dag.py:3823} INFO - Setting next_dagrun for example_short_circuit_operator to 2024-02-11 00:00:00+00:00, run_after=2024-02-12 00:00:00+00:00
[2024-02-12T19:21:04.055+0000] {processor.py:183} INFO - Processing /home/airflow/.local/lib/python3.8/site-packages/airflow/example_dags/example_short_circuit_operator.py took 0.093 seconds
[2024-02-12T19:21:34.462+0000] {processor.py:161} INFO - Started process (PID=10683) to work on /home/airflow/.local/lib/python3.8/site-packages/airflow/example_dags/example_short_circuit_operator.py
[2024-02-12T19:21:34.463+0000] {processor.py:830} INFO - Processing file /home/airflow/.local/lib/python3.8/site-packages/airflow/example_dags/example_short_circuit_operator.py for tasks to queue
[2024-02-12T19:21:34.464+0000] {logging_mixin.py:188} INFO - [2024-02-12T19:21:34.464+0000] {dagbag.py:538} INFO - Filling up the DagBag from /home/airflow/.local/lib/python3.8/site-packages/airflow/example_dags/example_short_circuit_operator.py
[2024-02-12T19:21:34.475+0000] {processor.py:840} INFO - DAG(s) 'example_short_circuit_operator' retrieved from /home/airflow/.local/lib/python3.8/site-packages/airflow/example_dags/example_short_circuit_operator.py
[2024-02-12T19:21:34.550+0000] {logging_mixin.py:188} INFO - [2024-02-12T19:21:34.550+0000] {dag.py:3036} INFO - Sync 1 DAGs
[2024-02-12T19:21:34.612+0000] {logging_mixin.py:188} INFO - [2024-02-12T19:21:34.612+0000] {dag.py:3823} INFO - Setting next_dagrun for example_short_circuit_operator to 2024-02-11 00:00:00+00:00, run_after=2024-02-12 00:00:00+00:00
[2024-02-12T19:21:34.655+0000] {processor.py:183} INFO - Processing /home/airflow/.local/lib/python3.8/site-packages/airflow/example_dags/example_short_circuit_operator.py took 0.197 seconds
[2024-02-12T19:22:05.097+0000] {processor.py:161} INFO - Started process (PID=10930) to work on /home/airflow/.local/lib/python3.8/site-packages/airflow/example_dags/example_short_circuit_operator.py
[2024-02-12T19:22:05.098+0000] {processor.py:830} INFO - Processing file /home/airflow/.local/lib/python3.8/site-packages/airflow/example_dags/example_short_circuit_operator.py for tasks to queue
[2024-02-12T19:22:05.099+0000] {logging_mixin.py:188} INFO - [2024-02-12T19:22:05.098+0000] {dagbag.py:538} INFO - Filling up the DagBag from /home/airflow/.local/lib/python3.8/site-packages/airflow/example_dags/example_short_circuit_operator.py
[2024-02-12T19:22:05.112+0000] {processor.py:840} INFO - DAG(s) 'example_short_circuit_operator' retrieved from /home/airflow/.local/lib/python3.8/site-packages/airflow/example_dags/example_short_circuit_operator.py
[2024-02-12T19:22:05.153+0000] {logging_mixin.py:188} INFO - [2024-02-12T19:22:05.153+0000] {dag.py:3036} INFO - Sync 1 DAGs
[2024-02-12T19:22:05.184+0000] {logging_mixin.py:188} INFO - [2024-02-12T19:22:05.184+0000] {dag.py:3823} INFO - Setting next_dagrun for example_short_circuit_operator to 2024-02-11 00:00:00+00:00, run_after=2024-02-12 00:00:00+00:00
[2024-02-12T19:22:05.233+0000] {processor.py:183} INFO - Processing /home/airflow/.local/lib/python3.8/site-packages/airflow/example_dags/example_short_circuit_operator.py took 0.141 seconds
[2024-02-12T19:22:35.333+0000] {processor.py:161} INFO - Started process (PID=11177) to work on /home/airflow/.local/lib/python3.8/site-packages/airflow/example_dags/example_short_circuit_operator.py
[2024-02-12T19:22:35.334+0000] {processor.py:830} INFO - Processing file /home/airflow/.local/lib/python3.8/site-packages/airflow/example_dags/example_short_circuit_operator.py for tasks to queue
[2024-02-12T19:22:35.335+0000] {logging_mixin.py:188} INFO - [2024-02-12T19:22:35.335+0000] {dagbag.py:538} INFO - Filling up the DagBag from /home/airflow/.local/lib/python3.8/site-packages/airflow/example_dags/example_short_circuit_operator.py
[2024-02-12T19:22:35.344+0000] {processor.py:840} INFO - DAG(s) 'example_short_circuit_operator' retrieved from /home/airflow/.local/lib/python3.8/site-packages/airflow/example_dags/example_short_circuit_operator.py
[2024-02-12T19:22:35.377+0000] {logging_mixin.py:188} INFO - [2024-02-12T19:22:35.376+0000] {dag.py:3036} INFO - Sync 1 DAGs
[2024-02-12T19:22:35.420+0000] {logging_mixin.py:188} INFO - [2024-02-12T19:22:35.420+0000] {dag.py:3823} INFO - Setting next_dagrun for example_short_circuit_operator to 2024-02-11 00:00:00+00:00, run_after=2024-02-12 00:00:00+00:00
[2024-02-12T19:22:35.449+0000] {processor.py:183} INFO - Processing /home/airflow/.local/lib/python3.8/site-packages/airflow/example_dags/example_short_circuit_operator.py took 0.119 seconds
[2024-02-12T19:23:05.544+0000] {processor.py:161} INFO - Started process (PID=11424) to work on /home/airflow/.local/lib/python3.8/site-packages/airflow/example_dags/example_short_circuit_operator.py
[2024-02-12T19:23:05.545+0000] {processor.py:830} INFO - Processing file /home/airflow/.local/lib/python3.8/site-packages/airflow/example_dags/example_short_circuit_operator.py for tasks to queue
[2024-02-12T19:23:05.546+0000] {logging_mixin.py:188} INFO - [2024-02-12T19:23:05.545+0000] {dagbag.py:538} INFO - Filling up the DagBag from /home/airflow/.local/lib/python3.8/site-packages/airflow/example_dags/example_short_circuit_operator.py
[2024-02-12T19:23:05.555+0000] {processor.py:840} INFO - DAG(s) 'example_short_circuit_operator' retrieved from /home/airflow/.local/lib/python3.8/site-packages/airflow/example_dags/example_short_circuit_operator.py
[2024-02-12T19:23:05.584+0000] {logging_mixin.py:188} INFO - [2024-02-12T19:23:05.584+0000] {dag.py:3036} INFO - Sync 1 DAGs
[2024-02-12T19:23:05.612+0000] {logging_mixin.py:188} INFO - [2024-02-12T19:23:05.612+0000] {dag.py:3823} INFO - Setting next_dagrun for example_short_circuit_operator to 2024-02-11 00:00:00+00:00, run_after=2024-02-12 00:00:00+00:00
[2024-02-12T19:23:05.635+0000] {processor.py:183} INFO - Processing /home/airflow/.local/lib/python3.8/site-packages/airflow/example_dags/example_short_circuit_operator.py took 0.094 seconds
[2024-02-12T19:23:35.846+0000] {processor.py:161} INFO - Started process (PID=11671) to work on /home/airflow/.local/lib/python3.8/site-packages/airflow/example_dags/example_short_circuit_operator.py
[2024-02-12T19:23:35.847+0000] {processor.py:830} INFO - Processing file /home/airflow/.local/lib/python3.8/site-packages/airflow/example_dags/example_short_circuit_operator.py for tasks to queue
[2024-02-12T19:23:35.848+0000] {logging_mixin.py:188} INFO - [2024-02-12T19:23:35.848+0000] {dagbag.py:538} INFO - Filling up the DagBag from /home/airflow/.local/lib/python3.8/site-packages/airflow/example_dags/example_short_circuit_operator.py
[2024-02-12T19:23:35.858+0000] {processor.py:840} INFO - DAG(s) 'example_short_circuit_operator' retrieved from /home/airflow/.local/lib/python3.8/site-packages/airflow/example_dags/example_short_circuit_operator.py
[2024-02-12T19:23:35.886+0000] {logging_mixin.py:188} INFO - [2024-02-12T19:23:35.886+0000] {dag.py:3036} INFO - Sync 1 DAGs
[2024-02-12T19:23:35.911+0000] {logging_mixin.py:188} INFO - [2024-02-12T19:23:35.911+0000] {dag.py:3823} INFO - Setting next_dagrun for example_short_circuit_operator to 2024-02-11 00:00:00+00:00, run_after=2024-02-12 00:00:00+00:00
[2024-02-12T19:23:35.954+0000] {processor.py:183} INFO - Processing /home/airflow/.local/lib/python3.8/site-packages/airflow/example_dags/example_short_circuit_operator.py took 0.111 seconds
[2024-02-12T19:24:06.497+0000] {processor.py:161} INFO - Started process (PID=11918) to work on /home/airflow/.local/lib/python3.8/site-packages/airflow/example_dags/example_short_circuit_operator.py
[2024-02-12T19:24:06.498+0000] {processor.py:830} INFO - Processing file /home/airflow/.local/lib/python3.8/site-packages/airflow/example_dags/example_short_circuit_operator.py for tasks to queue
[2024-02-12T19:24:06.499+0000] {logging_mixin.py:188} INFO - [2024-02-12T19:24:06.499+0000] {dagbag.py:538} INFO - Filling up the DagBag from /home/airflow/.local/lib/python3.8/site-packages/airflow/example_dags/example_short_circuit_operator.py
[2024-02-12T19:24:06.509+0000] {processor.py:840} INFO - DAG(s) 'example_short_circuit_operator' retrieved from /home/airflow/.local/lib/python3.8/site-packages/airflow/example_dags/example_short_circuit_operator.py
[2024-02-12T19:24:06.537+0000] {logging_mixin.py:188} INFO - [2024-02-12T19:24:06.537+0000] {dag.py:3036} INFO - Sync 1 DAGs
[2024-02-12T19:24:06.562+0000] {logging_mixin.py:188} INFO - [2024-02-12T19:24:06.562+0000] {dag.py:3823} INFO - Setting next_dagrun for example_short_circuit_operator to 2024-02-11 00:00:00+00:00, run_after=2024-02-12 00:00:00+00:00
[2024-02-12T19:24:06.587+0000] {processor.py:183} INFO - Processing /home/airflow/.local/lib/python3.8/site-packages/airflow/example_dags/example_short_circuit_operator.py took 0.094 seconds
[2024-02-12T19:24:36.630+0000] {processor.py:161} INFO - Started process (PID=12165) to work on /home/airflow/.local/lib/python3.8/site-packages/airflow/example_dags/example_short_circuit_operator.py
[2024-02-12T19:24:36.631+0000] {processor.py:830} INFO - Processing file /home/airflow/.local/lib/python3.8/site-packages/airflow/example_dags/example_short_circuit_operator.py for tasks to queue
[2024-02-12T19:24:36.633+0000] {logging_mixin.py:188} INFO - [2024-02-12T19:24:36.632+0000] {dagbag.py:538} INFO - Filling up the DagBag from /home/airflow/.local/lib/python3.8/site-packages/airflow/example_dags/example_short_circuit_operator.py
[2024-02-12T19:24:36.643+0000] {processor.py:840} INFO - DAG(s) 'example_short_circuit_operator' retrieved from /home/airflow/.local/lib/python3.8/site-packages/airflow/example_dags/example_short_circuit_operator.py
[2024-02-12T19:24:36.674+0000] {logging_mixin.py:188} INFO - [2024-02-12T19:24:36.674+0000] {dag.py:3036} INFO - Sync 1 DAGs
[2024-02-12T19:24:36.699+0000] {logging_mixin.py:188} INFO - [2024-02-12T19:24:36.699+0000] {dag.py:3823} INFO - Setting next_dagrun for example_short_circuit_operator to 2024-02-11 00:00:00+00:00, run_after=2024-02-12 00:00:00+00:00
[2024-02-12T19:24:36.722+0000] {processor.py:183} INFO - Processing /home/airflow/.local/lib/python3.8/site-packages/airflow/example_dags/example_short_circuit_operator.py took 0.095 seconds
[2024-02-12T19:25:06.922+0000] {processor.py:161} INFO - Started process (PID=12407) to work on /home/airflow/.local/lib/python3.8/site-packages/airflow/example_dags/example_short_circuit_operator.py
[2024-02-12T19:25:06.923+0000] {processor.py:830} INFO - Processing file /home/airflow/.local/lib/python3.8/site-packages/airflow/example_dags/example_short_circuit_operator.py for tasks to queue
[2024-02-12T19:25:06.924+0000] {logging_mixin.py:188} INFO - [2024-02-12T19:25:06.924+0000] {dagbag.py:538} INFO - Filling up the DagBag from /home/airflow/.local/lib/python3.8/site-packages/airflow/example_dags/example_short_circuit_operator.py
[2024-02-12T19:25:06.934+0000] {processor.py:840} INFO - DAG(s) 'example_short_circuit_operator' retrieved from /home/airflow/.local/lib/python3.8/site-packages/airflow/example_dags/example_short_circuit_operator.py
[2024-02-12T19:25:06.963+0000] {logging_mixin.py:188} INFO - [2024-02-12T19:25:06.962+0000] {dag.py:3036} INFO - Sync 1 DAGs
[2024-02-12T19:25:06.988+0000] {logging_mixin.py:188} INFO - [2024-02-12T19:25:06.988+0000] {dag.py:3823} INFO - Setting next_dagrun for example_short_circuit_operator to 2024-02-11 00:00:00+00:00, run_after=2024-02-12 00:00:00+00:00
[2024-02-12T19:25:07.013+0000] {processor.py:183} INFO - Processing /home/airflow/.local/lib/python3.8/site-packages/airflow/example_dags/example_short_circuit_operator.py took 0.094 seconds
[2024-02-12T19:25:37.938+0000] {processor.py:161} INFO - Started process (PID=12653) to work on /home/airflow/.local/lib/python3.8/site-packages/airflow/example_dags/example_short_circuit_operator.py
[2024-02-12T19:25:37.938+0000] {processor.py:830} INFO - Processing file /home/airflow/.local/lib/python3.8/site-packages/airflow/example_dags/example_short_circuit_operator.py for tasks to queue
[2024-02-12T19:25:37.939+0000] {logging_mixin.py:188} INFO - [2024-02-12T19:25:37.939+0000] {dagbag.py:538} INFO - Filling up the DagBag from /home/airflow/.local/lib/python3.8/site-packages/airflow/example_dags/example_short_circuit_operator.py
[2024-02-12T19:25:37.969+0000] {processor.py:840} INFO - DAG(s) 'example_short_circuit_operator' retrieved from /home/airflow/.local/lib/python3.8/site-packages/airflow/example_dags/example_short_circuit_operator.py
[2024-02-12T19:25:37.986+0000] {logging_mixin.py:188} INFO - [2024-02-12T19:25:37.986+0000] {dag.py:3036} INFO - Sync 1 DAGs
[2024-02-12T19:25:38.081+0000] {logging_mixin.py:188} INFO - [2024-02-12T19:25:38.081+0000] {dag.py:3823} INFO - Setting next_dagrun for example_short_circuit_operator to 2024-02-11 00:00:00+00:00, run_after=2024-02-12 00:00:00+00:00
[2024-02-12T19:25:38.155+0000] {processor.py:183} INFO - Processing /home/airflow/.local/lib/python3.8/site-packages/airflow/example_dags/example_short_circuit_operator.py took 0.221 seconds
[2024-02-12T19:26:08.325+0000] {processor.py:161} INFO - Started process (PID=12900) to work on /home/airflow/.local/lib/python3.8/site-packages/airflow/example_dags/example_short_circuit_operator.py
[2024-02-12T19:26:08.325+0000] {processor.py:830} INFO - Processing file /home/airflow/.local/lib/python3.8/site-packages/airflow/example_dags/example_short_circuit_operator.py for tasks to queue
[2024-02-12T19:26:08.326+0000] {logging_mixin.py:188} INFO - [2024-02-12T19:26:08.326+0000] {dagbag.py:538} INFO - Filling up the DagBag from /home/airflow/.local/lib/python3.8/site-packages/airflow/example_dags/example_short_circuit_operator.py
[2024-02-12T19:26:08.336+0000] {processor.py:840} INFO - DAG(s) 'example_short_circuit_operator' retrieved from /home/airflow/.local/lib/python3.8/site-packages/airflow/example_dags/example_short_circuit_operator.py
[2024-02-12T19:26:08.472+0000] {logging_mixin.py:188} INFO - [2024-02-12T19:26:08.471+0000] {dag.py:3036} INFO - Sync 1 DAGs
[2024-02-12T19:26:08.496+0000] {logging_mixin.py:188} INFO - [2024-02-12T19:26:08.495+0000] {dag.py:3823} INFO - Setting next_dagrun for example_short_circuit_operator to 2024-02-11 00:00:00+00:00, run_after=2024-02-12 00:00:00+00:00
[2024-02-12T19:26:08.522+0000] {processor.py:183} INFO - Processing /home/airflow/.local/lib/python3.8/site-packages/airflow/example_dags/example_short_circuit_operator.py took 0.200 seconds
