[2024-02-12T19:00:08.775+0000] {processor.py:161} INFO - Started process (PID=212) to work on /home/airflow/.local/lib/python3.8/site-packages/airflow/example_dags/example_sla_dag.py
[2024-02-12T19:00:08.775+0000] {processor.py:830} INFO - Processing file /home/airflow/.local/lib/python3.8/site-packages/airflow/example_dags/example_sla_dag.py for tasks to queue
[2024-02-12T19:00:08.779+0000] {logging_mixin.py:188} INFO - [2024-02-12T19:00:08.778+0000] {dagbag.py:538} INFO - Filling up the DagBag from /home/airflow/.local/lib/python3.8/site-packages/airflow/example_dags/example_sla_dag.py
[2024-02-12T19:00:08.816+0000] {processor.py:840} INFO - DAG(s) 'example_sla_dag' retrieved from /home/airflow/.local/lib/python3.8/site-packages/airflow/example_dags/example_sla_dag.py
[2024-02-12T19:00:09.115+0000] {logging_mixin.py:188} INFO - [2024-02-12T19:00:09.115+0000] {dag.py:3036} INFO - Sync 1 DAGs
[2024-02-12T19:00:09.149+0000] {logging_mixin.py:188} INFO - [2024-02-12T19:00:09.148+0000] {dag.py:3823} INFO - Setting next_dagrun for example_sla_dag to 2024-02-12 18:58:00+00:00, run_after=2024-02-12 19:00:00+00:00
[2024-02-12T19:00:09.176+0000] {processor.py:183} INFO - Processing /home/airflow/.local/lib/python3.8/site-packages/airflow/example_dags/example_sla_dag.py took 0.405 seconds
[2024-02-12T19:00:39.440+0000] {processor.py:161} INFO - Started process (PID=459) to work on /home/airflow/.local/lib/python3.8/site-packages/airflow/example_dags/example_sla_dag.py
[2024-02-12T19:00:39.449+0000] {processor.py:830} INFO - Processing file /home/airflow/.local/lib/python3.8/site-packages/airflow/example_dags/example_sla_dag.py for tasks to queue
[2024-02-12T19:00:39.455+0000] {logging_mixin.py:188} INFO - [2024-02-12T19:00:39.455+0000] {dagbag.py:538} INFO - Filling up the DagBag from /home/airflow/.local/lib/python3.8/site-packages/airflow/example_dags/example_sla_dag.py
[2024-02-12T19:00:39.468+0000] {processor.py:840} INFO - DAG(s) 'example_sla_dag' retrieved from /home/airflow/.local/lib/python3.8/site-packages/airflow/example_dags/example_sla_dag.py
[2024-02-12T19:00:39.500+0000] {logging_mixin.py:188} INFO - [2024-02-12T19:00:39.500+0000] {dag.py:3036} INFO - Sync 1 DAGs
[2024-02-12T19:00:39.530+0000] {logging_mixin.py:188} INFO - [2024-02-12T19:00:39.530+0000] {dag.py:3823} INFO - Setting next_dagrun for example_sla_dag to 2024-02-12 18:58:00+00:00, run_after=2024-02-12 19:00:00+00:00
[2024-02-12T19:00:39.552+0000] {processor.py:183} INFO - Processing /home/airflow/.local/lib/python3.8/site-packages/airflow/example_dags/example_sla_dag.py took 0.126 seconds
[2024-02-12T19:01:09.815+0000] {processor.py:161} INFO - Started process (PID=704) to work on /home/airflow/.local/lib/python3.8/site-packages/airflow/example_dags/example_sla_dag.py
[2024-02-12T19:01:09.816+0000] {processor.py:830} INFO - Processing file /home/airflow/.local/lib/python3.8/site-packages/airflow/example_dags/example_sla_dag.py for tasks to queue
[2024-02-12T19:01:09.817+0000] {logging_mixin.py:188} INFO - [2024-02-12T19:01:09.817+0000] {dagbag.py:538} INFO - Filling up the DagBag from /home/airflow/.local/lib/python3.8/site-packages/airflow/example_dags/example_sla_dag.py
[2024-02-12T19:01:09.829+0000] {processor.py:840} INFO - DAG(s) 'example_sla_dag' retrieved from /home/airflow/.local/lib/python3.8/site-packages/airflow/example_dags/example_sla_dag.py
[2024-02-12T19:01:09.854+0000] {logging_mixin.py:188} INFO - [2024-02-12T19:01:09.854+0000] {dag.py:3036} INFO - Sync 1 DAGs
[2024-02-12T19:01:09.892+0000] {logging_mixin.py:188} INFO - [2024-02-12T19:01:09.892+0000] {dag.py:3823} INFO - Setting next_dagrun for example_sla_dag to 2024-02-12 18:58:00+00:00, run_after=2024-02-12 19:00:00+00:00
[2024-02-12T19:01:09.916+0000] {processor.py:183} INFO - Processing /home/airflow/.local/lib/python3.8/site-packages/airflow/example_dags/example_sla_dag.py took 0.105 seconds
[2024-02-12T19:01:40.369+0000] {processor.py:161} INFO - Started process (PID=953) to work on /home/airflow/.local/lib/python3.8/site-packages/airflow/example_dags/example_sla_dag.py
[2024-02-12T19:01:40.371+0000] {processor.py:830} INFO - Processing file /home/airflow/.local/lib/python3.8/site-packages/airflow/example_dags/example_sla_dag.py for tasks to queue
[2024-02-12T19:01:40.372+0000] {logging_mixin.py:188} INFO - [2024-02-12T19:01:40.372+0000] {dagbag.py:538} INFO - Filling up the DagBag from /home/airflow/.local/lib/python3.8/site-packages/airflow/example_dags/example_sla_dag.py
[2024-02-12T19:01:40.381+0000] {processor.py:840} INFO - DAG(s) 'example_sla_dag' retrieved from /home/airflow/.local/lib/python3.8/site-packages/airflow/example_dags/example_sla_dag.py
[2024-02-12T19:01:40.404+0000] {logging_mixin.py:188} INFO - [2024-02-12T19:01:40.404+0000] {dag.py:3036} INFO - Sync 1 DAGs
[2024-02-12T19:01:40.433+0000] {logging_mixin.py:188} INFO - [2024-02-12T19:01:40.433+0000] {dag.py:3823} INFO - Setting next_dagrun for example_sla_dag to 2024-02-12 18:58:00+00:00, run_after=2024-02-12 19:00:00+00:00
[2024-02-12T19:01:40.464+0000] {processor.py:183} INFO - Processing /home/airflow/.local/lib/python3.8/site-packages/airflow/example_dags/example_sla_dag.py took 0.100 seconds
[2024-02-12T19:02:10.833+0000] {processor.py:161} INFO - Started process (PID=1199) to work on /home/airflow/.local/lib/python3.8/site-packages/airflow/example_dags/example_sla_dag.py
[2024-02-12T19:02:10.835+0000] {processor.py:830} INFO - Processing file /home/airflow/.local/lib/python3.8/site-packages/airflow/example_dags/example_sla_dag.py for tasks to queue
[2024-02-12T19:02:10.836+0000] {logging_mixin.py:188} INFO - [2024-02-12T19:02:10.835+0000] {dagbag.py:538} INFO - Filling up the DagBag from /home/airflow/.local/lib/python3.8/site-packages/airflow/example_dags/example_sla_dag.py
[2024-02-12T19:02:10.845+0000] {processor.py:840} INFO - DAG(s) 'example_sla_dag' retrieved from /home/airflow/.local/lib/python3.8/site-packages/airflow/example_dags/example_sla_dag.py
[2024-02-12T19:02:10.866+0000] {logging_mixin.py:188} INFO - [2024-02-12T19:02:10.866+0000] {dag.py:3036} INFO - Sync 1 DAGs
[2024-02-12T19:02:10.897+0000] {logging_mixin.py:188} INFO - [2024-02-12T19:02:10.897+0000] {dag.py:3823} INFO - Setting next_dagrun for example_sla_dag to 2024-02-12 19:00:00+00:00, run_after=2024-02-12 19:02:00+00:00
[2024-02-12T19:02:10.925+0000] {processor.py:183} INFO - Processing /home/airflow/.local/lib/python3.8/site-packages/airflow/example_dags/example_sla_dag.py took 0.095 seconds
[2024-02-12T19:02:41.315+0000] {processor.py:161} INFO - Started process (PID=1445) to work on /home/airflow/.local/lib/python3.8/site-packages/airflow/example_dags/example_sla_dag.py
[2024-02-12T19:02:41.316+0000] {processor.py:830} INFO - Processing file /home/airflow/.local/lib/python3.8/site-packages/airflow/example_dags/example_sla_dag.py for tasks to queue
[2024-02-12T19:02:41.317+0000] {logging_mixin.py:188} INFO - [2024-02-12T19:02:41.317+0000] {dagbag.py:538} INFO - Filling up the DagBag from /home/airflow/.local/lib/python3.8/site-packages/airflow/example_dags/example_sla_dag.py
[2024-02-12T19:02:41.335+0000] {processor.py:840} INFO - DAG(s) 'example_sla_dag' retrieved from /home/airflow/.local/lib/python3.8/site-packages/airflow/example_dags/example_sla_dag.py
[2024-02-12T19:02:41.357+0000] {logging_mixin.py:188} INFO - [2024-02-12T19:02:41.356+0000] {dag.py:3036} INFO - Sync 1 DAGs
[2024-02-12T19:02:41.387+0000] {logging_mixin.py:188} INFO - [2024-02-12T19:02:41.386+0000] {dag.py:3823} INFO - Setting next_dagrun for example_sla_dag to 2024-02-12 19:00:00+00:00, run_after=2024-02-12 19:02:00+00:00
[2024-02-12T19:02:41.411+0000] {processor.py:183} INFO - Processing /home/airflow/.local/lib/python3.8/site-packages/airflow/example_dags/example_sla_dag.py took 0.101 seconds
[2024-02-12T19:03:11.579+0000] {processor.py:161} INFO - Started process (PID=1695) to work on /home/airflow/.local/lib/python3.8/site-packages/airflow/example_dags/example_sla_dag.py
[2024-02-12T19:03:11.580+0000] {processor.py:830} INFO - Processing file /home/airflow/.local/lib/python3.8/site-packages/airflow/example_dags/example_sla_dag.py for tasks to queue
[2024-02-12T19:03:11.581+0000] {logging_mixin.py:188} INFO - [2024-02-12T19:03:11.580+0000] {dagbag.py:538} INFO - Filling up the DagBag from /home/airflow/.local/lib/python3.8/site-packages/airflow/example_dags/example_sla_dag.py
[2024-02-12T19:03:11.588+0000] {processor.py:840} INFO - DAG(s) 'example_sla_dag' retrieved from /home/airflow/.local/lib/python3.8/site-packages/airflow/example_dags/example_sla_dag.py
[2024-02-12T19:03:11.604+0000] {logging_mixin.py:188} INFO - [2024-02-12T19:03:11.604+0000] {dag.py:3036} INFO - Sync 1 DAGs
[2024-02-12T19:03:11.624+0000] {logging_mixin.py:188} INFO - [2024-02-12T19:03:11.623+0000] {dag.py:3823} INFO - Setting next_dagrun for example_sla_dag to 2024-02-12 19:00:00+00:00, run_after=2024-02-12 19:02:00+00:00
[2024-02-12T19:03:11.644+0000] {processor.py:183} INFO - Processing /home/airflow/.local/lib/python3.8/site-packages/airflow/example_dags/example_sla_dag.py took 0.068 seconds
[2024-02-12T19:03:41.932+0000] {processor.py:161} INFO - Started process (PID=1942) to work on /home/airflow/.local/lib/python3.8/site-packages/airflow/example_dags/example_sla_dag.py
[2024-02-12T19:03:41.933+0000] {processor.py:830} INFO - Processing file /home/airflow/.local/lib/python3.8/site-packages/airflow/example_dags/example_sla_dag.py for tasks to queue
[2024-02-12T19:03:41.934+0000] {logging_mixin.py:188} INFO - [2024-02-12T19:03:41.934+0000] {dagbag.py:538} INFO - Filling up the DagBag from /home/airflow/.local/lib/python3.8/site-packages/airflow/example_dags/example_sla_dag.py
[2024-02-12T19:03:41.945+0000] {processor.py:840} INFO - DAG(s) 'example_sla_dag' retrieved from /home/airflow/.local/lib/python3.8/site-packages/airflow/example_dags/example_sla_dag.py
[2024-02-12T19:03:41.980+0000] {logging_mixin.py:188} INFO - [2024-02-12T19:03:41.980+0000] {dag.py:3036} INFO - Sync 1 DAGs
[2024-02-12T19:03:42.046+0000] {logging_mixin.py:188} INFO - [2024-02-12T19:03:42.046+0000] {dag.py:3823} INFO - Setting next_dagrun for example_sla_dag to 2024-02-12 19:00:00+00:00, run_after=2024-02-12 19:02:00+00:00
[2024-02-12T19:03:42.123+0000] {processor.py:183} INFO - Processing /home/airflow/.local/lib/python3.8/site-packages/airflow/example_dags/example_sla_dag.py took 0.194 seconds
[2024-02-12T19:04:12.332+0000] {processor.py:161} INFO - Started process (PID=2194) to work on /home/airflow/.local/lib/python3.8/site-packages/airflow/example_dags/example_sla_dag.py
[2024-02-12T19:04:12.333+0000] {processor.py:830} INFO - Processing file /home/airflow/.local/lib/python3.8/site-packages/airflow/example_dags/example_sla_dag.py for tasks to queue
[2024-02-12T19:04:12.334+0000] {logging_mixin.py:188} INFO - [2024-02-12T19:04:12.334+0000] {dagbag.py:538} INFO - Filling up the DagBag from /home/airflow/.local/lib/python3.8/site-packages/airflow/example_dags/example_sla_dag.py
[2024-02-12T19:04:12.345+0000] {processor.py:840} INFO - DAG(s) 'example_sla_dag' retrieved from /home/airflow/.local/lib/python3.8/site-packages/airflow/example_dags/example_sla_dag.py
[2024-02-12T19:04:12.367+0000] {logging_mixin.py:188} INFO - [2024-02-12T19:04:12.366+0000] {dag.py:3036} INFO - Sync 1 DAGs
[2024-02-12T19:04:12.400+0000] {logging_mixin.py:188} INFO - [2024-02-12T19:04:12.400+0000] {dag.py:3823} INFO - Setting next_dagrun for example_sla_dag to 2024-02-12 19:02:00+00:00, run_after=2024-02-12 19:04:00+00:00
[2024-02-12T19:04:12.422+0000] {processor.py:183} INFO - Processing /home/airflow/.local/lib/python3.8/site-packages/airflow/example_dags/example_sla_dag.py took 0.093 seconds
[2024-02-12T19:04:42.818+0000] {processor.py:161} INFO - Started process (PID=2467) to work on /home/airflow/.local/lib/python3.8/site-packages/airflow/example_dags/example_sla_dag.py
[2024-02-12T19:04:42.819+0000] {processor.py:830} INFO - Processing file /home/airflow/.local/lib/python3.8/site-packages/airflow/example_dags/example_sla_dag.py for tasks to queue
[2024-02-12T19:04:42.820+0000] {logging_mixin.py:188} INFO - [2024-02-12T19:04:42.820+0000] {dagbag.py:538} INFO - Filling up the DagBag from /home/airflow/.local/lib/python3.8/site-packages/airflow/example_dags/example_sla_dag.py
[2024-02-12T19:04:42.830+0000] {processor.py:840} INFO - DAG(s) 'example_sla_dag' retrieved from /home/airflow/.local/lib/python3.8/site-packages/airflow/example_dags/example_sla_dag.py
[2024-02-12T19:04:42.852+0000] {logging_mixin.py:188} INFO - [2024-02-12T19:04:42.852+0000] {dag.py:3036} INFO - Sync 1 DAGs
[2024-02-12T19:04:42.882+0000] {logging_mixin.py:188} INFO - [2024-02-12T19:04:42.882+0000] {dag.py:3823} INFO - Setting next_dagrun for example_sla_dag to 2024-02-12 19:02:00+00:00, run_after=2024-02-12 19:04:00+00:00
[2024-02-12T19:04:42.917+0000] {processor.py:183} INFO - Processing /home/airflow/.local/lib/python3.8/site-packages/airflow/example_dags/example_sla_dag.py took 0.102 seconds
[2024-02-12T19:05:13.258+0000] {processor.py:161} INFO - Started process (PID=2712) to work on /home/airflow/.local/lib/python3.8/site-packages/airflow/example_dags/example_sla_dag.py
[2024-02-12T19:05:13.258+0000] {processor.py:830} INFO - Processing file /home/airflow/.local/lib/python3.8/site-packages/airflow/example_dags/example_sla_dag.py for tasks to queue
[2024-02-12T19:05:13.260+0000] {logging_mixin.py:188} INFO - [2024-02-12T19:05:13.259+0000] {dagbag.py:538} INFO - Filling up the DagBag from /home/airflow/.local/lib/python3.8/site-packages/airflow/example_dags/example_sla_dag.py
[2024-02-12T19:05:13.270+0000] {processor.py:840} INFO - DAG(s) 'example_sla_dag' retrieved from /home/airflow/.local/lib/python3.8/site-packages/airflow/example_dags/example_sla_dag.py
[2024-02-12T19:05:13.293+0000] {logging_mixin.py:188} INFO - [2024-02-12T19:05:13.292+0000] {dag.py:3036} INFO - Sync 1 DAGs
[2024-02-12T19:05:13.320+0000] {logging_mixin.py:188} INFO - [2024-02-12T19:05:13.320+0000] {dag.py:3823} INFO - Setting next_dagrun for example_sla_dag to 2024-02-12 19:02:00+00:00, run_after=2024-02-12 19:04:00+00:00
[2024-02-12T19:05:13.341+0000] {processor.py:183} INFO - Processing /home/airflow/.local/lib/python3.8/site-packages/airflow/example_dags/example_sla_dag.py took 0.088 seconds
[2024-02-12T19:05:43.963+0000] {processor.py:161} INFO - Started process (PID=2959) to work on /home/airflow/.local/lib/python3.8/site-packages/airflow/example_dags/example_sla_dag.py
[2024-02-12T19:05:43.964+0000] {processor.py:830} INFO - Processing file /home/airflow/.local/lib/python3.8/site-packages/airflow/example_dags/example_sla_dag.py for tasks to queue
[2024-02-12T19:05:43.965+0000] {logging_mixin.py:188} INFO - [2024-02-12T19:05:43.965+0000] {dagbag.py:538} INFO - Filling up the DagBag from /home/airflow/.local/lib/python3.8/site-packages/airflow/example_dags/example_sla_dag.py
[2024-02-12T19:05:43.978+0000] {processor.py:840} INFO - DAG(s) 'example_sla_dag' retrieved from /home/airflow/.local/lib/python3.8/site-packages/airflow/example_dags/example_sla_dag.py
[2024-02-12T19:05:44.033+0000] {logging_mixin.py:188} INFO - [2024-02-12T19:05:44.033+0000] {dag.py:3036} INFO - Sync 1 DAGs
[2024-02-12T19:05:44.073+0000] {logging_mixin.py:188} INFO - [2024-02-12T19:05:44.073+0000] {dag.py:3823} INFO - Setting next_dagrun for example_sla_dag to 2024-02-12 19:02:00+00:00, run_after=2024-02-12 19:04:00+00:00
[2024-02-12T19:05:44.134+0000] {processor.py:183} INFO - Processing /home/airflow/.local/lib/python3.8/site-packages/airflow/example_dags/example_sla_dag.py took 0.175 seconds
[2024-02-12T19:06:14.358+0000] {processor.py:161} INFO - Started process (PID=3209) to work on /home/airflow/.local/lib/python3.8/site-packages/airflow/example_dags/example_sla_dag.py
[2024-02-12T19:06:14.359+0000] {processor.py:830} INFO - Processing file /home/airflow/.local/lib/python3.8/site-packages/airflow/example_dags/example_sla_dag.py for tasks to queue
[2024-02-12T19:06:14.359+0000] {logging_mixin.py:188} INFO - [2024-02-12T19:06:14.359+0000] {dagbag.py:538} INFO - Filling up the DagBag from /home/airflow/.local/lib/python3.8/site-packages/airflow/example_dags/example_sla_dag.py
[2024-02-12T19:06:14.369+0000] {processor.py:840} INFO - DAG(s) 'example_sla_dag' retrieved from /home/airflow/.local/lib/python3.8/site-packages/airflow/example_dags/example_sla_dag.py
[2024-02-12T19:06:14.394+0000] {logging_mixin.py:188} INFO - [2024-02-12T19:06:14.393+0000] {dag.py:3036} INFO - Sync 1 DAGs
[2024-02-12T19:06:14.424+0000] {logging_mixin.py:188} INFO - [2024-02-12T19:06:14.424+0000] {dag.py:3823} INFO - Setting next_dagrun for example_sla_dag to 2024-02-12 19:04:00+00:00, run_after=2024-02-12 19:06:00+00:00
[2024-02-12T19:06:14.447+0000] {processor.py:183} INFO - Processing /home/airflow/.local/lib/python3.8/site-packages/airflow/example_dags/example_sla_dag.py took 0.093 seconds
[2024-02-12T19:06:44.759+0000] {processor.py:161} INFO - Started process (PID=3456) to work on /home/airflow/.local/lib/python3.8/site-packages/airflow/example_dags/example_sla_dag.py
[2024-02-12T19:06:44.760+0000] {processor.py:830} INFO - Processing file /home/airflow/.local/lib/python3.8/site-packages/airflow/example_dags/example_sla_dag.py for tasks to queue
[2024-02-12T19:06:44.761+0000] {logging_mixin.py:188} INFO - [2024-02-12T19:06:44.760+0000] {dagbag.py:538} INFO - Filling up the DagBag from /home/airflow/.local/lib/python3.8/site-packages/airflow/example_dags/example_sla_dag.py
[2024-02-12T19:06:44.772+0000] {processor.py:840} INFO - DAG(s) 'example_sla_dag' retrieved from /home/airflow/.local/lib/python3.8/site-packages/airflow/example_dags/example_sla_dag.py
[2024-02-12T19:06:44.795+0000] {logging_mixin.py:188} INFO - [2024-02-12T19:06:44.795+0000] {dag.py:3036} INFO - Sync 1 DAGs
[2024-02-12T19:06:44.827+0000] {logging_mixin.py:188} INFO - [2024-02-12T19:06:44.826+0000] {dag.py:3823} INFO - Setting next_dagrun for example_sla_dag to 2024-02-12 19:04:00+00:00, run_after=2024-02-12 19:06:00+00:00
[2024-02-12T19:06:44.857+0000] {processor.py:183} INFO - Processing /home/airflow/.local/lib/python3.8/site-packages/airflow/example_dags/example_sla_dag.py took 0.101 seconds
[2024-02-12T19:07:14.973+0000] {processor.py:161} INFO - Started process (PID=3704) to work on /home/airflow/.local/lib/python3.8/site-packages/airflow/example_dags/example_sla_dag.py
[2024-02-12T19:07:14.974+0000] {processor.py:830} INFO - Processing file /home/airflow/.local/lib/python3.8/site-packages/airflow/example_dags/example_sla_dag.py for tasks to queue
[2024-02-12T19:07:14.975+0000] {logging_mixin.py:188} INFO - [2024-02-12T19:07:14.975+0000] {dagbag.py:538} INFO - Filling up the DagBag from /home/airflow/.local/lib/python3.8/site-packages/airflow/example_dags/example_sla_dag.py
[2024-02-12T19:07:14.982+0000] {processor.py:840} INFO - DAG(s) 'example_sla_dag' retrieved from /home/airflow/.local/lib/python3.8/site-packages/airflow/example_dags/example_sla_dag.py
[2024-02-12T19:07:15.000+0000] {logging_mixin.py:188} INFO - [2024-02-12T19:07:15.000+0000] {dag.py:3036} INFO - Sync 1 DAGs
[2024-02-12T19:07:15.020+0000] {logging_mixin.py:188} INFO - [2024-02-12T19:07:15.019+0000] {dag.py:3823} INFO - Setting next_dagrun for example_sla_dag to 2024-02-12 19:04:00+00:00, run_after=2024-02-12 19:06:00+00:00
[2024-02-12T19:07:15.042+0000] {processor.py:183} INFO - Processing /home/airflow/.local/lib/python3.8/site-packages/airflow/example_dags/example_sla_dag.py took 0.071 seconds
[2024-02-12T19:07:45.196+0000] {processor.py:161} INFO - Started process (PID=3951) to work on /home/airflow/.local/lib/python3.8/site-packages/airflow/example_dags/example_sla_dag.py
[2024-02-12T19:07:45.197+0000] {processor.py:830} INFO - Processing file /home/airflow/.local/lib/python3.8/site-packages/airflow/example_dags/example_sla_dag.py for tasks to queue
[2024-02-12T19:07:45.198+0000] {logging_mixin.py:188} INFO - [2024-02-12T19:07:45.197+0000] {dagbag.py:538} INFO - Filling up the DagBag from /home/airflow/.local/lib/python3.8/site-packages/airflow/example_dags/example_sla_dag.py
[2024-02-12T19:07:45.204+0000] {processor.py:840} INFO - DAG(s) 'example_sla_dag' retrieved from /home/airflow/.local/lib/python3.8/site-packages/airflow/example_dags/example_sla_dag.py
[2024-02-12T19:07:45.220+0000] {logging_mixin.py:188} INFO - [2024-02-12T19:07:45.220+0000] {dag.py:3036} INFO - Sync 1 DAGs
[2024-02-12T19:07:45.239+0000] {logging_mixin.py:188} INFO - [2024-02-12T19:07:45.239+0000] {dag.py:3823} INFO - Setting next_dagrun for example_sla_dag to 2024-02-12 19:04:00+00:00, run_after=2024-02-12 19:06:00+00:00
[2024-02-12T19:07:45.258+0000] {processor.py:183} INFO - Processing /home/airflow/.local/lib/python3.8/site-packages/airflow/example_dags/example_sla_dag.py took 0.065 seconds
[2024-02-12T19:08:15.501+0000] {processor.py:161} INFO - Started process (PID=4197) to work on /home/airflow/.local/lib/python3.8/site-packages/airflow/example_dags/example_sla_dag.py
[2024-02-12T19:08:15.502+0000] {processor.py:830} INFO - Processing file /home/airflow/.local/lib/python3.8/site-packages/airflow/example_dags/example_sla_dag.py for tasks to queue
[2024-02-12T19:08:15.504+0000] {logging_mixin.py:188} INFO - [2024-02-12T19:08:15.503+0000] {dagbag.py:538} INFO - Filling up the DagBag from /home/airflow/.local/lib/python3.8/site-packages/airflow/example_dags/example_sla_dag.py
[2024-02-12T19:08:15.515+0000] {processor.py:840} INFO - DAG(s) 'example_sla_dag' retrieved from /home/airflow/.local/lib/python3.8/site-packages/airflow/example_dags/example_sla_dag.py
[2024-02-12T19:08:15.537+0000] {logging_mixin.py:188} INFO - [2024-02-12T19:08:15.537+0000] {dag.py:3036} INFO - Sync 1 DAGs
[2024-02-12T19:08:15.564+0000] {logging_mixin.py:188} INFO - [2024-02-12T19:08:15.564+0000] {dag.py:3823} INFO - Setting next_dagrun for example_sla_dag to 2024-02-12 19:06:00+00:00, run_after=2024-02-12 19:08:00+00:00
[2024-02-12T19:08:15.587+0000] {processor.py:183} INFO - Processing /home/airflow/.local/lib/python3.8/site-packages/airflow/example_dags/example_sla_dag.py took 0.090 seconds
[2024-02-12T19:08:45.886+0000] {processor.py:161} INFO - Started process (PID=4445) to work on /home/airflow/.local/lib/python3.8/site-packages/airflow/example_dags/example_sla_dag.py
[2024-02-12T19:08:45.887+0000] {processor.py:830} INFO - Processing file /home/airflow/.local/lib/python3.8/site-packages/airflow/example_dags/example_sla_dag.py for tasks to queue
[2024-02-12T19:08:45.888+0000] {logging_mixin.py:188} INFO - [2024-02-12T19:08:45.888+0000] {dagbag.py:538} INFO - Filling up the DagBag from /home/airflow/.local/lib/python3.8/site-packages/airflow/example_dags/example_sla_dag.py
[2024-02-12T19:08:45.898+0000] {processor.py:840} INFO - DAG(s) 'example_sla_dag' retrieved from /home/airflow/.local/lib/python3.8/site-packages/airflow/example_dags/example_sla_dag.py
[2024-02-12T19:08:45.933+0000] {logging_mixin.py:188} INFO - [2024-02-12T19:08:45.933+0000] {dag.py:3036} INFO - Sync 1 DAGs
[2024-02-12T19:08:45.964+0000] {logging_mixin.py:188} INFO - [2024-02-12T19:08:45.963+0000] {dag.py:3823} INFO - Setting next_dagrun for example_sla_dag to 2024-02-12 19:06:00+00:00, run_after=2024-02-12 19:08:00+00:00
[2024-02-12T19:08:46.009+0000] {processor.py:183} INFO - Processing /home/airflow/.local/lib/python3.8/site-packages/airflow/example_dags/example_sla_dag.py took 0.126 seconds
[2024-02-12T19:09:16.235+0000] {processor.py:161} INFO - Started process (PID=4696) to work on /home/airflow/.local/lib/python3.8/site-packages/airflow/example_dags/example_sla_dag.py
[2024-02-12T19:09:16.236+0000] {processor.py:830} INFO - Processing file /home/airflow/.local/lib/python3.8/site-packages/airflow/example_dags/example_sla_dag.py for tasks to queue
[2024-02-12T19:09:16.237+0000] {logging_mixin.py:188} INFO - [2024-02-12T19:09:16.237+0000] {dagbag.py:538} INFO - Filling up the DagBag from /home/airflow/.local/lib/python3.8/site-packages/airflow/example_dags/example_sla_dag.py
[2024-02-12T19:09:16.257+0000] {processor.py:840} INFO - DAG(s) 'example_sla_dag' retrieved from /home/airflow/.local/lib/python3.8/site-packages/airflow/example_dags/example_sla_dag.py
[2024-02-12T19:09:16.280+0000] {logging_mixin.py:188} INFO - [2024-02-12T19:09:16.280+0000] {dag.py:3036} INFO - Sync 1 DAGs
[2024-02-12T19:09:16.309+0000] {logging_mixin.py:188} INFO - [2024-02-12T19:09:16.309+0000] {dag.py:3823} INFO - Setting next_dagrun for example_sla_dag to 2024-02-12 19:06:00+00:00, run_after=2024-02-12 19:08:00+00:00
[2024-02-12T19:09:16.330+0000] {processor.py:183} INFO - Processing /home/airflow/.local/lib/python3.8/site-packages/airflow/example_dags/example_sla_dag.py took 0.108 seconds
[2024-02-12T19:09:46.698+0000] {processor.py:161} INFO - Started process (PID=4941) to work on /home/airflow/.local/lib/python3.8/site-packages/airflow/example_dags/example_sla_dag.py
[2024-02-12T19:09:46.699+0000] {processor.py:830} INFO - Processing file /home/airflow/.local/lib/python3.8/site-packages/airflow/example_dags/example_sla_dag.py for tasks to queue
[2024-02-12T19:09:46.700+0000] {logging_mixin.py:188} INFO - [2024-02-12T19:09:46.699+0000] {dagbag.py:538} INFO - Filling up the DagBag from /home/airflow/.local/lib/python3.8/site-packages/airflow/example_dags/example_sla_dag.py
[2024-02-12T19:09:46.709+0000] {processor.py:840} INFO - DAG(s) 'example_sla_dag' retrieved from /home/airflow/.local/lib/python3.8/site-packages/airflow/example_dags/example_sla_dag.py
[2024-02-12T19:09:46.730+0000] {logging_mixin.py:188} INFO - [2024-02-12T19:09:46.730+0000] {dag.py:3036} INFO - Sync 1 DAGs
[2024-02-12T19:09:46.760+0000] {logging_mixin.py:188} INFO - [2024-02-12T19:09:46.760+0000] {dag.py:3823} INFO - Setting next_dagrun for example_sla_dag to 2024-02-12 19:06:00+00:00, run_after=2024-02-12 19:08:00+00:00
[2024-02-12T19:09:46.786+0000] {processor.py:183} INFO - Processing /home/airflow/.local/lib/python3.8/site-packages/airflow/example_dags/example_sla_dag.py took 0.092 seconds
[2024-02-12T19:10:16.989+0000] {processor.py:161} INFO - Started process (PID=5188) to work on /home/airflow/.local/lib/python3.8/site-packages/airflow/example_dags/example_sla_dag.py
[2024-02-12T19:10:16.990+0000] {processor.py:830} INFO - Processing file /home/airflow/.local/lib/python3.8/site-packages/airflow/example_dags/example_sla_dag.py for tasks to queue
[2024-02-12T19:10:16.991+0000] {logging_mixin.py:188} INFO - [2024-02-12T19:10:16.991+0000] {dagbag.py:538} INFO - Filling up the DagBag from /home/airflow/.local/lib/python3.8/site-packages/airflow/example_dags/example_sla_dag.py
[2024-02-12T19:10:17.003+0000] {processor.py:840} INFO - DAG(s) 'example_sla_dag' retrieved from /home/airflow/.local/lib/python3.8/site-packages/airflow/example_dags/example_sla_dag.py
[2024-02-12T19:10:17.023+0000] {logging_mixin.py:188} INFO - [2024-02-12T19:10:17.023+0000] {dag.py:3036} INFO - Sync 1 DAGs
[2024-02-12T19:10:17.051+0000] {logging_mixin.py:188} INFO - [2024-02-12T19:10:17.051+0000] {dag.py:3823} INFO - Setting next_dagrun for example_sla_dag to 2024-02-12 19:08:00+00:00, run_after=2024-02-12 19:10:00+00:00
[2024-02-12T19:10:17.087+0000] {processor.py:183} INFO - Processing /home/airflow/.local/lib/python3.8/site-packages/airflow/example_dags/example_sla_dag.py took 0.102 seconds
[2024-02-12T19:10:48.069+0000] {processor.py:161} INFO - Started process (PID=5438) to work on /home/airflow/.local/lib/python3.8/site-packages/airflow/example_dags/example_sla_dag.py
[2024-02-12T19:10:48.070+0000] {processor.py:830} INFO - Processing file /home/airflow/.local/lib/python3.8/site-packages/airflow/example_dags/example_sla_dag.py for tasks to queue
[2024-02-12T19:10:48.071+0000] {logging_mixin.py:188} INFO - [2024-02-12T19:10:48.070+0000] {dagbag.py:538} INFO - Filling up the DagBag from /home/airflow/.local/lib/python3.8/site-packages/airflow/example_dags/example_sla_dag.py
[2024-02-12T19:10:48.082+0000] {processor.py:840} INFO - DAG(s) 'example_sla_dag' retrieved from /home/airflow/.local/lib/python3.8/site-packages/airflow/example_dags/example_sla_dag.py
[2024-02-12T19:10:48.106+0000] {logging_mixin.py:188} INFO - [2024-02-12T19:10:48.106+0000] {dag.py:3036} INFO - Sync 1 DAGs
[2024-02-12T19:10:48.137+0000] {logging_mixin.py:188} INFO - [2024-02-12T19:10:48.137+0000] {dag.py:3823} INFO - Setting next_dagrun for example_sla_dag to 2024-02-12 19:08:00+00:00, run_after=2024-02-12 19:10:00+00:00
[2024-02-12T19:10:48.162+0000] {processor.py:183} INFO - Processing /home/airflow/.local/lib/python3.8/site-packages/airflow/example_dags/example_sla_dag.py took 0.096 seconds
[2024-02-12T19:11:18.430+0000] {processor.py:161} INFO - Started process (PID=5683) to work on /home/airflow/.local/lib/python3.8/site-packages/airflow/example_dags/example_sla_dag.py
[2024-02-12T19:11:18.431+0000] {processor.py:830} INFO - Processing file /home/airflow/.local/lib/python3.8/site-packages/airflow/example_dags/example_sla_dag.py for tasks to queue
[2024-02-12T19:11:18.432+0000] {logging_mixin.py:188} INFO - [2024-02-12T19:11:18.432+0000] {dagbag.py:538} INFO - Filling up the DagBag from /home/airflow/.local/lib/python3.8/site-packages/airflow/example_dags/example_sla_dag.py
[2024-02-12T19:11:18.443+0000] {processor.py:840} INFO - DAG(s) 'example_sla_dag' retrieved from /home/airflow/.local/lib/python3.8/site-packages/airflow/example_dags/example_sla_dag.py
[2024-02-12T19:11:18.465+0000] {logging_mixin.py:188} INFO - [2024-02-12T19:11:18.465+0000] {dag.py:3036} INFO - Sync 1 DAGs
[2024-02-12T19:11:18.491+0000] {logging_mixin.py:188} INFO - [2024-02-12T19:11:18.491+0000] {dag.py:3823} INFO - Setting next_dagrun for example_sla_dag to 2024-02-12 19:08:00+00:00, run_after=2024-02-12 19:10:00+00:00
[2024-02-12T19:11:18.515+0000] {processor.py:183} INFO - Processing /home/airflow/.local/lib/python3.8/site-packages/airflow/example_dags/example_sla_dag.py took 0.088 seconds
[2024-02-12T19:11:48.920+0000] {processor.py:161} INFO - Started process (PID=5932) to work on /home/airflow/.local/lib/python3.8/site-packages/airflow/example_dags/example_sla_dag.py
[2024-02-12T19:11:48.921+0000] {processor.py:830} INFO - Processing file /home/airflow/.local/lib/python3.8/site-packages/airflow/example_dags/example_sla_dag.py for tasks to queue
[2024-02-12T19:11:48.922+0000] {logging_mixin.py:188} INFO - [2024-02-12T19:11:48.922+0000] {dagbag.py:538} INFO - Filling up the DagBag from /home/airflow/.local/lib/python3.8/site-packages/airflow/example_dags/example_sla_dag.py
[2024-02-12T19:11:48.932+0000] {processor.py:840} INFO - DAG(s) 'example_sla_dag' retrieved from /home/airflow/.local/lib/python3.8/site-packages/airflow/example_dags/example_sla_dag.py
[2024-02-12T19:11:48.955+0000] {logging_mixin.py:188} INFO - [2024-02-12T19:11:48.955+0000] {dag.py:3036} INFO - Sync 1 DAGs
[2024-02-12T19:11:48.985+0000] {logging_mixin.py:188} INFO - [2024-02-12T19:11:48.985+0000] {dag.py:3823} INFO - Setting next_dagrun for example_sla_dag to 2024-02-12 19:08:00+00:00, run_after=2024-02-12 19:10:00+00:00
[2024-02-12T19:11:49.009+0000] {processor.py:183} INFO - Processing /home/airflow/.local/lib/python3.8/site-packages/airflow/example_dags/example_sla_dag.py took 0.093 seconds
[2024-02-12T19:12:19.861+0000] {processor.py:161} INFO - Started process (PID=6179) to work on /home/airflow/.local/lib/python3.8/site-packages/airflow/example_dags/example_sla_dag.py
[2024-02-12T19:12:19.862+0000] {processor.py:830} INFO - Processing file /home/airflow/.local/lib/python3.8/site-packages/airflow/example_dags/example_sla_dag.py for tasks to queue
[2024-02-12T19:12:19.863+0000] {logging_mixin.py:188} INFO - [2024-02-12T19:12:19.863+0000] {dagbag.py:538} INFO - Filling up the DagBag from /home/airflow/.local/lib/python3.8/site-packages/airflow/example_dags/example_sla_dag.py
[2024-02-12T19:12:19.873+0000] {processor.py:840} INFO - DAG(s) 'example_sla_dag' retrieved from /home/airflow/.local/lib/python3.8/site-packages/airflow/example_dags/example_sla_dag.py
[2024-02-12T19:12:19.898+0000] {logging_mixin.py:188} INFO - [2024-02-12T19:12:19.897+0000] {dag.py:3036} INFO - Sync 1 DAGs
[2024-02-12T19:12:19.927+0000] {logging_mixin.py:188} INFO - [2024-02-12T19:12:19.927+0000] {dag.py:3823} INFO - Setting next_dagrun for example_sla_dag to 2024-02-12 19:10:00+00:00, run_after=2024-02-12 19:12:00+00:00
[2024-02-12T19:12:19.949+0000] {processor.py:183} INFO - Processing /home/airflow/.local/lib/python3.8/site-packages/airflow/example_dags/example_sla_dag.py took 0.090 seconds
[2024-02-12T19:12:50.217+0000] {processor.py:161} INFO - Started process (PID=6428) to work on /home/airflow/.local/lib/python3.8/site-packages/airflow/example_dags/example_sla_dag.py
[2024-02-12T19:12:50.219+0000] {processor.py:830} INFO - Processing file /home/airflow/.local/lib/python3.8/site-packages/airflow/example_dags/example_sla_dag.py for tasks to queue
[2024-02-12T19:12:50.221+0000] {logging_mixin.py:188} INFO - [2024-02-12T19:12:50.220+0000] {dagbag.py:538} INFO - Filling up the DagBag from /home/airflow/.local/lib/python3.8/site-packages/airflow/example_dags/example_sla_dag.py
[2024-02-12T19:12:50.232+0000] {processor.py:840} INFO - DAG(s) 'example_sla_dag' retrieved from /home/airflow/.local/lib/python3.8/site-packages/airflow/example_dags/example_sla_dag.py
[2024-02-12T19:12:50.255+0000] {logging_mixin.py:188} INFO - [2024-02-12T19:12:50.254+0000] {dag.py:3036} INFO - Sync 1 DAGs
[2024-02-12T19:12:50.284+0000] {logging_mixin.py:188} INFO - [2024-02-12T19:12:50.284+0000] {dag.py:3823} INFO - Setting next_dagrun for example_sla_dag to 2024-02-12 19:10:00+00:00, run_after=2024-02-12 19:12:00+00:00
[2024-02-12T19:12:50.318+0000] {processor.py:183} INFO - Processing /home/airflow/.local/lib/python3.8/site-packages/airflow/example_dags/example_sla_dag.py took 0.104 seconds
[2024-02-12T19:13:20.447+0000] {processor.py:161} INFO - Started process (PID=6674) to work on /home/airflow/.local/lib/python3.8/site-packages/airflow/example_dags/example_sla_dag.py
[2024-02-12T19:13:20.448+0000] {processor.py:830} INFO - Processing file /home/airflow/.local/lib/python3.8/site-packages/airflow/example_dags/example_sla_dag.py for tasks to queue
[2024-02-12T19:13:20.448+0000] {logging_mixin.py:188} INFO - [2024-02-12T19:13:20.448+0000] {dagbag.py:538} INFO - Filling up the DagBag from /home/airflow/.local/lib/python3.8/site-packages/airflow/example_dags/example_sla_dag.py
[2024-02-12T19:13:20.457+0000] {processor.py:840} INFO - DAG(s) 'example_sla_dag' retrieved from /home/airflow/.local/lib/python3.8/site-packages/airflow/example_dags/example_sla_dag.py
[2024-02-12T19:13:20.478+0000] {logging_mixin.py:188} INFO - [2024-02-12T19:13:20.478+0000] {dag.py:3036} INFO - Sync 1 DAGs
[2024-02-12T19:13:20.508+0000] {logging_mixin.py:188} INFO - [2024-02-12T19:13:20.508+0000] {dag.py:3823} INFO - Setting next_dagrun for example_sla_dag to 2024-02-12 19:10:00+00:00, run_after=2024-02-12 19:12:00+00:00
[2024-02-12T19:13:20.532+0000] {processor.py:183} INFO - Processing /home/airflow/.local/lib/python3.8/site-packages/airflow/example_dags/example_sla_dag.py took 0.088 seconds
[2024-02-12T19:13:50.625+0000] {processor.py:161} INFO - Started process (PID=6921) to work on /home/airflow/.local/lib/python3.8/site-packages/airflow/example_dags/example_sla_dag.py
[2024-02-12T19:13:50.626+0000] {processor.py:830} INFO - Processing file /home/airflow/.local/lib/python3.8/site-packages/airflow/example_dags/example_sla_dag.py for tasks to queue
[2024-02-12T19:13:50.627+0000] {logging_mixin.py:188} INFO - [2024-02-12T19:13:50.627+0000] {dagbag.py:538} INFO - Filling up the DagBag from /home/airflow/.local/lib/python3.8/site-packages/airflow/example_dags/example_sla_dag.py
[2024-02-12T19:13:50.637+0000] {processor.py:840} INFO - DAG(s) 'example_sla_dag' retrieved from /home/airflow/.local/lib/python3.8/site-packages/airflow/example_dags/example_sla_dag.py
[2024-02-12T19:13:50.659+0000] {logging_mixin.py:188} INFO - [2024-02-12T19:13:50.659+0000] {dag.py:3036} INFO - Sync 1 DAGs
[2024-02-12T19:13:50.687+0000] {logging_mixin.py:188} INFO - [2024-02-12T19:13:50.687+0000] {dag.py:3823} INFO - Setting next_dagrun for example_sla_dag to 2024-02-12 19:10:00+00:00, run_after=2024-02-12 19:12:00+00:00
[2024-02-12T19:13:50.711+0000] {processor.py:183} INFO - Processing /home/airflow/.local/lib/python3.8/site-packages/airflow/example_dags/example_sla_dag.py took 0.090 seconds
[2024-02-12T19:14:20.988+0000] {processor.py:161} INFO - Started process (PID=7168) to work on /home/airflow/.local/lib/python3.8/site-packages/airflow/example_dags/example_sla_dag.py
[2024-02-12T19:14:20.989+0000] {processor.py:830} INFO - Processing file /home/airflow/.local/lib/python3.8/site-packages/airflow/example_dags/example_sla_dag.py for tasks to queue
[2024-02-12T19:14:20.990+0000] {logging_mixin.py:188} INFO - [2024-02-12T19:14:20.989+0000] {dagbag.py:538} INFO - Filling up the DagBag from /home/airflow/.local/lib/python3.8/site-packages/airflow/example_dags/example_sla_dag.py
[2024-02-12T19:14:20.999+0000] {processor.py:840} INFO - DAG(s) 'example_sla_dag' retrieved from /home/airflow/.local/lib/python3.8/site-packages/airflow/example_dags/example_sla_dag.py
[2024-02-12T19:14:21.021+0000] {logging_mixin.py:188} INFO - [2024-02-12T19:14:21.021+0000] {dag.py:3036} INFO - Sync 1 DAGs
[2024-02-12T19:14:21.052+0000] {logging_mixin.py:188} INFO - [2024-02-12T19:14:21.052+0000] {dag.py:3823} INFO - Setting next_dagrun for example_sla_dag to 2024-02-12 19:12:00+00:00, run_after=2024-02-12 19:14:00+00:00
[2024-02-12T19:14:21.074+0000] {processor.py:183} INFO - Processing /home/airflow/.local/lib/python3.8/site-packages/airflow/example_dags/example_sla_dag.py took 0.089 seconds
[2024-02-12T19:14:51.589+0000] {processor.py:161} INFO - Started process (PID=7414) to work on /home/airflow/.local/lib/python3.8/site-packages/airflow/example_dags/example_sla_dag.py
[2024-02-12T19:14:51.590+0000] {processor.py:830} INFO - Processing file /home/airflow/.local/lib/python3.8/site-packages/airflow/example_dags/example_sla_dag.py for tasks to queue
[2024-02-12T19:14:51.591+0000] {logging_mixin.py:188} INFO - [2024-02-12T19:14:51.590+0000] {dagbag.py:538} INFO - Filling up the DagBag from /home/airflow/.local/lib/python3.8/site-packages/airflow/example_dags/example_sla_dag.py
[2024-02-12T19:14:51.600+0000] {processor.py:840} INFO - DAG(s) 'example_sla_dag' retrieved from /home/airflow/.local/lib/python3.8/site-packages/airflow/example_dags/example_sla_dag.py
[2024-02-12T19:14:51.622+0000] {logging_mixin.py:188} INFO - [2024-02-12T19:14:51.622+0000] {dag.py:3036} INFO - Sync 1 DAGs
[2024-02-12T19:14:51.649+0000] {logging_mixin.py:188} INFO - [2024-02-12T19:14:51.649+0000] {dag.py:3823} INFO - Setting next_dagrun for example_sla_dag to 2024-02-12 19:12:00+00:00, run_after=2024-02-12 19:14:00+00:00
[2024-02-12T19:14:51.679+0000] {processor.py:183} INFO - Processing /home/airflow/.local/lib/python3.8/site-packages/airflow/example_dags/example_sla_dag.py took 0.094 seconds
[2024-02-12T19:15:22.240+0000] {processor.py:161} INFO - Started process (PID=7661) to work on /home/airflow/.local/lib/python3.8/site-packages/airflow/example_dags/example_sla_dag.py
[2024-02-12T19:15:22.241+0000] {processor.py:830} INFO - Processing file /home/airflow/.local/lib/python3.8/site-packages/airflow/example_dags/example_sla_dag.py for tasks to queue
[2024-02-12T19:15:22.242+0000] {logging_mixin.py:188} INFO - [2024-02-12T19:15:22.242+0000] {dagbag.py:538} INFO - Filling up the DagBag from /home/airflow/.local/lib/python3.8/site-packages/airflow/example_dags/example_sla_dag.py
[2024-02-12T19:15:22.252+0000] {processor.py:840} INFO - DAG(s) 'example_sla_dag' retrieved from /home/airflow/.local/lib/python3.8/site-packages/airflow/example_dags/example_sla_dag.py
[2024-02-12T19:15:22.277+0000] {logging_mixin.py:188} INFO - [2024-02-12T19:15:22.277+0000] {dag.py:3036} INFO - Sync 1 DAGs
[2024-02-12T19:15:22.307+0000] {logging_mixin.py:188} INFO - [2024-02-12T19:15:22.306+0000] {dag.py:3823} INFO - Setting next_dagrun for example_sla_dag to 2024-02-12 19:12:00+00:00, run_after=2024-02-12 19:14:00+00:00
[2024-02-12T19:15:22.346+0000] {processor.py:183} INFO - Processing /home/airflow/.local/lib/python3.8/site-packages/airflow/example_dags/example_sla_dag.py took 0.110 seconds
[2024-02-12T19:15:52.740+0000] {processor.py:161} INFO - Started process (PID=7909) to work on /home/airflow/.local/lib/python3.8/site-packages/airflow/example_dags/example_sla_dag.py
[2024-02-12T19:15:52.741+0000] {processor.py:830} INFO - Processing file /home/airflow/.local/lib/python3.8/site-packages/airflow/example_dags/example_sla_dag.py for tasks to queue
[2024-02-12T19:15:52.742+0000] {logging_mixin.py:188} INFO - [2024-02-12T19:15:52.741+0000] {dagbag.py:538} INFO - Filling up the DagBag from /home/airflow/.local/lib/python3.8/site-packages/airflow/example_dags/example_sla_dag.py
[2024-02-12T19:15:52.753+0000] {processor.py:840} INFO - DAG(s) 'example_sla_dag' retrieved from /home/airflow/.local/lib/python3.8/site-packages/airflow/example_dags/example_sla_dag.py
[2024-02-12T19:15:52.774+0000] {logging_mixin.py:188} INFO - [2024-02-12T19:15:52.774+0000] {dag.py:3036} INFO - Sync 1 DAGs
[2024-02-12T19:15:52.815+0000] {logging_mixin.py:188} INFO - [2024-02-12T19:15:52.815+0000] {dag.py:3823} INFO - Setting next_dagrun for example_sla_dag to 2024-02-12 19:12:00+00:00, run_after=2024-02-12 19:14:00+00:00
[2024-02-12T19:15:52.850+0000] {processor.py:183} INFO - Processing /home/airflow/.local/lib/python3.8/site-packages/airflow/example_dags/example_sla_dag.py took 0.114 seconds
[2024-02-12T19:16:23.188+0000] {processor.py:161} INFO - Started process (PID=8157) to work on /home/airflow/.local/lib/python3.8/site-packages/airflow/example_dags/example_sla_dag.py
[2024-02-12T19:16:23.189+0000] {processor.py:830} INFO - Processing file /home/airflow/.local/lib/python3.8/site-packages/airflow/example_dags/example_sla_dag.py for tasks to queue
[2024-02-12T19:16:23.190+0000] {logging_mixin.py:188} INFO - [2024-02-12T19:16:23.189+0000] {dagbag.py:538} INFO - Filling up the DagBag from /home/airflow/.local/lib/python3.8/site-packages/airflow/example_dags/example_sla_dag.py
[2024-02-12T19:16:23.201+0000] {processor.py:840} INFO - DAG(s) 'example_sla_dag' retrieved from /home/airflow/.local/lib/python3.8/site-packages/airflow/example_dags/example_sla_dag.py
[2024-02-12T19:16:23.222+0000] {logging_mixin.py:188} INFO - [2024-02-12T19:16:23.222+0000] {dag.py:3036} INFO - Sync 1 DAGs
[2024-02-12T19:16:23.270+0000] {logging_mixin.py:188} INFO - [2024-02-12T19:16:23.270+0000] {dag.py:3823} INFO - Setting next_dagrun for example_sla_dag to 2024-02-12 19:14:00+00:00, run_after=2024-02-12 19:16:00+00:00
[2024-02-12T19:16:23.293+0000] {processor.py:183} INFO - Processing /home/airflow/.local/lib/python3.8/site-packages/airflow/example_dags/example_sla_dag.py took 0.109 seconds
[2024-02-12T19:16:53.753+0000] {processor.py:161} INFO - Started process (PID=8404) to work on /home/airflow/.local/lib/python3.8/site-packages/airflow/example_dags/example_sla_dag.py
[2024-02-12T19:16:53.754+0000] {processor.py:830} INFO - Processing file /home/airflow/.local/lib/python3.8/site-packages/airflow/example_dags/example_sla_dag.py for tasks to queue
[2024-02-12T19:16:53.755+0000] {logging_mixin.py:188} INFO - [2024-02-12T19:16:53.755+0000] {dagbag.py:538} INFO - Filling up the DagBag from /home/airflow/.local/lib/python3.8/site-packages/airflow/example_dags/example_sla_dag.py
[2024-02-12T19:16:53.765+0000] {processor.py:840} INFO - DAG(s) 'example_sla_dag' retrieved from /home/airflow/.local/lib/python3.8/site-packages/airflow/example_dags/example_sla_dag.py
[2024-02-12T19:16:53.788+0000] {logging_mixin.py:188} INFO - [2024-02-12T19:16:53.788+0000] {dag.py:3036} INFO - Sync 1 DAGs
[2024-02-12T19:16:53.821+0000] {logging_mixin.py:188} INFO - [2024-02-12T19:16:53.821+0000] {dag.py:3823} INFO - Setting next_dagrun for example_sla_dag to 2024-02-12 19:14:00+00:00, run_after=2024-02-12 19:16:00+00:00
[2024-02-12T19:16:53.854+0000] {processor.py:183} INFO - Processing /home/airflow/.local/lib/python3.8/site-packages/airflow/example_dags/example_sla_dag.py took 0.105 seconds
[2024-02-12T19:17:23.995+0000] {processor.py:161} INFO - Started process (PID=8651) to work on /home/airflow/.local/lib/python3.8/site-packages/airflow/example_dags/example_sla_dag.py
[2024-02-12T19:17:23.996+0000] {processor.py:830} INFO - Processing file /home/airflow/.local/lib/python3.8/site-packages/airflow/example_dags/example_sla_dag.py for tasks to queue
[2024-02-12T19:17:23.997+0000] {logging_mixin.py:188} INFO - [2024-02-12T19:17:23.997+0000] {dagbag.py:538} INFO - Filling up the DagBag from /home/airflow/.local/lib/python3.8/site-packages/airflow/example_dags/example_sla_dag.py
[2024-02-12T19:17:24.007+0000] {processor.py:840} INFO - DAG(s) 'example_sla_dag' retrieved from /home/airflow/.local/lib/python3.8/site-packages/airflow/example_dags/example_sla_dag.py
[2024-02-12T19:17:24.029+0000] {logging_mixin.py:188} INFO - [2024-02-12T19:17:24.029+0000] {dag.py:3036} INFO - Sync 1 DAGs
[2024-02-12T19:17:24.059+0000] {logging_mixin.py:188} INFO - [2024-02-12T19:17:24.059+0000] {dag.py:3823} INFO - Setting next_dagrun for example_sla_dag to 2024-02-12 19:14:00+00:00, run_after=2024-02-12 19:16:00+00:00
[2024-02-12T19:17:24.082+0000] {processor.py:183} INFO - Processing /home/airflow/.local/lib/python3.8/site-packages/airflow/example_dags/example_sla_dag.py took 0.091 seconds
[2024-02-12T19:17:54.307+0000] {processor.py:161} INFO - Started process (PID=8892) to work on /home/airflow/.local/lib/python3.8/site-packages/airflow/example_dags/example_sla_dag.py
[2024-02-12T19:17:54.308+0000] {processor.py:830} INFO - Processing file /home/airflow/.local/lib/python3.8/site-packages/airflow/example_dags/example_sla_dag.py for tasks to queue
[2024-02-12T19:17:54.308+0000] {logging_mixin.py:188} INFO - [2024-02-12T19:17:54.308+0000] {dagbag.py:538} INFO - Filling up the DagBag from /home/airflow/.local/lib/python3.8/site-packages/airflow/example_dags/example_sla_dag.py
[2024-02-12T19:17:54.319+0000] {processor.py:840} INFO - DAG(s) 'example_sla_dag' retrieved from /home/airflow/.local/lib/python3.8/site-packages/airflow/example_dags/example_sla_dag.py
[2024-02-12T19:17:54.340+0000] {logging_mixin.py:188} INFO - [2024-02-12T19:17:54.340+0000] {dag.py:3036} INFO - Sync 1 DAGs
[2024-02-12T19:17:54.367+0000] {logging_mixin.py:188} INFO - [2024-02-12T19:17:54.367+0000] {dag.py:3823} INFO - Setting next_dagrun for example_sla_dag to 2024-02-12 19:14:00+00:00, run_after=2024-02-12 19:16:00+00:00
[2024-02-12T19:17:54.391+0000] {processor.py:183} INFO - Processing /home/airflow/.local/lib/python3.8/site-packages/airflow/example_dags/example_sla_dag.py took 0.087 seconds
[2024-02-12T19:18:24.584+0000] {processor.py:161} INFO - Started process (PID=9139) to work on /home/airflow/.local/lib/python3.8/site-packages/airflow/example_dags/example_sla_dag.py
[2024-02-12T19:18:24.585+0000] {processor.py:830} INFO - Processing file /home/airflow/.local/lib/python3.8/site-packages/airflow/example_dags/example_sla_dag.py for tasks to queue
[2024-02-12T19:18:24.586+0000] {logging_mixin.py:188} INFO - [2024-02-12T19:18:24.585+0000] {dagbag.py:538} INFO - Filling up the DagBag from /home/airflow/.local/lib/python3.8/site-packages/airflow/example_dags/example_sla_dag.py
[2024-02-12T19:18:24.596+0000] {processor.py:840} INFO - DAG(s) 'example_sla_dag' retrieved from /home/airflow/.local/lib/python3.8/site-packages/airflow/example_dags/example_sla_dag.py
[2024-02-12T19:18:24.617+0000] {logging_mixin.py:188} INFO - [2024-02-12T19:18:24.617+0000] {dag.py:3036} INFO - Sync 1 DAGs
[2024-02-12T19:18:24.646+0000] {logging_mixin.py:188} INFO - [2024-02-12T19:18:24.646+0000] {dag.py:3823} INFO - Setting next_dagrun for example_sla_dag to 2024-02-12 19:16:00+00:00, run_after=2024-02-12 19:18:00+00:00
[2024-02-12T19:18:24.668+0000] {processor.py:183} INFO - Processing /home/airflow/.local/lib/python3.8/site-packages/airflow/example_dags/example_sla_dag.py took 0.088 seconds
[2024-02-12T19:18:55.272+0000] {processor.py:161} INFO - Started process (PID=9389) to work on /home/airflow/.local/lib/python3.8/site-packages/airflow/example_dags/example_sla_dag.py
[2024-02-12T19:18:55.273+0000] {processor.py:830} INFO - Processing file /home/airflow/.local/lib/python3.8/site-packages/airflow/example_dags/example_sla_dag.py for tasks to queue
[2024-02-12T19:18:55.274+0000] {logging_mixin.py:188} INFO - [2024-02-12T19:18:55.273+0000] {dagbag.py:538} INFO - Filling up the DagBag from /home/airflow/.local/lib/python3.8/site-packages/airflow/example_dags/example_sla_dag.py
[2024-02-12T19:18:55.283+0000] {processor.py:840} INFO - DAG(s) 'example_sla_dag' retrieved from /home/airflow/.local/lib/python3.8/site-packages/airflow/example_dags/example_sla_dag.py
[2024-02-12T19:18:55.305+0000] {logging_mixin.py:188} INFO - [2024-02-12T19:18:55.305+0000] {dag.py:3036} INFO - Sync 1 DAGs
[2024-02-12T19:18:55.334+0000] {logging_mixin.py:188} INFO - [2024-02-12T19:18:55.334+0000] {dag.py:3823} INFO - Setting next_dagrun for example_sla_dag to 2024-02-12 19:16:00+00:00, run_after=2024-02-12 19:18:00+00:00
[2024-02-12T19:18:55.358+0000] {processor.py:183} INFO - Processing /home/airflow/.local/lib/python3.8/site-packages/airflow/example_dags/example_sla_dag.py took 0.089 seconds
[2024-02-12T19:19:25.757+0000] {processor.py:161} INFO - Started process (PID=9636) to work on /home/airflow/.local/lib/python3.8/site-packages/airflow/example_dags/example_sla_dag.py
[2024-02-12T19:19:25.758+0000] {processor.py:830} INFO - Processing file /home/airflow/.local/lib/python3.8/site-packages/airflow/example_dags/example_sla_dag.py for tasks to queue
[2024-02-12T19:19:25.759+0000] {logging_mixin.py:188} INFO - [2024-02-12T19:19:25.759+0000] {dagbag.py:538} INFO - Filling up the DagBag from /home/airflow/.local/lib/python3.8/site-packages/airflow/example_dags/example_sla_dag.py
[2024-02-12T19:19:25.769+0000] {processor.py:840} INFO - DAG(s) 'example_sla_dag' retrieved from /home/airflow/.local/lib/python3.8/site-packages/airflow/example_dags/example_sla_dag.py
[2024-02-12T19:19:25.792+0000] {logging_mixin.py:188} INFO - [2024-02-12T19:19:25.792+0000] {dag.py:3036} INFO - Sync 1 DAGs
[2024-02-12T19:19:25.824+0000] {logging_mixin.py:188} INFO - [2024-02-12T19:19:25.823+0000] {dag.py:3823} INFO - Setting next_dagrun for example_sla_dag to 2024-02-12 19:16:00+00:00, run_after=2024-02-12 19:18:00+00:00
[2024-02-12T19:19:25.847+0000] {processor.py:183} INFO - Processing /home/airflow/.local/lib/python3.8/site-packages/airflow/example_dags/example_sla_dag.py took 0.094 seconds
[2024-02-12T19:19:56.275+0000] {processor.py:161} INFO - Started process (PID=9881) to work on /home/airflow/.local/lib/python3.8/site-packages/airflow/example_dags/example_sla_dag.py
[2024-02-12T19:19:56.276+0000] {processor.py:830} INFO - Processing file /home/airflow/.local/lib/python3.8/site-packages/airflow/example_dags/example_sla_dag.py for tasks to queue
[2024-02-12T19:19:56.277+0000] {logging_mixin.py:188} INFO - [2024-02-12T19:19:56.277+0000] {dagbag.py:538} INFO - Filling up the DagBag from /home/airflow/.local/lib/python3.8/site-packages/airflow/example_dags/example_sla_dag.py
[2024-02-12T19:19:56.299+0000] {processor.py:840} INFO - DAG(s) 'example_sla_dag' retrieved from /home/airflow/.local/lib/python3.8/site-packages/airflow/example_dags/example_sla_dag.py
[2024-02-12T19:19:56.351+0000] {logging_mixin.py:188} INFO - [2024-02-12T19:19:56.350+0000] {dag.py:3036} INFO - Sync 1 DAGs
[2024-02-12T19:19:56.384+0000] {logging_mixin.py:188} INFO - [2024-02-12T19:19:56.384+0000] {dag.py:3823} INFO - Setting next_dagrun for example_sla_dag to 2024-02-12 19:16:00+00:00, run_after=2024-02-12 19:18:00+00:00
[2024-02-12T19:19:56.427+0000] {processor.py:183} INFO - Processing /home/airflow/.local/lib/python3.8/site-packages/airflow/example_dags/example_sla_dag.py took 0.160 seconds
[2024-02-12T19:20:26.839+0000] {processor.py:161} INFO - Started process (PID=10131) to work on /home/airflow/.local/lib/python3.8/site-packages/airflow/example_dags/example_sla_dag.py
[2024-02-12T19:20:26.841+0000] {processor.py:830} INFO - Processing file /home/airflow/.local/lib/python3.8/site-packages/airflow/example_dags/example_sla_dag.py for tasks to queue
[2024-02-12T19:20:26.842+0000] {logging_mixin.py:188} INFO - [2024-02-12T19:20:26.842+0000] {dagbag.py:538} INFO - Filling up the DagBag from /home/airflow/.local/lib/python3.8/site-packages/airflow/example_dags/example_sla_dag.py
[2024-02-12T19:20:26.852+0000] {processor.py:840} INFO - DAG(s) 'example_sla_dag' retrieved from /home/airflow/.local/lib/python3.8/site-packages/airflow/example_dags/example_sla_dag.py
[2024-02-12T19:20:26.885+0000] {logging_mixin.py:188} INFO - [2024-02-12T19:20:26.885+0000] {dag.py:3036} INFO - Sync 1 DAGs
[2024-02-12T19:20:26.916+0000] {logging_mixin.py:188} INFO - [2024-02-12T19:20:26.916+0000] {dag.py:3823} INFO - Setting next_dagrun for example_sla_dag to 2024-02-12 19:18:00+00:00, run_after=2024-02-12 19:20:00+00:00
[2024-02-12T19:20:26.942+0000] {processor.py:183} INFO - Processing /home/airflow/.local/lib/python3.8/site-packages/airflow/example_dags/example_sla_dag.py took 0.108 seconds
[2024-02-12T19:20:57.008+0000] {processor.py:161} INFO - Started process (PID=10379) to work on /home/airflow/.local/lib/python3.8/site-packages/airflow/example_dags/example_sla_dag.py
[2024-02-12T19:20:57.008+0000] {processor.py:830} INFO - Processing file /home/airflow/.local/lib/python3.8/site-packages/airflow/example_dags/example_sla_dag.py for tasks to queue
[2024-02-12T19:20:57.009+0000] {logging_mixin.py:188} INFO - [2024-02-12T19:20:57.009+0000] {dagbag.py:538} INFO - Filling up the DagBag from /home/airflow/.local/lib/python3.8/site-packages/airflow/example_dags/example_sla_dag.py
[2024-02-12T19:20:57.016+0000] {processor.py:840} INFO - DAG(s) 'example_sla_dag' retrieved from /home/airflow/.local/lib/python3.8/site-packages/airflow/example_dags/example_sla_dag.py
[2024-02-12T19:20:57.032+0000] {logging_mixin.py:188} INFO - [2024-02-12T19:20:57.032+0000] {dag.py:3036} INFO - Sync 1 DAGs
[2024-02-12T19:20:57.052+0000] {logging_mixin.py:188} INFO - [2024-02-12T19:20:57.052+0000] {dag.py:3823} INFO - Setting next_dagrun for example_sla_dag to 2024-02-12 19:18:00+00:00, run_after=2024-02-12 19:20:00+00:00
[2024-02-12T19:20:57.072+0000] {processor.py:183} INFO - Processing /home/airflow/.local/lib/python3.8/site-packages/airflow/example_dags/example_sla_dag.py took 0.067 seconds
[2024-02-12T19:21:27.753+0000] {processor.py:161} INFO - Started process (PID=10625) to work on /home/airflow/.local/lib/python3.8/site-packages/airflow/example_dags/example_sla_dag.py
[2024-02-12T19:21:27.754+0000] {processor.py:830} INFO - Processing file /home/airflow/.local/lib/python3.8/site-packages/airflow/example_dags/example_sla_dag.py for tasks to queue
[2024-02-12T19:21:27.755+0000] {logging_mixin.py:188} INFO - [2024-02-12T19:21:27.755+0000] {dagbag.py:538} INFO - Filling up the DagBag from /home/airflow/.local/lib/python3.8/site-packages/airflow/example_dags/example_sla_dag.py
[2024-02-12T19:21:27.765+0000] {processor.py:840} INFO - DAG(s) 'example_sla_dag' retrieved from /home/airflow/.local/lib/python3.8/site-packages/airflow/example_dags/example_sla_dag.py
[2024-02-12T19:21:27.805+0000] {logging_mixin.py:188} INFO - [2024-02-12T19:21:27.805+0000] {dag.py:3036} INFO - Sync 1 DAGs
[2024-02-12T19:21:27.838+0000] {logging_mixin.py:188} INFO - [2024-02-12T19:21:27.838+0000] {dag.py:3823} INFO - Setting next_dagrun for example_sla_dag to 2024-02-12 19:18:00+00:00, run_after=2024-02-12 19:20:00+00:00
[2024-02-12T19:21:27.862+0000] {processor.py:183} INFO - Processing /home/airflow/.local/lib/python3.8/site-packages/airflow/example_dags/example_sla_dag.py took 0.112 seconds
[2024-02-12T19:21:58.024+0000] {processor.py:161} INFO - Started process (PID=10874) to work on /home/airflow/.local/lib/python3.8/site-packages/airflow/example_dags/example_sla_dag.py
[2024-02-12T19:21:58.025+0000] {processor.py:830} INFO - Processing file /home/airflow/.local/lib/python3.8/site-packages/airflow/example_dags/example_sla_dag.py for tasks to queue
[2024-02-12T19:21:58.026+0000] {logging_mixin.py:188} INFO - [2024-02-12T19:21:58.025+0000] {dagbag.py:538} INFO - Filling up the DagBag from /home/airflow/.local/lib/python3.8/site-packages/airflow/example_dags/example_sla_dag.py
[2024-02-12T19:21:58.033+0000] {processor.py:840} INFO - DAG(s) 'example_sla_dag' retrieved from /home/airflow/.local/lib/python3.8/site-packages/airflow/example_dags/example_sla_dag.py
[2024-02-12T19:21:58.049+0000] {logging_mixin.py:188} INFO - [2024-02-12T19:21:58.049+0000] {dag.py:3036} INFO - Sync 1 DAGs
[2024-02-12T19:21:58.069+0000] {logging_mixin.py:188} INFO - [2024-02-12T19:21:58.069+0000] {dag.py:3823} INFO - Setting next_dagrun for example_sla_dag to 2024-02-12 19:18:00+00:00, run_after=2024-02-12 19:20:00+00:00
[2024-02-12T19:21:58.094+0000] {processor.py:183} INFO - Processing /home/airflow/.local/lib/python3.8/site-packages/airflow/example_dags/example_sla_dag.py took 0.072 seconds
[2024-02-12T19:22:28.533+0000] {processor.py:161} INFO - Started process (PID=11121) to work on /home/airflow/.local/lib/python3.8/site-packages/airflow/example_dags/example_sla_dag.py
[2024-02-12T19:22:28.534+0000] {processor.py:830} INFO - Processing file /home/airflow/.local/lib/python3.8/site-packages/airflow/example_dags/example_sla_dag.py for tasks to queue
[2024-02-12T19:22:28.535+0000] {logging_mixin.py:188} INFO - [2024-02-12T19:22:28.534+0000] {dagbag.py:538} INFO - Filling up the DagBag from /home/airflow/.local/lib/python3.8/site-packages/airflow/example_dags/example_sla_dag.py
[2024-02-12T19:22:28.544+0000] {processor.py:840} INFO - DAG(s) 'example_sla_dag' retrieved from /home/airflow/.local/lib/python3.8/site-packages/airflow/example_dags/example_sla_dag.py
[2024-02-12T19:22:28.567+0000] {logging_mixin.py:188} INFO - [2024-02-12T19:22:28.567+0000] {dag.py:3036} INFO - Sync 1 DAGs
[2024-02-12T19:22:28.597+0000] {logging_mixin.py:188} INFO - [2024-02-12T19:22:28.597+0000] {dag.py:3823} INFO - Setting next_dagrun for example_sla_dag to 2024-02-12 19:20:00+00:00, run_after=2024-02-12 19:22:00+00:00
[2024-02-12T19:22:28.626+0000] {processor.py:183} INFO - Processing /home/airflow/.local/lib/python3.8/site-packages/airflow/example_dags/example_sla_dag.py took 0.097 seconds
[2024-02-12T19:22:58.782+0000] {processor.py:161} INFO - Started process (PID=11368) to work on /home/airflow/.local/lib/python3.8/site-packages/airflow/example_dags/example_sla_dag.py
[2024-02-12T19:22:58.783+0000] {processor.py:830} INFO - Processing file /home/airflow/.local/lib/python3.8/site-packages/airflow/example_dags/example_sla_dag.py for tasks to queue
[2024-02-12T19:22:58.784+0000] {logging_mixin.py:188} INFO - [2024-02-12T19:22:58.784+0000] {dagbag.py:538} INFO - Filling up the DagBag from /home/airflow/.local/lib/python3.8/site-packages/airflow/example_dags/example_sla_dag.py
[2024-02-12T19:22:58.796+0000] {processor.py:840} INFO - DAG(s) 'example_sla_dag' retrieved from /home/airflow/.local/lib/python3.8/site-packages/airflow/example_dags/example_sla_dag.py
[2024-02-12T19:22:58.820+0000] {logging_mixin.py:188} INFO - [2024-02-12T19:22:58.820+0000] {dag.py:3036} INFO - Sync 1 DAGs
[2024-02-12T19:22:58.870+0000] {logging_mixin.py:188} INFO - [2024-02-12T19:22:58.870+0000] {dag.py:3823} INFO - Setting next_dagrun for example_sla_dag to 2024-02-12 19:20:00+00:00, run_after=2024-02-12 19:22:00+00:00
[2024-02-12T19:22:58.894+0000] {processor.py:183} INFO - Processing /home/airflow/.local/lib/python3.8/site-packages/airflow/example_dags/example_sla_dag.py took 0.115 seconds
[2024-02-12T19:23:29.252+0000] {processor.py:161} INFO - Started process (PID=11615) to work on /home/airflow/.local/lib/python3.8/site-packages/airflow/example_dags/example_sla_dag.py
[2024-02-12T19:23:29.252+0000] {processor.py:830} INFO - Processing file /home/airflow/.local/lib/python3.8/site-packages/airflow/example_dags/example_sla_dag.py for tasks to queue
[2024-02-12T19:23:29.253+0000] {logging_mixin.py:188} INFO - [2024-02-12T19:23:29.253+0000] {dagbag.py:538} INFO - Filling up the DagBag from /home/airflow/.local/lib/python3.8/site-packages/airflow/example_dags/example_sla_dag.py
[2024-02-12T19:23:29.260+0000] {processor.py:840} INFO - DAG(s) 'example_sla_dag' retrieved from /home/airflow/.local/lib/python3.8/site-packages/airflow/example_dags/example_sla_dag.py
[2024-02-12T19:23:29.276+0000] {logging_mixin.py:188} INFO - [2024-02-12T19:23:29.276+0000] {dag.py:3036} INFO - Sync 1 DAGs
[2024-02-12T19:23:29.295+0000] {logging_mixin.py:188} INFO - [2024-02-12T19:23:29.295+0000] {dag.py:3823} INFO - Setting next_dagrun for example_sla_dag to 2024-02-12 19:20:00+00:00, run_after=2024-02-12 19:22:00+00:00
[2024-02-12T19:23:29.315+0000] {processor.py:183} INFO - Processing /home/airflow/.local/lib/python3.8/site-packages/airflow/example_dags/example_sla_dag.py took 0.066 seconds
[2024-02-12T19:23:59.739+0000] {processor.py:161} INFO - Started process (PID=11860) to work on /home/airflow/.local/lib/python3.8/site-packages/airflow/example_dags/example_sla_dag.py
[2024-02-12T19:23:59.740+0000] {processor.py:830} INFO - Processing file /home/airflow/.local/lib/python3.8/site-packages/airflow/example_dags/example_sla_dag.py for tasks to queue
[2024-02-12T19:23:59.741+0000] {logging_mixin.py:188} INFO - [2024-02-12T19:23:59.741+0000] {dagbag.py:538} INFO - Filling up the DagBag from /home/airflow/.local/lib/python3.8/site-packages/airflow/example_dags/example_sla_dag.py
[2024-02-12T19:23:59.752+0000] {processor.py:840} INFO - DAG(s) 'example_sla_dag' retrieved from /home/airflow/.local/lib/python3.8/site-packages/airflow/example_dags/example_sla_dag.py
[2024-02-12T19:23:59.779+0000] {logging_mixin.py:188} INFO - [2024-02-12T19:23:59.779+0000] {dag.py:3036} INFO - Sync 1 DAGs
[2024-02-12T19:23:59.811+0000] {logging_mixin.py:188} INFO - [2024-02-12T19:23:59.810+0000] {dag.py:3823} INFO - Setting next_dagrun for example_sla_dag to 2024-02-12 19:20:00+00:00, run_after=2024-02-12 19:22:00+00:00
[2024-02-12T19:23:59.835+0000] {processor.py:183} INFO - Processing /home/airflow/.local/lib/python3.8/site-packages/airflow/example_dags/example_sla_dag.py took 0.099 seconds
[2024-02-12T19:24:30.123+0000] {processor.py:161} INFO - Started process (PID=12107) to work on /home/airflow/.local/lib/python3.8/site-packages/airflow/example_dags/example_sla_dag.py
[2024-02-12T19:24:30.124+0000] {processor.py:830} INFO - Processing file /home/airflow/.local/lib/python3.8/site-packages/airflow/example_dags/example_sla_dag.py for tasks to queue
[2024-02-12T19:24:30.125+0000] {logging_mixin.py:188} INFO - [2024-02-12T19:24:30.125+0000] {dagbag.py:538} INFO - Filling up the DagBag from /home/airflow/.local/lib/python3.8/site-packages/airflow/example_dags/example_sla_dag.py
[2024-02-12T19:24:30.136+0000] {processor.py:840} INFO - DAG(s) 'example_sla_dag' retrieved from /home/airflow/.local/lib/python3.8/site-packages/airflow/example_dags/example_sla_dag.py
[2024-02-12T19:24:30.156+0000] {logging_mixin.py:188} INFO - [2024-02-12T19:24:30.156+0000] {dag.py:3036} INFO - Sync 1 DAGs
[2024-02-12T19:24:30.187+0000] {logging_mixin.py:188} INFO - [2024-02-12T19:24:30.187+0000] {dag.py:3823} INFO - Setting next_dagrun for example_sla_dag to 2024-02-12 19:22:00+00:00, run_after=2024-02-12 19:24:00+00:00
[2024-02-12T19:24:30.213+0000] {processor.py:183} INFO - Processing /home/airflow/.local/lib/python3.8/site-packages/airflow/example_dags/example_sla_dag.py took 0.092 seconds
[2024-02-12T19:25:00.305+0000] {processor.py:161} INFO - Started process (PID=12355) to work on /home/airflow/.local/lib/python3.8/site-packages/airflow/example_dags/example_sla_dag.py
[2024-02-12T19:25:00.306+0000] {processor.py:830} INFO - Processing file /home/airflow/.local/lib/python3.8/site-packages/airflow/example_dags/example_sla_dag.py for tasks to queue
[2024-02-12T19:25:00.307+0000] {logging_mixin.py:188} INFO - [2024-02-12T19:25:00.307+0000] {dagbag.py:538} INFO - Filling up the DagBag from /home/airflow/.local/lib/python3.8/site-packages/airflow/example_dags/example_sla_dag.py
[2024-02-12T19:25:00.314+0000] {processor.py:840} INFO - DAG(s) 'example_sla_dag' retrieved from /home/airflow/.local/lib/python3.8/site-packages/airflow/example_dags/example_sla_dag.py
[2024-02-12T19:25:00.336+0000] {logging_mixin.py:188} INFO - [2024-02-12T19:25:00.336+0000] {dag.py:3036} INFO - Sync 1 DAGs
[2024-02-12T19:25:00.364+0000] {logging_mixin.py:188} INFO - [2024-02-12T19:25:00.364+0000] {dag.py:3823} INFO - Setting next_dagrun for example_sla_dag to 2024-02-12 19:22:00+00:00, run_after=2024-02-12 19:24:00+00:00
[2024-02-12T19:25:00.390+0000] {processor.py:183} INFO - Processing /home/airflow/.local/lib/python3.8/site-packages/airflow/example_dags/example_sla_dag.py took 0.088 seconds
[2024-02-12T19:25:31.308+0000] {processor.py:161} INFO - Started process (PID=12599) to work on /home/airflow/.local/lib/python3.8/site-packages/airflow/example_dags/example_sla_dag.py
[2024-02-12T19:25:31.309+0000] {processor.py:830} INFO - Processing file /home/airflow/.local/lib/python3.8/site-packages/airflow/example_dags/example_sla_dag.py for tasks to queue
[2024-02-12T19:25:31.314+0000] {logging_mixin.py:188} INFO - [2024-02-12T19:25:31.310+0000] {dagbag.py:538} INFO - Filling up the DagBag from /home/airflow/.local/lib/python3.8/site-packages/airflow/example_dags/example_sla_dag.py
[2024-02-12T19:25:31.343+0000] {processor.py:840} INFO - DAG(s) 'example_sla_dag' retrieved from /home/airflow/.local/lib/python3.8/site-packages/airflow/example_dags/example_sla_dag.py
[2024-02-12T19:25:31.357+0000] {logging_mixin.py:188} INFO - [2024-02-12T19:25:31.357+0000] {dag.py:3036} INFO - Sync 1 DAGs
[2024-02-12T19:25:31.389+0000] {logging_mixin.py:188} INFO - [2024-02-12T19:25:31.389+0000] {dag.py:3823} INFO - Setting next_dagrun for example_sla_dag to 2024-02-12 19:22:00+00:00, run_after=2024-02-12 19:24:00+00:00
[2024-02-12T19:25:31.432+0000] {processor.py:183} INFO - Processing /home/airflow/.local/lib/python3.8/site-packages/airflow/example_dags/example_sla_dag.py took 0.129 seconds
[2024-02-12T19:26:02.925+0000] {processor.py:161} INFO - Started process (PID=12848) to work on /home/airflow/.local/lib/python3.8/site-packages/airflow/example_dags/example_sla_dag.py
[2024-02-12T19:26:02.926+0000] {processor.py:830} INFO - Processing file /home/airflow/.local/lib/python3.8/site-packages/airflow/example_dags/example_sla_dag.py for tasks to queue
[2024-02-12T19:26:02.927+0000] {logging_mixin.py:188} INFO - [2024-02-12T19:26:02.926+0000] {dagbag.py:538} INFO - Filling up the DagBag from /home/airflow/.local/lib/python3.8/site-packages/airflow/example_dags/example_sla_dag.py
[2024-02-12T19:26:02.936+0000] {processor.py:840} INFO - DAG(s) 'example_sla_dag' retrieved from /home/airflow/.local/lib/python3.8/site-packages/airflow/example_dags/example_sla_dag.py
[2024-02-12T19:26:03.233+0000] {logging_mixin.py:188} INFO - [2024-02-12T19:26:03.233+0000] {dag.py:3036} INFO - Sync 1 DAGs
[2024-02-12T19:26:03.283+0000] {logging_mixin.py:188} INFO - [2024-02-12T19:26:03.283+0000] {dag.py:3823} INFO - Setting next_dagrun for example_sla_dag to 2024-02-12 19:24:00+00:00, run_after=2024-02-12 19:26:00+00:00
[2024-02-12T19:26:03.337+0000] {processor.py:183} INFO - Processing /home/airflow/.local/lib/python3.8/site-packages/airflow/example_dags/example_sla_dag.py took 0.416 seconds
