[2024-02-12T19:00:16.061+0000] {processor.py:161} INFO - Started process (PID=336) to work on /home/airflow/.local/lib/python3.8/site-packages/airflow/example_dags/example_complex.py
[2024-02-12T19:00:16.073+0000] {processor.py:830} INFO - Processing file /home/airflow/.local/lib/python3.8/site-packages/airflow/example_dags/example_complex.py for tasks to queue
[2024-02-12T19:00:16.074+0000] {logging_mixin.py:188} INFO - [2024-02-12T19:00:16.074+0000] {dagbag.py:538} INFO - Filling up the DagBag from /home/airflow/.local/lib/python3.8/site-packages/airflow/example_dags/example_complex.py
[2024-02-12T19:00:16.141+0000] {processor.py:840} INFO - DAG(s) 'example_complex' retrieved from /home/airflow/.local/lib/python3.8/site-packages/airflow/example_dags/example_complex.py
[2024-02-12T19:00:16.743+0000] {logging_mixin.py:188} INFO - [2024-02-12T19:00:16.743+0000] {dag.py:3036} INFO - Sync 1 DAGs
[2024-02-12T19:00:16.765+0000] {logging_mixin.py:188} INFO - [2024-02-12T19:00:16.765+0000] {dag.py:3823} INFO - Setting next_dagrun for example_complex to None, run_after=None
[2024-02-12T19:00:16.813+0000] {processor.py:183} INFO - Processing /home/airflow/.local/lib/python3.8/site-packages/airflow/example_dags/example_complex.py took 0.760 seconds
[2024-02-12T19:00:47.092+0000] {processor.py:161} INFO - Started process (PID=583) to work on /home/airflow/.local/lib/python3.8/site-packages/airflow/example_dags/example_complex.py
[2024-02-12T19:00:47.093+0000] {processor.py:830} INFO - Processing file /home/airflow/.local/lib/python3.8/site-packages/airflow/example_dags/example_complex.py for tasks to queue
[2024-02-12T19:00:47.094+0000] {logging_mixin.py:188} INFO - [2024-02-12T19:00:47.094+0000] {dagbag.py:538} INFO - Filling up the DagBag from /home/airflow/.local/lib/python3.8/site-packages/airflow/example_dags/example_complex.py
[2024-02-12T19:00:47.108+0000] {processor.py:840} INFO - DAG(s) 'example_complex' retrieved from /home/airflow/.local/lib/python3.8/site-packages/airflow/example_dags/example_complex.py
[2024-02-12T19:00:47.146+0000] {logging_mixin.py:188} INFO - [2024-02-12T19:00:47.146+0000] {dag.py:3036} INFO - Sync 1 DAGs
[2024-02-12T19:00:47.158+0000] {logging_mixin.py:188} INFO - [2024-02-12T19:00:47.158+0000] {dag.py:3823} INFO - Setting next_dagrun for example_complex to None, run_after=None
[2024-02-12T19:00:47.183+0000] {processor.py:183} INFO - Processing /home/airflow/.local/lib/python3.8/site-packages/airflow/example_dags/example_complex.py took 0.094 seconds
[2024-02-12T19:01:17.318+0000] {processor.py:161} INFO - Started process (PID=830) to work on /home/airflow/.local/lib/python3.8/site-packages/airflow/example_dags/example_complex.py
[2024-02-12T19:01:17.319+0000] {processor.py:830} INFO - Processing file /home/airflow/.local/lib/python3.8/site-packages/airflow/example_dags/example_complex.py for tasks to queue
[2024-02-12T19:01:17.320+0000] {logging_mixin.py:188} INFO - [2024-02-12T19:01:17.319+0000] {dagbag.py:538} INFO - Filling up the DagBag from /home/airflow/.local/lib/python3.8/site-packages/airflow/example_dags/example_complex.py
[2024-02-12T19:01:17.335+0000] {processor.py:840} INFO - DAG(s) 'example_complex' retrieved from /home/airflow/.local/lib/python3.8/site-packages/airflow/example_dags/example_complex.py
[2024-02-12T19:01:17.372+0000] {logging_mixin.py:188} INFO - [2024-02-12T19:01:17.371+0000] {dag.py:3036} INFO - Sync 1 DAGs
[2024-02-12T19:01:17.389+0000] {logging_mixin.py:188} INFO - [2024-02-12T19:01:17.389+0000] {dag.py:3823} INFO - Setting next_dagrun for example_complex to None, run_after=None
[2024-02-12T19:01:17.413+0000] {processor.py:183} INFO - Processing /home/airflow/.local/lib/python3.8/site-packages/airflow/example_dags/example_complex.py took 0.099 seconds
[2024-02-12T19:01:47.790+0000] {processor.py:161} INFO - Started process (PID=1077) to work on /home/airflow/.local/lib/python3.8/site-packages/airflow/example_dags/example_complex.py
[2024-02-12T19:01:47.790+0000] {processor.py:830} INFO - Processing file /home/airflow/.local/lib/python3.8/site-packages/airflow/example_dags/example_complex.py for tasks to queue
[2024-02-12T19:01:47.791+0000] {logging_mixin.py:188} INFO - [2024-02-12T19:01:47.791+0000] {dagbag.py:538} INFO - Filling up the DagBag from /home/airflow/.local/lib/python3.8/site-packages/airflow/example_dags/example_complex.py
[2024-02-12T19:01:47.806+0000] {processor.py:840} INFO - DAG(s) 'example_complex' retrieved from /home/airflow/.local/lib/python3.8/site-packages/airflow/example_dags/example_complex.py
[2024-02-12T19:01:47.842+0000] {logging_mixin.py:188} INFO - [2024-02-12T19:01:47.842+0000] {dag.py:3036} INFO - Sync 1 DAGs
[2024-02-12T19:01:47.860+0000] {logging_mixin.py:188} INFO - [2024-02-12T19:01:47.860+0000] {dag.py:3823} INFO - Setting next_dagrun for example_complex to None, run_after=None
[2024-02-12T19:01:47.883+0000] {processor.py:183} INFO - Processing /home/airflow/.local/lib/python3.8/site-packages/airflow/example_dags/example_complex.py took 0.097 seconds
[2024-02-12T19:02:18.197+0000] {processor.py:161} INFO - Started process (PID=1324) to work on /home/airflow/.local/lib/python3.8/site-packages/airflow/example_dags/example_complex.py
[2024-02-12T19:02:18.198+0000] {processor.py:830} INFO - Processing file /home/airflow/.local/lib/python3.8/site-packages/airflow/example_dags/example_complex.py for tasks to queue
[2024-02-12T19:02:18.199+0000] {logging_mixin.py:188} INFO - [2024-02-12T19:02:18.198+0000] {dagbag.py:538} INFO - Filling up the DagBag from /home/airflow/.local/lib/python3.8/site-packages/airflow/example_dags/example_complex.py
[2024-02-12T19:02:18.213+0000] {processor.py:840} INFO - DAG(s) 'example_complex' retrieved from /home/airflow/.local/lib/python3.8/site-packages/airflow/example_dags/example_complex.py
[2024-02-12T19:02:18.252+0000] {logging_mixin.py:188} INFO - [2024-02-12T19:02:18.252+0000] {dag.py:3036} INFO - Sync 1 DAGs
[2024-02-12T19:02:18.269+0000] {logging_mixin.py:188} INFO - [2024-02-12T19:02:18.268+0000] {dag.py:3823} INFO - Setting next_dagrun for example_complex to None, run_after=None
[2024-02-12T19:02:18.290+0000] {processor.py:183} INFO - Processing /home/airflow/.local/lib/python3.8/site-packages/airflow/example_dags/example_complex.py took 0.098 seconds
[2024-02-12T19:02:48.741+0000] {processor.py:161} INFO - Started process (PID=1572) to work on /home/airflow/.local/lib/python3.8/site-packages/airflow/example_dags/example_complex.py
[2024-02-12T19:02:48.742+0000] {processor.py:830} INFO - Processing file /home/airflow/.local/lib/python3.8/site-packages/airflow/example_dags/example_complex.py for tasks to queue
[2024-02-12T19:02:48.743+0000] {logging_mixin.py:188} INFO - [2024-02-12T19:02:48.742+0000] {dagbag.py:538} INFO - Filling up the DagBag from /home/airflow/.local/lib/python3.8/site-packages/airflow/example_dags/example_complex.py
[2024-02-12T19:02:48.757+0000] {processor.py:840} INFO - DAG(s) 'example_complex' retrieved from /home/airflow/.local/lib/python3.8/site-packages/airflow/example_dags/example_complex.py
[2024-02-12T19:02:48.792+0000] {logging_mixin.py:188} INFO - [2024-02-12T19:02:48.792+0000] {dag.py:3036} INFO - Sync 1 DAGs
[2024-02-12T19:02:48.806+0000] {logging_mixin.py:188} INFO - [2024-02-12T19:02:48.806+0000] {dag.py:3823} INFO - Setting next_dagrun for example_complex to None, run_after=None
[2024-02-12T19:02:48.838+0000] {processor.py:183} INFO - Processing /home/airflow/.local/lib/python3.8/site-packages/airflow/example_dags/example_complex.py took 0.100 seconds
[2024-02-12T19:03:19.119+0000] {processor.py:161} INFO - Started process (PID=1819) to work on /home/airflow/.local/lib/python3.8/site-packages/airflow/example_dags/example_complex.py
[2024-02-12T19:03:19.121+0000] {processor.py:830} INFO - Processing file /home/airflow/.local/lib/python3.8/site-packages/airflow/example_dags/example_complex.py for tasks to queue
[2024-02-12T19:03:19.122+0000] {logging_mixin.py:188} INFO - [2024-02-12T19:03:19.121+0000] {dagbag.py:538} INFO - Filling up the DagBag from /home/airflow/.local/lib/python3.8/site-packages/airflow/example_dags/example_complex.py
[2024-02-12T19:03:19.137+0000] {processor.py:840} INFO - DAG(s) 'example_complex' retrieved from /home/airflow/.local/lib/python3.8/site-packages/airflow/example_dags/example_complex.py
[2024-02-12T19:03:19.173+0000] {logging_mixin.py:188} INFO - [2024-02-12T19:03:19.173+0000] {dag.py:3036} INFO - Sync 1 DAGs
[2024-02-12T19:03:19.187+0000] {logging_mixin.py:188} INFO - [2024-02-12T19:03:19.187+0000] {dag.py:3823} INFO - Setting next_dagrun for example_complex to None, run_after=None
[2024-02-12T19:03:19.209+0000] {processor.py:183} INFO - Processing /home/airflow/.local/lib/python3.8/site-packages/airflow/example_dags/example_complex.py took 0.100 seconds
[2024-02-12T19:03:49.967+0000] {processor.py:161} INFO - Started process (PID=2067) to work on /home/airflow/.local/lib/python3.8/site-packages/airflow/example_dags/example_complex.py
[2024-02-12T19:03:49.968+0000] {processor.py:830} INFO - Processing file /home/airflow/.local/lib/python3.8/site-packages/airflow/example_dags/example_complex.py for tasks to queue
[2024-02-12T19:03:49.969+0000] {logging_mixin.py:188} INFO - [2024-02-12T19:03:49.968+0000] {dagbag.py:538} INFO - Filling up the DagBag from /home/airflow/.local/lib/python3.8/site-packages/airflow/example_dags/example_complex.py
[2024-02-12T19:03:49.984+0000] {processor.py:840} INFO - DAG(s) 'example_complex' retrieved from /home/airflow/.local/lib/python3.8/site-packages/airflow/example_dags/example_complex.py
[2024-02-12T19:03:50.022+0000] {logging_mixin.py:188} INFO - [2024-02-12T19:03:50.022+0000] {dag.py:3036} INFO - Sync 1 DAGs
[2024-02-12T19:03:50.033+0000] {logging_mixin.py:188} INFO - [2024-02-12T19:03:50.033+0000] {dag.py:3823} INFO - Setting next_dagrun for example_complex to None, run_after=None
[2024-02-12T19:03:50.065+0000] {processor.py:183} INFO - Processing /home/airflow/.local/lib/python3.8/site-packages/airflow/example_dags/example_complex.py took 0.100 seconds
[2024-02-12T19:04:20.730+0000] {processor.py:161} INFO - Started process (PID=2334) to work on /home/airflow/.local/lib/python3.8/site-packages/airflow/example_dags/example_complex.py
[2024-02-12T19:04:20.731+0000] {processor.py:830} INFO - Processing file /home/airflow/.local/lib/python3.8/site-packages/airflow/example_dags/example_complex.py for tasks to queue
[2024-02-12T19:04:20.732+0000] {logging_mixin.py:188} INFO - [2024-02-12T19:04:20.732+0000] {dagbag.py:538} INFO - Filling up the DagBag from /home/airflow/.local/lib/python3.8/site-packages/airflow/example_dags/example_complex.py
[2024-02-12T19:04:20.748+0000] {processor.py:840} INFO - DAG(s) 'example_complex' retrieved from /home/airflow/.local/lib/python3.8/site-packages/airflow/example_dags/example_complex.py
[2024-02-12T19:04:20.786+0000] {logging_mixin.py:188} INFO - [2024-02-12T19:04:20.786+0000] {dag.py:3036} INFO - Sync 1 DAGs
[2024-02-12T19:04:20.800+0000] {logging_mixin.py:188} INFO - [2024-02-12T19:04:20.800+0000] {dag.py:3823} INFO - Setting next_dagrun for example_complex to None, run_after=None
[2024-02-12T19:04:20.824+0000] {processor.py:183} INFO - Processing /home/airflow/.local/lib/python3.8/site-packages/airflow/example_dags/example_complex.py took 0.098 seconds
[2024-02-12T19:04:51.379+0000] {processor.py:161} INFO - Started process (PID=2585) to work on /home/airflow/.local/lib/python3.8/site-packages/airflow/example_dags/example_complex.py
[2024-02-12T19:04:51.380+0000] {processor.py:830} INFO - Processing file /home/airflow/.local/lib/python3.8/site-packages/airflow/example_dags/example_complex.py for tasks to queue
[2024-02-12T19:04:51.381+0000] {logging_mixin.py:188} INFO - [2024-02-12T19:04:51.381+0000] {dagbag.py:538} INFO - Filling up the DagBag from /home/airflow/.local/lib/python3.8/site-packages/airflow/example_dags/example_complex.py
[2024-02-12T19:04:51.397+0000] {processor.py:840} INFO - DAG(s) 'example_complex' retrieved from /home/airflow/.local/lib/python3.8/site-packages/airflow/example_dags/example_complex.py
[2024-02-12T19:04:51.431+0000] {logging_mixin.py:188} INFO - [2024-02-12T19:04:51.430+0000] {dag.py:3036} INFO - Sync 1 DAGs
[2024-02-12T19:04:51.446+0000] {logging_mixin.py:188} INFO - [2024-02-12T19:04:51.446+0000] {dag.py:3823} INFO - Setting next_dagrun for example_complex to None, run_after=None
[2024-02-12T19:04:51.469+0000] {processor.py:183} INFO - Processing /home/airflow/.local/lib/python3.8/site-packages/airflow/example_dags/example_complex.py took 0.094 seconds
[2024-02-12T19:05:21.936+0000] {processor.py:161} INFO - Started process (PID=2832) to work on /home/airflow/.local/lib/python3.8/site-packages/airflow/example_dags/example_complex.py
[2024-02-12T19:05:21.937+0000] {processor.py:830} INFO - Processing file /home/airflow/.local/lib/python3.8/site-packages/airflow/example_dags/example_complex.py for tasks to queue
[2024-02-12T19:05:21.938+0000] {logging_mixin.py:188} INFO - [2024-02-12T19:05:21.938+0000] {dagbag.py:538} INFO - Filling up the DagBag from /home/airflow/.local/lib/python3.8/site-packages/airflow/example_dags/example_complex.py
[2024-02-12T19:05:21.957+0000] {processor.py:840} INFO - DAG(s) 'example_complex' retrieved from /home/airflow/.local/lib/python3.8/site-packages/airflow/example_dags/example_complex.py
[2024-02-12T19:05:21.991+0000] {logging_mixin.py:188} INFO - [2024-02-12T19:05:21.991+0000] {dag.py:3036} INFO - Sync 1 DAGs
[2024-02-12T19:05:22.005+0000] {logging_mixin.py:188} INFO - [2024-02-12T19:05:22.005+0000] {dag.py:3823} INFO - Setting next_dagrun for example_complex to None, run_after=None
[2024-02-12T19:05:22.028+0000] {processor.py:183} INFO - Processing /home/airflow/.local/lib/python3.8/site-packages/airflow/example_dags/example_complex.py took 0.096 seconds
[2024-02-12T19:05:52.676+0000] {processor.py:161} INFO - Started process (PID=3079) to work on /home/airflow/.local/lib/python3.8/site-packages/airflow/example_dags/example_complex.py
[2024-02-12T19:05:52.677+0000] {processor.py:830} INFO - Processing file /home/airflow/.local/lib/python3.8/site-packages/airflow/example_dags/example_complex.py for tasks to queue
[2024-02-12T19:05:52.678+0000] {logging_mixin.py:188} INFO - [2024-02-12T19:05:52.678+0000] {dagbag.py:538} INFO - Filling up the DagBag from /home/airflow/.local/lib/python3.8/site-packages/airflow/example_dags/example_complex.py
[2024-02-12T19:05:52.693+0000] {processor.py:840} INFO - DAG(s) 'example_complex' retrieved from /home/airflow/.local/lib/python3.8/site-packages/airflow/example_dags/example_complex.py
[2024-02-12T19:05:52.733+0000] {logging_mixin.py:188} INFO - [2024-02-12T19:05:52.733+0000] {dag.py:3036} INFO - Sync 1 DAGs
[2024-02-12T19:05:52.748+0000] {logging_mixin.py:188} INFO - [2024-02-12T19:05:52.748+0000] {dag.py:3823} INFO - Setting next_dagrun for example_complex to None, run_after=None
[2024-02-12T19:05:52.770+0000] {processor.py:183} INFO - Processing /home/airflow/.local/lib/python3.8/site-packages/airflow/example_dags/example_complex.py took 0.098 seconds
[2024-02-12T19:06:23.547+0000] {processor.py:161} INFO - Started process (PID=3327) to work on /home/airflow/.local/lib/python3.8/site-packages/airflow/example_dags/example_complex.py
[2024-02-12T19:06:23.548+0000] {processor.py:830} INFO - Processing file /home/airflow/.local/lib/python3.8/site-packages/airflow/example_dags/example_complex.py for tasks to queue
[2024-02-12T19:06:23.550+0000] {logging_mixin.py:188} INFO - [2024-02-12T19:06:23.549+0000] {dagbag.py:538} INFO - Filling up the DagBag from /home/airflow/.local/lib/python3.8/site-packages/airflow/example_dags/example_complex.py
[2024-02-12T19:06:23.565+0000] {processor.py:840} INFO - DAG(s) 'example_complex' retrieved from /home/airflow/.local/lib/python3.8/site-packages/airflow/example_dags/example_complex.py
[2024-02-12T19:06:23.605+0000] {logging_mixin.py:188} INFO - [2024-02-12T19:06:23.604+0000] {dag.py:3036} INFO - Sync 1 DAGs
[2024-02-12T19:06:23.620+0000] {logging_mixin.py:188} INFO - [2024-02-12T19:06:23.619+0000] {dag.py:3823} INFO - Setting next_dagrun for example_complex to None, run_after=None
[2024-02-12T19:06:23.648+0000] {processor.py:183} INFO - Processing /home/airflow/.local/lib/python3.8/site-packages/airflow/example_dags/example_complex.py took 0.104 seconds
[2024-02-12T19:06:53.841+0000] {processor.py:161} INFO - Started process (PID=3574) to work on /home/airflow/.local/lib/python3.8/site-packages/airflow/example_dags/example_complex.py
[2024-02-12T19:06:53.842+0000] {processor.py:830} INFO - Processing file /home/airflow/.local/lib/python3.8/site-packages/airflow/example_dags/example_complex.py for tasks to queue
[2024-02-12T19:06:53.843+0000] {logging_mixin.py:188} INFO - [2024-02-12T19:06:53.843+0000] {dagbag.py:538} INFO - Filling up the DagBag from /home/airflow/.local/lib/python3.8/site-packages/airflow/example_dags/example_complex.py
[2024-02-12T19:06:53.858+0000] {processor.py:840} INFO - DAG(s) 'example_complex' retrieved from /home/airflow/.local/lib/python3.8/site-packages/airflow/example_dags/example_complex.py
[2024-02-12T19:06:53.898+0000] {logging_mixin.py:188} INFO - [2024-02-12T19:06:53.898+0000] {dag.py:3036} INFO - Sync 1 DAGs
[2024-02-12T19:06:53.913+0000] {logging_mixin.py:188} INFO - [2024-02-12T19:06:53.913+0000] {dag.py:3823} INFO - Setting next_dagrun for example_complex to None, run_after=None
[2024-02-12T19:06:53.934+0000] {processor.py:183} INFO - Processing /home/airflow/.local/lib/python3.8/site-packages/airflow/example_dags/example_complex.py took 0.096 seconds
[2024-02-12T19:07:24.253+0000] {processor.py:161} INFO - Started process (PID=3822) to work on /home/airflow/.local/lib/python3.8/site-packages/airflow/example_dags/example_complex.py
[2024-02-12T19:07:24.254+0000] {processor.py:830} INFO - Processing file /home/airflow/.local/lib/python3.8/site-packages/airflow/example_dags/example_complex.py for tasks to queue
[2024-02-12T19:07:24.255+0000] {logging_mixin.py:188} INFO - [2024-02-12T19:07:24.254+0000] {dagbag.py:538} INFO - Filling up the DagBag from /home/airflow/.local/lib/python3.8/site-packages/airflow/example_dags/example_complex.py
[2024-02-12T19:07:24.267+0000] {processor.py:840} INFO - DAG(s) 'example_complex' retrieved from /home/airflow/.local/lib/python3.8/site-packages/airflow/example_dags/example_complex.py
[2024-02-12T19:07:24.312+0000] {logging_mixin.py:188} INFO - [2024-02-12T19:07:24.312+0000] {dag.py:3036} INFO - Sync 1 DAGs
[2024-02-12T19:07:24.325+0000] {logging_mixin.py:188} INFO - [2024-02-12T19:07:24.324+0000] {dag.py:3823} INFO - Setting next_dagrun for example_complex to None, run_after=None
[2024-02-12T19:07:24.348+0000] {processor.py:183} INFO - Processing /home/airflow/.local/lib/python3.8/site-packages/airflow/example_dags/example_complex.py took 0.099 seconds
[2024-02-12T19:07:55.446+0000] {processor.py:161} INFO - Started process (PID=4069) to work on /home/airflow/.local/lib/python3.8/site-packages/airflow/example_dags/example_complex.py
[2024-02-12T19:07:55.447+0000] {processor.py:830} INFO - Processing file /home/airflow/.local/lib/python3.8/site-packages/airflow/example_dags/example_complex.py for tasks to queue
[2024-02-12T19:07:55.448+0000] {logging_mixin.py:188} INFO - [2024-02-12T19:07:55.448+0000] {dagbag.py:538} INFO - Filling up the DagBag from /home/airflow/.local/lib/python3.8/site-packages/airflow/example_dags/example_complex.py
[2024-02-12T19:07:55.465+0000] {processor.py:840} INFO - DAG(s) 'example_complex' retrieved from /home/airflow/.local/lib/python3.8/site-packages/airflow/example_dags/example_complex.py
[2024-02-12T19:07:55.510+0000] {logging_mixin.py:188} INFO - [2024-02-12T19:07:55.510+0000] {dag.py:3036} INFO - Sync 1 DAGs
[2024-02-12T19:07:55.524+0000] {logging_mixin.py:188} INFO - [2024-02-12T19:07:55.524+0000] {dag.py:3823} INFO - Setting next_dagrun for example_complex to None, run_after=None
[2024-02-12T19:07:55.557+0000] {processor.py:183} INFO - Processing /home/airflow/.local/lib/python3.8/site-packages/airflow/example_dags/example_complex.py took 0.115 seconds
[2024-02-12T19:08:26.343+0000] {processor.py:161} INFO - Started process (PID=4319) to work on /home/airflow/.local/lib/python3.8/site-packages/airflow/example_dags/example_complex.py
[2024-02-12T19:08:26.344+0000] {processor.py:830} INFO - Processing file /home/airflow/.local/lib/python3.8/site-packages/airflow/example_dags/example_complex.py for tasks to queue
[2024-02-12T19:08:26.344+0000] {logging_mixin.py:188} INFO - [2024-02-12T19:08:26.344+0000] {dagbag.py:538} INFO - Filling up the DagBag from /home/airflow/.local/lib/python3.8/site-packages/airflow/example_dags/example_complex.py
[2024-02-12T19:08:26.354+0000] {processor.py:840} INFO - DAG(s) 'example_complex' retrieved from /home/airflow/.local/lib/python3.8/site-packages/airflow/example_dags/example_complex.py
[2024-02-12T19:08:26.379+0000] {logging_mixin.py:188} INFO - [2024-02-12T19:08:26.379+0000] {dag.py:3036} INFO - Sync 1 DAGs
[2024-02-12T19:08:26.389+0000] {logging_mixin.py:188} INFO - [2024-02-12T19:08:26.389+0000] {dag.py:3823} INFO - Setting next_dagrun for example_complex to None, run_after=None
[2024-02-12T19:08:26.411+0000] {processor.py:183} INFO - Processing /home/airflow/.local/lib/python3.8/site-packages/airflow/example_dags/example_complex.py took 0.071 seconds
[2024-02-12T19:08:56.613+0000] {processor.py:161} INFO - Started process (PID=4567) to work on /home/airflow/.local/lib/python3.8/site-packages/airflow/example_dags/example_complex.py
[2024-02-12T19:08:56.614+0000] {processor.py:830} INFO - Processing file /home/airflow/.local/lib/python3.8/site-packages/airflow/example_dags/example_complex.py for tasks to queue
[2024-02-12T19:08:56.615+0000] {logging_mixin.py:188} INFO - [2024-02-12T19:08:56.614+0000] {dagbag.py:538} INFO - Filling up the DagBag from /home/airflow/.local/lib/python3.8/site-packages/airflow/example_dags/example_complex.py
[2024-02-12T19:08:56.624+0000] {processor.py:840} INFO - DAG(s) 'example_complex' retrieved from /home/airflow/.local/lib/python3.8/site-packages/airflow/example_dags/example_complex.py
[2024-02-12T19:08:56.649+0000] {logging_mixin.py:188} INFO - [2024-02-12T19:08:56.649+0000] {dag.py:3036} INFO - Sync 1 DAGs
[2024-02-12T19:08:56.664+0000] {logging_mixin.py:188} INFO - [2024-02-12T19:08:56.664+0000] {dag.py:3823} INFO - Setting next_dagrun for example_complex to None, run_after=None
[2024-02-12T19:08:56.690+0000] {processor.py:183} INFO - Processing /home/airflow/.local/lib/python3.8/site-packages/airflow/example_dags/example_complex.py took 0.080 seconds
[2024-02-12T19:09:26.953+0000] {processor.py:161} INFO - Started process (PID=4814) to work on /home/airflow/.local/lib/python3.8/site-packages/airflow/example_dags/example_complex.py
[2024-02-12T19:09:26.954+0000] {processor.py:830} INFO - Processing file /home/airflow/.local/lib/python3.8/site-packages/airflow/example_dags/example_complex.py for tasks to queue
[2024-02-12T19:09:26.955+0000] {logging_mixin.py:188} INFO - [2024-02-12T19:09:26.955+0000] {dagbag.py:538} INFO - Filling up the DagBag from /home/airflow/.local/lib/python3.8/site-packages/airflow/example_dags/example_complex.py
[2024-02-12T19:09:26.968+0000] {processor.py:840} INFO - DAG(s) 'example_complex' retrieved from /home/airflow/.local/lib/python3.8/site-packages/airflow/example_dags/example_complex.py
[2024-02-12T19:09:27.008+0000] {logging_mixin.py:188} INFO - [2024-02-12T19:09:27.008+0000] {dag.py:3036} INFO - Sync 1 DAGs
[2024-02-12T19:09:27.022+0000] {logging_mixin.py:188} INFO - [2024-02-12T19:09:27.022+0000] {dag.py:3823} INFO - Setting next_dagrun for example_complex to None, run_after=None
[2024-02-12T19:09:27.050+0000] {processor.py:183} INFO - Processing /home/airflow/.local/lib/python3.8/site-packages/airflow/example_dags/example_complex.py took 0.101 seconds
[2024-02-12T19:09:57.141+0000] {processor.py:161} INFO - Started process (PID=5063) to work on /home/airflow/.local/lib/python3.8/site-packages/airflow/example_dags/example_complex.py
[2024-02-12T19:09:57.142+0000] {processor.py:830} INFO - Processing file /home/airflow/.local/lib/python3.8/site-packages/airflow/example_dags/example_complex.py for tasks to queue
[2024-02-12T19:09:57.143+0000] {logging_mixin.py:188} INFO - [2024-02-12T19:09:57.142+0000] {dagbag.py:538} INFO - Filling up the DagBag from /home/airflow/.local/lib/python3.8/site-packages/airflow/example_dags/example_complex.py
[2024-02-12T19:09:57.152+0000] {processor.py:840} INFO - DAG(s) 'example_complex' retrieved from /home/airflow/.local/lib/python3.8/site-packages/airflow/example_dags/example_complex.py
[2024-02-12T19:09:57.177+0000] {logging_mixin.py:188} INFO - [2024-02-12T19:09:57.177+0000] {dag.py:3036} INFO - Sync 1 DAGs
[2024-02-12T19:09:57.189+0000] {logging_mixin.py:188} INFO - [2024-02-12T19:09:57.189+0000] {dag.py:3823} INFO - Setting next_dagrun for example_complex to None, run_after=None
[2024-02-12T19:09:57.210+0000] {processor.py:183} INFO - Processing /home/airflow/.local/lib/python3.8/site-packages/airflow/example_dags/example_complex.py took 0.071 seconds
[2024-02-12T19:10:27.640+0000] {processor.py:161} INFO - Started process (PID=5308) to work on /home/airflow/.local/lib/python3.8/site-packages/airflow/example_dags/example_complex.py
[2024-02-12T19:10:27.641+0000] {processor.py:830} INFO - Processing file /home/airflow/.local/lib/python3.8/site-packages/airflow/example_dags/example_complex.py for tasks to queue
[2024-02-12T19:10:27.642+0000] {logging_mixin.py:188} INFO - [2024-02-12T19:10:27.642+0000] {dagbag.py:538} INFO - Filling up the DagBag from /home/airflow/.local/lib/python3.8/site-packages/airflow/example_dags/example_complex.py
[2024-02-12T19:10:27.657+0000] {processor.py:840} INFO - DAG(s) 'example_complex' retrieved from /home/airflow/.local/lib/python3.8/site-packages/airflow/example_dags/example_complex.py
[2024-02-12T19:10:27.693+0000] {logging_mixin.py:188} INFO - [2024-02-12T19:10:27.693+0000] {dag.py:3036} INFO - Sync 1 DAGs
[2024-02-12T19:10:27.708+0000] {logging_mixin.py:188} INFO - [2024-02-12T19:10:27.708+0000] {dag.py:3823} INFO - Setting next_dagrun for example_complex to None, run_after=None
[2024-02-12T19:10:27.731+0000] {processor.py:183} INFO - Processing /home/airflow/.local/lib/python3.8/site-packages/airflow/example_dags/example_complex.py took 0.094 seconds
[2024-02-12T19:10:58.395+0000] {processor.py:161} INFO - Started process (PID=5556) to work on /home/airflow/.local/lib/python3.8/site-packages/airflow/example_dags/example_complex.py
[2024-02-12T19:10:58.396+0000] {processor.py:830} INFO - Processing file /home/airflow/.local/lib/python3.8/site-packages/airflow/example_dags/example_complex.py for tasks to queue
[2024-02-12T19:10:58.397+0000] {logging_mixin.py:188} INFO - [2024-02-12T19:10:58.397+0000] {dagbag.py:538} INFO - Filling up the DagBag from /home/airflow/.local/lib/python3.8/site-packages/airflow/example_dags/example_complex.py
[2024-02-12T19:10:58.413+0000] {processor.py:840} INFO - DAG(s) 'example_complex' retrieved from /home/airflow/.local/lib/python3.8/site-packages/airflow/example_dags/example_complex.py
[2024-02-12T19:10:58.451+0000] {logging_mixin.py:188} INFO - [2024-02-12T19:10:58.450+0000] {dag.py:3036} INFO - Sync 1 DAGs
[2024-02-12T19:10:58.462+0000] {logging_mixin.py:188} INFO - [2024-02-12T19:10:58.462+0000] {dag.py:3823} INFO - Setting next_dagrun for example_complex to None, run_after=None
[2024-02-12T19:10:58.496+0000] {processor.py:183} INFO - Processing /home/airflow/.local/lib/python3.8/site-packages/airflow/example_dags/example_complex.py took 0.104 seconds
[2024-02-12T19:11:28.907+0000] {processor.py:161} INFO - Started process (PID=5805) to work on /home/airflow/.local/lib/python3.8/site-packages/airflow/example_dags/example_complex.py
[2024-02-12T19:11:28.908+0000] {processor.py:830} INFO - Processing file /home/airflow/.local/lib/python3.8/site-packages/airflow/example_dags/example_complex.py for tasks to queue
[2024-02-12T19:11:28.909+0000] {logging_mixin.py:188} INFO - [2024-02-12T19:11:28.908+0000] {dagbag.py:538} INFO - Filling up the DagBag from /home/airflow/.local/lib/python3.8/site-packages/airflow/example_dags/example_complex.py
[2024-02-12T19:11:28.923+0000] {processor.py:840} INFO - DAG(s) 'example_complex' retrieved from /home/airflow/.local/lib/python3.8/site-packages/airflow/example_dags/example_complex.py
[2024-02-12T19:11:28.961+0000] {logging_mixin.py:188} INFO - [2024-02-12T19:11:28.961+0000] {dag.py:3036} INFO - Sync 1 DAGs
[2024-02-12T19:11:28.977+0000] {logging_mixin.py:188} INFO - [2024-02-12T19:11:28.976+0000] {dag.py:3823} INFO - Setting next_dagrun for example_complex to None, run_after=None
[2024-02-12T19:11:29.002+0000] {processor.py:183} INFO - Processing /home/airflow/.local/lib/python3.8/site-packages/airflow/example_dags/example_complex.py took 0.098 seconds
[2024-02-12T19:11:59.422+0000] {processor.py:161} INFO - Started process (PID=6052) to work on /home/airflow/.local/lib/python3.8/site-packages/airflow/example_dags/example_complex.py
[2024-02-12T19:11:59.423+0000] {processor.py:830} INFO - Processing file /home/airflow/.local/lib/python3.8/site-packages/airflow/example_dags/example_complex.py for tasks to queue
[2024-02-12T19:11:59.424+0000] {logging_mixin.py:188} INFO - [2024-02-12T19:11:59.423+0000] {dagbag.py:538} INFO - Filling up the DagBag from /home/airflow/.local/lib/python3.8/site-packages/airflow/example_dags/example_complex.py
[2024-02-12T19:11:59.438+0000] {processor.py:840} INFO - DAG(s) 'example_complex' retrieved from /home/airflow/.local/lib/python3.8/site-packages/airflow/example_dags/example_complex.py
[2024-02-12T19:11:59.476+0000] {logging_mixin.py:188} INFO - [2024-02-12T19:11:59.476+0000] {dag.py:3036} INFO - Sync 1 DAGs
[2024-02-12T19:11:59.490+0000] {logging_mixin.py:188} INFO - [2024-02-12T19:11:59.490+0000] {dag.py:3823} INFO - Setting next_dagrun for example_complex to None, run_after=None
[2024-02-12T19:11:59.513+0000] {processor.py:183} INFO - Processing /home/airflow/.local/lib/python3.8/site-packages/airflow/example_dags/example_complex.py took 0.094 seconds
[2024-02-12T19:12:30.286+0000] {processor.py:161} INFO - Started process (PID=6295) to work on /home/airflow/.local/lib/python3.8/site-packages/airflow/example_dags/example_complex.py
[2024-02-12T19:12:30.287+0000] {processor.py:830} INFO - Processing file /home/airflow/.local/lib/python3.8/site-packages/airflow/example_dags/example_complex.py for tasks to queue
[2024-02-12T19:12:30.288+0000] {logging_mixin.py:188} INFO - [2024-02-12T19:12:30.288+0000] {dagbag.py:538} INFO - Filling up the DagBag from /home/airflow/.local/lib/python3.8/site-packages/airflow/example_dags/example_complex.py
[2024-02-12T19:12:30.304+0000] {processor.py:840} INFO - DAG(s) 'example_complex' retrieved from /home/airflow/.local/lib/python3.8/site-packages/airflow/example_dags/example_complex.py
[2024-02-12T19:12:30.346+0000] {logging_mixin.py:188} INFO - [2024-02-12T19:12:30.346+0000] {dag.py:3036} INFO - Sync 1 DAGs
[2024-02-12T19:12:30.357+0000] {logging_mixin.py:188} INFO - [2024-02-12T19:12:30.357+0000] {dag.py:3823} INFO - Setting next_dagrun for example_complex to None, run_after=None
[2024-02-12T19:12:30.384+0000] {processor.py:183} INFO - Processing /home/airflow/.local/lib/python3.8/site-packages/airflow/example_dags/example_complex.py took 0.104 seconds
[2024-02-12T19:13:00.801+0000] {processor.py:161} INFO - Started process (PID=6546) to work on /home/airflow/.local/lib/python3.8/site-packages/airflow/example_dags/example_complex.py
[2024-02-12T19:13:00.802+0000] {processor.py:830} INFO - Processing file /home/airflow/.local/lib/python3.8/site-packages/airflow/example_dags/example_complex.py for tasks to queue
[2024-02-12T19:13:00.803+0000] {logging_mixin.py:188} INFO - [2024-02-12T19:13:00.802+0000] {dagbag.py:538} INFO - Filling up the DagBag from /home/airflow/.local/lib/python3.8/site-packages/airflow/example_dags/example_complex.py
[2024-02-12T19:13:00.815+0000] {processor.py:840} INFO - DAG(s) 'example_complex' retrieved from /home/airflow/.local/lib/python3.8/site-packages/airflow/example_dags/example_complex.py
[2024-02-12T19:13:00.855+0000] {logging_mixin.py:188} INFO - [2024-02-12T19:13:00.854+0000] {dag.py:3036} INFO - Sync 1 DAGs
[2024-02-12T19:13:00.869+0000] {logging_mixin.py:188} INFO - [2024-02-12T19:13:00.869+0000] {dag.py:3823} INFO - Setting next_dagrun for example_complex to None, run_after=None
[2024-02-12T19:13:00.895+0000] {processor.py:183} INFO - Processing /home/airflow/.local/lib/python3.8/site-packages/airflow/example_dags/example_complex.py took 0.097 seconds
[2024-02-12T19:13:31.149+0000] {processor.py:161} INFO - Started process (PID=6796) to work on /home/airflow/.local/lib/python3.8/site-packages/airflow/example_dags/example_complex.py
[2024-02-12T19:13:31.149+0000] {processor.py:830} INFO - Processing file /home/airflow/.local/lib/python3.8/site-packages/airflow/example_dags/example_complex.py for tasks to queue
[2024-02-12T19:13:31.150+0000] {logging_mixin.py:188} INFO - [2024-02-12T19:13:31.150+0000] {dagbag.py:538} INFO - Filling up the DagBag from /home/airflow/.local/lib/python3.8/site-packages/airflow/example_dags/example_complex.py
[2024-02-12T19:13:31.159+0000] {processor.py:840} INFO - DAG(s) 'example_complex' retrieved from /home/airflow/.local/lib/python3.8/site-packages/airflow/example_dags/example_complex.py
[2024-02-12T19:13:31.184+0000] {logging_mixin.py:188} INFO - [2024-02-12T19:13:31.184+0000] {dag.py:3036} INFO - Sync 1 DAGs
[2024-02-12T19:13:31.194+0000] {logging_mixin.py:188} INFO - [2024-02-12T19:13:31.194+0000] {dag.py:3823} INFO - Setting next_dagrun for example_complex to None, run_after=None
[2024-02-12T19:13:31.216+0000] {processor.py:183} INFO - Processing /home/airflow/.local/lib/python3.8/site-packages/airflow/example_dags/example_complex.py took 0.070 seconds
[2024-02-12T19:14:01.450+0000] {processor.py:161} INFO - Started process (PID=7043) to work on /home/airflow/.local/lib/python3.8/site-packages/airflow/example_dags/example_complex.py
[2024-02-12T19:14:01.451+0000] {processor.py:830} INFO - Processing file /home/airflow/.local/lib/python3.8/site-packages/airflow/example_dags/example_complex.py for tasks to queue
[2024-02-12T19:14:01.452+0000] {logging_mixin.py:188} INFO - [2024-02-12T19:14:01.452+0000] {dagbag.py:538} INFO - Filling up the DagBag from /home/airflow/.local/lib/python3.8/site-packages/airflow/example_dags/example_complex.py
[2024-02-12T19:14:01.460+0000] {processor.py:840} INFO - DAG(s) 'example_complex' retrieved from /home/airflow/.local/lib/python3.8/site-packages/airflow/example_dags/example_complex.py
[2024-02-12T19:14:01.485+0000] {logging_mixin.py:188} INFO - [2024-02-12T19:14:01.484+0000] {dag.py:3036} INFO - Sync 1 DAGs
[2024-02-12T19:14:01.494+0000] {logging_mixin.py:188} INFO - [2024-02-12T19:14:01.494+0000] {dag.py:3823} INFO - Setting next_dagrun for example_complex to None, run_after=None
[2024-02-12T19:14:01.514+0000] {processor.py:183} INFO - Processing /home/airflow/.local/lib/python3.8/site-packages/airflow/example_dags/example_complex.py took 0.066 seconds
[2024-02-12T19:14:31.909+0000] {processor.py:161} INFO - Started process (PID=7288) to work on /home/airflow/.local/lib/python3.8/site-packages/airflow/example_dags/example_complex.py
[2024-02-12T19:14:31.910+0000] {processor.py:830} INFO - Processing file /home/airflow/.local/lib/python3.8/site-packages/airflow/example_dags/example_complex.py for tasks to queue
[2024-02-12T19:14:31.911+0000] {logging_mixin.py:188} INFO - [2024-02-12T19:14:31.911+0000] {dagbag.py:538} INFO - Filling up the DagBag from /home/airflow/.local/lib/python3.8/site-packages/airflow/example_dags/example_complex.py
[2024-02-12T19:14:31.926+0000] {processor.py:840} INFO - DAG(s) 'example_complex' retrieved from /home/airflow/.local/lib/python3.8/site-packages/airflow/example_dags/example_complex.py
[2024-02-12T19:14:31.962+0000] {logging_mixin.py:188} INFO - [2024-02-12T19:14:31.962+0000] {dag.py:3036} INFO - Sync 1 DAGs
[2024-02-12T19:14:31.978+0000] {logging_mixin.py:188} INFO - [2024-02-12T19:14:31.978+0000] {dag.py:3823} INFO - Setting next_dagrun for example_complex to None, run_after=None
[2024-02-12T19:14:32.006+0000] {processor.py:183} INFO - Processing /home/airflow/.local/lib/python3.8/site-packages/airflow/example_dags/example_complex.py took 0.100 seconds
[2024-02-12T19:15:02.536+0000] {processor.py:161} INFO - Started process (PID=7534) to work on /home/airflow/.local/lib/python3.8/site-packages/airflow/example_dags/example_complex.py
[2024-02-12T19:15:02.537+0000] {processor.py:830} INFO - Processing file /home/airflow/.local/lib/python3.8/site-packages/airflow/example_dags/example_complex.py for tasks to queue
[2024-02-12T19:15:02.538+0000] {logging_mixin.py:188} INFO - [2024-02-12T19:15:02.538+0000] {dagbag.py:538} INFO - Filling up the DagBag from /home/airflow/.local/lib/python3.8/site-packages/airflow/example_dags/example_complex.py
[2024-02-12T19:15:02.554+0000] {processor.py:840} INFO - DAG(s) 'example_complex' retrieved from /home/airflow/.local/lib/python3.8/site-packages/airflow/example_dags/example_complex.py
[2024-02-12T19:15:02.608+0000] {logging_mixin.py:188} INFO - [2024-02-12T19:15:02.608+0000] {dag.py:3036} INFO - Sync 1 DAGs
[2024-02-12T19:15:02.623+0000] {logging_mixin.py:188} INFO - [2024-02-12T19:15:02.623+0000] {dag.py:3823} INFO - Setting next_dagrun for example_complex to None, run_after=None
[2024-02-12T19:15:02.666+0000] {processor.py:183} INFO - Processing /home/airflow/.local/lib/python3.8/site-packages/airflow/example_dags/example_complex.py took 0.134 seconds
[2024-02-12T19:15:32.857+0000] {processor.py:161} INFO - Started process (PID=7779) to work on /home/airflow/.local/lib/python3.8/site-packages/airflow/example_dags/example_complex.py
[2024-02-12T19:15:32.867+0000] {processor.py:830} INFO - Processing file /home/airflow/.local/lib/python3.8/site-packages/airflow/example_dags/example_complex.py for tasks to queue
[2024-02-12T19:15:32.869+0000] {logging_mixin.py:188} INFO - [2024-02-12T19:15:32.869+0000] {dagbag.py:538} INFO - Filling up the DagBag from /home/airflow/.local/lib/python3.8/site-packages/airflow/example_dags/example_complex.py
[2024-02-12T19:15:32.923+0000] {processor.py:840} INFO - DAG(s) 'example_complex' retrieved from /home/airflow/.local/lib/python3.8/site-packages/airflow/example_dags/example_complex.py
[2024-02-12T19:15:32.979+0000] {logging_mixin.py:188} INFO - [2024-02-12T19:15:32.979+0000] {dag.py:3036} INFO - Sync 1 DAGs
[2024-02-12T19:15:33.000+0000] {logging_mixin.py:188} INFO - [2024-02-12T19:15:33.000+0000] {dag.py:3823} INFO - Setting next_dagrun for example_complex to None, run_after=None
[2024-02-12T19:15:33.024+0000] {processor.py:183} INFO - Processing /home/airflow/.local/lib/python3.8/site-packages/airflow/example_dags/example_complex.py took 0.175 seconds
[2024-02-12T19:16:03.277+0000] {processor.py:161} INFO - Started process (PID=8029) to work on /home/airflow/.local/lib/python3.8/site-packages/airflow/example_dags/example_complex.py
[2024-02-12T19:16:03.278+0000] {processor.py:830} INFO - Processing file /home/airflow/.local/lib/python3.8/site-packages/airflow/example_dags/example_complex.py for tasks to queue
[2024-02-12T19:16:03.279+0000] {logging_mixin.py:188} INFO - [2024-02-12T19:16:03.278+0000] {dagbag.py:538} INFO - Filling up the DagBag from /home/airflow/.local/lib/python3.8/site-packages/airflow/example_dags/example_complex.py
[2024-02-12T19:16:03.293+0000] {processor.py:840} INFO - DAG(s) 'example_complex' retrieved from /home/airflow/.local/lib/python3.8/site-packages/airflow/example_dags/example_complex.py
[2024-02-12T19:16:03.330+0000] {logging_mixin.py:188} INFO - [2024-02-12T19:16:03.330+0000] {dag.py:3036} INFO - Sync 1 DAGs
[2024-02-12T19:16:03.346+0000] {logging_mixin.py:188} INFO - [2024-02-12T19:16:03.346+0000] {dag.py:3823} INFO - Setting next_dagrun for example_complex to None, run_after=None
[2024-02-12T19:16:03.394+0000] {processor.py:183} INFO - Processing /home/airflow/.local/lib/python3.8/site-packages/airflow/example_dags/example_complex.py took 0.120 seconds
[2024-02-12T19:16:33.787+0000] {processor.py:161} INFO - Started process (PID=8277) to work on /home/airflow/.local/lib/python3.8/site-packages/airflow/example_dags/example_complex.py
[2024-02-12T19:16:33.788+0000] {processor.py:830} INFO - Processing file /home/airflow/.local/lib/python3.8/site-packages/airflow/example_dags/example_complex.py for tasks to queue
[2024-02-12T19:16:33.790+0000] {logging_mixin.py:188} INFO - [2024-02-12T19:16:33.788+0000] {dagbag.py:538} INFO - Filling up the DagBag from /home/airflow/.local/lib/python3.8/site-packages/airflow/example_dags/example_complex.py
[2024-02-12T19:16:33.815+0000] {processor.py:840} INFO - DAG(s) 'example_complex' retrieved from /home/airflow/.local/lib/python3.8/site-packages/airflow/example_dags/example_complex.py
[2024-02-12T19:16:33.874+0000] {logging_mixin.py:188} INFO - [2024-02-12T19:16:33.873+0000] {dag.py:3036} INFO - Sync 1 DAGs
[2024-02-12T19:16:33.891+0000] {logging_mixin.py:188} INFO - [2024-02-12T19:16:33.890+0000] {dag.py:3823} INFO - Setting next_dagrun for example_complex to None, run_after=None
[2024-02-12T19:16:33.919+0000] {processor.py:183} INFO - Processing /home/airflow/.local/lib/python3.8/site-packages/airflow/example_dags/example_complex.py took 0.136 seconds
[2024-02-12T19:17:04.305+0000] {processor.py:161} INFO - Started process (PID=8524) to work on /home/airflow/.local/lib/python3.8/site-packages/airflow/example_dags/example_complex.py
[2024-02-12T19:17:04.306+0000] {processor.py:830} INFO - Processing file /home/airflow/.local/lib/python3.8/site-packages/airflow/example_dags/example_complex.py for tasks to queue
[2024-02-12T19:17:04.306+0000] {logging_mixin.py:188} INFO - [2024-02-12T19:17:04.306+0000] {dagbag.py:538} INFO - Filling up the DagBag from /home/airflow/.local/lib/python3.8/site-packages/airflow/example_dags/example_complex.py
[2024-02-12T19:17:04.321+0000] {processor.py:840} INFO - DAG(s) 'example_complex' retrieved from /home/airflow/.local/lib/python3.8/site-packages/airflow/example_dags/example_complex.py
[2024-02-12T19:17:04.362+0000] {logging_mixin.py:188} INFO - [2024-02-12T19:17:04.362+0000] {dag.py:3036} INFO - Sync 1 DAGs
[2024-02-12T19:17:04.398+0000] {logging_mixin.py:188} INFO - [2024-02-12T19:17:04.398+0000] {dag.py:3823} INFO - Setting next_dagrun for example_complex to None, run_after=None
[2024-02-12T19:17:04.451+0000] {processor.py:183} INFO - Processing /home/airflow/.local/lib/python3.8/site-packages/airflow/example_dags/example_complex.py took 0.150 seconds
[2024-02-12T19:17:34.866+0000] {processor.py:161} INFO - Started process (PID=8771) to work on /home/airflow/.local/lib/python3.8/site-packages/airflow/example_dags/example_complex.py
[2024-02-12T19:17:34.867+0000] {processor.py:830} INFO - Processing file /home/airflow/.local/lib/python3.8/site-packages/airflow/example_dags/example_complex.py for tasks to queue
[2024-02-12T19:17:34.868+0000] {logging_mixin.py:188} INFO - [2024-02-12T19:17:34.868+0000] {dagbag.py:538} INFO - Filling up the DagBag from /home/airflow/.local/lib/python3.8/site-packages/airflow/example_dags/example_complex.py
[2024-02-12T19:17:34.883+0000] {processor.py:840} INFO - DAG(s) 'example_complex' retrieved from /home/airflow/.local/lib/python3.8/site-packages/airflow/example_dags/example_complex.py
[2024-02-12T19:17:34.922+0000] {logging_mixin.py:188} INFO - [2024-02-12T19:17:34.922+0000] {dag.py:3036} INFO - Sync 1 DAGs
[2024-02-12T19:17:34.937+0000] {logging_mixin.py:188} INFO - [2024-02-12T19:17:34.937+0000] {dag.py:3823} INFO - Setting next_dagrun for example_complex to None, run_after=None
[2024-02-12T19:17:34.961+0000] {processor.py:183} INFO - Processing /home/airflow/.local/lib/python3.8/site-packages/airflow/example_dags/example_complex.py took 0.099 seconds
[2024-02-12T19:18:05.061+0000] {processor.py:161} INFO - Started process (PID=9018) to work on /home/airflow/.local/lib/python3.8/site-packages/airflow/example_dags/example_complex.py
[2024-02-12T19:18:05.062+0000] {processor.py:830} INFO - Processing file /home/airflow/.local/lib/python3.8/site-packages/airflow/example_dags/example_complex.py for tasks to queue
[2024-02-12T19:18:05.063+0000] {logging_mixin.py:188} INFO - [2024-02-12T19:18:05.062+0000] {dagbag.py:538} INFO - Filling up the DagBag from /home/airflow/.local/lib/python3.8/site-packages/airflow/example_dags/example_complex.py
[2024-02-12T19:18:05.078+0000] {processor.py:840} INFO - DAG(s) 'example_complex' retrieved from /home/airflow/.local/lib/python3.8/site-packages/airflow/example_dags/example_complex.py
[2024-02-12T19:18:05.115+0000] {logging_mixin.py:188} INFO - [2024-02-12T19:18:05.115+0000] {dag.py:3036} INFO - Sync 1 DAGs
[2024-02-12T19:18:05.129+0000] {logging_mixin.py:188} INFO - [2024-02-12T19:18:05.129+0000] {dag.py:3823} INFO - Setting next_dagrun for example_complex to None, run_after=None
[2024-02-12T19:18:05.178+0000] {processor.py:183} INFO - Processing /home/airflow/.local/lib/python3.8/site-packages/airflow/example_dags/example_complex.py took 0.121 seconds
[2024-02-12T19:18:35.673+0000] {processor.py:161} INFO - Started process (PID=9265) to work on /home/airflow/.local/lib/python3.8/site-packages/airflow/example_dags/example_complex.py
[2024-02-12T19:18:35.674+0000] {processor.py:830} INFO - Processing file /home/airflow/.local/lib/python3.8/site-packages/airflow/example_dags/example_complex.py for tasks to queue
[2024-02-12T19:18:35.675+0000] {logging_mixin.py:188} INFO - [2024-02-12T19:18:35.675+0000] {dagbag.py:538} INFO - Filling up the DagBag from /home/airflow/.local/lib/python3.8/site-packages/airflow/example_dags/example_complex.py
[2024-02-12T19:18:35.690+0000] {processor.py:840} INFO - DAG(s) 'example_complex' retrieved from /home/airflow/.local/lib/python3.8/site-packages/airflow/example_dags/example_complex.py
[2024-02-12T19:18:35.727+0000] {logging_mixin.py:188} INFO - [2024-02-12T19:18:35.727+0000] {dag.py:3036} INFO - Sync 1 DAGs
[2024-02-12T19:18:35.738+0000] {logging_mixin.py:188} INFO - [2024-02-12T19:18:35.738+0000] {dag.py:3823} INFO - Setting next_dagrun for example_complex to None, run_after=None
[2024-02-12T19:18:35.767+0000] {processor.py:183} INFO - Processing /home/airflow/.local/lib/python3.8/site-packages/airflow/example_dags/example_complex.py took 0.097 seconds
[2024-02-12T19:19:05.963+0000] {processor.py:161} INFO - Started process (PID=9513) to work on /home/airflow/.local/lib/python3.8/site-packages/airflow/example_dags/example_complex.py
[2024-02-12T19:19:05.964+0000] {processor.py:830} INFO - Processing file /home/airflow/.local/lib/python3.8/site-packages/airflow/example_dags/example_complex.py for tasks to queue
[2024-02-12T19:19:05.965+0000] {logging_mixin.py:188} INFO - [2024-02-12T19:19:05.964+0000] {dagbag.py:538} INFO - Filling up the DagBag from /home/airflow/.local/lib/python3.8/site-packages/airflow/example_dags/example_complex.py
[2024-02-12T19:19:05.981+0000] {processor.py:840} INFO - DAG(s) 'example_complex' retrieved from /home/airflow/.local/lib/python3.8/site-packages/airflow/example_dags/example_complex.py
[2024-02-12T19:19:06.020+0000] {logging_mixin.py:188} INFO - [2024-02-12T19:19:06.019+0000] {dag.py:3036} INFO - Sync 1 DAGs
[2024-02-12T19:19:06.036+0000] {logging_mixin.py:188} INFO - [2024-02-12T19:19:06.036+0000] {dag.py:3823} INFO - Setting next_dagrun for example_complex to None, run_after=None
[2024-02-12T19:19:06.060+0000] {processor.py:183} INFO - Processing /home/airflow/.local/lib/python3.8/site-packages/airflow/example_dags/example_complex.py took 0.101 seconds
[2024-02-12T19:19:36.288+0000] {processor.py:161} INFO - Started process (PID=9762) to work on /home/airflow/.local/lib/python3.8/site-packages/airflow/example_dags/example_complex.py
[2024-02-12T19:19:36.289+0000] {processor.py:830} INFO - Processing file /home/airflow/.local/lib/python3.8/site-packages/airflow/example_dags/example_complex.py for tasks to queue
[2024-02-12T19:19:36.290+0000] {logging_mixin.py:188} INFO - [2024-02-12T19:19:36.290+0000] {dagbag.py:538} INFO - Filling up the DagBag from /home/airflow/.local/lib/python3.8/site-packages/airflow/example_dags/example_complex.py
[2024-02-12T19:19:36.299+0000] {processor.py:840} INFO - DAG(s) 'example_complex' retrieved from /home/airflow/.local/lib/python3.8/site-packages/airflow/example_dags/example_complex.py
[2024-02-12T19:19:36.324+0000] {logging_mixin.py:188} INFO - [2024-02-12T19:19:36.324+0000] {dag.py:3036} INFO - Sync 1 DAGs
[2024-02-12T19:19:36.333+0000] {logging_mixin.py:188} INFO - [2024-02-12T19:19:36.333+0000] {dag.py:3823} INFO - Setting next_dagrun for example_complex to None, run_after=None
[2024-02-12T19:19:36.355+0000] {processor.py:183} INFO - Processing /home/airflow/.local/lib/python3.8/site-packages/airflow/example_dags/example_complex.py took 0.069 seconds
[2024-02-12T19:20:07.087+0000] {processor.py:161} INFO - Started process (PID=10007) to work on /home/airflow/.local/lib/python3.8/site-packages/airflow/example_dags/example_complex.py
[2024-02-12T19:20:07.088+0000] {processor.py:830} INFO - Processing file /home/airflow/.local/lib/python3.8/site-packages/airflow/example_dags/example_complex.py for tasks to queue
[2024-02-12T19:20:07.089+0000] {logging_mixin.py:188} INFO - [2024-02-12T19:20:07.089+0000] {dagbag.py:538} INFO - Filling up the DagBag from /home/airflow/.local/lib/python3.8/site-packages/airflow/example_dags/example_complex.py
[2024-02-12T19:20:07.103+0000] {processor.py:840} INFO - DAG(s) 'example_complex' retrieved from /home/airflow/.local/lib/python3.8/site-packages/airflow/example_dags/example_complex.py
[2024-02-12T19:20:07.144+0000] {logging_mixin.py:188} INFO - [2024-02-12T19:20:07.144+0000] {dag.py:3036} INFO - Sync 1 DAGs
[2024-02-12T19:20:07.159+0000] {logging_mixin.py:188} INFO - [2024-02-12T19:20:07.158+0000] {dag.py:3823} INFO - Setting next_dagrun for example_complex to None, run_after=None
[2024-02-12T19:20:07.184+0000] {processor.py:183} INFO - Processing /home/airflow/.local/lib/python3.8/site-packages/airflow/example_dags/example_complex.py took 0.100 seconds
[2024-02-12T19:20:37.290+0000] {processor.py:161} INFO - Started process (PID=10257) to work on /home/airflow/.local/lib/python3.8/site-packages/airflow/example_dags/example_complex.py
[2024-02-12T19:20:37.290+0000] {processor.py:830} INFO - Processing file /home/airflow/.local/lib/python3.8/site-packages/airflow/example_dags/example_complex.py for tasks to queue
[2024-02-12T19:20:37.291+0000] {logging_mixin.py:188} INFO - [2024-02-12T19:20:37.291+0000] {dagbag.py:538} INFO - Filling up the DagBag from /home/airflow/.local/lib/python3.8/site-packages/airflow/example_dags/example_complex.py
[2024-02-12T19:20:37.314+0000] {processor.py:840} INFO - DAG(s) 'example_complex' retrieved from /home/airflow/.local/lib/python3.8/site-packages/airflow/example_dags/example_complex.py
[2024-02-12T19:20:37.371+0000] {logging_mixin.py:188} INFO - [2024-02-12T19:20:37.371+0000] {dag.py:3036} INFO - Sync 1 DAGs
[2024-02-12T19:20:37.386+0000] {logging_mixin.py:188} INFO - [2024-02-12T19:20:37.386+0000] {dag.py:3823} INFO - Setting next_dagrun for example_complex to None, run_after=None
[2024-02-12T19:20:37.406+0000] {processor.py:183} INFO - Processing /home/airflow/.local/lib/python3.8/site-packages/airflow/example_dags/example_complex.py took 0.119 seconds
[2024-02-12T19:21:08.077+0000] {processor.py:161} INFO - Started process (PID=10503) to work on /home/airflow/.local/lib/python3.8/site-packages/airflow/example_dags/example_complex.py
[2024-02-12T19:21:08.078+0000] {processor.py:830} INFO - Processing file /home/airflow/.local/lib/python3.8/site-packages/airflow/example_dags/example_complex.py for tasks to queue
[2024-02-12T19:21:08.079+0000] {logging_mixin.py:188} INFO - [2024-02-12T19:21:08.079+0000] {dagbag.py:538} INFO - Filling up the DagBag from /home/airflow/.local/lib/python3.8/site-packages/airflow/example_dags/example_complex.py
[2024-02-12T19:21:08.095+0000] {processor.py:840} INFO - DAG(s) 'example_complex' retrieved from /home/airflow/.local/lib/python3.8/site-packages/airflow/example_dags/example_complex.py
[2024-02-12T19:21:08.132+0000] {logging_mixin.py:188} INFO - [2024-02-12T19:21:08.132+0000] {dag.py:3036} INFO - Sync 1 DAGs
[2024-02-12T19:21:08.148+0000] {logging_mixin.py:188} INFO - [2024-02-12T19:21:08.148+0000] {dag.py:3823} INFO - Setting next_dagrun for example_complex to None, run_after=None
[2024-02-12T19:21:08.174+0000] {processor.py:183} INFO - Processing /home/airflow/.local/lib/python3.8/site-packages/airflow/example_dags/example_complex.py took 0.100 seconds
[2024-02-12T19:21:38.565+0000] {processor.py:161} INFO - Started process (PID=10753) to work on /home/airflow/.local/lib/python3.8/site-packages/airflow/example_dags/example_complex.py
[2024-02-12T19:21:38.565+0000] {processor.py:830} INFO - Processing file /home/airflow/.local/lib/python3.8/site-packages/airflow/example_dags/example_complex.py for tasks to queue
[2024-02-12T19:21:38.566+0000] {logging_mixin.py:188} INFO - [2024-02-12T19:21:38.566+0000] {dagbag.py:538} INFO - Filling up the DagBag from /home/airflow/.local/lib/python3.8/site-packages/airflow/example_dags/example_complex.py
[2024-02-12T19:21:38.576+0000] {processor.py:840} INFO - DAG(s) 'example_complex' retrieved from /home/airflow/.local/lib/python3.8/site-packages/airflow/example_dags/example_complex.py
[2024-02-12T19:21:38.601+0000] {logging_mixin.py:188} INFO - [2024-02-12T19:21:38.601+0000] {dag.py:3036} INFO - Sync 1 DAGs
[2024-02-12T19:21:38.610+0000] {logging_mixin.py:188} INFO - [2024-02-12T19:21:38.610+0000] {dag.py:3823} INFO - Setting next_dagrun for example_complex to None, run_after=None
[2024-02-12T19:21:38.641+0000] {processor.py:183} INFO - Processing /home/airflow/.local/lib/python3.8/site-packages/airflow/example_dags/example_complex.py took 0.079 seconds
[2024-02-12T19:22:08.974+0000] {processor.py:161} INFO - Started process (PID=11000) to work on /home/airflow/.local/lib/python3.8/site-packages/airflow/example_dags/example_complex.py
[2024-02-12T19:22:08.975+0000] {processor.py:830} INFO - Processing file /home/airflow/.local/lib/python3.8/site-packages/airflow/example_dags/example_complex.py for tasks to queue
[2024-02-12T19:22:08.976+0000] {logging_mixin.py:188} INFO - [2024-02-12T19:22:08.976+0000] {dagbag.py:538} INFO - Filling up the DagBag from /home/airflow/.local/lib/python3.8/site-packages/airflow/example_dags/example_complex.py
[2024-02-12T19:22:08.989+0000] {processor.py:840} INFO - DAG(s) 'example_complex' retrieved from /home/airflow/.local/lib/python3.8/site-packages/airflow/example_dags/example_complex.py
[2024-02-12T19:22:09.020+0000] {logging_mixin.py:188} INFO - [2024-02-12T19:22:09.020+0000] {dag.py:3036} INFO - Sync 1 DAGs
[2024-02-12T19:22:09.030+0000] {logging_mixin.py:188} INFO - [2024-02-12T19:22:09.030+0000] {dag.py:3823} INFO - Setting next_dagrun for example_complex to None, run_after=None
[2024-02-12T19:22:09.053+0000] {processor.py:183} INFO - Processing /home/airflow/.local/lib/python3.8/site-packages/airflow/example_dags/example_complex.py took 0.082 seconds
[2024-02-12T19:22:39.797+0000] {processor.py:161} INFO - Started process (PID=11245) to work on /home/airflow/.local/lib/python3.8/site-packages/airflow/example_dags/example_complex.py
[2024-02-12T19:22:39.803+0000] {processor.py:830} INFO - Processing file /home/airflow/.local/lib/python3.8/site-packages/airflow/example_dags/example_complex.py for tasks to queue
[2024-02-12T19:22:39.804+0000] {logging_mixin.py:188} INFO - [2024-02-12T19:22:39.804+0000] {dagbag.py:538} INFO - Filling up the DagBag from /home/airflow/.local/lib/python3.8/site-packages/airflow/example_dags/example_complex.py
[2024-02-12T19:22:39.820+0000] {processor.py:840} INFO - DAG(s) 'example_complex' retrieved from /home/airflow/.local/lib/python3.8/site-packages/airflow/example_dags/example_complex.py
[2024-02-12T19:22:39.879+0000] {logging_mixin.py:188} INFO - [2024-02-12T19:22:39.879+0000] {dag.py:3036} INFO - Sync 1 DAGs
[2024-02-12T19:22:39.902+0000] {logging_mixin.py:188} INFO - [2024-02-12T19:22:39.901+0000] {dag.py:3823} INFO - Setting next_dagrun for example_complex to None, run_after=None
[2024-02-12T19:22:39.941+0000] {processor.py:183} INFO - Processing /home/airflow/.local/lib/python3.8/site-packages/airflow/example_dags/example_complex.py took 0.153 seconds
[2024-02-12T19:23:10.543+0000] {processor.py:161} INFO - Started process (PID=11494) to work on /home/airflow/.local/lib/python3.8/site-packages/airflow/example_dags/example_complex.py
[2024-02-12T19:23:10.544+0000] {processor.py:830} INFO - Processing file /home/airflow/.local/lib/python3.8/site-packages/airflow/example_dags/example_complex.py for tasks to queue
[2024-02-12T19:23:10.544+0000] {logging_mixin.py:188} INFO - [2024-02-12T19:23:10.544+0000] {dagbag.py:538} INFO - Filling up the DagBag from /home/airflow/.local/lib/python3.8/site-packages/airflow/example_dags/example_complex.py
[2024-02-12T19:23:10.553+0000] {processor.py:840} INFO - DAG(s) 'example_complex' retrieved from /home/airflow/.local/lib/python3.8/site-packages/airflow/example_dags/example_complex.py
[2024-02-12T19:23:10.579+0000] {logging_mixin.py:188} INFO - [2024-02-12T19:23:10.579+0000] {dag.py:3036} INFO - Sync 1 DAGs
[2024-02-12T19:23:10.592+0000] {logging_mixin.py:188} INFO - [2024-02-12T19:23:10.592+0000] {dag.py:3823} INFO - Setting next_dagrun for example_complex to None, run_after=None
[2024-02-12T19:23:10.613+0000] {processor.py:183} INFO - Processing /home/airflow/.local/lib/python3.8/site-packages/airflow/example_dags/example_complex.py took 0.073 seconds
[2024-02-12T19:23:40.816+0000] {processor.py:161} INFO - Started process (PID=11741) to work on /home/airflow/.local/lib/python3.8/site-packages/airflow/example_dags/example_complex.py
[2024-02-12T19:23:40.817+0000] {processor.py:830} INFO - Processing file /home/airflow/.local/lib/python3.8/site-packages/airflow/example_dags/example_complex.py for tasks to queue
[2024-02-12T19:23:40.818+0000] {logging_mixin.py:188} INFO - [2024-02-12T19:23:40.817+0000] {dagbag.py:538} INFO - Filling up the DagBag from /home/airflow/.local/lib/python3.8/site-packages/airflow/example_dags/example_complex.py
[2024-02-12T19:23:40.835+0000] {processor.py:840} INFO - DAG(s) 'example_complex' retrieved from /home/airflow/.local/lib/python3.8/site-packages/airflow/example_dags/example_complex.py
[2024-02-12T19:23:40.879+0000] {logging_mixin.py:188} INFO - [2024-02-12T19:23:40.879+0000] {dag.py:3036} INFO - Sync 1 DAGs
[2024-02-12T19:23:40.894+0000] {logging_mixin.py:188} INFO - [2024-02-12T19:23:40.894+0000] {dag.py:3823} INFO - Setting next_dagrun for example_complex to None, run_after=None
[2024-02-12T19:23:40.918+0000] {processor.py:183} INFO - Processing /home/airflow/.local/lib/python3.8/site-packages/airflow/example_dags/example_complex.py took 0.106 seconds
[2024-02-12T19:24:11.504+0000] {processor.py:161} INFO - Started process (PID=11986) to work on /home/airflow/.local/lib/python3.8/site-packages/airflow/example_dags/example_complex.py
[2024-02-12T19:24:11.505+0000] {processor.py:830} INFO - Processing file /home/airflow/.local/lib/python3.8/site-packages/airflow/example_dags/example_complex.py for tasks to queue
[2024-02-12T19:24:11.506+0000] {logging_mixin.py:188} INFO - [2024-02-12T19:24:11.506+0000] {dagbag.py:538} INFO - Filling up the DagBag from /home/airflow/.local/lib/python3.8/site-packages/airflow/example_dags/example_complex.py
[2024-02-12T19:24:11.522+0000] {processor.py:840} INFO - DAG(s) 'example_complex' retrieved from /home/airflow/.local/lib/python3.8/site-packages/airflow/example_dags/example_complex.py
[2024-02-12T19:24:11.558+0000] {logging_mixin.py:188} INFO - [2024-02-12T19:24:11.558+0000] {dag.py:3036} INFO - Sync 1 DAGs
[2024-02-12T19:24:11.570+0000] {logging_mixin.py:188} INFO - [2024-02-12T19:24:11.570+0000] {dag.py:3823} INFO - Setting next_dagrun for example_complex to None, run_after=None
[2024-02-12T19:24:11.598+0000] {processor.py:183} INFO - Processing /home/airflow/.local/lib/python3.8/site-packages/airflow/example_dags/example_complex.py took 0.097 seconds
[2024-02-12T19:24:42.562+0000] {processor.py:161} INFO - Started process (PID=12233) to work on /home/airflow/.local/lib/python3.8/site-packages/airflow/example_dags/example_complex.py
[2024-02-12T19:24:42.563+0000] {processor.py:830} INFO - Processing file /home/airflow/.local/lib/python3.8/site-packages/airflow/example_dags/example_complex.py for tasks to queue
[2024-02-12T19:24:42.564+0000] {logging_mixin.py:188} INFO - [2024-02-12T19:24:42.564+0000] {dagbag.py:538} INFO - Filling up the DagBag from /home/airflow/.local/lib/python3.8/site-packages/airflow/example_dags/example_complex.py
[2024-02-12T19:24:42.580+0000] {processor.py:840} INFO - DAG(s) 'example_complex' retrieved from /home/airflow/.local/lib/python3.8/site-packages/airflow/example_dags/example_complex.py
[2024-02-12T19:24:42.617+0000] {logging_mixin.py:188} INFO - [2024-02-12T19:24:42.617+0000] {dag.py:3036} INFO - Sync 1 DAGs
[2024-02-12T19:24:42.632+0000] {logging_mixin.py:188} INFO - [2024-02-12T19:24:42.632+0000] {dag.py:3823} INFO - Setting next_dagrun for example_complex to None, run_after=None
[2024-02-12T19:24:42.655+0000] {processor.py:183} INFO - Processing /home/airflow/.local/lib/python3.8/site-packages/airflow/example_dags/example_complex.py took 0.097 seconds
[2024-02-12T19:25:14.080+0000] {processor.py:161} INFO - Started process (PID=12483) to work on /home/airflow/.local/lib/python3.8/site-packages/airflow/example_dags/example_complex.py
[2024-02-12T19:25:14.086+0000] {processor.py:830} INFO - Processing file /home/airflow/.local/lib/python3.8/site-packages/airflow/example_dags/example_complex.py for tasks to queue
[2024-02-12T19:25:14.087+0000] {logging_mixin.py:188} INFO - [2024-02-12T19:25:14.087+0000] {dagbag.py:538} INFO - Filling up the DagBag from /home/airflow/.local/lib/python3.8/site-packages/airflow/example_dags/example_complex.py
[2024-02-12T19:25:14.127+0000] {processor.py:840} INFO - DAG(s) 'example_complex' retrieved from /home/airflow/.local/lib/python3.8/site-packages/airflow/example_dags/example_complex.py
[2024-02-12T19:25:14.231+0000] {logging_mixin.py:188} INFO - [2024-02-12T19:25:14.231+0000] {dag.py:3036} INFO - Sync 1 DAGs
[2024-02-12T19:25:14.265+0000] {logging_mixin.py:188} INFO - [2024-02-12T19:25:14.265+0000] {dag.py:3823} INFO - Setting next_dagrun for example_complex to None, run_after=None
[2024-02-12T19:25:14.305+0000] {processor.py:183} INFO - Processing /home/airflow/.local/lib/python3.8/site-packages/airflow/example_dags/example_complex.py took 0.228 seconds
[2024-02-12T19:25:44.919+0000] {processor.py:161} INFO - Started process (PID=12727) to work on /home/airflow/.local/lib/python3.8/site-packages/airflow/example_dags/example_complex.py
[2024-02-12T19:25:44.920+0000] {processor.py:830} INFO - Processing file /home/airflow/.local/lib/python3.8/site-packages/airflow/example_dags/example_complex.py for tasks to queue
[2024-02-12T19:25:44.921+0000] {logging_mixin.py:188} INFO - [2024-02-12T19:25:44.921+0000] {dagbag.py:538} INFO - Filling up the DagBag from /home/airflow/.local/lib/python3.8/site-packages/airflow/example_dags/example_complex.py
[2024-02-12T19:25:44.936+0000] {processor.py:840} INFO - DAG(s) 'example_complex' retrieved from /home/airflow/.local/lib/python3.8/site-packages/airflow/example_dags/example_complex.py
[2024-02-12T19:25:44.947+0000] {logging_mixin.py:188} INFO - [2024-02-12T19:25:44.947+0000] {dag.py:3036} INFO - Sync 1 DAGs
[2024-02-12T19:25:44.967+0000] {logging_mixin.py:188} INFO - [2024-02-12T19:25:44.966+0000] {dag.py:3823} INFO - Setting next_dagrun for example_complex to None, run_after=None
[2024-02-12T19:25:44.993+0000] {processor.py:183} INFO - Processing /home/airflow/.local/lib/python3.8/site-packages/airflow/example_dags/example_complex.py took 0.078 seconds
