[2024-02-12T19:00:09.170+0000] {processor.py:161} INFO - Started process (PID=220) to work on /home/airflow/.local/lib/python3.8/site-packages/airflow/example_dags/example_skip_dag.py
[2024-02-12T19:00:09.171+0000] {processor.py:830} INFO - Processing file /home/airflow/.local/lib/python3.8/site-packages/airflow/example_dags/example_skip_dag.py for tasks to queue
[2024-02-12T19:00:09.172+0000] {logging_mixin.py:188} INFO - [2024-02-12T19:00:09.171+0000] {dagbag.py:538} INFO - Filling up the DagBag from /home/airflow/.local/lib/python3.8/site-packages/airflow/example_dags/example_skip_dag.py
[2024-02-12T19:00:09.191+0000] {processor.py:840} INFO - DAG(s) 'example_skip_dag' retrieved from /home/airflow/.local/lib/python3.8/site-packages/airflow/example_dags/example_skip_dag.py
[2024-02-12T19:00:09.340+0000] {logging_mixin.py:188} INFO - [2024-02-12T19:00:09.339+0000] {dag.py:3036} INFO - Sync 1 DAGs
[2024-02-12T19:00:09.363+0000] {logging_mixin.py:188} INFO - [2024-02-12T19:00:09.363+0000] {dag.py:3823} INFO - Setting next_dagrun for example_skip_dag to 2024-02-11 00:00:00+00:00, run_after=2024-02-12 00:00:00+00:00
[2024-02-12T19:00:09.391+0000] {processor.py:183} INFO - Processing /home/airflow/.local/lib/python3.8/site-packages/airflow/example_dags/example_skip_dag.py took 0.225 seconds
[2024-02-12T19:00:39.584+0000] {processor.py:161} INFO - Started process (PID=469) to work on /home/airflow/.local/lib/python3.8/site-packages/airflow/example_dags/example_skip_dag.py
[2024-02-12T19:00:39.585+0000] {processor.py:830} INFO - Processing file /home/airflow/.local/lib/python3.8/site-packages/airflow/example_dags/example_skip_dag.py for tasks to queue
[2024-02-12T19:00:39.585+0000] {logging_mixin.py:188} INFO - [2024-02-12T19:00:39.585+0000] {dagbag.py:538} INFO - Filling up the DagBag from /home/airflow/.local/lib/python3.8/site-packages/airflow/example_dags/example_skip_dag.py
[2024-02-12T19:00:39.591+0000] {processor.py:840} INFO - DAG(s) 'example_skip_dag' retrieved from /home/airflow/.local/lib/python3.8/site-packages/airflow/example_dags/example_skip_dag.py
[2024-02-12T19:00:39.608+0000] {logging_mixin.py:188} INFO - [2024-02-12T19:00:39.608+0000] {dag.py:3036} INFO - Sync 1 DAGs
[2024-02-12T19:00:39.625+0000] {logging_mixin.py:188} INFO - [2024-02-12T19:00:39.625+0000] {dag.py:3823} INFO - Setting next_dagrun for example_skip_dag to 2024-02-11 00:00:00+00:00, run_after=2024-02-12 00:00:00+00:00
[2024-02-12T19:00:39.650+0000] {processor.py:183} INFO - Processing /home/airflow/.local/lib/python3.8/site-packages/airflow/example_dags/example_skip_dag.py took 0.069 seconds
[2024-02-12T19:01:09.953+0000] {processor.py:161} INFO - Started process (PID=716) to work on /home/airflow/.local/lib/python3.8/site-packages/airflow/example_dags/example_skip_dag.py
[2024-02-12T19:01:09.953+0000] {processor.py:830} INFO - Processing file /home/airflow/.local/lib/python3.8/site-packages/airflow/example_dags/example_skip_dag.py for tasks to queue
[2024-02-12T19:01:09.954+0000] {logging_mixin.py:188} INFO - [2024-02-12T19:01:09.954+0000] {dagbag.py:538} INFO - Filling up the DagBag from /home/airflow/.local/lib/python3.8/site-packages/airflow/example_dags/example_skip_dag.py
[2024-02-12T19:01:09.963+0000] {processor.py:840} INFO - DAG(s) 'example_skip_dag' retrieved from /home/airflow/.local/lib/python3.8/site-packages/airflow/example_dags/example_skip_dag.py
[2024-02-12T19:01:09.992+0000] {logging_mixin.py:188} INFO - [2024-02-12T19:01:09.991+0000] {dag.py:3036} INFO - Sync 1 DAGs
[2024-02-12T19:01:10.017+0000] {logging_mixin.py:188} INFO - [2024-02-12T19:01:10.017+0000] {dag.py:3823} INFO - Setting next_dagrun for example_skip_dag to 2024-02-11 00:00:00+00:00, run_after=2024-02-12 00:00:00+00:00
[2024-02-12T19:01:10.042+0000] {processor.py:183} INFO - Processing /home/airflow/.local/lib/python3.8/site-packages/airflow/example_dags/example_skip_dag.py took 0.093 seconds
[2024-02-12T19:01:40.493+0000] {processor.py:161} INFO - Started process (PID=963) to work on /home/airflow/.local/lib/python3.8/site-packages/airflow/example_dags/example_skip_dag.py
[2024-02-12T19:01:40.494+0000] {processor.py:830} INFO - Processing file /home/airflow/.local/lib/python3.8/site-packages/airflow/example_dags/example_skip_dag.py for tasks to queue
[2024-02-12T19:01:40.495+0000] {logging_mixin.py:188} INFO - [2024-02-12T19:01:40.495+0000] {dagbag.py:538} INFO - Filling up the DagBag from /home/airflow/.local/lib/python3.8/site-packages/airflow/example_dags/example_skip_dag.py
[2024-02-12T19:01:40.500+0000] {processor.py:840} INFO - DAG(s) 'example_skip_dag' retrieved from /home/airflow/.local/lib/python3.8/site-packages/airflow/example_dags/example_skip_dag.py
[2024-02-12T19:01:40.517+0000] {logging_mixin.py:188} INFO - [2024-02-12T19:01:40.517+0000] {dag.py:3036} INFO - Sync 1 DAGs
[2024-02-12T19:01:40.534+0000] {logging_mixin.py:188} INFO - [2024-02-12T19:01:40.534+0000] {dag.py:3823} INFO - Setting next_dagrun for example_skip_dag to 2024-02-11 00:00:00+00:00, run_after=2024-02-12 00:00:00+00:00
[2024-02-12T19:01:40.563+0000] {processor.py:183} INFO - Processing /home/airflow/.local/lib/python3.8/site-packages/airflow/example_dags/example_skip_dag.py took 0.072 seconds
[2024-02-12T19:02:10.958+0000] {processor.py:161} INFO - Started process (PID=1210) to work on /home/airflow/.local/lib/python3.8/site-packages/airflow/example_dags/example_skip_dag.py
[2024-02-12T19:02:10.959+0000] {processor.py:830} INFO - Processing file /home/airflow/.local/lib/python3.8/site-packages/airflow/example_dags/example_skip_dag.py for tasks to queue
[2024-02-12T19:02:10.960+0000] {logging_mixin.py:188} INFO - [2024-02-12T19:02:10.959+0000] {dagbag.py:538} INFO - Filling up the DagBag from /home/airflow/.local/lib/python3.8/site-packages/airflow/example_dags/example_skip_dag.py
[2024-02-12T19:02:10.966+0000] {processor.py:840} INFO - DAG(s) 'example_skip_dag' retrieved from /home/airflow/.local/lib/python3.8/site-packages/airflow/example_dags/example_skip_dag.py
[2024-02-12T19:02:10.983+0000] {logging_mixin.py:188} INFO - [2024-02-12T19:02:10.983+0000] {dag.py:3036} INFO - Sync 1 DAGs
[2024-02-12T19:02:11.001+0000] {logging_mixin.py:188} INFO - [2024-02-12T19:02:11.001+0000] {dag.py:3823} INFO - Setting next_dagrun for example_skip_dag to 2024-02-11 00:00:00+00:00, run_after=2024-02-12 00:00:00+00:00
[2024-02-12T19:02:11.023+0000] {processor.py:183} INFO - Processing /home/airflow/.local/lib/python3.8/site-packages/airflow/example_dags/example_skip_dag.py took 0.069 seconds
[2024-02-12T19:02:41.444+0000] {processor.py:161} INFO - Started process (PID=1455) to work on /home/airflow/.local/lib/python3.8/site-packages/airflow/example_dags/example_skip_dag.py
[2024-02-12T19:02:41.445+0000] {processor.py:830} INFO - Processing file /home/airflow/.local/lib/python3.8/site-packages/airflow/example_dags/example_skip_dag.py for tasks to queue
[2024-02-12T19:02:41.446+0000] {logging_mixin.py:188} INFO - [2024-02-12T19:02:41.446+0000] {dagbag.py:538} INFO - Filling up the DagBag from /home/airflow/.local/lib/python3.8/site-packages/airflow/example_dags/example_skip_dag.py
[2024-02-12T19:02:41.453+0000] {processor.py:840} INFO - DAG(s) 'example_skip_dag' retrieved from /home/airflow/.local/lib/python3.8/site-packages/airflow/example_dags/example_skip_dag.py
[2024-02-12T19:02:41.472+0000] {logging_mixin.py:188} INFO - [2024-02-12T19:02:41.472+0000] {dag.py:3036} INFO - Sync 1 DAGs
[2024-02-12T19:02:41.489+0000] {logging_mixin.py:188} INFO - [2024-02-12T19:02:41.488+0000] {dag.py:3823} INFO - Setting next_dagrun for example_skip_dag to 2024-02-11 00:00:00+00:00, run_after=2024-02-12 00:00:00+00:00
[2024-02-12T19:02:41.513+0000] {processor.py:183} INFO - Processing /home/airflow/.local/lib/python3.8/site-packages/airflow/example_dags/example_skip_dag.py took 0.073 seconds
[2024-02-12T19:03:11.678+0000] {processor.py:161} INFO - Started process (PID=1703) to work on /home/airflow/.local/lib/python3.8/site-packages/airflow/example_dags/example_skip_dag.py
[2024-02-12T19:03:11.680+0000] {processor.py:830} INFO - Processing file /home/airflow/.local/lib/python3.8/site-packages/airflow/example_dags/example_skip_dag.py for tasks to queue
[2024-02-12T19:03:11.681+0000] {logging_mixin.py:188} INFO - [2024-02-12T19:03:11.680+0000] {dagbag.py:538} INFO - Filling up the DagBag from /home/airflow/.local/lib/python3.8/site-packages/airflow/example_dags/example_skip_dag.py
[2024-02-12T19:03:11.689+0000] {processor.py:840} INFO - DAG(s) 'example_skip_dag' retrieved from /home/airflow/.local/lib/python3.8/site-packages/airflow/example_dags/example_skip_dag.py
[2024-02-12T19:03:11.712+0000] {logging_mixin.py:188} INFO - [2024-02-12T19:03:11.712+0000] {dag.py:3036} INFO - Sync 1 DAGs
[2024-02-12T19:03:11.734+0000] {logging_mixin.py:188} INFO - [2024-02-12T19:03:11.734+0000] {dag.py:3823} INFO - Setting next_dagrun for example_skip_dag to 2024-02-11 00:00:00+00:00, run_after=2024-02-12 00:00:00+00:00
[2024-02-12T19:03:11.758+0000] {processor.py:183} INFO - Processing /home/airflow/.local/lib/python3.8/site-packages/airflow/example_dags/example_skip_dag.py took 0.084 seconds
[2024-02-12T19:03:42.112+0000] {processor.py:161} INFO - Started process (PID=1957) to work on /home/airflow/.local/lib/python3.8/site-packages/airflow/example_dags/example_skip_dag.py
[2024-02-12T19:03:42.113+0000] {processor.py:830} INFO - Processing file /home/airflow/.local/lib/python3.8/site-packages/airflow/example_dags/example_skip_dag.py for tasks to queue
[2024-02-12T19:03:42.114+0000] {logging_mixin.py:188} INFO - [2024-02-12T19:03:42.113+0000] {dagbag.py:538} INFO - Filling up the DagBag from /home/airflow/.local/lib/python3.8/site-packages/airflow/example_dags/example_skip_dag.py
[2024-02-12T19:03:42.125+0000] {processor.py:840} INFO - DAG(s) 'example_skip_dag' retrieved from /home/airflow/.local/lib/python3.8/site-packages/airflow/example_dags/example_skip_dag.py
[2024-02-12T19:03:42.149+0000] {logging_mixin.py:188} INFO - [2024-02-12T19:03:42.149+0000] {dag.py:3036} INFO - Sync 1 DAGs
[2024-02-12T19:03:42.166+0000] {logging_mixin.py:188} INFO - [2024-02-12T19:03:42.166+0000] {dag.py:3823} INFO - Setting next_dagrun for example_skip_dag to 2024-02-11 00:00:00+00:00, run_after=2024-02-12 00:00:00+00:00
[2024-02-12T19:03:42.186+0000] {processor.py:183} INFO - Processing /home/airflow/.local/lib/python3.8/site-packages/airflow/example_dags/example_skip_dag.py took 0.080 seconds
[2024-02-12T19:04:12.451+0000] {processor.py:161} INFO - Started process (PID=2206) to work on /home/airflow/.local/lib/python3.8/site-packages/airflow/example_dags/example_skip_dag.py
[2024-02-12T19:04:12.452+0000] {processor.py:830} INFO - Processing file /home/airflow/.local/lib/python3.8/site-packages/airflow/example_dags/example_skip_dag.py for tasks to queue
[2024-02-12T19:04:12.453+0000] {logging_mixin.py:188} INFO - [2024-02-12T19:04:12.452+0000] {dagbag.py:538} INFO - Filling up the DagBag from /home/airflow/.local/lib/python3.8/site-packages/airflow/example_dags/example_skip_dag.py
[2024-02-12T19:04:12.458+0000] {processor.py:840} INFO - DAG(s) 'example_skip_dag' retrieved from /home/airflow/.local/lib/python3.8/site-packages/airflow/example_dags/example_skip_dag.py
[2024-02-12T19:04:12.475+0000] {logging_mixin.py:188} INFO - [2024-02-12T19:04:12.475+0000] {dag.py:3036} INFO - Sync 1 DAGs
[2024-02-12T19:04:12.492+0000] {logging_mixin.py:188} INFO - [2024-02-12T19:04:12.492+0000] {dag.py:3823} INFO - Setting next_dagrun for example_skip_dag to 2024-02-11 00:00:00+00:00, run_after=2024-02-12 00:00:00+00:00
[2024-02-12T19:04:12.512+0000] {processor.py:183} INFO - Processing /home/airflow/.local/lib/python3.8/site-packages/airflow/example_dags/example_skip_dag.py took 0.064 seconds
[2024-02-12T19:04:42.938+0000] {processor.py:161} INFO - Started process (PID=2477) to work on /home/airflow/.local/lib/python3.8/site-packages/airflow/example_dags/example_skip_dag.py
[2024-02-12T19:04:42.939+0000] {processor.py:830} INFO - Processing file /home/airflow/.local/lib/python3.8/site-packages/airflow/example_dags/example_skip_dag.py for tasks to queue
[2024-02-12T19:04:42.939+0000] {logging_mixin.py:188} INFO - [2024-02-12T19:04:42.939+0000] {dagbag.py:538} INFO - Filling up the DagBag from /home/airflow/.local/lib/python3.8/site-packages/airflow/example_dags/example_skip_dag.py
[2024-02-12T19:04:42.945+0000] {processor.py:840} INFO - DAG(s) 'example_skip_dag' retrieved from /home/airflow/.local/lib/python3.8/site-packages/airflow/example_dags/example_skip_dag.py
[2024-02-12T19:04:42.962+0000] {logging_mixin.py:188} INFO - [2024-02-12T19:04:42.962+0000] {dag.py:3036} INFO - Sync 1 DAGs
[2024-02-12T19:04:42.979+0000] {logging_mixin.py:188} INFO - [2024-02-12T19:04:42.979+0000] {dag.py:3823} INFO - Setting next_dagrun for example_skip_dag to 2024-02-11 00:00:00+00:00, run_after=2024-02-12 00:00:00+00:00
[2024-02-12T19:04:43.000+0000] {processor.py:183} INFO - Processing /home/airflow/.local/lib/python3.8/site-packages/airflow/example_dags/example_skip_dag.py took 0.065 seconds
[2024-02-12T19:05:13.378+0000] {processor.py:161} INFO - Started process (PID=2722) to work on /home/airflow/.local/lib/python3.8/site-packages/airflow/example_dags/example_skip_dag.py
[2024-02-12T19:05:13.379+0000] {processor.py:830} INFO - Processing file /home/airflow/.local/lib/python3.8/site-packages/airflow/example_dags/example_skip_dag.py for tasks to queue
[2024-02-12T19:05:13.380+0000] {logging_mixin.py:188} INFO - [2024-02-12T19:05:13.380+0000] {dagbag.py:538} INFO - Filling up the DagBag from /home/airflow/.local/lib/python3.8/site-packages/airflow/example_dags/example_skip_dag.py
[2024-02-12T19:05:13.388+0000] {processor.py:840} INFO - DAG(s) 'example_skip_dag' retrieved from /home/airflow/.local/lib/python3.8/site-packages/airflow/example_dags/example_skip_dag.py
[2024-02-12T19:05:13.414+0000] {logging_mixin.py:188} INFO - [2024-02-12T19:05:13.413+0000] {dag.py:3036} INFO - Sync 1 DAGs
[2024-02-12T19:05:13.436+0000] {logging_mixin.py:188} INFO - [2024-02-12T19:05:13.435+0000] {dag.py:3823} INFO - Setting next_dagrun for example_skip_dag to 2024-02-11 00:00:00+00:00, run_after=2024-02-12 00:00:00+00:00
[2024-02-12T19:05:13.460+0000] {processor.py:183} INFO - Processing /home/airflow/.local/lib/python3.8/site-packages/airflow/example_dags/example_skip_dag.py took 0.085 seconds
[2024-02-12T19:05:44.246+0000] {processor.py:161} INFO - Started process (PID=2969) to work on /home/airflow/.local/lib/python3.8/site-packages/airflow/example_dags/example_skip_dag.py
[2024-02-12T19:05:44.249+0000] {processor.py:830} INFO - Processing file /home/airflow/.local/lib/python3.8/site-packages/airflow/example_dags/example_skip_dag.py for tasks to queue
[2024-02-12T19:05:44.251+0000] {logging_mixin.py:188} INFO - [2024-02-12T19:05:44.251+0000] {dagbag.py:538} INFO - Filling up the DagBag from /home/airflow/.local/lib/python3.8/site-packages/airflow/example_dags/example_skip_dag.py
[2024-02-12T19:05:44.262+0000] {processor.py:840} INFO - DAG(s) 'example_skip_dag' retrieved from /home/airflow/.local/lib/python3.8/site-packages/airflow/example_dags/example_skip_dag.py
[2024-02-12T19:05:44.289+0000] {logging_mixin.py:188} INFO - [2024-02-12T19:05:44.288+0000] {dag.py:3036} INFO - Sync 1 DAGs
[2024-02-12T19:05:44.342+0000] {logging_mixin.py:188} INFO - [2024-02-12T19:05:44.341+0000] {dag.py:3823} INFO - Setting next_dagrun for example_skip_dag to 2024-02-11 00:00:00+00:00, run_after=2024-02-12 00:00:00+00:00
[2024-02-12T19:05:44.379+0000] {processor.py:183} INFO - Processing /home/airflow/.local/lib/python3.8/site-packages/airflow/example_dags/example_skip_dag.py took 0.136 seconds
[2024-02-12T19:06:14.469+0000] {processor.py:161} INFO - Started process (PID=3219) to work on /home/airflow/.local/lib/python3.8/site-packages/airflow/example_dags/example_skip_dag.py
[2024-02-12T19:06:14.470+0000] {processor.py:830} INFO - Processing file /home/airflow/.local/lib/python3.8/site-packages/airflow/example_dags/example_skip_dag.py for tasks to queue
[2024-02-12T19:06:14.471+0000] {logging_mixin.py:188} INFO - [2024-02-12T19:06:14.471+0000] {dagbag.py:538} INFO - Filling up the DagBag from /home/airflow/.local/lib/python3.8/site-packages/airflow/example_dags/example_skip_dag.py
[2024-02-12T19:06:14.477+0000] {processor.py:840} INFO - DAG(s) 'example_skip_dag' retrieved from /home/airflow/.local/lib/python3.8/site-packages/airflow/example_dags/example_skip_dag.py
[2024-02-12T19:06:14.494+0000] {logging_mixin.py:188} INFO - [2024-02-12T19:06:14.494+0000] {dag.py:3036} INFO - Sync 1 DAGs
[2024-02-12T19:06:14.511+0000] {logging_mixin.py:188} INFO - [2024-02-12T19:06:14.511+0000] {dag.py:3823} INFO - Setting next_dagrun for example_skip_dag to 2024-02-11 00:00:00+00:00, run_after=2024-02-12 00:00:00+00:00
[2024-02-12T19:06:14.532+0000] {processor.py:183} INFO - Processing /home/airflow/.local/lib/python3.8/site-packages/airflow/example_dags/example_skip_dag.py took 0.066 seconds
[2024-02-12T19:06:44.914+0000] {processor.py:161} INFO - Started process (PID=3464) to work on /home/airflow/.local/lib/python3.8/site-packages/airflow/example_dags/example_skip_dag.py
[2024-02-12T19:06:44.915+0000] {processor.py:830} INFO - Processing file /home/airflow/.local/lib/python3.8/site-packages/airflow/example_dags/example_skip_dag.py for tasks to queue
[2024-02-12T19:06:44.916+0000] {logging_mixin.py:188} INFO - [2024-02-12T19:06:44.916+0000] {dagbag.py:538} INFO - Filling up the DagBag from /home/airflow/.local/lib/python3.8/site-packages/airflow/example_dags/example_skip_dag.py
[2024-02-12T19:06:44.924+0000] {processor.py:840} INFO - DAG(s) 'example_skip_dag' retrieved from /home/airflow/.local/lib/python3.8/site-packages/airflow/example_dags/example_skip_dag.py
[2024-02-12T19:06:44.945+0000] {logging_mixin.py:188} INFO - [2024-02-12T19:06:44.945+0000] {dag.py:3036} INFO - Sync 1 DAGs
[2024-02-12T19:06:44.963+0000] {logging_mixin.py:188} INFO - [2024-02-12T19:06:44.962+0000] {dag.py:3823} INFO - Setting next_dagrun for example_skip_dag to 2024-02-11 00:00:00+00:00, run_after=2024-02-12 00:00:00+00:00
[2024-02-12T19:06:45.000+0000] {processor.py:183} INFO - Processing /home/airflow/.local/lib/python3.8/site-packages/airflow/example_dags/example_skip_dag.py took 0.090 seconds
[2024-02-12T19:07:15.145+0000] {processor.py:161} INFO - Started process (PID=3714) to work on /home/airflow/.local/lib/python3.8/site-packages/airflow/example_dags/example_skip_dag.py
[2024-02-12T19:07:15.146+0000] {processor.py:830} INFO - Processing file /home/airflow/.local/lib/python3.8/site-packages/airflow/example_dags/example_skip_dag.py for tasks to queue
[2024-02-12T19:07:15.147+0000] {logging_mixin.py:188} INFO - [2024-02-12T19:07:15.147+0000] {dagbag.py:538} INFO - Filling up the DagBag from /home/airflow/.local/lib/python3.8/site-packages/airflow/example_dags/example_skip_dag.py
[2024-02-12T19:07:15.153+0000] {processor.py:840} INFO - DAG(s) 'example_skip_dag' retrieved from /home/airflow/.local/lib/python3.8/site-packages/airflow/example_dags/example_skip_dag.py
[2024-02-12T19:07:15.171+0000] {logging_mixin.py:188} INFO - [2024-02-12T19:07:15.171+0000] {dag.py:3036} INFO - Sync 1 DAGs
[2024-02-12T19:07:15.188+0000] {logging_mixin.py:188} INFO - [2024-02-12T19:07:15.188+0000] {dag.py:3823} INFO - Setting next_dagrun for example_skip_dag to 2024-02-11 00:00:00+00:00, run_after=2024-02-12 00:00:00+00:00
[2024-02-12T19:07:15.209+0000] {processor.py:183} INFO - Processing /home/airflow/.local/lib/python3.8/site-packages/airflow/example_dags/example_skip_dag.py took 0.066 seconds
[2024-02-12T19:07:45.292+0000] {processor.py:161} INFO - Started process (PID=3959) to work on /home/airflow/.local/lib/python3.8/site-packages/airflow/example_dags/example_skip_dag.py
[2024-02-12T19:07:45.294+0000] {processor.py:830} INFO - Processing file /home/airflow/.local/lib/python3.8/site-packages/airflow/example_dags/example_skip_dag.py for tasks to queue
[2024-02-12T19:07:45.294+0000] {logging_mixin.py:188} INFO - [2024-02-12T19:07:45.294+0000] {dagbag.py:538} INFO - Filling up the DagBag from /home/airflow/.local/lib/python3.8/site-packages/airflow/example_dags/example_skip_dag.py
[2024-02-12T19:07:45.303+0000] {processor.py:840} INFO - DAG(s) 'example_skip_dag' retrieved from /home/airflow/.local/lib/python3.8/site-packages/airflow/example_dags/example_skip_dag.py
[2024-02-12T19:07:45.339+0000] {logging_mixin.py:188} INFO - [2024-02-12T19:07:45.339+0000] {dag.py:3036} INFO - Sync 1 DAGs
[2024-02-12T19:07:45.379+0000] {logging_mixin.py:188} INFO - [2024-02-12T19:07:45.379+0000] {dag.py:3823} INFO - Setting next_dagrun for example_skip_dag to 2024-02-11 00:00:00+00:00, run_after=2024-02-12 00:00:00+00:00
[2024-02-12T19:07:45.423+0000] {processor.py:183} INFO - Processing /home/airflow/.local/lib/python3.8/site-packages/airflow/example_dags/example_skip_dag.py took 0.135 seconds
[2024-02-12T19:08:15.624+0000] {processor.py:161} INFO - Started process (PID=4207) to work on /home/airflow/.local/lib/python3.8/site-packages/airflow/example_dags/example_skip_dag.py
[2024-02-12T19:08:15.625+0000] {processor.py:830} INFO - Processing file /home/airflow/.local/lib/python3.8/site-packages/airflow/example_dags/example_skip_dag.py for tasks to queue
[2024-02-12T19:08:15.626+0000] {logging_mixin.py:188} INFO - [2024-02-12T19:08:15.625+0000] {dagbag.py:538} INFO - Filling up the DagBag from /home/airflow/.local/lib/python3.8/site-packages/airflow/example_dags/example_skip_dag.py
[2024-02-12T19:08:15.634+0000] {processor.py:840} INFO - DAG(s) 'example_skip_dag' retrieved from /home/airflow/.local/lib/python3.8/site-packages/airflow/example_dags/example_skip_dag.py
[2024-02-12T19:08:15.656+0000] {logging_mixin.py:188} INFO - [2024-02-12T19:08:15.656+0000] {dag.py:3036} INFO - Sync 1 DAGs
[2024-02-12T19:08:15.677+0000] {logging_mixin.py:188} INFO - [2024-02-12T19:08:15.677+0000] {dag.py:3823} INFO - Setting next_dagrun for example_skip_dag to 2024-02-11 00:00:00+00:00, run_after=2024-02-12 00:00:00+00:00
[2024-02-12T19:08:15.700+0000] {processor.py:183} INFO - Processing /home/airflow/.local/lib/python3.8/site-packages/airflow/example_dags/example_skip_dag.py took 0.080 seconds
[2024-02-12T19:08:46.042+0000] {processor.py:161} INFO - Started process (PID=4455) to work on /home/airflow/.local/lib/python3.8/site-packages/airflow/example_dags/example_skip_dag.py
[2024-02-12T19:08:46.044+0000] {processor.py:830} INFO - Processing file /home/airflow/.local/lib/python3.8/site-packages/airflow/example_dags/example_skip_dag.py for tasks to queue
[2024-02-12T19:08:46.045+0000] {logging_mixin.py:188} INFO - [2024-02-12T19:08:46.045+0000] {dagbag.py:538} INFO - Filling up the DagBag from /home/airflow/.local/lib/python3.8/site-packages/airflow/example_dags/example_skip_dag.py
[2024-02-12T19:08:46.054+0000] {processor.py:840} INFO - DAG(s) 'example_skip_dag' retrieved from /home/airflow/.local/lib/python3.8/site-packages/airflow/example_dags/example_skip_dag.py
[2024-02-12T19:08:46.076+0000] {logging_mixin.py:188} INFO - [2024-02-12T19:08:46.076+0000] {dag.py:3036} INFO - Sync 1 DAGs
[2024-02-12T19:08:46.097+0000] {logging_mixin.py:188} INFO - [2024-02-12T19:08:46.097+0000] {dag.py:3823} INFO - Setting next_dagrun for example_skip_dag to 2024-02-11 00:00:00+00:00, run_after=2024-02-12 00:00:00+00:00
[2024-02-12T19:08:46.117+0000] {processor.py:183} INFO - Processing /home/airflow/.local/lib/python3.8/site-packages/airflow/example_dags/example_skip_dag.py took 0.078 seconds
[2024-02-12T19:09:16.354+0000] {processor.py:161} INFO - Started process (PID=4706) to work on /home/airflow/.local/lib/python3.8/site-packages/airflow/example_dags/example_skip_dag.py
[2024-02-12T19:09:16.354+0000] {processor.py:830} INFO - Processing file /home/airflow/.local/lib/python3.8/site-packages/airflow/example_dags/example_skip_dag.py for tasks to queue
[2024-02-12T19:09:16.355+0000] {logging_mixin.py:188} INFO - [2024-02-12T19:09:16.355+0000] {dagbag.py:538} INFO - Filling up the DagBag from /home/airflow/.local/lib/python3.8/site-packages/airflow/example_dags/example_skip_dag.py
[2024-02-12T19:09:16.361+0000] {processor.py:840} INFO - DAG(s) 'example_skip_dag' retrieved from /home/airflow/.local/lib/python3.8/site-packages/airflow/example_dags/example_skip_dag.py
[2024-02-12T19:09:16.377+0000] {logging_mixin.py:188} INFO - [2024-02-12T19:09:16.377+0000] {dag.py:3036} INFO - Sync 1 DAGs
[2024-02-12T19:09:16.394+0000] {logging_mixin.py:188} INFO - [2024-02-12T19:09:16.394+0000] {dag.py:3823} INFO - Setting next_dagrun for example_skip_dag to 2024-02-11 00:00:00+00:00, run_after=2024-02-12 00:00:00+00:00
[2024-02-12T19:09:16.415+0000] {processor.py:183} INFO - Processing /home/airflow/.local/lib/python3.8/site-packages/airflow/example_dags/example_skip_dag.py took 0.064 seconds
[2024-02-12T19:09:46.816+0000] {processor.py:161} INFO - Started process (PID=4953) to work on /home/airflow/.local/lib/python3.8/site-packages/airflow/example_dags/example_skip_dag.py
[2024-02-12T19:09:46.817+0000] {processor.py:830} INFO - Processing file /home/airflow/.local/lib/python3.8/site-packages/airflow/example_dags/example_skip_dag.py for tasks to queue
[2024-02-12T19:09:46.817+0000] {logging_mixin.py:188} INFO - [2024-02-12T19:09:46.817+0000] {dagbag.py:538} INFO - Filling up the DagBag from /home/airflow/.local/lib/python3.8/site-packages/airflow/example_dags/example_skip_dag.py
[2024-02-12T19:09:46.826+0000] {processor.py:840} INFO - DAG(s) 'example_skip_dag' retrieved from /home/airflow/.local/lib/python3.8/site-packages/airflow/example_dags/example_skip_dag.py
[2024-02-12T19:09:46.851+0000] {logging_mixin.py:188} INFO - [2024-02-12T19:09:46.851+0000] {dag.py:3036} INFO - Sync 1 DAGs
[2024-02-12T19:09:46.872+0000] {logging_mixin.py:188} INFO - [2024-02-12T19:09:46.872+0000] {dag.py:3823} INFO - Setting next_dagrun for example_skip_dag to 2024-02-11 00:00:00+00:00, run_after=2024-02-12 00:00:00+00:00
[2024-02-12T19:09:46.893+0000] {processor.py:183} INFO - Processing /home/airflow/.local/lib/python3.8/site-packages/airflow/example_dags/example_skip_dag.py took 0.079 seconds
[2024-02-12T19:10:17.120+0000] {processor.py:161} INFO - Started process (PID=5198) to work on /home/airflow/.local/lib/python3.8/site-packages/airflow/example_dags/example_skip_dag.py
[2024-02-12T19:10:17.121+0000] {processor.py:830} INFO - Processing file /home/airflow/.local/lib/python3.8/site-packages/airflow/example_dags/example_skip_dag.py for tasks to queue
[2024-02-12T19:10:17.123+0000] {logging_mixin.py:188} INFO - [2024-02-12T19:10:17.122+0000] {dagbag.py:538} INFO - Filling up the DagBag from /home/airflow/.local/lib/python3.8/site-packages/airflow/example_dags/example_skip_dag.py
[2024-02-12T19:10:17.131+0000] {processor.py:840} INFO - DAG(s) 'example_skip_dag' retrieved from /home/airflow/.local/lib/python3.8/site-packages/airflow/example_dags/example_skip_dag.py
[2024-02-12T19:10:17.152+0000] {logging_mixin.py:188} INFO - [2024-02-12T19:10:17.152+0000] {dag.py:3036} INFO - Sync 1 DAGs
[2024-02-12T19:10:17.169+0000] {logging_mixin.py:188} INFO - [2024-02-12T19:10:17.169+0000] {dag.py:3823} INFO - Setting next_dagrun for example_skip_dag to 2024-02-11 00:00:00+00:00, run_after=2024-02-12 00:00:00+00:00
[2024-02-12T19:10:17.191+0000] {processor.py:183} INFO - Processing /home/airflow/.local/lib/python3.8/site-packages/airflow/example_dags/example_skip_dag.py took 0.074 seconds
[2024-02-12T19:10:48.181+0000] {processor.py:161} INFO - Started process (PID=5448) to work on /home/airflow/.local/lib/python3.8/site-packages/airflow/example_dags/example_skip_dag.py
[2024-02-12T19:10:48.182+0000] {processor.py:830} INFO - Processing file /home/airflow/.local/lib/python3.8/site-packages/airflow/example_dags/example_skip_dag.py for tasks to queue
[2024-02-12T19:10:48.183+0000] {logging_mixin.py:188} INFO - [2024-02-12T19:10:48.183+0000] {dagbag.py:538} INFO - Filling up the DagBag from /home/airflow/.local/lib/python3.8/site-packages/airflow/example_dags/example_skip_dag.py
[2024-02-12T19:10:48.189+0000] {processor.py:840} INFO - DAG(s) 'example_skip_dag' retrieved from /home/airflow/.local/lib/python3.8/site-packages/airflow/example_dags/example_skip_dag.py
[2024-02-12T19:10:48.205+0000] {logging_mixin.py:188} INFO - [2024-02-12T19:10:48.205+0000] {dag.py:3036} INFO - Sync 1 DAGs
[2024-02-12T19:10:48.223+0000] {logging_mixin.py:188} INFO - [2024-02-12T19:10:48.223+0000] {dag.py:3823} INFO - Setting next_dagrun for example_skip_dag to 2024-02-11 00:00:00+00:00, run_after=2024-02-12 00:00:00+00:00
[2024-02-12T19:10:48.246+0000] {processor.py:183} INFO - Processing /home/airflow/.local/lib/python3.8/site-packages/airflow/example_dags/example_skip_dag.py took 0.068 seconds
[2024-02-12T19:11:18.609+0000] {processor.py:161} INFO - Started process (PID=5693) to work on /home/airflow/.local/lib/python3.8/site-packages/airflow/example_dags/example_skip_dag.py
[2024-02-12T19:11:18.611+0000] {processor.py:830} INFO - Processing file /home/airflow/.local/lib/python3.8/site-packages/airflow/example_dags/example_skip_dag.py for tasks to queue
[2024-02-12T19:11:18.612+0000] {logging_mixin.py:188} INFO - [2024-02-12T19:11:18.611+0000] {dagbag.py:538} INFO - Filling up the DagBag from /home/airflow/.local/lib/python3.8/site-packages/airflow/example_dags/example_skip_dag.py
[2024-02-12T19:11:18.620+0000] {processor.py:840} INFO - DAG(s) 'example_skip_dag' retrieved from /home/airflow/.local/lib/python3.8/site-packages/airflow/example_dags/example_skip_dag.py
[2024-02-12T19:11:18.646+0000] {logging_mixin.py:188} INFO - [2024-02-12T19:11:18.645+0000] {dag.py:3036} INFO - Sync 1 DAGs
[2024-02-12T19:11:18.666+0000] {logging_mixin.py:188} INFO - [2024-02-12T19:11:18.666+0000] {dag.py:3823} INFO - Setting next_dagrun for example_skip_dag to 2024-02-11 00:00:00+00:00, run_after=2024-02-12 00:00:00+00:00
[2024-02-12T19:11:18.691+0000] {processor.py:183} INFO - Processing /home/airflow/.local/lib/python3.8/site-packages/airflow/example_dags/example_skip_dag.py took 0.085 seconds
[2024-02-12T19:11:49.030+0000] {processor.py:161} INFO - Started process (PID=5942) to work on /home/airflow/.local/lib/python3.8/site-packages/airflow/example_dags/example_skip_dag.py
[2024-02-12T19:11:49.030+0000] {processor.py:830} INFO - Processing file /home/airflow/.local/lib/python3.8/site-packages/airflow/example_dags/example_skip_dag.py for tasks to queue
[2024-02-12T19:11:49.031+0000] {logging_mixin.py:188} INFO - [2024-02-12T19:11:49.031+0000] {dagbag.py:538} INFO - Filling up the DagBag from /home/airflow/.local/lib/python3.8/site-packages/airflow/example_dags/example_skip_dag.py
[2024-02-12T19:11:49.037+0000] {processor.py:840} INFO - DAG(s) 'example_skip_dag' retrieved from /home/airflow/.local/lib/python3.8/site-packages/airflow/example_dags/example_skip_dag.py
[2024-02-12T19:11:49.053+0000] {logging_mixin.py:188} INFO - [2024-02-12T19:11:49.053+0000] {dag.py:3036} INFO - Sync 1 DAGs
[2024-02-12T19:11:49.071+0000] {logging_mixin.py:188} INFO - [2024-02-12T19:11:49.070+0000] {dag.py:3823} INFO - Setting next_dagrun for example_skip_dag to 2024-02-11 00:00:00+00:00, run_after=2024-02-12 00:00:00+00:00
[2024-02-12T19:11:49.101+0000] {processor.py:183} INFO - Processing /home/airflow/.local/lib/python3.8/site-packages/airflow/example_dags/example_skip_dag.py took 0.074 seconds
[2024-02-12T19:12:19.968+0000] {processor.py:161} INFO - Started process (PID=6189) to work on /home/airflow/.local/lib/python3.8/site-packages/airflow/example_dags/example_skip_dag.py
[2024-02-12T19:12:19.969+0000] {processor.py:830} INFO - Processing file /home/airflow/.local/lib/python3.8/site-packages/airflow/example_dags/example_skip_dag.py for tasks to queue
[2024-02-12T19:12:19.970+0000] {logging_mixin.py:188} INFO - [2024-02-12T19:12:19.970+0000] {dagbag.py:538} INFO - Filling up the DagBag from /home/airflow/.local/lib/python3.8/site-packages/airflow/example_dags/example_skip_dag.py
[2024-02-12T19:12:19.976+0000] {processor.py:840} INFO - DAG(s) 'example_skip_dag' retrieved from /home/airflow/.local/lib/python3.8/site-packages/airflow/example_dags/example_skip_dag.py
[2024-02-12T19:12:19.992+0000] {logging_mixin.py:188} INFO - [2024-02-12T19:12:19.992+0000] {dag.py:3036} INFO - Sync 1 DAGs
[2024-02-12T19:12:20.011+0000] {logging_mixin.py:188} INFO - [2024-02-12T19:12:20.010+0000] {dag.py:3823} INFO - Setting next_dagrun for example_skip_dag to 2024-02-11 00:00:00+00:00, run_after=2024-02-12 00:00:00+00:00
[2024-02-12T19:12:20.032+0000] {processor.py:183} INFO - Processing /home/airflow/.local/lib/python3.8/site-packages/airflow/example_dags/example_skip_dag.py took 0.067 seconds
[2024-02-12T19:12:50.371+0000] {processor.py:161} INFO - Started process (PID=6436) to work on /home/airflow/.local/lib/python3.8/site-packages/airflow/example_dags/example_skip_dag.py
[2024-02-12T19:12:50.372+0000] {processor.py:830} INFO - Processing file /home/airflow/.local/lib/python3.8/site-packages/airflow/example_dags/example_skip_dag.py for tasks to queue
[2024-02-12T19:12:50.373+0000] {logging_mixin.py:188} INFO - [2024-02-12T19:12:50.373+0000] {dagbag.py:538} INFO - Filling up the DagBag from /home/airflow/.local/lib/python3.8/site-packages/airflow/example_dags/example_skip_dag.py
[2024-02-12T19:12:50.391+0000] {processor.py:840} INFO - DAG(s) 'example_skip_dag' retrieved from /home/airflow/.local/lib/python3.8/site-packages/airflow/example_dags/example_skip_dag.py
[2024-02-12T19:12:50.423+0000] {logging_mixin.py:188} INFO - [2024-02-12T19:12:50.422+0000] {dag.py:3036} INFO - Sync 1 DAGs
[2024-02-12T19:12:50.447+0000] {logging_mixin.py:188} INFO - [2024-02-12T19:12:50.447+0000] {dag.py:3823} INFO - Setting next_dagrun for example_skip_dag to 2024-02-11 00:00:00+00:00, run_after=2024-02-12 00:00:00+00:00
[2024-02-12T19:12:50.472+0000] {processor.py:183} INFO - Processing /home/airflow/.local/lib/python3.8/site-packages/airflow/example_dags/example_skip_dag.py took 0.106 seconds
[2024-02-12T19:13:20.565+0000] {processor.py:161} INFO - Started process (PID=6684) to work on /home/airflow/.local/lib/python3.8/site-packages/airflow/example_dags/example_skip_dag.py
[2024-02-12T19:13:20.566+0000] {processor.py:830} INFO - Processing file /home/airflow/.local/lib/python3.8/site-packages/airflow/example_dags/example_skip_dag.py for tasks to queue
[2024-02-12T19:13:20.567+0000] {logging_mixin.py:188} INFO - [2024-02-12T19:13:20.567+0000] {dagbag.py:538} INFO - Filling up the DagBag from /home/airflow/.local/lib/python3.8/site-packages/airflow/example_dags/example_skip_dag.py
[2024-02-12T19:13:20.575+0000] {processor.py:840} INFO - DAG(s) 'example_skip_dag' retrieved from /home/airflow/.local/lib/python3.8/site-packages/airflow/example_dags/example_skip_dag.py
[2024-02-12T19:13:20.595+0000] {logging_mixin.py:188} INFO - [2024-02-12T19:13:20.595+0000] {dag.py:3036} INFO - Sync 1 DAGs
[2024-02-12T19:13:20.613+0000] {logging_mixin.py:188} INFO - [2024-02-12T19:13:20.613+0000] {dag.py:3823} INFO - Setting next_dagrun for example_skip_dag to 2024-02-11 00:00:00+00:00, run_after=2024-02-12 00:00:00+00:00
[2024-02-12T19:13:20.637+0000] {processor.py:183} INFO - Processing /home/airflow/.local/lib/python3.8/site-packages/airflow/example_dags/example_skip_dag.py took 0.075 seconds
[2024-02-12T19:13:50.758+0000] {processor.py:161} INFO - Started process (PID=6931) to work on /home/airflow/.local/lib/python3.8/site-packages/airflow/example_dags/example_skip_dag.py
[2024-02-12T19:13:50.760+0000] {processor.py:830} INFO - Processing file /home/airflow/.local/lib/python3.8/site-packages/airflow/example_dags/example_skip_dag.py for tasks to queue
[2024-02-12T19:13:50.761+0000] {logging_mixin.py:188} INFO - [2024-02-12T19:13:50.761+0000] {dagbag.py:538} INFO - Filling up the DagBag from /home/airflow/.local/lib/python3.8/site-packages/airflow/example_dags/example_skip_dag.py
[2024-02-12T19:13:50.771+0000] {processor.py:840} INFO - DAG(s) 'example_skip_dag' retrieved from /home/airflow/.local/lib/python3.8/site-packages/airflow/example_dags/example_skip_dag.py
[2024-02-12T19:13:50.796+0000] {logging_mixin.py:188} INFO - [2024-02-12T19:13:50.796+0000] {dag.py:3036} INFO - Sync 1 DAGs
[2024-02-12T19:13:50.818+0000] {logging_mixin.py:188} INFO - [2024-02-12T19:13:50.818+0000] {dag.py:3823} INFO - Setting next_dagrun for example_skip_dag to 2024-02-11 00:00:00+00:00, run_after=2024-02-12 00:00:00+00:00
[2024-02-12T19:13:50.838+0000] {processor.py:183} INFO - Processing /home/airflow/.local/lib/python3.8/site-packages/airflow/example_dags/example_skip_dag.py took 0.083 seconds
[2024-02-12T19:14:21.106+0000] {processor.py:161} INFO - Started process (PID=7180) to work on /home/airflow/.local/lib/python3.8/site-packages/airflow/example_dags/example_skip_dag.py
[2024-02-12T19:14:21.106+0000] {processor.py:830} INFO - Processing file /home/airflow/.local/lib/python3.8/site-packages/airflow/example_dags/example_skip_dag.py for tasks to queue
[2024-02-12T19:14:21.107+0000] {logging_mixin.py:188} INFO - [2024-02-12T19:14:21.107+0000] {dagbag.py:538} INFO - Filling up the DagBag from /home/airflow/.local/lib/python3.8/site-packages/airflow/example_dags/example_skip_dag.py
[2024-02-12T19:14:21.114+0000] {processor.py:840} INFO - DAG(s) 'example_skip_dag' retrieved from /home/airflow/.local/lib/python3.8/site-packages/airflow/example_dags/example_skip_dag.py
[2024-02-12T19:14:21.131+0000] {logging_mixin.py:188} INFO - [2024-02-12T19:14:21.130+0000] {dag.py:3036} INFO - Sync 1 DAGs
[2024-02-12T19:14:21.148+0000] {logging_mixin.py:188} INFO - [2024-02-12T19:14:21.147+0000] {dag.py:3823} INFO - Setting next_dagrun for example_skip_dag to 2024-02-11 00:00:00+00:00, run_after=2024-02-12 00:00:00+00:00
[2024-02-12T19:14:21.172+0000] {processor.py:183} INFO - Processing /home/airflow/.local/lib/python3.8/site-packages/airflow/example_dags/example_skip_dag.py took 0.069 seconds
[2024-02-12T19:14:51.713+0000] {processor.py:161} INFO - Started process (PID=7424) to work on /home/airflow/.local/lib/python3.8/site-packages/airflow/example_dags/example_skip_dag.py
[2024-02-12T19:14:51.715+0000] {processor.py:830} INFO - Processing file /home/airflow/.local/lib/python3.8/site-packages/airflow/example_dags/example_skip_dag.py for tasks to queue
[2024-02-12T19:14:51.716+0000] {logging_mixin.py:188} INFO - [2024-02-12T19:14:51.716+0000] {dagbag.py:538} INFO - Filling up the DagBag from /home/airflow/.local/lib/python3.8/site-packages/airflow/example_dags/example_skip_dag.py
[2024-02-12T19:14:51.733+0000] {processor.py:840} INFO - DAG(s) 'example_skip_dag' retrieved from /home/airflow/.local/lib/python3.8/site-packages/airflow/example_dags/example_skip_dag.py
[2024-02-12T19:14:51.758+0000] {logging_mixin.py:188} INFO - [2024-02-12T19:14:51.757+0000] {dag.py:3036} INFO - Sync 1 DAGs
[2024-02-12T19:14:51.784+0000] {logging_mixin.py:188} INFO - [2024-02-12T19:14:51.784+0000] {dag.py:3823} INFO - Setting next_dagrun for example_skip_dag to 2024-02-11 00:00:00+00:00, run_after=2024-02-12 00:00:00+00:00
[2024-02-12T19:14:51.804+0000] {processor.py:183} INFO - Processing /home/airflow/.local/lib/python3.8/site-packages/airflow/example_dags/example_skip_dag.py took 0.095 seconds
[2024-02-12T19:15:22.412+0000] {processor.py:161} INFO - Started process (PID=7671) to work on /home/airflow/.local/lib/python3.8/site-packages/airflow/example_dags/example_skip_dag.py
[2024-02-12T19:15:22.413+0000] {processor.py:830} INFO - Processing file /home/airflow/.local/lib/python3.8/site-packages/airflow/example_dags/example_skip_dag.py for tasks to queue
[2024-02-12T19:15:22.414+0000] {logging_mixin.py:188} INFO - [2024-02-12T19:15:22.414+0000] {dagbag.py:538} INFO - Filling up the DagBag from /home/airflow/.local/lib/python3.8/site-packages/airflow/example_dags/example_skip_dag.py
[2024-02-12T19:15:22.422+0000] {processor.py:840} INFO - DAG(s) 'example_skip_dag' retrieved from /home/airflow/.local/lib/python3.8/site-packages/airflow/example_dags/example_skip_dag.py
[2024-02-12T19:15:22.447+0000] {logging_mixin.py:188} INFO - [2024-02-12T19:15:22.447+0000] {dag.py:3036} INFO - Sync 1 DAGs
[2024-02-12T19:15:22.468+0000] {logging_mixin.py:188} INFO - [2024-02-12T19:15:22.468+0000] {dag.py:3823} INFO - Setting next_dagrun for example_skip_dag to 2024-02-11 00:00:00+00:00, run_after=2024-02-12 00:00:00+00:00
[2024-02-12T19:15:22.490+0000] {processor.py:183} INFO - Processing /home/airflow/.local/lib/python3.8/site-packages/airflow/example_dags/example_skip_dag.py took 0.083 seconds
[2024-02-12T19:15:52.902+0000] {processor.py:161} INFO - Started process (PID=7919) to work on /home/airflow/.local/lib/python3.8/site-packages/airflow/example_dags/example_skip_dag.py
[2024-02-12T19:15:52.903+0000] {processor.py:830} INFO - Processing file /home/airflow/.local/lib/python3.8/site-packages/airflow/example_dags/example_skip_dag.py for tasks to queue
[2024-02-12T19:15:52.904+0000] {logging_mixin.py:188} INFO - [2024-02-12T19:15:52.904+0000] {dagbag.py:538} INFO - Filling up the DagBag from /home/airflow/.local/lib/python3.8/site-packages/airflow/example_dags/example_skip_dag.py
[2024-02-12T19:15:52.912+0000] {processor.py:840} INFO - DAG(s) 'example_skip_dag' retrieved from /home/airflow/.local/lib/python3.8/site-packages/airflow/example_dags/example_skip_dag.py
[2024-02-12T19:15:52.936+0000] {logging_mixin.py:188} INFO - [2024-02-12T19:15:52.935+0000] {dag.py:3036} INFO - Sync 1 DAGs
[2024-02-12T19:15:52.958+0000] {logging_mixin.py:188} INFO - [2024-02-12T19:15:52.958+0000] {dag.py:3823} INFO - Setting next_dagrun for example_skip_dag to 2024-02-11 00:00:00+00:00, run_after=2024-02-12 00:00:00+00:00
[2024-02-12T19:15:52.980+0000] {processor.py:183} INFO - Processing /home/airflow/.local/lib/python3.8/site-packages/airflow/example_dags/example_skip_dag.py took 0.081 seconds
[2024-02-12T19:16:23.328+0000] {processor.py:161} INFO - Started process (PID=8167) to work on /home/airflow/.local/lib/python3.8/site-packages/airflow/example_dags/example_skip_dag.py
[2024-02-12T19:16:23.329+0000] {processor.py:830} INFO - Processing file /home/airflow/.local/lib/python3.8/site-packages/airflow/example_dags/example_skip_dag.py for tasks to queue
[2024-02-12T19:16:23.330+0000] {logging_mixin.py:188} INFO - [2024-02-12T19:16:23.329+0000] {dagbag.py:538} INFO - Filling up the DagBag from /home/airflow/.local/lib/python3.8/site-packages/airflow/example_dags/example_skip_dag.py
[2024-02-12T19:16:23.338+0000] {processor.py:840} INFO - DAG(s) 'example_skip_dag' retrieved from /home/airflow/.local/lib/python3.8/site-packages/airflow/example_dags/example_skip_dag.py
[2024-02-12T19:16:23.359+0000] {logging_mixin.py:188} INFO - [2024-02-12T19:16:23.358+0000] {dag.py:3036} INFO - Sync 1 DAGs
[2024-02-12T19:16:23.382+0000] {logging_mixin.py:188} INFO - [2024-02-12T19:16:23.382+0000] {dag.py:3823} INFO - Setting next_dagrun for example_skip_dag to 2024-02-11 00:00:00+00:00, run_after=2024-02-12 00:00:00+00:00
[2024-02-12T19:16:23.402+0000] {processor.py:183} INFO - Processing /home/airflow/.local/lib/python3.8/site-packages/airflow/example_dags/example_skip_dag.py took 0.078 seconds
[2024-02-12T19:16:53.889+0000] {processor.py:161} INFO - Started process (PID=8414) to work on /home/airflow/.local/lib/python3.8/site-packages/airflow/example_dags/example_skip_dag.py
[2024-02-12T19:16:53.890+0000] {processor.py:830} INFO - Processing file /home/airflow/.local/lib/python3.8/site-packages/airflow/example_dags/example_skip_dag.py for tasks to queue
[2024-02-12T19:16:53.891+0000] {logging_mixin.py:188} INFO - [2024-02-12T19:16:53.891+0000] {dagbag.py:538} INFO - Filling up the DagBag from /home/airflow/.local/lib/python3.8/site-packages/airflow/example_dags/example_skip_dag.py
[2024-02-12T19:16:53.899+0000] {processor.py:840} INFO - DAG(s) 'example_skip_dag' retrieved from /home/airflow/.local/lib/python3.8/site-packages/airflow/example_dags/example_skip_dag.py
[2024-02-12T19:16:53.921+0000] {logging_mixin.py:188} INFO - [2024-02-12T19:16:53.921+0000] {dag.py:3036} INFO - Sync 1 DAGs
[2024-02-12T19:16:53.944+0000] {logging_mixin.py:188} INFO - [2024-02-12T19:16:53.944+0000] {dag.py:3823} INFO - Setting next_dagrun for example_skip_dag to 2024-02-11 00:00:00+00:00, run_after=2024-02-12 00:00:00+00:00
[2024-02-12T19:16:53.964+0000] {processor.py:183} INFO - Processing /home/airflow/.local/lib/python3.8/site-packages/airflow/example_dags/example_skip_dag.py took 0.079 seconds
[2024-02-12T19:17:24.214+0000] {processor.py:161} INFO - Started process (PID=8661) to work on /home/airflow/.local/lib/python3.8/site-packages/airflow/example_dags/example_skip_dag.py
[2024-02-12T19:17:24.215+0000] {processor.py:830} INFO - Processing file /home/airflow/.local/lib/python3.8/site-packages/airflow/example_dags/example_skip_dag.py for tasks to queue
[2024-02-12T19:17:24.216+0000] {logging_mixin.py:188} INFO - [2024-02-12T19:17:24.216+0000] {dagbag.py:538} INFO - Filling up the DagBag from /home/airflow/.local/lib/python3.8/site-packages/airflow/example_dags/example_skip_dag.py
[2024-02-12T19:17:24.223+0000] {processor.py:840} INFO - DAG(s) 'example_skip_dag' retrieved from /home/airflow/.local/lib/python3.8/site-packages/airflow/example_dags/example_skip_dag.py
[2024-02-12T19:17:24.247+0000] {logging_mixin.py:188} INFO - [2024-02-12T19:17:24.247+0000] {dag.py:3036} INFO - Sync 1 DAGs
[2024-02-12T19:17:24.272+0000] {logging_mixin.py:188} INFO - [2024-02-12T19:17:24.271+0000] {dag.py:3823} INFO - Setting next_dagrun for example_skip_dag to 2024-02-11 00:00:00+00:00, run_after=2024-02-12 00:00:00+00:00
[2024-02-12T19:17:24.296+0000] {processor.py:183} INFO - Processing /home/airflow/.local/lib/python3.8/site-packages/airflow/example_dags/example_skip_dag.py took 0.085 seconds
[2024-02-12T19:17:54.530+0000] {processor.py:161} INFO - Started process (PID=8904) to work on /home/airflow/.local/lib/python3.8/site-packages/airflow/example_dags/example_skip_dag.py
[2024-02-12T19:17:54.531+0000] {processor.py:830} INFO - Processing file /home/airflow/.local/lib/python3.8/site-packages/airflow/example_dags/example_skip_dag.py for tasks to queue
[2024-02-12T19:17:54.532+0000] {logging_mixin.py:188} INFO - [2024-02-12T19:17:54.532+0000] {dagbag.py:538} INFO - Filling up the DagBag from /home/airflow/.local/lib/python3.8/site-packages/airflow/example_dags/example_skip_dag.py
[2024-02-12T19:17:54.540+0000] {processor.py:840} INFO - DAG(s) 'example_skip_dag' retrieved from /home/airflow/.local/lib/python3.8/site-packages/airflow/example_dags/example_skip_dag.py
[2024-02-12T19:17:54.564+0000] {logging_mixin.py:188} INFO - [2024-02-12T19:17:54.564+0000] {dag.py:3036} INFO - Sync 1 DAGs
[2024-02-12T19:17:54.590+0000] {logging_mixin.py:188} INFO - [2024-02-12T19:17:54.590+0000] {dag.py:3823} INFO - Setting next_dagrun for example_skip_dag to 2024-02-11 00:00:00+00:00, run_after=2024-02-12 00:00:00+00:00
[2024-02-12T19:17:54.621+0000] {processor.py:183} INFO - Processing /home/airflow/.local/lib/python3.8/site-packages/airflow/example_dags/example_skip_dag.py took 0.094 seconds
[2024-02-12T19:18:24.757+0000] {processor.py:161} INFO - Started process (PID=9151) to work on /home/airflow/.local/lib/python3.8/site-packages/airflow/example_dags/example_skip_dag.py
[2024-02-12T19:18:24.758+0000] {processor.py:830} INFO - Processing file /home/airflow/.local/lib/python3.8/site-packages/airflow/example_dags/example_skip_dag.py for tasks to queue
[2024-02-12T19:18:24.759+0000] {logging_mixin.py:188} INFO - [2024-02-12T19:18:24.758+0000] {dagbag.py:538} INFO - Filling up the DagBag from /home/airflow/.local/lib/python3.8/site-packages/airflow/example_dags/example_skip_dag.py
[2024-02-12T19:18:24.765+0000] {processor.py:840} INFO - DAG(s) 'example_skip_dag' retrieved from /home/airflow/.local/lib/python3.8/site-packages/airflow/example_dags/example_skip_dag.py
[2024-02-12T19:18:24.782+0000] {logging_mixin.py:188} INFO - [2024-02-12T19:18:24.781+0000] {dag.py:3036} INFO - Sync 1 DAGs
[2024-02-12T19:18:24.800+0000] {logging_mixin.py:188} INFO - [2024-02-12T19:18:24.800+0000] {dag.py:3823} INFO - Setting next_dagrun for example_skip_dag to 2024-02-11 00:00:00+00:00, run_after=2024-02-12 00:00:00+00:00
[2024-02-12T19:18:24.819+0000] {processor.py:183} INFO - Processing /home/airflow/.local/lib/python3.8/site-packages/airflow/example_dags/example_skip_dag.py took 0.064 seconds
[2024-02-12T19:18:55.390+0000] {processor.py:161} INFO - Started process (PID=9399) to work on /home/airflow/.local/lib/python3.8/site-packages/airflow/example_dags/example_skip_dag.py
[2024-02-12T19:18:55.390+0000] {processor.py:830} INFO - Processing file /home/airflow/.local/lib/python3.8/site-packages/airflow/example_dags/example_skip_dag.py for tasks to queue
[2024-02-12T19:18:55.391+0000] {logging_mixin.py:188} INFO - [2024-02-12T19:18:55.391+0000] {dagbag.py:538} INFO - Filling up the DagBag from /home/airflow/.local/lib/python3.8/site-packages/airflow/example_dags/example_skip_dag.py
[2024-02-12T19:18:55.399+0000] {processor.py:840} INFO - DAG(s) 'example_skip_dag' retrieved from /home/airflow/.local/lib/python3.8/site-packages/airflow/example_dags/example_skip_dag.py
[2024-02-12T19:18:55.417+0000] {logging_mixin.py:188} INFO - [2024-02-12T19:18:55.417+0000] {dag.py:3036} INFO - Sync 1 DAGs
[2024-02-12T19:18:55.434+0000] {logging_mixin.py:188} INFO - [2024-02-12T19:18:55.434+0000] {dag.py:3823} INFO - Setting next_dagrun for example_skip_dag to 2024-02-11 00:00:00+00:00, run_after=2024-02-12 00:00:00+00:00
[2024-02-12T19:18:55.456+0000] {processor.py:183} INFO - Processing /home/airflow/.local/lib/python3.8/site-packages/airflow/example_dags/example_skip_dag.py took 0.069 seconds
[2024-02-12T19:19:25.866+0000] {processor.py:161} INFO - Started process (PID=9646) to work on /home/airflow/.local/lib/python3.8/site-packages/airflow/example_dags/example_skip_dag.py
[2024-02-12T19:19:25.867+0000] {processor.py:830} INFO - Processing file /home/airflow/.local/lib/python3.8/site-packages/airflow/example_dags/example_skip_dag.py for tasks to queue
[2024-02-12T19:19:25.868+0000] {logging_mixin.py:188} INFO - [2024-02-12T19:19:25.867+0000] {dagbag.py:538} INFO - Filling up the DagBag from /home/airflow/.local/lib/python3.8/site-packages/airflow/example_dags/example_skip_dag.py
[2024-02-12T19:19:25.873+0000] {processor.py:840} INFO - DAG(s) 'example_skip_dag' retrieved from /home/airflow/.local/lib/python3.8/site-packages/airflow/example_dags/example_skip_dag.py
[2024-02-12T19:19:25.891+0000] {logging_mixin.py:188} INFO - [2024-02-12T19:19:25.891+0000] {dag.py:3036} INFO - Sync 1 DAGs
[2024-02-12T19:19:25.908+0000] {logging_mixin.py:188} INFO - [2024-02-12T19:19:25.908+0000] {dag.py:3823} INFO - Setting next_dagrun for example_skip_dag to 2024-02-11 00:00:00+00:00, run_after=2024-02-12 00:00:00+00:00
[2024-02-12T19:19:25.927+0000] {processor.py:183} INFO - Processing /home/airflow/.local/lib/python3.8/site-packages/airflow/example_dags/example_skip_dag.py took 0.064 seconds
[2024-02-12T19:19:56.516+0000] {processor.py:161} INFO - Started process (PID=9891) to work on /home/airflow/.local/lib/python3.8/site-packages/airflow/example_dags/example_skip_dag.py
[2024-02-12T19:19:56.517+0000] {processor.py:830} INFO - Processing file /home/airflow/.local/lib/python3.8/site-packages/airflow/example_dags/example_skip_dag.py for tasks to queue
[2024-02-12T19:19:56.518+0000] {logging_mixin.py:188} INFO - [2024-02-12T19:19:56.518+0000] {dagbag.py:538} INFO - Filling up the DagBag from /home/airflow/.local/lib/python3.8/site-packages/airflow/example_dags/example_skip_dag.py
[2024-02-12T19:19:56.533+0000] {processor.py:840} INFO - DAG(s) 'example_skip_dag' retrieved from /home/airflow/.local/lib/python3.8/site-packages/airflow/example_dags/example_skip_dag.py
[2024-02-12T19:19:56.579+0000] {logging_mixin.py:188} INFO - [2024-02-12T19:19:56.579+0000] {dag.py:3036} INFO - Sync 1 DAGs
[2024-02-12T19:19:56.602+0000] {logging_mixin.py:188} INFO - [2024-02-12T19:19:56.601+0000] {dag.py:3823} INFO - Setting next_dagrun for example_skip_dag to 2024-02-11 00:00:00+00:00, run_after=2024-02-12 00:00:00+00:00
[2024-02-12T19:19:56.626+0000] {processor.py:183} INFO - Processing /home/airflow/.local/lib/python3.8/site-packages/airflow/example_dags/example_skip_dag.py took 0.114 seconds
[2024-02-12T19:20:27.080+0000] {processor.py:161} INFO - Started process (PID=10141) to work on /home/airflow/.local/lib/python3.8/site-packages/airflow/example_dags/example_skip_dag.py
[2024-02-12T19:20:27.081+0000] {processor.py:830} INFO - Processing file /home/airflow/.local/lib/python3.8/site-packages/airflow/example_dags/example_skip_dag.py for tasks to queue
[2024-02-12T19:20:27.082+0000] {logging_mixin.py:188} INFO - [2024-02-12T19:20:27.082+0000] {dagbag.py:538} INFO - Filling up the DagBag from /home/airflow/.local/lib/python3.8/site-packages/airflow/example_dags/example_skip_dag.py
[2024-02-12T19:20:27.090+0000] {processor.py:840} INFO - DAG(s) 'example_skip_dag' retrieved from /home/airflow/.local/lib/python3.8/site-packages/airflow/example_dags/example_skip_dag.py
[2024-02-12T19:20:27.116+0000] {logging_mixin.py:188} INFO - [2024-02-12T19:20:27.116+0000] {dag.py:3036} INFO - Sync 1 DAGs
[2024-02-12T19:20:27.144+0000] {logging_mixin.py:188} INFO - [2024-02-12T19:20:27.143+0000] {dag.py:3823} INFO - Setting next_dagrun for example_skip_dag to 2024-02-11 00:00:00+00:00, run_after=2024-02-12 00:00:00+00:00
[2024-02-12T19:20:27.168+0000] {processor.py:183} INFO - Processing /home/airflow/.local/lib/python3.8/site-packages/airflow/example_dags/example_skip_dag.py took 0.092 seconds
[2024-02-12T19:20:58.106+0000] {processor.py:161} INFO - Started process (PID=10389) to work on /home/airflow/.local/lib/python3.8/site-packages/airflow/example_dags/example_skip_dag.py
[2024-02-12T19:20:58.107+0000] {processor.py:830} INFO - Processing file /home/airflow/.local/lib/python3.8/site-packages/airflow/example_dags/example_skip_dag.py for tasks to queue
[2024-02-12T19:20:58.108+0000] {logging_mixin.py:188} INFO - [2024-02-12T19:20:58.107+0000] {dagbag.py:538} INFO - Filling up the DagBag from /home/airflow/.local/lib/python3.8/site-packages/airflow/example_dags/example_skip_dag.py
[2024-02-12T19:20:58.114+0000] {processor.py:840} INFO - DAG(s) 'example_skip_dag' retrieved from /home/airflow/.local/lib/python3.8/site-packages/airflow/example_dags/example_skip_dag.py
[2024-02-12T19:20:58.132+0000] {logging_mixin.py:188} INFO - [2024-02-12T19:20:58.132+0000] {dag.py:3036} INFO - Sync 1 DAGs
[2024-02-12T19:20:58.149+0000] {logging_mixin.py:188} INFO - [2024-02-12T19:20:58.149+0000] {dag.py:3823} INFO - Setting next_dagrun for example_skip_dag to 2024-02-11 00:00:00+00:00, run_after=2024-02-12 00:00:00+00:00
[2024-02-12T19:20:58.169+0000] {processor.py:183} INFO - Processing /home/airflow/.local/lib/python3.8/site-packages/airflow/example_dags/example_skip_dag.py took 0.066 seconds
[2024-02-12T19:21:28.896+0000] {processor.py:161} INFO - Started process (PID=10637) to work on /home/airflow/.local/lib/python3.8/site-packages/airflow/example_dags/example_skip_dag.py
[2024-02-12T19:21:28.897+0000] {processor.py:830} INFO - Processing file /home/airflow/.local/lib/python3.8/site-packages/airflow/example_dags/example_skip_dag.py for tasks to queue
[2024-02-12T19:21:28.897+0000] {logging_mixin.py:188} INFO - [2024-02-12T19:21:28.897+0000] {dagbag.py:538} INFO - Filling up the DagBag from /home/airflow/.local/lib/python3.8/site-packages/airflow/example_dags/example_skip_dag.py
[2024-02-12T19:21:28.903+0000] {processor.py:840} INFO - DAG(s) 'example_skip_dag' retrieved from /home/airflow/.local/lib/python3.8/site-packages/airflow/example_dags/example_skip_dag.py
[2024-02-12T19:21:28.920+0000] {logging_mixin.py:188} INFO - [2024-02-12T19:21:28.920+0000] {dag.py:3036} INFO - Sync 1 DAGs
[2024-02-12T19:21:28.937+0000] {logging_mixin.py:188} INFO - [2024-02-12T19:21:28.937+0000] {dag.py:3823} INFO - Setting next_dagrun for example_skip_dag to 2024-02-11 00:00:00+00:00, run_after=2024-02-12 00:00:00+00:00
[2024-02-12T19:21:28.965+0000] {processor.py:183} INFO - Processing /home/airflow/.local/lib/python3.8/site-packages/airflow/example_dags/example_skip_dag.py took 0.072 seconds
[2024-02-12T19:21:59.135+0000] {processor.py:161} INFO - Started process (PID=10884) to work on /home/airflow/.local/lib/python3.8/site-packages/airflow/example_dags/example_skip_dag.py
[2024-02-12T19:21:59.136+0000] {processor.py:830} INFO - Processing file /home/airflow/.local/lib/python3.8/site-packages/airflow/example_dags/example_skip_dag.py for tasks to queue
[2024-02-12T19:21:59.137+0000] {logging_mixin.py:188} INFO - [2024-02-12T19:21:59.137+0000] {dagbag.py:538} INFO - Filling up the DagBag from /home/airflow/.local/lib/python3.8/site-packages/airflow/example_dags/example_skip_dag.py
[2024-02-12T19:21:59.146+0000] {processor.py:840} INFO - DAG(s) 'example_skip_dag' retrieved from /home/airflow/.local/lib/python3.8/site-packages/airflow/example_dags/example_skip_dag.py
[2024-02-12T19:21:59.164+0000] {logging_mixin.py:188} INFO - [2024-02-12T19:21:59.164+0000] {dag.py:3036} INFO - Sync 1 DAGs
[2024-02-12T19:21:59.182+0000] {logging_mixin.py:188} INFO - [2024-02-12T19:21:59.182+0000] {dag.py:3823} INFO - Setting next_dagrun for example_skip_dag to 2024-02-11 00:00:00+00:00, run_after=2024-02-12 00:00:00+00:00
[2024-02-12T19:21:59.201+0000] {processor.py:183} INFO - Processing /home/airflow/.local/lib/python3.8/site-packages/airflow/example_dags/example_skip_dag.py took 0.070 seconds
[2024-02-12T19:22:29.656+0000] {processor.py:161} INFO - Started process (PID=11131) to work on /home/airflow/.local/lib/python3.8/site-packages/airflow/example_dags/example_skip_dag.py
[2024-02-12T19:22:29.656+0000] {processor.py:830} INFO - Processing file /home/airflow/.local/lib/python3.8/site-packages/airflow/example_dags/example_skip_dag.py for tasks to queue
[2024-02-12T19:22:29.657+0000] {logging_mixin.py:188} INFO - [2024-02-12T19:22:29.657+0000] {dagbag.py:538} INFO - Filling up the DagBag from /home/airflow/.local/lib/python3.8/site-packages/airflow/example_dags/example_skip_dag.py
[2024-02-12T19:22:29.663+0000] {processor.py:840} INFO - DAG(s) 'example_skip_dag' retrieved from /home/airflow/.local/lib/python3.8/site-packages/airflow/example_dags/example_skip_dag.py
[2024-02-12T19:22:29.685+0000] {logging_mixin.py:188} INFO - [2024-02-12T19:22:29.684+0000] {dag.py:3036} INFO - Sync 1 DAGs
[2024-02-12T19:22:29.709+0000] {logging_mixin.py:188} INFO - [2024-02-12T19:22:29.709+0000] {dag.py:3823} INFO - Setting next_dagrun for example_skip_dag to 2024-02-11 00:00:00+00:00, run_after=2024-02-12 00:00:00+00:00
[2024-02-12T19:22:29.739+0000] {processor.py:183} INFO - Processing /home/airflow/.local/lib/python3.8/site-packages/airflow/example_dags/example_skip_dag.py took 0.086 seconds
[2024-02-12T19:22:59.899+0000] {processor.py:161} INFO - Started process (PID=11378) to work on /home/airflow/.local/lib/python3.8/site-packages/airflow/example_dags/example_skip_dag.py
[2024-02-12T19:22:59.899+0000] {processor.py:830} INFO - Processing file /home/airflow/.local/lib/python3.8/site-packages/airflow/example_dags/example_skip_dag.py for tasks to queue
[2024-02-12T19:22:59.900+0000] {logging_mixin.py:188} INFO - [2024-02-12T19:22:59.900+0000] {dagbag.py:538} INFO - Filling up the DagBag from /home/airflow/.local/lib/python3.8/site-packages/airflow/example_dags/example_skip_dag.py
[2024-02-12T19:22:59.906+0000] {processor.py:840} INFO - DAG(s) 'example_skip_dag' retrieved from /home/airflow/.local/lib/python3.8/site-packages/airflow/example_dags/example_skip_dag.py
[2024-02-12T19:22:59.923+0000] {logging_mixin.py:188} INFO - [2024-02-12T19:22:59.923+0000] {dag.py:3036} INFO - Sync 1 DAGs
[2024-02-12T19:22:59.940+0000] {logging_mixin.py:188} INFO - [2024-02-12T19:22:59.940+0000] {dag.py:3823} INFO - Setting next_dagrun for example_skip_dag to 2024-02-11 00:00:00+00:00, run_after=2024-02-12 00:00:00+00:00
[2024-02-12T19:22:59.959+0000] {processor.py:183} INFO - Processing /home/airflow/.local/lib/python3.8/site-packages/airflow/example_dags/example_skip_dag.py took 0.063 seconds
[2024-02-12T19:23:30.350+0000] {processor.py:161} INFO - Started process (PID=11625) to work on /home/airflow/.local/lib/python3.8/site-packages/airflow/example_dags/example_skip_dag.py
[2024-02-12T19:23:30.351+0000] {processor.py:830} INFO - Processing file /home/airflow/.local/lib/python3.8/site-packages/airflow/example_dags/example_skip_dag.py for tasks to queue
[2024-02-12T19:23:30.352+0000] {logging_mixin.py:188} INFO - [2024-02-12T19:23:30.352+0000] {dagbag.py:538} INFO - Filling up the DagBag from /home/airflow/.local/lib/python3.8/site-packages/airflow/example_dags/example_skip_dag.py
[2024-02-12T19:23:30.360+0000] {processor.py:840} INFO - DAG(s) 'example_skip_dag' retrieved from /home/airflow/.local/lib/python3.8/site-packages/airflow/example_dags/example_skip_dag.py
[2024-02-12T19:23:30.386+0000] {logging_mixin.py:188} INFO - [2024-02-12T19:23:30.386+0000] {dag.py:3036} INFO - Sync 1 DAGs
[2024-02-12T19:23:30.415+0000] {logging_mixin.py:188} INFO - [2024-02-12T19:23:30.415+0000] {dag.py:3823} INFO - Setting next_dagrun for example_skip_dag to 2024-02-11 00:00:00+00:00, run_after=2024-02-12 00:00:00+00:00
[2024-02-12T19:23:30.441+0000] {processor.py:183} INFO - Processing /home/airflow/.local/lib/python3.8/site-packages/airflow/example_dags/example_skip_dag.py took 0.094 seconds
[2024-02-12T19:24:00.869+0000] {processor.py:161} INFO - Started process (PID=11872) to work on /home/airflow/.local/lib/python3.8/site-packages/airflow/example_dags/example_skip_dag.py
[2024-02-12T19:24:00.870+0000] {processor.py:830} INFO - Processing file /home/airflow/.local/lib/python3.8/site-packages/airflow/example_dags/example_skip_dag.py for tasks to queue
[2024-02-12T19:24:00.871+0000] {logging_mixin.py:188} INFO - [2024-02-12T19:24:00.870+0000] {dagbag.py:538} INFO - Filling up the DagBag from /home/airflow/.local/lib/python3.8/site-packages/airflow/example_dags/example_skip_dag.py
[2024-02-12T19:24:00.878+0000] {processor.py:840} INFO - DAG(s) 'example_skip_dag' retrieved from /home/airflow/.local/lib/python3.8/site-packages/airflow/example_dags/example_skip_dag.py
[2024-02-12T19:24:00.895+0000] {logging_mixin.py:188} INFO - [2024-02-12T19:24:00.895+0000] {dag.py:3036} INFO - Sync 1 DAGs
[2024-02-12T19:24:00.912+0000] {logging_mixin.py:188} INFO - [2024-02-12T19:24:00.911+0000] {dag.py:3823} INFO - Setting next_dagrun for example_skip_dag to 2024-02-11 00:00:00+00:00, run_after=2024-02-12 00:00:00+00:00
[2024-02-12T19:24:00.931+0000] {processor.py:183} INFO - Processing /home/airflow/.local/lib/python3.8/site-packages/airflow/example_dags/example_skip_dag.py took 0.065 seconds
[2024-02-12T19:24:31.246+0000] {processor.py:161} INFO - Started process (PID=12119) to work on /home/airflow/.local/lib/python3.8/site-packages/airflow/example_dags/example_skip_dag.py
[2024-02-12T19:24:31.247+0000] {processor.py:830} INFO - Processing file /home/airflow/.local/lib/python3.8/site-packages/airflow/example_dags/example_skip_dag.py for tasks to queue
[2024-02-12T19:24:31.248+0000] {logging_mixin.py:188} INFO - [2024-02-12T19:24:31.247+0000] {dagbag.py:538} INFO - Filling up the DagBag from /home/airflow/.local/lib/python3.8/site-packages/airflow/example_dags/example_skip_dag.py
[2024-02-12T19:24:31.253+0000] {processor.py:840} INFO - DAG(s) 'example_skip_dag' retrieved from /home/airflow/.local/lib/python3.8/site-packages/airflow/example_dags/example_skip_dag.py
[2024-02-12T19:24:31.269+0000] {logging_mixin.py:188} INFO - [2024-02-12T19:24:31.269+0000] {dag.py:3036} INFO - Sync 1 DAGs
[2024-02-12T19:24:31.286+0000] {logging_mixin.py:188} INFO - [2024-02-12T19:24:31.286+0000] {dag.py:3823} INFO - Setting next_dagrun for example_skip_dag to 2024-02-11 00:00:00+00:00, run_after=2024-02-12 00:00:00+00:00
[2024-02-12T19:24:31.306+0000] {processor.py:183} INFO - Processing /home/airflow/.local/lib/python3.8/site-packages/airflow/example_dags/example_skip_dag.py took 0.063 seconds
[2024-02-12T19:25:01.427+0000] {processor.py:161} INFO - Started process (PID=12367) to work on /home/airflow/.local/lib/python3.8/site-packages/airflow/example_dags/example_skip_dag.py
[2024-02-12T19:25:01.428+0000] {processor.py:830} INFO - Processing file /home/airflow/.local/lib/python3.8/site-packages/airflow/example_dags/example_skip_dag.py for tasks to queue
[2024-02-12T19:25:01.429+0000] {logging_mixin.py:188} INFO - [2024-02-12T19:25:01.428+0000] {dagbag.py:538} INFO - Filling up the DagBag from /home/airflow/.local/lib/python3.8/site-packages/airflow/example_dags/example_skip_dag.py
[2024-02-12T19:25:01.435+0000] {processor.py:840} INFO - DAG(s) 'example_skip_dag' retrieved from /home/airflow/.local/lib/python3.8/site-packages/airflow/example_dags/example_skip_dag.py
[2024-02-12T19:25:01.454+0000] {logging_mixin.py:188} INFO - [2024-02-12T19:25:01.454+0000] {dag.py:3036} INFO - Sync 1 DAGs
[2024-02-12T19:25:01.473+0000] {logging_mixin.py:188} INFO - [2024-02-12T19:25:01.473+0000] {dag.py:3823} INFO - Setting next_dagrun for example_skip_dag to 2024-02-11 00:00:00+00:00, run_after=2024-02-12 00:00:00+00:00
[2024-02-12T19:25:01.496+0000] {processor.py:183} INFO - Processing /home/airflow/.local/lib/python3.8/site-packages/airflow/example_dags/example_skip_dag.py took 0.072 seconds
[2024-02-12T19:25:31.556+0000] {processor.py:161} INFO - Started process (PID=12613) to work on /home/airflow/.local/lib/python3.8/site-packages/airflow/example_dags/example_skip_dag.py
[2024-02-12T19:25:31.557+0000] {processor.py:830} INFO - Processing file /home/airflow/.local/lib/python3.8/site-packages/airflow/example_dags/example_skip_dag.py for tasks to queue
[2024-02-12T19:25:31.557+0000] {logging_mixin.py:188} INFO - [2024-02-12T19:25:31.557+0000] {dagbag.py:538} INFO - Filling up the DagBag from /home/airflow/.local/lib/python3.8/site-packages/airflow/example_dags/example_skip_dag.py
[2024-02-12T19:25:31.564+0000] {processor.py:840} INFO - DAG(s) 'example_skip_dag' retrieved from /home/airflow/.local/lib/python3.8/site-packages/airflow/example_dags/example_skip_dag.py
[2024-02-12T19:25:31.577+0000] {logging_mixin.py:188} INFO - [2024-02-12T19:25:31.576+0000] {dag.py:3036} INFO - Sync 1 DAGs
[2024-02-12T19:25:31.603+0000] {logging_mixin.py:188} INFO - [2024-02-12T19:25:31.603+0000] {dag.py:3823} INFO - Setting next_dagrun for example_skip_dag to 2024-02-11 00:00:00+00:00, run_after=2024-02-12 00:00:00+00:00
[2024-02-12T19:25:31.629+0000] {processor.py:183} INFO - Processing /home/airflow/.local/lib/python3.8/site-packages/airflow/example_dags/example_skip_dag.py took 0.076 seconds
[2024-02-12T19:26:03.380+0000] {processor.py:161} INFO - Started process (PID=12858) to work on /home/airflow/.local/lib/python3.8/site-packages/airflow/example_dags/example_skip_dag.py
[2024-02-12T19:26:03.381+0000] {processor.py:830} INFO - Processing file /home/airflow/.local/lib/python3.8/site-packages/airflow/example_dags/example_skip_dag.py for tasks to queue
[2024-02-12T19:26:03.382+0000] {logging_mixin.py:188} INFO - [2024-02-12T19:26:03.382+0000] {dagbag.py:538} INFO - Filling up the DagBag from /home/airflow/.local/lib/python3.8/site-packages/airflow/example_dags/example_skip_dag.py
[2024-02-12T19:26:03.393+0000] {processor.py:840} INFO - DAG(s) 'example_skip_dag' retrieved from /home/airflow/.local/lib/python3.8/site-packages/airflow/example_dags/example_skip_dag.py
[2024-02-12T19:26:03.667+0000] {logging_mixin.py:188} INFO - [2024-02-12T19:26:03.666+0000] {dag.py:3036} INFO - Sync 1 DAGs
[2024-02-12T19:26:03.682+0000] {logging_mixin.py:188} INFO - [2024-02-12T19:26:03.682+0000] {dag.py:3823} INFO - Setting next_dagrun for example_skip_dag to 2024-02-11 00:00:00+00:00, run_after=2024-02-12 00:00:00+00:00
[2024-02-12T19:26:03.705+0000] {processor.py:183} INFO - Processing /home/airflow/.local/lib/python3.8/site-packages/airflow/example_dags/example_skip_dag.py took 0.329 seconds
