[2024-02-12T19:00:09.443+0000] {processor.py:161} INFO - Started process (PID=230) to work on /home/airflow/.local/lib/python3.8/site-packages/airflow/example_dags/tutorial.py
[2024-02-12T19:00:09.446+0000] {processor.py:830} INFO - Processing file /home/airflow/.local/lib/python3.8/site-packages/airflow/example_dags/tutorial.py for tasks to queue
[2024-02-12T19:00:09.447+0000] {logging_mixin.py:188} INFO - [2024-02-12T19:00:09.447+0000] {dagbag.py:538} INFO - Filling up the DagBag from /home/airflow/.local/lib/python3.8/site-packages/airflow/example_dags/tutorial.py
[2024-02-12T19:00:09.461+0000] {processor.py:840} INFO - DAG(s) 'tutorial' retrieved from /home/airflow/.local/lib/python3.8/site-packages/airflow/example_dags/tutorial.py
[2024-02-12T19:00:09.620+0000] {logging_mixin.py:188} INFO - [2024-02-12T19:00:09.620+0000] {dag.py:3036} INFO - Sync 1 DAGs
[2024-02-12T19:00:09.643+0000] {logging_mixin.py:188} INFO - [2024-02-12T19:00:09.643+0000] {dag.py:3823} INFO - Setting next_dagrun for tutorial to 2024-02-11 00:00:00+00:00, run_after=2024-02-12 00:00:00+00:00
[2024-02-12T19:00:09.678+0000] {processor.py:183} INFO - Processing /home/airflow/.local/lib/python3.8/site-packages/airflow/example_dags/tutorial.py took 0.242 seconds
[2024-02-12T19:00:40.605+0000] {processor.py:161} INFO - Started process (PID=477) to work on /home/airflow/.local/lib/python3.8/site-packages/airflow/example_dags/tutorial.py
[2024-02-12T19:00:40.606+0000] {processor.py:830} INFO - Processing file /home/airflow/.local/lib/python3.8/site-packages/airflow/example_dags/tutorial.py for tasks to queue
[2024-02-12T19:00:40.606+0000] {logging_mixin.py:188} INFO - [2024-02-12T19:00:40.606+0000] {dagbag.py:538} INFO - Filling up the DagBag from /home/airflow/.local/lib/python3.8/site-packages/airflow/example_dags/tutorial.py
[2024-02-12T19:00:40.613+0000] {processor.py:840} INFO - DAG(s) 'tutorial' retrieved from /home/airflow/.local/lib/python3.8/site-packages/airflow/example_dags/tutorial.py
[2024-02-12T19:00:40.634+0000] {logging_mixin.py:188} INFO - [2024-02-12T19:00:40.634+0000] {dag.py:3036} INFO - Sync 1 DAGs
[2024-02-12T19:00:40.659+0000] {logging_mixin.py:188} INFO - [2024-02-12T19:00:40.659+0000] {dag.py:3823} INFO - Setting next_dagrun for tutorial to 2024-02-11 00:00:00+00:00, run_after=2024-02-12 00:00:00+00:00
[2024-02-12T19:00:40.682+0000] {processor.py:183} INFO - Processing /home/airflow/.local/lib/python3.8/site-packages/airflow/example_dags/tutorial.py took 0.081 seconds
[2024-02-12T19:01:10.976+0000] {processor.py:161} INFO - Started process (PID=724) to work on /home/airflow/.local/lib/python3.8/site-packages/airflow/example_dags/tutorial.py
[2024-02-12T19:01:10.977+0000] {processor.py:830} INFO - Processing file /home/airflow/.local/lib/python3.8/site-packages/airflow/example_dags/tutorial.py for tasks to queue
[2024-02-12T19:01:10.978+0000] {logging_mixin.py:188} INFO - [2024-02-12T19:01:10.978+0000] {dagbag.py:538} INFO - Filling up the DagBag from /home/airflow/.local/lib/python3.8/site-packages/airflow/example_dags/tutorial.py
[2024-02-12T19:01:10.985+0000] {processor.py:840} INFO - DAG(s) 'tutorial' retrieved from /home/airflow/.local/lib/python3.8/site-packages/airflow/example_dags/tutorial.py
[2024-02-12T19:01:11.011+0000] {logging_mixin.py:188} INFO - [2024-02-12T19:01:11.011+0000] {dag.py:3036} INFO - Sync 1 DAGs
[2024-02-12T19:01:11.035+0000] {logging_mixin.py:188} INFO - [2024-02-12T19:01:11.035+0000] {dag.py:3823} INFO - Setting next_dagrun for tutorial to 2024-02-11 00:00:00+00:00, run_after=2024-02-12 00:00:00+00:00
[2024-02-12T19:01:11.062+0000] {processor.py:183} INFO - Processing /home/airflow/.local/lib/python3.8/site-packages/airflow/example_dags/tutorial.py took 0.092 seconds
[2024-02-12T19:01:41.526+0000] {processor.py:161} INFO - Started process (PID=976) to work on /home/airflow/.local/lib/python3.8/site-packages/airflow/example_dags/tutorial.py
[2024-02-12T19:01:41.530+0000] {processor.py:830} INFO - Processing file /home/airflow/.local/lib/python3.8/site-packages/airflow/example_dags/tutorial.py for tasks to queue
[2024-02-12T19:01:41.532+0000] {logging_mixin.py:188} INFO - [2024-02-12T19:01:41.531+0000] {dagbag.py:538} INFO - Filling up the DagBag from /home/airflow/.local/lib/python3.8/site-packages/airflow/example_dags/tutorial.py
[2024-02-12T19:01:41.540+0000] {processor.py:840} INFO - DAG(s) 'tutorial' retrieved from /home/airflow/.local/lib/python3.8/site-packages/airflow/example_dags/tutorial.py
[2024-02-12T19:01:41.563+0000] {logging_mixin.py:188} INFO - [2024-02-12T19:01:41.563+0000] {dag.py:3036} INFO - Sync 1 DAGs
[2024-02-12T19:01:41.593+0000] {logging_mixin.py:188} INFO - [2024-02-12T19:01:41.591+0000] {dag.py:3823} INFO - Setting next_dagrun for tutorial to 2024-02-11 00:00:00+00:00, run_after=2024-02-12 00:00:00+00:00
[2024-02-12T19:01:41.617+0000] {processor.py:183} INFO - Processing /home/airflow/.local/lib/python3.8/site-packages/airflow/example_dags/tutorial.py took 0.095 seconds
[2024-02-12T19:02:11.988+0000] {processor.py:161} INFO - Started process (PID=1224) to work on /home/airflow/.local/lib/python3.8/site-packages/airflow/example_dags/tutorial.py
[2024-02-12T19:02:11.989+0000] {processor.py:830} INFO - Processing file /home/airflow/.local/lib/python3.8/site-packages/airflow/example_dags/tutorial.py for tasks to queue
[2024-02-12T19:02:11.990+0000] {logging_mixin.py:188} INFO - [2024-02-12T19:02:11.990+0000] {dagbag.py:538} INFO - Filling up the DagBag from /home/airflow/.local/lib/python3.8/site-packages/airflow/example_dags/tutorial.py
[2024-02-12T19:02:11.998+0000] {processor.py:840} INFO - DAG(s) 'tutorial' retrieved from /home/airflow/.local/lib/python3.8/site-packages/airflow/example_dags/tutorial.py
[2024-02-12T19:02:12.020+0000] {logging_mixin.py:188} INFO - [2024-02-12T19:02:12.019+0000] {dag.py:3036} INFO - Sync 1 DAGs
[2024-02-12T19:02:12.049+0000] {logging_mixin.py:188} INFO - [2024-02-12T19:02:12.049+0000] {dag.py:3823} INFO - Setting next_dagrun for tutorial to 2024-02-11 00:00:00+00:00, run_after=2024-02-12 00:00:00+00:00
[2024-02-12T19:02:12.084+0000] {processor.py:183} INFO - Processing /home/airflow/.local/lib/python3.8/site-packages/airflow/example_dags/tutorial.py took 0.099 seconds
[2024-02-12T19:02:42.487+0000] {processor.py:161} INFO - Started process (PID=1472) to work on /home/airflow/.local/lib/python3.8/site-packages/airflow/example_dags/tutorial.py
[2024-02-12T19:02:42.488+0000] {processor.py:830} INFO - Processing file /home/airflow/.local/lib/python3.8/site-packages/airflow/example_dags/tutorial.py for tasks to queue
[2024-02-12T19:02:42.489+0000] {logging_mixin.py:188} INFO - [2024-02-12T19:02:42.488+0000] {dagbag.py:538} INFO - Filling up the DagBag from /home/airflow/.local/lib/python3.8/site-packages/airflow/example_dags/tutorial.py
[2024-02-12T19:02:42.496+0000] {processor.py:840} INFO - DAG(s) 'tutorial' retrieved from /home/airflow/.local/lib/python3.8/site-packages/airflow/example_dags/tutorial.py
[2024-02-12T19:02:42.517+0000] {logging_mixin.py:188} INFO - [2024-02-12T19:02:42.517+0000] {dag.py:3036} INFO - Sync 1 DAGs
[2024-02-12T19:02:42.546+0000] {logging_mixin.py:188} INFO - [2024-02-12T19:02:42.546+0000] {dag.py:3823} INFO - Setting next_dagrun for tutorial to 2024-02-11 00:00:00+00:00, run_after=2024-02-12 00:00:00+00:00
[2024-02-12T19:02:42.568+0000] {processor.py:183} INFO - Processing /home/airflow/.local/lib/python3.8/site-packages/airflow/example_dags/tutorial.py took 0.085 seconds
[2024-02-12T19:03:12.786+0000] {processor.py:161} INFO - Started process (PID=1719) to work on /home/airflow/.local/lib/python3.8/site-packages/airflow/example_dags/tutorial.py
[2024-02-12T19:03:12.787+0000] {processor.py:830} INFO - Processing file /home/airflow/.local/lib/python3.8/site-packages/airflow/example_dags/tutorial.py for tasks to queue
[2024-02-12T19:03:12.788+0000] {logging_mixin.py:188} INFO - [2024-02-12T19:03:12.788+0000] {dagbag.py:538} INFO - Filling up the DagBag from /home/airflow/.local/lib/python3.8/site-packages/airflow/example_dags/tutorial.py
[2024-02-12T19:03:12.796+0000] {processor.py:840} INFO - DAG(s) 'tutorial' retrieved from /home/airflow/.local/lib/python3.8/site-packages/airflow/example_dags/tutorial.py
[2024-02-12T19:03:12.821+0000] {logging_mixin.py:188} INFO - [2024-02-12T19:03:12.821+0000] {dag.py:3036} INFO - Sync 1 DAGs
[2024-02-12T19:03:12.848+0000] {logging_mixin.py:188} INFO - [2024-02-12T19:03:12.848+0000] {dag.py:3823} INFO - Setting next_dagrun for tutorial to 2024-02-11 00:00:00+00:00, run_after=2024-02-12 00:00:00+00:00
[2024-02-12T19:03:12.873+0000] {processor.py:183} INFO - Processing /home/airflow/.local/lib/python3.8/site-packages/airflow/example_dags/tutorial.py took 0.090 seconds
[2024-02-12T19:03:43.230+0000] {processor.py:161} INFO - Started process (PID=1966) to work on /home/airflow/.local/lib/python3.8/site-packages/airflow/example_dags/tutorial.py
[2024-02-12T19:03:43.236+0000] {processor.py:830} INFO - Processing file /home/airflow/.local/lib/python3.8/site-packages/airflow/example_dags/tutorial.py for tasks to queue
[2024-02-12T19:03:43.246+0000] {logging_mixin.py:188} INFO - [2024-02-12T19:03:43.243+0000] {dagbag.py:538} INFO - Filling up the DagBag from /home/airflow/.local/lib/python3.8/site-packages/airflow/example_dags/tutorial.py
[2024-02-12T19:03:43.278+0000] {processor.py:840} INFO - DAG(s) 'tutorial' retrieved from /home/airflow/.local/lib/python3.8/site-packages/airflow/example_dags/tutorial.py
[2024-02-12T19:03:43.336+0000] {logging_mixin.py:188} INFO - [2024-02-12T19:03:43.336+0000] {dag.py:3036} INFO - Sync 1 DAGs
[2024-02-12T19:03:43.383+0000] {logging_mixin.py:188} INFO - [2024-02-12T19:03:43.383+0000] {dag.py:3823} INFO - Setting next_dagrun for tutorial to 2024-02-11 00:00:00+00:00, run_after=2024-02-12 00:00:00+00:00
[2024-02-12T19:03:43.409+0000] {processor.py:183} INFO - Processing /home/airflow/.local/lib/python3.8/site-packages/airflow/example_dags/tutorial.py took 0.184 seconds
[2024-02-12T19:04:13.473+0000] {processor.py:161} INFO - Started process (PID=2214) to work on /home/airflow/.local/lib/python3.8/site-packages/airflow/example_dags/tutorial.py
[2024-02-12T19:04:13.474+0000] {processor.py:830} INFO - Processing file /home/airflow/.local/lib/python3.8/site-packages/airflow/example_dags/tutorial.py for tasks to queue
[2024-02-12T19:04:13.475+0000] {logging_mixin.py:188} INFO - [2024-02-12T19:04:13.475+0000] {dagbag.py:538} INFO - Filling up the DagBag from /home/airflow/.local/lib/python3.8/site-packages/airflow/example_dags/tutorial.py
[2024-02-12T19:04:13.482+0000] {processor.py:840} INFO - DAG(s) 'tutorial' retrieved from /home/airflow/.local/lib/python3.8/site-packages/airflow/example_dags/tutorial.py
[2024-02-12T19:04:13.504+0000] {logging_mixin.py:188} INFO - [2024-02-12T19:04:13.503+0000] {dag.py:3036} INFO - Sync 1 DAGs
[2024-02-12T19:04:13.532+0000] {logging_mixin.py:188} INFO - [2024-02-12T19:04:13.532+0000] {dag.py:3823} INFO - Setting next_dagrun for tutorial to 2024-02-11 00:00:00+00:00, run_after=2024-02-12 00:00:00+00:00
[2024-02-12T19:04:13.555+0000] {processor.py:183} INFO - Processing /home/airflow/.local/lib/python3.8/site-packages/airflow/example_dags/tutorial.py took 0.086 seconds
[2024-02-12T19:04:43.965+0000] {processor.py:161} INFO - Started process (PID=2485) to work on /home/airflow/.local/lib/python3.8/site-packages/airflow/example_dags/tutorial.py
[2024-02-12T19:04:43.966+0000] {processor.py:830} INFO - Processing file /home/airflow/.local/lib/python3.8/site-packages/airflow/example_dags/tutorial.py for tasks to queue
[2024-02-12T19:04:43.967+0000] {logging_mixin.py:188} INFO - [2024-02-12T19:04:43.967+0000] {dagbag.py:538} INFO - Filling up the DagBag from /home/airflow/.local/lib/python3.8/site-packages/airflow/example_dags/tutorial.py
[2024-02-12T19:04:43.977+0000] {processor.py:840} INFO - DAG(s) 'tutorial' retrieved from /home/airflow/.local/lib/python3.8/site-packages/airflow/example_dags/tutorial.py
[2024-02-12T19:04:44.000+0000] {logging_mixin.py:188} INFO - [2024-02-12T19:04:44.000+0000] {dag.py:3036} INFO - Sync 1 DAGs
[2024-02-12T19:04:44.031+0000] {logging_mixin.py:188} INFO - [2024-02-12T19:04:44.030+0000] {dag.py:3823} INFO - Setting next_dagrun for tutorial to 2024-02-11 00:00:00+00:00, run_after=2024-02-12 00:00:00+00:00
[2024-02-12T19:04:44.057+0000] {processor.py:183} INFO - Processing /home/airflow/.local/lib/python3.8/site-packages/airflow/example_dags/tutorial.py took 0.095 seconds
[2024-02-12T19:05:14.489+0000] {processor.py:161} INFO - Started process (PID=2732) to work on /home/airflow/.local/lib/python3.8/site-packages/airflow/example_dags/tutorial.py
[2024-02-12T19:05:14.489+0000] {processor.py:830} INFO - Processing file /home/airflow/.local/lib/python3.8/site-packages/airflow/example_dags/tutorial.py for tasks to queue
[2024-02-12T19:05:14.490+0000] {logging_mixin.py:188} INFO - [2024-02-12T19:05:14.490+0000] {dagbag.py:538} INFO - Filling up the DagBag from /home/airflow/.local/lib/python3.8/site-packages/airflow/example_dags/tutorial.py
[2024-02-12T19:05:14.497+0000] {processor.py:840} INFO - DAG(s) 'tutorial' retrieved from /home/airflow/.local/lib/python3.8/site-packages/airflow/example_dags/tutorial.py
[2024-02-12T19:05:14.518+0000] {logging_mixin.py:188} INFO - [2024-02-12T19:05:14.518+0000] {dag.py:3036} INFO - Sync 1 DAGs
[2024-02-12T19:05:14.545+0000] {logging_mixin.py:188} INFO - [2024-02-12T19:05:14.544+0000] {dag.py:3823} INFO - Setting next_dagrun for tutorial to 2024-02-11 00:00:00+00:00, run_after=2024-02-12 00:00:00+00:00
[2024-02-12T19:05:14.571+0000] {processor.py:183} INFO - Processing /home/airflow/.local/lib/python3.8/site-packages/airflow/example_dags/tutorial.py took 0.086 seconds
[2024-02-12T19:05:45.370+0000] {processor.py:161} INFO - Started process (PID=2979) to work on /home/airflow/.local/lib/python3.8/site-packages/airflow/example_dags/tutorial.py
[2024-02-12T19:05:45.371+0000] {processor.py:830} INFO - Processing file /home/airflow/.local/lib/python3.8/site-packages/airflow/example_dags/tutorial.py for tasks to queue
[2024-02-12T19:05:45.372+0000] {logging_mixin.py:188} INFO - [2024-02-12T19:05:45.371+0000] {dagbag.py:538} INFO - Filling up the DagBag from /home/airflow/.local/lib/python3.8/site-packages/airflow/example_dags/tutorial.py
[2024-02-12T19:05:45.378+0000] {processor.py:840} INFO - DAG(s) 'tutorial' retrieved from /home/airflow/.local/lib/python3.8/site-packages/airflow/example_dags/tutorial.py
[2024-02-12T19:05:45.404+0000] {logging_mixin.py:188} INFO - [2024-02-12T19:05:45.404+0000] {dag.py:3036} INFO - Sync 1 DAGs
[2024-02-12T19:05:45.428+0000] {logging_mixin.py:188} INFO - [2024-02-12T19:05:45.428+0000] {dag.py:3823} INFO - Setting next_dagrun for tutorial to 2024-02-11 00:00:00+00:00, run_after=2024-02-12 00:00:00+00:00
[2024-02-12T19:05:45.459+0000] {processor.py:183} INFO - Processing /home/airflow/.local/lib/python3.8/site-packages/airflow/example_dags/tutorial.py took 0.094 seconds
[2024-02-12T19:06:15.622+0000] {processor.py:161} INFO - Started process (PID=3227) to work on /home/airflow/.local/lib/python3.8/site-packages/airflow/example_dags/tutorial.py
[2024-02-12T19:06:15.635+0000] {processor.py:830} INFO - Processing file /home/airflow/.local/lib/python3.8/site-packages/airflow/example_dags/tutorial.py for tasks to queue
[2024-02-12T19:06:15.636+0000] {logging_mixin.py:188} INFO - [2024-02-12T19:06:15.635+0000] {dagbag.py:538} INFO - Filling up the DagBag from /home/airflow/.local/lib/python3.8/site-packages/airflow/example_dags/tutorial.py
[2024-02-12T19:06:15.642+0000] {processor.py:840} INFO - DAG(s) 'tutorial' retrieved from /home/airflow/.local/lib/python3.8/site-packages/airflow/example_dags/tutorial.py
[2024-02-12T19:06:15.683+0000] {logging_mixin.py:188} INFO - [2024-02-12T19:06:15.683+0000] {dag.py:3036} INFO - Sync 1 DAGs
[2024-02-12T19:06:15.746+0000] {logging_mixin.py:188} INFO - [2024-02-12T19:06:15.745+0000] {dag.py:3823} INFO - Setting next_dagrun for tutorial to 2024-02-11 00:00:00+00:00, run_after=2024-02-12 00:00:00+00:00
[2024-02-12T19:06:15.786+0000] {processor.py:183} INFO - Processing /home/airflow/.local/lib/python3.8/site-packages/airflow/example_dags/tutorial.py took 0.169 seconds
[2024-02-12T19:06:45.965+0000] {processor.py:161} INFO - Started process (PID=3474) to work on /home/airflow/.local/lib/python3.8/site-packages/airflow/example_dags/tutorial.py
[2024-02-12T19:06:45.966+0000] {processor.py:830} INFO - Processing file /home/airflow/.local/lib/python3.8/site-packages/airflow/example_dags/tutorial.py for tasks to queue
[2024-02-12T19:06:45.967+0000] {logging_mixin.py:188} INFO - [2024-02-12T19:06:45.967+0000] {dagbag.py:538} INFO - Filling up the DagBag from /home/airflow/.local/lib/python3.8/site-packages/airflow/example_dags/tutorial.py
[2024-02-12T19:06:45.976+0000] {processor.py:840} INFO - DAG(s) 'tutorial' retrieved from /home/airflow/.local/lib/python3.8/site-packages/airflow/example_dags/tutorial.py
[2024-02-12T19:06:46.012+0000] {logging_mixin.py:188} INFO - [2024-02-12T19:06:46.011+0000] {dag.py:3036} INFO - Sync 1 DAGs
[2024-02-12T19:06:46.041+0000] {logging_mixin.py:188} INFO - [2024-02-12T19:06:46.040+0000] {dag.py:3823} INFO - Setting next_dagrun for tutorial to 2024-02-11 00:00:00+00:00, run_after=2024-02-12 00:00:00+00:00
[2024-02-12T19:06:46.065+0000] {processor.py:183} INFO - Processing /home/airflow/.local/lib/python3.8/site-packages/airflow/example_dags/tutorial.py took 0.105 seconds
[2024-02-12T19:07:16.213+0000] {processor.py:161} INFO - Started process (PID=3721) to work on /home/airflow/.local/lib/python3.8/site-packages/airflow/example_dags/tutorial.py
[2024-02-12T19:07:16.215+0000] {processor.py:830} INFO - Processing file /home/airflow/.local/lib/python3.8/site-packages/airflow/example_dags/tutorial.py for tasks to queue
[2024-02-12T19:07:16.219+0000] {logging_mixin.py:188} INFO - [2024-02-12T19:07:16.219+0000] {dagbag.py:538} INFO - Filling up the DagBag from /home/airflow/.local/lib/python3.8/site-packages/airflow/example_dags/tutorial.py
[2024-02-12T19:07:16.262+0000] {processor.py:840} INFO - DAG(s) 'tutorial' retrieved from /home/airflow/.local/lib/python3.8/site-packages/airflow/example_dags/tutorial.py
[2024-02-12T19:07:16.293+0000] {logging_mixin.py:188} INFO - [2024-02-12T19:07:16.293+0000] {dag.py:3036} INFO - Sync 1 DAGs
[2024-02-12T19:07:16.323+0000] {logging_mixin.py:188} INFO - [2024-02-12T19:07:16.323+0000] {dag.py:3823} INFO - Setting next_dagrun for tutorial to 2024-02-11 00:00:00+00:00, run_after=2024-02-12 00:00:00+00:00
[2024-02-12T19:07:16.365+0000] {processor.py:183} INFO - Processing /home/airflow/.local/lib/python3.8/site-packages/airflow/example_dags/tutorial.py took 0.168 seconds
[2024-02-12T19:07:46.461+0000] {processor.py:161} INFO - Started process (PID=3969) to work on /home/airflow/.local/lib/python3.8/site-packages/airflow/example_dags/tutorial.py
[2024-02-12T19:07:46.462+0000] {processor.py:830} INFO - Processing file /home/airflow/.local/lib/python3.8/site-packages/airflow/example_dags/tutorial.py for tasks to queue
[2024-02-12T19:07:46.463+0000] {logging_mixin.py:188} INFO - [2024-02-12T19:07:46.462+0000] {dagbag.py:538} INFO - Filling up the DagBag from /home/airflow/.local/lib/python3.8/site-packages/airflow/example_dags/tutorial.py
[2024-02-12T19:07:46.470+0000] {processor.py:840} INFO - DAG(s) 'tutorial' retrieved from /home/airflow/.local/lib/python3.8/site-packages/airflow/example_dags/tutorial.py
[2024-02-12T19:07:46.490+0000] {logging_mixin.py:188} INFO - [2024-02-12T19:07:46.489+0000] {dag.py:3036} INFO - Sync 1 DAGs
[2024-02-12T19:07:46.513+0000] {logging_mixin.py:188} INFO - [2024-02-12T19:07:46.513+0000] {dag.py:3823} INFO - Setting next_dagrun for tutorial to 2024-02-11 00:00:00+00:00, run_after=2024-02-12 00:00:00+00:00
[2024-02-12T19:07:46.563+0000] {processor.py:183} INFO - Processing /home/airflow/.local/lib/python3.8/site-packages/airflow/example_dags/tutorial.py took 0.106 seconds
[2024-02-12T19:08:16.742+0000] {processor.py:161} INFO - Started process (PID=4215) to work on /home/airflow/.local/lib/python3.8/site-packages/airflow/example_dags/tutorial.py
[2024-02-12T19:08:16.743+0000] {processor.py:830} INFO - Processing file /home/airflow/.local/lib/python3.8/site-packages/airflow/example_dags/tutorial.py for tasks to queue
[2024-02-12T19:08:16.744+0000] {logging_mixin.py:188} INFO - [2024-02-12T19:08:16.744+0000] {dagbag.py:538} INFO - Filling up the DagBag from /home/airflow/.local/lib/python3.8/site-packages/airflow/example_dags/tutorial.py
[2024-02-12T19:08:16.754+0000] {processor.py:840} INFO - DAG(s) 'tutorial' retrieved from /home/airflow/.local/lib/python3.8/site-packages/airflow/example_dags/tutorial.py
[2024-02-12T19:08:16.835+0000] {logging_mixin.py:188} INFO - [2024-02-12T19:08:16.834+0000] {dag.py:3036} INFO - Sync 1 DAGs
[2024-02-12T19:08:16.864+0000] {logging_mixin.py:188} INFO - [2024-02-12T19:08:16.864+0000] {dag.py:3823} INFO - Setting next_dagrun for tutorial to 2024-02-11 00:00:00+00:00, run_after=2024-02-12 00:00:00+00:00
[2024-02-12T19:08:16.898+0000] {processor.py:183} INFO - Processing /home/airflow/.local/lib/python3.8/site-packages/airflow/example_dags/tutorial.py took 0.159 seconds
[2024-02-12T19:08:47.116+0000] {processor.py:161} INFO - Started process (PID=4465) to work on /home/airflow/.local/lib/python3.8/site-packages/airflow/example_dags/tutorial.py
[2024-02-12T19:08:47.117+0000] {processor.py:830} INFO - Processing file /home/airflow/.local/lib/python3.8/site-packages/airflow/example_dags/tutorial.py for tasks to queue
[2024-02-12T19:08:47.118+0000] {logging_mixin.py:188} INFO - [2024-02-12T19:08:47.117+0000] {dagbag.py:538} INFO - Filling up the DagBag from /home/airflow/.local/lib/python3.8/site-packages/airflow/example_dags/tutorial.py
[2024-02-12T19:08:47.136+0000] {processor.py:840} INFO - DAG(s) 'tutorial' retrieved from /home/airflow/.local/lib/python3.8/site-packages/airflow/example_dags/tutorial.py
[2024-02-12T19:08:47.171+0000] {logging_mixin.py:188} INFO - [2024-02-12T19:08:47.170+0000] {dag.py:3036} INFO - Sync 1 DAGs
[2024-02-12T19:08:47.197+0000] {logging_mixin.py:188} INFO - [2024-02-12T19:08:47.197+0000] {dag.py:3823} INFO - Setting next_dagrun for tutorial to 2024-02-11 00:00:00+00:00, run_after=2024-02-12 00:00:00+00:00
[2024-02-12T19:08:47.221+0000] {processor.py:183} INFO - Processing /home/airflow/.local/lib/python3.8/site-packages/airflow/example_dags/tutorial.py took 0.109 seconds
[2024-02-12T19:09:17.381+0000] {processor.py:161} INFO - Started process (PID=4714) to work on /home/airflow/.local/lib/python3.8/site-packages/airflow/example_dags/tutorial.py
[2024-02-12T19:09:17.382+0000] {processor.py:830} INFO - Processing file /home/airflow/.local/lib/python3.8/site-packages/airflow/example_dags/tutorial.py for tasks to queue
[2024-02-12T19:09:17.383+0000] {logging_mixin.py:188} INFO - [2024-02-12T19:09:17.383+0000] {dagbag.py:538} INFO - Filling up the DagBag from /home/airflow/.local/lib/python3.8/site-packages/airflow/example_dags/tutorial.py
[2024-02-12T19:09:17.390+0000] {processor.py:840} INFO - DAG(s) 'tutorial' retrieved from /home/airflow/.local/lib/python3.8/site-packages/airflow/example_dags/tutorial.py
[2024-02-12T19:09:17.413+0000] {logging_mixin.py:188} INFO - [2024-02-12T19:09:17.413+0000] {dag.py:3036} INFO - Sync 1 DAGs
[2024-02-12T19:09:17.440+0000] {logging_mixin.py:188} INFO - [2024-02-12T19:09:17.439+0000] {dag.py:3823} INFO - Setting next_dagrun for tutorial to 2024-02-11 00:00:00+00:00, run_after=2024-02-12 00:00:00+00:00
[2024-02-12T19:09:17.471+0000] {processor.py:183} INFO - Processing /home/airflow/.local/lib/python3.8/site-packages/airflow/example_dags/tutorial.py took 0.094 seconds
[2024-02-12T19:09:47.842+0000] {processor.py:161} INFO - Started process (PID=4961) to work on /home/airflow/.local/lib/python3.8/site-packages/airflow/example_dags/tutorial.py
[2024-02-12T19:09:47.843+0000] {processor.py:830} INFO - Processing file /home/airflow/.local/lib/python3.8/site-packages/airflow/example_dags/tutorial.py for tasks to queue
[2024-02-12T19:09:47.844+0000] {logging_mixin.py:188} INFO - [2024-02-12T19:09:47.844+0000] {dagbag.py:538} INFO - Filling up the DagBag from /home/airflow/.local/lib/python3.8/site-packages/airflow/example_dags/tutorial.py
[2024-02-12T19:09:47.852+0000] {processor.py:840} INFO - DAG(s) 'tutorial' retrieved from /home/airflow/.local/lib/python3.8/site-packages/airflow/example_dags/tutorial.py
[2024-02-12T19:09:47.878+0000] {logging_mixin.py:188} INFO - [2024-02-12T19:09:47.877+0000] {dag.py:3036} INFO - Sync 1 DAGs
[2024-02-12T19:09:47.904+0000] {logging_mixin.py:188} INFO - [2024-02-12T19:09:47.903+0000] {dag.py:3823} INFO - Setting next_dagrun for tutorial to 2024-02-11 00:00:00+00:00, run_after=2024-02-12 00:00:00+00:00
[2024-02-12T19:09:47.932+0000] {processor.py:183} INFO - Processing /home/airflow/.local/lib/python3.8/site-packages/airflow/example_dags/tutorial.py took 0.094 seconds
[2024-02-12T19:10:18.186+0000] {processor.py:161} INFO - Started process (PID=5207) to work on /home/airflow/.local/lib/python3.8/site-packages/airflow/example_dags/tutorial.py
[2024-02-12T19:10:18.187+0000] {processor.py:830} INFO - Processing file /home/airflow/.local/lib/python3.8/site-packages/airflow/example_dags/tutorial.py for tasks to queue
[2024-02-12T19:10:18.188+0000] {logging_mixin.py:188} INFO - [2024-02-12T19:10:18.188+0000] {dagbag.py:538} INFO - Filling up the DagBag from /home/airflow/.local/lib/python3.8/site-packages/airflow/example_dags/tutorial.py
[2024-02-12T19:10:18.195+0000] {processor.py:840} INFO - DAG(s) 'tutorial' retrieved from /home/airflow/.local/lib/python3.8/site-packages/airflow/example_dags/tutorial.py
[2024-02-12T19:10:18.246+0000] {logging_mixin.py:188} INFO - [2024-02-12T19:10:18.245+0000] {dag.py:3036} INFO - Sync 1 DAGs
[2024-02-12T19:10:18.291+0000] {logging_mixin.py:188} INFO - [2024-02-12T19:10:18.290+0000] {dag.py:3823} INFO - Setting next_dagrun for tutorial to 2024-02-11 00:00:00+00:00, run_after=2024-02-12 00:00:00+00:00
[2024-02-12T19:10:18.325+0000] {processor.py:183} INFO - Processing /home/airflow/.local/lib/python3.8/site-packages/airflow/example_dags/tutorial.py took 0.142 seconds
[2024-02-12T19:10:49.211+0000] {processor.py:161} INFO - Started process (PID=5456) to work on /home/airflow/.local/lib/python3.8/site-packages/airflow/example_dags/tutorial.py
[2024-02-12T19:10:49.212+0000] {processor.py:830} INFO - Processing file /home/airflow/.local/lib/python3.8/site-packages/airflow/example_dags/tutorial.py for tasks to queue
[2024-02-12T19:10:49.213+0000] {logging_mixin.py:188} INFO - [2024-02-12T19:10:49.213+0000] {dagbag.py:538} INFO - Filling up the DagBag from /home/airflow/.local/lib/python3.8/site-packages/airflow/example_dags/tutorial.py
[2024-02-12T19:10:49.221+0000] {processor.py:840} INFO - DAG(s) 'tutorial' retrieved from /home/airflow/.local/lib/python3.8/site-packages/airflow/example_dags/tutorial.py
[2024-02-12T19:10:49.248+0000] {logging_mixin.py:188} INFO - [2024-02-12T19:10:49.248+0000] {dag.py:3036} INFO - Sync 1 DAGs
[2024-02-12T19:10:49.279+0000] {logging_mixin.py:188} INFO - [2024-02-12T19:10:49.279+0000] {dag.py:3823} INFO - Setting next_dagrun for tutorial to 2024-02-11 00:00:00+00:00, run_after=2024-02-12 00:00:00+00:00
[2024-02-12T19:10:49.304+0000] {processor.py:183} INFO - Processing /home/airflow/.local/lib/python3.8/site-packages/airflow/example_dags/tutorial.py took 0.097 seconds
[2024-02-12T19:11:19.685+0000] {processor.py:161} INFO - Started process (PID=5703) to work on /home/airflow/.local/lib/python3.8/site-packages/airflow/example_dags/tutorial.py
[2024-02-12T19:11:19.686+0000] {processor.py:830} INFO - Processing file /home/airflow/.local/lib/python3.8/site-packages/airflow/example_dags/tutorial.py for tasks to queue
[2024-02-12T19:11:19.687+0000] {logging_mixin.py:188} INFO - [2024-02-12T19:11:19.686+0000] {dagbag.py:538} INFO - Filling up the DagBag from /home/airflow/.local/lib/python3.8/site-packages/airflow/example_dags/tutorial.py
[2024-02-12T19:11:19.694+0000] {processor.py:840} INFO - DAG(s) 'tutorial' retrieved from /home/airflow/.local/lib/python3.8/site-packages/airflow/example_dags/tutorial.py
[2024-02-12T19:11:19.720+0000] {logging_mixin.py:188} INFO - [2024-02-12T19:11:19.720+0000] {dag.py:3036} INFO - Sync 1 DAGs
[2024-02-12T19:11:19.745+0000] {logging_mixin.py:188} INFO - [2024-02-12T19:11:19.745+0000] {dag.py:3823} INFO - Setting next_dagrun for tutorial to 2024-02-11 00:00:00+00:00, run_after=2024-02-12 00:00:00+00:00
[2024-02-12T19:11:19.770+0000] {processor.py:183} INFO - Processing /home/airflow/.local/lib/python3.8/site-packages/airflow/example_dags/tutorial.py took 0.088 seconds
[2024-02-12T19:11:50.058+0000] {processor.py:161} INFO - Started process (PID=5950) to work on /home/airflow/.local/lib/python3.8/site-packages/airflow/example_dags/tutorial.py
[2024-02-12T19:11:50.061+0000] {processor.py:830} INFO - Processing file /home/airflow/.local/lib/python3.8/site-packages/airflow/example_dags/tutorial.py for tasks to queue
[2024-02-12T19:11:50.062+0000] {logging_mixin.py:188} INFO - [2024-02-12T19:11:50.062+0000] {dagbag.py:538} INFO - Filling up the DagBag from /home/airflow/.local/lib/python3.8/site-packages/airflow/example_dags/tutorial.py
[2024-02-12T19:11:50.070+0000] {processor.py:840} INFO - DAG(s) 'tutorial' retrieved from /home/airflow/.local/lib/python3.8/site-packages/airflow/example_dags/tutorial.py
[2024-02-12T19:11:50.091+0000] {logging_mixin.py:188} INFO - [2024-02-12T19:11:50.091+0000] {dag.py:3036} INFO - Sync 1 DAGs
[2024-02-12T19:11:50.116+0000] {logging_mixin.py:188} INFO - [2024-02-12T19:11:50.116+0000] {dag.py:3823} INFO - Setting next_dagrun for tutorial to 2024-02-11 00:00:00+00:00, run_after=2024-02-12 00:00:00+00:00
[2024-02-12T19:11:50.144+0000] {processor.py:183} INFO - Processing /home/airflow/.local/lib/python3.8/site-packages/airflow/example_dags/tutorial.py took 0.089 seconds
[2024-02-12T19:12:20.994+0000] {processor.py:161} INFO - Started process (PID=6197) to work on /home/airflow/.local/lib/python3.8/site-packages/airflow/example_dags/tutorial.py
[2024-02-12T19:12:20.996+0000] {processor.py:830} INFO - Processing file /home/airflow/.local/lib/python3.8/site-packages/airflow/example_dags/tutorial.py for tasks to queue
[2024-02-12T19:12:20.996+0000] {logging_mixin.py:188} INFO - [2024-02-12T19:12:20.996+0000] {dagbag.py:538} INFO - Filling up the DagBag from /home/airflow/.local/lib/python3.8/site-packages/airflow/example_dags/tutorial.py
[2024-02-12T19:12:21.003+0000] {processor.py:840} INFO - DAG(s) 'tutorial' retrieved from /home/airflow/.local/lib/python3.8/site-packages/airflow/example_dags/tutorial.py
[2024-02-12T19:12:21.025+0000] {logging_mixin.py:188} INFO - [2024-02-12T19:12:21.025+0000] {dag.py:3036} INFO - Sync 1 DAGs
[2024-02-12T19:12:21.051+0000] {logging_mixin.py:188} INFO - [2024-02-12T19:12:21.051+0000] {dag.py:3823} INFO - Setting next_dagrun for tutorial to 2024-02-11 00:00:00+00:00, run_after=2024-02-12 00:00:00+00:00
[2024-02-12T19:12:21.088+0000] {processor.py:183} INFO - Processing /home/airflow/.local/lib/python3.8/site-packages/airflow/example_dags/tutorial.py took 0.097 seconds
[2024-02-12T19:12:51.444+0000] {processor.py:161} INFO - Started process (PID=6445) to work on /home/airflow/.local/lib/python3.8/site-packages/airflow/example_dags/tutorial.py
[2024-02-12T19:12:51.455+0000] {processor.py:830} INFO - Processing file /home/airflow/.local/lib/python3.8/site-packages/airflow/example_dags/tutorial.py for tasks to queue
[2024-02-12T19:12:51.456+0000] {logging_mixin.py:188} INFO - [2024-02-12T19:12:51.455+0000] {dagbag.py:538} INFO - Filling up the DagBag from /home/airflow/.local/lib/python3.8/site-packages/airflow/example_dags/tutorial.py
[2024-02-12T19:12:51.469+0000] {processor.py:840} INFO - DAG(s) 'tutorial' retrieved from /home/airflow/.local/lib/python3.8/site-packages/airflow/example_dags/tutorial.py
[2024-02-12T19:12:51.516+0000] {logging_mixin.py:188} INFO - [2024-02-12T19:12:51.515+0000] {dag.py:3036} INFO - Sync 1 DAGs
[2024-02-12T19:12:51.596+0000] {logging_mixin.py:188} INFO - [2024-02-12T19:12:51.596+0000] {dag.py:3823} INFO - Setting next_dagrun for tutorial to 2024-02-11 00:00:00+00:00, run_after=2024-02-12 00:00:00+00:00
[2024-02-12T19:12:51.635+0000] {processor.py:183} INFO - Processing /home/airflow/.local/lib/python3.8/site-packages/airflow/example_dags/tutorial.py took 0.199 seconds
[2024-02-12T19:13:21.751+0000] {processor.py:161} INFO - Started process (PID=6696) to work on /home/airflow/.local/lib/python3.8/site-packages/airflow/example_dags/tutorial.py
[2024-02-12T19:13:21.751+0000] {processor.py:830} INFO - Processing file /home/airflow/.local/lib/python3.8/site-packages/airflow/example_dags/tutorial.py for tasks to queue
[2024-02-12T19:13:21.752+0000] {logging_mixin.py:188} INFO - [2024-02-12T19:13:21.752+0000] {dagbag.py:538} INFO - Filling up the DagBag from /home/airflow/.local/lib/python3.8/site-packages/airflow/example_dags/tutorial.py
[2024-02-12T19:13:21.757+0000] {processor.py:840} INFO - DAG(s) 'tutorial' retrieved from /home/airflow/.local/lib/python3.8/site-packages/airflow/example_dags/tutorial.py
[2024-02-12T19:13:21.774+0000] {logging_mixin.py:188} INFO - [2024-02-12T19:13:21.774+0000] {dag.py:3036} INFO - Sync 1 DAGs
[2024-02-12T19:13:21.791+0000] {logging_mixin.py:188} INFO - [2024-02-12T19:13:21.791+0000] {dag.py:3823} INFO - Setting next_dagrun for tutorial to 2024-02-11 00:00:00+00:00, run_after=2024-02-12 00:00:00+00:00
[2024-02-12T19:13:21.813+0000] {processor.py:183} INFO - Processing /home/airflow/.local/lib/python3.8/site-packages/airflow/example_dags/tutorial.py took 0.065 seconds
[2024-02-12T19:13:51.913+0000] {processor.py:161} INFO - Started process (PID=6941) to work on /home/airflow/.local/lib/python3.8/site-packages/airflow/example_dags/tutorial.py
[2024-02-12T19:13:51.914+0000] {processor.py:830} INFO - Processing file /home/airflow/.local/lib/python3.8/site-packages/airflow/example_dags/tutorial.py for tasks to queue
[2024-02-12T19:13:51.915+0000] {logging_mixin.py:188} INFO - [2024-02-12T19:13:51.915+0000] {dagbag.py:538} INFO - Filling up the DagBag from /home/airflow/.local/lib/python3.8/site-packages/airflow/example_dags/tutorial.py
[2024-02-12T19:13:51.924+0000] {processor.py:840} INFO - DAG(s) 'tutorial' retrieved from /home/airflow/.local/lib/python3.8/site-packages/airflow/example_dags/tutorial.py
[2024-02-12T19:13:51.948+0000] {logging_mixin.py:188} INFO - [2024-02-12T19:13:51.948+0000] {dag.py:3036} INFO - Sync 1 DAGs
[2024-02-12T19:13:51.973+0000] {logging_mixin.py:188} INFO - [2024-02-12T19:13:51.973+0000] {dag.py:3823} INFO - Setting next_dagrun for tutorial to 2024-02-11 00:00:00+00:00, run_after=2024-02-12 00:00:00+00:00
[2024-02-12T19:13:51.999+0000] {processor.py:183} INFO - Processing /home/airflow/.local/lib/python3.8/site-packages/airflow/example_dags/tutorial.py took 0.089 seconds
[2024-02-12T19:14:22.129+0000] {processor.py:161} INFO - Started process (PID=7188) to work on /home/airflow/.local/lib/python3.8/site-packages/airflow/example_dags/tutorial.py
[2024-02-12T19:14:22.130+0000] {processor.py:830} INFO - Processing file /home/airflow/.local/lib/python3.8/site-packages/airflow/example_dags/tutorial.py for tasks to queue
[2024-02-12T19:14:22.131+0000] {logging_mixin.py:188} INFO - [2024-02-12T19:14:22.130+0000] {dagbag.py:538} INFO - Filling up the DagBag from /home/airflow/.local/lib/python3.8/site-packages/airflow/example_dags/tutorial.py
[2024-02-12T19:14:22.137+0000] {processor.py:840} INFO - DAG(s) 'tutorial' retrieved from /home/airflow/.local/lib/python3.8/site-packages/airflow/example_dags/tutorial.py
[2024-02-12T19:14:22.159+0000] {logging_mixin.py:188} INFO - [2024-02-12T19:14:22.159+0000] {dag.py:3036} INFO - Sync 1 DAGs
[2024-02-12T19:14:22.184+0000] {logging_mixin.py:188} INFO - [2024-02-12T19:14:22.184+0000] {dag.py:3823} INFO - Setting next_dagrun for tutorial to 2024-02-11 00:00:00+00:00, run_after=2024-02-12 00:00:00+00:00
[2024-02-12T19:14:22.218+0000] {processor.py:183} INFO - Processing /home/airflow/.local/lib/python3.8/site-packages/airflow/example_dags/tutorial.py took 0.093 seconds
[2024-02-12T19:14:52.808+0000] {processor.py:161} INFO - Started process (PID=7434) to work on /home/airflow/.local/lib/python3.8/site-packages/airflow/example_dags/tutorial.py
[2024-02-12T19:14:52.809+0000] {processor.py:830} INFO - Processing file /home/airflow/.local/lib/python3.8/site-packages/airflow/example_dags/tutorial.py for tasks to queue
[2024-02-12T19:14:52.810+0000] {logging_mixin.py:188} INFO - [2024-02-12T19:14:52.810+0000] {dagbag.py:538} INFO - Filling up the DagBag from /home/airflow/.local/lib/python3.8/site-packages/airflow/example_dags/tutorial.py
[2024-02-12T19:14:52.821+0000] {processor.py:840} INFO - DAG(s) 'tutorial' retrieved from /home/airflow/.local/lib/python3.8/site-packages/airflow/example_dags/tutorial.py
[2024-02-12T19:14:52.842+0000] {logging_mixin.py:188} INFO - [2024-02-12T19:14:52.842+0000] {dag.py:3036} INFO - Sync 1 DAGs
[2024-02-12T19:14:52.867+0000] {logging_mixin.py:188} INFO - [2024-02-12T19:14:52.867+0000] {dag.py:3823} INFO - Setting next_dagrun for tutorial to 2024-02-11 00:00:00+00:00, run_after=2024-02-12 00:00:00+00:00
[2024-02-12T19:14:52.889+0000] {processor.py:183} INFO - Processing /home/airflow/.local/lib/python3.8/site-packages/airflow/example_dags/tutorial.py took 0.085 seconds
[2024-02-12T19:15:23.517+0000] {processor.py:161} INFO - Started process (PID=7679) to work on /home/airflow/.local/lib/python3.8/site-packages/airflow/example_dags/tutorial.py
[2024-02-12T19:15:23.518+0000] {processor.py:830} INFO - Processing file /home/airflow/.local/lib/python3.8/site-packages/airflow/example_dags/tutorial.py for tasks to queue
[2024-02-12T19:15:23.520+0000] {logging_mixin.py:188} INFO - [2024-02-12T19:15:23.519+0000] {dagbag.py:538} INFO - Filling up the DagBag from /home/airflow/.local/lib/python3.8/site-packages/airflow/example_dags/tutorial.py
[2024-02-12T19:15:23.526+0000] {processor.py:840} INFO - DAG(s) 'tutorial' retrieved from /home/airflow/.local/lib/python3.8/site-packages/airflow/example_dags/tutorial.py
[2024-02-12T19:15:23.549+0000] {logging_mixin.py:188} INFO - [2024-02-12T19:15:23.549+0000] {dag.py:3036} INFO - Sync 1 DAGs
[2024-02-12T19:15:23.574+0000] {logging_mixin.py:188} INFO - [2024-02-12T19:15:23.573+0000] {dag.py:3823} INFO - Setting next_dagrun for tutorial to 2024-02-11 00:00:00+00:00, run_after=2024-02-12 00:00:00+00:00
[2024-02-12T19:15:23.598+0000] {processor.py:183} INFO - Processing /home/airflow/.local/lib/python3.8/site-packages/airflow/example_dags/tutorial.py took 0.083 seconds
[2024-02-12T19:15:54.006+0000] {processor.py:161} INFO - Started process (PID=7929) to work on /home/airflow/.local/lib/python3.8/site-packages/airflow/example_dags/tutorial.py
[2024-02-12T19:15:54.007+0000] {processor.py:830} INFO - Processing file /home/airflow/.local/lib/python3.8/site-packages/airflow/example_dags/tutorial.py for tasks to queue
[2024-02-12T19:15:54.008+0000] {logging_mixin.py:188} INFO - [2024-02-12T19:15:54.007+0000] {dagbag.py:538} INFO - Filling up the DagBag from /home/airflow/.local/lib/python3.8/site-packages/airflow/example_dags/tutorial.py
[2024-02-12T19:15:54.015+0000] {processor.py:840} INFO - DAG(s) 'tutorial' retrieved from /home/airflow/.local/lib/python3.8/site-packages/airflow/example_dags/tutorial.py
[2024-02-12T19:15:54.036+0000] {logging_mixin.py:188} INFO - [2024-02-12T19:15:54.036+0000] {dag.py:3036} INFO - Sync 1 DAGs
[2024-02-12T19:15:54.062+0000] {logging_mixin.py:188} INFO - [2024-02-12T19:15:54.061+0000] {dag.py:3823} INFO - Setting next_dagrun for tutorial to 2024-02-11 00:00:00+00:00, run_after=2024-02-12 00:00:00+00:00
[2024-02-12T19:15:54.085+0000] {processor.py:183} INFO - Processing /home/airflow/.local/lib/python3.8/site-packages/airflow/example_dags/tutorial.py took 0.083 seconds
[2024-02-12T19:16:24.408+0000] {processor.py:161} INFO - Started process (PID=8177) to work on /home/airflow/.local/lib/python3.8/site-packages/airflow/example_dags/tutorial.py
[2024-02-12T19:16:24.409+0000] {processor.py:830} INFO - Processing file /home/airflow/.local/lib/python3.8/site-packages/airflow/example_dags/tutorial.py for tasks to queue
[2024-02-12T19:16:24.409+0000] {logging_mixin.py:188} INFO - [2024-02-12T19:16:24.409+0000] {dagbag.py:538} INFO - Filling up the DagBag from /home/airflow/.local/lib/python3.8/site-packages/airflow/example_dags/tutorial.py
[2024-02-12T19:16:24.423+0000] {processor.py:840} INFO - DAG(s) 'tutorial' retrieved from /home/airflow/.local/lib/python3.8/site-packages/airflow/example_dags/tutorial.py
[2024-02-12T19:16:24.446+0000] {logging_mixin.py:188} INFO - [2024-02-12T19:16:24.445+0000] {dag.py:3036} INFO - Sync 1 DAGs
[2024-02-12T19:16:24.471+0000] {logging_mixin.py:188} INFO - [2024-02-12T19:16:24.470+0000] {dag.py:3823} INFO - Setting next_dagrun for tutorial to 2024-02-11 00:00:00+00:00, run_after=2024-02-12 00:00:00+00:00
[2024-02-12T19:16:24.495+0000] {processor.py:183} INFO - Processing /home/airflow/.local/lib/python3.8/site-packages/airflow/example_dags/tutorial.py took 0.090 seconds
[2024-02-12T19:16:54.973+0000] {processor.py:161} INFO - Started process (PID=8424) to work on /home/airflow/.local/lib/python3.8/site-packages/airflow/example_dags/tutorial.py
[2024-02-12T19:16:54.974+0000] {processor.py:830} INFO - Processing file /home/airflow/.local/lib/python3.8/site-packages/airflow/example_dags/tutorial.py for tasks to queue
[2024-02-12T19:16:54.975+0000] {logging_mixin.py:188} INFO - [2024-02-12T19:16:54.974+0000] {dagbag.py:538} INFO - Filling up the DagBag from /home/airflow/.local/lib/python3.8/site-packages/airflow/example_dags/tutorial.py
[2024-02-12T19:16:54.982+0000] {processor.py:840} INFO - DAG(s) 'tutorial' retrieved from /home/airflow/.local/lib/python3.8/site-packages/airflow/example_dags/tutorial.py
[2024-02-12T19:16:55.009+0000] {logging_mixin.py:188} INFO - [2024-02-12T19:16:55.009+0000] {dag.py:3036} INFO - Sync 1 DAGs
[2024-02-12T19:16:55.034+0000] {logging_mixin.py:188} INFO - [2024-02-12T19:16:55.033+0000] {dag.py:3823} INFO - Setting next_dagrun for tutorial to 2024-02-11 00:00:00+00:00, run_after=2024-02-12 00:00:00+00:00
[2024-02-12T19:16:55.061+0000] {processor.py:183} INFO - Processing /home/airflow/.local/lib/python3.8/site-packages/airflow/example_dags/tutorial.py took 0.093 seconds
[2024-02-12T19:17:25.342+0000] {processor.py:161} INFO - Started process (PID=8671) to work on /home/airflow/.local/lib/python3.8/site-packages/airflow/example_dags/tutorial.py
[2024-02-12T19:17:25.343+0000] {processor.py:830} INFO - Processing file /home/airflow/.local/lib/python3.8/site-packages/airflow/example_dags/tutorial.py for tasks to queue
[2024-02-12T19:17:25.344+0000] {logging_mixin.py:188} INFO - [2024-02-12T19:17:25.343+0000] {dagbag.py:538} INFO - Filling up the DagBag from /home/airflow/.local/lib/python3.8/site-packages/airflow/example_dags/tutorial.py
[2024-02-12T19:17:25.350+0000] {processor.py:840} INFO - DAG(s) 'tutorial' retrieved from /home/airflow/.local/lib/python3.8/site-packages/airflow/example_dags/tutorial.py
[2024-02-12T19:17:25.373+0000] {logging_mixin.py:188} INFO - [2024-02-12T19:17:25.372+0000] {dag.py:3036} INFO - Sync 1 DAGs
[2024-02-12T19:17:25.402+0000] {logging_mixin.py:188} INFO - [2024-02-12T19:17:25.402+0000] {dag.py:3823} INFO - Setting next_dagrun for tutorial to 2024-02-11 00:00:00+00:00, run_after=2024-02-12 00:00:00+00:00
[2024-02-12T19:17:25.431+0000] {processor.py:183} INFO - Processing /home/airflow/.local/lib/python3.8/site-packages/airflow/example_dags/tutorial.py took 0.093 seconds
[2024-02-12T19:17:55.671+0000] {processor.py:161} INFO - Started process (PID=8918) to work on /home/airflow/.local/lib/python3.8/site-packages/airflow/example_dags/tutorial.py
[2024-02-12T19:17:55.672+0000] {processor.py:830} INFO - Processing file /home/airflow/.local/lib/python3.8/site-packages/airflow/example_dags/tutorial.py for tasks to queue
[2024-02-12T19:17:55.673+0000] {logging_mixin.py:188} INFO - [2024-02-12T19:17:55.673+0000] {dagbag.py:538} INFO - Filling up the DagBag from /home/airflow/.local/lib/python3.8/site-packages/airflow/example_dags/tutorial.py
[2024-02-12T19:17:55.680+0000] {processor.py:840} INFO - DAG(s) 'tutorial' retrieved from /home/airflow/.local/lib/python3.8/site-packages/airflow/example_dags/tutorial.py
[2024-02-12T19:17:55.703+0000] {logging_mixin.py:188} INFO - [2024-02-12T19:17:55.702+0000] {dag.py:3036} INFO - Sync 1 DAGs
[2024-02-12T19:17:55.727+0000] {logging_mixin.py:188} INFO - [2024-02-12T19:17:55.727+0000] {dag.py:3823} INFO - Setting next_dagrun for tutorial to 2024-02-11 00:00:00+00:00, run_after=2024-02-12 00:00:00+00:00
[2024-02-12T19:17:55.754+0000] {processor.py:183} INFO - Processing /home/airflow/.local/lib/python3.8/site-packages/airflow/example_dags/tutorial.py took 0.087 seconds
[2024-02-12T19:18:26.002+0000] {processor.py:161} INFO - Started process (PID=9165) to work on /home/airflow/.local/lib/python3.8/site-packages/airflow/example_dags/tutorial.py
[2024-02-12T19:18:26.003+0000] {processor.py:830} INFO - Processing file /home/airflow/.local/lib/python3.8/site-packages/airflow/example_dags/tutorial.py for tasks to queue
[2024-02-12T19:18:26.004+0000] {logging_mixin.py:188} INFO - [2024-02-12T19:18:26.004+0000] {dagbag.py:538} INFO - Filling up the DagBag from /home/airflow/.local/lib/python3.8/site-packages/airflow/example_dags/tutorial.py
[2024-02-12T19:18:26.011+0000] {processor.py:840} INFO - DAG(s) 'tutorial' retrieved from /home/airflow/.local/lib/python3.8/site-packages/airflow/example_dags/tutorial.py
[2024-02-12T19:18:26.040+0000] {logging_mixin.py:188} INFO - [2024-02-12T19:18:26.032+0000] {dag.py:3036} INFO - Sync 1 DAGs
[2024-02-12T19:18:26.075+0000] {logging_mixin.py:188} INFO - [2024-02-12T19:18:26.075+0000] {dag.py:3823} INFO - Setting next_dagrun for tutorial to 2024-02-11 00:00:00+00:00, run_after=2024-02-12 00:00:00+00:00
[2024-02-12T19:18:26.098+0000] {processor.py:183} INFO - Processing /home/airflow/.local/lib/python3.8/site-packages/airflow/example_dags/tutorial.py took 0.099 seconds
[2024-02-12T19:18:56.411+0000] {processor.py:161} INFO - Started process (PID=9407) to work on /home/airflow/.local/lib/python3.8/site-packages/airflow/example_dags/tutorial.py
[2024-02-12T19:18:56.412+0000] {processor.py:830} INFO - Processing file /home/airflow/.local/lib/python3.8/site-packages/airflow/example_dags/tutorial.py for tasks to queue
[2024-02-12T19:18:56.413+0000] {logging_mixin.py:188} INFO - [2024-02-12T19:18:56.413+0000] {dagbag.py:538} INFO - Filling up the DagBag from /home/airflow/.local/lib/python3.8/site-packages/airflow/example_dags/tutorial.py
[2024-02-12T19:18:56.420+0000] {processor.py:840} INFO - DAG(s) 'tutorial' retrieved from /home/airflow/.local/lib/python3.8/site-packages/airflow/example_dags/tutorial.py
[2024-02-12T19:18:56.440+0000] {logging_mixin.py:188} INFO - [2024-02-12T19:18:56.440+0000] {dag.py:3036} INFO - Sync 1 DAGs
[2024-02-12T19:18:56.465+0000] {logging_mixin.py:188} INFO - [2024-02-12T19:18:56.465+0000] {dag.py:3823} INFO - Setting next_dagrun for tutorial to 2024-02-11 00:00:00+00:00, run_after=2024-02-12 00:00:00+00:00
[2024-02-12T19:18:56.503+0000] {processor.py:183} INFO - Processing /home/airflow/.local/lib/python3.8/site-packages/airflow/example_dags/tutorial.py took 0.095 seconds
[2024-02-12T19:19:26.894+0000] {processor.py:161} INFO - Started process (PID=9654) to work on /home/airflow/.local/lib/python3.8/site-packages/airflow/example_dags/tutorial.py
[2024-02-12T19:19:26.895+0000] {processor.py:830} INFO - Processing file /home/airflow/.local/lib/python3.8/site-packages/airflow/example_dags/tutorial.py for tasks to queue
[2024-02-12T19:19:26.896+0000] {logging_mixin.py:188} INFO - [2024-02-12T19:19:26.896+0000] {dagbag.py:538} INFO - Filling up the DagBag from /home/airflow/.local/lib/python3.8/site-packages/airflow/example_dags/tutorial.py
[2024-02-12T19:19:26.903+0000] {processor.py:840} INFO - DAG(s) 'tutorial' retrieved from /home/airflow/.local/lib/python3.8/site-packages/airflow/example_dags/tutorial.py
[2024-02-12T19:19:26.925+0000] {logging_mixin.py:188} INFO - [2024-02-12T19:19:26.925+0000] {dag.py:3036} INFO - Sync 1 DAGs
[2024-02-12T19:19:26.953+0000] {logging_mixin.py:188} INFO - [2024-02-12T19:19:26.952+0000] {dag.py:3823} INFO - Setting next_dagrun for tutorial to 2024-02-11 00:00:00+00:00, run_after=2024-02-12 00:00:00+00:00
[2024-02-12T19:19:26.980+0000] {processor.py:183} INFO - Processing /home/airflow/.local/lib/python3.8/site-packages/airflow/example_dags/tutorial.py took 0.089 seconds
[2024-02-12T19:19:57.595+0000] {processor.py:161} INFO - Started process (PID=9901) to work on /home/airflow/.local/lib/python3.8/site-packages/airflow/example_dags/tutorial.py
[2024-02-12T19:19:57.596+0000] {processor.py:830} INFO - Processing file /home/airflow/.local/lib/python3.8/site-packages/airflow/example_dags/tutorial.py for tasks to queue
[2024-02-12T19:19:57.597+0000] {logging_mixin.py:188} INFO - [2024-02-12T19:19:57.597+0000] {dagbag.py:538} INFO - Filling up the DagBag from /home/airflow/.local/lib/python3.8/site-packages/airflow/example_dags/tutorial.py
[2024-02-12T19:19:57.604+0000] {processor.py:840} INFO - DAG(s) 'tutorial' retrieved from /home/airflow/.local/lib/python3.8/site-packages/airflow/example_dags/tutorial.py
[2024-02-12T19:19:57.626+0000] {logging_mixin.py:188} INFO - [2024-02-12T19:19:57.626+0000] {dag.py:3036} INFO - Sync 1 DAGs
[2024-02-12T19:19:57.654+0000] {logging_mixin.py:188} INFO - [2024-02-12T19:19:57.654+0000] {dag.py:3823} INFO - Setting next_dagrun for tutorial to 2024-02-11 00:00:00+00:00, run_after=2024-02-12 00:00:00+00:00
[2024-02-12T19:19:57.679+0000] {processor.py:183} INFO - Processing /home/airflow/.local/lib/python3.8/site-packages/airflow/example_dags/tutorial.py took 0.089 seconds
[2024-02-12T19:20:28.128+0000] {processor.py:161} INFO - Started process (PID=10148) to work on /home/airflow/.local/lib/python3.8/site-packages/airflow/example_dags/tutorial.py
[2024-02-12T19:20:28.129+0000] {processor.py:830} INFO - Processing file /home/airflow/.local/lib/python3.8/site-packages/airflow/example_dags/tutorial.py for tasks to queue
[2024-02-12T19:20:28.129+0000] {logging_mixin.py:188} INFO - [2024-02-12T19:20:28.129+0000] {dagbag.py:538} INFO - Filling up the DagBag from /home/airflow/.local/lib/python3.8/site-packages/airflow/example_dags/tutorial.py
[2024-02-12T19:20:28.141+0000] {processor.py:840} INFO - DAG(s) 'tutorial' retrieved from /home/airflow/.local/lib/python3.8/site-packages/airflow/example_dags/tutorial.py
[2024-02-12T19:20:28.217+0000] {logging_mixin.py:188} INFO - [2024-02-12T19:20:28.217+0000] {dag.py:3036} INFO - Sync 1 DAGs
[2024-02-12T19:20:28.268+0000] {logging_mixin.py:188} INFO - [2024-02-12T19:20:28.268+0000] {dag.py:3823} INFO - Setting next_dagrun for tutorial to 2024-02-11 00:00:00+00:00, run_after=2024-02-12 00:00:00+00:00
[2024-02-12T19:20:28.337+0000] {processor.py:183} INFO - Processing /home/airflow/.local/lib/python3.8/site-packages/airflow/example_dags/tutorial.py took 0.214 seconds
[2024-02-12T19:20:59.197+0000] {processor.py:161} INFO - Started process (PID=10397) to work on /home/airflow/.local/lib/python3.8/site-packages/airflow/example_dags/tutorial.py
[2024-02-12T19:20:59.198+0000] {processor.py:830} INFO - Processing file /home/airflow/.local/lib/python3.8/site-packages/airflow/example_dags/tutorial.py for tasks to queue
[2024-02-12T19:20:59.200+0000] {logging_mixin.py:188} INFO - [2024-02-12T19:20:59.199+0000] {dagbag.py:538} INFO - Filling up the DagBag from /home/airflow/.local/lib/python3.8/site-packages/airflow/example_dags/tutorial.py
[2024-02-12T19:20:59.208+0000] {processor.py:840} INFO - DAG(s) 'tutorial' retrieved from /home/airflow/.local/lib/python3.8/site-packages/airflow/example_dags/tutorial.py
[2024-02-12T19:20:59.231+0000] {logging_mixin.py:188} INFO - [2024-02-12T19:20:59.231+0000] {dag.py:3036} INFO - Sync 1 DAGs
[2024-02-12T19:20:59.255+0000] {logging_mixin.py:188} INFO - [2024-02-12T19:20:59.255+0000] {dag.py:3823} INFO - Setting next_dagrun for tutorial to 2024-02-11 00:00:00+00:00, run_after=2024-02-12 00:00:00+00:00
[2024-02-12T19:20:59.279+0000] {processor.py:183} INFO - Processing /home/airflow/.local/lib/python3.8/site-packages/airflow/example_dags/tutorial.py took 0.085 seconds
[2024-02-12T19:21:29.972+0000] {processor.py:161} INFO - Started process (PID=10645) to work on /home/airflow/.local/lib/python3.8/site-packages/airflow/example_dags/tutorial.py
[2024-02-12T19:21:29.973+0000] {processor.py:830} INFO - Processing file /home/airflow/.local/lib/python3.8/site-packages/airflow/example_dags/tutorial.py for tasks to queue
[2024-02-12T19:21:29.974+0000] {logging_mixin.py:188} INFO - [2024-02-12T19:21:29.973+0000] {dagbag.py:538} INFO - Filling up the DagBag from /home/airflow/.local/lib/python3.8/site-packages/airflow/example_dags/tutorial.py
[2024-02-12T19:21:29.980+0000] {processor.py:840} INFO - DAG(s) 'tutorial' retrieved from /home/airflow/.local/lib/python3.8/site-packages/airflow/example_dags/tutorial.py
[2024-02-12T19:21:30.010+0000] {logging_mixin.py:188} INFO - [2024-02-12T19:21:30.010+0000] {dag.py:3036} INFO - Sync 1 DAGs
[2024-02-12T19:21:30.045+0000] {logging_mixin.py:188} INFO - [2024-02-12T19:21:30.044+0000] {dag.py:3823} INFO - Setting next_dagrun for tutorial to 2024-02-11 00:00:00+00:00, run_after=2024-02-12 00:00:00+00:00
[2024-02-12T19:21:30.122+0000] {processor.py:183} INFO - Processing /home/airflow/.local/lib/python3.8/site-packages/airflow/example_dags/tutorial.py took 0.154 seconds
[2024-02-12T19:22:00.220+0000] {processor.py:161} INFO - Started process (PID=10892) to work on /home/airflow/.local/lib/python3.8/site-packages/airflow/example_dags/tutorial.py
[2024-02-12T19:22:00.220+0000] {processor.py:830} INFO - Processing file /home/airflow/.local/lib/python3.8/site-packages/airflow/example_dags/tutorial.py for tasks to queue
[2024-02-12T19:22:00.221+0000] {logging_mixin.py:188} INFO - [2024-02-12T19:22:00.221+0000] {dagbag.py:538} INFO - Filling up the DagBag from /home/airflow/.local/lib/python3.8/site-packages/airflow/example_dags/tutorial.py
[2024-02-12T19:22:00.228+0000] {processor.py:840} INFO - DAG(s) 'tutorial' retrieved from /home/airflow/.local/lib/python3.8/site-packages/airflow/example_dags/tutorial.py
[2024-02-12T19:22:00.249+0000] {logging_mixin.py:188} INFO - [2024-02-12T19:22:00.249+0000] {dag.py:3036} INFO - Sync 1 DAGs
[2024-02-12T19:22:00.297+0000] {logging_mixin.py:188} INFO - [2024-02-12T19:22:00.296+0000] {dag.py:3823} INFO - Setting next_dagrun for tutorial to 2024-02-11 00:00:00+00:00, run_after=2024-02-12 00:00:00+00:00
[2024-02-12T19:22:00.351+0000] {processor.py:183} INFO - Processing /home/airflow/.local/lib/python3.8/site-packages/airflow/example_dags/tutorial.py took 0.135 seconds
[2024-02-12T19:22:30.680+0000] {processor.py:161} INFO - Started process (PID=11139) to work on /home/airflow/.local/lib/python3.8/site-packages/airflow/example_dags/tutorial.py
[2024-02-12T19:22:30.681+0000] {processor.py:830} INFO - Processing file /home/airflow/.local/lib/python3.8/site-packages/airflow/example_dags/tutorial.py for tasks to queue
[2024-02-12T19:22:30.682+0000] {logging_mixin.py:188} INFO - [2024-02-12T19:22:30.681+0000] {dagbag.py:538} INFO - Filling up the DagBag from /home/airflow/.local/lib/python3.8/site-packages/airflow/example_dags/tutorial.py
[2024-02-12T19:22:30.689+0000] {processor.py:840} INFO - DAG(s) 'tutorial' retrieved from /home/airflow/.local/lib/python3.8/site-packages/airflow/example_dags/tutorial.py
[2024-02-12T19:22:30.710+0000] {logging_mixin.py:188} INFO - [2024-02-12T19:22:30.710+0000] {dag.py:3036} INFO - Sync 1 DAGs
[2024-02-12T19:22:30.735+0000] {logging_mixin.py:188} INFO - [2024-02-12T19:22:30.735+0000] {dag.py:3823} INFO - Setting next_dagrun for tutorial to 2024-02-11 00:00:00+00:00, run_after=2024-02-12 00:00:00+00:00
[2024-02-12T19:22:30.770+0000] {processor.py:183} INFO - Processing /home/airflow/.local/lib/python3.8/site-packages/airflow/example_dags/tutorial.py took 0.094 seconds
[2024-02-12T19:23:00.940+0000] {processor.py:161} INFO - Started process (PID=11386) to work on /home/airflow/.local/lib/python3.8/site-packages/airflow/example_dags/tutorial.py
[2024-02-12T19:23:00.941+0000] {processor.py:830} INFO - Processing file /home/airflow/.local/lib/python3.8/site-packages/airflow/example_dags/tutorial.py for tasks to queue
[2024-02-12T19:23:00.942+0000] {logging_mixin.py:188} INFO - [2024-02-12T19:23:00.942+0000] {dagbag.py:538} INFO - Filling up the DagBag from /home/airflow/.local/lib/python3.8/site-packages/airflow/example_dags/tutorial.py
[2024-02-12T19:23:00.949+0000] {processor.py:840} INFO - DAG(s) 'tutorial' retrieved from /home/airflow/.local/lib/python3.8/site-packages/airflow/example_dags/tutorial.py
[2024-02-12T19:23:00.972+0000] {logging_mixin.py:188} INFO - [2024-02-12T19:23:00.972+0000] {dag.py:3036} INFO - Sync 1 DAGs
[2024-02-12T19:23:01.001+0000] {logging_mixin.py:188} INFO - [2024-02-12T19:23:01.001+0000] {dag.py:3823} INFO - Setting next_dagrun for tutorial to 2024-02-11 00:00:00+00:00, run_after=2024-02-12 00:00:00+00:00
[2024-02-12T19:23:01.027+0000] {processor.py:183} INFO - Processing /home/airflow/.local/lib/python3.8/site-packages/airflow/example_dags/tutorial.py took 0.090 seconds
[2024-02-12T19:23:31.440+0000] {processor.py:161} INFO - Started process (PID=11633) to work on /home/airflow/.local/lib/python3.8/site-packages/airflow/example_dags/tutorial.py
[2024-02-12T19:23:31.441+0000] {processor.py:830} INFO - Processing file /home/airflow/.local/lib/python3.8/site-packages/airflow/example_dags/tutorial.py for tasks to queue
[2024-02-12T19:23:31.442+0000] {logging_mixin.py:188} INFO - [2024-02-12T19:23:31.441+0000] {dagbag.py:538} INFO - Filling up the DagBag from /home/airflow/.local/lib/python3.8/site-packages/airflow/example_dags/tutorial.py
[2024-02-12T19:23:31.449+0000] {processor.py:840} INFO - DAG(s) 'tutorial' retrieved from /home/airflow/.local/lib/python3.8/site-packages/airflow/example_dags/tutorial.py
[2024-02-12T19:23:31.490+0000] {logging_mixin.py:188} INFO - [2024-02-12T19:23:31.489+0000] {dag.py:3036} INFO - Sync 1 DAGs
[2024-02-12T19:23:31.523+0000] {logging_mixin.py:188} INFO - [2024-02-12T19:23:31.523+0000] {dag.py:3823} INFO - Setting next_dagrun for tutorial to 2024-02-11 00:00:00+00:00, run_after=2024-02-12 00:00:00+00:00
[2024-02-12T19:23:31.546+0000] {processor.py:183} INFO - Processing /home/airflow/.local/lib/python3.8/site-packages/airflow/example_dags/tutorial.py took 0.109 seconds
[2024-02-12T19:24:01.964+0000] {processor.py:161} INFO - Started process (PID=11880) to work on /home/airflow/.local/lib/python3.8/site-packages/airflow/example_dags/tutorial.py
[2024-02-12T19:24:01.968+0000] {processor.py:830} INFO - Processing file /home/airflow/.local/lib/python3.8/site-packages/airflow/example_dags/tutorial.py for tasks to queue
[2024-02-12T19:24:01.971+0000] {logging_mixin.py:188} INFO - [2024-02-12T19:24:01.970+0000] {dagbag.py:538} INFO - Filling up the DagBag from /home/airflow/.local/lib/python3.8/site-packages/airflow/example_dags/tutorial.py
[2024-02-12T19:24:01.987+0000] {processor.py:840} INFO - DAG(s) 'tutorial' retrieved from /home/airflow/.local/lib/python3.8/site-packages/airflow/example_dags/tutorial.py
[2024-02-12T19:24:02.046+0000] {logging_mixin.py:188} INFO - [2024-02-12T19:24:02.046+0000] {dag.py:3036} INFO - Sync 1 DAGs
[2024-02-12T19:24:02.091+0000] {logging_mixin.py:188} INFO - [2024-02-12T19:24:02.090+0000] {dag.py:3823} INFO - Setting next_dagrun for tutorial to 2024-02-11 00:00:00+00:00, run_after=2024-02-12 00:00:00+00:00
[2024-02-12T19:24:02.115+0000] {processor.py:183} INFO - Processing /home/airflow/.local/lib/python3.8/site-packages/airflow/example_dags/tutorial.py took 0.190 seconds
[2024-02-12T19:24:32.276+0000] {processor.py:161} INFO - Started process (PID=12127) to work on /home/airflow/.local/lib/python3.8/site-packages/airflow/example_dags/tutorial.py
[2024-02-12T19:24:32.277+0000] {processor.py:830} INFO - Processing file /home/airflow/.local/lib/python3.8/site-packages/airflow/example_dags/tutorial.py for tasks to queue
[2024-02-12T19:24:32.278+0000] {logging_mixin.py:188} INFO - [2024-02-12T19:24:32.277+0000] {dagbag.py:538} INFO - Filling up the DagBag from /home/airflow/.local/lib/python3.8/site-packages/airflow/example_dags/tutorial.py
[2024-02-12T19:24:32.285+0000] {processor.py:840} INFO - DAG(s) 'tutorial' retrieved from /home/airflow/.local/lib/python3.8/site-packages/airflow/example_dags/tutorial.py
[2024-02-12T19:24:32.307+0000] {logging_mixin.py:188} INFO - [2024-02-12T19:24:32.307+0000] {dag.py:3036} INFO - Sync 1 DAGs
[2024-02-12T19:24:32.336+0000] {logging_mixin.py:188} INFO - [2024-02-12T19:24:32.335+0000] {dag.py:3823} INFO - Setting next_dagrun for tutorial to 2024-02-11 00:00:00+00:00, run_after=2024-02-12 00:00:00+00:00
[2024-02-12T19:24:32.358+0000] {processor.py:183} INFO - Processing /home/airflow/.local/lib/python3.8/site-packages/airflow/example_dags/tutorial.py took 0.086 seconds
[2024-02-12T19:25:02.493+0000] {processor.py:161} INFO - Started process (PID=12375) to work on /home/airflow/.local/lib/python3.8/site-packages/airflow/example_dags/tutorial.py
[2024-02-12T19:25:02.494+0000] {processor.py:830} INFO - Processing file /home/airflow/.local/lib/python3.8/site-packages/airflow/example_dags/tutorial.py for tasks to queue
[2024-02-12T19:25:02.495+0000] {logging_mixin.py:188} INFO - [2024-02-12T19:25:02.495+0000] {dagbag.py:538} INFO - Filling up the DagBag from /home/airflow/.local/lib/python3.8/site-packages/airflow/example_dags/tutorial.py
[2024-02-12T19:25:02.507+0000] {processor.py:840} INFO - DAG(s) 'tutorial' retrieved from /home/airflow/.local/lib/python3.8/site-packages/airflow/example_dags/tutorial.py
[2024-02-12T19:25:02.560+0000] {logging_mixin.py:188} INFO - [2024-02-12T19:25:02.560+0000] {dag.py:3036} INFO - Sync 1 DAGs
[2024-02-12T19:25:02.608+0000] {logging_mixin.py:188} INFO - [2024-02-12T19:25:02.607+0000] {dag.py:3823} INFO - Setting next_dagrun for tutorial to 2024-02-11 00:00:00+00:00, run_after=2024-02-12 00:00:00+00:00
[2024-02-12T19:25:02.656+0000] {processor.py:183} INFO - Processing /home/airflow/.local/lib/python3.8/site-packages/airflow/example_dags/tutorial.py took 0.167 seconds
[2024-02-12T19:25:33.583+0000] {processor.py:161} INFO - Started process (PID=12621) to work on /home/airflow/.local/lib/python3.8/site-packages/airflow/example_dags/tutorial.py
[2024-02-12T19:25:33.584+0000] {processor.py:830} INFO - Processing file /home/airflow/.local/lib/python3.8/site-packages/airflow/example_dags/tutorial.py for tasks to queue
[2024-02-12T19:25:33.585+0000] {logging_mixin.py:188} INFO - [2024-02-12T19:25:33.585+0000] {dagbag.py:538} INFO - Filling up the DagBag from /home/airflow/.local/lib/python3.8/site-packages/airflow/example_dags/tutorial.py
[2024-02-12T19:25:33.593+0000] {processor.py:840} INFO - DAG(s) 'tutorial' retrieved from /home/airflow/.local/lib/python3.8/site-packages/airflow/example_dags/tutorial.py
[2024-02-12T19:25:33.606+0000] {logging_mixin.py:188} INFO - [2024-02-12T19:25:33.606+0000] {dag.py:3036} INFO - Sync 1 DAGs
[2024-02-12T19:25:33.632+0000] {logging_mixin.py:188} INFO - [2024-02-12T19:25:33.632+0000] {dag.py:3823} INFO - Setting next_dagrun for tutorial to 2024-02-11 00:00:00+00:00, run_after=2024-02-12 00:00:00+00:00
[2024-02-12T19:25:33.655+0000] {processor.py:183} INFO - Processing /home/airflow/.local/lib/python3.8/site-packages/airflow/example_dags/tutorial.py took 0.076 seconds
[2024-02-12T19:26:03.744+0000] {processor.py:161} INFO - Started process (PID=12868) to work on /home/airflow/.local/lib/python3.8/site-packages/airflow/example_dags/tutorial.py
[2024-02-12T19:26:03.745+0000] {processor.py:830} INFO - Processing file /home/airflow/.local/lib/python3.8/site-packages/airflow/example_dags/tutorial.py for tasks to queue
[2024-02-12T19:26:03.746+0000] {logging_mixin.py:188} INFO - [2024-02-12T19:26:03.745+0000] {dagbag.py:538} INFO - Filling up the DagBag from /home/airflow/.local/lib/python3.8/site-packages/airflow/example_dags/tutorial.py
[2024-02-12T19:26:03.753+0000] {processor.py:840} INFO - DAG(s) 'tutorial' retrieved from /home/airflow/.local/lib/python3.8/site-packages/airflow/example_dags/tutorial.py
[2024-02-12T19:26:03.905+0000] {logging_mixin.py:188} INFO - [2024-02-12T19:26:03.905+0000] {dag.py:3036} INFO - Sync 1 DAGs
[2024-02-12T19:26:03.930+0000] {logging_mixin.py:188} INFO - [2024-02-12T19:26:03.930+0000] {dag.py:3823} INFO - Setting next_dagrun for tutorial to 2024-02-11 00:00:00+00:00, run_after=2024-02-12 00:00:00+00:00
[2024-02-12T19:26:03.957+0000] {processor.py:183} INFO - Processing /home/airflow/.local/lib/python3.8/site-packages/airflow/example_dags/tutorial.py took 0.216 seconds
