[2024-02-15T15:16:32.694+0000] {taskinstance.py:1956} INFO - Dependencies all met for dep_context=non-requeueable deps ti=<TaskInstance: Get_strava_data.upload_file manual__2024-02-15T15:16:27.266434+00:00 [queued]>
[2024-02-15T15:16:32.701+0000] {taskinstance.py:1956} INFO - Dependencies all met for dep_context=requeueable deps ti=<TaskInstance: Get_strava_data.upload_file manual__2024-02-15T15:16:27.266434+00:00 [queued]>
[2024-02-15T15:16:32.701+0000] {taskinstance.py:2170} INFO - Starting attempt 1 of 2
[2024-02-15T15:16:32.717+0000] {taskinstance.py:2191} INFO - Executing <Task(PythonOperator): upload_file> on 2024-02-15 15:16:27.266434+00:00
[2024-02-15T15:16:32.723+0000] {standard_task_runner.py:60} INFO - Started process 3150 to run task
[2024-02-15T15:16:32.726+0000] {standard_task_runner.py:87} INFO - Running: ['***', 'tasks', 'run', 'Get_strava_data', 'upload_file', 'manual__2024-02-15T15:16:27.266434+00:00', '--job-id', '1351', '--raw', '--subdir', 'DAGS_FOLDER/get_strava_data.py', '--cfg-path', '/tmp/tmpfyqb_7o1']
[2024-02-15T15:16:32.728+0000] {standard_task_runner.py:88} INFO - Job 1351: Subtask upload_file
[2024-02-15T15:16:32.769+0000] {task_command.py:423} INFO - Running <TaskInstance: Get_strava_data.upload_file manual__2024-02-15T15:16:27.266434+00:00 [running]> on host 179d8ea51567
[2024-02-15T15:16:32.855+0000] {taskinstance.py:2480} INFO - Exporting env vars: AIRFLOW_CTX_DAG_OWNER='Jackie' AIRFLOW_CTX_DAG_ID='Get_strava_data' AIRFLOW_CTX_TASK_ID='upload_file' AIRFLOW_CTX_EXECUTION_DATE='2024-02-15T15:16:27.266434+00:00' AIRFLOW_CTX_TRY_NUMBER='1' AIRFLOW_CTX_DAG_RUN_ID='manual__2024-02-15T15:16:27.266434+00:00'
[2024-02-15T15:16:32.857+0000] {logging_mixin.py:188} INFO - The file '/Users/jackie/Desktop/Strava/strava_activities.csv' does not exist.
[2024-02-15T15:16:32.879+0000] {taskinstance.py:2698} ERROR - Task failed with exception
Traceback (most recent call last):
  File "/home/airflow/.local/lib/python3.8/site-packages/airflow/models/taskinstance.py", line 433, in _execute_task
    result = execute_callable(context=context, **execute_callable_kwargs)
  File "/home/airflow/.local/lib/python3.8/site-packages/airflow/operators/python.py", line 199, in execute
    return_value = self.execute_callable()
  File "/home/airflow/.local/lib/python3.8/site-packages/airflow/operators/python.py", line 216, in execute_callable
    return self.python_callable(*self.op_args, **self.op_kwargs)
  File "/opt/airflow/dags/get_strava_data.py", line 142, in upload_existing_data
    file_path = Variable.get("source_file_path")
  File "/home/airflow/.local/lib/python3.8/site-packages/airflow/models/variable.py", line 143, in get
    raise KeyError(f"Variable {key} does not exist")
KeyError: 'Variable source_file_path does not exist'
[2024-02-15T15:16:32.892+0000] {taskinstance.py:1138} INFO - Marking task as UP_FOR_RETRY. dag_id=Get_strava_data, task_id=upload_file, execution_date=20240215T151627, start_date=20240215T151632, end_date=20240215T151632
[2024-02-15T15:16:33.046+0000] {standard_task_runner.py:107} ERROR - Failed to execute job 1351 for task upload_file ('Variable source_file_path does not exist'; 3150)
[2024-02-15T15:16:33.069+0000] {local_task_job_runner.py:234} INFO - Task exited with return code 1
[2024-02-15T15:16:33.083+0000] {taskinstance.py:3280} INFO - 0 downstream tasks scheduled from follow-on schedule check
