[2024-02-15T15:35:11.882+0000] {taskinstance.py:1956} INFO - Dependencies all met for dep_context=non-requeueable deps ti=<TaskInstance: Get_strava_data.upload_file manual__2024-02-15T15:33:05.622593+00:00 [queued]>
[2024-02-15T15:35:11.891+0000] {taskinstance.py:1956} INFO - Dependencies all met for dep_context=requeueable deps ti=<TaskInstance: Get_strava_data.upload_file manual__2024-02-15T15:33:05.622593+00:00 [queued]>
[2024-02-15T15:35:11.891+0000] {taskinstance.py:2170} INFO - Starting attempt 2 of 2
[2024-02-15T15:35:11.917+0000] {taskinstance.py:2191} INFO - Executing <Task(PythonOperator): upload_file> on 2024-02-15 15:33:05.622593+00:00
[2024-02-15T15:35:11.926+0000] {standard_task_runner.py:60} INFO - Started process 4865 to run task
[2024-02-15T15:35:11.933+0000] {standard_task_runner.py:87} INFO - Running: ['***', 'tasks', 'run', 'Get_strava_data', 'upload_file', 'manual__2024-02-15T15:33:05.622593+00:00', '--job-id', '1371', '--raw', '--subdir', 'DAGS_FOLDER/get_strava_data.py', '--cfg-path', '/tmp/tmp0_iuz7fx']
[2024-02-15T15:35:11.935+0000] {standard_task_runner.py:88} INFO - Job 1371: Subtask upload_file
[2024-02-15T15:35:11.976+0000] {task_command.py:423} INFO - Running <TaskInstance: Get_strava_data.upload_file manual__2024-02-15T15:33:05.622593+00:00 [running]> on host 179d8ea51567
[2024-02-15T15:35:12.086+0000] {taskinstance.py:2480} INFO - Exporting env vars: AIRFLOW_CTX_DAG_OWNER='Jackie' AIRFLOW_CTX_DAG_ID='Get_strava_data' AIRFLOW_CTX_TASK_ID='upload_file' AIRFLOW_CTX_EXECUTION_DATE='2024-02-15T15:33:05.622593+00:00' AIRFLOW_CTX_TRY_NUMBER='2' AIRFLOW_CTX_DAG_RUN_ID='manual__2024-02-15T15:33:05.622593+00:00'
[2024-02-15T15:35:12.088+0000] {logging_mixin.py:188} INFO - Source Path: /opt/***/strava_activities.csv
[2024-02-15T15:35:12.091+0000] {taskinstance.py:2698} ERROR - Task failed with exception
Traceback (most recent call last):
  File "/home/airflow/.local/lib/python3.8/site-packages/airflow/models/taskinstance.py", line 433, in _execute_task
    result = execute_callable(context=context, **execute_callable_kwargs)
  File "/home/airflow/.local/lib/python3.8/site-packages/airflow/operators/python.py", line 199, in execute
    return_value = self.execute_callable()
  File "/home/airflow/.local/lib/python3.8/site-packages/airflow/operators/python.py", line 216, in execute_callable
    return self.python_callable(*self.op_args, **self.op_kwargs)
  File "/opt/airflow/dags/get_strava_data.py", line 140, in upload_existing_data
    shutil.copy(source_path, destination_path)
  File "/usr/local/lib/python3.8/shutil.py", line 418, in copy
    copyfile(src, dst, follow_symlinks=follow_symlinks)
  File "/usr/local/lib/python3.8/shutil.py", line 264, in copyfile
    with open(src, 'rb') as fsrc, open(dst, 'wb') as fdst:
FileNotFoundError: [Errno 2] No such file or directory: '/opt/airflow/strava_activities.csv'
[2024-02-15T15:35:12.101+0000] {taskinstance.py:1138} INFO - Marking task as FAILED. dag_id=Get_strava_data, task_id=upload_file, execution_date=20240215T153305, start_date=20240215T153511, end_date=20240215T153512
[2024-02-15T15:35:12.279+0000] {standard_task_runner.py:107} ERROR - Failed to execute job 1371 for task upload_file ([Errno 2] No such file or directory: '/opt/airflow/strava_activities.csv'; 4865)
[2024-02-15T15:35:12.303+0000] {local_task_job_runner.py:234} INFO - Task exited with return code 1
[2024-02-15T15:35:12.317+0000] {taskinstance.py:3280} INFO - 0 downstream tasks scheduled from follow-on schedule check
