[2024-02-23T13:29:59.727+0000] {processor.py:161} INFO - Started process (PID=175) to work on /opt/airflow/dags/create_dag_with_python_operator.py
[2024-02-23T13:29:59.727+0000] {processor.py:830} INFO - Processing file /opt/airflow/dags/create_dag_with_python_operator.py for tasks to queue
[2024-02-23T13:29:59.729+0000] {logging_mixin.py:188} INFO - [2024-02-23T13:29:59.728+0000] {dagbag.py:538} INFO - Filling up the DagBag from /opt/airflow/dags/create_dag_with_python_operator.py
[2024-02-23T13:29:59.743+0000] {processor.py:840} INFO - DAG(s) 'our_dag_with_python_opertator_v06' retrieved from /opt/airflow/dags/create_dag_with_python_operator.py
[2024-02-23T13:29:59.777+0000] {logging_mixin.py:188} INFO - [2024-02-23T13:29:59.776+0000] {dag.py:3036} INFO - Sync 1 DAGs
[2024-02-23T13:29:59.824+0000] {logging_mixin.py:188} INFO - [2024-02-23T13:29:59.824+0000] {dag.py:3823} INFO - Setting next_dagrun for our_dag_with_python_opertator_v06 to 2024-02-13 00:00:00+00:00, run_after=2024-02-14 00:00:00+00:00
[2024-02-23T13:29:59.878+0000] {processor.py:183} INFO - Processing /opt/airflow/dags/create_dag_with_python_operator.py took 0.157 seconds
[2024-02-23T13:30:30.602+0000] {processor.py:161} INFO - Started process (PID=197) to work on /opt/airflow/dags/create_dag_with_python_operator.py
[2024-02-23T13:30:30.603+0000] {processor.py:830} INFO - Processing file /opt/airflow/dags/create_dag_with_python_operator.py for tasks to queue
[2024-02-23T13:30:30.604+0000] {logging_mixin.py:188} INFO - [2024-02-23T13:30:30.604+0000] {dagbag.py:538} INFO - Filling up the DagBag from /opt/airflow/dags/create_dag_with_python_operator.py
[2024-02-23T13:30:30.616+0000] {processor.py:840} INFO - DAG(s) 'our_dag_with_python_opertator_v06' retrieved from /opt/airflow/dags/create_dag_with_python_operator.py
[2024-02-23T13:30:30.647+0000] {logging_mixin.py:188} INFO - [2024-02-23T13:30:30.647+0000] {dag.py:3036} INFO - Sync 1 DAGs
[2024-02-23T13:30:30.678+0000] {logging_mixin.py:188} INFO - [2024-02-23T13:30:30.678+0000] {dag.py:3823} INFO - Setting next_dagrun for our_dag_with_python_opertator_v06 to 2024-02-13 00:00:00+00:00, run_after=2024-02-14 00:00:00+00:00
[2024-02-23T13:30:30.701+0000] {processor.py:183} INFO - Processing /opt/airflow/dags/create_dag_with_python_operator.py took 0.102 seconds
[2024-02-23T13:31:00.838+0000] {processor.py:161} INFO - Started process (PID=224) to work on /opt/airflow/dags/create_dag_with_python_operator.py
[2024-02-23T13:31:00.839+0000] {processor.py:830} INFO - Processing file /opt/airflow/dags/create_dag_with_python_operator.py for tasks to queue
[2024-02-23T13:31:00.840+0000] {logging_mixin.py:188} INFO - [2024-02-23T13:31:00.840+0000] {dagbag.py:538} INFO - Filling up the DagBag from /opt/airflow/dags/create_dag_with_python_operator.py
[2024-02-23T13:31:00.852+0000] {processor.py:840} INFO - DAG(s) 'our_dag_with_python_opertator_v06' retrieved from /opt/airflow/dags/create_dag_with_python_operator.py
[2024-02-23T13:31:00.882+0000] {logging_mixin.py:188} INFO - [2024-02-23T13:31:00.882+0000] {dag.py:3036} INFO - Sync 1 DAGs
[2024-02-23T13:31:00.909+0000] {logging_mixin.py:188} INFO - [2024-02-23T13:31:00.909+0000] {dag.py:3823} INFO - Setting next_dagrun for our_dag_with_python_opertator_v06 to 2024-02-13 00:00:00+00:00, run_after=2024-02-14 00:00:00+00:00
[2024-02-23T13:31:00.932+0000] {processor.py:183} INFO - Processing /opt/airflow/dags/create_dag_with_python_operator.py took 0.098 seconds
[2024-02-23T13:31:31.087+0000] {processor.py:161} INFO - Started process (PID=251) to work on /opt/airflow/dags/create_dag_with_python_operator.py
[2024-02-23T13:31:31.088+0000] {processor.py:830} INFO - Processing file /opt/airflow/dags/create_dag_with_python_operator.py for tasks to queue
[2024-02-23T13:31:31.089+0000] {logging_mixin.py:188} INFO - [2024-02-23T13:31:31.089+0000] {dagbag.py:538} INFO - Filling up the DagBag from /opt/airflow/dags/create_dag_with_python_operator.py
[2024-02-23T13:31:31.100+0000] {processor.py:840} INFO - DAG(s) 'our_dag_with_python_opertator_v06' retrieved from /opt/airflow/dags/create_dag_with_python_operator.py
[2024-02-23T13:31:31.130+0000] {logging_mixin.py:188} INFO - [2024-02-23T13:31:31.129+0000] {dag.py:3036} INFO - Sync 1 DAGs
[2024-02-23T13:31:31.160+0000] {logging_mixin.py:188} INFO - [2024-02-23T13:31:31.160+0000] {dag.py:3823} INFO - Setting next_dagrun for our_dag_with_python_opertator_v06 to 2024-02-13 00:00:00+00:00, run_after=2024-02-14 00:00:00+00:00
[2024-02-23T13:31:31.185+0000] {processor.py:183} INFO - Processing /opt/airflow/dags/create_dag_with_python_operator.py took 0.102 seconds
[2024-02-23T13:32:01.339+0000] {processor.py:161} INFO - Started process (PID=278) to work on /opt/airflow/dags/create_dag_with_python_operator.py
[2024-02-23T13:32:01.341+0000] {processor.py:830} INFO - Processing file /opt/airflow/dags/create_dag_with_python_operator.py for tasks to queue
[2024-02-23T13:32:01.342+0000] {logging_mixin.py:188} INFO - [2024-02-23T13:32:01.341+0000] {dagbag.py:538} INFO - Filling up the DagBag from /opt/airflow/dags/create_dag_with_python_operator.py
[2024-02-23T13:32:01.353+0000] {processor.py:840} INFO - DAG(s) 'our_dag_with_python_opertator_v06' retrieved from /opt/airflow/dags/create_dag_with_python_operator.py
[2024-02-23T13:32:01.383+0000] {logging_mixin.py:188} INFO - [2024-02-23T13:32:01.383+0000] {dag.py:3036} INFO - Sync 1 DAGs
[2024-02-23T13:32:01.409+0000] {logging_mixin.py:188} INFO - [2024-02-23T13:32:01.409+0000] {dag.py:3823} INFO - Setting next_dagrun for our_dag_with_python_opertator_v06 to 2024-02-13 00:00:00+00:00, run_after=2024-02-14 00:00:00+00:00
[2024-02-23T13:32:01.431+0000] {processor.py:183} INFO - Processing /opt/airflow/dags/create_dag_with_python_operator.py took 0.096 seconds
[2024-02-23T13:32:31.585+0000] {processor.py:161} INFO - Started process (PID=306) to work on /opt/airflow/dags/create_dag_with_python_operator.py
[2024-02-23T13:32:31.590+0000] {processor.py:830} INFO - Processing file /opt/airflow/dags/create_dag_with_python_operator.py for tasks to queue
[2024-02-23T13:32:31.591+0000] {logging_mixin.py:188} INFO - [2024-02-23T13:32:31.591+0000] {dagbag.py:538} INFO - Filling up the DagBag from /opt/airflow/dags/create_dag_with_python_operator.py
[2024-02-23T13:32:31.602+0000] {processor.py:840} INFO - DAG(s) 'our_dag_with_python_opertator_v06' retrieved from /opt/airflow/dags/create_dag_with_python_operator.py
[2024-02-23T13:32:31.632+0000] {logging_mixin.py:188} INFO - [2024-02-23T13:32:31.632+0000] {dag.py:3036} INFO - Sync 1 DAGs
[2024-02-23T13:32:31.689+0000] {logging_mixin.py:188} INFO - [2024-02-23T13:32:31.682+0000] {dag.py:3823} INFO - Setting next_dagrun for our_dag_with_python_opertator_v06 to 2024-02-13 00:00:00+00:00, run_after=2024-02-14 00:00:00+00:00
[2024-02-23T13:32:31.723+0000] {processor.py:183} INFO - Processing /opt/airflow/dags/create_dag_with_python_operator.py took 0.150 seconds
[2024-02-23T13:33:01.884+0000] {processor.py:161} INFO - Started process (PID=333) to work on /opt/airflow/dags/create_dag_with_python_operator.py
[2024-02-23T13:33:01.885+0000] {processor.py:830} INFO - Processing file /opt/airflow/dags/create_dag_with_python_operator.py for tasks to queue
[2024-02-23T13:33:01.886+0000] {logging_mixin.py:188} INFO - [2024-02-23T13:33:01.885+0000] {dagbag.py:538} INFO - Filling up the DagBag from /opt/airflow/dags/create_dag_with_python_operator.py
[2024-02-23T13:33:01.896+0000] {processor.py:840} INFO - DAG(s) 'our_dag_with_python_opertator_v06' retrieved from /opt/airflow/dags/create_dag_with_python_operator.py
[2024-02-23T13:33:01.956+0000] {logging_mixin.py:188} INFO - [2024-02-23T13:33:01.956+0000] {dag.py:3036} INFO - Sync 1 DAGs
[2024-02-23T13:33:01.982+0000] {logging_mixin.py:188} INFO - [2024-02-23T13:33:01.982+0000] {dag.py:3823} INFO - Setting next_dagrun for our_dag_with_python_opertator_v06 to 2024-02-13 00:00:00+00:00, run_after=2024-02-14 00:00:00+00:00
[2024-02-23T13:33:02.007+0000] {processor.py:183} INFO - Processing /opt/airflow/dags/create_dag_with_python_operator.py took 0.130 seconds
[2024-02-23T13:33:32.158+0000] {processor.py:161} INFO - Started process (PID=360) to work on /opt/airflow/dags/create_dag_with_python_operator.py
[2024-02-23T13:33:32.159+0000] {processor.py:830} INFO - Processing file /opt/airflow/dags/create_dag_with_python_operator.py for tasks to queue
[2024-02-23T13:33:32.160+0000] {logging_mixin.py:188} INFO - [2024-02-23T13:33:32.159+0000] {dagbag.py:538} INFO - Filling up the DagBag from /opt/airflow/dags/create_dag_with_python_operator.py
[2024-02-23T13:33:32.170+0000] {processor.py:840} INFO - DAG(s) 'our_dag_with_python_opertator_v06' retrieved from /opt/airflow/dags/create_dag_with_python_operator.py
[2024-02-23T13:33:32.208+0000] {logging_mixin.py:188} INFO - [2024-02-23T13:33:32.207+0000] {dag.py:3036} INFO - Sync 1 DAGs
[2024-02-23T13:33:32.236+0000] {logging_mixin.py:188} INFO - [2024-02-23T13:33:32.235+0000] {dag.py:3823} INFO - Setting next_dagrun for our_dag_with_python_opertator_v06 to 2024-02-13 00:00:00+00:00, run_after=2024-02-14 00:00:00+00:00
[2024-02-23T13:33:32.259+0000] {processor.py:183} INFO - Processing /opt/airflow/dags/create_dag_with_python_operator.py took 0.105 seconds
[2024-02-23T13:34:02.426+0000] {processor.py:161} INFO - Started process (PID=387) to work on /opt/airflow/dags/create_dag_with_python_operator.py
[2024-02-23T13:34:02.427+0000] {processor.py:830} INFO - Processing file /opt/airflow/dags/create_dag_with_python_operator.py for tasks to queue
[2024-02-23T13:34:02.428+0000] {logging_mixin.py:188} INFO - [2024-02-23T13:34:02.428+0000] {dagbag.py:538} INFO - Filling up the DagBag from /opt/airflow/dags/create_dag_with_python_operator.py
[2024-02-23T13:34:02.439+0000] {processor.py:840} INFO - DAG(s) 'our_dag_with_python_opertator_v06' retrieved from /opt/airflow/dags/create_dag_with_python_operator.py
[2024-02-23T13:34:02.470+0000] {logging_mixin.py:188} INFO - [2024-02-23T13:34:02.469+0000] {dag.py:3036} INFO - Sync 1 DAGs
[2024-02-23T13:34:02.500+0000] {logging_mixin.py:188} INFO - [2024-02-23T13:34:02.500+0000] {dag.py:3823} INFO - Setting next_dagrun for our_dag_with_python_opertator_v06 to 2024-02-13 00:00:00+00:00, run_after=2024-02-14 00:00:00+00:00
[2024-02-23T13:34:02.536+0000] {processor.py:183} INFO - Processing /opt/airflow/dags/create_dag_with_python_operator.py took 0.114 seconds
[2024-02-23T13:34:32.679+0000] {processor.py:161} INFO - Started process (PID=415) to work on /opt/airflow/dags/create_dag_with_python_operator.py
[2024-02-23T13:34:32.681+0000] {processor.py:830} INFO - Processing file /opt/airflow/dags/create_dag_with_python_operator.py for tasks to queue
[2024-02-23T13:34:32.682+0000] {logging_mixin.py:188} INFO - [2024-02-23T13:34:32.682+0000] {dagbag.py:538} INFO - Filling up the DagBag from /opt/airflow/dags/create_dag_with_python_operator.py
[2024-02-23T13:34:32.694+0000] {processor.py:840} INFO - DAG(s) 'our_dag_with_python_opertator_v06' retrieved from /opt/airflow/dags/create_dag_with_python_operator.py
[2024-02-23T13:34:32.728+0000] {logging_mixin.py:188} INFO - [2024-02-23T13:34:32.728+0000] {dag.py:3036} INFO - Sync 1 DAGs
[2024-02-23T13:34:32.756+0000] {logging_mixin.py:188} INFO - [2024-02-23T13:34:32.756+0000] {dag.py:3823} INFO - Setting next_dagrun for our_dag_with_python_opertator_v06 to 2024-02-13 00:00:00+00:00, run_after=2024-02-14 00:00:00+00:00
[2024-02-23T13:34:32.782+0000] {processor.py:183} INFO - Processing /opt/airflow/dags/create_dag_with_python_operator.py took 0.107 seconds
[2024-02-23T13:35:02.944+0000] {processor.py:161} INFO - Started process (PID=443) to work on /opt/airflow/dags/create_dag_with_python_operator.py
[2024-02-23T13:35:02.945+0000] {processor.py:830} INFO - Processing file /opt/airflow/dags/create_dag_with_python_operator.py for tasks to queue
[2024-02-23T13:35:02.946+0000] {logging_mixin.py:188} INFO - [2024-02-23T13:35:02.946+0000] {dagbag.py:538} INFO - Filling up the DagBag from /opt/airflow/dags/create_dag_with_python_operator.py
[2024-02-23T13:35:02.957+0000] {processor.py:840} INFO - DAG(s) 'our_dag_with_python_opertator_v06' retrieved from /opt/airflow/dags/create_dag_with_python_operator.py
[2024-02-23T13:35:02.989+0000] {logging_mixin.py:188} INFO - [2024-02-23T13:35:02.989+0000] {dag.py:3036} INFO - Sync 1 DAGs
[2024-02-23T13:35:03.020+0000] {logging_mixin.py:188} INFO - [2024-02-23T13:35:03.019+0000] {dag.py:3823} INFO - Setting next_dagrun for our_dag_with_python_opertator_v06 to 2024-02-13 00:00:00+00:00, run_after=2024-02-14 00:00:00+00:00
[2024-02-23T13:35:03.053+0000] {processor.py:183} INFO - Processing /opt/airflow/dags/create_dag_with_python_operator.py took 0.112 seconds
[2024-02-23T13:35:33.273+0000] {processor.py:161} INFO - Started process (PID=470) to work on /opt/airflow/dags/create_dag_with_python_operator.py
[2024-02-23T13:35:33.285+0000] {processor.py:830} INFO - Processing file /opt/airflow/dags/create_dag_with_python_operator.py for tasks to queue
[2024-02-23T13:35:33.289+0000] {logging_mixin.py:188} INFO - [2024-02-23T13:35:33.289+0000] {dagbag.py:538} INFO - Filling up the DagBag from /opt/airflow/dags/create_dag_with_python_operator.py
[2024-02-23T13:35:33.317+0000] {processor.py:840} INFO - DAG(s) 'our_dag_with_python_opertator_v06' retrieved from /opt/airflow/dags/create_dag_with_python_operator.py
[2024-02-23T13:35:33.361+0000] {logging_mixin.py:188} INFO - [2024-02-23T13:35:33.361+0000] {dag.py:3036} INFO - Sync 1 DAGs
[2024-02-23T13:35:33.460+0000] {logging_mixin.py:188} INFO - [2024-02-23T13:35:33.460+0000] {dag.py:3823} INFO - Setting next_dagrun for our_dag_with_python_opertator_v06 to 2024-02-13 00:00:00+00:00, run_after=2024-02-14 00:00:00+00:00
[2024-02-23T13:35:33.506+0000] {processor.py:183} INFO - Processing /opt/airflow/dags/create_dag_with_python_operator.py took 0.248 seconds
[2024-02-23T13:36:03.675+0000] {processor.py:161} INFO - Started process (PID=499) to work on /opt/airflow/dags/create_dag_with_python_operator.py
[2024-02-23T13:36:03.678+0000] {processor.py:830} INFO - Processing file /opt/airflow/dags/create_dag_with_python_operator.py for tasks to queue
[2024-02-23T13:36:03.679+0000] {logging_mixin.py:188} INFO - [2024-02-23T13:36:03.679+0000] {dagbag.py:538} INFO - Filling up the DagBag from /opt/airflow/dags/create_dag_with_python_operator.py
[2024-02-23T13:36:03.697+0000] {processor.py:840} INFO - DAG(s) 'our_dag_with_python_opertator_v06' retrieved from /opt/airflow/dags/create_dag_with_python_operator.py
[2024-02-23T13:36:03.731+0000] {logging_mixin.py:188} INFO - [2024-02-23T13:36:03.731+0000] {dag.py:3036} INFO - Sync 1 DAGs
[2024-02-23T13:36:03.762+0000] {logging_mixin.py:188} INFO - [2024-02-23T13:36:03.762+0000] {dag.py:3823} INFO - Setting next_dagrun for our_dag_with_python_opertator_v06 to 2024-02-13 00:00:00+00:00, run_after=2024-02-14 00:00:00+00:00
[2024-02-23T13:36:03.788+0000] {processor.py:183} INFO - Processing /opt/airflow/dags/create_dag_with_python_operator.py took 0.117 seconds
[2024-02-23T13:36:33.953+0000] {processor.py:161} INFO - Started process (PID=526) to work on /opt/airflow/dags/create_dag_with_python_operator.py
[2024-02-23T13:36:33.954+0000] {processor.py:830} INFO - Processing file /opt/airflow/dags/create_dag_with_python_operator.py for tasks to queue
[2024-02-23T13:36:33.955+0000] {logging_mixin.py:188} INFO - [2024-02-23T13:36:33.955+0000] {dagbag.py:538} INFO - Filling up the DagBag from /opt/airflow/dags/create_dag_with_python_operator.py
[2024-02-23T13:36:33.966+0000] {processor.py:840} INFO - DAG(s) 'our_dag_with_python_opertator_v06' retrieved from /opt/airflow/dags/create_dag_with_python_operator.py
[2024-02-23T13:36:34.021+0000] {logging_mixin.py:188} INFO - [2024-02-23T13:36:34.021+0000] {dag.py:3036} INFO - Sync 1 DAGs
[2024-02-23T13:36:34.051+0000] {logging_mixin.py:188} INFO - [2024-02-23T13:36:34.050+0000] {dag.py:3823} INFO - Setting next_dagrun for our_dag_with_python_opertator_v06 to 2024-02-13 00:00:00+00:00, run_after=2024-02-14 00:00:00+00:00
[2024-02-23T13:36:34.074+0000] {processor.py:183} INFO - Processing /opt/airflow/dags/create_dag_with_python_operator.py took 0.125 seconds
[2024-02-23T13:37:04.224+0000] {processor.py:161} INFO - Started process (PID=553) to work on /opt/airflow/dags/create_dag_with_python_operator.py
[2024-02-23T13:37:04.225+0000] {processor.py:830} INFO - Processing file /opt/airflow/dags/create_dag_with_python_operator.py for tasks to queue
[2024-02-23T13:37:04.226+0000] {logging_mixin.py:188} INFO - [2024-02-23T13:37:04.226+0000] {dagbag.py:538} INFO - Filling up the DagBag from /opt/airflow/dags/create_dag_with_python_operator.py
[2024-02-23T13:37:04.237+0000] {processor.py:840} INFO - DAG(s) 'our_dag_with_python_opertator_v06' retrieved from /opt/airflow/dags/create_dag_with_python_operator.py
[2024-02-23T13:37:04.267+0000] {logging_mixin.py:188} INFO - [2024-02-23T13:37:04.267+0000] {dag.py:3036} INFO - Sync 1 DAGs
[2024-02-23T13:37:04.311+0000] {logging_mixin.py:188} INFO - [2024-02-23T13:37:04.311+0000] {dag.py:3823} INFO - Setting next_dagrun for our_dag_with_python_opertator_v06 to 2024-02-13 00:00:00+00:00, run_after=2024-02-14 00:00:00+00:00
[2024-02-23T13:37:04.336+0000] {processor.py:183} INFO - Processing /opt/airflow/dags/create_dag_with_python_operator.py took 0.116 seconds
[2024-02-23T13:37:34.482+0000] {processor.py:161} INFO - Started process (PID=580) to work on /opt/airflow/dags/create_dag_with_python_operator.py
[2024-02-23T13:37:34.483+0000] {processor.py:830} INFO - Processing file /opt/airflow/dags/create_dag_with_python_operator.py for tasks to queue
[2024-02-23T13:37:34.484+0000] {logging_mixin.py:188} INFO - [2024-02-23T13:37:34.484+0000] {dagbag.py:538} INFO - Filling up the DagBag from /opt/airflow/dags/create_dag_with_python_operator.py
[2024-02-23T13:37:34.496+0000] {processor.py:840} INFO - DAG(s) 'our_dag_with_python_opertator_v06' retrieved from /opt/airflow/dags/create_dag_with_python_operator.py
[2024-02-23T13:37:34.532+0000] {logging_mixin.py:188} INFO - [2024-02-23T13:37:34.531+0000] {dag.py:3036} INFO - Sync 1 DAGs
[2024-02-23T13:37:34.561+0000] {logging_mixin.py:188} INFO - [2024-02-23T13:37:34.561+0000] {dag.py:3823} INFO - Setting next_dagrun for our_dag_with_python_opertator_v06 to 2024-02-13 00:00:00+00:00, run_after=2024-02-14 00:00:00+00:00
[2024-02-23T13:37:34.586+0000] {processor.py:183} INFO - Processing /opt/airflow/dags/create_dag_with_python_operator.py took 0.108 seconds
[2024-02-23T13:38:04.744+0000] {processor.py:161} INFO - Started process (PID=608) to work on /opt/airflow/dags/create_dag_with_python_operator.py
[2024-02-23T13:38:04.745+0000] {processor.py:830} INFO - Processing file /opt/airflow/dags/create_dag_with_python_operator.py for tasks to queue
[2024-02-23T13:38:04.746+0000] {logging_mixin.py:188} INFO - [2024-02-23T13:38:04.746+0000] {dagbag.py:538} INFO - Filling up the DagBag from /opt/airflow/dags/create_dag_with_python_operator.py
[2024-02-23T13:38:04.757+0000] {processor.py:840} INFO - DAG(s) 'our_dag_with_python_opertator_v06' retrieved from /opt/airflow/dags/create_dag_with_python_operator.py
[2024-02-23T13:38:04.787+0000] {logging_mixin.py:188} INFO - [2024-02-23T13:38:04.787+0000] {dag.py:3036} INFO - Sync 1 DAGs
[2024-02-23T13:38:04.814+0000] {logging_mixin.py:188} INFO - [2024-02-23T13:38:04.813+0000] {dag.py:3823} INFO - Setting next_dagrun for our_dag_with_python_opertator_v06 to 2024-02-13 00:00:00+00:00, run_after=2024-02-14 00:00:00+00:00
[2024-02-23T13:38:04.853+0000] {processor.py:183} INFO - Processing /opt/airflow/dags/create_dag_with_python_operator.py took 0.112 seconds
[2024-02-23T13:38:35.014+0000] {processor.py:161} INFO - Started process (PID=635) to work on /opt/airflow/dags/create_dag_with_python_operator.py
[2024-02-23T13:38:35.015+0000] {processor.py:830} INFO - Processing file /opt/airflow/dags/create_dag_with_python_operator.py for tasks to queue
[2024-02-23T13:38:35.016+0000] {logging_mixin.py:188} INFO - [2024-02-23T13:38:35.016+0000] {dagbag.py:538} INFO - Filling up the DagBag from /opt/airflow/dags/create_dag_with_python_operator.py
[2024-02-23T13:38:35.027+0000] {processor.py:840} INFO - DAG(s) 'our_dag_with_python_opertator_v06' retrieved from /opt/airflow/dags/create_dag_with_python_operator.py
[2024-02-23T13:38:35.057+0000] {logging_mixin.py:188} INFO - [2024-02-23T13:38:35.057+0000] {dag.py:3036} INFO - Sync 1 DAGs
[2024-02-23T13:38:35.084+0000] {logging_mixin.py:188} INFO - [2024-02-23T13:38:35.084+0000] {dag.py:3823} INFO - Setting next_dagrun for our_dag_with_python_opertator_v06 to 2024-02-13 00:00:00+00:00, run_after=2024-02-14 00:00:00+00:00
[2024-02-23T13:38:35.113+0000] {processor.py:183} INFO - Processing /opt/airflow/dags/create_dag_with_python_operator.py took 0.102 seconds
[2024-02-23T13:39:05.278+0000] {processor.py:161} INFO - Started process (PID=663) to work on /opt/airflow/dags/create_dag_with_python_operator.py
[2024-02-23T13:39:05.279+0000] {processor.py:830} INFO - Processing file /opt/airflow/dags/create_dag_with_python_operator.py for tasks to queue
[2024-02-23T13:39:05.280+0000] {logging_mixin.py:188} INFO - [2024-02-23T13:39:05.280+0000] {dagbag.py:538} INFO - Filling up the DagBag from /opt/airflow/dags/create_dag_with_python_operator.py
[2024-02-23T13:39:05.293+0000] {processor.py:840} INFO - DAG(s) 'our_dag_with_python_opertator_v06' retrieved from /opt/airflow/dags/create_dag_with_python_operator.py
[2024-02-23T13:39:05.322+0000] {logging_mixin.py:188} INFO - [2024-02-23T13:39:05.322+0000] {dag.py:3036} INFO - Sync 1 DAGs
[2024-02-23T13:39:05.351+0000] {logging_mixin.py:188} INFO - [2024-02-23T13:39:05.351+0000] {dag.py:3823} INFO - Setting next_dagrun for our_dag_with_python_opertator_v06 to 2024-02-13 00:00:00+00:00, run_after=2024-02-14 00:00:00+00:00
[2024-02-23T13:39:05.374+0000] {processor.py:183} INFO - Processing /opt/airflow/dags/create_dag_with_python_operator.py took 0.100 seconds
[2024-02-23T13:39:35.528+0000] {processor.py:161} INFO - Started process (PID=690) to work on /opt/airflow/dags/create_dag_with_python_operator.py
[2024-02-23T13:39:35.529+0000] {processor.py:830} INFO - Processing file /opt/airflow/dags/create_dag_with_python_operator.py for tasks to queue
[2024-02-23T13:39:35.530+0000] {logging_mixin.py:188} INFO - [2024-02-23T13:39:35.530+0000] {dagbag.py:538} INFO - Filling up the DagBag from /opt/airflow/dags/create_dag_with_python_operator.py
[2024-02-23T13:39:35.542+0000] {processor.py:840} INFO - DAG(s) 'our_dag_with_python_opertator_v06' retrieved from /opt/airflow/dags/create_dag_with_python_operator.py
[2024-02-23T13:39:35.572+0000] {logging_mixin.py:188} INFO - [2024-02-23T13:39:35.572+0000] {dag.py:3036} INFO - Sync 1 DAGs
[2024-02-23T13:39:35.602+0000] {logging_mixin.py:188} INFO - [2024-02-23T13:39:35.601+0000] {dag.py:3823} INFO - Setting next_dagrun for our_dag_with_python_opertator_v06 to 2024-02-13 00:00:00+00:00, run_after=2024-02-14 00:00:00+00:00
[2024-02-23T13:39:35.626+0000] {processor.py:183} INFO - Processing /opt/airflow/dags/create_dag_with_python_operator.py took 0.101 seconds
[2024-02-23T13:40:05.808+0000] {processor.py:161} INFO - Started process (PID=717) to work on /opt/airflow/dags/create_dag_with_python_operator.py
[2024-02-23T13:40:05.809+0000] {processor.py:830} INFO - Processing file /opt/airflow/dags/create_dag_with_python_operator.py for tasks to queue
[2024-02-23T13:40:05.810+0000] {logging_mixin.py:188} INFO - [2024-02-23T13:40:05.810+0000] {dagbag.py:538} INFO - Filling up the DagBag from /opt/airflow/dags/create_dag_with_python_operator.py
[2024-02-23T13:40:05.830+0000] {processor.py:840} INFO - DAG(s) 'our_dag_with_python_opertator_v06' retrieved from /opt/airflow/dags/create_dag_with_python_operator.py
[2024-02-23T13:40:05.861+0000] {logging_mixin.py:188} INFO - [2024-02-23T13:40:05.861+0000] {dag.py:3036} INFO - Sync 1 DAGs
[2024-02-23T13:40:05.889+0000] {logging_mixin.py:188} INFO - [2024-02-23T13:40:05.888+0000] {dag.py:3823} INFO - Setting next_dagrun for our_dag_with_python_opertator_v06 to 2024-02-13 00:00:00+00:00, run_after=2024-02-14 00:00:00+00:00
[2024-02-23T13:40:05.917+0000] {processor.py:183} INFO - Processing /opt/airflow/dags/create_dag_with_python_operator.py took 0.112 seconds
[2024-02-23T13:40:36.072+0000] {processor.py:161} INFO - Started process (PID=745) to work on /opt/airflow/dags/create_dag_with_python_operator.py
[2024-02-23T13:40:36.073+0000] {processor.py:830} INFO - Processing file /opt/airflow/dags/create_dag_with_python_operator.py for tasks to queue
[2024-02-23T13:40:36.074+0000] {logging_mixin.py:188} INFO - [2024-02-23T13:40:36.074+0000] {dagbag.py:538} INFO - Filling up the DagBag from /opt/airflow/dags/create_dag_with_python_operator.py
[2024-02-23T13:40:36.086+0000] {processor.py:840} INFO - DAG(s) 'our_dag_with_python_opertator_v06' retrieved from /opt/airflow/dags/create_dag_with_python_operator.py
[2024-02-23T13:40:36.116+0000] {logging_mixin.py:188} INFO - [2024-02-23T13:40:36.116+0000] {dag.py:3036} INFO - Sync 1 DAGs
[2024-02-23T13:40:36.145+0000] {logging_mixin.py:188} INFO - [2024-02-23T13:40:36.144+0000] {dag.py:3823} INFO - Setting next_dagrun for our_dag_with_python_opertator_v06 to 2024-02-13 00:00:00+00:00, run_after=2024-02-14 00:00:00+00:00
[2024-02-23T13:40:36.170+0000] {processor.py:183} INFO - Processing /opt/airflow/dags/create_dag_with_python_operator.py took 0.101 seconds
[2024-02-23T13:41:06.333+0000] {processor.py:161} INFO - Started process (PID=772) to work on /opt/airflow/dags/create_dag_with_python_operator.py
[2024-02-23T13:41:06.334+0000] {processor.py:830} INFO - Processing file /opt/airflow/dags/create_dag_with_python_operator.py for tasks to queue
[2024-02-23T13:41:06.335+0000] {logging_mixin.py:188} INFO - [2024-02-23T13:41:06.334+0000] {dagbag.py:538} INFO - Filling up the DagBag from /opt/airflow/dags/create_dag_with_python_operator.py
[2024-02-23T13:41:06.346+0000] {processor.py:840} INFO - DAG(s) 'our_dag_with_python_opertator_v06' retrieved from /opt/airflow/dags/create_dag_with_python_operator.py
[2024-02-23T13:41:06.376+0000] {logging_mixin.py:188} INFO - [2024-02-23T13:41:06.375+0000] {dag.py:3036} INFO - Sync 1 DAGs
[2024-02-23T13:41:06.402+0000] {logging_mixin.py:188} INFO - [2024-02-23T13:41:06.402+0000] {dag.py:3823} INFO - Setting next_dagrun for our_dag_with_python_opertator_v06 to 2024-02-13 00:00:00+00:00, run_after=2024-02-14 00:00:00+00:00
[2024-02-23T13:41:06.425+0000] {processor.py:183} INFO - Processing /opt/airflow/dags/create_dag_with_python_operator.py took 0.097 seconds
[2024-02-23T13:41:36.587+0000] {processor.py:161} INFO - Started process (PID=798) to work on /opt/airflow/dags/create_dag_with_python_operator.py
[2024-02-23T13:41:36.588+0000] {processor.py:830} INFO - Processing file /opt/airflow/dags/create_dag_with_python_operator.py for tasks to queue
[2024-02-23T13:41:36.589+0000] {logging_mixin.py:188} INFO - [2024-02-23T13:41:36.588+0000] {dagbag.py:538} INFO - Filling up the DagBag from /opt/airflow/dags/create_dag_with_python_operator.py
[2024-02-23T13:41:36.601+0000] {processor.py:840} INFO - DAG(s) 'our_dag_with_python_opertator_v06' retrieved from /opt/airflow/dags/create_dag_with_python_operator.py
[2024-02-23T13:41:36.678+0000] {logging_mixin.py:188} INFO - [2024-02-23T13:41:36.678+0000] {dag.py:3036} INFO - Sync 1 DAGs
[2024-02-23T13:41:36.724+0000] {logging_mixin.py:188} INFO - [2024-02-23T13:41:36.723+0000] {dag.py:3823} INFO - Setting next_dagrun for our_dag_with_python_opertator_v06 to 2024-02-13 00:00:00+00:00, run_after=2024-02-14 00:00:00+00:00
[2024-02-23T13:41:36.762+0000] {processor.py:183} INFO - Processing /opt/airflow/dags/create_dag_with_python_operator.py took 0.179 seconds
[2024-02-23T13:42:06.923+0000] {processor.py:161} INFO - Started process (PID=826) to work on /opt/airflow/dags/create_dag_with_python_operator.py
[2024-02-23T13:42:06.924+0000] {processor.py:830} INFO - Processing file /opt/airflow/dags/create_dag_with_python_operator.py for tasks to queue
[2024-02-23T13:42:06.925+0000] {logging_mixin.py:188} INFO - [2024-02-23T13:42:06.924+0000] {dagbag.py:538} INFO - Filling up the DagBag from /opt/airflow/dags/create_dag_with_python_operator.py
[2024-02-23T13:42:06.937+0000] {processor.py:840} INFO - DAG(s) 'our_dag_with_python_opertator_v06' retrieved from /opt/airflow/dags/create_dag_with_python_operator.py
[2024-02-23T13:42:06.967+0000] {logging_mixin.py:188} INFO - [2024-02-23T13:42:06.966+0000] {dag.py:3036} INFO - Sync 1 DAGs
[2024-02-23T13:42:06.995+0000] {logging_mixin.py:188} INFO - [2024-02-23T13:42:06.995+0000] {dag.py:3823} INFO - Setting next_dagrun for our_dag_with_python_opertator_v06 to 2024-02-13 00:00:00+00:00, run_after=2024-02-14 00:00:00+00:00
[2024-02-23T13:42:07.024+0000] {processor.py:183} INFO - Processing /opt/airflow/dags/create_dag_with_python_operator.py took 0.105 seconds
[2024-02-23T13:42:37.172+0000] {processor.py:161} INFO - Started process (PID=854) to work on /opt/airflow/dags/create_dag_with_python_operator.py
[2024-02-23T13:42:37.173+0000] {processor.py:830} INFO - Processing file /opt/airflow/dags/create_dag_with_python_operator.py for tasks to queue
[2024-02-23T13:42:37.174+0000] {logging_mixin.py:188} INFO - [2024-02-23T13:42:37.174+0000] {dagbag.py:538} INFO - Filling up the DagBag from /opt/airflow/dags/create_dag_with_python_operator.py
[2024-02-23T13:42:37.185+0000] {processor.py:840} INFO - DAG(s) 'our_dag_with_python_opertator_v06' retrieved from /opt/airflow/dags/create_dag_with_python_operator.py
[2024-02-23T13:42:37.215+0000] {logging_mixin.py:188} INFO - [2024-02-23T13:42:37.214+0000] {dag.py:3036} INFO - Sync 1 DAGs
[2024-02-23T13:42:37.243+0000] {logging_mixin.py:188} INFO - [2024-02-23T13:42:37.243+0000] {dag.py:3823} INFO - Setting next_dagrun for our_dag_with_python_opertator_v06 to 2024-02-13 00:00:00+00:00, run_after=2024-02-14 00:00:00+00:00
[2024-02-23T13:42:37.269+0000] {processor.py:183} INFO - Processing /opt/airflow/dags/create_dag_with_python_operator.py took 0.101 seconds
[2024-02-23T13:43:07.440+0000] {processor.py:161} INFO - Started process (PID=881) to work on /opt/airflow/dags/create_dag_with_python_operator.py
[2024-02-23T13:43:07.448+0000] {processor.py:830} INFO - Processing file /opt/airflow/dags/create_dag_with_python_operator.py for tasks to queue
[2024-02-23T13:43:07.449+0000] {logging_mixin.py:188} INFO - [2024-02-23T13:43:07.449+0000] {dagbag.py:538} INFO - Filling up the DagBag from /opt/airflow/dags/create_dag_with_python_operator.py
[2024-02-23T13:43:07.469+0000] {processor.py:840} INFO - DAG(s) 'our_dag_with_python_opertator_v06' retrieved from /opt/airflow/dags/create_dag_with_python_operator.py
[2024-02-23T13:43:07.553+0000] {logging_mixin.py:188} INFO - [2024-02-23T13:43:07.553+0000] {dag.py:3036} INFO - Sync 1 DAGs
[2024-02-23T13:43:07.603+0000] {logging_mixin.py:188} INFO - [2024-02-23T13:43:07.603+0000] {dag.py:3823} INFO - Setting next_dagrun for our_dag_with_python_opertator_v06 to 2024-02-13 00:00:00+00:00, run_after=2024-02-14 00:00:00+00:00
[2024-02-23T13:43:07.633+0000] {processor.py:183} INFO - Processing /opt/airflow/dags/create_dag_with_python_operator.py took 0.196 seconds
[2024-02-23T13:43:37.793+0000] {processor.py:161} INFO - Started process (PID=907) to work on /opt/airflow/dags/create_dag_with_python_operator.py
[2024-02-23T13:43:37.795+0000] {processor.py:830} INFO - Processing file /opt/airflow/dags/create_dag_with_python_operator.py for tasks to queue
[2024-02-23T13:43:37.795+0000] {logging_mixin.py:188} INFO - [2024-02-23T13:43:37.795+0000] {dagbag.py:538} INFO - Filling up the DagBag from /opt/airflow/dags/create_dag_with_python_operator.py
[2024-02-23T13:43:37.810+0000] {processor.py:840} INFO - DAG(s) 'our_dag_with_python_opertator_v06' retrieved from /opt/airflow/dags/create_dag_with_python_operator.py
[2024-02-23T13:43:37.853+0000] {logging_mixin.py:188} INFO - [2024-02-23T13:43:37.853+0000] {dag.py:3036} INFO - Sync 1 DAGs
[2024-02-23T13:43:37.910+0000] {logging_mixin.py:188} INFO - [2024-02-23T13:43:37.910+0000] {dag.py:3823} INFO - Setting next_dagrun for our_dag_with_python_opertator_v06 to 2024-02-13 00:00:00+00:00, run_after=2024-02-14 00:00:00+00:00
[2024-02-23T13:43:37.940+0000] {processor.py:183} INFO - Processing /opt/airflow/dags/create_dag_with_python_operator.py took 0.150 seconds
[2024-02-23T13:44:08.104+0000] {processor.py:161} INFO - Started process (PID=936) to work on /opt/airflow/dags/create_dag_with_python_operator.py
[2024-02-23T13:44:08.104+0000] {processor.py:830} INFO - Processing file /opt/airflow/dags/create_dag_with_python_operator.py for tasks to queue
[2024-02-23T13:44:08.105+0000] {logging_mixin.py:188} INFO - [2024-02-23T13:44:08.105+0000] {dagbag.py:538} INFO - Filling up the DagBag from /opt/airflow/dags/create_dag_with_python_operator.py
[2024-02-23T13:44:08.117+0000] {processor.py:840} INFO - DAG(s) 'our_dag_with_python_opertator_v06' retrieved from /opt/airflow/dags/create_dag_with_python_operator.py
[2024-02-23T13:44:08.150+0000] {logging_mixin.py:188} INFO - [2024-02-23T13:44:08.150+0000] {dag.py:3036} INFO - Sync 1 DAGs
[2024-02-23T13:44:08.180+0000] {logging_mixin.py:188} INFO - [2024-02-23T13:44:08.180+0000] {dag.py:3823} INFO - Setting next_dagrun for our_dag_with_python_opertator_v06 to 2024-02-13 00:00:00+00:00, run_after=2024-02-14 00:00:00+00:00
[2024-02-23T13:44:08.202+0000] {processor.py:183} INFO - Processing /opt/airflow/dags/create_dag_with_python_operator.py took 0.102 seconds
[2024-02-23T13:44:38.372+0000] {processor.py:161} INFO - Started process (PID=964) to work on /opt/airflow/dags/create_dag_with_python_operator.py
[2024-02-23T13:44:38.373+0000] {processor.py:830} INFO - Processing file /opt/airflow/dags/create_dag_with_python_operator.py for tasks to queue
[2024-02-23T13:44:38.374+0000] {logging_mixin.py:188} INFO - [2024-02-23T13:44:38.374+0000] {dagbag.py:538} INFO - Filling up the DagBag from /opt/airflow/dags/create_dag_with_python_operator.py
[2024-02-23T13:44:38.386+0000] {processor.py:840} INFO - DAG(s) 'our_dag_with_python_opertator_v06' retrieved from /opt/airflow/dags/create_dag_with_python_operator.py
[2024-02-23T13:44:38.416+0000] {logging_mixin.py:188} INFO - [2024-02-23T13:44:38.415+0000] {dag.py:3036} INFO - Sync 1 DAGs
[2024-02-23T13:44:38.445+0000] {logging_mixin.py:188} INFO - [2024-02-23T13:44:38.445+0000] {dag.py:3823} INFO - Setting next_dagrun for our_dag_with_python_opertator_v06 to 2024-02-13 00:00:00+00:00, run_after=2024-02-14 00:00:00+00:00
[2024-02-23T13:44:38.470+0000] {processor.py:183} INFO - Processing /opt/airflow/dags/create_dag_with_python_operator.py took 0.102 seconds
[2024-02-23T13:45:08.630+0000] {processor.py:161} INFO - Started process (PID=990) to work on /opt/airflow/dags/create_dag_with_python_operator.py
[2024-02-23T13:45:08.631+0000] {processor.py:830} INFO - Processing file /opt/airflow/dags/create_dag_with_python_operator.py for tasks to queue
[2024-02-23T13:45:08.632+0000] {logging_mixin.py:188} INFO - [2024-02-23T13:45:08.632+0000] {dagbag.py:538} INFO - Filling up the DagBag from /opt/airflow/dags/create_dag_with_python_operator.py
[2024-02-23T13:45:08.643+0000] {processor.py:840} INFO - DAG(s) 'our_dag_with_python_opertator_v06' retrieved from /opt/airflow/dags/create_dag_with_python_operator.py
[2024-02-23T13:45:08.673+0000] {logging_mixin.py:188} INFO - [2024-02-23T13:45:08.672+0000] {dag.py:3036} INFO - Sync 1 DAGs
[2024-02-23T13:45:08.703+0000] {logging_mixin.py:188} INFO - [2024-02-23T13:45:08.702+0000] {dag.py:3823} INFO - Setting next_dagrun for our_dag_with_python_opertator_v06 to 2024-02-13 00:00:00+00:00, run_after=2024-02-14 00:00:00+00:00
[2024-02-23T13:45:08.724+0000] {processor.py:183} INFO - Processing /opt/airflow/dags/create_dag_with_python_operator.py took 0.097 seconds
[2024-02-23T13:45:39.002+0000] {processor.py:161} INFO - Started process (PID=1016) to work on /opt/airflow/dags/create_dag_with_python_operator.py
[2024-02-23T13:45:39.004+0000] {processor.py:830} INFO - Processing file /opt/airflow/dags/create_dag_with_python_operator.py for tasks to queue
[2024-02-23T13:45:39.005+0000] {logging_mixin.py:188} INFO - [2024-02-23T13:45:39.004+0000] {dagbag.py:538} INFO - Filling up the DagBag from /opt/airflow/dags/create_dag_with_python_operator.py
[2024-02-23T13:45:39.025+0000] {processor.py:840} INFO - DAG(s) 'our_dag_with_python_opertator_v06' retrieved from /opt/airflow/dags/create_dag_with_python_operator.py
[2024-02-23T13:45:39.074+0000] {logging_mixin.py:188} INFO - [2024-02-23T13:45:39.074+0000] {dag.py:3036} INFO - Sync 1 DAGs
[2024-02-23T13:45:39.104+0000] {logging_mixin.py:188} INFO - [2024-02-23T13:45:39.103+0000] {dag.py:3823} INFO - Setting next_dagrun for our_dag_with_python_opertator_v06 to 2024-02-13 00:00:00+00:00, run_after=2024-02-14 00:00:00+00:00
[2024-02-23T13:45:39.190+0000] {processor.py:183} INFO - Processing /opt/airflow/dags/create_dag_with_python_operator.py took 0.194 seconds
[2024-02-23T13:46:09.553+0000] {processor.py:161} INFO - Started process (PID=1050) to work on /opt/airflow/dags/create_dag_with_python_operator.py
[2024-02-23T13:46:09.555+0000] {processor.py:830} INFO - Processing file /opt/airflow/dags/create_dag_with_python_operator.py for tasks to queue
[2024-02-23T13:46:09.556+0000] {logging_mixin.py:188} INFO - [2024-02-23T13:46:09.556+0000] {dagbag.py:538} INFO - Filling up the DagBag from /opt/airflow/dags/create_dag_with_python_operator.py
[2024-02-23T13:46:09.582+0000] {processor.py:840} INFO - DAG(s) 'our_dag_with_python_opertator_v06' retrieved from /opt/airflow/dags/create_dag_with_python_operator.py
[2024-02-23T13:46:09.660+0000] {logging_mixin.py:188} INFO - [2024-02-23T13:46:09.660+0000] {dag.py:3036} INFO - Sync 1 DAGs
[2024-02-23T13:46:09.685+0000] {logging_mixin.py:188} INFO - [2024-02-23T13:46:09.685+0000] {dag.py:3823} INFO - Setting next_dagrun for our_dag_with_python_opertator_v06 to 2024-02-13 00:00:00+00:00, run_after=2024-02-14 00:00:00+00:00
[2024-02-23T13:46:09.707+0000] {processor.py:183} INFO - Processing /opt/airflow/dags/create_dag_with_python_operator.py took 0.158 seconds
[2024-02-23T13:46:39.975+0000] {processor.py:161} INFO - Started process (PID=1080) to work on /opt/airflow/dags/create_dag_with_python_operator.py
[2024-02-23T13:46:39.977+0000] {processor.py:830} INFO - Processing file /opt/airflow/dags/create_dag_with_python_operator.py for tasks to queue
[2024-02-23T13:46:39.978+0000] {logging_mixin.py:188} INFO - [2024-02-23T13:46:39.977+0000] {dagbag.py:538} INFO - Filling up the DagBag from /opt/airflow/dags/create_dag_with_python_operator.py
[2024-02-23T13:46:40.010+0000] {processor.py:840} INFO - DAG(s) 'our_dag_with_python_opertator_v06' retrieved from /opt/airflow/dags/create_dag_with_python_operator.py
[2024-02-23T13:46:40.068+0000] {logging_mixin.py:188} INFO - [2024-02-23T13:46:40.068+0000] {dag.py:3036} INFO - Sync 1 DAGs
[2024-02-23T13:46:40.108+0000] {logging_mixin.py:188} INFO - [2024-02-23T13:46:40.108+0000] {dag.py:3823} INFO - Setting next_dagrun for our_dag_with_python_opertator_v06 to 2024-02-13 00:00:00+00:00, run_after=2024-02-14 00:00:00+00:00
[2024-02-23T13:46:40.179+0000] {processor.py:183} INFO - Processing /opt/airflow/dags/create_dag_with_python_operator.py took 0.208 seconds
[2024-02-23T13:47:10.348+0000] {processor.py:161} INFO - Started process (PID=1100) to work on /opt/airflow/dags/create_dag_with_python_operator.py
[2024-02-23T13:47:10.349+0000] {processor.py:830} INFO - Processing file /opt/airflow/dags/create_dag_with_python_operator.py for tasks to queue
[2024-02-23T13:47:10.350+0000] {logging_mixin.py:188} INFO - [2024-02-23T13:47:10.349+0000] {dagbag.py:538} INFO - Filling up the DagBag from /opt/airflow/dags/create_dag_with_python_operator.py
[2024-02-23T13:47:10.360+0000] {processor.py:840} INFO - DAG(s) 'our_dag_with_python_opertator_v06' retrieved from /opt/airflow/dags/create_dag_with_python_operator.py
[2024-02-23T13:47:10.390+0000] {logging_mixin.py:188} INFO - [2024-02-23T13:47:10.389+0000] {dag.py:3036} INFO - Sync 1 DAGs
[2024-02-23T13:47:10.416+0000] {logging_mixin.py:188} INFO - [2024-02-23T13:47:10.416+0000] {dag.py:3823} INFO - Setting next_dagrun for our_dag_with_python_opertator_v06 to 2024-02-13 00:00:00+00:00, run_after=2024-02-14 00:00:00+00:00
[2024-02-23T13:47:10.446+0000] {processor.py:183} INFO - Processing /opt/airflow/dags/create_dag_with_python_operator.py took 0.101 seconds
[2024-02-23T13:47:40.593+0000] {processor.py:161} INFO - Started process (PID=1127) to work on /opt/airflow/dags/create_dag_with_python_operator.py
[2024-02-23T13:47:40.594+0000] {processor.py:830} INFO - Processing file /opt/airflow/dags/create_dag_with_python_operator.py for tasks to queue
[2024-02-23T13:47:40.595+0000] {logging_mixin.py:188} INFO - [2024-02-23T13:47:40.595+0000] {dagbag.py:538} INFO - Filling up the DagBag from /opt/airflow/dags/create_dag_with_python_operator.py
[2024-02-23T13:47:40.606+0000] {processor.py:840} INFO - DAG(s) 'our_dag_with_python_opertator_v06' retrieved from /opt/airflow/dags/create_dag_with_python_operator.py
[2024-02-23T13:47:40.636+0000] {logging_mixin.py:188} INFO - [2024-02-23T13:47:40.636+0000] {dag.py:3036} INFO - Sync 1 DAGs
[2024-02-23T13:47:40.680+0000] {logging_mixin.py:188} INFO - [2024-02-23T13:47:40.673+0000] {dag.py:3823} INFO - Setting next_dagrun for our_dag_with_python_opertator_v06 to 2024-02-13 00:00:00+00:00, run_after=2024-02-14 00:00:00+00:00
[2024-02-23T13:47:40.710+0000] {processor.py:183} INFO - Processing /opt/airflow/dags/create_dag_with_python_operator.py took 0.120 seconds
[2024-02-23T13:48:10.859+0000] {processor.py:161} INFO - Started process (PID=1154) to work on /opt/airflow/dags/create_dag_with_python_operator.py
[2024-02-23T13:48:10.868+0000] {processor.py:830} INFO - Processing file /opt/airflow/dags/create_dag_with_python_operator.py for tasks to queue
[2024-02-23T13:48:10.870+0000] {logging_mixin.py:188} INFO - [2024-02-23T13:48:10.870+0000] {dagbag.py:538} INFO - Filling up the DagBag from /opt/airflow/dags/create_dag_with_python_operator.py
[2024-02-23T13:48:10.885+0000] {processor.py:840} INFO - DAG(s) 'our_dag_with_python_opertator_v06' retrieved from /opt/airflow/dags/create_dag_with_python_operator.py
[2024-02-23T13:48:10.916+0000] {logging_mixin.py:188} INFO - [2024-02-23T13:48:10.915+0000] {dag.py:3036} INFO - Sync 1 DAGs
[2024-02-23T13:48:10.942+0000] {logging_mixin.py:188} INFO - [2024-02-23T13:48:10.942+0000] {dag.py:3823} INFO - Setting next_dagrun for our_dag_with_python_opertator_v06 to 2024-02-13 00:00:00+00:00, run_after=2024-02-14 00:00:00+00:00
[2024-02-23T13:48:10.967+0000] {processor.py:183} INFO - Processing /opt/airflow/dags/create_dag_with_python_operator.py took 0.112 seconds
[2024-02-23T13:48:41.104+0000] {processor.py:161} INFO - Started process (PID=1181) to work on /opt/airflow/dags/create_dag_with_python_operator.py
[2024-02-23T13:48:41.105+0000] {processor.py:830} INFO - Processing file /opt/airflow/dags/create_dag_with_python_operator.py for tasks to queue
[2024-02-23T13:48:41.106+0000] {logging_mixin.py:188} INFO - [2024-02-23T13:48:41.105+0000] {dagbag.py:538} INFO - Filling up the DagBag from /opt/airflow/dags/create_dag_with_python_operator.py
[2024-02-23T13:48:41.117+0000] {processor.py:840} INFO - DAG(s) 'our_dag_with_python_opertator_v06' retrieved from /opt/airflow/dags/create_dag_with_python_operator.py
[2024-02-23T13:48:41.152+0000] {logging_mixin.py:188} INFO - [2024-02-23T13:48:41.151+0000] {dag.py:3036} INFO - Sync 1 DAGs
[2024-02-23T13:48:41.179+0000] {logging_mixin.py:188} INFO - [2024-02-23T13:48:41.179+0000] {dag.py:3823} INFO - Setting next_dagrun for our_dag_with_python_opertator_v06 to 2024-02-13 00:00:00+00:00, run_after=2024-02-14 00:00:00+00:00
[2024-02-23T13:48:41.200+0000] {processor.py:183} INFO - Processing /opt/airflow/dags/create_dag_with_python_operator.py took 0.100 seconds
[2024-02-23T13:49:11.355+0000] {processor.py:161} INFO - Started process (PID=1208) to work on /opt/airflow/dags/create_dag_with_python_operator.py
[2024-02-23T13:49:11.356+0000] {processor.py:830} INFO - Processing file /opt/airflow/dags/create_dag_with_python_operator.py for tasks to queue
[2024-02-23T13:49:11.357+0000] {logging_mixin.py:188} INFO - [2024-02-23T13:49:11.356+0000] {dagbag.py:538} INFO - Filling up the DagBag from /opt/airflow/dags/create_dag_with_python_operator.py
[2024-02-23T13:49:11.368+0000] {processor.py:840} INFO - DAG(s) 'our_dag_with_python_opertator_v06' retrieved from /opt/airflow/dags/create_dag_with_python_operator.py
[2024-02-23T13:49:11.397+0000] {logging_mixin.py:188} INFO - [2024-02-23T13:49:11.397+0000] {dag.py:3036} INFO - Sync 1 DAGs
[2024-02-23T13:49:11.426+0000] {logging_mixin.py:188} INFO - [2024-02-23T13:49:11.425+0000] {dag.py:3823} INFO - Setting next_dagrun for our_dag_with_python_opertator_v06 to 2024-02-13 00:00:00+00:00, run_after=2024-02-14 00:00:00+00:00
[2024-02-23T13:49:11.449+0000] {processor.py:183} INFO - Processing /opt/airflow/dags/create_dag_with_python_operator.py took 0.098 seconds
[2024-02-23T13:49:41.601+0000] {processor.py:161} INFO - Started process (PID=1235) to work on /opt/airflow/dags/create_dag_with_python_operator.py
[2024-02-23T13:49:41.602+0000] {processor.py:830} INFO - Processing file /opt/airflow/dags/create_dag_with_python_operator.py for tasks to queue
[2024-02-23T13:49:41.603+0000] {logging_mixin.py:188} INFO - [2024-02-23T13:49:41.603+0000] {dagbag.py:538} INFO - Filling up the DagBag from /opt/airflow/dags/create_dag_with_python_operator.py
[2024-02-23T13:49:41.615+0000] {processor.py:840} INFO - DAG(s) 'our_dag_with_python_opertator_v06' retrieved from /opt/airflow/dags/create_dag_with_python_operator.py
[2024-02-23T13:49:41.646+0000] {logging_mixin.py:188} INFO - [2024-02-23T13:49:41.646+0000] {dag.py:3036} INFO - Sync 1 DAGs
[2024-02-23T13:49:41.688+0000] {logging_mixin.py:188} INFO - [2024-02-23T13:49:41.688+0000] {dag.py:3823} INFO - Setting next_dagrun for our_dag_with_python_opertator_v06 to 2024-02-13 00:00:00+00:00, run_after=2024-02-14 00:00:00+00:00
[2024-02-23T13:49:41.710+0000] {processor.py:183} INFO - Processing /opt/airflow/dags/create_dag_with_python_operator.py took 0.113 seconds
[2024-02-23T13:50:11.892+0000] {processor.py:161} INFO - Started process (PID=1260) to work on /opt/airflow/dags/create_dag_with_python_operator.py
[2024-02-23T13:50:11.894+0000] {processor.py:830} INFO - Processing file /opt/airflow/dags/create_dag_with_python_operator.py for tasks to queue
[2024-02-23T13:50:11.903+0000] {logging_mixin.py:188} INFO - [2024-02-23T13:50:11.902+0000] {dagbag.py:538} INFO - Filling up the DagBag from /opt/airflow/dags/create_dag_with_python_operator.py
[2024-02-23T13:50:11.922+0000] {processor.py:840} INFO - DAG(s) 'our_dag_with_python_opertator_v06' retrieved from /opt/airflow/dags/create_dag_with_python_operator.py
[2024-02-23T13:50:11.976+0000] {logging_mixin.py:188} INFO - [2024-02-23T13:50:11.974+0000] {dag.py:3036} INFO - Sync 1 DAGs
[2024-02-23T13:50:12.015+0000] {logging_mixin.py:188} INFO - [2024-02-23T13:50:12.015+0000] {dag.py:3823} INFO - Setting next_dagrun for our_dag_with_python_opertator_v06 to 2024-02-13 00:00:00+00:00, run_after=2024-02-14 00:00:00+00:00
[2024-02-23T13:50:12.047+0000] {processor.py:183} INFO - Processing /opt/airflow/dags/create_dag_with_python_operator.py took 0.162 seconds
[2024-02-23T13:50:42.210+0000] {processor.py:161} INFO - Started process (PID=1290) to work on /opt/airflow/dags/create_dag_with_python_operator.py
[2024-02-23T13:50:42.211+0000] {processor.py:830} INFO - Processing file /opt/airflow/dags/create_dag_with_python_operator.py for tasks to queue
[2024-02-23T13:50:42.212+0000] {logging_mixin.py:188} INFO - [2024-02-23T13:50:42.212+0000] {dagbag.py:538} INFO - Filling up the DagBag from /opt/airflow/dags/create_dag_with_python_operator.py
[2024-02-23T13:50:42.223+0000] {processor.py:840} INFO - DAG(s) 'our_dag_with_python_opertator_v06' retrieved from /opt/airflow/dags/create_dag_with_python_operator.py
[2024-02-23T13:50:42.255+0000] {logging_mixin.py:188} INFO - [2024-02-23T13:50:42.255+0000] {dag.py:3036} INFO - Sync 1 DAGs
[2024-02-23T13:50:42.303+0000] {logging_mixin.py:188} INFO - [2024-02-23T13:50:42.303+0000] {dag.py:3823} INFO - Setting next_dagrun for our_dag_with_python_opertator_v06 to 2024-02-13 00:00:00+00:00, run_after=2024-02-14 00:00:00+00:00
[2024-02-23T13:50:42.335+0000] {processor.py:183} INFO - Processing /opt/airflow/dags/create_dag_with_python_operator.py took 0.128 seconds
[2024-02-23T13:51:12.495+0000] {processor.py:161} INFO - Started process (PID=1318) to work on /opt/airflow/dags/create_dag_with_python_operator.py
[2024-02-23T13:51:12.496+0000] {processor.py:830} INFO - Processing file /opt/airflow/dags/create_dag_with_python_operator.py for tasks to queue
[2024-02-23T13:51:12.497+0000] {logging_mixin.py:188} INFO - [2024-02-23T13:51:12.497+0000] {dagbag.py:538} INFO - Filling up the DagBag from /opt/airflow/dags/create_dag_with_python_operator.py
[2024-02-23T13:51:12.508+0000] {processor.py:840} INFO - DAG(s) 'our_dag_with_python_opertator_v06' retrieved from /opt/airflow/dags/create_dag_with_python_operator.py
[2024-02-23T13:51:12.542+0000] {logging_mixin.py:188} INFO - [2024-02-23T13:51:12.542+0000] {dag.py:3036} INFO - Sync 1 DAGs
[2024-02-23T13:51:12.573+0000] {logging_mixin.py:188} INFO - [2024-02-23T13:51:12.573+0000] {dag.py:3823} INFO - Setting next_dagrun for our_dag_with_python_opertator_v06 to 2024-02-13 00:00:00+00:00, run_after=2024-02-14 00:00:00+00:00
[2024-02-23T13:51:12.597+0000] {processor.py:183} INFO - Processing /opt/airflow/dags/create_dag_with_python_operator.py took 0.105 seconds
[2024-02-23T13:51:42.739+0000] {processor.py:161} INFO - Started process (PID=1345) to work on /opt/airflow/dags/create_dag_with_python_operator.py
[2024-02-23T13:51:42.740+0000] {processor.py:830} INFO - Processing file /opt/airflow/dags/create_dag_with_python_operator.py for tasks to queue
[2024-02-23T13:51:42.741+0000] {logging_mixin.py:188} INFO - [2024-02-23T13:51:42.740+0000] {dagbag.py:538} INFO - Filling up the DagBag from /opt/airflow/dags/create_dag_with_python_operator.py
[2024-02-23T13:51:42.751+0000] {processor.py:840} INFO - DAG(s) 'our_dag_with_python_opertator_v06' retrieved from /opt/airflow/dags/create_dag_with_python_operator.py
[2024-02-23T13:51:42.818+0000] {logging_mixin.py:188} INFO - [2024-02-23T13:51:42.817+0000] {dag.py:3036} INFO - Sync 1 DAGs
[2024-02-23T13:51:42.850+0000] {logging_mixin.py:188} INFO - [2024-02-23T13:51:42.849+0000] {dag.py:3823} INFO - Setting next_dagrun for our_dag_with_python_opertator_v06 to 2024-02-13 00:00:00+00:00, run_after=2024-02-14 00:00:00+00:00
[2024-02-23T13:51:42.877+0000] {processor.py:183} INFO - Processing /opt/airflow/dags/create_dag_with_python_operator.py took 0.142 seconds
[2024-02-23T13:52:13.053+0000] {processor.py:161} INFO - Started process (PID=1372) to work on /opt/airflow/dags/create_dag_with_python_operator.py
[2024-02-23T13:52:13.059+0000] {processor.py:830} INFO - Processing file /opt/airflow/dags/create_dag_with_python_operator.py for tasks to queue
[2024-02-23T13:52:13.062+0000] {logging_mixin.py:188} INFO - [2024-02-23T13:52:13.061+0000] {dagbag.py:538} INFO - Filling up the DagBag from /opt/airflow/dags/create_dag_with_python_operator.py
[2024-02-23T13:52:13.090+0000] {processor.py:840} INFO - DAG(s) 'our_dag_with_python_opertator_v06' retrieved from /opt/airflow/dags/create_dag_with_python_operator.py
[2024-02-23T13:52:13.135+0000] {logging_mixin.py:188} INFO - [2024-02-23T13:52:13.134+0000] {dag.py:3036} INFO - Sync 1 DAGs
[2024-02-23T13:52:13.161+0000] {logging_mixin.py:188} INFO - [2024-02-23T13:52:13.160+0000] {dag.py:3823} INFO - Setting next_dagrun for our_dag_with_python_opertator_v06 to 2024-02-13 00:00:00+00:00, run_after=2024-02-14 00:00:00+00:00
[2024-02-23T13:52:13.183+0000] {processor.py:183} INFO - Processing /opt/airflow/dags/create_dag_with_python_operator.py took 0.134 seconds
[2024-02-23T13:52:43.363+0000] {processor.py:161} INFO - Started process (PID=1399) to work on /opt/airflow/dags/create_dag_with_python_operator.py
[2024-02-23T13:52:43.365+0000] {processor.py:830} INFO - Processing file /opt/airflow/dags/create_dag_with_python_operator.py for tasks to queue
[2024-02-23T13:52:43.366+0000] {logging_mixin.py:188} INFO - [2024-02-23T13:52:43.365+0000] {dagbag.py:538} INFO - Filling up the DagBag from /opt/airflow/dags/create_dag_with_python_operator.py
[2024-02-23T13:52:43.377+0000] {processor.py:840} INFO - DAG(s) 'our_dag_with_python_opertator_v06' retrieved from /opt/airflow/dags/create_dag_with_python_operator.py
[2024-02-23T13:52:43.412+0000] {logging_mixin.py:188} INFO - [2024-02-23T13:52:43.412+0000] {dag.py:3036} INFO - Sync 1 DAGs
[2024-02-23T13:52:43.437+0000] {logging_mixin.py:188} INFO - [2024-02-23T13:52:43.437+0000] {dag.py:3823} INFO - Setting next_dagrun for our_dag_with_python_opertator_v06 to 2024-02-13 00:00:00+00:00, run_after=2024-02-14 00:00:00+00:00
[2024-02-23T13:52:43.467+0000] {processor.py:183} INFO - Processing /opt/airflow/dags/create_dag_with_python_operator.py took 0.108 seconds
[2024-02-23T13:53:13.668+0000] {processor.py:161} INFO - Started process (PID=1426) to work on /opt/airflow/dags/create_dag_with_python_operator.py
[2024-02-23T13:53:13.671+0000] {processor.py:830} INFO - Processing file /opt/airflow/dags/create_dag_with_python_operator.py for tasks to queue
[2024-02-23T13:53:13.672+0000] {logging_mixin.py:188} INFO - [2024-02-23T13:53:13.672+0000] {dagbag.py:538} INFO - Filling up the DagBag from /opt/airflow/dags/create_dag_with_python_operator.py
[2024-02-23T13:53:13.685+0000] {processor.py:840} INFO - DAG(s) 'our_dag_with_python_opertator_v06' retrieved from /opt/airflow/dags/create_dag_with_python_operator.py
[2024-02-23T13:53:13.742+0000] {logging_mixin.py:188} INFO - [2024-02-23T13:53:13.742+0000] {dag.py:3036} INFO - Sync 1 DAGs
[2024-02-23T13:53:13.768+0000] {logging_mixin.py:188} INFO - [2024-02-23T13:53:13.768+0000] {dag.py:3823} INFO - Setting next_dagrun for our_dag_with_python_opertator_v06 to 2024-02-13 00:00:00+00:00, run_after=2024-02-14 00:00:00+00:00
[2024-02-23T13:53:13.794+0000] {processor.py:183} INFO - Processing /opt/airflow/dags/create_dag_with_python_operator.py took 0.130 seconds
[2024-02-23T13:53:43.983+0000] {processor.py:161} INFO - Started process (PID=1452) to work on /opt/airflow/dags/create_dag_with_python_operator.py
[2024-02-23T13:53:43.984+0000] {processor.py:830} INFO - Processing file /opt/airflow/dags/create_dag_with_python_operator.py for tasks to queue
[2024-02-23T13:53:43.990+0000] {logging_mixin.py:188} INFO - [2024-02-23T13:53:43.984+0000] {dagbag.py:538} INFO - Filling up the DagBag from /opt/airflow/dags/create_dag_with_python_operator.py
[2024-02-23T13:53:44.007+0000] {processor.py:840} INFO - DAG(s) 'our_dag_with_python_opertator_v06' retrieved from /opt/airflow/dags/create_dag_with_python_operator.py
[2024-02-23T13:53:44.073+0000] {logging_mixin.py:188} INFO - [2024-02-23T13:53:44.072+0000] {dag.py:3036} INFO - Sync 1 DAGs
[2024-02-23T13:53:44.112+0000] {logging_mixin.py:188} INFO - [2024-02-23T13:53:44.112+0000] {dag.py:3823} INFO - Setting next_dagrun for our_dag_with_python_opertator_v06 to 2024-02-13 00:00:00+00:00, run_after=2024-02-14 00:00:00+00:00
[2024-02-23T13:53:44.136+0000] {processor.py:183} INFO - Processing /opt/airflow/dags/create_dag_with_python_operator.py took 0.164 seconds
[2024-02-23T13:54:14.273+0000] {processor.py:161} INFO - Started process (PID=1481) to work on /opt/airflow/dags/create_dag_with_python_operator.py
[2024-02-23T13:54:14.274+0000] {processor.py:830} INFO - Processing file /opt/airflow/dags/create_dag_with_python_operator.py for tasks to queue
[2024-02-23T13:54:14.275+0000] {logging_mixin.py:188} INFO - [2024-02-23T13:54:14.275+0000] {dagbag.py:538} INFO - Filling up the DagBag from /opt/airflow/dags/create_dag_with_python_operator.py
[2024-02-23T13:54:14.287+0000] {processor.py:840} INFO - DAG(s) 'our_dag_with_python_opertator_v06' retrieved from /opt/airflow/dags/create_dag_with_python_operator.py
[2024-02-23T13:54:14.316+0000] {logging_mixin.py:188} INFO - [2024-02-23T13:54:14.316+0000] {dag.py:3036} INFO - Sync 1 DAGs
[2024-02-23T13:54:14.344+0000] {logging_mixin.py:188} INFO - [2024-02-23T13:54:14.344+0000] {dag.py:3823} INFO - Setting next_dagrun for our_dag_with_python_opertator_v06 to 2024-02-13 00:00:00+00:00, run_after=2024-02-14 00:00:00+00:00
[2024-02-23T13:54:14.369+0000] {processor.py:183} INFO - Processing /opt/airflow/dags/create_dag_with_python_operator.py took 0.099 seconds
[2024-02-23T13:54:44.523+0000] {processor.py:161} INFO - Started process (PID=1509) to work on /opt/airflow/dags/create_dag_with_python_operator.py
[2024-02-23T13:54:44.524+0000] {processor.py:830} INFO - Processing file /opt/airflow/dags/create_dag_with_python_operator.py for tasks to queue
[2024-02-23T13:54:44.525+0000] {logging_mixin.py:188} INFO - [2024-02-23T13:54:44.525+0000] {dagbag.py:538} INFO - Filling up the DagBag from /opt/airflow/dags/create_dag_with_python_operator.py
[2024-02-23T13:54:44.537+0000] {processor.py:840} INFO - DAG(s) 'our_dag_with_python_opertator_v06' retrieved from /opt/airflow/dags/create_dag_with_python_operator.py
[2024-02-23T13:54:44.584+0000] {logging_mixin.py:188} INFO - [2024-02-23T13:54:44.583+0000] {dag.py:3036} INFO - Sync 1 DAGs
[2024-02-23T13:54:44.634+0000] {logging_mixin.py:188} INFO - [2024-02-23T13:54:44.633+0000] {dag.py:3823} INFO - Setting next_dagrun for our_dag_with_python_opertator_v06 to 2024-02-13 00:00:00+00:00, run_after=2024-02-14 00:00:00+00:00
[2024-02-23T13:54:44.675+0000] {processor.py:183} INFO - Processing /opt/airflow/dags/create_dag_with_python_operator.py took 0.156 seconds
[2024-02-23T13:55:14.823+0000] {processor.py:161} INFO - Started process (PID=1536) to work on /opt/airflow/dags/create_dag_with_python_operator.py
[2024-02-23T13:55:14.825+0000] {processor.py:830} INFO - Processing file /opt/airflow/dags/create_dag_with_python_operator.py for tasks to queue
[2024-02-23T13:55:14.826+0000] {logging_mixin.py:188} INFO - [2024-02-23T13:55:14.825+0000] {dagbag.py:538} INFO - Filling up the DagBag from /opt/airflow/dags/create_dag_with_python_operator.py
[2024-02-23T13:55:14.837+0000] {processor.py:840} INFO - DAG(s) 'our_dag_with_python_opertator_v06' retrieved from /opt/airflow/dags/create_dag_with_python_operator.py
[2024-02-23T13:55:14.866+0000] {logging_mixin.py:188} INFO - [2024-02-23T13:55:14.866+0000] {dag.py:3036} INFO - Sync 1 DAGs
[2024-02-23T13:55:14.897+0000] {logging_mixin.py:188} INFO - [2024-02-23T13:55:14.897+0000] {dag.py:3823} INFO - Setting next_dagrun for our_dag_with_python_opertator_v06 to 2024-02-13 00:00:00+00:00, run_after=2024-02-14 00:00:00+00:00
[2024-02-23T13:55:14.921+0000] {processor.py:183} INFO - Processing /opt/airflow/dags/create_dag_with_python_operator.py took 0.101 seconds
[2024-02-23T13:55:45.117+0000] {processor.py:161} INFO - Started process (PID=1561) to work on /opt/airflow/dags/create_dag_with_python_operator.py
[2024-02-23T13:55:45.118+0000] {processor.py:830} INFO - Processing file /opt/airflow/dags/create_dag_with_python_operator.py for tasks to queue
[2024-02-23T13:55:45.119+0000] {logging_mixin.py:188} INFO - [2024-02-23T13:55:45.118+0000] {dagbag.py:538} INFO - Filling up the DagBag from /opt/airflow/dags/create_dag_with_python_operator.py
[2024-02-23T13:55:45.130+0000] {processor.py:840} INFO - DAG(s) 'our_dag_with_python_opertator_v06' retrieved from /opt/airflow/dags/create_dag_with_python_operator.py
[2024-02-23T13:55:45.162+0000] {logging_mixin.py:188} INFO - [2024-02-23T13:55:45.161+0000] {dag.py:3036} INFO - Sync 1 DAGs
[2024-02-23T13:55:45.190+0000] {logging_mixin.py:188} INFO - [2024-02-23T13:55:45.190+0000] {dag.py:3823} INFO - Setting next_dagrun for our_dag_with_python_opertator_v06 to 2024-02-13 00:00:00+00:00, run_after=2024-02-14 00:00:00+00:00
[2024-02-23T13:55:45.213+0000] {processor.py:183} INFO - Processing /opt/airflow/dags/create_dag_with_python_operator.py took 0.100 seconds
[2024-02-23T13:56:15.358+0000] {processor.py:161} INFO - Started process (PID=1590) to work on /opt/airflow/dags/create_dag_with_python_operator.py
[2024-02-23T13:56:15.359+0000] {processor.py:830} INFO - Processing file /opt/airflow/dags/create_dag_with_python_operator.py for tasks to queue
[2024-02-23T13:56:15.360+0000] {logging_mixin.py:188} INFO - [2024-02-23T13:56:15.360+0000] {dagbag.py:538} INFO - Filling up the DagBag from /opt/airflow/dags/create_dag_with_python_operator.py
[2024-02-23T13:56:15.371+0000] {processor.py:840} INFO - DAG(s) 'our_dag_with_python_opertator_v06' retrieved from /opt/airflow/dags/create_dag_with_python_operator.py
[2024-02-23T13:56:15.400+0000] {logging_mixin.py:188} INFO - [2024-02-23T13:56:15.400+0000] {dag.py:3036} INFO - Sync 1 DAGs
[2024-02-23T13:56:15.427+0000] {logging_mixin.py:188} INFO - [2024-02-23T13:56:15.427+0000] {dag.py:3823} INFO - Setting next_dagrun for our_dag_with_python_opertator_v06 to 2024-02-13 00:00:00+00:00, run_after=2024-02-14 00:00:00+00:00
[2024-02-23T13:56:15.450+0000] {processor.py:183} INFO - Processing /opt/airflow/dags/create_dag_with_python_operator.py took 0.095 seconds
[2024-02-23T13:56:45.617+0000] {processor.py:161} INFO - Started process (PID=1617) to work on /opt/airflow/dags/create_dag_with_python_operator.py
[2024-02-23T13:56:45.618+0000] {processor.py:830} INFO - Processing file /opt/airflow/dags/create_dag_with_python_operator.py for tasks to queue
[2024-02-23T13:56:45.619+0000] {logging_mixin.py:188} INFO - [2024-02-23T13:56:45.619+0000] {dagbag.py:538} INFO - Filling up the DagBag from /opt/airflow/dags/create_dag_with_python_operator.py
[2024-02-23T13:56:45.704+0000] {processor.py:840} INFO - DAG(s) 'our_dag_with_python_opertator_v06' retrieved from /opt/airflow/dags/create_dag_with_python_operator.py
[2024-02-23T13:56:45.761+0000] {logging_mixin.py:188} INFO - [2024-02-23T13:56:45.760+0000] {dag.py:3036} INFO - Sync 1 DAGs
[2024-02-23T13:56:45.784+0000] {logging_mixin.py:188} INFO - [2024-02-23T13:56:45.784+0000] {dag.py:3823} INFO - Setting next_dagrun for our_dag_with_python_opertator_v06 to 2024-02-13 00:00:00+00:00, run_after=2024-02-14 00:00:00+00:00
[2024-02-23T13:56:45.803+0000] {processor.py:183} INFO - Processing /opt/airflow/dags/create_dag_with_python_operator.py took 0.191 seconds
[2024-02-23T13:57:15.980+0000] {processor.py:161} INFO - Started process (PID=1646) to work on /opt/airflow/dags/create_dag_with_python_operator.py
[2024-02-23T13:57:15.981+0000] {processor.py:830} INFO - Processing file /opt/airflow/dags/create_dag_with_python_operator.py for tasks to queue
[2024-02-23T13:57:15.982+0000] {logging_mixin.py:188} INFO - [2024-02-23T13:57:15.982+0000] {dagbag.py:538} INFO - Filling up the DagBag from /opt/airflow/dags/create_dag_with_python_operator.py
[2024-02-23T13:57:15.993+0000] {processor.py:840} INFO - DAG(s) 'our_dag_with_python_opertator_v06' retrieved from /opt/airflow/dags/create_dag_with_python_operator.py
[2024-02-23T13:57:16.023+0000] {logging_mixin.py:188} INFO - [2024-02-23T13:57:16.023+0000] {dag.py:3036} INFO - Sync 1 DAGs
[2024-02-23T13:57:16.051+0000] {logging_mixin.py:188} INFO - [2024-02-23T13:57:16.050+0000] {dag.py:3823} INFO - Setting next_dagrun for our_dag_with_python_opertator_v06 to 2024-02-13 00:00:00+00:00, run_after=2024-02-14 00:00:00+00:00
[2024-02-23T13:57:16.075+0000] {processor.py:183} INFO - Processing /opt/airflow/dags/create_dag_with_python_operator.py took 0.098 seconds
[2024-02-23T13:57:46.333+0000] {processor.py:161} INFO - Started process (PID=1671) to work on /opt/airflow/dags/create_dag_with_python_operator.py
[2024-02-23T13:57:46.339+0000] {processor.py:830} INFO - Processing file /opt/airflow/dags/create_dag_with_python_operator.py for tasks to queue
[2024-02-23T13:57:46.340+0000] {logging_mixin.py:188} INFO - [2024-02-23T13:57:46.340+0000] {dagbag.py:538} INFO - Filling up the DagBag from /opt/airflow/dags/create_dag_with_python_operator.py
[2024-02-23T13:57:46.354+0000] {processor.py:840} INFO - DAG(s) 'our_dag_with_python_opertator_v06' retrieved from /opt/airflow/dags/create_dag_with_python_operator.py
[2024-02-23T13:57:46.468+0000] {logging_mixin.py:188} INFO - [2024-02-23T13:57:46.468+0000] {dag.py:3036} INFO - Sync 1 DAGs
[2024-02-23T13:57:46.549+0000] {logging_mixin.py:188} INFO - [2024-02-23T13:57:46.548+0000] {dag.py:3823} INFO - Setting next_dagrun for our_dag_with_python_opertator_v06 to 2024-02-13 00:00:00+00:00, run_after=2024-02-14 00:00:00+00:00
[2024-02-23T13:57:46.573+0000] {processor.py:183} INFO - Processing /opt/airflow/dags/create_dag_with_python_operator.py took 0.248 seconds
[2024-02-23T13:58:16.712+0000] {processor.py:161} INFO - Started process (PID=1700) to work on /opt/airflow/dags/create_dag_with_python_operator.py
[2024-02-23T13:58:16.713+0000] {processor.py:830} INFO - Processing file /opt/airflow/dags/create_dag_with_python_operator.py for tasks to queue
[2024-02-23T13:58:16.714+0000] {logging_mixin.py:188} INFO - [2024-02-23T13:58:16.714+0000] {dagbag.py:538} INFO - Filling up the DagBag from /opt/airflow/dags/create_dag_with_python_operator.py
[2024-02-23T13:58:16.727+0000] {processor.py:840} INFO - DAG(s) 'our_dag_with_python_opertator_v06' retrieved from /opt/airflow/dags/create_dag_with_python_operator.py
[2024-02-23T13:58:16.758+0000] {logging_mixin.py:188} INFO - [2024-02-23T13:58:16.757+0000] {dag.py:3036} INFO - Sync 1 DAGs
[2024-02-23T13:58:16.786+0000] {logging_mixin.py:188} INFO - [2024-02-23T13:58:16.785+0000] {dag.py:3823} INFO - Setting next_dagrun for our_dag_with_python_opertator_v06 to 2024-02-13 00:00:00+00:00, run_after=2024-02-14 00:00:00+00:00
[2024-02-23T13:58:16.807+0000] {processor.py:183} INFO - Processing /opt/airflow/dags/create_dag_with_python_operator.py took 0.106 seconds
[2024-02-23T13:58:46.959+0000] {processor.py:161} INFO - Started process (PID=1726) to work on /opt/airflow/dags/create_dag_with_python_operator.py
[2024-02-23T13:58:46.960+0000] {processor.py:830} INFO - Processing file /opt/airflow/dags/create_dag_with_python_operator.py for tasks to queue
[2024-02-23T13:58:46.961+0000] {logging_mixin.py:188} INFO - [2024-02-23T13:58:46.961+0000] {dagbag.py:538} INFO - Filling up the DagBag from /opt/airflow/dags/create_dag_with_python_operator.py
[2024-02-23T13:58:46.973+0000] {processor.py:840} INFO - DAG(s) 'our_dag_with_python_opertator_v06' retrieved from /opt/airflow/dags/create_dag_with_python_operator.py
[2024-02-23T13:58:47.001+0000] {logging_mixin.py:188} INFO - [2024-02-23T13:58:47.001+0000] {dag.py:3036} INFO - Sync 1 DAGs
[2024-02-23T13:58:47.029+0000] {logging_mixin.py:188} INFO - [2024-02-23T13:58:47.029+0000] {dag.py:3823} INFO - Setting next_dagrun for our_dag_with_python_opertator_v06 to 2024-02-13 00:00:00+00:00, run_after=2024-02-14 00:00:00+00:00
[2024-02-23T13:58:47.053+0000] {processor.py:183} INFO - Processing /opt/airflow/dags/create_dag_with_python_operator.py took 0.097 seconds
[2024-02-23T13:59:17.213+0000] {processor.py:161} INFO - Started process (PID=1753) to work on /opt/airflow/dags/create_dag_with_python_operator.py
[2024-02-23T13:59:17.214+0000] {processor.py:830} INFO - Processing file /opt/airflow/dags/create_dag_with_python_operator.py for tasks to queue
[2024-02-23T13:59:17.215+0000] {logging_mixin.py:188} INFO - [2024-02-23T13:59:17.215+0000] {dagbag.py:538} INFO - Filling up the DagBag from /opt/airflow/dags/create_dag_with_python_operator.py
[2024-02-23T13:59:17.226+0000] {processor.py:840} INFO - DAG(s) 'our_dag_with_python_opertator_v06' retrieved from /opt/airflow/dags/create_dag_with_python_operator.py
[2024-02-23T13:59:17.259+0000] {logging_mixin.py:188} INFO - [2024-02-23T13:59:17.259+0000] {dag.py:3036} INFO - Sync 1 DAGs
[2024-02-23T13:59:17.287+0000] {logging_mixin.py:188} INFO - [2024-02-23T13:59:17.287+0000] {dag.py:3823} INFO - Setting next_dagrun for our_dag_with_python_opertator_v06 to 2024-02-13 00:00:00+00:00, run_after=2024-02-14 00:00:00+00:00
[2024-02-23T13:59:17.312+0000] {processor.py:183} INFO - Processing /opt/airflow/dags/create_dag_with_python_operator.py took 0.102 seconds
[2024-02-23T13:59:47.518+0000] {processor.py:161} INFO - Started process (PID=1777) to work on /opt/airflow/dags/create_dag_with_python_operator.py
[2024-02-23T13:59:47.521+0000] {processor.py:830} INFO - Processing file /opt/airflow/dags/create_dag_with_python_operator.py for tasks to queue
[2024-02-23T13:59:47.523+0000] {logging_mixin.py:188} INFO - [2024-02-23T13:59:47.522+0000] {dagbag.py:538} INFO - Filling up the DagBag from /opt/airflow/dags/create_dag_with_python_operator.py
[2024-02-23T13:59:47.547+0000] {processor.py:840} INFO - DAG(s) 'our_dag_with_python_opertator_v06' retrieved from /opt/airflow/dags/create_dag_with_python_operator.py
[2024-02-23T13:59:47.579+0000] {logging_mixin.py:188} INFO - [2024-02-23T13:59:47.579+0000] {dag.py:3036} INFO - Sync 1 DAGs
[2024-02-23T13:59:47.606+0000] {logging_mixin.py:188} INFO - [2024-02-23T13:59:47.605+0000] {dag.py:3823} INFO - Setting next_dagrun for our_dag_with_python_opertator_v06 to 2024-02-13 00:00:00+00:00, run_after=2024-02-14 00:00:00+00:00
[2024-02-23T13:59:47.628+0000] {processor.py:183} INFO - Processing /opt/airflow/dags/create_dag_with_python_operator.py took 0.126 seconds
[2024-02-23T14:00:17.762+0000] {processor.py:161} INFO - Started process (PID=1806) to work on /opt/airflow/dags/create_dag_with_python_operator.py
[2024-02-23T14:00:17.763+0000] {processor.py:830} INFO - Processing file /opt/airflow/dags/create_dag_with_python_operator.py for tasks to queue
[2024-02-23T14:00:17.764+0000] {logging_mixin.py:188} INFO - [2024-02-23T14:00:17.764+0000] {dagbag.py:538} INFO - Filling up the DagBag from /opt/airflow/dags/create_dag_with_python_operator.py
[2024-02-23T14:00:17.776+0000] {processor.py:840} INFO - DAG(s) 'our_dag_with_python_opertator_v06' retrieved from /opt/airflow/dags/create_dag_with_python_operator.py
[2024-02-23T14:00:17.805+0000] {logging_mixin.py:188} INFO - [2024-02-23T14:00:17.805+0000] {dag.py:3036} INFO - Sync 1 DAGs
[2024-02-23T14:00:17.832+0000] {logging_mixin.py:188} INFO - [2024-02-23T14:00:17.832+0000] {dag.py:3823} INFO - Setting next_dagrun for our_dag_with_python_opertator_v06 to 2024-02-13 00:00:00+00:00, run_after=2024-02-14 00:00:00+00:00
[2024-02-23T14:00:17.858+0000] {processor.py:183} INFO - Processing /opt/airflow/dags/create_dag_with_python_operator.py took 0.100 seconds
[2024-02-23T14:00:48.005+0000] {processor.py:161} INFO - Started process (PID=1834) to work on /opt/airflow/dags/create_dag_with_python_operator.py
[2024-02-23T14:00:48.006+0000] {processor.py:830} INFO - Processing file /opt/airflow/dags/create_dag_with_python_operator.py for tasks to queue
[2024-02-23T14:00:48.007+0000] {logging_mixin.py:188} INFO - [2024-02-23T14:00:48.007+0000] {dagbag.py:538} INFO - Filling up the DagBag from /opt/airflow/dags/create_dag_with_python_operator.py
[2024-02-23T14:00:48.031+0000] {processor.py:840} INFO - DAG(s) 'our_dag_with_python_opertator_v06' retrieved from /opt/airflow/dags/create_dag_with_python_operator.py
[2024-02-23T14:00:48.085+0000] {logging_mixin.py:188} INFO - [2024-02-23T14:00:48.084+0000] {dag.py:3036} INFO - Sync 1 DAGs
[2024-02-23T14:00:48.128+0000] {logging_mixin.py:188} INFO - [2024-02-23T14:00:48.118+0000] {dag.py:3823} INFO - Setting next_dagrun for our_dag_with_python_opertator_v06 to 2024-02-13 00:00:00+00:00, run_after=2024-02-14 00:00:00+00:00
[2024-02-23T14:00:48.179+0000] {processor.py:183} INFO - Processing /opt/airflow/dags/create_dag_with_python_operator.py took 0.177 seconds
[2024-02-23T14:01:18.353+0000] {processor.py:161} INFO - Started process (PID=1861) to work on /opt/airflow/dags/create_dag_with_python_operator.py
[2024-02-23T14:01:18.354+0000] {processor.py:830} INFO - Processing file /opt/airflow/dags/create_dag_with_python_operator.py for tasks to queue
[2024-02-23T14:01:18.355+0000] {logging_mixin.py:188} INFO - [2024-02-23T14:01:18.355+0000] {dagbag.py:538} INFO - Filling up the DagBag from /opt/airflow/dags/create_dag_with_python_operator.py
[2024-02-23T14:01:18.366+0000] {processor.py:840} INFO - DAG(s) 'our_dag_with_python_opertator_v06' retrieved from /opt/airflow/dags/create_dag_with_python_operator.py
[2024-02-23T14:01:18.395+0000] {logging_mixin.py:188} INFO - [2024-02-23T14:01:18.395+0000] {dag.py:3036} INFO - Sync 1 DAGs
[2024-02-23T14:01:18.422+0000] {logging_mixin.py:188} INFO - [2024-02-23T14:01:18.421+0000] {dag.py:3823} INFO - Setting next_dagrun for our_dag_with_python_opertator_v06 to 2024-02-13 00:00:00+00:00, run_after=2024-02-14 00:00:00+00:00
[2024-02-23T14:01:18.443+0000] {processor.py:183} INFO - Processing /opt/airflow/dags/create_dag_with_python_operator.py took 0.094 seconds
[2024-02-23T14:01:48.603+0000] {processor.py:161} INFO - Started process (PID=1888) to work on /opt/airflow/dags/create_dag_with_python_operator.py
[2024-02-23T14:01:48.604+0000] {processor.py:830} INFO - Processing file /opt/airflow/dags/create_dag_with_python_operator.py for tasks to queue
[2024-02-23T14:01:48.605+0000] {logging_mixin.py:188} INFO - [2024-02-23T14:01:48.605+0000] {dagbag.py:538} INFO - Filling up the DagBag from /opt/airflow/dags/create_dag_with_python_operator.py
[2024-02-23T14:01:48.618+0000] {processor.py:840} INFO - DAG(s) 'our_dag_with_python_opertator_v06' retrieved from /opt/airflow/dags/create_dag_with_python_operator.py
[2024-02-23T14:01:48.647+0000] {logging_mixin.py:188} INFO - [2024-02-23T14:01:48.646+0000] {dag.py:3036} INFO - Sync 1 DAGs
[2024-02-23T14:01:48.671+0000] {logging_mixin.py:188} INFO - [2024-02-23T14:01:48.671+0000] {dag.py:3823} INFO - Setting next_dagrun for our_dag_with_python_opertator_v06 to 2024-02-13 00:00:00+00:00, run_after=2024-02-14 00:00:00+00:00
[2024-02-23T14:01:48.693+0000] {processor.py:183} INFO - Processing /opt/airflow/dags/create_dag_with_python_operator.py took 0.094 seconds
[2024-02-23T14:02:18.830+0000] {processor.py:161} INFO - Started process (PID=1915) to work on /opt/airflow/dags/create_dag_with_python_operator.py
[2024-02-23T14:02:18.831+0000] {processor.py:830} INFO - Processing file /opt/airflow/dags/create_dag_with_python_operator.py for tasks to queue
[2024-02-23T14:02:18.832+0000] {logging_mixin.py:188} INFO - [2024-02-23T14:02:18.831+0000] {dagbag.py:538} INFO - Filling up the DagBag from /opt/airflow/dags/create_dag_with_python_operator.py
[2024-02-23T14:02:18.843+0000] {processor.py:840} INFO - DAG(s) 'our_dag_with_python_opertator_v06' retrieved from /opt/airflow/dags/create_dag_with_python_operator.py
[2024-02-23T14:02:18.872+0000] {logging_mixin.py:188} INFO - [2024-02-23T14:02:18.872+0000] {dag.py:3036} INFO - Sync 1 DAGs
[2024-02-23T14:02:18.901+0000] {logging_mixin.py:188} INFO - [2024-02-23T14:02:18.901+0000] {dag.py:3823} INFO - Setting next_dagrun for our_dag_with_python_opertator_v06 to 2024-02-13 00:00:00+00:00, run_after=2024-02-14 00:00:00+00:00
[2024-02-23T14:02:18.929+0000] {processor.py:183} INFO - Processing /opt/airflow/dags/create_dag_with_python_operator.py took 0.103 seconds
[2024-02-23T14:02:49.211+0000] {processor.py:161} INFO - Started process (PID=1941) to work on /opt/airflow/dags/create_dag_with_python_operator.py
[2024-02-23T14:02:49.212+0000] {processor.py:830} INFO - Processing file /opt/airflow/dags/create_dag_with_python_operator.py for tasks to queue
[2024-02-23T14:02:49.215+0000] {logging_mixin.py:188} INFO - [2024-02-23T14:02:49.215+0000] {dagbag.py:538} INFO - Filling up the DagBag from /opt/airflow/dags/create_dag_with_python_operator.py
[2024-02-23T14:02:49.229+0000] {processor.py:840} INFO - DAG(s) 'our_dag_with_python_opertator_v06' retrieved from /opt/airflow/dags/create_dag_with_python_operator.py
[2024-02-23T14:02:49.265+0000] {logging_mixin.py:188} INFO - [2024-02-23T14:02:49.265+0000] {dag.py:3036} INFO - Sync 1 DAGs
[2024-02-23T14:02:49.293+0000] {logging_mixin.py:188} INFO - [2024-02-23T14:02:49.292+0000] {dag.py:3823} INFO - Setting next_dagrun for our_dag_with_python_opertator_v06 to 2024-02-13 00:00:00+00:00, run_after=2024-02-14 00:00:00+00:00
[2024-02-23T14:02:49.315+0000] {processor.py:183} INFO - Processing /opt/airflow/dags/create_dag_with_python_operator.py took 0.107 seconds
[2024-02-23T14:03:19.551+0000] {processor.py:161} INFO - Started process (PID=1970) to work on /opt/airflow/dags/create_dag_with_python_operator.py
[2024-02-23T14:03:19.552+0000] {processor.py:830} INFO - Processing file /opt/airflow/dags/create_dag_with_python_operator.py for tasks to queue
[2024-02-23T14:03:19.553+0000] {logging_mixin.py:188} INFO - [2024-02-23T14:03:19.553+0000] {dagbag.py:538} INFO - Filling up the DagBag from /opt/airflow/dags/create_dag_with_python_operator.py
[2024-02-23T14:03:19.565+0000] {processor.py:840} INFO - DAG(s) 'our_dag_with_python_opertator_v06' retrieved from /opt/airflow/dags/create_dag_with_python_operator.py
[2024-02-23T14:03:19.633+0000] {logging_mixin.py:188} INFO - [2024-02-23T14:03:19.633+0000] {dag.py:3036} INFO - Sync 1 DAGs
[2024-02-23T14:03:19.674+0000] {logging_mixin.py:188} INFO - [2024-02-23T14:03:19.674+0000] {dag.py:3823} INFO - Setting next_dagrun for our_dag_with_python_opertator_v06 to 2024-02-13 00:00:00+00:00, run_after=2024-02-14 00:00:00+00:00
[2024-02-23T14:03:19.703+0000] {processor.py:183} INFO - Processing /opt/airflow/dags/create_dag_with_python_operator.py took 0.156 seconds
[2024-02-23T14:03:50.062+0000] {processor.py:161} INFO - Started process (PID=1997) to work on /opt/airflow/dags/create_dag_with_python_operator.py
[2024-02-23T14:03:50.063+0000] {processor.py:830} INFO - Processing file /opt/airflow/dags/create_dag_with_python_operator.py for tasks to queue
[2024-02-23T14:03:50.071+0000] {logging_mixin.py:188} INFO - [2024-02-23T14:03:50.071+0000] {dagbag.py:538} INFO - Filling up the DagBag from /opt/airflow/dags/create_dag_with_python_operator.py
[2024-02-23T14:03:50.104+0000] {processor.py:840} INFO - DAG(s) 'our_dag_with_python_opertator_v06' retrieved from /opt/airflow/dags/create_dag_with_python_operator.py
[2024-02-23T14:03:50.136+0000] {logging_mixin.py:188} INFO - [2024-02-23T14:03:50.136+0000] {dag.py:3036} INFO - Sync 1 DAGs
[2024-02-23T14:03:50.162+0000] {logging_mixin.py:188} INFO - [2024-02-23T14:03:50.162+0000] {dag.py:3823} INFO - Setting next_dagrun for our_dag_with_python_opertator_v06 to 2024-02-13 00:00:00+00:00, run_after=2024-02-14 00:00:00+00:00
[2024-02-23T14:03:50.184+0000] {processor.py:183} INFO - Processing /opt/airflow/dags/create_dag_with_python_operator.py took 0.131 seconds
[2024-02-23T14:04:20.356+0000] {processor.py:161} INFO - Started process (PID=2018) to work on /opt/airflow/dags/create_dag_with_python_operator.py
[2024-02-23T14:04:20.357+0000] {processor.py:830} INFO - Processing file /opt/airflow/dags/create_dag_with_python_operator.py for tasks to queue
[2024-02-23T14:04:20.358+0000] {logging_mixin.py:188} INFO - [2024-02-23T14:04:20.357+0000] {dagbag.py:538} INFO - Filling up the DagBag from /opt/airflow/dags/create_dag_with_python_operator.py
[2024-02-23T14:04:20.368+0000] {processor.py:840} INFO - DAG(s) 'our_dag_with_python_opertator_v06' retrieved from /opt/airflow/dags/create_dag_with_python_operator.py
[2024-02-23T14:04:20.397+0000] {logging_mixin.py:188} INFO - [2024-02-23T14:04:20.397+0000] {dag.py:3036} INFO - Sync 1 DAGs
[2024-02-23T14:04:20.460+0000] {logging_mixin.py:188} INFO - [2024-02-23T14:04:20.459+0000] {dag.py:3823} INFO - Setting next_dagrun for our_dag_with_python_opertator_v06 to 2024-02-13 00:00:00+00:00, run_after=2024-02-14 00:00:00+00:00
[2024-02-23T14:04:20.534+0000] {processor.py:183} INFO - Processing /opt/airflow/dags/create_dag_with_python_operator.py took 0.182 seconds
[2024-02-23T14:04:50.729+0000] {processor.py:161} INFO - Started process (PID=2045) to work on /opt/airflow/dags/create_dag_with_python_operator.py
[2024-02-23T14:04:50.730+0000] {processor.py:830} INFO - Processing file /opt/airflow/dags/create_dag_with_python_operator.py for tasks to queue
[2024-02-23T14:04:50.731+0000] {logging_mixin.py:188} INFO - [2024-02-23T14:04:50.731+0000] {dagbag.py:538} INFO - Filling up the DagBag from /opt/airflow/dags/create_dag_with_python_operator.py
[2024-02-23T14:04:50.743+0000] {processor.py:840} INFO - DAG(s) 'our_dag_with_python_opertator_v06' retrieved from /opt/airflow/dags/create_dag_with_python_operator.py
[2024-02-23T14:04:50.773+0000] {logging_mixin.py:188} INFO - [2024-02-23T14:04:50.773+0000] {dag.py:3036} INFO - Sync 1 DAGs
[2024-02-23T14:04:50.805+0000] {logging_mixin.py:188} INFO - [2024-02-23T14:04:50.805+0000] {dag.py:3823} INFO - Setting next_dagrun for our_dag_with_python_opertator_v06 to 2024-02-13 00:00:00+00:00, run_after=2024-02-14 00:00:00+00:00
[2024-02-23T14:04:50.827+0000] {processor.py:183} INFO - Processing /opt/airflow/dags/create_dag_with_python_operator.py took 0.101 seconds
[2024-02-23T14:05:21.001+0000] {processor.py:161} INFO - Started process (PID=2071) to work on /opt/airflow/dags/create_dag_with_python_operator.py
[2024-02-23T14:05:21.011+0000] {processor.py:830} INFO - Processing file /opt/airflow/dags/create_dag_with_python_operator.py for tasks to queue
[2024-02-23T14:05:21.013+0000] {logging_mixin.py:188} INFO - [2024-02-23T14:05:21.013+0000] {dagbag.py:538} INFO - Filling up the DagBag from /opt/airflow/dags/create_dag_with_python_operator.py
[2024-02-23T14:05:21.034+0000] {processor.py:840} INFO - DAG(s) 'our_dag_with_python_opertator_v06' retrieved from /opt/airflow/dags/create_dag_with_python_operator.py
[2024-02-23T14:05:21.105+0000] {logging_mixin.py:188} INFO - [2024-02-23T14:05:21.105+0000] {dag.py:3036} INFO - Sync 1 DAGs
[2024-02-23T14:05:21.135+0000] {logging_mixin.py:188} INFO - [2024-02-23T14:05:21.135+0000] {dag.py:3823} INFO - Setting next_dagrun for our_dag_with_python_opertator_v06 to 2024-02-13 00:00:00+00:00, run_after=2024-02-14 00:00:00+00:00
[2024-02-23T14:05:21.171+0000] {processor.py:183} INFO - Processing /opt/airflow/dags/create_dag_with_python_operator.py took 0.174 seconds
[2024-02-23T14:05:51.349+0000] {processor.py:161} INFO - Started process (PID=2099) to work on /opt/airflow/dags/create_dag_with_python_operator.py
[2024-02-23T14:05:51.350+0000] {processor.py:830} INFO - Processing file /opt/airflow/dags/create_dag_with_python_operator.py for tasks to queue
[2024-02-23T14:05:51.351+0000] {logging_mixin.py:188} INFO - [2024-02-23T14:05:51.350+0000] {dagbag.py:538} INFO - Filling up the DagBag from /opt/airflow/dags/create_dag_with_python_operator.py
[2024-02-23T14:05:51.361+0000] {processor.py:840} INFO - DAG(s) 'our_dag_with_python_opertator_v06' retrieved from /opt/airflow/dags/create_dag_with_python_operator.py
[2024-02-23T14:05:51.390+0000] {logging_mixin.py:188} INFO - [2024-02-23T14:05:51.390+0000] {dag.py:3036} INFO - Sync 1 DAGs
[2024-02-23T14:05:51.420+0000] {logging_mixin.py:188} INFO - [2024-02-23T14:05:51.420+0000] {dag.py:3823} INFO - Setting next_dagrun for our_dag_with_python_opertator_v06 to 2024-02-13 00:00:00+00:00, run_after=2024-02-14 00:00:00+00:00
[2024-02-23T14:05:51.441+0000] {processor.py:183} INFO - Processing /opt/airflow/dags/create_dag_with_python_operator.py took 0.096 seconds
[2024-02-23T14:06:21.583+0000] {processor.py:161} INFO - Started process (PID=2126) to work on /opt/airflow/dags/create_dag_with_python_operator.py
[2024-02-23T14:06:21.584+0000] {processor.py:830} INFO - Processing file /opt/airflow/dags/create_dag_with_python_operator.py for tasks to queue
[2024-02-23T14:06:21.585+0000] {logging_mixin.py:188} INFO - [2024-02-23T14:06:21.585+0000] {dagbag.py:538} INFO - Filling up the DagBag from /opt/airflow/dags/create_dag_with_python_operator.py
[2024-02-23T14:06:21.595+0000] {processor.py:840} INFO - DAG(s) 'our_dag_with_python_opertator_v06' retrieved from /opt/airflow/dags/create_dag_with_python_operator.py
[2024-02-23T14:06:21.625+0000] {logging_mixin.py:188} INFO - [2024-02-23T14:06:21.625+0000] {dag.py:3036} INFO - Sync 1 DAGs
[2024-02-23T14:06:21.655+0000] {logging_mixin.py:188} INFO - [2024-02-23T14:06:21.654+0000] {dag.py:3823} INFO - Setting next_dagrun for our_dag_with_python_opertator_v06 to 2024-02-13 00:00:00+00:00, run_after=2024-02-14 00:00:00+00:00
[2024-02-23T14:06:21.675+0000] {processor.py:183} INFO - Processing /opt/airflow/dags/create_dag_with_python_operator.py took 0.095 seconds
[2024-02-23T14:06:51.819+0000] {processor.py:161} INFO - Started process (PID=2153) to work on /opt/airflow/dags/create_dag_with_python_operator.py
[2024-02-23T14:06:51.820+0000] {processor.py:830} INFO - Processing file /opt/airflow/dags/create_dag_with_python_operator.py for tasks to queue
[2024-02-23T14:06:51.821+0000] {logging_mixin.py:188} INFO - [2024-02-23T14:06:51.820+0000] {dagbag.py:538} INFO - Filling up the DagBag from /opt/airflow/dags/create_dag_with_python_operator.py
[2024-02-23T14:06:51.831+0000] {processor.py:840} INFO - DAG(s) 'our_dag_with_python_opertator_v06' retrieved from /opt/airflow/dags/create_dag_with_python_operator.py
[2024-02-23T14:06:51.861+0000] {logging_mixin.py:188} INFO - [2024-02-23T14:06:51.861+0000] {dag.py:3036} INFO - Sync 1 DAGs
[2024-02-23T14:06:51.893+0000] {logging_mixin.py:188} INFO - [2024-02-23T14:06:51.892+0000] {dag.py:3823} INFO - Setting next_dagrun for our_dag_with_python_opertator_v06 to 2024-02-13 00:00:00+00:00, run_after=2024-02-14 00:00:00+00:00
[2024-02-23T14:06:51.914+0000] {processor.py:183} INFO - Processing /opt/airflow/dags/create_dag_with_python_operator.py took 0.099 seconds
[2024-02-23T14:07:22.053+0000] {processor.py:161} INFO - Started process (PID=2180) to work on /opt/airflow/dags/create_dag_with_python_operator.py
[2024-02-23T14:07:22.054+0000] {processor.py:830} INFO - Processing file /opt/airflow/dags/create_dag_with_python_operator.py for tasks to queue
[2024-02-23T14:07:22.055+0000] {logging_mixin.py:188} INFO - [2024-02-23T14:07:22.055+0000] {dagbag.py:538} INFO - Filling up the DagBag from /opt/airflow/dags/create_dag_with_python_operator.py
[2024-02-23T14:07:22.066+0000] {processor.py:840} INFO - DAG(s) 'our_dag_with_python_opertator_v06' retrieved from /opt/airflow/dags/create_dag_with_python_operator.py
[2024-02-23T14:07:22.098+0000] {logging_mixin.py:188} INFO - [2024-02-23T14:07:22.098+0000] {dag.py:3036} INFO - Sync 1 DAGs
[2024-02-23T14:07:22.127+0000] {logging_mixin.py:188} INFO - [2024-02-23T14:07:22.127+0000] {dag.py:3823} INFO - Setting next_dagrun for our_dag_with_python_opertator_v06 to 2024-02-13 00:00:00+00:00, run_after=2024-02-14 00:00:00+00:00
[2024-02-23T14:07:22.150+0000] {processor.py:183} INFO - Processing /opt/airflow/dags/create_dag_with_python_operator.py took 0.100 seconds
[2024-02-23T14:07:52.289+0000] {processor.py:161} INFO - Started process (PID=2207) to work on /opt/airflow/dags/create_dag_with_python_operator.py
[2024-02-23T14:07:52.289+0000] {processor.py:830} INFO - Processing file /opt/airflow/dags/create_dag_with_python_operator.py for tasks to queue
[2024-02-23T14:07:52.290+0000] {logging_mixin.py:188} INFO - [2024-02-23T14:07:52.290+0000] {dagbag.py:538} INFO - Filling up the DagBag from /opt/airflow/dags/create_dag_with_python_operator.py
[2024-02-23T14:07:52.301+0000] {processor.py:840} INFO - DAG(s) 'our_dag_with_python_opertator_v06' retrieved from /opt/airflow/dags/create_dag_with_python_operator.py
[2024-02-23T14:07:52.330+0000] {logging_mixin.py:188} INFO - [2024-02-23T14:07:52.329+0000] {dag.py:3036} INFO - Sync 1 DAGs
[2024-02-23T14:07:52.359+0000] {logging_mixin.py:188} INFO - [2024-02-23T14:07:52.359+0000] {dag.py:3823} INFO - Setting next_dagrun for our_dag_with_python_opertator_v06 to 2024-02-13 00:00:00+00:00, run_after=2024-02-14 00:00:00+00:00
[2024-02-23T14:07:52.384+0000] {processor.py:183} INFO - Processing /opt/airflow/dags/create_dag_with_python_operator.py took 0.099 seconds
[2024-02-23T14:08:22.526+0000] {processor.py:161} INFO - Started process (PID=2235) to work on /opt/airflow/dags/create_dag_with_python_operator.py
[2024-02-23T14:08:22.527+0000] {processor.py:830} INFO - Processing file /opt/airflow/dags/create_dag_with_python_operator.py for tasks to queue
[2024-02-23T14:08:22.528+0000] {logging_mixin.py:188} INFO - [2024-02-23T14:08:22.527+0000] {dagbag.py:538} INFO - Filling up the DagBag from /opt/airflow/dags/create_dag_with_python_operator.py
[2024-02-23T14:08:22.539+0000] {processor.py:840} INFO - DAG(s) 'our_dag_with_python_opertator_v06' retrieved from /opt/airflow/dags/create_dag_with_python_operator.py
[2024-02-23T14:08:22.568+0000] {logging_mixin.py:188} INFO - [2024-02-23T14:08:22.567+0000] {dag.py:3036} INFO - Sync 1 DAGs
[2024-02-23T14:08:22.594+0000] {logging_mixin.py:188} INFO - [2024-02-23T14:08:22.593+0000] {dag.py:3823} INFO - Setting next_dagrun for our_dag_with_python_opertator_v06 to 2024-02-13 00:00:00+00:00, run_after=2024-02-14 00:00:00+00:00
[2024-02-23T14:08:22.619+0000] {processor.py:183} INFO - Processing /opt/airflow/dags/create_dag_with_python_operator.py took 0.097 seconds
