[2024-02-23T13:29:58.547+0000] {processor.py:161} INFO - Started process (PID=165) to work on /opt/airflow/dags/dag_with_cron_exp.py
[2024-02-23T13:29:58.556+0000] {processor.py:830} INFO - Processing file /opt/airflow/dags/dag_with_cron_exp.py for tasks to queue
[2024-02-23T13:29:58.559+0000] {logging_mixin.py:188} INFO - [2024-02-23T13:29:58.558+0000] {dagbag.py:538} INFO - Filling up the DagBag from /opt/airflow/dags/dag_with_cron_exp.py
[2024-02-23T13:29:58.706+0000] {processor.py:840} INFO - DAG(s) 'dag_with_cron_exp_v03' retrieved from /opt/airflow/dags/dag_with_cron_exp.py
[2024-02-23T13:29:59.012+0000] {logging_mixin.py:188} INFO - [2024-02-23T13:29:59.012+0000] {dag.py:3036} INFO - Sync 1 DAGs
[2024-02-23T13:29:59.145+0000] {logging_mixin.py:188} INFO - [2024-02-23T13:29:59.144+0000] {dag.py:3823} INFO - Setting next_dagrun for dag_with_cron_exp_v03 to 2024-02-12 08:00:00+00:00, run_after=2024-02-19 08:00:00+00:00
[2024-02-23T13:29:59.206+0000] {processor.py:183} INFO - Processing /opt/airflow/dags/dag_with_cron_exp.py took 0.662 seconds
[2024-02-23T13:30:29.583+0000] {processor.py:161} INFO - Started process (PID=189) to work on /opt/airflow/dags/dag_with_cron_exp.py
[2024-02-23T13:30:29.584+0000] {processor.py:830} INFO - Processing file /opt/airflow/dags/dag_with_cron_exp.py for tasks to queue
[2024-02-23T13:30:29.585+0000] {logging_mixin.py:188} INFO - [2024-02-23T13:30:29.584+0000] {dagbag.py:538} INFO - Filling up the DagBag from /opt/airflow/dags/dag_with_cron_exp.py
[2024-02-23T13:30:29.592+0000] {processor.py:840} INFO - DAG(s) 'dag_with_cron_exp_v03' retrieved from /opt/airflow/dags/dag_with_cron_exp.py
[2024-02-23T13:30:29.613+0000] {logging_mixin.py:188} INFO - [2024-02-23T13:30:29.613+0000] {dag.py:3036} INFO - Sync 1 DAGs
[2024-02-23T13:30:29.633+0000] {logging_mixin.py:188} INFO - [2024-02-23T13:30:29.632+0000] {dag.py:3823} INFO - Setting next_dagrun for dag_with_cron_exp_v03 to 2024-02-12 08:00:00+00:00, run_after=2024-02-19 08:00:00+00:00
[2024-02-23T13:30:29.653+0000] {processor.py:183} INFO - Processing /opt/airflow/dags/dag_with_cron_exp.py took 0.072 seconds
[2024-02-23T13:30:59.818+0000] {processor.py:161} INFO - Started process (PID=216) to work on /opt/airflow/dags/dag_with_cron_exp.py
[2024-02-23T13:30:59.819+0000] {processor.py:830} INFO - Processing file /opt/airflow/dags/dag_with_cron_exp.py for tasks to queue
[2024-02-23T13:30:59.820+0000] {logging_mixin.py:188} INFO - [2024-02-23T13:30:59.820+0000] {dagbag.py:538} INFO - Filling up the DagBag from /opt/airflow/dags/dag_with_cron_exp.py
[2024-02-23T13:30:59.827+0000] {processor.py:840} INFO - DAG(s) 'dag_with_cron_exp_v03' retrieved from /opt/airflow/dags/dag_with_cron_exp.py
[2024-02-23T13:30:59.848+0000] {logging_mixin.py:188} INFO - [2024-02-23T13:30:59.848+0000] {dag.py:3036} INFO - Sync 1 DAGs
[2024-02-23T13:30:59.867+0000] {logging_mixin.py:188} INFO - [2024-02-23T13:30:59.866+0000] {dag.py:3823} INFO - Setting next_dagrun for dag_with_cron_exp_v03 to 2024-02-12 08:00:00+00:00, run_after=2024-02-19 08:00:00+00:00
[2024-02-23T13:30:59.886+0000] {processor.py:183} INFO - Processing /opt/airflow/dags/dag_with_cron_exp.py took 0.071 seconds
[2024-02-23T13:31:30.067+0000] {processor.py:161} INFO - Started process (PID=243) to work on /opt/airflow/dags/dag_with_cron_exp.py
[2024-02-23T13:31:30.068+0000] {processor.py:830} INFO - Processing file /opt/airflow/dags/dag_with_cron_exp.py for tasks to queue
[2024-02-23T13:31:30.069+0000] {logging_mixin.py:188} INFO - [2024-02-23T13:31:30.068+0000] {dagbag.py:538} INFO - Filling up the DagBag from /opt/airflow/dags/dag_with_cron_exp.py
[2024-02-23T13:31:30.076+0000] {processor.py:840} INFO - DAG(s) 'dag_with_cron_exp_v03' retrieved from /opt/airflow/dags/dag_with_cron_exp.py
[2024-02-23T13:31:30.097+0000] {logging_mixin.py:188} INFO - [2024-02-23T13:31:30.097+0000] {dag.py:3036} INFO - Sync 1 DAGs
[2024-02-23T13:31:30.116+0000] {logging_mixin.py:188} INFO - [2024-02-23T13:31:30.115+0000] {dag.py:3823} INFO - Setting next_dagrun for dag_with_cron_exp_v03 to 2024-02-12 08:00:00+00:00, run_after=2024-02-19 08:00:00+00:00
[2024-02-23T13:31:30.136+0000] {processor.py:183} INFO - Processing /opt/airflow/dags/dag_with_cron_exp.py took 0.071 seconds
[2024-02-23T13:32:00.301+0000] {processor.py:161} INFO - Started process (PID=270) to work on /opt/airflow/dags/dag_with_cron_exp.py
[2024-02-23T13:32:00.302+0000] {processor.py:830} INFO - Processing file /opt/airflow/dags/dag_with_cron_exp.py for tasks to queue
[2024-02-23T13:32:00.303+0000] {logging_mixin.py:188} INFO - [2024-02-23T13:32:00.302+0000] {dagbag.py:538} INFO - Filling up the DagBag from /opt/airflow/dags/dag_with_cron_exp.py
[2024-02-23T13:32:00.310+0000] {processor.py:840} INFO - DAG(s) 'dag_with_cron_exp_v03' retrieved from /opt/airflow/dags/dag_with_cron_exp.py
[2024-02-23T13:32:00.330+0000] {logging_mixin.py:188} INFO - [2024-02-23T13:32:00.330+0000] {dag.py:3036} INFO - Sync 1 DAGs
[2024-02-23T13:32:00.350+0000] {logging_mixin.py:188} INFO - [2024-02-23T13:32:00.349+0000] {dag.py:3823} INFO - Setting next_dagrun for dag_with_cron_exp_v03 to 2024-02-12 08:00:00+00:00, run_after=2024-02-19 08:00:00+00:00
[2024-02-23T13:32:00.369+0000] {processor.py:183} INFO - Processing /opt/airflow/dags/dag_with_cron_exp.py took 0.071 seconds
[2024-02-23T13:32:30.555+0000] {processor.py:161} INFO - Started process (PID=298) to work on /opt/airflow/dags/dag_with_cron_exp.py
[2024-02-23T13:32:30.555+0000] {processor.py:830} INFO - Processing file /opt/airflow/dags/dag_with_cron_exp.py for tasks to queue
[2024-02-23T13:32:30.556+0000] {logging_mixin.py:188} INFO - [2024-02-23T13:32:30.556+0000] {dagbag.py:538} INFO - Filling up the DagBag from /opt/airflow/dags/dag_with_cron_exp.py
[2024-02-23T13:32:30.564+0000] {processor.py:840} INFO - DAG(s) 'dag_with_cron_exp_v03' retrieved from /opt/airflow/dags/dag_with_cron_exp.py
[2024-02-23T13:32:30.592+0000] {logging_mixin.py:188} INFO - [2024-02-23T13:32:30.592+0000] {dag.py:3036} INFO - Sync 1 DAGs
[2024-02-23T13:32:30.613+0000] {logging_mixin.py:188} INFO - [2024-02-23T13:32:30.613+0000] {dag.py:3823} INFO - Setting next_dagrun for dag_with_cron_exp_v03 to 2024-02-12 08:00:00+00:00, run_after=2024-02-19 08:00:00+00:00
[2024-02-23T13:32:30.634+0000] {processor.py:183} INFO - Processing /opt/airflow/dags/dag_with_cron_exp.py took 0.082 seconds
[2024-02-23T13:33:00.843+0000] {processor.py:161} INFO - Started process (PID=325) to work on /opt/airflow/dags/dag_with_cron_exp.py
[2024-02-23T13:33:00.843+0000] {processor.py:830} INFO - Processing file /opt/airflow/dags/dag_with_cron_exp.py for tasks to queue
[2024-02-23T13:33:00.844+0000] {logging_mixin.py:188} INFO - [2024-02-23T13:33:00.844+0000] {dagbag.py:538} INFO - Filling up the DagBag from /opt/airflow/dags/dag_with_cron_exp.py
[2024-02-23T13:33:00.851+0000] {processor.py:840} INFO - DAG(s) 'dag_with_cron_exp_v03' retrieved from /opt/airflow/dags/dag_with_cron_exp.py
[2024-02-23T13:33:00.878+0000] {logging_mixin.py:188} INFO - [2024-02-23T13:33:00.878+0000] {dag.py:3036} INFO - Sync 1 DAGs
[2024-02-23T13:33:00.899+0000] {logging_mixin.py:188} INFO - [2024-02-23T13:33:00.899+0000] {dag.py:3823} INFO - Setting next_dagrun for dag_with_cron_exp_v03 to 2024-02-12 08:00:00+00:00, run_after=2024-02-19 08:00:00+00:00
[2024-02-23T13:33:00.920+0000] {processor.py:183} INFO - Processing /opt/airflow/dags/dag_with_cron_exp.py took 0.080 seconds
[2024-02-23T13:33:31.140+0000] {processor.py:161} INFO - Started process (PID=352) to work on /opt/airflow/dags/dag_with_cron_exp.py
[2024-02-23T13:33:31.141+0000] {processor.py:830} INFO - Processing file /opt/airflow/dags/dag_with_cron_exp.py for tasks to queue
[2024-02-23T13:33:31.142+0000] {logging_mixin.py:188} INFO - [2024-02-23T13:33:31.141+0000] {dagbag.py:538} INFO - Filling up the DagBag from /opt/airflow/dags/dag_with_cron_exp.py
[2024-02-23T13:33:31.159+0000] {processor.py:840} INFO - DAG(s) 'dag_with_cron_exp_v03' retrieved from /opt/airflow/dags/dag_with_cron_exp.py
[2024-02-23T13:33:31.189+0000] {logging_mixin.py:188} INFO - [2024-02-23T13:33:31.189+0000] {dag.py:3036} INFO - Sync 1 DAGs
[2024-02-23T13:33:31.219+0000] {logging_mixin.py:188} INFO - [2024-02-23T13:33:31.219+0000] {dag.py:3823} INFO - Setting next_dagrun for dag_with_cron_exp_v03 to 2024-02-12 08:00:00+00:00, run_after=2024-02-19 08:00:00+00:00
[2024-02-23T13:33:31.244+0000] {processor.py:183} INFO - Processing /opt/airflow/dags/dag_with_cron_exp.py took 0.108 seconds
[2024-02-23T13:34:01.403+0000] {processor.py:161} INFO - Started process (PID=379) to work on /opt/airflow/dags/dag_with_cron_exp.py
[2024-02-23T13:34:01.403+0000] {processor.py:830} INFO - Processing file /opt/airflow/dags/dag_with_cron_exp.py for tasks to queue
[2024-02-23T13:34:01.404+0000] {logging_mixin.py:188} INFO - [2024-02-23T13:34:01.404+0000] {dagbag.py:538} INFO - Filling up the DagBag from /opt/airflow/dags/dag_with_cron_exp.py
[2024-02-23T13:34:01.412+0000] {processor.py:840} INFO - DAG(s) 'dag_with_cron_exp_v03' retrieved from /opt/airflow/dags/dag_with_cron_exp.py
[2024-02-23T13:34:01.433+0000] {logging_mixin.py:188} INFO - [2024-02-23T13:34:01.432+0000] {dag.py:3036} INFO - Sync 1 DAGs
[2024-02-23T13:34:01.453+0000] {logging_mixin.py:188} INFO - [2024-02-23T13:34:01.452+0000] {dag.py:3823} INFO - Setting next_dagrun for dag_with_cron_exp_v03 to 2024-02-12 08:00:00+00:00, run_after=2024-02-19 08:00:00+00:00
[2024-02-23T13:34:01.494+0000] {processor.py:183} INFO - Processing /opt/airflow/dags/dag_with_cron_exp.py took 0.094 seconds
[2024-02-23T13:34:31.657+0000] {processor.py:161} INFO - Started process (PID=407) to work on /opt/airflow/dags/dag_with_cron_exp.py
[2024-02-23T13:34:31.658+0000] {processor.py:830} INFO - Processing file /opt/airflow/dags/dag_with_cron_exp.py for tasks to queue
[2024-02-23T13:34:31.659+0000] {logging_mixin.py:188} INFO - [2024-02-23T13:34:31.659+0000] {dagbag.py:538} INFO - Filling up the DagBag from /opt/airflow/dags/dag_with_cron_exp.py
[2024-02-23T13:34:31.666+0000] {processor.py:840} INFO - DAG(s) 'dag_with_cron_exp_v03' retrieved from /opt/airflow/dags/dag_with_cron_exp.py
[2024-02-23T13:34:31.687+0000] {logging_mixin.py:188} INFO - [2024-02-23T13:34:31.687+0000] {dag.py:3036} INFO - Sync 1 DAGs
[2024-02-23T13:34:31.707+0000] {logging_mixin.py:188} INFO - [2024-02-23T13:34:31.707+0000] {dag.py:3823} INFO - Setting next_dagrun for dag_with_cron_exp_v03 to 2024-02-12 08:00:00+00:00, run_after=2024-02-19 08:00:00+00:00
[2024-02-23T13:34:31.735+0000] {processor.py:183} INFO - Processing /opt/airflow/dags/dag_with_cron_exp.py took 0.080 seconds
[2024-02-23T13:35:01.920+0000] {processor.py:161} INFO - Started process (PID=435) to work on /opt/airflow/dags/dag_with_cron_exp.py
[2024-02-23T13:35:01.921+0000] {processor.py:830} INFO - Processing file /opt/airflow/dags/dag_with_cron_exp.py for tasks to queue
[2024-02-23T13:35:01.921+0000] {logging_mixin.py:188} INFO - [2024-02-23T13:35:01.921+0000] {dagbag.py:538} INFO - Filling up the DagBag from /opt/airflow/dags/dag_with_cron_exp.py
[2024-02-23T13:35:01.929+0000] {processor.py:840} INFO - DAG(s) 'dag_with_cron_exp_v03' retrieved from /opt/airflow/dags/dag_with_cron_exp.py
[2024-02-23T13:35:01.951+0000] {logging_mixin.py:188} INFO - [2024-02-23T13:35:01.951+0000] {dag.py:3036} INFO - Sync 1 DAGs
[2024-02-23T13:35:01.971+0000] {logging_mixin.py:188} INFO - [2024-02-23T13:35:01.971+0000] {dag.py:3823} INFO - Setting next_dagrun for dag_with_cron_exp_v03 to 2024-02-12 08:00:00+00:00, run_after=2024-02-19 08:00:00+00:00
[2024-02-23T13:35:01.991+0000] {processor.py:183} INFO - Processing /opt/airflow/dags/dag_with_cron_exp.py took 0.074 seconds
[2024-02-23T13:35:32.215+0000] {processor.py:161} INFO - Started process (PID=463) to work on /opt/airflow/dags/dag_with_cron_exp.py
[2024-02-23T13:35:32.216+0000] {processor.py:830} INFO - Processing file /opt/airflow/dags/dag_with_cron_exp.py for tasks to queue
[2024-02-23T13:35:32.217+0000] {logging_mixin.py:188} INFO - [2024-02-23T13:35:32.216+0000] {dagbag.py:538} INFO - Filling up the DagBag from /opt/airflow/dags/dag_with_cron_exp.py
[2024-02-23T13:35:32.227+0000] {processor.py:840} INFO - DAG(s) 'dag_with_cron_exp_v03' retrieved from /opt/airflow/dags/dag_with_cron_exp.py
[2024-02-23T13:35:32.277+0000] {logging_mixin.py:188} INFO - [2024-02-23T13:35:32.277+0000] {dag.py:3036} INFO - Sync 1 DAGs
[2024-02-23T13:35:32.334+0000] {logging_mixin.py:188} INFO - [2024-02-23T13:35:32.334+0000] {dag.py:3823} INFO - Setting next_dagrun for dag_with_cron_exp_v03 to 2024-02-12 08:00:00+00:00, run_after=2024-02-19 08:00:00+00:00
[2024-02-23T13:35:32.410+0000] {processor.py:183} INFO - Processing /opt/airflow/dags/dag_with_cron_exp.py took 0.198 seconds
[2024-02-23T13:36:02.657+0000] {processor.py:161} INFO - Started process (PID=491) to work on /opt/airflow/dags/dag_with_cron_exp.py
[2024-02-23T13:36:02.658+0000] {processor.py:830} INFO - Processing file /opt/airflow/dags/dag_with_cron_exp.py for tasks to queue
[2024-02-23T13:36:02.658+0000] {logging_mixin.py:188} INFO - [2024-02-23T13:36:02.658+0000] {dagbag.py:538} INFO - Filling up the DagBag from /opt/airflow/dags/dag_with_cron_exp.py
[2024-02-23T13:36:02.666+0000] {processor.py:840} INFO - DAG(s) 'dag_with_cron_exp_v03' retrieved from /opt/airflow/dags/dag_with_cron_exp.py
[2024-02-23T13:36:02.686+0000] {logging_mixin.py:188} INFO - [2024-02-23T13:36:02.686+0000] {dag.py:3036} INFO - Sync 1 DAGs
[2024-02-23T13:36:02.705+0000] {logging_mixin.py:188} INFO - [2024-02-23T13:36:02.704+0000] {dag.py:3823} INFO - Setting next_dagrun for dag_with_cron_exp_v03 to 2024-02-12 08:00:00+00:00, run_after=2024-02-19 08:00:00+00:00
[2024-02-23T13:36:02.726+0000] {processor.py:183} INFO - Processing /opt/airflow/dags/dag_with_cron_exp.py took 0.072 seconds
[2024-02-23T13:36:32.937+0000] {processor.py:161} INFO - Started process (PID=518) to work on /opt/airflow/dags/dag_with_cron_exp.py
[2024-02-23T13:36:32.937+0000] {processor.py:830} INFO - Processing file /opt/airflow/dags/dag_with_cron_exp.py for tasks to queue
[2024-02-23T13:36:32.938+0000] {logging_mixin.py:188} INFO - [2024-02-23T13:36:32.938+0000] {dagbag.py:538} INFO - Filling up the DagBag from /opt/airflow/dags/dag_with_cron_exp.py
[2024-02-23T13:36:32.946+0000] {processor.py:840} INFO - DAG(s) 'dag_with_cron_exp_v03' retrieved from /opt/airflow/dags/dag_with_cron_exp.py
[2024-02-23T13:36:32.970+0000] {logging_mixin.py:188} INFO - [2024-02-23T13:36:32.970+0000] {dag.py:3036} INFO - Sync 1 DAGs
[2024-02-23T13:36:32.993+0000] {logging_mixin.py:188} INFO - [2024-02-23T13:36:32.993+0000] {dag.py:3823} INFO - Setting next_dagrun for dag_with_cron_exp_v03 to 2024-02-12 08:00:00+00:00, run_after=2024-02-19 08:00:00+00:00
[2024-02-23T13:36:33.013+0000] {processor.py:183} INFO - Processing /opt/airflow/dags/dag_with_cron_exp.py took 0.079 seconds
[2024-02-23T13:37:03.202+0000] {processor.py:161} INFO - Started process (PID=545) to work on /opt/airflow/dags/dag_with_cron_exp.py
[2024-02-23T13:37:03.203+0000] {processor.py:830} INFO - Processing file /opt/airflow/dags/dag_with_cron_exp.py for tasks to queue
[2024-02-23T13:37:03.204+0000] {logging_mixin.py:188} INFO - [2024-02-23T13:37:03.203+0000] {dagbag.py:538} INFO - Filling up the DagBag from /opt/airflow/dags/dag_with_cron_exp.py
[2024-02-23T13:37:03.211+0000] {processor.py:840} INFO - DAG(s) 'dag_with_cron_exp_v03' retrieved from /opt/airflow/dags/dag_with_cron_exp.py
[2024-02-23T13:37:03.238+0000] {logging_mixin.py:188} INFO - [2024-02-23T13:37:03.238+0000] {dag.py:3036} INFO - Sync 1 DAGs
[2024-02-23T13:37:03.261+0000] {logging_mixin.py:188} INFO - [2024-02-23T13:37:03.261+0000] {dag.py:3823} INFO - Setting next_dagrun for dag_with_cron_exp_v03 to 2024-02-12 08:00:00+00:00, run_after=2024-02-19 08:00:00+00:00
[2024-02-23T13:37:03.285+0000] {processor.py:183} INFO - Processing /opt/airflow/dags/dag_with_cron_exp.py took 0.085 seconds
[2024-02-23T13:37:33.460+0000] {processor.py:161} INFO - Started process (PID=572) to work on /opt/airflow/dags/dag_with_cron_exp.py
[2024-02-23T13:37:33.461+0000] {processor.py:830} INFO - Processing file /opt/airflow/dags/dag_with_cron_exp.py for tasks to queue
[2024-02-23T13:37:33.462+0000] {logging_mixin.py:188} INFO - [2024-02-23T13:37:33.461+0000] {dagbag.py:538} INFO - Filling up the DagBag from /opt/airflow/dags/dag_with_cron_exp.py
[2024-02-23T13:37:33.469+0000] {processor.py:840} INFO - DAG(s) 'dag_with_cron_exp_v03' retrieved from /opt/airflow/dags/dag_with_cron_exp.py
[2024-02-23T13:37:33.495+0000] {logging_mixin.py:188} INFO - [2024-02-23T13:37:33.495+0000] {dag.py:3036} INFO - Sync 1 DAGs
[2024-02-23T13:37:33.520+0000] {logging_mixin.py:188} INFO - [2024-02-23T13:37:33.520+0000] {dag.py:3823} INFO - Setting next_dagrun for dag_with_cron_exp_v03 to 2024-02-12 08:00:00+00:00, run_after=2024-02-19 08:00:00+00:00
[2024-02-23T13:37:33.542+0000] {processor.py:183} INFO - Processing /opt/airflow/dags/dag_with_cron_exp.py took 0.084 seconds
[2024-02-23T13:38:03.722+0000] {processor.py:161} INFO - Started process (PID=600) to work on /opt/airflow/dags/dag_with_cron_exp.py
[2024-02-23T13:38:03.723+0000] {processor.py:830} INFO - Processing file /opt/airflow/dags/dag_with_cron_exp.py for tasks to queue
[2024-02-23T13:38:03.724+0000] {logging_mixin.py:188} INFO - [2024-02-23T13:38:03.723+0000] {dagbag.py:538} INFO - Filling up the DagBag from /opt/airflow/dags/dag_with_cron_exp.py
[2024-02-23T13:38:03.731+0000] {processor.py:840} INFO - DAG(s) 'dag_with_cron_exp_v03' retrieved from /opt/airflow/dags/dag_with_cron_exp.py
[2024-02-23T13:38:03.752+0000] {logging_mixin.py:188} INFO - [2024-02-23T13:38:03.752+0000] {dag.py:3036} INFO - Sync 1 DAGs
[2024-02-23T13:38:03.771+0000] {logging_mixin.py:188} INFO - [2024-02-23T13:38:03.771+0000] {dag.py:3823} INFO - Setting next_dagrun for dag_with_cron_exp_v03 to 2024-02-12 08:00:00+00:00, run_after=2024-02-19 08:00:00+00:00
[2024-02-23T13:38:03.790+0000] {processor.py:183} INFO - Processing /opt/airflow/dags/dag_with_cron_exp.py took 0.070 seconds
[2024-02-23T13:38:33.992+0000] {processor.py:161} INFO - Started process (PID=627) to work on /opt/airflow/dags/dag_with_cron_exp.py
[2024-02-23T13:38:33.992+0000] {processor.py:830} INFO - Processing file /opt/airflow/dags/dag_with_cron_exp.py for tasks to queue
[2024-02-23T13:38:33.993+0000] {logging_mixin.py:188} INFO - [2024-02-23T13:38:33.993+0000] {dagbag.py:538} INFO - Filling up the DagBag from /opt/airflow/dags/dag_with_cron_exp.py
[2024-02-23T13:38:34.000+0000] {processor.py:840} INFO - DAG(s) 'dag_with_cron_exp_v03' retrieved from /opt/airflow/dags/dag_with_cron_exp.py
[2024-02-23T13:38:34.020+0000] {logging_mixin.py:188} INFO - [2024-02-23T13:38:34.020+0000] {dag.py:3036} INFO - Sync 1 DAGs
[2024-02-23T13:38:34.038+0000] {logging_mixin.py:188} INFO - [2024-02-23T13:38:34.038+0000] {dag.py:3823} INFO - Setting next_dagrun for dag_with_cron_exp_v03 to 2024-02-12 08:00:00+00:00, run_after=2024-02-19 08:00:00+00:00
[2024-02-23T13:38:34.067+0000] {processor.py:183} INFO - Processing /opt/airflow/dags/dag_with_cron_exp.py took 0.078 seconds
[2024-02-23T13:39:04.256+0000] {processor.py:161} INFO - Started process (PID=655) to work on /opt/airflow/dags/dag_with_cron_exp.py
[2024-02-23T13:39:04.257+0000] {processor.py:830} INFO - Processing file /opt/airflow/dags/dag_with_cron_exp.py for tasks to queue
[2024-02-23T13:39:04.257+0000] {logging_mixin.py:188} INFO - [2024-02-23T13:39:04.257+0000] {dagbag.py:538} INFO - Filling up the DagBag from /opt/airflow/dags/dag_with_cron_exp.py
[2024-02-23T13:39:04.265+0000] {processor.py:840} INFO - DAG(s) 'dag_with_cron_exp_v03' retrieved from /opt/airflow/dags/dag_with_cron_exp.py
[2024-02-23T13:39:04.286+0000] {logging_mixin.py:188} INFO - [2024-02-23T13:39:04.285+0000] {dag.py:3036} INFO - Sync 1 DAGs
[2024-02-23T13:39:04.305+0000] {logging_mixin.py:188} INFO - [2024-02-23T13:39:04.305+0000] {dag.py:3823} INFO - Setting next_dagrun for dag_with_cron_exp_v03 to 2024-02-12 08:00:00+00:00, run_after=2024-02-19 08:00:00+00:00
[2024-02-23T13:39:04.324+0000] {processor.py:183} INFO - Processing /opt/airflow/dags/dag_with_cron_exp.py took 0.070 seconds
[2024-02-23T13:39:34.506+0000] {processor.py:161} INFO - Started process (PID=682) to work on /opt/airflow/dags/dag_with_cron_exp.py
[2024-02-23T13:39:34.506+0000] {processor.py:830} INFO - Processing file /opt/airflow/dags/dag_with_cron_exp.py for tasks to queue
[2024-02-23T13:39:34.507+0000] {logging_mixin.py:188} INFO - [2024-02-23T13:39:34.507+0000] {dagbag.py:538} INFO - Filling up the DagBag from /opt/airflow/dags/dag_with_cron_exp.py
[2024-02-23T13:39:34.514+0000] {processor.py:840} INFO - DAG(s) 'dag_with_cron_exp_v03' retrieved from /opt/airflow/dags/dag_with_cron_exp.py
[2024-02-23T13:39:34.535+0000] {logging_mixin.py:188} INFO - [2024-02-23T13:39:34.535+0000] {dag.py:3036} INFO - Sync 1 DAGs
[2024-02-23T13:39:34.554+0000] {logging_mixin.py:188} INFO - [2024-02-23T13:39:34.554+0000] {dag.py:3823} INFO - Setting next_dagrun for dag_with_cron_exp_v03 to 2024-02-12 08:00:00+00:00, run_after=2024-02-19 08:00:00+00:00
[2024-02-23T13:39:34.579+0000] {processor.py:183} INFO - Processing /opt/airflow/dags/dag_with_cron_exp.py took 0.075 seconds
[2024-02-23T13:40:04.766+0000] {processor.py:161} INFO - Started process (PID=710) to work on /opt/airflow/dags/dag_with_cron_exp.py
[2024-02-23T13:40:04.766+0000] {processor.py:830} INFO - Processing file /opt/airflow/dags/dag_with_cron_exp.py for tasks to queue
[2024-02-23T13:40:04.767+0000] {logging_mixin.py:188} INFO - [2024-02-23T13:40:04.767+0000] {dagbag.py:538} INFO - Filling up the DagBag from /opt/airflow/dags/dag_with_cron_exp.py
[2024-02-23T13:40:04.774+0000] {processor.py:840} INFO - DAG(s) 'dag_with_cron_exp_v03' retrieved from /opt/airflow/dags/dag_with_cron_exp.py
[2024-02-23T13:40:04.795+0000] {logging_mixin.py:188} INFO - [2024-02-23T13:40:04.795+0000] {dag.py:3036} INFO - Sync 1 DAGs
[2024-02-23T13:40:04.813+0000] {logging_mixin.py:188} INFO - [2024-02-23T13:40:04.813+0000] {dag.py:3823} INFO - Setting next_dagrun for dag_with_cron_exp_v03 to 2024-02-12 08:00:00+00:00, run_after=2024-02-19 08:00:00+00:00
[2024-02-23T13:40:04.832+0000] {processor.py:183} INFO - Processing /opt/airflow/dags/dag_with_cron_exp.py took 0.069 seconds
[2024-02-23T13:40:35.048+0000] {processor.py:161} INFO - Started process (PID=737) to work on /opt/airflow/dags/dag_with_cron_exp.py
[2024-02-23T13:40:35.049+0000] {processor.py:830} INFO - Processing file /opt/airflow/dags/dag_with_cron_exp.py for tasks to queue
[2024-02-23T13:40:35.050+0000] {logging_mixin.py:188} INFO - [2024-02-23T13:40:35.049+0000] {dagbag.py:538} INFO - Filling up the DagBag from /opt/airflow/dags/dag_with_cron_exp.py
[2024-02-23T13:40:35.059+0000] {processor.py:840} INFO - DAG(s) 'dag_with_cron_exp_v03' retrieved from /opt/airflow/dags/dag_with_cron_exp.py
[2024-02-23T13:40:35.080+0000] {logging_mixin.py:188} INFO - [2024-02-23T13:40:35.080+0000] {dag.py:3036} INFO - Sync 1 DAGs
[2024-02-23T13:40:35.098+0000] {logging_mixin.py:188} INFO - [2024-02-23T13:40:35.098+0000] {dag.py:3823} INFO - Setting next_dagrun for dag_with_cron_exp_v03 to 2024-02-12 08:00:00+00:00, run_after=2024-02-19 08:00:00+00:00
[2024-02-23T13:40:35.118+0000] {processor.py:183} INFO - Processing /opt/airflow/dags/dag_with_cron_exp.py took 0.072 seconds
[2024-02-23T13:41:05.299+0000] {processor.py:161} INFO - Started process (PID=764) to work on /opt/airflow/dags/dag_with_cron_exp.py
[2024-02-23T13:41:05.300+0000] {processor.py:830} INFO - Processing file /opt/airflow/dags/dag_with_cron_exp.py for tasks to queue
[2024-02-23T13:41:05.301+0000] {logging_mixin.py:188} INFO - [2024-02-23T13:41:05.300+0000] {dagbag.py:538} INFO - Filling up the DagBag from /opt/airflow/dags/dag_with_cron_exp.py
[2024-02-23T13:41:05.309+0000] {processor.py:840} INFO - DAG(s) 'dag_with_cron_exp_v03' retrieved from /opt/airflow/dags/dag_with_cron_exp.py
[2024-02-23T13:41:05.330+0000] {logging_mixin.py:188} INFO - [2024-02-23T13:41:05.329+0000] {dag.py:3036} INFO - Sync 1 DAGs
[2024-02-23T13:41:05.349+0000] {logging_mixin.py:188} INFO - [2024-02-23T13:41:05.349+0000] {dag.py:3823} INFO - Setting next_dagrun for dag_with_cron_exp_v03 to 2024-02-12 08:00:00+00:00, run_after=2024-02-19 08:00:00+00:00
[2024-02-23T13:41:05.372+0000] {processor.py:183} INFO - Processing /opt/airflow/dags/dag_with_cron_exp.py took 0.078 seconds
[2024-02-23T13:41:35.568+0000] {processor.py:161} INFO - Started process (PID=791) to work on /opt/airflow/dags/dag_with_cron_exp.py
[2024-02-23T13:41:35.569+0000] {processor.py:830} INFO - Processing file /opt/airflow/dags/dag_with_cron_exp.py for tasks to queue
[2024-02-23T13:41:35.570+0000] {logging_mixin.py:188} INFO - [2024-02-23T13:41:35.570+0000] {dagbag.py:538} INFO - Filling up the DagBag from /opt/airflow/dags/dag_with_cron_exp.py
[2024-02-23T13:41:35.580+0000] {processor.py:840} INFO - DAG(s) 'dag_with_cron_exp_v03' retrieved from /opt/airflow/dags/dag_with_cron_exp.py
[2024-02-23T13:41:35.610+0000] {logging_mixin.py:188} INFO - [2024-02-23T13:41:35.610+0000] {dag.py:3036} INFO - Sync 1 DAGs
[2024-02-23T13:41:35.630+0000] {logging_mixin.py:188} INFO - [2024-02-23T13:41:35.630+0000] {dag.py:3823} INFO - Setting next_dagrun for dag_with_cron_exp_v03 to 2024-02-12 08:00:00+00:00, run_after=2024-02-19 08:00:00+00:00
[2024-02-23T13:41:35.656+0000] {processor.py:183} INFO - Processing /opt/airflow/dags/dag_with_cron_exp.py took 0.092 seconds
[2024-02-23T13:42:05.897+0000] {processor.py:161} INFO - Started process (PID=818) to work on /opt/airflow/dags/dag_with_cron_exp.py
[2024-02-23T13:42:05.898+0000] {processor.py:830} INFO - Processing file /opt/airflow/dags/dag_with_cron_exp.py for tasks to queue
[2024-02-23T13:42:05.899+0000] {logging_mixin.py:188} INFO - [2024-02-23T13:42:05.899+0000] {dagbag.py:538} INFO - Filling up the DagBag from /opt/airflow/dags/dag_with_cron_exp.py
[2024-02-23T13:42:05.906+0000] {processor.py:840} INFO - DAG(s) 'dag_with_cron_exp_v03' retrieved from /opt/airflow/dags/dag_with_cron_exp.py
[2024-02-23T13:42:05.928+0000] {logging_mixin.py:188} INFO - [2024-02-23T13:42:05.928+0000] {dag.py:3036} INFO - Sync 1 DAGs
[2024-02-23T13:42:05.947+0000] {logging_mixin.py:188} INFO - [2024-02-23T13:42:05.947+0000] {dag.py:3823} INFO - Setting next_dagrun for dag_with_cron_exp_v03 to 2024-02-12 08:00:00+00:00, run_after=2024-02-19 08:00:00+00:00
[2024-02-23T13:42:05.966+0000] {processor.py:183} INFO - Processing /opt/airflow/dags/dag_with_cron_exp.py took 0.071 seconds
[2024-02-23T13:42:36.155+0000] {processor.py:161} INFO - Started process (PID=846) to work on /opt/airflow/dags/dag_with_cron_exp.py
[2024-02-23T13:42:36.156+0000] {processor.py:830} INFO - Processing file /opt/airflow/dags/dag_with_cron_exp.py for tasks to queue
[2024-02-23T13:42:36.157+0000] {logging_mixin.py:188} INFO - [2024-02-23T13:42:36.156+0000] {dagbag.py:538} INFO - Filling up the DagBag from /opt/airflow/dags/dag_with_cron_exp.py
[2024-02-23T13:42:36.167+0000] {processor.py:840} INFO - DAG(s) 'dag_with_cron_exp_v03' retrieved from /opt/airflow/dags/dag_with_cron_exp.py
[2024-02-23T13:42:36.197+0000] {logging_mixin.py:188} INFO - [2024-02-23T13:42:36.197+0000] {dag.py:3036} INFO - Sync 1 DAGs
[2024-02-23T13:42:36.222+0000] {logging_mixin.py:188} INFO - [2024-02-23T13:42:36.222+0000] {dag.py:3823} INFO - Setting next_dagrun for dag_with_cron_exp_v03 to 2024-02-12 08:00:00+00:00, run_after=2024-02-19 08:00:00+00:00
[2024-02-23T13:42:36.275+0000] {processor.py:183} INFO - Processing /opt/airflow/dags/dag_with_cron_exp.py took 0.124 seconds
[2024-02-23T13:43:06.399+0000] {processor.py:161} INFO - Started process (PID=874) to work on /opt/airflow/dags/dag_with_cron_exp.py
[2024-02-23T13:43:06.400+0000] {processor.py:830} INFO - Processing file /opt/airflow/dags/dag_with_cron_exp.py for tasks to queue
[2024-02-23T13:43:06.400+0000] {logging_mixin.py:188} INFO - [2024-02-23T13:43:06.400+0000] {dagbag.py:538} INFO - Filling up the DagBag from /opt/airflow/dags/dag_with_cron_exp.py
[2024-02-23T13:43:06.408+0000] {processor.py:840} INFO - DAG(s) 'dag_with_cron_exp_v03' retrieved from /opt/airflow/dags/dag_with_cron_exp.py
[2024-02-23T13:43:06.430+0000] {logging_mixin.py:188} INFO - [2024-02-23T13:43:06.429+0000] {dag.py:3036} INFO - Sync 1 DAGs
[2024-02-23T13:43:06.448+0000] {logging_mixin.py:188} INFO - [2024-02-23T13:43:06.448+0000] {dag.py:3823} INFO - Setting next_dagrun for dag_with_cron_exp_v03 to 2024-02-12 08:00:00+00:00, run_after=2024-02-19 08:00:00+00:00
[2024-02-23T13:43:06.468+0000] {processor.py:183} INFO - Processing /opt/airflow/dags/dag_with_cron_exp.py took 0.071 seconds
[2024-02-23T13:43:36.748+0000] {processor.py:161} INFO - Started process (PID=901) to work on /opt/airflow/dags/dag_with_cron_exp.py
[2024-02-23T13:43:36.748+0000] {processor.py:830} INFO - Processing file /opt/airflow/dags/dag_with_cron_exp.py for tasks to queue
[2024-02-23T13:43:36.749+0000] {logging_mixin.py:188} INFO - [2024-02-23T13:43:36.749+0000] {dagbag.py:538} INFO - Filling up the DagBag from /opt/airflow/dags/dag_with_cron_exp.py
[2024-02-23T13:43:36.757+0000] {processor.py:840} INFO - DAG(s) 'dag_with_cron_exp_v03' retrieved from /opt/airflow/dags/dag_with_cron_exp.py
[2024-02-23T13:43:36.778+0000] {logging_mixin.py:188} INFO - [2024-02-23T13:43:36.778+0000] {dag.py:3036} INFO - Sync 1 DAGs
[2024-02-23T13:43:36.796+0000] {logging_mixin.py:188} INFO - [2024-02-23T13:43:36.796+0000] {dag.py:3823} INFO - Setting next_dagrun for dag_with_cron_exp_v03 to 2024-02-12 08:00:00+00:00, run_after=2024-02-19 08:00:00+00:00
[2024-02-23T13:43:36.816+0000] {processor.py:183} INFO - Processing /opt/airflow/dags/dag_with_cron_exp.py took 0.070 seconds
[2024-02-23T13:44:07.084+0000] {processor.py:161} INFO - Started process (PID=928) to work on /opt/airflow/dags/dag_with_cron_exp.py
[2024-02-23T13:44:07.085+0000] {processor.py:830} INFO - Processing file /opt/airflow/dags/dag_with_cron_exp.py for tasks to queue
[2024-02-23T13:44:07.086+0000] {logging_mixin.py:188} INFO - [2024-02-23T13:44:07.085+0000] {dagbag.py:538} INFO - Filling up the DagBag from /opt/airflow/dags/dag_with_cron_exp.py
[2024-02-23T13:44:07.096+0000] {processor.py:840} INFO - DAG(s) 'dag_with_cron_exp_v03' retrieved from /opt/airflow/dags/dag_with_cron_exp.py
[2024-02-23T13:44:07.117+0000] {logging_mixin.py:188} INFO - [2024-02-23T13:44:07.117+0000] {dag.py:3036} INFO - Sync 1 DAGs
[2024-02-23T13:44:07.136+0000] {logging_mixin.py:188} INFO - [2024-02-23T13:44:07.136+0000] {dag.py:3823} INFO - Setting next_dagrun for dag_with_cron_exp_v03 to 2024-02-12 08:00:00+00:00, run_after=2024-02-19 08:00:00+00:00
[2024-02-23T13:44:07.155+0000] {processor.py:183} INFO - Processing /opt/airflow/dags/dag_with_cron_exp.py took 0.075 seconds
[2024-02-23T13:44:37.342+0000] {processor.py:161} INFO - Started process (PID=956) to work on /opt/airflow/dags/dag_with_cron_exp.py
[2024-02-23T13:44:37.343+0000] {processor.py:830} INFO - Processing file /opt/airflow/dags/dag_with_cron_exp.py for tasks to queue
[2024-02-23T13:44:37.343+0000] {logging_mixin.py:188} INFO - [2024-02-23T13:44:37.343+0000] {dagbag.py:538} INFO - Filling up the DagBag from /opt/airflow/dags/dag_with_cron_exp.py
[2024-02-23T13:44:37.351+0000] {processor.py:840} INFO - DAG(s) 'dag_with_cron_exp_v03' retrieved from /opt/airflow/dags/dag_with_cron_exp.py
[2024-02-23T13:44:37.372+0000] {logging_mixin.py:188} INFO - [2024-02-23T13:44:37.372+0000] {dag.py:3036} INFO - Sync 1 DAGs
[2024-02-23T13:44:37.390+0000] {logging_mixin.py:188} INFO - [2024-02-23T13:44:37.390+0000] {dag.py:3823} INFO - Setting next_dagrun for dag_with_cron_exp_v03 to 2024-02-12 08:00:00+00:00, run_after=2024-02-19 08:00:00+00:00
[2024-02-23T13:44:37.415+0000] {processor.py:183} INFO - Processing /opt/airflow/dags/dag_with_cron_exp.py took 0.076 seconds
[2024-02-23T13:45:07.609+0000] {processor.py:161} INFO - Started process (PID=982) to work on /opt/airflow/dags/dag_with_cron_exp.py
[2024-02-23T13:45:07.609+0000] {processor.py:830} INFO - Processing file /opt/airflow/dags/dag_with_cron_exp.py for tasks to queue
[2024-02-23T13:45:07.610+0000] {logging_mixin.py:188} INFO - [2024-02-23T13:45:07.610+0000] {dagbag.py:538} INFO - Filling up the DagBag from /opt/airflow/dags/dag_with_cron_exp.py
[2024-02-23T13:45:07.618+0000] {processor.py:840} INFO - DAG(s) 'dag_with_cron_exp_v03' retrieved from /opt/airflow/dags/dag_with_cron_exp.py
[2024-02-23T13:45:07.638+0000] {logging_mixin.py:188} INFO - [2024-02-23T13:45:07.638+0000] {dag.py:3036} INFO - Sync 1 DAGs
[2024-02-23T13:45:07.656+0000] {logging_mixin.py:188} INFO - [2024-02-23T13:45:07.656+0000] {dag.py:3823} INFO - Setting next_dagrun for dag_with_cron_exp_v03 to 2024-02-12 08:00:00+00:00, run_after=2024-02-19 08:00:00+00:00
[2024-02-23T13:45:07.677+0000] {processor.py:183} INFO - Processing /opt/airflow/dags/dag_with_cron_exp.py took 0.071 seconds
[2024-02-23T13:45:37.860+0000] {processor.py:161} INFO - Started process (PID=1007) to work on /opt/airflow/dags/dag_with_cron_exp.py
[2024-02-23T13:45:37.861+0000] {processor.py:830} INFO - Processing file /opt/airflow/dags/dag_with_cron_exp.py for tasks to queue
[2024-02-23T13:45:37.862+0000] {logging_mixin.py:188} INFO - [2024-02-23T13:45:37.861+0000] {dagbag.py:538} INFO - Filling up the DagBag from /opt/airflow/dags/dag_with_cron_exp.py
[2024-02-23T13:45:37.872+0000] {processor.py:840} INFO - DAG(s) 'dag_with_cron_exp_v03' retrieved from /opt/airflow/dags/dag_with_cron_exp.py
[2024-02-23T13:45:37.901+0000] {logging_mixin.py:188} INFO - [2024-02-23T13:45:37.900+0000] {dag.py:3036} INFO - Sync 1 DAGs
[2024-02-23T13:45:37.929+0000] {logging_mixin.py:188} INFO - [2024-02-23T13:45:37.929+0000] {dag.py:3823} INFO - Setting next_dagrun for dag_with_cron_exp_v03 to 2024-02-12 08:00:00+00:00, run_after=2024-02-19 08:00:00+00:00
[2024-02-23T13:45:37.953+0000] {processor.py:183} INFO - Processing /opt/airflow/dags/dag_with_cron_exp.py took 0.096 seconds
[2024-02-23T13:46:08.388+0000] {processor.py:161} INFO - Started process (PID=1034) to work on /opt/airflow/dags/dag_with_cron_exp.py
[2024-02-23T13:46:08.388+0000] {processor.py:830} INFO - Processing file /opt/airflow/dags/dag_with_cron_exp.py for tasks to queue
[2024-02-23T13:46:08.389+0000] {logging_mixin.py:188} INFO - [2024-02-23T13:46:08.389+0000] {dagbag.py:538} INFO - Filling up the DagBag from /opt/airflow/dags/dag_with_cron_exp.py
[2024-02-23T13:46:08.401+0000] {processor.py:840} INFO - DAG(s) 'dag_with_cron_exp_v03' retrieved from /opt/airflow/dags/dag_with_cron_exp.py
[2024-02-23T13:46:08.433+0000] {logging_mixin.py:188} INFO - [2024-02-23T13:46:08.432+0000] {dag.py:3036} INFO - Sync 1 DAGs
[2024-02-23T13:46:08.461+0000] {logging_mixin.py:188} INFO - [2024-02-23T13:46:08.461+0000] {dag.py:3823} INFO - Setting next_dagrun for dag_with_cron_exp_v03 to 2024-02-12 08:00:00+00:00, run_after=2024-02-19 08:00:00+00:00
[2024-02-23T13:46:08.486+0000] {processor.py:183} INFO - Processing /opt/airflow/dags/dag_with_cron_exp.py took 0.102 seconds
[2024-02-23T13:46:38.809+0000] {processor.py:161} INFO - Started process (PID=1058) to work on /opt/airflow/dags/dag_with_cron_exp.py
[2024-02-23T13:46:38.809+0000] {processor.py:830} INFO - Processing file /opt/airflow/dags/dag_with_cron_exp.py for tasks to queue
[2024-02-23T13:46:38.810+0000] {logging_mixin.py:188} INFO - [2024-02-23T13:46:38.810+0000] {dagbag.py:538} INFO - Filling up the DagBag from /opt/airflow/dags/dag_with_cron_exp.py
[2024-02-23T13:46:38.817+0000] {processor.py:840} INFO - DAG(s) 'dag_with_cron_exp_v03' retrieved from /opt/airflow/dags/dag_with_cron_exp.py
[2024-02-23T13:46:38.837+0000] {logging_mixin.py:188} INFO - [2024-02-23T13:46:38.837+0000] {dag.py:3036} INFO - Sync 1 DAGs
[2024-02-23T13:46:38.856+0000] {logging_mixin.py:188} INFO - [2024-02-23T13:46:38.855+0000] {dag.py:3823} INFO - Setting next_dagrun for dag_with_cron_exp_v03 to 2024-02-12 08:00:00+00:00, run_after=2024-02-19 08:00:00+00:00
[2024-02-23T13:46:38.875+0000] {processor.py:183} INFO - Processing /opt/airflow/dags/dag_with_cron_exp.py took 0.069 seconds
[2024-02-23T13:47:09.325+0000] {processor.py:161} INFO - Started process (PID=1087) to work on /opt/airflow/dags/dag_with_cron_exp.py
[2024-02-23T13:47:09.326+0000] {processor.py:830} INFO - Processing file /opt/airflow/dags/dag_with_cron_exp.py for tasks to queue
[2024-02-23T13:47:09.326+0000] {logging_mixin.py:188} INFO - [2024-02-23T13:47:09.326+0000] {dagbag.py:538} INFO - Filling up the DagBag from /opt/airflow/dags/dag_with_cron_exp.py
[2024-02-23T13:47:09.334+0000] {processor.py:840} INFO - DAG(s) 'dag_with_cron_exp_v03' retrieved from /opt/airflow/dags/dag_with_cron_exp.py
[2024-02-23T13:47:09.359+0000] {logging_mixin.py:188} INFO - [2024-02-23T13:47:09.359+0000] {dag.py:3036} INFO - Sync 1 DAGs
[2024-02-23T13:47:09.385+0000] {logging_mixin.py:188} INFO - [2024-02-23T13:47:09.384+0000] {dag.py:3823} INFO - Setting next_dagrun for dag_with_cron_exp_v03 to 2024-02-12 08:00:00+00:00, run_after=2024-02-19 08:00:00+00:00
[2024-02-23T13:47:09.410+0000] {processor.py:183} INFO - Processing /opt/airflow/dags/dag_with_cron_exp.py took 0.087 seconds
[2024-02-23T13:47:39.576+0000] {processor.py:161} INFO - Started process (PID=1113) to work on /opt/airflow/dags/dag_with_cron_exp.py
[2024-02-23T13:47:39.576+0000] {processor.py:830} INFO - Processing file /opt/airflow/dags/dag_with_cron_exp.py for tasks to queue
[2024-02-23T13:47:39.577+0000] {logging_mixin.py:188} INFO - [2024-02-23T13:47:39.577+0000] {dagbag.py:538} INFO - Filling up the DagBag from /opt/airflow/dags/dag_with_cron_exp.py
[2024-02-23T13:47:39.584+0000] {processor.py:840} INFO - DAG(s) 'dag_with_cron_exp_v03' retrieved from /opt/airflow/dags/dag_with_cron_exp.py
[2024-02-23T13:47:39.615+0000] {logging_mixin.py:188} INFO - [2024-02-23T13:47:39.615+0000] {dag.py:3036} INFO - Sync 1 DAGs
[2024-02-23T13:47:39.645+0000] {logging_mixin.py:188} INFO - [2024-02-23T13:47:39.645+0000] {dag.py:3823} INFO - Setting next_dagrun for dag_with_cron_exp_v03 to 2024-02-12 08:00:00+00:00, run_after=2024-02-19 08:00:00+00:00
[2024-02-23T13:47:39.678+0000] {processor.py:183} INFO - Processing /opt/airflow/dags/dag_with_cron_exp.py took 0.105 seconds
[2024-02-23T13:48:09.837+0000] {processor.py:161} INFO - Started process (PID=1140) to work on /opt/airflow/dags/dag_with_cron_exp.py
[2024-02-23T13:48:09.838+0000] {processor.py:830} INFO - Processing file /opt/airflow/dags/dag_with_cron_exp.py for tasks to queue
[2024-02-23T13:48:09.839+0000] {logging_mixin.py:188} INFO - [2024-02-23T13:48:09.838+0000] {dagbag.py:538} INFO - Filling up the DagBag from /opt/airflow/dags/dag_with_cron_exp.py
[2024-02-23T13:48:09.846+0000] {processor.py:840} INFO - DAG(s) 'dag_with_cron_exp_v03' retrieved from /opt/airflow/dags/dag_with_cron_exp.py
[2024-02-23T13:48:09.874+0000] {logging_mixin.py:188} INFO - [2024-02-23T13:48:09.873+0000] {dag.py:3036} INFO - Sync 1 DAGs
[2024-02-23T13:48:09.899+0000] {logging_mixin.py:188} INFO - [2024-02-23T13:48:09.899+0000] {dag.py:3823} INFO - Setting next_dagrun for dag_with_cron_exp_v03 to 2024-02-12 08:00:00+00:00, run_after=2024-02-19 08:00:00+00:00
[2024-02-23T13:48:09.924+0000] {processor.py:183} INFO - Processing /opt/airflow/dags/dag_with_cron_exp.py took 0.090 seconds
[2024-02-23T13:48:40.082+0000] {processor.py:161} INFO - Started process (PID=1167) to work on /opt/airflow/dags/dag_with_cron_exp.py
[2024-02-23T13:48:40.082+0000] {processor.py:830} INFO - Processing file /opt/airflow/dags/dag_with_cron_exp.py for tasks to queue
[2024-02-23T13:48:40.083+0000] {logging_mixin.py:188} INFO - [2024-02-23T13:48:40.083+0000] {dagbag.py:538} INFO - Filling up the DagBag from /opt/airflow/dags/dag_with_cron_exp.py
[2024-02-23T13:48:40.091+0000] {processor.py:840} INFO - DAG(s) 'dag_with_cron_exp_v03' retrieved from /opt/airflow/dags/dag_with_cron_exp.py
[2024-02-23T13:48:40.121+0000] {logging_mixin.py:188} INFO - [2024-02-23T13:48:40.120+0000] {dag.py:3036} INFO - Sync 1 DAGs
[2024-02-23T13:48:40.170+0000] {logging_mixin.py:188} INFO - [2024-02-23T13:48:40.170+0000] {dag.py:3823} INFO - Setting next_dagrun for dag_with_cron_exp_v03 to 2024-02-12 08:00:00+00:00, run_after=2024-02-19 08:00:00+00:00
[2024-02-23T13:48:40.219+0000] {processor.py:183} INFO - Processing /opt/airflow/dags/dag_with_cron_exp.py took 0.140 seconds
[2024-02-23T13:49:10.337+0000] {processor.py:161} INFO - Started process (PID=1195) to work on /opt/airflow/dags/dag_with_cron_exp.py
[2024-02-23T13:49:10.339+0000] {processor.py:830} INFO - Processing file /opt/airflow/dags/dag_with_cron_exp.py for tasks to queue
[2024-02-23T13:49:10.340+0000] {logging_mixin.py:188} INFO - [2024-02-23T13:49:10.339+0000] {dagbag.py:538} INFO - Filling up the DagBag from /opt/airflow/dags/dag_with_cron_exp.py
[2024-02-23T13:49:10.353+0000] {processor.py:840} INFO - DAG(s) 'dag_with_cron_exp_v03' retrieved from /opt/airflow/dags/dag_with_cron_exp.py
[2024-02-23T13:49:10.413+0000] {logging_mixin.py:188} INFO - [2024-02-23T13:49:10.412+0000] {dag.py:3036} INFO - Sync 1 DAGs
[2024-02-23T13:49:10.447+0000] {logging_mixin.py:188} INFO - [2024-02-23T13:49:10.446+0000] {dag.py:3823} INFO - Setting next_dagrun for dag_with_cron_exp_v03 to 2024-02-12 08:00:00+00:00, run_after=2024-02-19 08:00:00+00:00
[2024-02-23T13:49:10.477+0000] {processor.py:183} INFO - Processing /opt/airflow/dags/dag_with_cron_exp.py took 0.144 seconds
[2024-02-23T13:49:40.580+0000] {processor.py:161} INFO - Started process (PID=1227) to work on /opt/airflow/dags/dag_with_cron_exp.py
[2024-02-23T13:49:40.581+0000] {processor.py:830} INFO - Processing file /opt/airflow/dags/dag_with_cron_exp.py for tasks to queue
[2024-02-23T13:49:40.581+0000] {logging_mixin.py:188} INFO - [2024-02-23T13:49:40.581+0000] {dagbag.py:538} INFO - Filling up the DagBag from /opt/airflow/dags/dag_with_cron_exp.py
[2024-02-23T13:49:40.589+0000] {processor.py:840} INFO - DAG(s) 'dag_with_cron_exp_v03' retrieved from /opt/airflow/dags/dag_with_cron_exp.py
[2024-02-23T13:49:40.612+0000] {logging_mixin.py:188} INFO - [2024-02-23T13:49:40.612+0000] {dag.py:3036} INFO - Sync 1 DAGs
[2024-02-23T13:49:40.630+0000] {logging_mixin.py:188} INFO - [2024-02-23T13:49:40.630+0000] {dag.py:3823} INFO - Setting next_dagrun for dag_with_cron_exp_v03 to 2024-02-12 08:00:00+00:00, run_after=2024-02-19 08:00:00+00:00
[2024-02-23T13:49:40.652+0000] {processor.py:183} INFO - Processing /opt/airflow/dags/dag_with_cron_exp.py took 0.075 seconds
[2024-02-23T13:50:10.847+0000] {processor.py:161} INFO - Started process (PID=1254) to work on /opt/airflow/dags/dag_with_cron_exp.py
[2024-02-23T13:50:10.848+0000] {processor.py:830} INFO - Processing file /opt/airflow/dags/dag_with_cron_exp.py for tasks to queue
[2024-02-23T13:50:10.849+0000] {logging_mixin.py:188} INFO - [2024-02-23T13:50:10.848+0000] {dagbag.py:538} INFO - Filling up the DagBag from /opt/airflow/dags/dag_with_cron_exp.py
[2024-02-23T13:50:10.859+0000] {processor.py:840} INFO - DAG(s) 'dag_with_cron_exp_v03' retrieved from /opt/airflow/dags/dag_with_cron_exp.py
[2024-02-23T13:50:10.894+0000] {logging_mixin.py:188} INFO - [2024-02-23T13:50:10.893+0000] {dag.py:3036} INFO - Sync 1 DAGs
[2024-02-23T13:50:10.925+0000] {logging_mixin.py:188} INFO - [2024-02-23T13:50:10.924+0000] {dag.py:3823} INFO - Setting next_dagrun for dag_with_cron_exp_v03 to 2024-02-12 08:00:00+00:00, run_after=2024-02-19 08:00:00+00:00
[2024-02-23T13:50:10.952+0000] {processor.py:183} INFO - Processing /opt/airflow/dags/dag_with_cron_exp.py took 0.109 seconds
[2024-02-23T13:50:41.189+0000] {processor.py:161} INFO - Started process (PID=1282) to work on /opt/airflow/dags/dag_with_cron_exp.py
[2024-02-23T13:50:41.189+0000] {processor.py:830} INFO - Processing file /opt/airflow/dags/dag_with_cron_exp.py for tasks to queue
[2024-02-23T13:50:41.190+0000] {logging_mixin.py:188} INFO - [2024-02-23T13:50:41.190+0000] {dagbag.py:538} INFO - Filling up the DagBag from /opt/airflow/dags/dag_with_cron_exp.py
[2024-02-23T13:50:41.197+0000] {processor.py:840} INFO - DAG(s) 'dag_with_cron_exp_v03' retrieved from /opt/airflow/dags/dag_with_cron_exp.py
[2024-02-23T13:50:41.218+0000] {logging_mixin.py:188} INFO - [2024-02-23T13:50:41.218+0000] {dag.py:3036} INFO - Sync 1 DAGs
[2024-02-23T13:50:41.237+0000] {logging_mixin.py:188} INFO - [2024-02-23T13:50:41.237+0000] {dag.py:3823} INFO - Setting next_dagrun for dag_with_cron_exp_v03 to 2024-02-12 08:00:00+00:00, run_after=2024-02-19 08:00:00+00:00
[2024-02-23T13:50:41.257+0000] {processor.py:183} INFO - Processing /opt/airflow/dags/dag_with_cron_exp.py took 0.071 seconds
[2024-02-23T13:51:11.473+0000] {processor.py:161} INFO - Started process (PID=1310) to work on /opt/airflow/dags/dag_with_cron_exp.py
[2024-02-23T13:51:11.473+0000] {processor.py:830} INFO - Processing file /opt/airflow/dags/dag_with_cron_exp.py for tasks to queue
[2024-02-23T13:51:11.474+0000] {logging_mixin.py:188} INFO - [2024-02-23T13:51:11.474+0000] {dagbag.py:538} INFO - Filling up the DagBag from /opt/airflow/dags/dag_with_cron_exp.py
[2024-02-23T13:51:11.481+0000] {processor.py:840} INFO - DAG(s) 'dag_with_cron_exp_v03' retrieved from /opt/airflow/dags/dag_with_cron_exp.py
[2024-02-23T13:51:11.502+0000] {logging_mixin.py:188} INFO - [2024-02-23T13:51:11.502+0000] {dag.py:3036} INFO - Sync 1 DAGs
[2024-02-23T13:51:11.521+0000] {logging_mixin.py:188} INFO - [2024-02-23T13:51:11.520+0000] {dag.py:3823} INFO - Setting next_dagrun for dag_with_cron_exp_v03 to 2024-02-12 08:00:00+00:00, run_after=2024-02-19 08:00:00+00:00
[2024-02-23T13:51:11.542+0000] {processor.py:183} INFO - Processing /opt/airflow/dags/dag_with_cron_exp.py took 0.072 seconds
[2024-02-23T13:51:41.717+0000] {processor.py:161} INFO - Started process (PID=1337) to work on /opt/airflow/dags/dag_with_cron_exp.py
[2024-02-23T13:51:41.717+0000] {processor.py:830} INFO - Processing file /opt/airflow/dags/dag_with_cron_exp.py for tasks to queue
[2024-02-23T13:51:41.719+0000] {logging_mixin.py:188} INFO - [2024-02-23T13:51:41.718+0000] {dagbag.py:538} INFO - Filling up the DagBag from /opt/airflow/dags/dag_with_cron_exp.py
[2024-02-23T13:51:41.729+0000] {processor.py:840} INFO - DAG(s) 'dag_with_cron_exp_v03' retrieved from /opt/airflow/dags/dag_with_cron_exp.py
[2024-02-23T13:51:41.752+0000] {logging_mixin.py:188} INFO - [2024-02-23T13:51:41.752+0000] {dag.py:3036} INFO - Sync 1 DAGs
[2024-02-23T13:51:41.771+0000] {logging_mixin.py:188} INFO - [2024-02-23T13:51:41.771+0000] {dag.py:3823} INFO - Setting next_dagrun for dag_with_cron_exp_v03 to 2024-02-12 08:00:00+00:00, run_after=2024-02-19 08:00:00+00:00
[2024-02-23T13:51:41.790+0000] {processor.py:183} INFO - Processing /opt/airflow/dags/dag_with_cron_exp.py took 0.077 seconds
[2024-02-23T13:52:12.016+0000] {processor.py:161} INFO - Started process (PID=1364) to work on /opt/airflow/dags/dag_with_cron_exp.py
[2024-02-23T13:52:12.017+0000] {processor.py:830} INFO - Processing file /opt/airflow/dags/dag_with_cron_exp.py for tasks to queue
[2024-02-23T13:52:12.018+0000] {logging_mixin.py:188} INFO - [2024-02-23T13:52:12.017+0000] {dagbag.py:538} INFO - Filling up the DagBag from /opt/airflow/dags/dag_with_cron_exp.py
[2024-02-23T13:52:12.025+0000] {processor.py:840} INFO - DAG(s) 'dag_with_cron_exp_v03' retrieved from /opt/airflow/dags/dag_with_cron_exp.py
[2024-02-23T13:52:12.052+0000] {logging_mixin.py:188} INFO - [2024-02-23T13:52:12.052+0000] {dag.py:3036} INFO - Sync 1 DAGs
[2024-02-23T13:52:12.081+0000] {logging_mixin.py:188} INFO - [2024-02-23T13:52:12.081+0000] {dag.py:3823} INFO - Setting next_dagrun for dag_with_cron_exp_v03 to 2024-02-12 08:00:00+00:00, run_after=2024-02-19 08:00:00+00:00
[2024-02-23T13:52:12.105+0000] {processor.py:183} INFO - Processing /opt/airflow/dags/dag_with_cron_exp.py took 0.091 seconds
[2024-02-23T13:52:42.321+0000] {processor.py:161} INFO - Started process (PID=1391) to work on /opt/airflow/dags/dag_with_cron_exp.py
[2024-02-23T13:52:42.322+0000] {processor.py:830} INFO - Processing file /opt/airflow/dags/dag_with_cron_exp.py for tasks to queue
[2024-02-23T13:52:42.323+0000] {logging_mixin.py:188} INFO - [2024-02-23T13:52:42.323+0000] {dagbag.py:538} INFO - Filling up the DagBag from /opt/airflow/dags/dag_with_cron_exp.py
[2024-02-23T13:52:42.333+0000] {processor.py:840} INFO - DAG(s) 'dag_with_cron_exp_v03' retrieved from /opt/airflow/dags/dag_with_cron_exp.py
[2024-02-23T13:52:42.360+0000] {logging_mixin.py:188} INFO - [2024-02-23T13:52:42.360+0000] {dag.py:3036} INFO - Sync 1 DAGs
[2024-02-23T13:52:42.382+0000] {logging_mixin.py:188} INFO - [2024-02-23T13:52:42.382+0000] {dag.py:3823} INFO - Setting next_dagrun for dag_with_cron_exp_v03 to 2024-02-12 08:00:00+00:00, run_after=2024-02-19 08:00:00+00:00
[2024-02-23T13:52:42.403+0000] {processor.py:183} INFO - Processing /opt/airflow/dags/dag_with_cron_exp.py took 0.086 seconds
[2024-02-23T13:53:12.623+0000] {processor.py:161} INFO - Started process (PID=1418) to work on /opt/airflow/dags/dag_with_cron_exp.py
[2024-02-23T13:53:12.624+0000] {processor.py:830} INFO - Processing file /opt/airflow/dags/dag_with_cron_exp.py for tasks to queue
[2024-02-23T13:53:12.625+0000] {logging_mixin.py:188} INFO - [2024-02-23T13:53:12.625+0000] {dagbag.py:538} INFO - Filling up the DagBag from /opt/airflow/dags/dag_with_cron_exp.py
[2024-02-23T13:53:12.640+0000] {processor.py:840} INFO - DAG(s) 'dag_with_cron_exp_v03' retrieved from /opt/airflow/dags/dag_with_cron_exp.py
[2024-02-23T13:53:12.672+0000] {logging_mixin.py:188} INFO - [2024-02-23T13:53:12.672+0000] {dag.py:3036} INFO - Sync 1 DAGs
[2024-02-23T13:53:12.697+0000] {logging_mixin.py:188} INFO - [2024-02-23T13:53:12.697+0000] {dag.py:3823} INFO - Setting next_dagrun for dag_with_cron_exp_v03 to 2024-02-12 08:00:00+00:00, run_after=2024-02-19 08:00:00+00:00
[2024-02-23T13:53:12.721+0000] {processor.py:183} INFO - Processing /opt/airflow/dags/dag_with_cron_exp.py took 0.101 seconds
[2024-02-23T13:53:42.926+0000] {processor.py:161} INFO - Started process (PID=1446) to work on /opt/airflow/dags/dag_with_cron_exp.py
[2024-02-23T13:53:42.927+0000] {processor.py:830} INFO - Processing file /opt/airflow/dags/dag_with_cron_exp.py for tasks to queue
[2024-02-23T13:53:42.927+0000] {logging_mixin.py:188} INFO - [2024-02-23T13:53:42.927+0000] {dagbag.py:538} INFO - Filling up the DagBag from /opt/airflow/dags/dag_with_cron_exp.py
[2024-02-23T13:53:42.935+0000] {processor.py:840} INFO - DAG(s) 'dag_with_cron_exp_v03' retrieved from /opt/airflow/dags/dag_with_cron_exp.py
[2024-02-23T13:53:42.955+0000] {logging_mixin.py:188} INFO - [2024-02-23T13:53:42.955+0000] {dag.py:3036} INFO - Sync 1 DAGs
[2024-02-23T13:53:42.974+0000] {logging_mixin.py:188} INFO - [2024-02-23T13:53:42.974+0000] {dag.py:3823} INFO - Setting next_dagrun for dag_with_cron_exp_v03 to 2024-02-12 08:00:00+00:00, run_after=2024-02-19 08:00:00+00:00
[2024-02-23T13:53:42.994+0000] {processor.py:183} INFO - Processing /opt/airflow/dags/dag_with_cron_exp.py took 0.071 seconds
[2024-02-23T13:54:13.252+0000] {processor.py:161} INFO - Started process (PID=1473) to work on /opt/airflow/dags/dag_with_cron_exp.py
[2024-02-23T13:54:13.252+0000] {processor.py:830} INFO - Processing file /opt/airflow/dags/dag_with_cron_exp.py for tasks to queue
[2024-02-23T13:54:13.253+0000] {logging_mixin.py:188} INFO - [2024-02-23T13:54:13.253+0000] {dagbag.py:538} INFO - Filling up the DagBag from /opt/airflow/dags/dag_with_cron_exp.py
[2024-02-23T13:54:13.260+0000] {processor.py:840} INFO - DAG(s) 'dag_with_cron_exp_v03' retrieved from /opt/airflow/dags/dag_with_cron_exp.py
[2024-02-23T13:54:13.281+0000] {logging_mixin.py:188} INFO - [2024-02-23T13:54:13.281+0000] {dag.py:3036} INFO - Sync 1 DAGs
[2024-02-23T13:54:13.308+0000] {logging_mixin.py:188} INFO - [2024-02-23T13:54:13.308+0000] {dag.py:3823} INFO - Setting next_dagrun for dag_with_cron_exp_v03 to 2024-02-12 08:00:00+00:00, run_after=2024-02-19 08:00:00+00:00
[2024-02-23T13:54:13.339+0000] {processor.py:183} INFO - Processing /opt/airflow/dags/dag_with_cron_exp.py took 0.090 seconds
[2024-02-23T13:54:43.502+0000] {processor.py:161} INFO - Started process (PID=1501) to work on /opt/airflow/dags/dag_with_cron_exp.py
[2024-02-23T13:54:43.503+0000] {processor.py:830} INFO - Processing file /opt/airflow/dags/dag_with_cron_exp.py for tasks to queue
[2024-02-23T13:54:43.504+0000] {logging_mixin.py:188} INFO - [2024-02-23T13:54:43.503+0000] {dagbag.py:538} INFO - Filling up the DagBag from /opt/airflow/dags/dag_with_cron_exp.py
[2024-02-23T13:54:43.511+0000] {processor.py:840} INFO - DAG(s) 'dag_with_cron_exp_v03' retrieved from /opt/airflow/dags/dag_with_cron_exp.py
[2024-02-23T13:54:43.532+0000] {logging_mixin.py:188} INFO - [2024-02-23T13:54:43.532+0000] {dag.py:3036} INFO - Sync 1 DAGs
[2024-02-23T13:54:43.551+0000] {logging_mixin.py:188} INFO - [2024-02-23T13:54:43.551+0000] {dag.py:3823} INFO - Setting next_dagrun for dag_with_cron_exp_v03 to 2024-02-12 08:00:00+00:00, run_after=2024-02-19 08:00:00+00:00
[2024-02-23T13:54:43.570+0000] {processor.py:183} INFO - Processing /opt/airflow/dags/dag_with_cron_exp.py took 0.071 seconds
[2024-02-23T13:55:13.803+0000] {processor.py:161} INFO - Started process (PID=1528) to work on /opt/airflow/dags/dag_with_cron_exp.py
[2024-02-23T13:55:13.804+0000] {processor.py:830} INFO - Processing file /opt/airflow/dags/dag_with_cron_exp.py for tasks to queue
[2024-02-23T13:55:13.804+0000] {logging_mixin.py:188} INFO - [2024-02-23T13:55:13.804+0000] {dagbag.py:538} INFO - Filling up the DagBag from /opt/airflow/dags/dag_with_cron_exp.py
[2024-02-23T13:55:13.811+0000] {processor.py:840} INFO - DAG(s) 'dag_with_cron_exp_v03' retrieved from /opt/airflow/dags/dag_with_cron_exp.py
[2024-02-23T13:55:13.832+0000] {logging_mixin.py:188} INFO - [2024-02-23T13:55:13.832+0000] {dag.py:3036} INFO - Sync 1 DAGs
[2024-02-23T13:55:13.851+0000] {logging_mixin.py:188} INFO - [2024-02-23T13:55:13.851+0000] {dag.py:3823} INFO - Setting next_dagrun for dag_with_cron_exp_v03 to 2024-02-12 08:00:00+00:00, run_after=2024-02-19 08:00:00+00:00
[2024-02-23T13:55:13.870+0000] {processor.py:183} INFO - Processing /opt/airflow/dags/dag_with_cron_exp.py took 0.069 seconds
[2024-02-23T13:55:44.083+0000] {processor.py:161} INFO - Started process (PID=1555) to work on /opt/airflow/dags/dag_with_cron_exp.py
[2024-02-23T13:55:44.084+0000] {processor.py:830} INFO - Processing file /opt/airflow/dags/dag_with_cron_exp.py for tasks to queue
[2024-02-23T13:55:44.085+0000] {logging_mixin.py:188} INFO - [2024-02-23T13:55:44.085+0000] {dagbag.py:538} INFO - Filling up the DagBag from /opt/airflow/dags/dag_with_cron_exp.py
[2024-02-23T13:55:44.093+0000] {processor.py:840} INFO - DAG(s) 'dag_with_cron_exp_v03' retrieved from /opt/airflow/dags/dag_with_cron_exp.py
[2024-02-23T13:55:44.114+0000] {logging_mixin.py:188} INFO - [2024-02-23T13:55:44.113+0000] {dag.py:3036} INFO - Sync 1 DAGs
[2024-02-23T13:55:44.132+0000] {logging_mixin.py:188} INFO - [2024-02-23T13:55:44.132+0000] {dag.py:3823} INFO - Setting next_dagrun for dag_with_cron_exp_v03 to 2024-02-12 08:00:00+00:00, run_after=2024-02-19 08:00:00+00:00
[2024-02-23T13:55:44.152+0000] {processor.py:183} INFO - Processing /opt/airflow/dags/dag_with_cron_exp.py took 0.073 seconds
[2024-02-23T13:56:14.340+0000] {processor.py:161} INFO - Started process (PID=1582) to work on /opt/airflow/dags/dag_with_cron_exp.py
[2024-02-23T13:56:14.341+0000] {processor.py:830} INFO - Processing file /opt/airflow/dags/dag_with_cron_exp.py for tasks to queue
[2024-02-23T13:56:14.342+0000] {logging_mixin.py:188} INFO - [2024-02-23T13:56:14.342+0000] {dagbag.py:538} INFO - Filling up the DagBag from /opt/airflow/dags/dag_with_cron_exp.py
[2024-02-23T13:56:14.351+0000] {processor.py:840} INFO - DAG(s) 'dag_with_cron_exp_v03' retrieved from /opt/airflow/dags/dag_with_cron_exp.py
[2024-02-23T13:56:14.381+0000] {logging_mixin.py:188} INFO - [2024-02-23T13:56:14.381+0000] {dag.py:3036} INFO - Sync 1 DAGs
[2024-02-23T13:56:14.410+0000] {logging_mixin.py:188} INFO - [2024-02-23T13:56:14.410+0000] {dag.py:3823} INFO - Setting next_dagrun for dag_with_cron_exp_v03 to 2024-02-12 08:00:00+00:00, run_after=2024-02-19 08:00:00+00:00
[2024-02-23T13:56:14.467+0000] {processor.py:183} INFO - Processing /opt/airflow/dags/dag_with_cron_exp.py took 0.130 seconds
[2024-02-23T13:56:44.599+0000] {processor.py:161} INFO - Started process (PID=1610) to work on /opt/airflow/dags/dag_with_cron_exp.py
[2024-02-23T13:56:44.600+0000] {processor.py:830} INFO - Processing file /opt/airflow/dags/dag_with_cron_exp.py for tasks to queue
[2024-02-23T13:56:44.601+0000] {logging_mixin.py:188} INFO - [2024-02-23T13:56:44.601+0000] {dagbag.py:538} INFO - Filling up the DagBag from /opt/airflow/dags/dag_with_cron_exp.py
[2024-02-23T13:56:44.609+0000] {processor.py:840} INFO - DAG(s) 'dag_with_cron_exp_v03' retrieved from /opt/airflow/dags/dag_with_cron_exp.py
[2024-02-23T13:56:44.631+0000] {logging_mixin.py:188} INFO - [2024-02-23T13:56:44.631+0000] {dag.py:3036} INFO - Sync 1 DAGs
[2024-02-23T13:56:44.650+0000] {logging_mixin.py:188} INFO - [2024-02-23T13:56:44.650+0000] {dag.py:3823} INFO - Setting next_dagrun for dag_with_cron_exp_v03 to 2024-02-12 08:00:00+00:00, run_after=2024-02-19 08:00:00+00:00
[2024-02-23T13:56:44.670+0000] {processor.py:183} INFO - Processing /opt/airflow/dags/dag_with_cron_exp.py took 0.074 seconds
[2024-02-23T13:57:14.980+0000] {processor.py:161} INFO - Started process (PID=1638) to work on /opt/airflow/dags/dag_with_cron_exp.py
[2024-02-23T13:57:14.987+0000] {processor.py:830} INFO - Processing file /opt/airflow/dags/dag_with_cron_exp.py for tasks to queue
[2024-02-23T13:57:14.988+0000] {logging_mixin.py:188} INFO - [2024-02-23T13:57:14.987+0000] {dagbag.py:538} INFO - Filling up the DagBag from /opt/airflow/dags/dag_with_cron_exp.py
[2024-02-23T13:57:15.010+0000] {processor.py:840} INFO - DAG(s) 'dag_with_cron_exp_v03' retrieved from /opt/airflow/dags/dag_with_cron_exp.py
[2024-02-23T13:57:15.058+0000] {logging_mixin.py:188} INFO - [2024-02-23T13:57:15.058+0000] {dag.py:3036} INFO - Sync 1 DAGs
[2024-02-23T13:57:15.083+0000] {logging_mixin.py:188} INFO - [2024-02-23T13:57:15.082+0000] {dag.py:3823} INFO - Setting next_dagrun for dag_with_cron_exp_v03 to 2024-02-12 08:00:00+00:00, run_after=2024-02-19 08:00:00+00:00
[2024-02-23T13:57:15.109+0000] {processor.py:183} INFO - Processing /opt/airflow/dags/dag_with_cron_exp.py took 0.132 seconds
[2024-02-23T13:57:45.217+0000] {processor.py:161} INFO - Started process (PID=1665) to work on /opt/airflow/dags/dag_with_cron_exp.py
[2024-02-23T13:57:45.217+0000] {processor.py:830} INFO - Processing file /opt/airflow/dags/dag_with_cron_exp.py for tasks to queue
[2024-02-23T13:57:45.218+0000] {logging_mixin.py:188} INFO - [2024-02-23T13:57:45.218+0000] {dagbag.py:538} INFO - Filling up the DagBag from /opt/airflow/dags/dag_with_cron_exp.py
[2024-02-23T13:57:45.229+0000] {processor.py:840} INFO - DAG(s) 'dag_with_cron_exp_v03' retrieved from /opt/airflow/dags/dag_with_cron_exp.py
[2024-02-23T13:57:45.258+0000] {logging_mixin.py:188} INFO - [2024-02-23T13:57:45.258+0000] {dag.py:3036} INFO - Sync 1 DAGs
[2024-02-23T13:57:45.287+0000] {logging_mixin.py:188} INFO - [2024-02-23T13:57:45.287+0000] {dag.py:3823} INFO - Setting next_dagrun for dag_with_cron_exp_v03 to 2024-02-12 08:00:00+00:00, run_after=2024-02-19 08:00:00+00:00
[2024-02-23T13:57:45.324+0000] {processor.py:183} INFO - Processing /opt/airflow/dags/dag_with_cron_exp.py took 0.111 seconds
[2024-02-23T13:58:15.688+0000] {processor.py:161} INFO - Started process (PID=1692) to work on /opt/airflow/dags/dag_with_cron_exp.py
[2024-02-23T13:58:15.689+0000] {processor.py:830} INFO - Processing file /opt/airflow/dags/dag_with_cron_exp.py for tasks to queue
[2024-02-23T13:58:15.689+0000] {logging_mixin.py:188} INFO - [2024-02-23T13:58:15.689+0000] {dagbag.py:538} INFO - Filling up the DagBag from /opt/airflow/dags/dag_with_cron_exp.py
[2024-02-23T13:58:15.703+0000] {processor.py:840} INFO - DAG(s) 'dag_with_cron_exp_v03' retrieved from /opt/airflow/dags/dag_with_cron_exp.py
[2024-02-23T13:58:15.733+0000] {logging_mixin.py:188} INFO - [2024-02-23T13:58:15.733+0000] {dag.py:3036} INFO - Sync 1 DAGs
[2024-02-23T13:58:15.764+0000] {logging_mixin.py:188} INFO - [2024-02-23T13:58:15.764+0000] {dag.py:3823} INFO - Setting next_dagrun for dag_with_cron_exp_v03 to 2024-02-12 08:00:00+00:00, run_after=2024-02-19 08:00:00+00:00
[2024-02-23T13:58:15.793+0000] {processor.py:183} INFO - Processing /opt/airflow/dags/dag_with_cron_exp.py took 0.108 seconds
[2024-02-23T13:58:45.934+0000] {processor.py:161} INFO - Started process (PID=1718) to work on /opt/airflow/dags/dag_with_cron_exp.py
[2024-02-23T13:58:45.935+0000] {processor.py:830} INFO - Processing file /opt/airflow/dags/dag_with_cron_exp.py for tasks to queue
[2024-02-23T13:58:45.936+0000] {logging_mixin.py:188} INFO - [2024-02-23T13:58:45.935+0000] {dagbag.py:538} INFO - Filling up the DagBag from /opt/airflow/dags/dag_with_cron_exp.py
[2024-02-23T13:58:45.943+0000] {processor.py:840} INFO - DAG(s) 'dag_with_cron_exp_v03' retrieved from /opt/airflow/dags/dag_with_cron_exp.py
[2024-02-23T13:58:45.964+0000] {logging_mixin.py:188} INFO - [2024-02-23T13:58:45.964+0000] {dag.py:3036} INFO - Sync 1 DAGs
[2024-02-23T13:58:45.981+0000] {logging_mixin.py:188} INFO - [2024-02-23T13:58:45.981+0000] {dag.py:3823} INFO - Setting next_dagrun for dag_with_cron_exp_v03 to 2024-02-12 08:00:00+00:00, run_after=2024-02-19 08:00:00+00:00
[2024-02-23T13:58:46.002+0000] {processor.py:183} INFO - Processing /opt/airflow/dags/dag_with_cron_exp.py took 0.071 seconds
[2024-02-23T13:59:16.194+0000] {processor.py:161} INFO - Started process (PID=1745) to work on /opt/airflow/dags/dag_with_cron_exp.py
[2024-02-23T13:59:16.195+0000] {processor.py:830} INFO - Processing file /opt/airflow/dags/dag_with_cron_exp.py for tasks to queue
[2024-02-23T13:59:16.196+0000] {logging_mixin.py:188} INFO - [2024-02-23T13:59:16.196+0000] {dagbag.py:538} INFO - Filling up the DagBag from /opt/airflow/dags/dag_with_cron_exp.py
[2024-02-23T13:59:16.203+0000] {processor.py:840} INFO - DAG(s) 'dag_with_cron_exp_v03' retrieved from /opt/airflow/dags/dag_with_cron_exp.py
[2024-02-23T13:59:16.251+0000] {logging_mixin.py:188} INFO - [2024-02-23T13:59:16.251+0000] {dag.py:3036} INFO - Sync 1 DAGs
[2024-02-23T13:59:16.284+0000] {logging_mixin.py:188} INFO - [2024-02-23T13:59:16.283+0000] {dag.py:3823} INFO - Setting next_dagrun for dag_with_cron_exp_v03 to 2024-02-12 08:00:00+00:00, run_after=2024-02-19 08:00:00+00:00
[2024-02-23T13:59:16.306+0000] {processor.py:183} INFO - Processing /opt/airflow/dags/dag_with_cron_exp.py took 0.115 seconds
[2024-02-23T13:59:46.458+0000] {processor.py:161} INFO - Started process (PID=1771) to work on /opt/airflow/dags/dag_with_cron_exp.py
[2024-02-23T13:59:46.459+0000] {processor.py:830} INFO - Processing file /opt/airflow/dags/dag_with_cron_exp.py for tasks to queue
[2024-02-23T13:59:46.460+0000] {logging_mixin.py:188} INFO - [2024-02-23T13:59:46.459+0000] {dagbag.py:538} INFO - Filling up the DagBag from /opt/airflow/dags/dag_with_cron_exp.py
[2024-02-23T13:59:46.467+0000] {processor.py:840} INFO - DAG(s) 'dag_with_cron_exp_v03' retrieved from /opt/airflow/dags/dag_with_cron_exp.py
[2024-02-23T13:59:46.488+0000] {logging_mixin.py:188} INFO - [2024-02-23T13:59:46.488+0000] {dag.py:3036} INFO - Sync 1 DAGs
[2024-02-23T13:59:46.507+0000] {logging_mixin.py:188} INFO - [2024-02-23T13:59:46.507+0000] {dag.py:3823} INFO - Setting next_dagrun for dag_with_cron_exp_v03 to 2024-02-12 08:00:00+00:00, run_after=2024-02-19 08:00:00+00:00
[2024-02-23T13:59:46.526+0000] {processor.py:183} INFO - Processing /opt/airflow/dags/dag_with_cron_exp.py took 0.070 seconds
[2024-02-23T14:00:16.739+0000] {processor.py:161} INFO - Started process (PID=1798) to work on /opt/airflow/dags/dag_with_cron_exp.py
[2024-02-23T14:00:16.739+0000] {processor.py:830} INFO - Processing file /opt/airflow/dags/dag_with_cron_exp.py for tasks to queue
[2024-02-23T14:00:16.740+0000] {logging_mixin.py:188} INFO - [2024-02-23T14:00:16.740+0000] {dagbag.py:538} INFO - Filling up the DagBag from /opt/airflow/dags/dag_with_cron_exp.py
[2024-02-23T14:00:16.747+0000] {processor.py:840} INFO - DAG(s) 'dag_with_cron_exp_v03' retrieved from /opt/airflow/dags/dag_with_cron_exp.py
[2024-02-23T14:00:16.768+0000] {logging_mixin.py:188} INFO - [2024-02-23T14:00:16.768+0000] {dag.py:3036} INFO - Sync 1 DAGs
[2024-02-23T14:00:16.786+0000] {logging_mixin.py:188} INFO - [2024-02-23T14:00:16.786+0000] {dag.py:3823} INFO - Setting next_dagrun for dag_with_cron_exp_v03 to 2024-02-12 08:00:00+00:00, run_after=2024-02-19 08:00:00+00:00
[2024-02-23T14:00:16.806+0000] {processor.py:183} INFO - Processing /opt/airflow/dags/dag_with_cron_exp.py took 0.070 seconds
[2024-02-23T14:00:46.984+0000] {processor.py:161} INFO - Started process (PID=1826) to work on /opt/airflow/dags/dag_with_cron_exp.py
[2024-02-23T14:00:46.984+0000] {processor.py:830} INFO - Processing file /opt/airflow/dags/dag_with_cron_exp.py for tasks to queue
[2024-02-23T14:00:46.985+0000] {logging_mixin.py:188} INFO - [2024-02-23T14:00:46.985+0000] {dagbag.py:538} INFO - Filling up the DagBag from /opt/airflow/dags/dag_with_cron_exp.py
[2024-02-23T14:00:46.992+0000] {processor.py:840} INFO - DAG(s) 'dag_with_cron_exp_v03' retrieved from /opt/airflow/dags/dag_with_cron_exp.py
[2024-02-23T14:00:47.012+0000] {logging_mixin.py:188} INFO - [2024-02-23T14:00:47.012+0000] {dag.py:3036} INFO - Sync 1 DAGs
[2024-02-23T14:00:47.030+0000] {logging_mixin.py:188} INFO - [2024-02-23T14:00:47.030+0000] {dag.py:3823} INFO - Setting next_dagrun for dag_with_cron_exp_v03 to 2024-02-12 08:00:00+00:00, run_after=2024-02-19 08:00:00+00:00
[2024-02-23T14:00:47.050+0000] {processor.py:183} INFO - Processing /opt/airflow/dags/dag_with_cron_exp.py took 0.069 seconds
[2024-02-23T14:01:17.331+0000] {processor.py:161} INFO - Started process (PID=1853) to work on /opt/airflow/dags/dag_with_cron_exp.py
[2024-02-23T14:01:17.332+0000] {processor.py:830} INFO - Processing file /opt/airflow/dags/dag_with_cron_exp.py for tasks to queue
[2024-02-23T14:01:17.333+0000] {logging_mixin.py:188} INFO - [2024-02-23T14:01:17.333+0000] {dagbag.py:538} INFO - Filling up the DagBag from /opt/airflow/dags/dag_with_cron_exp.py
[2024-02-23T14:01:17.340+0000] {processor.py:840} INFO - DAG(s) 'dag_with_cron_exp_v03' retrieved from /opt/airflow/dags/dag_with_cron_exp.py
[2024-02-23T14:01:17.360+0000] {logging_mixin.py:188} INFO - [2024-02-23T14:01:17.360+0000] {dag.py:3036} INFO - Sync 1 DAGs
[2024-02-23T14:01:17.379+0000] {logging_mixin.py:188} INFO - [2024-02-23T14:01:17.379+0000] {dag.py:3823} INFO - Setting next_dagrun for dag_with_cron_exp_v03 to 2024-02-12 08:00:00+00:00, run_after=2024-02-19 08:00:00+00:00
[2024-02-23T14:01:17.397+0000] {processor.py:183} INFO - Processing /opt/airflow/dags/dag_with_cron_exp.py took 0.068 seconds
[2024-02-23T14:01:47.594+0000] {processor.py:161} INFO - Started process (PID=1880) to work on /opt/airflow/dags/dag_with_cron_exp.py
[2024-02-23T14:01:47.595+0000] {processor.py:830} INFO - Processing file /opt/airflow/dags/dag_with_cron_exp.py for tasks to queue
[2024-02-23T14:01:47.596+0000] {logging_mixin.py:188} INFO - [2024-02-23T14:01:47.596+0000] {dagbag.py:538} INFO - Filling up the DagBag from /opt/airflow/dags/dag_with_cron_exp.py
[2024-02-23T14:01:47.606+0000] {processor.py:840} INFO - DAG(s) 'dag_with_cron_exp_v03' retrieved from /opt/airflow/dags/dag_with_cron_exp.py
[2024-02-23T14:01:47.635+0000] {logging_mixin.py:188} INFO - [2024-02-23T14:01:47.635+0000] {dag.py:3036} INFO - Sync 1 DAGs
[2024-02-23T14:01:47.663+0000] {logging_mixin.py:188} INFO - [2024-02-23T14:01:47.662+0000] {dag.py:3823} INFO - Setting next_dagrun for dag_with_cron_exp_v03 to 2024-02-12 08:00:00+00:00, run_after=2024-02-19 08:00:00+00:00
[2024-02-23T14:01:47.688+0000] {processor.py:183} INFO - Processing /opt/airflow/dags/dag_with_cron_exp.py took 0.097 seconds
[2024-02-23T14:02:17.804+0000] {processor.py:161} INFO - Started process (PID=1907) to work on /opt/airflow/dags/dag_with_cron_exp.py
[2024-02-23T14:02:17.805+0000] {processor.py:830} INFO - Processing file /opt/airflow/dags/dag_with_cron_exp.py for tasks to queue
[2024-02-23T14:02:17.805+0000] {logging_mixin.py:188} INFO - [2024-02-23T14:02:17.805+0000] {dagbag.py:538} INFO - Filling up the DagBag from /opt/airflow/dags/dag_with_cron_exp.py
[2024-02-23T14:02:17.812+0000] {processor.py:840} INFO - DAG(s) 'dag_with_cron_exp_v03' retrieved from /opt/airflow/dags/dag_with_cron_exp.py
[2024-02-23T14:02:17.841+0000] {logging_mixin.py:188} INFO - [2024-02-23T14:02:17.840+0000] {dag.py:3036} INFO - Sync 1 DAGs
[2024-02-23T14:02:17.860+0000] {logging_mixin.py:188} INFO - [2024-02-23T14:02:17.859+0000] {dag.py:3823} INFO - Setting next_dagrun for dag_with_cron_exp_v03 to 2024-02-12 08:00:00+00:00, run_after=2024-02-19 08:00:00+00:00
[2024-02-23T14:02:17.879+0000] {processor.py:183} INFO - Processing /opt/airflow/dags/dag_with_cron_exp.py took 0.078 seconds
[2024-02-23T14:02:48.062+0000] {processor.py:161} INFO - Started process (PID=1932) to work on /opt/airflow/dags/dag_with_cron_exp.py
[2024-02-23T14:02:48.063+0000] {processor.py:830} INFO - Processing file /opt/airflow/dags/dag_with_cron_exp.py for tasks to queue
[2024-02-23T14:02:48.064+0000] {logging_mixin.py:188} INFO - [2024-02-23T14:02:48.063+0000] {dagbag.py:538} INFO - Filling up the DagBag from /opt/airflow/dags/dag_with_cron_exp.py
[2024-02-23T14:02:48.073+0000] {processor.py:840} INFO - DAG(s) 'dag_with_cron_exp_v03' retrieved from /opt/airflow/dags/dag_with_cron_exp.py
[2024-02-23T14:02:48.103+0000] {logging_mixin.py:188} INFO - [2024-02-23T14:02:48.102+0000] {dag.py:3036} INFO - Sync 1 DAGs
[2024-02-23T14:02:48.131+0000] {logging_mixin.py:188} INFO - [2024-02-23T14:02:48.130+0000] {dag.py:3823} INFO - Setting next_dagrun for dag_with_cron_exp_v03 to 2024-02-12 08:00:00+00:00, run_after=2024-02-19 08:00:00+00:00
[2024-02-23T14:02:48.155+0000] {processor.py:183} INFO - Processing /opt/airflow/dags/dag_with_cron_exp.py took 0.096 seconds
[2024-02-23T14:03:18.434+0000] {processor.py:161} INFO - Started process (PID=1956) to work on /opt/airflow/dags/dag_with_cron_exp.py
[2024-02-23T14:03:18.435+0000] {processor.py:830} INFO - Processing file /opt/airflow/dags/dag_with_cron_exp.py for tasks to queue
[2024-02-23T14:03:18.436+0000] {logging_mixin.py:188} INFO - [2024-02-23T14:03:18.435+0000] {dagbag.py:538} INFO - Filling up the DagBag from /opt/airflow/dags/dag_with_cron_exp.py
[2024-02-23T14:03:18.443+0000] {processor.py:840} INFO - DAG(s) 'dag_with_cron_exp_v03' retrieved from /opt/airflow/dags/dag_with_cron_exp.py
[2024-02-23T14:03:18.463+0000] {logging_mixin.py:188} INFO - [2024-02-23T14:03:18.463+0000] {dag.py:3036} INFO - Sync 1 DAGs
[2024-02-23T14:03:18.482+0000] {logging_mixin.py:188} INFO - [2024-02-23T14:03:18.482+0000] {dag.py:3823} INFO - Setting next_dagrun for dag_with_cron_exp_v03 to 2024-02-12 08:00:00+00:00, run_after=2024-02-19 08:00:00+00:00
[2024-02-23T14:03:18.501+0000] {processor.py:183} INFO - Processing /opt/airflow/dags/dag_with_cron_exp.py took 0.070 seconds
[2024-02-23T14:03:48.799+0000] {processor.py:161} INFO - Started process (PID=1983) to work on /opt/airflow/dags/dag_with_cron_exp.py
[2024-02-23T14:03:48.800+0000] {processor.py:830} INFO - Processing file /opt/airflow/dags/dag_with_cron_exp.py for tasks to queue
[2024-02-23T14:03:48.800+0000] {logging_mixin.py:188} INFO - [2024-02-23T14:03:48.800+0000] {dagbag.py:538} INFO - Filling up the DagBag from /opt/airflow/dags/dag_with_cron_exp.py
[2024-02-23T14:03:48.807+0000] {processor.py:840} INFO - DAG(s) 'dag_with_cron_exp_v03' retrieved from /opt/airflow/dags/dag_with_cron_exp.py
[2024-02-23T14:03:48.829+0000] {logging_mixin.py:188} INFO - [2024-02-23T14:03:48.829+0000] {dag.py:3036} INFO - Sync 1 DAGs
[2024-02-23T14:03:48.847+0000] {logging_mixin.py:188} INFO - [2024-02-23T14:03:48.847+0000] {dag.py:3823} INFO - Setting next_dagrun for dag_with_cron_exp_v03 to 2024-02-12 08:00:00+00:00, run_after=2024-02-19 08:00:00+00:00
[2024-02-23T14:03:48.871+0000] {processor.py:183} INFO - Processing /opt/airflow/dags/dag_with_cron_exp.py took 0.075 seconds
[2024-02-23T14:04:19.334+0000] {processor.py:161} INFO - Started process (PID=2010) to work on /opt/airflow/dags/dag_with_cron_exp.py
[2024-02-23T14:04:19.334+0000] {processor.py:830} INFO - Processing file /opt/airflow/dags/dag_with_cron_exp.py for tasks to queue
[2024-02-23T14:04:19.335+0000] {logging_mixin.py:188} INFO - [2024-02-23T14:04:19.335+0000] {dagbag.py:538} INFO - Filling up the DagBag from /opt/airflow/dags/dag_with_cron_exp.py
[2024-02-23T14:04:19.342+0000] {processor.py:840} INFO - DAG(s) 'dag_with_cron_exp_v03' retrieved from /opt/airflow/dags/dag_with_cron_exp.py
[2024-02-23T14:04:19.363+0000] {logging_mixin.py:188} INFO - [2024-02-23T14:04:19.363+0000] {dag.py:3036} INFO - Sync 1 DAGs
[2024-02-23T14:04:19.381+0000] {logging_mixin.py:188} INFO - [2024-02-23T14:04:19.380+0000] {dag.py:3823} INFO - Setting next_dagrun for dag_with_cron_exp_v03 to 2024-02-12 08:00:00+00:00, run_after=2024-02-19 08:00:00+00:00
[2024-02-23T14:04:19.402+0000] {processor.py:183} INFO - Processing /opt/airflow/dags/dag_with_cron_exp.py took 0.071 seconds
[2024-02-23T14:04:49.708+0000] {processor.py:161} INFO - Started process (PID=2037) to work on /opt/airflow/dags/dag_with_cron_exp.py
[2024-02-23T14:04:49.709+0000] {processor.py:830} INFO - Processing file /opt/airflow/dags/dag_with_cron_exp.py for tasks to queue
[2024-02-23T14:04:49.709+0000] {logging_mixin.py:188} INFO - [2024-02-23T14:04:49.709+0000] {dagbag.py:538} INFO - Filling up the DagBag from /opt/airflow/dags/dag_with_cron_exp.py
[2024-02-23T14:04:49.716+0000] {processor.py:840} INFO - DAG(s) 'dag_with_cron_exp_v03' retrieved from /opt/airflow/dags/dag_with_cron_exp.py
[2024-02-23T14:04:49.737+0000] {logging_mixin.py:188} INFO - [2024-02-23T14:04:49.737+0000] {dag.py:3036} INFO - Sync 1 DAGs
[2024-02-23T14:04:49.756+0000] {logging_mixin.py:188} INFO - [2024-02-23T14:04:49.756+0000] {dag.py:3823} INFO - Setting next_dagrun for dag_with_cron_exp_v03 to 2024-02-12 08:00:00+00:00, run_after=2024-02-19 08:00:00+00:00
[2024-02-23T14:04:49.775+0000] {processor.py:183} INFO - Processing /opt/airflow/dags/dag_with_cron_exp.py took 0.070 seconds
[2024-02-23T14:05:19.971+0000] {processor.py:161} INFO - Started process (PID=2064) to work on /opt/airflow/dags/dag_with_cron_exp.py
[2024-02-23T14:05:19.972+0000] {processor.py:830} INFO - Processing file /opt/airflow/dags/dag_with_cron_exp.py for tasks to queue
[2024-02-23T14:05:19.973+0000] {logging_mixin.py:188} INFO - [2024-02-23T14:05:19.972+0000] {dagbag.py:538} INFO - Filling up the DagBag from /opt/airflow/dags/dag_with_cron_exp.py
[2024-02-23T14:05:19.983+0000] {processor.py:840} INFO - DAG(s) 'dag_with_cron_exp_v03' retrieved from /opt/airflow/dags/dag_with_cron_exp.py
[2024-02-23T14:05:20.013+0000] {logging_mixin.py:188} INFO - [2024-02-23T14:05:20.012+0000] {dag.py:3036} INFO - Sync 1 DAGs
[2024-02-23T14:05:20.040+0000] {logging_mixin.py:188} INFO - [2024-02-23T14:05:20.040+0000] {dag.py:3823} INFO - Setting next_dagrun for dag_with_cron_exp_v03 to 2024-02-12 08:00:00+00:00, run_after=2024-02-19 08:00:00+00:00
[2024-02-23T14:05:20.064+0000] {processor.py:183} INFO - Processing /opt/airflow/dags/dag_with_cron_exp.py took 0.096 seconds
[2024-02-23T14:05:50.326+0000] {processor.py:161} INFO - Started process (PID=2091) to work on /opt/airflow/dags/dag_with_cron_exp.py
[2024-02-23T14:05:50.327+0000] {processor.py:830} INFO - Processing file /opt/airflow/dags/dag_with_cron_exp.py for tasks to queue
[2024-02-23T14:05:50.328+0000] {logging_mixin.py:188} INFO - [2024-02-23T14:05:50.327+0000] {dagbag.py:538} INFO - Filling up the DagBag from /opt/airflow/dags/dag_with_cron_exp.py
[2024-02-23T14:05:50.335+0000] {processor.py:840} INFO - DAG(s) 'dag_with_cron_exp_v03' retrieved from /opt/airflow/dags/dag_with_cron_exp.py
[2024-02-23T14:05:50.356+0000] {logging_mixin.py:188} INFO - [2024-02-23T14:05:50.356+0000] {dag.py:3036} INFO - Sync 1 DAGs
[2024-02-23T14:05:50.374+0000] {logging_mixin.py:188} INFO - [2024-02-23T14:05:50.374+0000] {dag.py:3823} INFO - Setting next_dagrun for dag_with_cron_exp_v03 to 2024-02-12 08:00:00+00:00, run_after=2024-02-19 08:00:00+00:00
[2024-02-23T14:05:50.393+0000] {processor.py:183} INFO - Processing /opt/airflow/dags/dag_with_cron_exp.py took 0.069 seconds
[2024-02-23T14:06:20.561+0000] {processor.py:161} INFO - Started process (PID=2118) to work on /opt/airflow/dags/dag_with_cron_exp.py
[2024-02-23T14:06:20.562+0000] {processor.py:830} INFO - Processing file /opt/airflow/dags/dag_with_cron_exp.py for tasks to queue
[2024-02-23T14:06:20.563+0000] {logging_mixin.py:188} INFO - [2024-02-23T14:06:20.563+0000] {dagbag.py:538} INFO - Filling up the DagBag from /opt/airflow/dags/dag_with_cron_exp.py
[2024-02-23T14:06:20.570+0000] {processor.py:840} INFO - DAG(s) 'dag_with_cron_exp_v03' retrieved from /opt/airflow/dags/dag_with_cron_exp.py
[2024-02-23T14:06:20.591+0000] {logging_mixin.py:188} INFO - [2024-02-23T14:06:20.591+0000] {dag.py:3036} INFO - Sync 1 DAGs
[2024-02-23T14:06:20.610+0000] {logging_mixin.py:188} INFO - [2024-02-23T14:06:20.610+0000] {dag.py:3823} INFO - Setting next_dagrun for dag_with_cron_exp_v03 to 2024-02-12 08:00:00+00:00, run_after=2024-02-19 08:00:00+00:00
[2024-02-23T14:06:20.629+0000] {processor.py:183} INFO - Processing /opt/airflow/dags/dag_with_cron_exp.py took 0.070 seconds
[2024-02-23T14:06:50.795+0000] {processor.py:161} INFO - Started process (PID=2145) to work on /opt/airflow/dags/dag_with_cron_exp.py
[2024-02-23T14:06:50.795+0000] {processor.py:830} INFO - Processing file /opt/airflow/dags/dag_with_cron_exp.py for tasks to queue
[2024-02-23T14:06:50.796+0000] {logging_mixin.py:188} INFO - [2024-02-23T14:06:50.796+0000] {dagbag.py:538} INFO - Filling up the DagBag from /opt/airflow/dags/dag_with_cron_exp.py
[2024-02-23T14:06:50.804+0000] {processor.py:840} INFO - DAG(s) 'dag_with_cron_exp_v03' retrieved from /opt/airflow/dags/dag_with_cron_exp.py
[2024-02-23T14:06:50.824+0000] {logging_mixin.py:188} INFO - [2024-02-23T14:06:50.824+0000] {dag.py:3036} INFO - Sync 1 DAGs
[2024-02-23T14:06:50.842+0000] {logging_mixin.py:188} INFO - [2024-02-23T14:06:50.842+0000] {dag.py:3823} INFO - Setting next_dagrun for dag_with_cron_exp_v03 to 2024-02-12 08:00:00+00:00, run_after=2024-02-19 08:00:00+00:00
[2024-02-23T14:06:50.862+0000] {processor.py:183} INFO - Processing /opt/airflow/dags/dag_with_cron_exp.py took 0.069 seconds
[2024-02-23T14:07:21.031+0000] {processor.py:161} INFO - Started process (PID=2172) to work on /opt/airflow/dags/dag_with_cron_exp.py
[2024-02-23T14:07:21.031+0000] {processor.py:830} INFO - Processing file /opt/airflow/dags/dag_with_cron_exp.py for tasks to queue
[2024-02-23T14:07:21.032+0000] {logging_mixin.py:188} INFO - [2024-02-23T14:07:21.032+0000] {dagbag.py:538} INFO - Filling up the DagBag from /opt/airflow/dags/dag_with_cron_exp.py
[2024-02-23T14:07:21.039+0000] {processor.py:840} INFO - DAG(s) 'dag_with_cron_exp_v03' retrieved from /opt/airflow/dags/dag_with_cron_exp.py
[2024-02-23T14:07:21.059+0000] {logging_mixin.py:188} INFO - [2024-02-23T14:07:21.059+0000] {dag.py:3036} INFO - Sync 1 DAGs
[2024-02-23T14:07:21.077+0000] {logging_mixin.py:188} INFO - [2024-02-23T14:07:21.077+0000] {dag.py:3823} INFO - Setting next_dagrun for dag_with_cron_exp_v03 to 2024-02-12 08:00:00+00:00, run_after=2024-02-19 08:00:00+00:00
[2024-02-23T14:07:21.099+0000] {processor.py:183} INFO - Processing /opt/airflow/dags/dag_with_cron_exp.py took 0.070 seconds
[2024-02-23T14:07:51.267+0000] {processor.py:161} INFO - Started process (PID=2199) to work on /opt/airflow/dags/dag_with_cron_exp.py
[2024-02-23T14:07:51.268+0000] {processor.py:830} INFO - Processing file /opt/airflow/dags/dag_with_cron_exp.py for tasks to queue
[2024-02-23T14:07:51.268+0000] {logging_mixin.py:188} INFO - [2024-02-23T14:07:51.268+0000] {dagbag.py:538} INFO - Filling up the DagBag from /opt/airflow/dags/dag_with_cron_exp.py
[2024-02-23T14:07:51.276+0000] {processor.py:840} INFO - DAG(s) 'dag_with_cron_exp_v03' retrieved from /opt/airflow/dags/dag_with_cron_exp.py
[2024-02-23T14:07:51.296+0000] {logging_mixin.py:188} INFO - [2024-02-23T14:07:51.296+0000] {dag.py:3036} INFO - Sync 1 DAGs
[2024-02-23T14:07:51.314+0000] {logging_mixin.py:188} INFO - [2024-02-23T14:07:51.314+0000] {dag.py:3823} INFO - Setting next_dagrun for dag_with_cron_exp_v03 to 2024-02-12 08:00:00+00:00, run_after=2024-02-19 08:00:00+00:00
[2024-02-23T14:07:51.337+0000] {processor.py:183} INFO - Processing /opt/airflow/dags/dag_with_cron_exp.py took 0.073 seconds
[2024-02-23T14:08:21.505+0000] {processor.py:161} INFO - Started process (PID=2227) to work on /opt/airflow/dags/dag_with_cron_exp.py
[2024-02-23T14:08:21.505+0000] {processor.py:830} INFO - Processing file /opt/airflow/dags/dag_with_cron_exp.py for tasks to queue
[2024-02-23T14:08:21.506+0000] {logging_mixin.py:188} INFO - [2024-02-23T14:08:21.505+0000] {dagbag.py:538} INFO - Filling up the DagBag from /opt/airflow/dags/dag_with_cron_exp.py
[2024-02-23T14:08:21.513+0000] {processor.py:840} INFO - DAG(s) 'dag_with_cron_exp_v03' retrieved from /opt/airflow/dags/dag_with_cron_exp.py
[2024-02-23T14:08:21.533+0000] {logging_mixin.py:188} INFO - [2024-02-23T14:08:21.533+0000] {dag.py:3036} INFO - Sync 1 DAGs
[2024-02-23T14:08:21.552+0000] {logging_mixin.py:188} INFO - [2024-02-23T14:08:21.552+0000] {dag.py:3823} INFO - Setting next_dagrun for dag_with_cron_exp_v03 to 2024-02-12 08:00:00+00:00, run_after=2024-02-19 08:00:00+00:00
[2024-02-23T14:08:21.574+0000] {processor.py:183} INFO - Processing /opt/airflow/dags/dag_with_cron_exp.py took 0.072 seconds
