[2024-02-23T13:29:59.549+0000] {processor.py:161} INFO - Started process (PID=170) to work on /opt/airflow/dags/dag_with_task_flow_api.py
[2024-02-23T13:29:59.549+0000] {processor.py:830} INFO - Processing file /opt/airflow/dags/dag_with_task_flow_api.py for tasks to queue
[2024-02-23T13:29:59.554+0000] {logging_mixin.py:188} INFO - [2024-02-23T13:29:59.553+0000] {dagbag.py:538} INFO - Filling up the DagBag from /opt/airflow/dags/dag_with_task_flow_api.py
[2024-02-23T13:29:59.570+0000] {processor.py:840} INFO - DAG(s) 'dag_with_task_flow_api_v02' retrieved from /opt/airflow/dags/dag_with_task_flow_api.py
[2024-02-23T13:29:59.613+0000] {logging_mixin.py:188} INFO - [2024-02-23T13:29:59.613+0000] {dag.py:3036} INFO - Sync 1 DAGs
[2024-02-23T13:29:59.654+0000] {logging_mixin.py:188} INFO - [2024-02-23T13:29:59.653+0000] {dag.py:3823} INFO - Setting next_dagrun for dag_with_task_flow_api_v02 to 2024-02-13 00:00:00+00:00, run_after=2024-02-14 00:00:00+00:00
[2024-02-23T13:29:59.688+0000] {processor.py:183} INFO - Processing /opt/airflow/dags/dag_with_task_flow_api.py took 0.145 seconds
[2024-02-23T13:30:30.593+0000] {processor.py:161} INFO - Started process (PID=194) to work on /opt/airflow/dags/dag_with_task_flow_api.py
[2024-02-23T13:30:30.594+0000] {processor.py:830} INFO - Processing file /opt/airflow/dags/dag_with_task_flow_api.py for tasks to queue
[2024-02-23T13:30:30.595+0000] {logging_mixin.py:188} INFO - [2024-02-23T13:30:30.594+0000] {dagbag.py:538} INFO - Filling up the DagBag from /opt/airflow/dags/dag_with_task_flow_api.py
[2024-02-23T13:30:30.607+0000] {processor.py:840} INFO - DAG(s) 'dag_with_task_flow_api_v02' retrieved from /opt/airflow/dags/dag_with_task_flow_api.py
[2024-02-23T13:30:30.638+0000] {logging_mixin.py:188} INFO - [2024-02-23T13:30:30.638+0000] {dag.py:3036} INFO - Sync 1 DAGs
[2024-02-23T13:30:30.666+0000] {logging_mixin.py:188} INFO - [2024-02-23T13:30:30.666+0000] {dag.py:3823} INFO - Setting next_dagrun for dag_with_task_flow_api_v02 to 2024-02-13 00:00:00+00:00, run_after=2024-02-14 00:00:00+00:00
[2024-02-23T13:30:30.690+0000] {processor.py:183} INFO - Processing /opt/airflow/dags/dag_with_task_flow_api.py took 0.100 seconds
[2024-02-23T13:31:00.828+0000] {processor.py:161} INFO - Started process (PID=221) to work on /opt/airflow/dags/dag_with_task_flow_api.py
[2024-02-23T13:31:00.829+0000] {processor.py:830} INFO - Processing file /opt/airflow/dags/dag_with_task_flow_api.py for tasks to queue
[2024-02-23T13:31:00.830+0000] {logging_mixin.py:188} INFO - [2024-02-23T13:31:00.830+0000] {dagbag.py:538} INFO - Filling up the DagBag from /opt/airflow/dags/dag_with_task_flow_api.py
[2024-02-23T13:31:00.843+0000] {processor.py:840} INFO - DAG(s) 'dag_with_task_flow_api_v02' retrieved from /opt/airflow/dags/dag_with_task_flow_api.py
[2024-02-23T13:31:00.873+0000] {logging_mixin.py:188} INFO - [2024-02-23T13:31:00.873+0000] {dag.py:3036} INFO - Sync 1 DAGs
[2024-02-23T13:31:00.910+0000] {logging_mixin.py:188} INFO - [2024-02-23T13:31:00.910+0000] {dag.py:3823} INFO - Setting next_dagrun for dag_with_task_flow_api_v02 to 2024-02-13 00:00:00+00:00, run_after=2024-02-14 00:00:00+00:00
[2024-02-23T13:31:00.943+0000] {processor.py:183} INFO - Processing /opt/airflow/dags/dag_with_task_flow_api.py took 0.118 seconds
[2024-02-23T13:31:31.077+0000] {processor.py:161} INFO - Started process (PID=248) to work on /opt/airflow/dags/dag_with_task_flow_api.py
[2024-02-23T13:31:31.078+0000] {processor.py:830} INFO - Processing file /opt/airflow/dags/dag_with_task_flow_api.py for tasks to queue
[2024-02-23T13:31:31.079+0000] {logging_mixin.py:188} INFO - [2024-02-23T13:31:31.079+0000] {dagbag.py:538} INFO - Filling up the DagBag from /opt/airflow/dags/dag_with_task_flow_api.py
[2024-02-23T13:31:31.091+0000] {processor.py:840} INFO - DAG(s) 'dag_with_task_flow_api_v02' retrieved from /opt/airflow/dags/dag_with_task_flow_api.py
[2024-02-23T13:31:31.124+0000] {logging_mixin.py:188} INFO - [2024-02-23T13:31:31.124+0000] {dag.py:3036} INFO - Sync 1 DAGs
[2024-02-23T13:31:31.153+0000] {logging_mixin.py:188} INFO - [2024-02-23T13:31:31.152+0000] {dag.py:3823} INFO - Setting next_dagrun for dag_with_task_flow_api_v02 to 2024-02-13 00:00:00+00:00, run_after=2024-02-14 00:00:00+00:00
[2024-02-23T13:31:31.177+0000] {processor.py:183} INFO - Processing /opt/airflow/dags/dag_with_task_flow_api.py took 0.103 seconds
[2024-02-23T13:32:01.313+0000] {processor.py:161} INFO - Started process (PID=275) to work on /opt/airflow/dags/dag_with_task_flow_api.py
[2024-02-23T13:32:01.320+0000] {processor.py:830} INFO - Processing file /opt/airflow/dags/dag_with_task_flow_api.py for tasks to queue
[2024-02-23T13:32:01.321+0000] {logging_mixin.py:188} INFO - [2024-02-23T13:32:01.321+0000] {dagbag.py:538} INFO - Filling up the DagBag from /opt/airflow/dags/dag_with_task_flow_api.py
[2024-02-23T13:32:01.334+0000] {processor.py:840} INFO - DAG(s) 'dag_with_task_flow_api_v02' retrieved from /opt/airflow/dags/dag_with_task_flow_api.py
[2024-02-23T13:32:01.366+0000] {logging_mixin.py:188} INFO - [2024-02-23T13:32:01.366+0000] {dag.py:3036} INFO - Sync 1 DAGs
[2024-02-23T13:32:01.397+0000] {logging_mixin.py:188} INFO - [2024-02-23T13:32:01.396+0000] {dag.py:3823} INFO - Setting next_dagrun for dag_with_task_flow_api_v02 to 2024-02-13 00:00:00+00:00, run_after=2024-02-14 00:00:00+00:00
[2024-02-23T13:32:01.419+0000] {processor.py:183} INFO - Processing /opt/airflow/dags/dag_with_task_flow_api.py took 0.111 seconds
[2024-02-23T13:32:31.567+0000] {processor.py:161} INFO - Started process (PID=303) to work on /opt/airflow/dags/dag_with_task_flow_api.py
[2024-02-23T13:32:31.570+0000] {processor.py:830} INFO - Processing file /opt/airflow/dags/dag_with_task_flow_api.py for tasks to queue
[2024-02-23T13:32:31.571+0000] {logging_mixin.py:188} INFO - [2024-02-23T13:32:31.570+0000] {dagbag.py:538} INFO - Filling up the DagBag from /opt/airflow/dags/dag_with_task_flow_api.py
[2024-02-23T13:32:31.584+0000] {processor.py:840} INFO - DAG(s) 'dag_with_task_flow_api_v02' retrieved from /opt/airflow/dags/dag_with_task_flow_api.py
[2024-02-23T13:32:31.615+0000] {logging_mixin.py:188} INFO - [2024-02-23T13:32:31.615+0000] {dag.py:3036} INFO - Sync 1 DAGs
[2024-02-23T13:32:31.653+0000] {logging_mixin.py:188} INFO - [2024-02-23T13:32:31.653+0000] {dag.py:3823} INFO - Setting next_dagrun for dag_with_task_flow_api_v02 to 2024-02-13 00:00:00+00:00, run_after=2024-02-14 00:00:00+00:00
[2024-02-23T13:32:31.695+0000] {processor.py:183} INFO - Processing /opt/airflow/dags/dag_with_task_flow_api.py took 0.131 seconds
[2024-02-23T13:33:01.862+0000] {processor.py:161} INFO - Started process (PID=330) to work on /opt/airflow/dags/dag_with_task_flow_api.py
[2024-02-23T13:33:01.863+0000] {processor.py:830} INFO - Processing file /opt/airflow/dags/dag_with_task_flow_api.py for tasks to queue
[2024-02-23T13:33:01.864+0000] {logging_mixin.py:188} INFO - [2024-02-23T13:33:01.864+0000] {dagbag.py:538} INFO - Filling up the DagBag from /opt/airflow/dags/dag_with_task_flow_api.py
[2024-02-23T13:33:01.890+0000] {processor.py:840} INFO - DAG(s) 'dag_with_task_flow_api_v02' retrieved from /opt/airflow/dags/dag_with_task_flow_api.py
[2024-02-23T13:33:01.922+0000] {logging_mixin.py:188} INFO - [2024-02-23T13:33:01.921+0000] {dag.py:3036} INFO - Sync 1 DAGs
[2024-02-23T13:33:01.954+0000] {logging_mixin.py:188} INFO - [2024-02-23T13:33:01.954+0000] {dag.py:3823} INFO - Setting next_dagrun for dag_with_task_flow_api_v02 to 2024-02-13 00:00:00+00:00, run_after=2024-02-14 00:00:00+00:00
[2024-02-23T13:33:01.982+0000] {processor.py:183} INFO - Processing /opt/airflow/dags/dag_with_task_flow_api.py took 0.124 seconds
[2024-02-23T13:33:32.148+0000] {processor.py:161} INFO - Started process (PID=357) to work on /opt/airflow/dags/dag_with_task_flow_api.py
[2024-02-23T13:33:32.149+0000] {processor.py:830} INFO - Processing file /opt/airflow/dags/dag_with_task_flow_api.py for tasks to queue
[2024-02-23T13:33:32.150+0000] {logging_mixin.py:188} INFO - [2024-02-23T13:33:32.150+0000] {dagbag.py:538} INFO - Filling up the DagBag from /opt/airflow/dags/dag_with_task_flow_api.py
[2024-02-23T13:33:32.163+0000] {processor.py:840} INFO - DAG(s) 'dag_with_task_flow_api_v02' retrieved from /opt/airflow/dags/dag_with_task_flow_api.py
[2024-02-23T13:33:32.196+0000] {logging_mixin.py:188} INFO - [2024-02-23T13:33:32.195+0000] {dag.py:3036} INFO - Sync 1 DAGs
[2024-02-23T13:33:32.238+0000] {logging_mixin.py:188} INFO - [2024-02-23T13:33:32.238+0000] {dag.py:3823} INFO - Setting next_dagrun for dag_with_task_flow_api_v02 to 2024-02-13 00:00:00+00:00, run_after=2024-02-14 00:00:00+00:00
[2024-02-23T13:33:32.272+0000] {processor.py:183} INFO - Processing /opt/airflow/dags/dag_with_task_flow_api.py took 0.128 seconds
[2024-02-23T13:34:02.416+0000] {processor.py:161} INFO - Started process (PID=384) to work on /opt/airflow/dags/dag_with_task_flow_api.py
[2024-02-23T13:34:02.418+0000] {processor.py:830} INFO - Processing file /opt/airflow/dags/dag_with_task_flow_api.py for tasks to queue
[2024-02-23T13:34:02.419+0000] {logging_mixin.py:188} INFO - [2024-02-23T13:34:02.418+0000] {dagbag.py:538} INFO - Filling up the DagBag from /opt/airflow/dags/dag_with_task_flow_api.py
[2024-02-23T13:34:02.431+0000] {processor.py:840} INFO - DAG(s) 'dag_with_task_flow_api_v02' retrieved from /opt/airflow/dags/dag_with_task_flow_api.py
[2024-02-23T13:34:02.464+0000] {logging_mixin.py:188} INFO - [2024-02-23T13:34:02.464+0000] {dag.py:3036} INFO - Sync 1 DAGs
[2024-02-23T13:34:02.497+0000] {logging_mixin.py:188} INFO - [2024-02-23T13:34:02.497+0000] {dag.py:3823} INFO - Setting next_dagrun for dag_with_task_flow_api_v02 to 2024-02-13 00:00:00+00:00, run_after=2024-02-14 00:00:00+00:00
[2024-02-23T13:34:02.528+0000] {processor.py:183} INFO - Processing /opt/airflow/dags/dag_with_task_flow_api.py took 0.115 seconds
[2024-02-23T13:34:32.669+0000] {processor.py:161} INFO - Started process (PID=412) to work on /opt/airflow/dags/dag_with_task_flow_api.py
[2024-02-23T13:34:32.670+0000] {processor.py:830} INFO - Processing file /opt/airflow/dags/dag_with_task_flow_api.py for tasks to queue
[2024-02-23T13:34:32.671+0000] {logging_mixin.py:188} INFO - [2024-02-23T13:34:32.671+0000] {dagbag.py:538} INFO - Filling up the DagBag from /opt/airflow/dags/dag_with_task_flow_api.py
[2024-02-23T13:34:32.684+0000] {processor.py:840} INFO - DAG(s) 'dag_with_task_flow_api_v02' retrieved from /opt/airflow/dags/dag_with_task_flow_api.py
[2024-02-23T13:34:32.720+0000] {logging_mixin.py:188} INFO - [2024-02-23T13:34:32.719+0000] {dag.py:3036} INFO - Sync 1 DAGs
[2024-02-23T13:34:32.747+0000] {logging_mixin.py:188} INFO - [2024-02-23T13:34:32.747+0000] {dag.py:3823} INFO - Setting next_dagrun for dag_with_task_flow_api_v02 to 2024-02-13 00:00:00+00:00, run_after=2024-02-14 00:00:00+00:00
[2024-02-23T13:34:32.773+0000] {processor.py:183} INFO - Processing /opt/airflow/dags/dag_with_task_flow_api.py took 0.107 seconds
[2024-02-23T13:35:02.932+0000] {processor.py:161} INFO - Started process (PID=440) to work on /opt/airflow/dags/dag_with_task_flow_api.py
[2024-02-23T13:35:02.933+0000] {processor.py:830} INFO - Processing file /opt/airflow/dags/dag_with_task_flow_api.py for tasks to queue
[2024-02-23T13:35:02.935+0000] {logging_mixin.py:188} INFO - [2024-02-23T13:35:02.934+0000] {dagbag.py:538} INFO - Filling up the DagBag from /opt/airflow/dags/dag_with_task_flow_api.py
[2024-02-23T13:35:02.946+0000] {processor.py:840} INFO - DAG(s) 'dag_with_task_flow_api_v02' retrieved from /opt/airflow/dags/dag_with_task_flow_api.py
[2024-02-23T13:35:02.979+0000] {logging_mixin.py:188} INFO - [2024-02-23T13:35:02.978+0000] {dag.py:3036} INFO - Sync 1 DAGs
[2024-02-23T13:35:03.010+0000] {logging_mixin.py:188} INFO - [2024-02-23T13:35:03.010+0000] {dag.py:3823} INFO - Setting next_dagrun for dag_with_task_flow_api_v02 to 2024-02-13 00:00:00+00:00, run_after=2024-02-14 00:00:00+00:00
[2024-02-23T13:35:03.054+0000] {processor.py:183} INFO - Processing /opt/airflow/dags/dag_with_task_flow_api.py took 0.125 seconds
[2024-02-23T13:35:33.232+0000] {processor.py:161} INFO - Started process (PID=468) to work on /opt/airflow/dags/dag_with_task_flow_api.py
[2024-02-23T13:35:33.234+0000] {processor.py:830} INFO - Processing file /opt/airflow/dags/dag_with_task_flow_api.py for tasks to queue
[2024-02-23T13:35:33.236+0000] {logging_mixin.py:188} INFO - [2024-02-23T13:35:33.235+0000] {dagbag.py:538} INFO - Filling up the DagBag from /opt/airflow/dags/dag_with_task_flow_api.py
[2024-02-23T13:35:33.311+0000] {processor.py:840} INFO - DAG(s) 'dag_with_task_flow_api_v02' retrieved from /opt/airflow/dags/dag_with_task_flow_api.py
[2024-02-23T13:35:33.430+0000] {logging_mixin.py:188} INFO - [2024-02-23T13:35:33.430+0000] {dag.py:3036} INFO - Sync 1 DAGs
[2024-02-23T13:35:33.491+0000] {logging_mixin.py:188} INFO - [2024-02-23T13:35:33.491+0000] {dag.py:3823} INFO - Setting next_dagrun for dag_with_task_flow_api_v02 to 2024-02-13 00:00:00+00:00, run_after=2024-02-14 00:00:00+00:00
[2024-02-23T13:35:33.527+0000] {processor.py:183} INFO - Processing /opt/airflow/dags/dag_with_task_flow_api.py took 0.298 seconds
[2024-02-23T13:36:03.665+0000] {processor.py:161} INFO - Started process (PID=496) to work on /opt/airflow/dags/dag_with_task_flow_api.py
[2024-02-23T13:36:03.666+0000] {processor.py:830} INFO - Processing file /opt/airflow/dags/dag_with_task_flow_api.py for tasks to queue
[2024-02-23T13:36:03.668+0000] {logging_mixin.py:188} INFO - [2024-02-23T13:36:03.667+0000] {dagbag.py:538} INFO - Filling up the DagBag from /opt/airflow/dags/dag_with_task_flow_api.py
[2024-02-23T13:36:03.691+0000] {processor.py:840} INFO - DAG(s) 'dag_with_task_flow_api_v02' retrieved from /opt/airflow/dags/dag_with_task_flow_api.py
[2024-02-23T13:36:03.726+0000] {logging_mixin.py:188} INFO - [2024-02-23T13:36:03.726+0000] {dag.py:3036} INFO - Sync 1 DAGs
[2024-02-23T13:36:03.755+0000] {logging_mixin.py:188} INFO - [2024-02-23T13:36:03.755+0000] {dag.py:3823} INFO - Setting next_dagrun for dag_with_task_flow_api_v02 to 2024-02-13 00:00:00+00:00, run_after=2024-02-14 00:00:00+00:00
[2024-02-23T13:36:03.778+0000] {processor.py:183} INFO - Processing /opt/airflow/dags/dag_with_task_flow_api.py took 0.116 seconds
[2024-02-23T13:36:33.943+0000] {processor.py:161} INFO - Started process (PID=523) to work on /opt/airflow/dags/dag_with_task_flow_api.py
[2024-02-23T13:36:33.944+0000] {processor.py:830} INFO - Processing file /opt/airflow/dags/dag_with_task_flow_api.py for tasks to queue
[2024-02-23T13:36:33.945+0000] {logging_mixin.py:188} INFO - [2024-02-23T13:36:33.945+0000] {dagbag.py:538} INFO - Filling up the DagBag from /opt/airflow/dags/dag_with_task_flow_api.py
[2024-02-23T13:36:33.966+0000] {processor.py:840} INFO - DAG(s) 'dag_with_task_flow_api_v02' retrieved from /opt/airflow/dags/dag_with_task_flow_api.py
[2024-02-23T13:36:34.013+0000] {logging_mixin.py:188} INFO - [2024-02-23T13:36:34.013+0000] {dag.py:3036} INFO - Sync 1 DAGs
[2024-02-23T13:36:34.043+0000] {logging_mixin.py:188} INFO - [2024-02-23T13:36:34.042+0000] {dag.py:3823} INFO - Setting next_dagrun for dag_with_task_flow_api_v02 to 2024-02-13 00:00:00+00:00, run_after=2024-02-14 00:00:00+00:00
[2024-02-23T13:36:34.065+0000] {processor.py:183} INFO - Processing /opt/airflow/dags/dag_with_task_flow_api.py took 0.125 seconds
[2024-02-23T13:37:04.215+0000] {processor.py:161} INFO - Started process (PID=550) to work on /opt/airflow/dags/dag_with_task_flow_api.py
[2024-02-23T13:37:04.216+0000] {processor.py:830} INFO - Processing file /opt/airflow/dags/dag_with_task_flow_api.py for tasks to queue
[2024-02-23T13:37:04.217+0000] {logging_mixin.py:188} INFO - [2024-02-23T13:37:04.217+0000] {dagbag.py:538} INFO - Filling up the DagBag from /opt/airflow/dags/dag_with_task_flow_api.py
[2024-02-23T13:37:04.230+0000] {processor.py:840} INFO - DAG(s) 'dag_with_task_flow_api_v02' retrieved from /opt/airflow/dags/dag_with_task_flow_api.py
[2024-02-23T13:37:04.262+0000] {logging_mixin.py:188} INFO - [2024-02-23T13:37:04.262+0000] {dag.py:3036} INFO - Sync 1 DAGs
[2024-02-23T13:37:04.289+0000] {logging_mixin.py:188} INFO - [2024-02-23T13:37:04.289+0000] {dag.py:3823} INFO - Setting next_dagrun for dag_with_task_flow_api_v02 to 2024-02-13 00:00:00+00:00, run_after=2024-02-14 00:00:00+00:00
[2024-02-23T13:37:04.328+0000] {processor.py:183} INFO - Processing /opt/airflow/dags/dag_with_task_flow_api.py took 0.116 seconds
[2024-02-23T13:37:34.472+0000] {processor.py:161} INFO - Started process (PID=577) to work on /opt/airflow/dags/dag_with_task_flow_api.py
[2024-02-23T13:37:34.473+0000] {processor.py:830} INFO - Processing file /opt/airflow/dags/dag_with_task_flow_api.py for tasks to queue
[2024-02-23T13:37:34.474+0000] {logging_mixin.py:188} INFO - [2024-02-23T13:37:34.473+0000] {dagbag.py:538} INFO - Filling up the DagBag from /opt/airflow/dags/dag_with_task_flow_api.py
[2024-02-23T13:37:34.487+0000] {processor.py:840} INFO - DAG(s) 'dag_with_task_flow_api_v02' retrieved from /opt/airflow/dags/dag_with_task_flow_api.py
[2024-02-23T13:37:34.528+0000] {logging_mixin.py:188} INFO - [2024-02-23T13:37:34.528+0000] {dag.py:3036} INFO - Sync 1 DAGs
[2024-02-23T13:37:34.576+0000] {logging_mixin.py:188} INFO - [2024-02-23T13:37:34.576+0000] {dag.py:3823} INFO - Setting next_dagrun for dag_with_task_flow_api_v02 to 2024-02-13 00:00:00+00:00, run_after=2024-02-14 00:00:00+00:00
[2024-02-23T13:37:34.601+0000] {processor.py:183} INFO - Processing /opt/airflow/dags/dag_with_task_flow_api.py took 0.132 seconds
[2024-02-23T13:38:04.736+0000] {processor.py:161} INFO - Started process (PID=605) to work on /opt/airflow/dags/dag_with_task_flow_api.py
[2024-02-23T13:38:04.737+0000] {processor.py:830} INFO - Processing file /opt/airflow/dags/dag_with_task_flow_api.py for tasks to queue
[2024-02-23T13:38:04.738+0000] {logging_mixin.py:188} INFO - [2024-02-23T13:38:04.738+0000] {dagbag.py:538} INFO - Filling up the DagBag from /opt/airflow/dags/dag_with_task_flow_api.py
[2024-02-23T13:38:04.751+0000] {processor.py:840} INFO - DAG(s) 'dag_with_task_flow_api_v02' retrieved from /opt/airflow/dags/dag_with_task_flow_api.py
[2024-02-23T13:38:04.782+0000] {logging_mixin.py:188} INFO - [2024-02-23T13:38:04.782+0000] {dag.py:3036} INFO - Sync 1 DAGs
[2024-02-23T13:38:04.813+0000] {logging_mixin.py:188} INFO - [2024-02-23T13:38:04.812+0000] {dag.py:3823} INFO - Setting next_dagrun for dag_with_task_flow_api_v02 to 2024-02-13 00:00:00+00:00, run_after=2024-02-14 00:00:00+00:00
[2024-02-23T13:38:04.835+0000] {processor.py:183} INFO - Processing /opt/airflow/dags/dag_with_task_flow_api.py took 0.103 seconds
[2024-02-23T13:38:35.004+0000] {processor.py:161} INFO - Started process (PID=632) to work on /opt/airflow/dags/dag_with_task_flow_api.py
[2024-02-23T13:38:35.006+0000] {processor.py:830} INFO - Processing file /opt/airflow/dags/dag_with_task_flow_api.py for tasks to queue
[2024-02-23T13:38:35.007+0000] {logging_mixin.py:188} INFO - [2024-02-23T13:38:35.007+0000] {dagbag.py:538} INFO - Filling up the DagBag from /opt/airflow/dags/dag_with_task_flow_api.py
[2024-02-23T13:38:35.019+0000] {processor.py:840} INFO - DAG(s) 'dag_with_task_flow_api_v02' retrieved from /opt/airflow/dags/dag_with_task_flow_api.py
[2024-02-23T13:38:35.059+0000] {logging_mixin.py:188} INFO - [2024-02-23T13:38:35.058+0000] {dag.py:3036} INFO - Sync 1 DAGs
[2024-02-23T13:38:35.089+0000] {logging_mixin.py:188} INFO - [2024-02-23T13:38:35.089+0000] {dag.py:3823} INFO - Setting next_dagrun for dag_with_task_flow_api_v02 to 2024-02-13 00:00:00+00:00, run_after=2024-02-14 00:00:00+00:00
[2024-02-23T13:38:35.124+0000] {processor.py:183} INFO - Processing /opt/airflow/dags/dag_with_task_flow_api.py took 0.123 seconds
[2024-02-23T13:39:05.268+0000] {processor.py:161} INFO - Started process (PID=660) to work on /opt/airflow/dags/dag_with_task_flow_api.py
[2024-02-23T13:39:05.270+0000] {processor.py:830} INFO - Processing file /opt/airflow/dags/dag_with_task_flow_api.py for tasks to queue
[2024-02-23T13:39:05.271+0000] {logging_mixin.py:188} INFO - [2024-02-23T13:39:05.270+0000] {dagbag.py:538} INFO - Filling up the DagBag from /opt/airflow/dags/dag_with_task_flow_api.py
[2024-02-23T13:39:05.283+0000] {processor.py:840} INFO - DAG(s) 'dag_with_task_flow_api_v02' retrieved from /opt/airflow/dags/dag_with_task_flow_api.py
[2024-02-23T13:39:05.314+0000] {logging_mixin.py:188} INFO - [2024-02-23T13:39:05.313+0000] {dag.py:3036} INFO - Sync 1 DAGs
[2024-02-23T13:39:05.363+0000] {logging_mixin.py:188} INFO - [2024-02-23T13:39:05.363+0000] {dag.py:3823} INFO - Setting next_dagrun for dag_with_task_flow_api_v02 to 2024-02-13 00:00:00+00:00, run_after=2024-02-14 00:00:00+00:00
[2024-02-23T13:39:05.385+0000] {processor.py:183} INFO - Processing /opt/airflow/dags/dag_with_task_flow_api.py took 0.120 seconds
[2024-02-23T13:39:35.519+0000] {processor.py:161} INFO - Started process (PID=687) to work on /opt/airflow/dags/dag_with_task_flow_api.py
[2024-02-23T13:39:35.520+0000] {processor.py:830} INFO - Processing file /opt/airflow/dags/dag_with_task_flow_api.py for tasks to queue
[2024-02-23T13:39:35.520+0000] {logging_mixin.py:188} INFO - [2024-02-23T13:39:35.520+0000] {dagbag.py:538} INFO - Filling up the DagBag from /opt/airflow/dags/dag_with_task_flow_api.py
[2024-02-23T13:39:35.533+0000] {processor.py:840} INFO - DAG(s) 'dag_with_task_flow_api_v02' retrieved from /opt/airflow/dags/dag_with_task_flow_api.py
[2024-02-23T13:39:35.565+0000] {logging_mixin.py:188} INFO - [2024-02-23T13:39:35.565+0000] {dag.py:3036} INFO - Sync 1 DAGs
[2024-02-23T13:39:35.595+0000] {logging_mixin.py:188} INFO - [2024-02-23T13:39:35.593+0000] {dag.py:3823} INFO - Setting next_dagrun for dag_with_task_flow_api_v02 to 2024-02-13 00:00:00+00:00, run_after=2024-02-14 00:00:00+00:00
[2024-02-23T13:39:35.618+0000] {processor.py:183} INFO - Processing /opt/airflow/dags/dag_with_task_flow_api.py took 0.102 seconds
[2024-02-23T13:40:05.797+0000] {processor.py:161} INFO - Started process (PID=715) to work on /opt/airflow/dags/dag_with_task_flow_api.py
[2024-02-23T13:40:05.798+0000] {processor.py:830} INFO - Processing file /opt/airflow/dags/dag_with_task_flow_api.py for tasks to queue
[2024-02-23T13:40:05.799+0000] {logging_mixin.py:188} INFO - [2024-02-23T13:40:05.799+0000] {dagbag.py:538} INFO - Filling up the DagBag from /opt/airflow/dags/dag_with_task_flow_api.py
[2024-02-23T13:40:05.813+0000] {processor.py:840} INFO - DAG(s) 'dag_with_task_flow_api_v02' retrieved from /opt/airflow/dags/dag_with_task_flow_api.py
[2024-02-23T13:40:05.855+0000] {logging_mixin.py:188} INFO - [2024-02-23T13:40:05.855+0000] {dag.py:3036} INFO - Sync 1 DAGs
[2024-02-23T13:40:05.884+0000] {logging_mixin.py:188} INFO - [2024-02-23T13:40:05.883+0000] {dag.py:3823} INFO - Setting next_dagrun for dag_with_task_flow_api_v02 to 2024-02-13 00:00:00+00:00, run_after=2024-02-14 00:00:00+00:00
[2024-02-23T13:40:05.906+0000] {processor.py:183} INFO - Processing /opt/airflow/dags/dag_with_task_flow_api.py took 0.113 seconds
[2024-02-23T13:40:36.062+0000] {processor.py:161} INFO - Started process (PID=742) to work on /opt/airflow/dags/dag_with_task_flow_api.py
[2024-02-23T13:40:36.063+0000] {processor.py:830} INFO - Processing file /opt/airflow/dags/dag_with_task_flow_api.py for tasks to queue
[2024-02-23T13:40:36.064+0000] {logging_mixin.py:188} INFO - [2024-02-23T13:40:36.063+0000] {dagbag.py:538} INFO - Filling up the DagBag from /opt/airflow/dags/dag_with_task_flow_api.py
[2024-02-23T13:40:36.076+0000] {processor.py:840} INFO - DAG(s) 'dag_with_task_flow_api_v02' retrieved from /opt/airflow/dags/dag_with_task_flow_api.py
[2024-02-23T13:40:36.106+0000] {logging_mixin.py:188} INFO - [2024-02-23T13:40:36.106+0000] {dag.py:3036} INFO - Sync 1 DAGs
[2024-02-23T13:40:36.133+0000] {logging_mixin.py:188} INFO - [2024-02-23T13:40:36.132+0000] {dag.py:3823} INFO - Setting next_dagrun for dag_with_task_flow_api_v02 to 2024-02-13 00:00:00+00:00, run_after=2024-02-14 00:00:00+00:00
[2024-02-23T13:40:36.159+0000] {processor.py:183} INFO - Processing /opt/airflow/dags/dag_with_task_flow_api.py took 0.101 seconds
[2024-02-23T13:41:06.327+0000] {processor.py:161} INFO - Started process (PID=769) to work on /opt/airflow/dags/dag_with_task_flow_api.py
[2024-02-23T13:41:06.328+0000] {processor.py:830} INFO - Processing file /opt/airflow/dags/dag_with_task_flow_api.py for tasks to queue
[2024-02-23T13:41:06.329+0000] {logging_mixin.py:188} INFO - [2024-02-23T13:41:06.329+0000] {dagbag.py:538} INFO - Filling up the DagBag from /opt/airflow/dags/dag_with_task_flow_api.py
[2024-02-23T13:41:06.342+0000] {processor.py:840} INFO - DAG(s) 'dag_with_task_flow_api_v02' retrieved from /opt/airflow/dags/dag_with_task_flow_api.py
[2024-02-23T13:41:06.373+0000] {logging_mixin.py:188} INFO - [2024-02-23T13:41:06.373+0000] {dag.py:3036} INFO - Sync 1 DAGs
[2024-02-23T13:41:06.403+0000] {logging_mixin.py:188} INFO - [2024-02-23T13:41:06.403+0000] {dag.py:3823} INFO - Setting next_dagrun for dag_with_task_flow_api_v02 to 2024-02-13 00:00:00+00:00, run_after=2024-02-14 00:00:00+00:00
[2024-02-23T13:41:06.434+0000] {processor.py:183} INFO - Processing /opt/airflow/dags/dag_with_task_flow_api.py took 0.111 seconds
[2024-02-23T13:41:36.602+0000] {processor.py:161} INFO - Started process (PID=796) to work on /opt/airflow/dags/dag_with_task_flow_api.py
[2024-02-23T13:41:36.603+0000] {processor.py:830} INFO - Processing file /opt/airflow/dags/dag_with_task_flow_api.py for tasks to queue
[2024-02-23T13:41:36.609+0000] {logging_mixin.py:188} INFO - [2024-02-23T13:41:36.609+0000] {dagbag.py:538} INFO - Filling up the DagBag from /opt/airflow/dags/dag_with_task_flow_api.py
[2024-02-23T13:41:36.634+0000] {processor.py:840} INFO - DAG(s) 'dag_with_task_flow_api_v02' retrieved from /opt/airflow/dags/dag_with_task_flow_api.py
[2024-02-23T13:41:36.685+0000] {logging_mixin.py:188} INFO - [2024-02-23T13:41:36.685+0000] {dag.py:3036} INFO - Sync 1 DAGs
[2024-02-23T13:41:36.749+0000] {logging_mixin.py:188} INFO - [2024-02-23T13:41:36.749+0000] {dag.py:3823} INFO - Setting next_dagrun for dag_with_task_flow_api_v02 to 2024-02-13 00:00:00+00:00, run_after=2024-02-14 00:00:00+00:00
[2024-02-23T13:41:36.776+0000] {processor.py:183} INFO - Processing /opt/airflow/dags/dag_with_task_flow_api.py took 0.177 seconds
[2024-02-23T13:42:06.912+0000] {processor.py:161} INFO - Started process (PID=823) to work on /opt/airflow/dags/dag_with_task_flow_api.py
[2024-02-23T13:42:06.913+0000] {processor.py:830} INFO - Processing file /opt/airflow/dags/dag_with_task_flow_api.py for tasks to queue
[2024-02-23T13:42:06.914+0000] {logging_mixin.py:188} INFO - [2024-02-23T13:42:06.913+0000] {dagbag.py:538} INFO - Filling up the DagBag from /opt/airflow/dags/dag_with_task_flow_api.py
[2024-02-23T13:42:06.927+0000] {processor.py:840} INFO - DAG(s) 'dag_with_task_flow_api_v02' retrieved from /opt/airflow/dags/dag_with_task_flow_api.py
[2024-02-23T13:42:06.960+0000] {logging_mixin.py:188} INFO - [2024-02-23T13:42:06.960+0000] {dag.py:3036} INFO - Sync 1 DAGs
[2024-02-23T13:42:06.989+0000] {logging_mixin.py:188} INFO - [2024-02-23T13:42:06.989+0000] {dag.py:3823} INFO - Setting next_dagrun for dag_with_task_flow_api_v02 to 2024-02-13 00:00:00+00:00, run_after=2024-02-14 00:00:00+00:00
[2024-02-23T13:42:07.012+0000] {processor.py:183} INFO - Processing /opt/airflow/dags/dag_with_task_flow_api.py took 0.104 seconds
[2024-02-23T13:42:37.162+0000] {processor.py:161} INFO - Started process (PID=851) to work on /opt/airflow/dags/dag_with_task_flow_api.py
[2024-02-23T13:42:37.163+0000] {processor.py:830} INFO - Processing file /opt/airflow/dags/dag_with_task_flow_api.py for tasks to queue
[2024-02-23T13:42:37.164+0000] {logging_mixin.py:188} INFO - [2024-02-23T13:42:37.164+0000] {dagbag.py:538} INFO - Filling up the DagBag from /opt/airflow/dags/dag_with_task_flow_api.py
[2024-02-23T13:42:37.177+0000] {processor.py:840} INFO - DAG(s) 'dag_with_task_flow_api_v02' retrieved from /opt/airflow/dags/dag_with_task_flow_api.py
[2024-02-23T13:42:37.208+0000] {logging_mixin.py:188} INFO - [2024-02-23T13:42:37.207+0000] {dag.py:3036} INFO - Sync 1 DAGs
[2024-02-23T13:42:37.235+0000] {logging_mixin.py:188} INFO - [2024-02-23T13:42:37.235+0000] {dag.py:3823} INFO - Setting next_dagrun for dag_with_task_flow_api_v02 to 2024-02-13 00:00:00+00:00, run_after=2024-02-14 00:00:00+00:00
[2024-02-23T13:42:37.258+0000] {processor.py:183} INFO - Processing /opt/airflow/dags/dag_with_task_flow_api.py took 0.100 seconds
[2024-02-23T13:43:07.425+0000] {processor.py:161} INFO - Started process (PID=879) to work on /opt/airflow/dags/dag_with_task_flow_api.py
[2024-02-23T13:43:07.427+0000] {processor.py:830} INFO - Processing file /opt/airflow/dags/dag_with_task_flow_api.py for tasks to queue
[2024-02-23T13:43:07.428+0000] {logging_mixin.py:188} INFO - [2024-02-23T13:43:07.427+0000] {dagbag.py:538} INFO - Filling up the DagBag from /opt/airflow/dags/dag_with_task_flow_api.py
[2024-02-23T13:43:07.447+0000] {processor.py:840} INFO - DAG(s) 'dag_with_task_flow_api_v02' retrieved from /opt/airflow/dags/dag_with_task_flow_api.py
[2024-02-23T13:43:07.499+0000] {logging_mixin.py:188} INFO - [2024-02-23T13:43:07.499+0000] {dag.py:3036} INFO - Sync 1 DAGs
[2024-02-23T13:43:07.557+0000] {logging_mixin.py:188} INFO - [2024-02-23T13:43:07.557+0000] {dag.py:3823} INFO - Setting next_dagrun for dag_with_task_flow_api_v02 to 2024-02-13 00:00:00+00:00, run_after=2024-02-14 00:00:00+00:00
[2024-02-23T13:43:07.600+0000] {processor.py:183} INFO - Processing /opt/airflow/dags/dag_with_task_flow_api.py took 0.178 seconds
[2024-02-23T13:43:37.773+0000] {processor.py:161} INFO - Started process (PID=906) to work on /opt/airflow/dags/dag_with_task_flow_api.py
[2024-02-23T13:43:37.774+0000] {processor.py:830} INFO - Processing file /opt/airflow/dags/dag_with_task_flow_api.py for tasks to queue
[2024-02-23T13:43:37.775+0000] {logging_mixin.py:188} INFO - [2024-02-23T13:43:37.775+0000] {dagbag.py:538} INFO - Filling up the DagBag from /opt/airflow/dags/dag_with_task_flow_api.py
[2024-02-23T13:43:37.799+0000] {processor.py:840} INFO - DAG(s) 'dag_with_task_flow_api_v02' retrieved from /opt/airflow/dags/dag_with_task_flow_api.py
[2024-02-23T13:43:37.883+0000] {logging_mixin.py:188} INFO - [2024-02-23T13:43:37.883+0000] {dag.py:3036} INFO - Sync 1 DAGs
[2024-02-23T13:43:37.927+0000] {logging_mixin.py:188} INFO - [2024-02-23T13:43:37.927+0000] {dag.py:3823} INFO - Setting next_dagrun for dag_with_task_flow_api_v02 to 2024-02-13 00:00:00+00:00, run_after=2024-02-14 00:00:00+00:00
[2024-02-23T13:43:37.949+0000] {processor.py:183} INFO - Processing /opt/airflow/dags/dag_with_task_flow_api.py took 0.180 seconds
[2024-02-23T13:44:08.096+0000] {processor.py:161} INFO - Started process (PID=933) to work on /opt/airflow/dags/dag_with_task_flow_api.py
[2024-02-23T13:44:08.097+0000] {processor.py:830} INFO - Processing file /opt/airflow/dags/dag_with_task_flow_api.py for tasks to queue
[2024-02-23T13:44:08.098+0000] {logging_mixin.py:188} INFO - [2024-02-23T13:44:08.098+0000] {dagbag.py:538} INFO - Filling up the DagBag from /opt/airflow/dags/dag_with_task_flow_api.py
[2024-02-23T13:44:08.111+0000] {processor.py:840} INFO - DAG(s) 'dag_with_task_flow_api_v02' retrieved from /opt/airflow/dags/dag_with_task_flow_api.py
[2024-02-23T13:44:08.152+0000] {logging_mixin.py:188} INFO - [2024-02-23T13:44:08.151+0000] {dag.py:3036} INFO - Sync 1 DAGs
[2024-02-23T13:44:08.184+0000] {logging_mixin.py:188} INFO - [2024-02-23T13:44:08.184+0000] {dag.py:3823} INFO - Setting next_dagrun for dag_with_task_flow_api_v02 to 2024-02-13 00:00:00+00:00, run_after=2024-02-14 00:00:00+00:00
[2024-02-23T13:44:08.212+0000] {processor.py:183} INFO - Processing /opt/airflow/dags/dag_with_task_flow_api.py took 0.123 seconds
[2024-02-23T13:44:38.360+0000] {processor.py:161} INFO - Started process (PID=961) to work on /opt/airflow/dags/dag_with_task_flow_api.py
[2024-02-23T13:44:38.361+0000] {processor.py:830} INFO - Processing file /opt/airflow/dags/dag_with_task_flow_api.py for tasks to queue
[2024-02-23T13:44:38.362+0000] {logging_mixin.py:188} INFO - [2024-02-23T13:44:38.362+0000] {dagbag.py:538} INFO - Filling up the DagBag from /opt/airflow/dags/dag_with_task_flow_api.py
[2024-02-23T13:44:38.375+0000] {processor.py:840} INFO - DAG(s) 'dag_with_task_flow_api_v02' retrieved from /opt/airflow/dags/dag_with_task_flow_api.py
[2024-02-23T13:44:38.406+0000] {logging_mixin.py:188} INFO - [2024-02-23T13:44:38.406+0000] {dag.py:3036} INFO - Sync 1 DAGs
[2024-02-23T13:44:38.433+0000] {logging_mixin.py:188} INFO - [2024-02-23T13:44:38.432+0000] {dag.py:3823} INFO - Setting next_dagrun for dag_with_task_flow_api_v02 to 2024-02-13 00:00:00+00:00, run_after=2024-02-14 00:00:00+00:00
[2024-02-23T13:44:38.463+0000] {processor.py:183} INFO - Processing /opt/airflow/dags/dag_with_task_flow_api.py took 0.107 seconds
[2024-02-23T13:45:08.621+0000] {processor.py:161} INFO - Started process (PID=987) to work on /opt/airflow/dags/dag_with_task_flow_api.py
[2024-02-23T13:45:08.622+0000] {processor.py:830} INFO - Processing file /opt/airflow/dags/dag_with_task_flow_api.py for tasks to queue
[2024-02-23T13:45:08.623+0000] {logging_mixin.py:188} INFO - [2024-02-23T13:45:08.623+0000] {dagbag.py:538} INFO - Filling up the DagBag from /opt/airflow/dags/dag_with_task_flow_api.py
[2024-02-23T13:45:08.636+0000] {processor.py:840} INFO - DAG(s) 'dag_with_task_flow_api_v02' retrieved from /opt/airflow/dags/dag_with_task_flow_api.py
[2024-02-23T13:45:08.666+0000] {logging_mixin.py:188} INFO - [2024-02-23T13:45:08.666+0000] {dag.py:3036} INFO - Sync 1 DAGs
[2024-02-23T13:45:08.694+0000] {logging_mixin.py:188} INFO - [2024-02-23T13:45:08.693+0000] {dag.py:3823} INFO - Setting next_dagrun for dag_with_task_flow_api_v02 to 2024-02-13 00:00:00+00:00, run_after=2024-02-14 00:00:00+00:00
[2024-02-23T13:45:08.716+0000] {processor.py:183} INFO - Processing /opt/airflow/dags/dag_with_task_flow_api.py took 0.098 seconds
[2024-02-23T13:45:39.018+0000] {processor.py:161} INFO - Started process (PID=1015) to work on /opt/airflow/dags/dag_with_task_flow_api.py
[2024-02-23T13:45:39.026+0000] {processor.py:830} INFO - Processing file /opt/airflow/dags/dag_with_task_flow_api.py for tasks to queue
[2024-02-23T13:45:39.027+0000] {logging_mixin.py:188} INFO - [2024-02-23T13:45:39.026+0000] {dagbag.py:538} INFO - Filling up the DagBag from /opt/airflow/dags/dag_with_task_flow_api.py
[2024-02-23T13:45:39.044+0000] {processor.py:840} INFO - DAG(s) 'dag_with_task_flow_api_v02' retrieved from /opt/airflow/dags/dag_with_task_flow_api.py
[2024-02-23T13:45:39.078+0000] {logging_mixin.py:188} INFO - [2024-02-23T13:45:39.078+0000] {dag.py:3036} INFO - Sync 1 DAGs
[2024-02-23T13:45:39.150+0000] {logging_mixin.py:188} INFO - [2024-02-23T13:45:39.149+0000] {dag.py:3823} INFO - Setting next_dagrun for dag_with_task_flow_api_v02 to 2024-02-13 00:00:00+00:00, run_after=2024-02-14 00:00:00+00:00
[2024-02-23T13:45:39.231+0000] {processor.py:183} INFO - Processing /opt/airflow/dags/dag_with_task_flow_api.py took 0.217 seconds
[2024-02-23T13:46:09.539+0000] {processor.py:161} INFO - Started process (PID=1048) to work on /opt/airflow/dags/dag_with_task_flow_api.py
[2024-02-23T13:46:09.541+0000] {processor.py:830} INFO - Processing file /opt/airflow/dags/dag_with_task_flow_api.py for tasks to queue
[2024-02-23T13:46:09.542+0000] {logging_mixin.py:188} INFO - [2024-02-23T13:46:09.542+0000] {dagbag.py:538} INFO - Filling up the DagBag from /opt/airflow/dags/dag_with_task_flow_api.py
[2024-02-23T13:46:09.577+0000] {processor.py:840} INFO - DAG(s) 'dag_with_task_flow_api_v02' retrieved from /opt/airflow/dags/dag_with_task_flow_api.py
[2024-02-23T13:46:09.618+0000] {logging_mixin.py:188} INFO - [2024-02-23T13:46:09.618+0000] {dag.py:3036} INFO - Sync 1 DAGs
[2024-02-23T13:46:09.645+0000] {logging_mixin.py:188} INFO - [2024-02-23T13:46:09.645+0000] {dag.py:3823} INFO - Setting next_dagrun for dag_with_task_flow_api_v02 to 2024-02-13 00:00:00+00:00, run_after=2024-02-14 00:00:00+00:00
[2024-02-23T13:46:09.674+0000] {processor.py:183} INFO - Processing /opt/airflow/dags/dag_with_task_flow_api.py took 0.138 seconds
[2024-02-23T13:46:39.838+0000] {processor.py:161} INFO - Started process (PID=1074) to work on /opt/airflow/dags/dag_with_task_flow_api.py
[2024-02-23T13:46:39.840+0000] {processor.py:830} INFO - Processing file /opt/airflow/dags/dag_with_task_flow_api.py for tasks to queue
[2024-02-23T13:46:39.841+0000] {logging_mixin.py:188} INFO - [2024-02-23T13:46:39.840+0000] {dagbag.py:538} INFO - Filling up the DagBag from /opt/airflow/dags/dag_with_task_flow_api.py
[2024-02-23T13:46:39.853+0000] {processor.py:840} INFO - DAG(s) 'dag_with_task_flow_api_v02' retrieved from /opt/airflow/dags/dag_with_task_flow_api.py
[2024-02-23T13:46:39.883+0000] {logging_mixin.py:188} INFO - [2024-02-23T13:46:39.883+0000] {dag.py:3036} INFO - Sync 1 DAGs
[2024-02-23T13:46:39.914+0000] {logging_mixin.py:188} INFO - [2024-02-23T13:46:39.914+0000] {dag.py:3823} INFO - Setting next_dagrun for dag_with_task_flow_api_v02 to 2024-02-13 00:00:00+00:00, run_after=2024-02-14 00:00:00+00:00
[2024-02-23T13:46:39.939+0000] {processor.py:183} INFO - Processing /opt/airflow/dags/dag_with_task_flow_api.py took 0.105 seconds
[2024-02-23T13:47:10.339+0000] {processor.py:161} INFO - Started process (PID=1097) to work on /opt/airflow/dags/dag_with_task_flow_api.py
[2024-02-23T13:47:10.340+0000] {processor.py:830} INFO - Processing file /opt/airflow/dags/dag_with_task_flow_api.py for tasks to queue
[2024-02-23T13:47:10.341+0000] {logging_mixin.py:188} INFO - [2024-02-23T13:47:10.341+0000] {dagbag.py:538} INFO - Filling up the DagBag from /opt/airflow/dags/dag_with_task_flow_api.py
[2024-02-23T13:47:10.354+0000] {processor.py:840} INFO - DAG(s) 'dag_with_task_flow_api_v02' retrieved from /opt/airflow/dags/dag_with_task_flow_api.py
[2024-02-23T13:47:10.386+0000] {logging_mixin.py:188} INFO - [2024-02-23T13:47:10.386+0000] {dag.py:3036} INFO - Sync 1 DAGs
[2024-02-23T13:47:10.412+0000] {logging_mixin.py:188} INFO - [2024-02-23T13:47:10.412+0000] {dag.py:3823} INFO - Setting next_dagrun for dag_with_task_flow_api_v02 to 2024-02-13 00:00:00+00:00, run_after=2024-02-14 00:00:00+00:00
[2024-02-23T13:47:10.440+0000] {processor.py:183} INFO - Processing /opt/airflow/dags/dag_with_task_flow_api.py took 0.104 seconds
[2024-02-23T13:47:40.583+0000] {processor.py:161} INFO - Started process (PID=1124) to work on /opt/airflow/dags/dag_with_task_flow_api.py
[2024-02-23T13:47:40.584+0000] {processor.py:830} INFO - Processing file /opt/airflow/dags/dag_with_task_flow_api.py for tasks to queue
[2024-02-23T13:47:40.585+0000] {logging_mixin.py:188} INFO - [2024-02-23T13:47:40.585+0000] {dagbag.py:538} INFO - Filling up the DagBag from /opt/airflow/dags/dag_with_task_flow_api.py
[2024-02-23T13:47:40.598+0000] {processor.py:840} INFO - DAG(s) 'dag_with_task_flow_api_v02' retrieved from /opt/airflow/dags/dag_with_task_flow_api.py
[2024-02-23T13:47:40.629+0000] {logging_mixin.py:188} INFO - [2024-02-23T13:47:40.629+0000] {dag.py:3036} INFO - Sync 1 DAGs
[2024-02-23T13:47:40.656+0000] {logging_mixin.py:188} INFO - [2024-02-23T13:47:40.656+0000] {dag.py:3823} INFO - Setting next_dagrun for dag_with_task_flow_api_v02 to 2024-02-13 00:00:00+00:00, run_after=2024-02-14 00:00:00+00:00
[2024-02-23T13:47:40.684+0000] {processor.py:183} INFO - Processing /opt/airflow/dags/dag_with_task_flow_api.py took 0.104 seconds
[2024-02-23T13:48:10.849+0000] {processor.py:161} INFO - Started process (PID=1151) to work on /opt/airflow/dags/dag_with_task_flow_api.py
[2024-02-23T13:48:10.850+0000] {processor.py:830} INFO - Processing file /opt/airflow/dags/dag_with_task_flow_api.py for tasks to queue
[2024-02-23T13:48:10.851+0000] {logging_mixin.py:188} INFO - [2024-02-23T13:48:10.851+0000] {dagbag.py:538} INFO - Filling up the DagBag from /opt/airflow/dags/dag_with_task_flow_api.py
[2024-02-23T13:48:10.864+0000] {processor.py:840} INFO - DAG(s) 'dag_with_task_flow_api_v02' retrieved from /opt/airflow/dags/dag_with_task_flow_api.py
[2024-02-23T13:48:10.895+0000] {logging_mixin.py:188} INFO - [2024-02-23T13:48:10.895+0000] {dag.py:3036} INFO - Sync 1 DAGs
[2024-02-23T13:48:10.922+0000] {logging_mixin.py:188} INFO - [2024-02-23T13:48:10.921+0000] {dag.py:3823} INFO - Setting next_dagrun for dag_with_task_flow_api_v02 to 2024-02-13 00:00:00+00:00, run_after=2024-02-14 00:00:00+00:00
[2024-02-23T13:48:10.949+0000] {processor.py:183} INFO - Processing /opt/airflow/dags/dag_with_task_flow_api.py took 0.104 seconds
[2024-02-23T13:48:41.094+0000] {processor.py:161} INFO - Started process (PID=1178) to work on /opt/airflow/dags/dag_with_task_flow_api.py
[2024-02-23T13:48:41.095+0000] {processor.py:830} INFO - Processing file /opt/airflow/dags/dag_with_task_flow_api.py for tasks to queue
[2024-02-23T13:48:41.096+0000] {logging_mixin.py:188} INFO - [2024-02-23T13:48:41.096+0000] {dagbag.py:538} INFO - Filling up the DagBag from /opt/airflow/dags/dag_with_task_flow_api.py
[2024-02-23T13:48:41.109+0000] {processor.py:840} INFO - DAG(s) 'dag_with_task_flow_api_v02' retrieved from /opt/airflow/dags/dag_with_task_flow_api.py
[2024-02-23T13:48:41.140+0000] {logging_mixin.py:188} INFO - [2024-02-23T13:48:41.140+0000] {dag.py:3036} INFO - Sync 1 DAGs
[2024-02-23T13:48:41.169+0000] {logging_mixin.py:188} INFO - [2024-02-23T13:48:41.168+0000] {dag.py:3823} INFO - Setting next_dagrun for dag_with_task_flow_api_v02 to 2024-02-13 00:00:00+00:00, run_after=2024-02-14 00:00:00+00:00
[2024-02-23T13:48:41.191+0000] {processor.py:183} INFO - Processing /opt/airflow/dags/dag_with_task_flow_api.py took 0.100 seconds
[2024-02-23T13:49:11.344+0000] {processor.py:161} INFO - Started process (PID=1205) to work on /opt/airflow/dags/dag_with_task_flow_api.py
[2024-02-23T13:49:11.346+0000] {processor.py:830} INFO - Processing file /opt/airflow/dags/dag_with_task_flow_api.py for tasks to queue
[2024-02-23T13:49:11.347+0000] {logging_mixin.py:188} INFO - [2024-02-23T13:49:11.346+0000] {dagbag.py:538} INFO - Filling up the DagBag from /opt/airflow/dags/dag_with_task_flow_api.py
[2024-02-23T13:49:11.359+0000] {processor.py:840} INFO - DAG(s) 'dag_with_task_flow_api_v02' retrieved from /opt/airflow/dags/dag_with_task_flow_api.py
[2024-02-23T13:49:11.391+0000] {logging_mixin.py:188} INFO - [2024-02-23T13:49:11.390+0000] {dag.py:3036} INFO - Sync 1 DAGs
[2024-02-23T13:49:11.418+0000] {logging_mixin.py:188} INFO - [2024-02-23T13:49:11.418+0000] {dag.py:3823} INFO - Setting next_dagrun for dag_with_task_flow_api_v02 to 2024-02-13 00:00:00+00:00, run_after=2024-02-14 00:00:00+00:00
[2024-02-23T13:49:11.441+0000] {processor.py:183} INFO - Processing /opt/airflow/dags/dag_with_task_flow_api.py took 0.100 seconds
[2024-02-23T13:49:41.591+0000] {processor.py:161} INFO - Started process (PID=1232) to work on /opt/airflow/dags/dag_with_task_flow_api.py
[2024-02-23T13:49:41.592+0000] {processor.py:830} INFO - Processing file /opt/airflow/dags/dag_with_task_flow_api.py for tasks to queue
[2024-02-23T13:49:41.593+0000] {logging_mixin.py:188} INFO - [2024-02-23T13:49:41.593+0000] {dagbag.py:538} INFO - Filling up the DagBag from /opt/airflow/dags/dag_with_task_flow_api.py
[2024-02-23T13:49:41.605+0000] {processor.py:840} INFO - DAG(s) 'dag_with_task_flow_api_v02' retrieved from /opt/airflow/dags/dag_with_task_flow_api.py
[2024-02-23T13:49:41.636+0000] {logging_mixin.py:188} INFO - [2024-02-23T13:49:41.636+0000] {dag.py:3036} INFO - Sync 1 DAGs
[2024-02-23T13:49:41.662+0000] {logging_mixin.py:188} INFO - [2024-02-23T13:49:41.662+0000] {dag.py:3823} INFO - Setting next_dagrun for dag_with_task_flow_api_v02 to 2024-02-13 00:00:00+00:00, run_after=2024-02-14 00:00:00+00:00
[2024-02-23T13:49:41.697+0000] {processor.py:183} INFO - Processing /opt/airflow/dags/dag_with_task_flow_api.py took 0.109 seconds
[2024-02-23T13:50:11.869+0000] {processor.py:161} INFO - Started process (PID=1259) to work on /opt/airflow/dags/dag_with_task_flow_api.py
[2024-02-23T13:50:11.870+0000] {processor.py:830} INFO - Processing file /opt/airflow/dags/dag_with_task_flow_api.py for tasks to queue
[2024-02-23T13:50:11.871+0000] {logging_mixin.py:188} INFO - [2024-02-23T13:50:11.871+0000] {dagbag.py:538} INFO - Filling up the DagBag from /opt/airflow/dags/dag_with_task_flow_api.py
[2024-02-23T13:50:11.888+0000] {processor.py:840} INFO - DAG(s) 'dag_with_task_flow_api_v02' retrieved from /opt/airflow/dags/dag_with_task_flow_api.py
[2024-02-23T13:50:11.951+0000] {logging_mixin.py:188} INFO - [2024-02-23T13:50:11.951+0000] {dag.py:3036} INFO - Sync 1 DAGs
[2024-02-23T13:50:12.021+0000] {logging_mixin.py:188} INFO - [2024-02-23T13:50:12.021+0000] {dag.py:3823} INFO - Setting next_dagrun for dag_with_task_flow_api_v02 to 2024-02-13 00:00:00+00:00, run_after=2024-02-14 00:00:00+00:00
[2024-02-23T13:50:12.063+0000] {processor.py:183} INFO - Processing /opt/airflow/dags/dag_with_task_flow_api.py took 0.198 seconds
[2024-02-23T13:50:42.201+0000] {processor.py:161} INFO - Started process (PID=1287) to work on /opt/airflow/dags/dag_with_task_flow_api.py
[2024-02-23T13:50:42.202+0000] {processor.py:830} INFO - Processing file /opt/airflow/dags/dag_with_task_flow_api.py for tasks to queue
[2024-02-23T13:50:42.203+0000] {logging_mixin.py:188} INFO - [2024-02-23T13:50:42.203+0000] {dagbag.py:538} INFO - Filling up the DagBag from /opt/airflow/dags/dag_with_task_flow_api.py
[2024-02-23T13:50:42.216+0000] {processor.py:840} INFO - DAG(s) 'dag_with_task_flow_api_v02' retrieved from /opt/airflow/dags/dag_with_task_flow_api.py
[2024-02-23T13:50:42.250+0000] {logging_mixin.py:188} INFO - [2024-02-23T13:50:42.249+0000] {dag.py:3036} INFO - Sync 1 DAGs
[2024-02-23T13:50:42.285+0000] {logging_mixin.py:188} INFO - [2024-02-23T13:50:42.285+0000] {dag.py:3823} INFO - Setting next_dagrun for dag_with_task_flow_api_v02 to 2024-02-13 00:00:00+00:00, run_after=2024-02-14 00:00:00+00:00
[2024-02-23T13:50:42.320+0000] {processor.py:183} INFO - Processing /opt/airflow/dags/dag_with_task_flow_api.py took 0.122 seconds
[2024-02-23T13:51:12.485+0000] {processor.py:161} INFO - Started process (PID=1315) to work on /opt/airflow/dags/dag_with_task_flow_api.py
[2024-02-23T13:51:12.486+0000] {processor.py:830} INFO - Processing file /opt/airflow/dags/dag_with_task_flow_api.py for tasks to queue
[2024-02-23T13:51:12.487+0000] {logging_mixin.py:188} INFO - [2024-02-23T13:51:12.487+0000] {dagbag.py:538} INFO - Filling up the DagBag from /opt/airflow/dags/dag_with_task_flow_api.py
[2024-02-23T13:51:12.499+0000] {processor.py:840} INFO - DAG(s) 'dag_with_task_flow_api_v02' retrieved from /opt/airflow/dags/dag_with_task_flow_api.py
[2024-02-23T13:51:12.531+0000] {logging_mixin.py:188} INFO - [2024-02-23T13:51:12.531+0000] {dag.py:3036} INFO - Sync 1 DAGs
[2024-02-23T13:51:12.561+0000] {logging_mixin.py:188} INFO - [2024-02-23T13:51:12.561+0000] {dag.py:3823} INFO - Setting next_dagrun for dag_with_task_flow_api_v02 to 2024-02-13 00:00:00+00:00, run_after=2024-02-14 00:00:00+00:00
[2024-02-23T13:51:12.584+0000] {processor.py:183} INFO - Processing /opt/airflow/dags/dag_with_task_flow_api.py took 0.103 seconds
[2024-02-23T13:51:42.728+0000] {processor.py:161} INFO - Started process (PID=1342) to work on /opt/airflow/dags/dag_with_task_flow_api.py
[2024-02-23T13:51:42.729+0000] {processor.py:830} INFO - Processing file /opt/airflow/dags/dag_with_task_flow_api.py for tasks to queue
[2024-02-23T13:51:42.730+0000] {logging_mixin.py:188} INFO - [2024-02-23T13:51:42.729+0000] {dagbag.py:538} INFO - Filling up the DagBag from /opt/airflow/dags/dag_with_task_flow_api.py
[2024-02-23T13:51:42.742+0000] {processor.py:840} INFO - DAG(s) 'dag_with_task_flow_api_v02' retrieved from /opt/airflow/dags/dag_with_task_flow_api.py
[2024-02-23T13:51:42.775+0000] {logging_mixin.py:188} INFO - [2024-02-23T13:51:42.775+0000] {dag.py:3036} INFO - Sync 1 DAGs
[2024-02-23T13:51:42.805+0000] {logging_mixin.py:188} INFO - [2024-02-23T13:51:42.805+0000] {dag.py:3823} INFO - Setting next_dagrun for dag_with_task_flow_api_v02 to 2024-02-13 00:00:00+00:00, run_after=2024-02-14 00:00:00+00:00
[2024-02-23T13:51:42.862+0000] {processor.py:183} INFO - Processing /opt/airflow/dags/dag_with_task_flow_api.py took 0.137 seconds
[2024-02-23T13:52:13.038+0000] {processor.py:161} INFO - Started process (PID=1369) to work on /opt/airflow/dags/dag_with_task_flow_api.py
[2024-02-23T13:52:13.039+0000] {processor.py:830} INFO - Processing file /opt/airflow/dags/dag_with_task_flow_api.py for tasks to queue
[2024-02-23T13:52:13.040+0000] {logging_mixin.py:188} INFO - [2024-02-23T13:52:13.039+0000] {dagbag.py:538} INFO - Filling up the DagBag from /opt/airflow/dags/dag_with_task_flow_api.py
[2024-02-23T13:52:13.053+0000] {processor.py:840} INFO - DAG(s) 'dag_with_task_flow_api_v02' retrieved from /opt/airflow/dags/dag_with_task_flow_api.py
[2024-02-23T13:52:13.116+0000] {logging_mixin.py:188} INFO - [2024-02-23T13:52:13.116+0000] {dag.py:3036} INFO - Sync 1 DAGs
[2024-02-23T13:52:13.143+0000] {logging_mixin.py:188} INFO - [2024-02-23T13:52:13.143+0000] {dag.py:3823} INFO - Setting next_dagrun for dag_with_task_flow_api_v02 to 2024-02-13 00:00:00+00:00, run_after=2024-02-14 00:00:00+00:00
[2024-02-23T13:52:13.167+0000] {processor.py:183} INFO - Processing /opt/airflow/dags/dag_with_task_flow_api.py took 0.133 seconds
[2024-02-23T13:52:43.330+0000] {processor.py:161} INFO - Started process (PID=1396) to work on /opt/airflow/dags/dag_with_task_flow_api.py
[2024-02-23T13:52:43.332+0000] {processor.py:830} INFO - Processing file /opt/airflow/dags/dag_with_task_flow_api.py for tasks to queue
[2024-02-23T13:52:43.333+0000] {logging_mixin.py:188} INFO - [2024-02-23T13:52:43.333+0000] {dagbag.py:538} INFO - Filling up the DagBag from /opt/airflow/dags/dag_with_task_flow_api.py
[2024-02-23T13:52:43.346+0000] {processor.py:840} INFO - DAG(s) 'dag_with_task_flow_api_v02' retrieved from /opt/airflow/dags/dag_with_task_flow_api.py
[2024-02-23T13:52:43.386+0000] {logging_mixin.py:188} INFO - [2024-02-23T13:52:43.386+0000] {dag.py:3036} INFO - Sync 1 DAGs
[2024-02-23T13:52:43.462+0000] {logging_mixin.py:188} INFO - [2024-02-23T13:52:43.455+0000] {dag.py:3823} INFO - Setting next_dagrun for dag_with_task_flow_api_v02 to 2024-02-13 00:00:00+00:00, run_after=2024-02-14 00:00:00+00:00
[2024-02-23T13:52:43.501+0000] {processor.py:183} INFO - Processing /opt/airflow/dags/dag_with_task_flow_api.py took 0.174 seconds
[2024-02-23T13:53:13.631+0000] {processor.py:161} INFO - Started process (PID=1423) to work on /opt/airflow/dags/dag_with_task_flow_api.py
[2024-02-23T13:53:13.632+0000] {processor.py:830} INFO - Processing file /opt/airflow/dags/dag_with_task_flow_api.py for tasks to queue
[2024-02-23T13:53:13.633+0000] {logging_mixin.py:188} INFO - [2024-02-23T13:53:13.633+0000] {dagbag.py:538} INFO - Filling up the DagBag from /opt/airflow/dags/dag_with_task_flow_api.py
[2024-02-23T13:53:13.646+0000] {processor.py:840} INFO - DAG(s) 'dag_with_task_flow_api_v02' retrieved from /opt/airflow/dags/dag_with_task_flow_api.py
[2024-02-23T13:53:13.720+0000] {logging_mixin.py:188} INFO - [2024-02-23T13:53:13.720+0000] {dag.py:3036} INFO - Sync 1 DAGs
[2024-02-23T13:53:13.764+0000] {logging_mixin.py:188} INFO - [2024-02-23T13:53:13.764+0000] {dag.py:3823} INFO - Setting next_dagrun for dag_with_task_flow_api_v02 to 2024-02-13 00:00:00+00:00, run_after=2024-02-14 00:00:00+00:00
[2024-02-23T13:53:13.787+0000] {processor.py:183} INFO - Processing /opt/airflow/dags/dag_with_task_flow_api.py took 0.159 seconds
[2024-02-23T13:53:43.956+0000] {processor.py:161} INFO - Started process (PID=1451) to work on /opt/airflow/dags/dag_with_task_flow_api.py
[2024-02-23T13:53:43.957+0000] {processor.py:830} INFO - Processing file /opt/airflow/dags/dag_with_task_flow_api.py for tasks to queue
[2024-02-23T13:53:43.957+0000] {logging_mixin.py:188} INFO - [2024-02-23T13:53:43.957+0000] {dagbag.py:538} INFO - Filling up the DagBag from /opt/airflow/dags/dag_with_task_flow_api.py
[2024-02-23T13:53:43.978+0000] {processor.py:840} INFO - DAG(s) 'dag_with_task_flow_api_v02' retrieved from /opt/airflow/dags/dag_with_task_flow_api.py
[2024-02-23T13:53:44.056+0000] {logging_mixin.py:188} INFO - [2024-02-23T13:53:44.056+0000] {dag.py:3036} INFO - Sync 1 DAGs
[2024-02-23T13:53:44.090+0000] {logging_mixin.py:188} INFO - [2024-02-23T13:53:44.089+0000] {dag.py:3823} INFO - Setting next_dagrun for dag_with_task_flow_api_v02 to 2024-02-13 00:00:00+00:00, run_after=2024-02-14 00:00:00+00:00
[2024-02-23T13:53:44.120+0000] {processor.py:183} INFO - Processing /opt/airflow/dags/dag_with_task_flow_api.py took 0.173 seconds
[2024-02-23T13:54:14.264+0000] {processor.py:161} INFO - Started process (PID=1478) to work on /opt/airflow/dags/dag_with_task_flow_api.py
[2024-02-23T13:54:14.265+0000] {processor.py:830} INFO - Processing file /opt/airflow/dags/dag_with_task_flow_api.py for tasks to queue
[2024-02-23T13:54:14.266+0000] {logging_mixin.py:188} INFO - [2024-02-23T13:54:14.266+0000] {dagbag.py:538} INFO - Filling up the DagBag from /opt/airflow/dags/dag_with_task_flow_api.py
[2024-02-23T13:54:14.278+0000] {processor.py:840} INFO - DAG(s) 'dag_with_task_flow_api_v02' retrieved from /opt/airflow/dags/dag_with_task_flow_api.py
[2024-02-23T13:54:14.310+0000] {logging_mixin.py:188} INFO - [2024-02-23T13:54:14.309+0000] {dag.py:3036} INFO - Sync 1 DAGs
[2024-02-23T13:54:14.337+0000] {logging_mixin.py:188} INFO - [2024-02-23T13:54:14.337+0000] {dag.py:3823} INFO - Setting next_dagrun for dag_with_task_flow_api_v02 to 2024-02-13 00:00:00+00:00, run_after=2024-02-14 00:00:00+00:00
[2024-02-23T13:54:14.360+0000] {processor.py:183} INFO - Processing /opt/airflow/dags/dag_with_task_flow_api.py took 0.099 seconds
[2024-02-23T13:54:44.513+0000] {processor.py:161} INFO - Started process (PID=1506) to work on /opt/airflow/dags/dag_with_task_flow_api.py
[2024-02-23T13:54:44.514+0000] {processor.py:830} INFO - Processing file /opt/airflow/dags/dag_with_task_flow_api.py for tasks to queue
[2024-02-23T13:54:44.516+0000] {logging_mixin.py:188} INFO - [2024-02-23T13:54:44.515+0000] {dagbag.py:538} INFO - Filling up the DagBag from /opt/airflow/dags/dag_with_task_flow_api.py
[2024-02-23T13:54:44.528+0000] {processor.py:840} INFO - DAG(s) 'dag_with_task_flow_api_v02' retrieved from /opt/airflow/dags/dag_with_task_flow_api.py
[2024-02-23T13:54:44.567+0000] {logging_mixin.py:188} INFO - [2024-02-23T13:54:44.567+0000] {dag.py:3036} INFO - Sync 1 DAGs
[2024-02-23T13:54:44.613+0000] {logging_mixin.py:188} INFO - [2024-02-23T13:54:44.613+0000] {dag.py:3823} INFO - Setting next_dagrun for dag_with_task_flow_api_v02 to 2024-02-13 00:00:00+00:00, run_after=2024-02-14 00:00:00+00:00
[2024-02-23T13:54:44.652+0000] {processor.py:183} INFO - Processing /opt/airflow/dags/dag_with_task_flow_api.py took 0.142 seconds
[2024-02-23T13:55:14.814+0000] {processor.py:161} INFO - Started process (PID=1533) to work on /opt/airflow/dags/dag_with_task_flow_api.py
[2024-02-23T13:55:14.815+0000] {processor.py:830} INFO - Processing file /opt/airflow/dags/dag_with_task_flow_api.py for tasks to queue
[2024-02-23T13:55:14.816+0000] {logging_mixin.py:188} INFO - [2024-02-23T13:55:14.816+0000] {dagbag.py:538} INFO - Filling up the DagBag from /opt/airflow/dags/dag_with_task_flow_api.py
[2024-02-23T13:55:14.829+0000] {processor.py:840} INFO - DAG(s) 'dag_with_task_flow_api_v02' retrieved from /opt/airflow/dags/dag_with_task_flow_api.py
[2024-02-23T13:55:14.861+0000] {logging_mixin.py:188} INFO - [2024-02-23T13:55:14.861+0000] {dag.py:3036} INFO - Sync 1 DAGs
[2024-02-23T13:55:14.889+0000] {logging_mixin.py:188} INFO - [2024-02-23T13:55:14.889+0000] {dag.py:3823} INFO - Setting next_dagrun for dag_with_task_flow_api_v02 to 2024-02-13 00:00:00+00:00, run_after=2024-02-14 00:00:00+00:00
[2024-02-23T13:55:14.913+0000] {processor.py:183} INFO - Processing /opt/airflow/dags/dag_with_task_flow_api.py took 0.102 seconds
[2024-02-23T13:55:45.104+0000] {processor.py:161} INFO - Started process (PID=1560) to work on /opt/airflow/dags/dag_with_task_flow_api.py
[2024-02-23T13:55:45.105+0000] {processor.py:830} INFO - Processing file /opt/airflow/dags/dag_with_task_flow_api.py for tasks to queue
[2024-02-23T13:55:45.106+0000] {logging_mixin.py:188} INFO - [2024-02-23T13:55:45.105+0000] {dagbag.py:538} INFO - Filling up the DagBag from /opt/airflow/dags/dag_with_task_flow_api.py
[2024-02-23T13:55:45.118+0000] {processor.py:840} INFO - DAG(s) 'dag_with_task_flow_api_v02' retrieved from /opt/airflow/dags/dag_with_task_flow_api.py
[2024-02-23T13:55:45.150+0000] {logging_mixin.py:188} INFO - [2024-02-23T13:55:45.150+0000] {dag.py:3036} INFO - Sync 1 DAGs
[2024-02-23T13:55:45.177+0000] {logging_mixin.py:188} INFO - [2024-02-23T13:55:45.177+0000] {dag.py:3823} INFO - Setting next_dagrun for dag_with_task_flow_api_v02 to 2024-02-13 00:00:00+00:00, run_after=2024-02-14 00:00:00+00:00
[2024-02-23T13:55:45.200+0000] {processor.py:183} INFO - Processing /opt/airflow/dags/dag_with_task_flow_api.py took 0.101 seconds
[2024-02-23T13:56:15.348+0000] {processor.py:161} INFO - Started process (PID=1587) to work on /opt/airflow/dags/dag_with_task_flow_api.py
[2024-02-23T13:56:15.349+0000] {processor.py:830} INFO - Processing file /opt/airflow/dags/dag_with_task_flow_api.py for tasks to queue
[2024-02-23T13:56:15.349+0000] {logging_mixin.py:188} INFO - [2024-02-23T13:56:15.349+0000] {dagbag.py:538} INFO - Filling up the DagBag from /opt/airflow/dags/dag_with_task_flow_api.py
[2024-02-23T13:56:15.361+0000] {processor.py:840} INFO - DAG(s) 'dag_with_task_flow_api_v02' retrieved from /opt/airflow/dags/dag_with_task_flow_api.py
[2024-02-23T13:56:15.392+0000] {logging_mixin.py:188} INFO - [2024-02-23T13:56:15.392+0000] {dag.py:3036} INFO - Sync 1 DAGs
[2024-02-23T13:56:15.418+0000] {logging_mixin.py:188} INFO - [2024-02-23T13:56:15.418+0000] {dag.py:3823} INFO - Setting next_dagrun for dag_with_task_flow_api_v02 to 2024-02-13 00:00:00+00:00, run_after=2024-02-14 00:00:00+00:00
[2024-02-23T13:56:15.440+0000] {processor.py:183} INFO - Processing /opt/airflow/dags/dag_with_task_flow_api.py took 0.096 seconds
[2024-02-23T13:56:45.612+0000] {processor.py:161} INFO - Started process (PID=1615) to work on /opt/airflow/dags/dag_with_task_flow_api.py
[2024-02-23T13:56:45.613+0000] {processor.py:830} INFO - Processing file /opt/airflow/dags/dag_with_task_flow_api.py for tasks to queue
[2024-02-23T13:56:45.614+0000] {logging_mixin.py:188} INFO - [2024-02-23T13:56:45.614+0000] {dagbag.py:538} INFO - Filling up the DagBag from /opt/airflow/dags/dag_with_task_flow_api.py
[2024-02-23T13:56:45.627+0000] {processor.py:840} INFO - DAG(s) 'dag_with_task_flow_api_v02' retrieved from /opt/airflow/dags/dag_with_task_flow_api.py
[2024-02-23T13:56:45.656+0000] {logging_mixin.py:188} INFO - [2024-02-23T13:56:45.656+0000] {dag.py:3036} INFO - Sync 1 DAGs
[2024-02-23T13:56:45.689+0000] {logging_mixin.py:188} INFO - [2024-02-23T13:56:45.688+0000] {dag.py:3823} INFO - Setting next_dagrun for dag_with_task_flow_api_v02 to 2024-02-13 00:00:00+00:00, run_after=2024-02-14 00:00:00+00:00
[2024-02-23T13:56:45.723+0000] {processor.py:183} INFO - Processing /opt/airflow/dags/dag_with_task_flow_api.py took 0.114 seconds
[2024-02-23T13:57:15.971+0000] {processor.py:161} INFO - Started process (PID=1643) to work on /opt/airflow/dags/dag_with_task_flow_api.py
[2024-02-23T13:57:15.972+0000] {processor.py:830} INFO - Processing file /opt/airflow/dags/dag_with_task_flow_api.py for tasks to queue
[2024-02-23T13:57:15.973+0000] {logging_mixin.py:188} INFO - [2024-02-23T13:57:15.973+0000] {dagbag.py:538} INFO - Filling up the DagBag from /opt/airflow/dags/dag_with_task_flow_api.py
[2024-02-23T13:57:15.985+0000] {processor.py:840} INFO - DAG(s) 'dag_with_task_flow_api_v02' retrieved from /opt/airflow/dags/dag_with_task_flow_api.py
[2024-02-23T13:57:16.017+0000] {logging_mixin.py:188} INFO - [2024-02-23T13:57:16.016+0000] {dag.py:3036} INFO - Sync 1 DAGs
[2024-02-23T13:57:16.056+0000] {logging_mixin.py:188} INFO - [2024-02-23T13:57:16.055+0000] {dag.py:3823} INFO - Setting next_dagrun for dag_with_task_flow_api_v02 to 2024-02-13 00:00:00+00:00, run_after=2024-02-14 00:00:00+00:00
[2024-02-23T13:57:16.084+0000] {processor.py:183} INFO - Processing /opt/airflow/dags/dag_with_task_flow_api.py took 0.116 seconds
[2024-02-23T13:57:46.296+0000] {processor.py:161} INFO - Started process (PID=1670) to work on /opt/airflow/dags/dag_with_task_flow_api.py
[2024-02-23T13:57:46.307+0000] {processor.py:830} INFO - Processing file /opt/airflow/dags/dag_with_task_flow_api.py for tasks to queue
[2024-02-23T13:57:46.308+0000] {logging_mixin.py:188} INFO - [2024-02-23T13:57:46.308+0000] {dagbag.py:538} INFO - Filling up the DagBag from /opt/airflow/dags/dag_with_task_flow_api.py
[2024-02-23T13:57:46.347+0000] {processor.py:840} INFO - DAG(s) 'dag_with_task_flow_api_v02' retrieved from /opt/airflow/dags/dag_with_task_flow_api.py
[2024-02-23T13:57:46.412+0000] {logging_mixin.py:188} INFO - [2024-02-23T13:57:46.412+0000] {dag.py:3036} INFO - Sync 1 DAGs
[2024-02-23T13:57:46.469+0000] {logging_mixin.py:188} INFO - [2024-02-23T13:57:46.469+0000] {dag.py:3823} INFO - Setting next_dagrun for dag_with_task_flow_api_v02 to 2024-02-13 00:00:00+00:00, run_after=2024-02-14 00:00:00+00:00
[2024-02-23T13:57:46.514+0000] {processor.py:183} INFO - Processing /opt/airflow/dags/dag_with_task_flow_api.py took 0.237 seconds
[2024-02-23T13:58:16.695+0000] {processor.py:161} INFO - Started process (PID=1697) to work on /opt/airflow/dags/dag_with_task_flow_api.py
[2024-02-23T13:58:16.696+0000] {processor.py:830} INFO - Processing file /opt/airflow/dags/dag_with_task_flow_api.py for tasks to queue
[2024-02-23T13:58:16.697+0000] {logging_mixin.py:188} INFO - [2024-02-23T13:58:16.696+0000] {dagbag.py:538} INFO - Filling up the DagBag from /opt/airflow/dags/dag_with_task_flow_api.py
[2024-02-23T13:58:16.708+0000] {processor.py:840} INFO - DAG(s) 'dag_with_task_flow_api_v02' retrieved from /opt/airflow/dags/dag_with_task_flow_api.py
[2024-02-23T13:58:16.757+0000] {logging_mixin.py:188} INFO - [2024-02-23T13:58:16.757+0000] {dag.py:3036} INFO - Sync 1 DAGs
[2024-02-23T13:58:16.788+0000] {logging_mixin.py:188} INFO - [2024-02-23T13:58:16.788+0000] {dag.py:3823} INFO - Setting next_dagrun for dag_with_task_flow_api_v02 to 2024-02-13 00:00:00+00:00, run_after=2024-02-14 00:00:00+00:00
[2024-02-23T13:58:16.822+0000] {processor.py:183} INFO - Processing /opt/airflow/dags/dag_with_task_flow_api.py took 0.130 seconds
[2024-02-23T13:58:46.952+0000] {processor.py:161} INFO - Started process (PID=1723) to work on /opt/airflow/dags/dag_with_task_flow_api.py
[2024-02-23T13:58:46.954+0000] {processor.py:830} INFO - Processing file /opt/airflow/dags/dag_with_task_flow_api.py for tasks to queue
[2024-02-23T13:58:46.955+0000] {logging_mixin.py:188} INFO - [2024-02-23T13:58:46.954+0000] {dagbag.py:538} INFO - Filling up the DagBag from /opt/airflow/dags/dag_with_task_flow_api.py
[2024-02-23T13:58:46.967+0000] {processor.py:840} INFO - DAG(s) 'dag_with_task_flow_api_v02' retrieved from /opt/airflow/dags/dag_with_task_flow_api.py
[2024-02-23T13:58:46.998+0000] {logging_mixin.py:188} INFO - [2024-02-23T13:58:46.998+0000] {dag.py:3036} INFO - Sync 1 DAGs
[2024-02-23T13:58:47.028+0000] {logging_mixin.py:188} INFO - [2024-02-23T13:58:47.028+0000] {dag.py:3823} INFO - Setting next_dagrun for dag_with_task_flow_api_v02 to 2024-02-13 00:00:00+00:00, run_after=2024-02-14 00:00:00+00:00
[2024-02-23T13:58:47.061+0000] {processor.py:183} INFO - Processing /opt/airflow/dags/dag_with_task_flow_api.py took 0.112 seconds
[2024-02-23T13:59:17.204+0000] {processor.py:161} INFO - Started process (PID=1750) to work on /opt/airflow/dags/dag_with_task_flow_api.py
[2024-02-23T13:59:17.205+0000] {processor.py:830} INFO - Processing file /opt/airflow/dags/dag_with_task_flow_api.py for tasks to queue
[2024-02-23T13:59:17.206+0000] {logging_mixin.py:188} INFO - [2024-02-23T13:59:17.205+0000] {dagbag.py:538} INFO - Filling up the DagBag from /opt/airflow/dags/dag_with_task_flow_api.py
[2024-02-23T13:59:17.218+0000] {processor.py:840} INFO - DAG(s) 'dag_with_task_flow_api_v02' retrieved from /opt/airflow/dags/dag_with_task_flow_api.py
[2024-02-23T13:59:17.250+0000] {logging_mixin.py:188} INFO - [2024-02-23T13:59:17.250+0000] {dag.py:3036} INFO - Sync 1 DAGs
[2024-02-23T13:59:17.277+0000] {logging_mixin.py:188} INFO - [2024-02-23T13:59:17.277+0000] {dag.py:3823} INFO - Setting next_dagrun for dag_with_task_flow_api_v02 to 2024-02-13 00:00:00+00:00, run_after=2024-02-14 00:00:00+00:00
[2024-02-23T13:59:17.322+0000] {processor.py:183} INFO - Processing /opt/airflow/dags/dag_with_task_flow_api.py took 0.122 seconds
[2024-02-23T13:59:47.490+0000] {processor.py:161} INFO - Started process (PID=1776) to work on /opt/airflow/dags/dag_with_task_flow_api.py
[2024-02-23T13:59:47.495+0000] {processor.py:830} INFO - Processing file /opt/airflow/dags/dag_with_task_flow_api.py for tasks to queue
[2024-02-23T13:59:47.496+0000] {logging_mixin.py:188} INFO - [2024-02-23T13:59:47.496+0000] {dagbag.py:538} INFO - Filling up the DagBag from /opt/airflow/dags/dag_with_task_flow_api.py
[2024-02-23T13:59:47.538+0000] {processor.py:840} INFO - DAG(s) 'dag_with_task_flow_api_v02' retrieved from /opt/airflow/dags/dag_with_task_flow_api.py
[2024-02-23T13:59:47.579+0000] {logging_mixin.py:188} INFO - [2024-02-23T13:59:47.579+0000] {dag.py:3036} INFO - Sync 1 DAGs
[2024-02-23T13:59:47.605+0000] {logging_mixin.py:188} INFO - [2024-02-23T13:59:47.605+0000] {dag.py:3823} INFO - Setting next_dagrun for dag_with_task_flow_api_v02 to 2024-02-13 00:00:00+00:00, run_after=2024-02-14 00:00:00+00:00
[2024-02-23T13:59:47.628+0000] {processor.py:183} INFO - Processing /opt/airflow/dags/dag_with_task_flow_api.py took 0.146 seconds
[2024-02-23T14:00:17.752+0000] {processor.py:161} INFO - Started process (PID=1803) to work on /opt/airflow/dags/dag_with_task_flow_api.py
[2024-02-23T14:00:17.753+0000] {processor.py:830} INFO - Processing file /opt/airflow/dags/dag_with_task_flow_api.py for tasks to queue
[2024-02-23T14:00:17.754+0000] {logging_mixin.py:188} INFO - [2024-02-23T14:00:17.754+0000] {dagbag.py:538} INFO - Filling up the DagBag from /opt/airflow/dags/dag_with_task_flow_api.py
[2024-02-23T14:00:17.766+0000] {processor.py:840} INFO - DAG(s) 'dag_with_task_flow_api_v02' retrieved from /opt/airflow/dags/dag_with_task_flow_api.py
[2024-02-23T14:00:17.797+0000] {logging_mixin.py:188} INFO - [2024-02-23T14:00:17.797+0000] {dag.py:3036} INFO - Sync 1 DAGs
[2024-02-23T14:00:17.827+0000] {logging_mixin.py:188} INFO - [2024-02-23T14:00:17.827+0000] {dag.py:3823} INFO - Setting next_dagrun for dag_with_task_flow_api_v02 to 2024-02-13 00:00:00+00:00, run_after=2024-02-14 00:00:00+00:00
[2024-02-23T14:00:17.850+0000] {processor.py:183} INFO - Processing /opt/airflow/dags/dag_with_task_flow_api.py took 0.101 seconds
[2024-02-23T14:00:47.997+0000] {processor.py:161} INFO - Started process (PID=1831) to work on /opt/airflow/dags/dag_with_task_flow_api.py
[2024-02-23T14:00:47.998+0000] {processor.py:830} INFO - Processing file /opt/airflow/dags/dag_with_task_flow_api.py for tasks to queue
[2024-02-23T14:00:47.999+0000] {logging_mixin.py:188} INFO - [2024-02-23T14:00:47.999+0000] {dagbag.py:538} INFO - Filling up the DagBag from /opt/airflow/dags/dag_with_task_flow_api.py
[2024-02-23T14:00:48.011+0000] {processor.py:840} INFO - DAG(s) 'dag_with_task_flow_api_v02' retrieved from /opt/airflow/dags/dag_with_task_flow_api.py
[2024-02-23T14:00:48.069+0000] {logging_mixin.py:188} INFO - [2024-02-23T14:00:48.069+0000] {dag.py:3036} INFO - Sync 1 DAGs
[2024-02-23T14:00:48.128+0000] {logging_mixin.py:188} INFO - [2024-02-23T14:00:48.127+0000] {dag.py:3823} INFO - Setting next_dagrun for dag_with_task_flow_api_v02 to 2024-02-13 00:00:00+00:00, run_after=2024-02-14 00:00:00+00:00
[2024-02-23T14:00:48.170+0000] {processor.py:183} INFO - Processing /opt/airflow/dags/dag_with_task_flow_api.py took 0.176 seconds
[2024-02-23T14:01:18.344+0000] {processor.py:161} INFO - Started process (PID=1858) to work on /opt/airflow/dags/dag_with_task_flow_api.py
[2024-02-23T14:01:18.345+0000] {processor.py:830} INFO - Processing file /opt/airflow/dags/dag_with_task_flow_api.py for tasks to queue
[2024-02-23T14:01:18.346+0000] {logging_mixin.py:188} INFO - [2024-02-23T14:01:18.345+0000] {dagbag.py:538} INFO - Filling up the DagBag from /opt/airflow/dags/dag_with_task_flow_api.py
[2024-02-23T14:01:18.358+0000] {processor.py:840} INFO - DAG(s) 'dag_with_task_flow_api_v02' retrieved from /opt/airflow/dags/dag_with_task_flow_api.py
[2024-02-23T14:01:18.389+0000] {logging_mixin.py:188} INFO - [2024-02-23T14:01:18.388+0000] {dag.py:3036} INFO - Sync 1 DAGs
[2024-02-23T14:01:18.423+0000] {logging_mixin.py:188} INFO - [2024-02-23T14:01:18.423+0000] {dag.py:3823} INFO - Setting next_dagrun for dag_with_task_flow_api_v02 to 2024-02-13 00:00:00+00:00, run_after=2024-02-14 00:00:00+00:00
[2024-02-23T14:01:18.451+0000] {processor.py:183} INFO - Processing /opt/airflow/dags/dag_with_task_flow_api.py took 0.110 seconds
[2024-02-23T14:01:48.605+0000] {processor.py:161} INFO - Started process (PID=1885) to work on /opt/airflow/dags/dag_with_task_flow_api.py
[2024-02-23T14:01:48.606+0000] {processor.py:830} INFO - Processing file /opt/airflow/dags/dag_with_task_flow_api.py for tasks to queue
[2024-02-23T14:01:48.607+0000] {logging_mixin.py:188} INFO - [2024-02-23T14:01:48.607+0000] {dagbag.py:538} INFO - Filling up the DagBag from /opt/airflow/dags/dag_with_task_flow_api.py
[2024-02-23T14:01:48.619+0000] {processor.py:840} INFO - DAG(s) 'dag_with_task_flow_api_v02' retrieved from /opt/airflow/dags/dag_with_task_flow_api.py
[2024-02-23T14:01:48.647+0000] {logging_mixin.py:188} INFO - [2024-02-23T14:01:48.646+0000] {dag.py:3036} INFO - Sync 1 DAGs
[2024-02-23T14:01:48.671+0000] {logging_mixin.py:188} INFO - [2024-02-23T14:01:48.671+0000] {dag.py:3823} INFO - Setting next_dagrun for dag_with_task_flow_api_v02 to 2024-02-13 00:00:00+00:00, run_after=2024-02-14 00:00:00+00:00
[2024-02-23T14:01:48.693+0000] {processor.py:183} INFO - Processing /opt/airflow/dags/dag_with_task_flow_api.py took 0.096 seconds
[2024-02-23T14:02:18.821+0000] {processor.py:161} INFO - Started process (PID=1912) to work on /opt/airflow/dags/dag_with_task_flow_api.py
[2024-02-23T14:02:18.822+0000] {processor.py:830} INFO - Processing file /opt/airflow/dags/dag_with_task_flow_api.py for tasks to queue
[2024-02-23T14:02:18.823+0000] {logging_mixin.py:188} INFO - [2024-02-23T14:02:18.823+0000] {dagbag.py:538} INFO - Filling up the DagBag from /opt/airflow/dags/dag_with_task_flow_api.py
[2024-02-23T14:02:18.836+0000] {processor.py:840} INFO - DAG(s) 'dag_with_task_flow_api_v02' retrieved from /opt/airflow/dags/dag_with_task_flow_api.py
[2024-02-23T14:02:18.867+0000] {logging_mixin.py:188} INFO - [2024-02-23T14:02:18.867+0000] {dag.py:3036} INFO - Sync 1 DAGs
[2024-02-23T14:02:18.894+0000] {logging_mixin.py:188} INFO - [2024-02-23T14:02:18.894+0000] {dag.py:3823} INFO - Setting next_dagrun for dag_with_task_flow_api_v02 to 2024-02-13 00:00:00+00:00, run_after=2024-02-14 00:00:00+00:00
[2024-02-23T14:02:18.918+0000] {processor.py:183} INFO - Processing /opt/airflow/dags/dag_with_task_flow_api.py took 0.102 seconds
[2024-02-23T14:02:49.204+0000] {processor.py:161} INFO - Started process (PID=1940) to work on /opt/airflow/dags/dag_with_task_flow_api.py
[2024-02-23T14:02:49.205+0000] {processor.py:830} INFO - Processing file /opt/airflow/dags/dag_with_task_flow_api.py for tasks to queue
[2024-02-23T14:02:49.206+0000] {logging_mixin.py:188} INFO - [2024-02-23T14:02:49.206+0000] {dagbag.py:538} INFO - Filling up the DagBag from /opt/airflow/dags/dag_with_task_flow_api.py
[2024-02-23T14:02:49.236+0000] {processor.py:840} INFO - DAG(s) 'dag_with_task_flow_api_v02' retrieved from /opt/airflow/dags/dag_with_task_flow_api.py
[2024-02-23T14:02:49.266+0000] {logging_mixin.py:188} INFO - [2024-02-23T14:02:49.266+0000] {dag.py:3036} INFO - Sync 1 DAGs
[2024-02-23T14:02:49.293+0000] {logging_mixin.py:188} INFO - [2024-02-23T14:02:49.293+0000] {dag.py:3823} INFO - Setting next_dagrun for dag_with_task_flow_api_v02 to 2024-02-13 00:00:00+00:00, run_after=2024-02-14 00:00:00+00:00
[2024-02-23T14:02:49.326+0000] {processor.py:183} INFO - Processing /opt/airflow/dags/dag_with_task_flow_api.py took 0.126 seconds
[2024-02-23T14:03:19.540+0000] {processor.py:161} INFO - Started process (PID=1967) to work on /opt/airflow/dags/dag_with_task_flow_api.py
[2024-02-23T14:03:19.542+0000] {processor.py:830} INFO - Processing file /opt/airflow/dags/dag_with_task_flow_api.py for tasks to queue
[2024-02-23T14:03:19.543+0000] {logging_mixin.py:188} INFO - [2024-02-23T14:03:19.542+0000] {dagbag.py:538} INFO - Filling up the DagBag from /opt/airflow/dags/dag_with_task_flow_api.py
[2024-02-23T14:03:19.555+0000] {processor.py:840} INFO - DAG(s) 'dag_with_task_flow_api_v02' retrieved from /opt/airflow/dags/dag_with_task_flow_api.py
[2024-02-23T14:03:19.589+0000] {logging_mixin.py:188} INFO - [2024-02-23T14:03:19.588+0000] {dag.py:3036} INFO - Sync 1 DAGs
[2024-02-23T14:03:19.623+0000] {logging_mixin.py:188} INFO - [2024-02-23T14:03:19.623+0000] {dag.py:3823} INFO - Setting next_dagrun for dag_with_task_flow_api_v02 to 2024-02-13 00:00:00+00:00, run_after=2024-02-14 00:00:00+00:00
[2024-02-23T14:03:19.651+0000] {processor.py:183} INFO - Processing /opt/airflow/dags/dag_with_task_flow_api.py took 0.114 seconds
[2024-02-23T14:03:49.855+0000] {processor.py:161} INFO - Started process (PID=1990) to work on /opt/airflow/dags/dag_with_task_flow_api.py
[2024-02-23T14:03:49.856+0000] {processor.py:830} INFO - Processing file /opt/airflow/dags/dag_with_task_flow_api.py for tasks to queue
[2024-02-23T14:03:49.857+0000] {logging_mixin.py:188} INFO - [2024-02-23T14:03:49.857+0000] {dagbag.py:538} INFO - Filling up the DagBag from /opt/airflow/dags/dag_with_task_flow_api.py
[2024-02-23T14:03:49.879+0000] {processor.py:840} INFO - DAG(s) 'dag_with_task_flow_api_v02' retrieved from /opt/airflow/dags/dag_with_task_flow_api.py
[2024-02-23T14:03:49.932+0000] {logging_mixin.py:188} INFO - [2024-02-23T14:03:49.932+0000] {dag.py:3036} INFO - Sync 1 DAGs
[2024-02-23T14:03:49.970+0000] {logging_mixin.py:188} INFO - [2024-02-23T14:03:49.969+0000] {dag.py:3823} INFO - Setting next_dagrun for dag_with_task_flow_api_v02 to 2024-02-13 00:00:00+00:00, run_after=2024-02-14 00:00:00+00:00
[2024-02-23T14:03:50.000+0000] {processor.py:183} INFO - Processing /opt/airflow/dags/dag_with_task_flow_api.py took 0.150 seconds
[2024-02-23T14:04:20.346+0000] {processor.py:161} INFO - Started process (PID=2015) to work on /opt/airflow/dags/dag_with_task_flow_api.py
[2024-02-23T14:04:20.347+0000] {processor.py:830} INFO - Processing file /opt/airflow/dags/dag_with_task_flow_api.py for tasks to queue
[2024-02-23T14:04:20.348+0000] {logging_mixin.py:188} INFO - [2024-02-23T14:04:20.347+0000] {dagbag.py:538} INFO - Filling up the DagBag from /opt/airflow/dags/dag_with_task_flow_api.py
[2024-02-23T14:04:20.360+0000] {processor.py:840} INFO - DAG(s) 'dag_with_task_flow_api_v02' retrieved from /opt/airflow/dags/dag_with_task_flow_api.py
[2024-02-23T14:04:20.391+0000] {logging_mixin.py:188} INFO - [2024-02-23T14:04:20.391+0000] {dag.py:3036} INFO - Sync 1 DAGs
[2024-02-23T14:04:20.417+0000] {logging_mixin.py:188} INFO - [2024-02-23T14:04:20.417+0000] {dag.py:3823} INFO - Setting next_dagrun for dag_with_task_flow_api_v02 to 2024-02-13 00:00:00+00:00, run_after=2024-02-14 00:00:00+00:00
[2024-02-23T14:04:20.456+0000] {processor.py:183} INFO - Processing /opt/airflow/dags/dag_with_task_flow_api.py took 0.113 seconds
[2024-02-23T14:04:50.720+0000] {processor.py:161} INFO - Started process (PID=2042) to work on /opt/airflow/dags/dag_with_task_flow_api.py
[2024-02-23T14:04:50.721+0000] {processor.py:830} INFO - Processing file /opt/airflow/dags/dag_with_task_flow_api.py for tasks to queue
[2024-02-23T14:04:50.722+0000] {logging_mixin.py:188} INFO - [2024-02-23T14:04:50.721+0000] {dagbag.py:538} INFO - Filling up the DagBag from /opt/airflow/dags/dag_with_task_flow_api.py
[2024-02-23T14:04:50.734+0000] {processor.py:840} INFO - DAG(s) 'dag_with_task_flow_api_v02' retrieved from /opt/airflow/dags/dag_with_task_flow_api.py
[2024-02-23T14:04:50.764+0000] {logging_mixin.py:188} INFO - [2024-02-23T14:04:50.764+0000] {dag.py:3036} INFO - Sync 1 DAGs
[2024-02-23T14:04:50.792+0000] {logging_mixin.py:188} INFO - [2024-02-23T14:04:50.792+0000] {dag.py:3823} INFO - Setting next_dagrun for dag_with_task_flow_api_v02 to 2024-02-13 00:00:00+00:00, run_after=2024-02-14 00:00:00+00:00
[2024-02-23T14:04:50.816+0000] {processor.py:183} INFO - Processing /opt/airflow/dags/dag_with_task_flow_api.py took 0.099 seconds
[2024-02-23T14:05:20.992+0000] {processor.py:161} INFO - Started process (PID=2069) to work on /opt/airflow/dags/dag_with_task_flow_api.py
[2024-02-23T14:05:20.993+0000] {processor.py:830} INFO - Processing file /opt/airflow/dags/dag_with_task_flow_api.py for tasks to queue
[2024-02-23T14:05:20.995+0000] {logging_mixin.py:188} INFO - [2024-02-23T14:05:20.995+0000] {dagbag.py:538} INFO - Filling up the DagBag from /opt/airflow/dags/dag_with_task_flow_api.py
[2024-02-23T14:05:21.030+0000] {processor.py:840} INFO - DAG(s) 'dag_with_task_flow_api_v02' retrieved from /opt/airflow/dags/dag_with_task_flow_api.py
[2024-02-23T14:05:21.103+0000] {logging_mixin.py:188} INFO - [2024-02-23T14:05:21.103+0000] {dag.py:3036} INFO - Sync 1 DAGs
[2024-02-23T14:05:21.163+0000] {logging_mixin.py:188} INFO - [2024-02-23T14:05:21.163+0000] {dag.py:3823} INFO - Setting next_dagrun for dag_with_task_flow_api_v02 to 2024-02-13 00:00:00+00:00, run_after=2024-02-14 00:00:00+00:00
[2024-02-23T14:05:21.201+0000] {processor.py:183} INFO - Processing /opt/airflow/dags/dag_with_task_flow_api.py took 0.213 seconds
[2024-02-23T14:05:51.339+0000] {processor.py:161} INFO - Started process (PID=2096) to work on /opt/airflow/dags/dag_with_task_flow_api.py
[2024-02-23T14:05:51.340+0000] {processor.py:830} INFO - Processing file /opt/airflow/dags/dag_with_task_flow_api.py for tasks to queue
[2024-02-23T14:05:51.340+0000] {logging_mixin.py:188} INFO - [2024-02-23T14:05:51.340+0000] {dagbag.py:538} INFO - Filling up the DagBag from /opt/airflow/dags/dag_with_task_flow_api.py
[2024-02-23T14:05:51.353+0000] {processor.py:840} INFO - DAG(s) 'dag_with_task_flow_api_v02' retrieved from /opt/airflow/dags/dag_with_task_flow_api.py
[2024-02-23T14:05:51.383+0000] {logging_mixin.py:188} INFO - [2024-02-23T14:05:51.383+0000] {dag.py:3036} INFO - Sync 1 DAGs
[2024-02-23T14:05:51.410+0000] {logging_mixin.py:188} INFO - [2024-02-23T14:05:51.409+0000] {dag.py:3823} INFO - Setting next_dagrun for dag_with_task_flow_api_v02 to 2024-02-13 00:00:00+00:00, run_after=2024-02-14 00:00:00+00:00
[2024-02-23T14:05:51.433+0000] {processor.py:183} INFO - Processing /opt/airflow/dags/dag_with_task_flow_api.py took 0.097 seconds
[2024-02-23T14:06:21.574+0000] {processor.py:161} INFO - Started process (PID=2123) to work on /opt/airflow/dags/dag_with_task_flow_api.py
[2024-02-23T14:06:21.575+0000] {processor.py:830} INFO - Processing file /opt/airflow/dags/dag_with_task_flow_api.py for tasks to queue
[2024-02-23T14:06:21.576+0000] {logging_mixin.py:188} INFO - [2024-02-23T14:06:21.575+0000] {dagbag.py:538} INFO - Filling up the DagBag from /opt/airflow/dags/dag_with_task_flow_api.py
[2024-02-23T14:06:21.587+0000] {processor.py:840} INFO - DAG(s) 'dag_with_task_flow_api_v02' retrieved from /opt/airflow/dags/dag_with_task_flow_api.py
[2024-02-23T14:06:21.618+0000] {logging_mixin.py:188} INFO - [2024-02-23T14:06:21.618+0000] {dag.py:3036} INFO - Sync 1 DAGs
[2024-02-23T14:06:21.644+0000] {logging_mixin.py:188} INFO - [2024-02-23T14:06:21.644+0000] {dag.py:3823} INFO - Setting next_dagrun for dag_with_task_flow_api_v02 to 2024-02-13 00:00:00+00:00, run_after=2024-02-14 00:00:00+00:00
[2024-02-23T14:06:21.667+0000] {processor.py:183} INFO - Processing /opt/airflow/dags/dag_with_task_flow_api.py took 0.096 seconds
[2024-02-23T14:06:51.808+0000] {processor.py:161} INFO - Started process (PID=2150) to work on /opt/airflow/dags/dag_with_task_flow_api.py
[2024-02-23T14:06:51.809+0000] {processor.py:830} INFO - Processing file /opt/airflow/dags/dag_with_task_flow_api.py for tasks to queue
[2024-02-23T14:06:51.810+0000] {logging_mixin.py:188} INFO - [2024-02-23T14:06:51.809+0000] {dagbag.py:538} INFO - Filling up the DagBag from /opt/airflow/dags/dag_with_task_flow_api.py
[2024-02-23T14:06:51.821+0000] {processor.py:840} INFO - DAG(s) 'dag_with_task_flow_api_v02' retrieved from /opt/airflow/dags/dag_with_task_flow_api.py
[2024-02-23T14:06:51.853+0000] {logging_mixin.py:188} INFO - [2024-02-23T14:06:51.852+0000] {dag.py:3036} INFO - Sync 1 DAGs
[2024-02-23T14:06:51.879+0000] {logging_mixin.py:188} INFO - [2024-02-23T14:06:51.878+0000] {dag.py:3823} INFO - Setting next_dagrun for dag_with_task_flow_api_v02 to 2024-02-13 00:00:00+00:00, run_after=2024-02-14 00:00:00+00:00
[2024-02-23T14:06:51.902+0000] {processor.py:183} INFO - Processing /opt/airflow/dags/dag_with_task_flow_api.py took 0.098 seconds
[2024-02-23T14:07:22.043+0000] {processor.py:161} INFO - Started process (PID=2177) to work on /opt/airflow/dags/dag_with_task_flow_api.py
[2024-02-23T14:07:22.044+0000] {processor.py:830} INFO - Processing file /opt/airflow/dags/dag_with_task_flow_api.py for tasks to queue
[2024-02-23T14:07:22.045+0000] {logging_mixin.py:188} INFO - [2024-02-23T14:07:22.044+0000] {dagbag.py:538} INFO - Filling up the DagBag from /opt/airflow/dags/dag_with_task_flow_api.py
[2024-02-23T14:07:22.057+0000] {processor.py:840} INFO - DAG(s) 'dag_with_task_flow_api_v02' retrieved from /opt/airflow/dags/dag_with_task_flow_api.py
[2024-02-23T14:07:22.089+0000] {logging_mixin.py:188} INFO - [2024-02-23T14:07:22.088+0000] {dag.py:3036} INFO - Sync 1 DAGs
[2024-02-23T14:07:22.114+0000] {logging_mixin.py:188} INFO - [2024-02-23T14:07:22.114+0000] {dag.py:3823} INFO - Setting next_dagrun for dag_with_task_flow_api_v02 to 2024-02-13 00:00:00+00:00, run_after=2024-02-14 00:00:00+00:00
[2024-02-23T14:07:22.139+0000] {processor.py:183} INFO - Processing /opt/airflow/dags/dag_with_task_flow_api.py took 0.099 seconds
[2024-02-23T14:07:52.280+0000] {processor.py:161} INFO - Started process (PID=2204) to work on /opt/airflow/dags/dag_with_task_flow_api.py
[2024-02-23T14:07:52.281+0000] {processor.py:830} INFO - Processing file /opt/airflow/dags/dag_with_task_flow_api.py for tasks to queue
[2024-02-23T14:07:52.282+0000] {logging_mixin.py:188} INFO - [2024-02-23T14:07:52.281+0000] {dagbag.py:538} INFO - Filling up the DagBag from /opt/airflow/dags/dag_with_task_flow_api.py
[2024-02-23T14:07:52.294+0000] {processor.py:840} INFO - DAG(s) 'dag_with_task_flow_api_v02' retrieved from /opt/airflow/dags/dag_with_task_flow_api.py
[2024-02-23T14:07:52.325+0000] {logging_mixin.py:188} INFO - [2024-02-23T14:07:52.325+0000] {dag.py:3036} INFO - Sync 1 DAGs
[2024-02-23T14:07:52.352+0000] {logging_mixin.py:188} INFO - [2024-02-23T14:07:52.352+0000] {dag.py:3823} INFO - Setting next_dagrun for dag_with_task_flow_api_v02 to 2024-02-13 00:00:00+00:00, run_after=2024-02-14 00:00:00+00:00
[2024-02-23T14:07:52.376+0000] {processor.py:183} INFO - Processing /opt/airflow/dags/dag_with_task_flow_api.py took 0.099 seconds
[2024-02-23T14:08:22.517+0000] {processor.py:161} INFO - Started process (PID=2232) to work on /opt/airflow/dags/dag_with_task_flow_api.py
[2024-02-23T14:08:22.519+0000] {processor.py:830} INFO - Processing file /opt/airflow/dags/dag_with_task_flow_api.py for tasks to queue
[2024-02-23T14:08:22.520+0000] {logging_mixin.py:188} INFO - [2024-02-23T14:08:22.519+0000] {dagbag.py:538} INFO - Filling up the DagBag from /opt/airflow/dags/dag_with_task_flow_api.py
[2024-02-23T14:08:22.532+0000] {processor.py:840} INFO - DAG(s) 'dag_with_task_flow_api_v02' retrieved from /opt/airflow/dags/dag_with_task_flow_api.py
[2024-02-23T14:08:22.566+0000] {logging_mixin.py:188} INFO - [2024-02-23T14:08:22.566+0000] {dag.py:3036} INFO - Sync 1 DAGs
[2024-02-23T14:08:22.608+0000] {logging_mixin.py:188} INFO - [2024-02-23T14:08:22.608+0000] {dag.py:3823} INFO - Setting next_dagrun for dag_with_task_flow_api_v02 to 2024-02-13 00:00:00+00:00, run_after=2024-02-14 00:00:00+00:00
[2024-02-23T14:08:22.630+0000] {processor.py:183} INFO - Processing /opt/airflow/dags/dag_with_task_flow_api.py took 0.116 seconds
