[2024-02-23T13:29:58.452+0000] {processor.py:161} INFO - Started process (PID=162) to work on /opt/airflow/dags/get_strava_data.py
[2024-02-23T13:29:58.453+0000] {processor.py:830} INFO - Processing file /opt/airflow/dags/get_strava_data.py for tasks to queue
[2024-02-23T13:29:58.454+0000] {logging_mixin.py:188} INFO - [2024-02-23T13:29:58.454+0000] {dagbag.py:538} INFO - Filling up the DagBag from /opt/airflow/dags/get_strava_data.py
[2024-02-23T13:30:02.087+0000] {processor.py:840} INFO - DAG(s) 'Get_strava_data' retrieved from /opt/airflow/dags/get_strava_data.py
[2024-02-23T13:30:02.236+0000] {logging_mixin.py:188} INFO - [2024-02-23T13:30:02.235+0000] {dag.py:3036} INFO - Sync 1 DAGs
[2024-02-23T13:30:02.328+0000] {logging_mixin.py:188} INFO - [2024-02-23T13:30:02.328+0000] {dag.py:3823} INFO - Setting next_dagrun for Get_strava_data to 2024-02-26 05:00:00+00:00, run_after=2024-03-04 05:00:00+00:00
[2024-02-23T13:30:02.434+0000] {processor.py:183} INFO - Processing /opt/airflow/dags/get_strava_data.py took 4.020 seconds
[2024-02-23T13:30:32.724+0000] {processor.py:161} INFO - Started process (PID=204) to work on /opt/airflow/dags/get_strava_data.py
[2024-02-23T13:30:32.724+0000] {processor.py:830} INFO - Processing file /opt/airflow/dags/get_strava_data.py for tasks to queue
[2024-02-23T13:30:32.725+0000] {logging_mixin.py:188} INFO - [2024-02-23T13:30:32.725+0000] {dagbag.py:538} INFO - Filling up the DagBag from /opt/airflow/dags/get_strava_data.py
[2024-02-23T13:30:33.126+0000] {processor.py:840} INFO - DAG(s) 'Get_strava_data' retrieved from /opt/airflow/dags/get_strava_data.py
[2024-02-23T13:30:33.147+0000] {logging_mixin.py:188} INFO - [2024-02-23T13:30:33.147+0000] {dag.py:3036} INFO - Sync 1 DAGs
[2024-02-23T13:30:33.164+0000] {logging_mixin.py:188} INFO - [2024-02-23T13:30:33.164+0000] {dag.py:3823} INFO - Setting next_dagrun for Get_strava_data to 2024-02-26 05:00:00+00:00, run_after=2024-03-04 05:00:00+00:00
[2024-02-23T13:30:33.184+0000] {processor.py:183} INFO - Processing /opt/airflow/dags/get_strava_data.py took 0.463 seconds
[2024-02-23T13:31:03.975+0000] {processor.py:161} INFO - Started process (PID=231) to work on /opt/airflow/dags/get_strava_data.py
[2024-02-23T13:31:03.976+0000] {processor.py:830} INFO - Processing file /opt/airflow/dags/get_strava_data.py for tasks to queue
[2024-02-23T13:31:03.976+0000] {logging_mixin.py:188} INFO - [2024-02-23T13:31:03.976+0000] {dagbag.py:538} INFO - Filling up the DagBag from /opt/airflow/dags/get_strava_data.py
[2024-02-23T13:31:04.276+0000] {processor.py:840} INFO - DAG(s) 'Get_strava_data' retrieved from /opt/airflow/dags/get_strava_data.py
[2024-02-23T13:31:04.305+0000] {logging_mixin.py:188} INFO - [2024-02-23T13:31:04.305+0000] {dag.py:3036} INFO - Sync 1 DAGs
[2024-02-23T13:31:04.331+0000] {logging_mixin.py:188} INFO - [2024-02-23T13:31:04.331+0000] {dag.py:3823} INFO - Setting next_dagrun for Get_strava_data to 2024-02-26 05:00:00+00:00, run_after=2024-03-04 05:00:00+00:00
[2024-02-23T13:31:04.359+0000] {processor.py:183} INFO - Processing /opt/airflow/dags/get_strava_data.py took 0.387 seconds
[2024-02-23T13:31:35.217+0000] {processor.py:161} INFO - Started process (PID=258) to work on /opt/airflow/dags/get_strava_data.py
[2024-02-23T13:31:35.218+0000] {processor.py:830} INFO - Processing file /opt/airflow/dags/get_strava_data.py for tasks to queue
[2024-02-23T13:31:35.218+0000] {logging_mixin.py:188} INFO - [2024-02-23T13:31:35.218+0000] {dagbag.py:538} INFO - Filling up the DagBag from /opt/airflow/dags/get_strava_data.py
[2024-02-23T13:31:35.600+0000] {processor.py:840} INFO - DAG(s) 'Get_strava_data' retrieved from /opt/airflow/dags/get_strava_data.py
[2024-02-23T13:31:35.657+0000] {logging_mixin.py:188} INFO - [2024-02-23T13:31:35.656+0000] {dag.py:3036} INFO - Sync 1 DAGs
[2024-02-23T13:31:35.723+0000] {logging_mixin.py:188} INFO - [2024-02-23T13:31:35.723+0000] {dag.py:3823} INFO - Setting next_dagrun for Get_strava_data to 2024-02-26 05:00:00+00:00, run_after=2024-03-04 05:00:00+00:00
[2024-02-23T13:31:35.764+0000] {processor.py:183} INFO - Processing /opt/airflow/dags/get_strava_data.py took 0.550 seconds
[2024-02-23T13:32:06.468+0000] {processor.py:161} INFO - Started process (PID=292) to work on /opt/airflow/dags/get_strava_data.py
[2024-02-23T13:32:06.469+0000] {processor.py:830} INFO - Processing file /opt/airflow/dags/get_strava_data.py for tasks to queue
[2024-02-23T13:32:06.469+0000] {logging_mixin.py:188} INFO - [2024-02-23T13:32:06.469+0000] {dagbag.py:538} INFO - Filling up the DagBag from /opt/airflow/dags/get_strava_data.py
[2024-02-23T13:32:06.695+0000] {processor.py:840} INFO - DAG(s) 'Get_strava_data' retrieved from /opt/airflow/dags/get_strava_data.py
[2024-02-23T13:32:06.715+0000] {logging_mixin.py:188} INFO - [2024-02-23T13:32:06.715+0000] {dag.py:3036} INFO - Sync 1 DAGs
[2024-02-23T13:32:06.733+0000] {logging_mixin.py:188} INFO - [2024-02-23T13:32:06.733+0000] {dag.py:3823} INFO - Setting next_dagrun for Get_strava_data to 2024-02-26 05:00:00+00:00, run_after=2024-03-04 05:00:00+00:00
[2024-02-23T13:32:06.753+0000] {processor.py:183} INFO - Processing /opt/airflow/dags/get_strava_data.py took 0.288 seconds
[2024-02-23T13:32:37.759+0000] {processor.py:161} INFO - Started process (PID=319) to work on /opt/airflow/dags/get_strava_data.py
[2024-02-23T13:32:37.760+0000] {processor.py:830} INFO - Processing file /opt/airflow/dags/get_strava_data.py for tasks to queue
[2024-02-23T13:32:37.760+0000] {logging_mixin.py:188} INFO - [2024-02-23T13:32:37.760+0000] {dagbag.py:538} INFO - Filling up the DagBag from /opt/airflow/dags/get_strava_data.py
[2024-02-23T13:32:37.999+0000] {processor.py:840} INFO - DAG(s) 'Get_strava_data' retrieved from /opt/airflow/dags/get_strava_data.py
[2024-02-23T13:32:38.020+0000] {logging_mixin.py:188} INFO - [2024-02-23T13:32:38.020+0000] {dag.py:3036} INFO - Sync 1 DAGs
[2024-02-23T13:32:38.037+0000] {logging_mixin.py:188} INFO - [2024-02-23T13:32:38.037+0000] {dag.py:3823} INFO - Setting next_dagrun for Get_strava_data to 2024-02-26 05:00:00+00:00, run_after=2024-03-04 05:00:00+00:00
[2024-02-23T13:32:38.058+0000] {processor.py:183} INFO - Processing /opt/airflow/dags/get_strava_data.py took 0.302 seconds
[2024-02-23T13:33:09.034+0000] {processor.py:161} INFO - Started process (PID=346) to work on /opt/airflow/dags/get_strava_data.py
[2024-02-23T13:33:09.035+0000] {processor.py:830} INFO - Processing file /opt/airflow/dags/get_strava_data.py for tasks to queue
[2024-02-23T13:33:09.036+0000] {logging_mixin.py:188} INFO - [2024-02-23T13:33:09.036+0000] {dagbag.py:538} INFO - Filling up the DagBag from /opt/airflow/dags/get_strava_data.py
[2024-02-23T13:33:09.266+0000] {processor.py:840} INFO - DAG(s) 'Get_strava_data' retrieved from /opt/airflow/dags/get_strava_data.py
[2024-02-23T13:33:09.287+0000] {logging_mixin.py:188} INFO - [2024-02-23T13:33:09.286+0000] {dag.py:3036} INFO - Sync 1 DAGs
[2024-02-23T13:33:09.304+0000] {logging_mixin.py:188} INFO - [2024-02-23T13:33:09.304+0000] {dag.py:3823} INFO - Setting next_dagrun for Get_strava_data to 2024-02-26 05:00:00+00:00, run_after=2024-03-04 05:00:00+00:00
[2024-02-23T13:33:09.323+0000] {processor.py:183} INFO - Processing /opt/airflow/dags/get_strava_data.py took 0.291 seconds
[2024-02-23T13:33:40.323+0000] {processor.py:161} INFO - Started process (PID=373) to work on /opt/airflow/dags/get_strava_data.py
[2024-02-23T13:33:40.323+0000] {processor.py:830} INFO - Processing file /opt/airflow/dags/get_strava_data.py for tasks to queue
[2024-02-23T13:33:40.324+0000] {logging_mixin.py:188} INFO - [2024-02-23T13:33:40.324+0000] {dagbag.py:538} INFO - Filling up the DagBag from /opt/airflow/dags/get_strava_data.py
[2024-02-23T13:33:40.559+0000] {processor.py:840} INFO - DAG(s) 'Get_strava_data' retrieved from /opt/airflow/dags/get_strava_data.py
[2024-02-23T13:33:40.580+0000] {logging_mixin.py:188} INFO - [2024-02-23T13:33:40.580+0000] {dag.py:3036} INFO - Sync 1 DAGs
[2024-02-23T13:33:40.598+0000] {logging_mixin.py:188} INFO - [2024-02-23T13:33:40.598+0000] {dag.py:3823} INFO - Setting next_dagrun for Get_strava_data to 2024-02-26 05:00:00+00:00, run_after=2024-03-04 05:00:00+00:00
[2024-02-23T13:33:40.617+0000] {processor.py:183} INFO - Processing /opt/airflow/dags/get_strava_data.py took 0.297 seconds
[2024-02-23T13:34:11.568+0000] {processor.py:161} INFO - Started process (PID=401) to work on /opt/airflow/dags/get_strava_data.py
[2024-02-23T13:34:11.569+0000] {processor.py:830} INFO - Processing file /opt/airflow/dags/get_strava_data.py for tasks to queue
[2024-02-23T13:34:11.570+0000] {logging_mixin.py:188} INFO - [2024-02-23T13:34:11.570+0000] {dagbag.py:538} INFO - Filling up the DagBag from /opt/airflow/dags/get_strava_data.py
[2024-02-23T13:34:11.812+0000] {processor.py:840} INFO - DAG(s) 'Get_strava_data' retrieved from /opt/airflow/dags/get_strava_data.py
[2024-02-23T13:34:11.832+0000] {logging_mixin.py:188} INFO - [2024-02-23T13:34:11.832+0000] {dag.py:3036} INFO - Sync 1 DAGs
[2024-02-23T13:34:11.850+0000] {logging_mixin.py:188} INFO - [2024-02-23T13:34:11.850+0000] {dag.py:3823} INFO - Setting next_dagrun for Get_strava_data to 2024-02-26 05:00:00+00:00, run_after=2024-03-04 05:00:00+00:00
[2024-02-23T13:34:11.886+0000] {processor.py:183} INFO - Processing /opt/airflow/dags/get_strava_data.py took 0.320 seconds
[2024-02-23T13:34:42.837+0000] {processor.py:161} INFO - Started process (PID=429) to work on /opt/airflow/dags/get_strava_data.py
[2024-02-23T13:34:42.837+0000] {processor.py:830} INFO - Processing file /opt/airflow/dags/get_strava_data.py for tasks to queue
[2024-02-23T13:34:42.838+0000] {logging_mixin.py:188} INFO - [2024-02-23T13:34:42.838+0000] {dagbag.py:538} INFO - Filling up the DagBag from /opt/airflow/dags/get_strava_data.py
[2024-02-23T13:34:43.142+0000] {processor.py:840} INFO - DAG(s) 'Get_strava_data' retrieved from /opt/airflow/dags/get_strava_data.py
[2024-02-23T13:34:43.162+0000] {logging_mixin.py:188} INFO - [2024-02-23T13:34:43.162+0000] {dag.py:3036} INFO - Sync 1 DAGs
[2024-02-23T13:34:43.179+0000] {logging_mixin.py:188} INFO - [2024-02-23T13:34:43.179+0000] {dag.py:3823} INFO - Setting next_dagrun for Get_strava_data to 2024-02-26 05:00:00+00:00, run_after=2024-03-04 05:00:00+00:00
[2024-02-23T13:34:43.204+0000] {processor.py:183} INFO - Processing /opt/airflow/dags/get_strava_data.py took 0.370 seconds
[2024-02-23T13:35:14.127+0000] {processor.py:161} INFO - Started process (PID=457) to work on /opt/airflow/dags/get_strava_data.py
[2024-02-23T13:35:14.128+0000] {processor.py:830} INFO - Processing file /opt/airflow/dags/get_strava_data.py for tasks to queue
[2024-02-23T13:35:14.129+0000] {logging_mixin.py:188} INFO - [2024-02-23T13:35:14.129+0000] {dagbag.py:538} INFO - Filling up the DagBag from /opt/airflow/dags/get_strava_data.py
[2024-02-23T13:35:14.363+0000] {processor.py:840} INFO - DAG(s) 'Get_strava_data' retrieved from /opt/airflow/dags/get_strava_data.py
[2024-02-23T13:35:14.384+0000] {logging_mixin.py:188} INFO - [2024-02-23T13:35:14.384+0000] {dag.py:3036} INFO - Sync 1 DAGs
[2024-02-23T13:35:14.401+0000] {logging_mixin.py:188} INFO - [2024-02-23T13:35:14.401+0000] {dag.py:3823} INFO - Setting next_dagrun for Get_strava_data to 2024-02-26 05:00:00+00:00, run_after=2024-03-04 05:00:00+00:00
[2024-02-23T13:35:14.422+0000] {processor.py:183} INFO - Processing /opt/airflow/dags/get_strava_data.py took 0.297 seconds
[2024-02-23T13:35:44.584+0000] {processor.py:161} INFO - Started process (PID=485) to work on /opt/airflow/dags/get_strava_data.py
[2024-02-23T13:35:44.584+0000] {processor.py:830} INFO - Processing file /opt/airflow/dags/get_strava_data.py for tasks to queue
[2024-02-23T13:35:44.585+0000] {logging_mixin.py:188} INFO - [2024-02-23T13:35:44.585+0000] {dagbag.py:538} INFO - Filling up the DagBag from /opt/airflow/dags/get_strava_data.py
[2024-02-23T13:35:44.833+0000] {processor.py:840} INFO - DAG(s) 'Get_strava_data' retrieved from /opt/airflow/dags/get_strava_data.py
[2024-02-23T13:35:44.854+0000] {logging_mixin.py:188} INFO - [2024-02-23T13:35:44.854+0000] {dag.py:3036} INFO - Sync 1 DAGs
[2024-02-23T13:35:44.873+0000] {logging_mixin.py:188} INFO - [2024-02-23T13:35:44.873+0000] {dag.py:3823} INFO - Setting next_dagrun for Get_strava_data to 2024-02-26 05:00:00+00:00, run_after=2024-03-04 05:00:00+00:00
[2024-02-23T13:35:44.901+0000] {processor.py:183} INFO - Processing /opt/airflow/dags/get_strava_data.py took 0.320 seconds
[2024-02-23T13:36:15.863+0000] {processor.py:161} INFO - Started process (PID=512) to work on /opt/airflow/dags/get_strava_data.py
[2024-02-23T13:36:15.864+0000] {processor.py:830} INFO - Processing file /opt/airflow/dags/get_strava_data.py for tasks to queue
[2024-02-23T13:36:15.865+0000] {logging_mixin.py:188} INFO - [2024-02-23T13:36:15.864+0000] {dagbag.py:538} INFO - Filling up the DagBag from /opt/airflow/dags/get_strava_data.py
[2024-02-23T13:36:16.138+0000] {processor.py:840} INFO - DAG(s) 'Get_strava_data' retrieved from /opt/airflow/dags/get_strava_data.py
[2024-02-23T13:36:16.182+0000] {logging_mixin.py:188} INFO - [2024-02-23T13:36:16.182+0000] {dag.py:3036} INFO - Sync 1 DAGs
[2024-02-23T13:36:16.207+0000] {logging_mixin.py:188} INFO - [2024-02-23T13:36:16.207+0000] {dag.py:3823} INFO - Setting next_dagrun for Get_strava_data to 2024-02-26 05:00:00+00:00, run_after=2024-03-04 05:00:00+00:00
[2024-02-23T13:36:16.230+0000] {processor.py:183} INFO - Processing /opt/airflow/dags/get_strava_data.py took 0.371 seconds
[2024-02-23T13:36:47.142+0000] {processor.py:161} INFO - Started process (PID=539) to work on /opt/airflow/dags/get_strava_data.py
[2024-02-23T13:36:47.142+0000] {processor.py:830} INFO - Processing file /opt/airflow/dags/get_strava_data.py for tasks to queue
[2024-02-23T13:36:47.143+0000] {logging_mixin.py:188} INFO - [2024-02-23T13:36:47.143+0000] {dagbag.py:538} INFO - Filling up the DagBag from /opt/airflow/dags/get_strava_data.py
[2024-02-23T13:36:47.379+0000] {processor.py:840} INFO - DAG(s) 'Get_strava_data' retrieved from /opt/airflow/dags/get_strava_data.py
[2024-02-23T13:36:47.400+0000] {logging_mixin.py:188} INFO - [2024-02-23T13:36:47.400+0000] {dag.py:3036} INFO - Sync 1 DAGs
[2024-02-23T13:36:47.417+0000] {logging_mixin.py:188} INFO - [2024-02-23T13:36:47.417+0000] {dag.py:3823} INFO - Setting next_dagrun for Get_strava_data to 2024-02-26 05:00:00+00:00, run_after=2024-03-04 05:00:00+00:00
[2024-02-23T13:36:47.438+0000] {processor.py:183} INFO - Processing /opt/airflow/dags/get_strava_data.py took 0.299 seconds
[2024-02-23T13:37:18.405+0000] {processor.py:161} INFO - Started process (PID=566) to work on /opt/airflow/dags/get_strava_data.py
[2024-02-23T13:37:18.406+0000] {processor.py:830} INFO - Processing file /opt/airflow/dags/get_strava_data.py for tasks to queue
[2024-02-23T13:37:18.407+0000] {logging_mixin.py:188} INFO - [2024-02-23T13:37:18.406+0000] {dagbag.py:538} INFO - Filling up the DagBag from /opt/airflow/dags/get_strava_data.py
[2024-02-23T13:37:18.638+0000] {processor.py:840} INFO - DAG(s) 'Get_strava_data' retrieved from /opt/airflow/dags/get_strava_data.py
[2024-02-23T13:37:18.659+0000] {logging_mixin.py:188} INFO - [2024-02-23T13:37:18.659+0000] {dag.py:3036} INFO - Sync 1 DAGs
[2024-02-23T13:37:18.681+0000] {logging_mixin.py:188} INFO - [2024-02-23T13:37:18.681+0000] {dag.py:3823} INFO - Setting next_dagrun for Get_strava_data to 2024-02-26 05:00:00+00:00, run_after=2024-03-04 05:00:00+00:00
[2024-02-23T13:37:18.713+0000] {processor.py:183} INFO - Processing /opt/airflow/dags/get_strava_data.py took 0.310 seconds
[2024-02-23T13:37:49.667+0000] {processor.py:161} INFO - Started process (PID=594) to work on /opt/airflow/dags/get_strava_data.py
[2024-02-23T13:37:49.668+0000] {processor.py:830} INFO - Processing file /opt/airflow/dags/get_strava_data.py for tasks to queue
[2024-02-23T13:37:49.668+0000] {logging_mixin.py:188} INFO - [2024-02-23T13:37:49.668+0000] {dagbag.py:538} INFO - Filling up the DagBag from /opt/airflow/dags/get_strava_data.py
[2024-02-23T13:37:49.904+0000] {processor.py:840} INFO - DAG(s) 'Get_strava_data' retrieved from /opt/airflow/dags/get_strava_data.py
[2024-02-23T13:37:49.924+0000] {logging_mixin.py:188} INFO - [2024-02-23T13:37:49.924+0000] {dag.py:3036} INFO - Sync 1 DAGs
[2024-02-23T13:37:49.943+0000] {logging_mixin.py:188} INFO - [2024-02-23T13:37:49.943+0000] {dag.py:3823} INFO - Setting next_dagrun for Get_strava_data to 2024-02-26 05:00:00+00:00, run_after=2024-03-04 05:00:00+00:00
[2024-02-23T13:37:50.112+0000] {processor.py:183} INFO - Processing /opt/airflow/dags/get_strava_data.py took 0.448 seconds
[2024-02-23T13:38:20.944+0000] {processor.py:161} INFO - Started process (PID=621) to work on /opt/airflow/dags/get_strava_data.py
[2024-02-23T13:38:20.944+0000] {processor.py:830} INFO - Processing file /opt/airflow/dags/get_strava_data.py for tasks to queue
[2024-02-23T13:38:20.945+0000] {logging_mixin.py:188} INFO - [2024-02-23T13:38:20.945+0000] {dagbag.py:538} INFO - Filling up the DagBag from /opt/airflow/dags/get_strava_data.py
[2024-02-23T13:38:21.183+0000] {processor.py:840} INFO - DAG(s) 'Get_strava_data' retrieved from /opt/airflow/dags/get_strava_data.py
[2024-02-23T13:38:21.206+0000] {logging_mixin.py:188} INFO - [2024-02-23T13:38:21.205+0000] {dag.py:3036} INFO - Sync 1 DAGs
[2024-02-23T13:38:21.225+0000] {logging_mixin.py:188} INFO - [2024-02-23T13:38:21.225+0000] {dag.py:3823} INFO - Setting next_dagrun for Get_strava_data to 2024-02-26 05:00:00+00:00, run_after=2024-03-04 05:00:00+00:00
[2024-02-23T13:38:21.246+0000] {processor.py:183} INFO - Processing /opt/airflow/dags/get_strava_data.py took 0.305 seconds
[2024-02-23T13:38:52.207+0000] {processor.py:161} INFO - Started process (PID=649) to work on /opt/airflow/dags/get_strava_data.py
[2024-02-23T13:38:52.207+0000] {processor.py:830} INFO - Processing file /opt/airflow/dags/get_strava_data.py for tasks to queue
[2024-02-23T13:38:52.208+0000] {logging_mixin.py:188} INFO - [2024-02-23T13:38:52.208+0000] {dagbag.py:538} INFO - Filling up the DagBag from /opt/airflow/dags/get_strava_data.py
[2024-02-23T13:38:52.447+0000] {processor.py:840} INFO - DAG(s) 'Get_strava_data' retrieved from /opt/airflow/dags/get_strava_data.py
[2024-02-23T13:38:52.477+0000] {logging_mixin.py:188} INFO - [2024-02-23T13:38:52.476+0000] {dag.py:3036} INFO - Sync 1 DAGs
[2024-02-23T13:38:52.500+0000] {logging_mixin.py:188} INFO - [2024-02-23T13:38:52.500+0000] {dag.py:3823} INFO - Setting next_dagrun for Get_strava_data to 2024-02-26 05:00:00+00:00, run_after=2024-03-04 05:00:00+00:00
[2024-02-23T13:38:52.523+0000] {processor.py:183} INFO - Processing /opt/airflow/dags/get_strava_data.py took 0.319 seconds
[2024-02-23T13:39:23.463+0000] {processor.py:161} INFO - Started process (PID=676) to work on /opt/airflow/dags/get_strava_data.py
[2024-02-23T13:39:23.464+0000] {processor.py:830} INFO - Processing file /opt/airflow/dags/get_strava_data.py for tasks to queue
[2024-02-23T13:39:23.464+0000] {logging_mixin.py:188} INFO - [2024-02-23T13:39:23.464+0000] {dagbag.py:538} INFO - Filling up the DagBag from /opt/airflow/dags/get_strava_data.py
[2024-02-23T13:39:23.755+0000] {processor.py:840} INFO - DAG(s) 'Get_strava_data' retrieved from /opt/airflow/dags/get_strava_data.py
[2024-02-23T13:39:23.784+0000] {logging_mixin.py:188} INFO - [2024-02-23T13:39:23.783+0000] {dag.py:3036} INFO - Sync 1 DAGs
[2024-02-23T13:39:23.808+0000] {logging_mixin.py:188} INFO - [2024-02-23T13:39:23.808+0000] {dag.py:3823} INFO - Setting next_dagrun for Get_strava_data to 2024-02-26 05:00:00+00:00, run_after=2024-03-04 05:00:00+00:00
[2024-02-23T13:39:23.982+0000] {processor.py:183} INFO - Processing /opt/airflow/dags/get_strava_data.py took 0.522 seconds
[2024-02-23T13:39:54.724+0000] {processor.py:161} INFO - Started process (PID=704) to work on /opt/airflow/dags/get_strava_data.py
[2024-02-23T13:39:54.725+0000] {processor.py:830} INFO - Processing file /opt/airflow/dags/get_strava_data.py for tasks to queue
[2024-02-23T13:39:54.727+0000] {logging_mixin.py:188} INFO - [2024-02-23T13:39:54.726+0000] {dagbag.py:538} INFO - Filling up the DagBag from /opt/airflow/dags/get_strava_data.py
[2024-02-23T13:39:55.049+0000] {processor.py:840} INFO - DAG(s) 'Get_strava_data' retrieved from /opt/airflow/dags/get_strava_data.py
[2024-02-23T13:39:55.070+0000] {logging_mixin.py:188} INFO - [2024-02-23T13:39:55.070+0000] {dag.py:3036} INFO - Sync 1 DAGs
[2024-02-23T13:39:55.222+0000] {logging_mixin.py:188} INFO - [2024-02-23T13:39:55.222+0000] {dag.py:3823} INFO - Setting next_dagrun for Get_strava_data to 2024-02-26 05:00:00+00:00, run_after=2024-03-04 05:00:00+00:00
[2024-02-23T13:39:55.251+0000] {processor.py:183} INFO - Processing /opt/airflow/dags/get_strava_data.py took 0.530 seconds
[2024-02-23T13:40:26.016+0000] {processor.py:161} INFO - Started process (PID=731) to work on /opt/airflow/dags/get_strava_data.py
[2024-02-23T13:40:26.018+0000] {processor.py:830} INFO - Processing file /opt/airflow/dags/get_strava_data.py for tasks to queue
[2024-02-23T13:40:26.019+0000] {logging_mixin.py:188} INFO - [2024-02-23T13:40:26.019+0000] {dagbag.py:538} INFO - Filling up the DagBag from /opt/airflow/dags/get_strava_data.py
[2024-02-23T13:40:26.447+0000] {processor.py:840} INFO - DAG(s) 'Get_strava_data' retrieved from /opt/airflow/dags/get_strava_data.py
[2024-02-23T13:40:26.476+0000] {logging_mixin.py:188} INFO - [2024-02-23T13:40:26.476+0000] {dag.py:3036} INFO - Sync 1 DAGs
[2024-02-23T13:40:26.500+0000] {logging_mixin.py:188} INFO - [2024-02-23T13:40:26.500+0000] {dag.py:3823} INFO - Setting next_dagrun for Get_strava_data to 2024-02-26 05:00:00+00:00, run_after=2024-03-04 05:00:00+00:00
[2024-02-23T13:40:26.524+0000] {processor.py:183} INFO - Processing /opt/airflow/dags/get_strava_data.py took 0.511 seconds
[2024-02-23T13:40:57.268+0000] {processor.py:161} INFO - Started process (PID=758) to work on /opt/airflow/dags/get_strava_data.py
[2024-02-23T13:40:57.269+0000] {processor.py:830} INFO - Processing file /opt/airflow/dags/get_strava_data.py for tasks to queue
[2024-02-23T13:40:57.272+0000] {logging_mixin.py:188} INFO - [2024-02-23T13:40:57.271+0000] {dagbag.py:538} INFO - Filling up the DagBag from /opt/airflow/dags/get_strava_data.py
[2024-02-23T13:40:57.679+0000] {processor.py:840} INFO - DAG(s) 'Get_strava_data' retrieved from /opt/airflow/dags/get_strava_data.py
[2024-02-23T13:40:57.710+0000] {logging_mixin.py:188} INFO - [2024-02-23T13:40:57.709+0000] {dag.py:3036} INFO - Sync 1 DAGs
[2024-02-23T13:40:57.738+0000] {logging_mixin.py:188} INFO - [2024-02-23T13:40:57.737+0000] {dag.py:3823} INFO - Setting next_dagrun for Get_strava_data to 2024-02-26 05:00:00+00:00, run_after=2024-03-04 05:00:00+00:00
[2024-02-23T13:40:57.949+0000] {processor.py:183} INFO - Processing /opt/airflow/dags/get_strava_data.py took 0.685 seconds
[2024-02-23T13:41:28.526+0000] {processor.py:161} INFO - Started process (PID=785) to work on /opt/airflow/dags/get_strava_data.py
[2024-02-23T13:41:28.527+0000] {processor.py:830} INFO - Processing file /opt/airflow/dags/get_strava_data.py for tasks to queue
[2024-02-23T13:41:28.528+0000] {logging_mixin.py:188} INFO - [2024-02-23T13:41:28.528+0000] {dagbag.py:538} INFO - Filling up the DagBag from /opt/airflow/dags/get_strava_data.py
[2024-02-23T13:41:28.755+0000] {processor.py:840} INFO - DAG(s) 'Get_strava_data' retrieved from /opt/airflow/dags/get_strava_data.py
[2024-02-23T13:41:28.776+0000] {logging_mixin.py:188} INFO - [2024-02-23T13:41:28.776+0000] {dag.py:3036} INFO - Sync 1 DAGs
[2024-02-23T13:41:28.909+0000] {logging_mixin.py:188} INFO - [2024-02-23T13:41:28.909+0000] {dag.py:3823} INFO - Setting next_dagrun for Get_strava_data to 2024-02-26 05:00:00+00:00, run_after=2024-03-04 05:00:00+00:00
[2024-02-23T13:41:28.929+0000] {processor.py:183} INFO - Processing /opt/airflow/dags/get_strava_data.py took 0.406 seconds
[2024-02-23T13:41:59.769+0000] {processor.py:161} INFO - Started process (PID=812) to work on /opt/airflow/dags/get_strava_data.py
[2024-02-23T13:41:59.770+0000] {processor.py:830} INFO - Processing file /opt/airflow/dags/get_strava_data.py for tasks to queue
[2024-02-23T13:41:59.770+0000] {logging_mixin.py:188} INFO - [2024-02-23T13:41:59.770+0000] {dagbag.py:538} INFO - Filling up the DagBag from /opt/airflow/dags/get_strava_data.py
[2024-02-23T13:42:00.014+0000] {processor.py:840} INFO - DAG(s) 'Get_strava_data' retrieved from /opt/airflow/dags/get_strava_data.py
[2024-02-23T13:42:00.039+0000] {logging_mixin.py:188} INFO - [2024-02-23T13:42:00.038+0000] {dag.py:3036} INFO - Sync 1 DAGs
[2024-02-23T13:42:00.063+0000] {logging_mixin.py:188} INFO - [2024-02-23T13:42:00.063+0000] {dag.py:3823} INFO - Setting next_dagrun for Get_strava_data to 2024-02-26 05:00:00+00:00, run_after=2024-03-04 05:00:00+00:00
[2024-02-23T13:42:00.087+0000] {processor.py:183} INFO - Processing /opt/airflow/dags/get_strava_data.py took 0.321 seconds
[2024-02-23T13:42:30.115+0000] {processor.py:161} INFO - Started process (PID=840) to work on /opt/airflow/dags/get_strava_data.py
[2024-02-23T13:42:30.116+0000] {processor.py:830} INFO - Processing file /opt/airflow/dags/get_strava_data.py for tasks to queue
[2024-02-23T13:42:30.117+0000] {logging_mixin.py:188} INFO - [2024-02-23T13:42:30.116+0000] {dagbag.py:538} INFO - Filling up the DagBag from /opt/airflow/dags/get_strava_data.py
[2024-02-23T13:42:30.365+0000] {processor.py:840} INFO - DAG(s) 'Get_strava_data' retrieved from /opt/airflow/dags/get_strava_data.py
[2024-02-23T13:42:30.385+0000] {logging_mixin.py:188} INFO - [2024-02-23T13:42:30.385+0000] {dag.py:3036} INFO - Sync 1 DAGs
[2024-02-23T13:42:30.402+0000] {logging_mixin.py:188} INFO - [2024-02-23T13:42:30.402+0000] {dag.py:3823} INFO - Setting next_dagrun for Get_strava_data to 2024-02-26 05:00:00+00:00, run_after=2024-03-04 05:00:00+00:00
[2024-02-23T13:42:30.535+0000] {processor.py:183} INFO - Processing /opt/airflow/dags/get_strava_data.py took 0.423 seconds
[2024-02-23T13:43:01.373+0000] {processor.py:161} INFO - Started process (PID=868) to work on /opt/airflow/dags/get_strava_data.py
[2024-02-23T13:43:01.373+0000] {processor.py:830} INFO - Processing file /opt/airflow/dags/get_strava_data.py for tasks to queue
[2024-02-23T13:43:01.374+0000] {logging_mixin.py:188} INFO - [2024-02-23T13:43:01.374+0000] {dagbag.py:538} INFO - Filling up the DagBag from /opt/airflow/dags/get_strava_data.py
[2024-02-23T13:43:01.604+0000] {processor.py:840} INFO - DAG(s) 'Get_strava_data' retrieved from /opt/airflow/dags/get_strava_data.py
[2024-02-23T13:43:01.624+0000] {logging_mixin.py:188} INFO - [2024-02-23T13:43:01.624+0000] {dag.py:3036} INFO - Sync 1 DAGs
[2024-02-23T13:43:01.767+0000] {logging_mixin.py:188} INFO - [2024-02-23T13:43:01.766+0000] {dag.py:3823} INFO - Setting next_dagrun for Get_strava_data to 2024-02-26 05:00:00+00:00, run_after=2024-03-04 05:00:00+00:00
[2024-02-23T13:43:01.785+0000] {processor.py:183} INFO - Processing /opt/airflow/dags/get_strava_data.py took 0.415 seconds
[2024-02-23T13:43:32.725+0000] {processor.py:161} INFO - Started process (PID=895) to work on /opt/airflow/dags/get_strava_data.py
[2024-02-23T13:43:32.726+0000] {processor.py:830} INFO - Processing file /opt/airflow/dags/get_strava_data.py for tasks to queue
[2024-02-23T13:43:32.727+0000] {logging_mixin.py:188} INFO - [2024-02-23T13:43:32.726+0000] {dagbag.py:538} INFO - Filling up the DagBag from /opt/airflow/dags/get_strava_data.py
[2024-02-23T13:43:33.093+0000] {processor.py:840} INFO - DAG(s) 'Get_strava_data' retrieved from /opt/airflow/dags/get_strava_data.py
[2024-02-23T13:43:33.117+0000] {logging_mixin.py:188} INFO - [2024-02-23T13:43:33.117+0000] {dag.py:3036} INFO - Sync 1 DAGs
[2024-02-23T13:43:33.141+0000] {logging_mixin.py:188} INFO - [2024-02-23T13:43:33.140+0000] {dag.py:3823} INFO - Setting next_dagrun for Get_strava_data to 2024-02-26 05:00:00+00:00, run_after=2024-03-04 05:00:00+00:00
[2024-02-23T13:43:33.160+0000] {processor.py:183} INFO - Processing /opt/airflow/dags/get_strava_data.py took 0.437 seconds
[2024-02-23T13:44:04.058+0000] {processor.py:161} INFO - Started process (PID=922) to work on /opt/airflow/dags/get_strava_data.py
[2024-02-23T13:44:04.059+0000] {processor.py:830} INFO - Processing file /opt/airflow/dags/get_strava_data.py for tasks to queue
[2024-02-23T13:44:04.060+0000] {logging_mixin.py:188} INFO - [2024-02-23T13:44:04.060+0000] {dagbag.py:538} INFO - Filling up the DagBag from /opt/airflow/dags/get_strava_data.py
[2024-02-23T13:44:04.392+0000] {processor.py:840} INFO - DAG(s) 'Get_strava_data' retrieved from /opt/airflow/dags/get_strava_data.py
[2024-02-23T13:44:04.411+0000] {logging_mixin.py:188} INFO - [2024-02-23T13:44:04.411+0000] {dag.py:3036} INFO - Sync 1 DAGs
[2024-02-23T13:44:04.430+0000] {logging_mixin.py:188} INFO - [2024-02-23T13:44:04.430+0000] {dag.py:3823} INFO - Setting next_dagrun for Get_strava_data to 2024-02-26 05:00:00+00:00, run_after=2024-03-04 05:00:00+00:00
[2024-02-23T13:44:04.450+0000] {processor.py:183} INFO - Processing /opt/airflow/dags/get_strava_data.py took 0.395 seconds
[2024-02-23T13:44:35.323+0000] {processor.py:161} INFO - Started process (PID=950) to work on /opt/airflow/dags/get_strava_data.py
[2024-02-23T13:44:35.323+0000] {processor.py:830} INFO - Processing file /opt/airflow/dags/get_strava_data.py for tasks to queue
[2024-02-23T13:44:35.324+0000] {logging_mixin.py:188} INFO - [2024-02-23T13:44:35.324+0000] {dagbag.py:538} INFO - Filling up the DagBag from /opt/airflow/dags/get_strava_data.py
[2024-02-23T13:44:35.603+0000] {processor.py:840} INFO - DAG(s) 'Get_strava_data' retrieved from /opt/airflow/dags/get_strava_data.py
[2024-02-23T13:44:35.626+0000] {logging_mixin.py:188} INFO - [2024-02-23T13:44:35.625+0000] {dag.py:3036} INFO - Sync 1 DAGs
[2024-02-23T13:44:35.761+0000] {logging_mixin.py:188} INFO - [2024-02-23T13:44:35.761+0000] {dag.py:3823} INFO - Setting next_dagrun for Get_strava_data to 2024-02-26 05:00:00+00:00, run_after=2024-03-04 05:00:00+00:00
[2024-02-23T13:44:35.781+0000] {processor.py:183} INFO - Processing /opt/airflow/dags/get_strava_data.py took 0.462 seconds
[2024-02-23T13:45:06.596+0000] {processor.py:161} INFO - Started process (PID=976) to work on /opt/airflow/dags/get_strava_data.py
[2024-02-23T13:45:06.596+0000] {processor.py:830} INFO - Processing file /opt/airflow/dags/get_strava_data.py for tasks to queue
[2024-02-23T13:45:06.597+0000] {logging_mixin.py:188} INFO - [2024-02-23T13:45:06.597+0000] {dagbag.py:538} INFO - Filling up the DagBag from /opt/airflow/dags/get_strava_data.py
[2024-02-23T13:45:06.954+0000] {processor.py:840} INFO - DAG(s) 'Get_strava_data' retrieved from /opt/airflow/dags/get_strava_data.py
[2024-02-23T13:45:06.973+0000] {logging_mixin.py:188} INFO - [2024-02-23T13:45:06.973+0000] {dag.py:3036} INFO - Sync 1 DAGs
[2024-02-23T13:45:06.990+0000] {logging_mixin.py:188} INFO - [2024-02-23T13:45:06.990+0000] {dag.py:3823} INFO - Setting next_dagrun for Get_strava_data to 2024-02-26 05:00:00+00:00, run_after=2024-03-04 05:00:00+00:00
[2024-02-23T13:45:07.010+0000] {processor.py:183} INFO - Processing /opt/airflow/dags/get_strava_data.py took 0.417 seconds
[2024-02-23T13:45:37.843+0000] {processor.py:161} INFO - Started process (PID=1004) to work on /opt/airflow/dags/get_strava_data.py
[2024-02-23T13:45:37.844+0000] {processor.py:830} INFO - Processing file /opt/airflow/dags/get_strava_data.py for tasks to queue
[2024-02-23T13:45:37.845+0000] {logging_mixin.py:188} INFO - [2024-02-23T13:45:37.844+0000] {dagbag.py:538} INFO - Filling up the DagBag from /opt/airflow/dags/get_strava_data.py
[2024-02-23T13:45:38.260+0000] {processor.py:840} INFO - DAG(s) 'Get_strava_data' retrieved from /opt/airflow/dags/get_strava_data.py
[2024-02-23T13:45:38.283+0000] {logging_mixin.py:188} INFO - [2024-02-23T13:45:38.282+0000] {dag.py:3036} INFO - Sync 1 DAGs
[2024-02-23T13:45:38.298+0000] {logging_mixin.py:188} INFO - [2024-02-23T13:45:38.298+0000] {dag.py:3823} INFO - Setting next_dagrun for Get_strava_data to 2024-02-26 05:00:00+00:00, run_after=2024-03-04 05:00:00+00:00
[2024-02-23T13:45:38.318+0000] {processor.py:183} INFO - Processing /opt/airflow/dags/get_strava_data.py took 0.478 seconds
[2024-02-23T13:46:08.372+0000] {processor.py:161} INFO - Started process (PID=1031) to work on /opt/airflow/dags/get_strava_data.py
[2024-02-23T13:46:08.373+0000] {processor.py:830} INFO - Processing file /opt/airflow/dags/get_strava_data.py for tasks to queue
[2024-02-23T13:46:08.374+0000] {logging_mixin.py:188} INFO - [2024-02-23T13:46:08.374+0000] {dagbag.py:538} INFO - Filling up the DagBag from /opt/airflow/dags/get_strava_data.py
[2024-02-23T13:46:08.830+0000] {processor.py:840} INFO - DAG(s) 'Get_strava_data' retrieved from /opt/airflow/dags/get_strava_data.py
[2024-02-23T13:46:08.851+0000] {logging_mixin.py:188} INFO - [2024-02-23T13:46:08.851+0000] {dag.py:3036} INFO - Sync 1 DAGs
[2024-02-23T13:46:08.868+0000] {logging_mixin.py:188} INFO - [2024-02-23T13:46:08.868+0000] {dag.py:3823} INFO - Setting next_dagrun for Get_strava_data to 2024-02-26 05:00:00+00:00, run_after=2024-03-04 05:00:00+00:00
[2024-02-23T13:46:08.887+0000] {processor.py:183} INFO - Processing /opt/airflow/dags/get_strava_data.py took 0.517 seconds
[2024-02-23T13:46:39.828+0000] {processor.py:161} INFO - Started process (PID=1071) to work on /opt/airflow/dags/get_strava_data.py
[2024-02-23T13:46:39.829+0000] {processor.py:830} INFO - Processing file /opt/airflow/dags/get_strava_data.py for tasks to queue
[2024-02-23T13:46:39.830+0000] {logging_mixin.py:188} INFO - [2024-02-23T13:46:39.830+0000] {dagbag.py:538} INFO - Filling up the DagBag from /opt/airflow/dags/get_strava_data.py
[2024-02-23T13:46:40.381+0000] {processor.py:840} INFO - DAG(s) 'Get_strava_data' retrieved from /opt/airflow/dags/get_strava_data.py
[2024-02-23T13:46:40.400+0000] {logging_mixin.py:188} INFO - [2024-02-23T13:46:40.400+0000] {dag.py:3036} INFO - Sync 1 DAGs
[2024-02-23T13:46:40.418+0000] {logging_mixin.py:188} INFO - [2024-02-23T13:46:40.418+0000] {dag.py:3823} INFO - Setting next_dagrun for Get_strava_data to 2024-02-26 05:00:00+00:00, run_after=2024-03-04 05:00:00+00:00
[2024-02-23T13:46:40.439+0000] {processor.py:183} INFO - Processing /opt/airflow/dags/get_strava_data.py took 0.614 seconds
[2024-02-23T13:47:10.471+0000] {processor.py:161} INFO - Started process (PID=1107) to work on /opt/airflow/dags/get_strava_data.py
[2024-02-23T13:47:10.471+0000] {processor.py:830} INFO - Processing file /opt/airflow/dags/get_strava_data.py for tasks to queue
[2024-02-23T13:47:10.472+0000] {logging_mixin.py:188} INFO - [2024-02-23T13:47:10.472+0000] {dagbag.py:538} INFO - Filling up the DagBag from /opt/airflow/dags/get_strava_data.py
[2024-02-23T13:47:10.845+0000] {processor.py:840} INFO - DAG(s) 'Get_strava_data' retrieved from /opt/airflow/dags/get_strava_data.py
[2024-02-23T13:47:10.864+0000] {logging_mixin.py:188} INFO - [2024-02-23T13:47:10.864+0000] {dag.py:3036} INFO - Sync 1 DAGs
[2024-02-23T13:47:10.882+0000] {logging_mixin.py:188} INFO - [2024-02-23T13:47:10.881+0000] {dag.py:3823} INFO - Setting next_dagrun for Get_strava_data to 2024-02-26 05:00:00+00:00, run_after=2024-03-04 05:00:00+00:00
[2024-02-23T13:47:10.901+0000] {processor.py:183} INFO - Processing /opt/airflow/dags/get_strava_data.py took 0.433 seconds
[2024-02-23T13:47:41.725+0000] {processor.py:161} INFO - Started process (PID=1134) to work on /opt/airflow/dags/get_strava_data.py
[2024-02-23T13:47:41.725+0000] {processor.py:830} INFO - Processing file /opt/airflow/dags/get_strava_data.py for tasks to queue
[2024-02-23T13:47:41.726+0000] {logging_mixin.py:188} INFO - [2024-02-23T13:47:41.726+0000] {dagbag.py:538} INFO - Filling up the DagBag from /opt/airflow/dags/get_strava_data.py
[2024-02-23T13:47:42.068+0000] {processor.py:840} INFO - DAG(s) 'Get_strava_data' retrieved from /opt/airflow/dags/get_strava_data.py
[2024-02-23T13:47:42.087+0000] {logging_mixin.py:188} INFO - [2024-02-23T13:47:42.086+0000] {dag.py:3036} INFO - Sync 1 DAGs
[2024-02-23T13:47:42.106+0000] {logging_mixin.py:188} INFO - [2024-02-23T13:47:42.105+0000] {dag.py:3823} INFO - Setting next_dagrun for Get_strava_data to 2024-02-26 05:00:00+00:00, run_after=2024-03-04 05:00:00+00:00
[2024-02-23T13:47:42.124+0000] {processor.py:183} INFO - Processing /opt/airflow/dags/get_strava_data.py took 0.403 seconds
[2024-02-23T13:48:12.984+0000] {processor.py:161} INFO - Started process (PID=1161) to work on /opt/airflow/dags/get_strava_data.py
[2024-02-23T13:48:12.985+0000] {processor.py:830} INFO - Processing file /opt/airflow/dags/get_strava_data.py for tasks to queue
[2024-02-23T13:48:12.986+0000] {logging_mixin.py:188} INFO - [2024-02-23T13:48:12.985+0000] {dagbag.py:538} INFO - Filling up the DagBag from /opt/airflow/dags/get_strava_data.py
[2024-02-23T13:48:13.354+0000] {processor.py:840} INFO - DAG(s) 'Get_strava_data' retrieved from /opt/airflow/dags/get_strava_data.py
[2024-02-23T13:48:13.381+0000] {logging_mixin.py:188} INFO - [2024-02-23T13:48:13.380+0000] {dag.py:3036} INFO - Sync 1 DAGs
[2024-02-23T13:48:13.401+0000] {logging_mixin.py:188} INFO - [2024-02-23T13:48:13.401+0000] {dag.py:3823} INFO - Setting next_dagrun for Get_strava_data to 2024-02-26 05:00:00+00:00, run_after=2024-03-04 05:00:00+00:00
[2024-02-23T13:48:13.422+0000] {processor.py:183} INFO - Processing /opt/airflow/dags/get_strava_data.py took 0.441 seconds
[2024-02-23T13:48:44.233+0000] {processor.py:161} INFO - Started process (PID=1188) to work on /opt/airflow/dags/get_strava_data.py
[2024-02-23T13:48:44.234+0000] {processor.py:830} INFO - Processing file /opt/airflow/dags/get_strava_data.py for tasks to queue
[2024-02-23T13:48:44.235+0000] {logging_mixin.py:188} INFO - [2024-02-23T13:48:44.234+0000] {dagbag.py:538} INFO - Filling up the DagBag from /opt/airflow/dags/get_strava_data.py
[2024-02-23T13:48:44.648+0000] {processor.py:840} INFO - DAG(s) 'Get_strava_data' retrieved from /opt/airflow/dags/get_strava_data.py
[2024-02-23T13:48:44.675+0000] {logging_mixin.py:188} INFO - [2024-02-23T13:48:44.674+0000] {dag.py:3036} INFO - Sync 1 DAGs
[2024-02-23T13:48:44.701+0000] {logging_mixin.py:188} INFO - [2024-02-23T13:48:44.701+0000] {dag.py:3823} INFO - Setting next_dagrun for Get_strava_data to 2024-02-26 05:00:00+00:00, run_after=2024-03-04 05:00:00+00:00
[2024-02-23T13:48:44.721+0000] {processor.py:183} INFO - Processing /opt/airflow/dags/get_strava_data.py took 0.491 seconds
[2024-02-23T13:49:15.488+0000] {processor.py:161} INFO - Started process (PID=1215) to work on /opt/airflow/dags/get_strava_data.py
[2024-02-23T13:49:15.489+0000] {processor.py:830} INFO - Processing file /opt/airflow/dags/get_strava_data.py for tasks to queue
[2024-02-23T13:49:15.490+0000] {logging_mixin.py:188} INFO - [2024-02-23T13:49:15.490+0000] {dagbag.py:538} INFO - Filling up the DagBag from /opt/airflow/dags/get_strava_data.py
[2024-02-23T13:49:15.863+0000] {processor.py:840} INFO - DAG(s) 'Get_strava_data' retrieved from /opt/airflow/dags/get_strava_data.py
[2024-02-23T13:49:15.885+0000] {logging_mixin.py:188} INFO - [2024-02-23T13:49:15.885+0000] {dag.py:3036} INFO - Sync 1 DAGs
[2024-02-23T13:49:15.910+0000] {logging_mixin.py:188} INFO - [2024-02-23T13:49:15.910+0000] {dag.py:3823} INFO - Setting next_dagrun for Get_strava_data to 2024-02-26 05:00:00+00:00, run_after=2024-03-04 05:00:00+00:00
[2024-02-23T13:49:15.936+0000] {processor.py:183} INFO - Processing /opt/airflow/dags/get_strava_data.py took 0.452 seconds
[2024-02-23T13:49:46.741+0000] {processor.py:161} INFO - Started process (PID=1242) to work on /opt/airflow/dags/get_strava_data.py
[2024-02-23T13:49:46.741+0000] {processor.py:830} INFO - Processing file /opt/airflow/dags/get_strava_data.py for tasks to queue
[2024-02-23T13:49:46.742+0000] {logging_mixin.py:188} INFO - [2024-02-23T13:49:46.742+0000] {dagbag.py:538} INFO - Filling up the DagBag from /opt/airflow/dags/get_strava_data.py
[2024-02-23T13:49:47.112+0000] {processor.py:840} INFO - DAG(s) 'Get_strava_data' retrieved from /opt/airflow/dags/get_strava_data.py
[2024-02-23T13:49:47.132+0000] {logging_mixin.py:188} INFO - [2024-02-23T13:49:47.131+0000] {dag.py:3036} INFO - Sync 1 DAGs
[2024-02-23T13:49:47.150+0000] {logging_mixin.py:188} INFO - [2024-02-23T13:49:47.150+0000] {dag.py:3823} INFO - Setting next_dagrun for Get_strava_data to 2024-02-26 05:00:00+00:00, run_after=2024-03-04 05:00:00+00:00
[2024-02-23T13:49:47.170+0000] {processor.py:183} INFO - Processing /opt/airflow/dags/get_strava_data.py took 0.432 seconds
[2024-02-23T13:50:18.107+0000] {processor.py:161} INFO - Started process (PID=1269) to work on /opt/airflow/dags/get_strava_data.py
[2024-02-23T13:50:18.108+0000] {processor.py:830} INFO - Processing file /opt/airflow/dags/get_strava_data.py for tasks to queue
[2024-02-23T13:50:18.109+0000] {logging_mixin.py:188} INFO - [2024-02-23T13:50:18.108+0000] {dagbag.py:538} INFO - Filling up the DagBag from /opt/airflow/dags/get_strava_data.py
[2024-02-23T13:50:18.526+0000] {processor.py:840} INFO - DAG(s) 'Get_strava_data' retrieved from /opt/airflow/dags/get_strava_data.py
[2024-02-23T13:50:18.560+0000] {logging_mixin.py:188} INFO - [2024-02-23T13:50:18.560+0000] {dag.py:3036} INFO - Sync 1 DAGs
[2024-02-23T13:50:18.579+0000] {logging_mixin.py:188} INFO - [2024-02-23T13:50:18.579+0000] {dag.py:3823} INFO - Setting next_dagrun for Get_strava_data to 2024-02-26 05:00:00+00:00, run_after=2024-03-04 05:00:00+00:00
[2024-02-23T13:50:18.599+0000] {processor.py:183} INFO - Processing /opt/airflow/dags/get_strava_data.py took 0.495 seconds
[2024-02-23T13:50:49.391+0000] {processor.py:161} INFO - Started process (PID=1297) to work on /opt/airflow/dags/get_strava_data.py
[2024-02-23T13:50:49.392+0000] {processor.py:830} INFO - Processing file /opt/airflow/dags/get_strava_data.py for tasks to queue
[2024-02-23T13:50:49.393+0000] {logging_mixin.py:188} INFO - [2024-02-23T13:50:49.393+0000] {dagbag.py:538} INFO - Filling up the DagBag from /opt/airflow/dags/get_strava_data.py
[2024-02-23T13:50:49.743+0000] {processor.py:840} INFO - DAG(s) 'Get_strava_data' retrieved from /opt/airflow/dags/get_strava_data.py
[2024-02-23T13:50:49.762+0000] {logging_mixin.py:188} INFO - [2024-02-23T13:50:49.762+0000] {dag.py:3036} INFO - Sync 1 DAGs
[2024-02-23T13:50:49.779+0000] {logging_mixin.py:188} INFO - [2024-02-23T13:50:49.779+0000] {dag.py:3823} INFO - Setting next_dagrun for Get_strava_data to 2024-02-26 05:00:00+00:00, run_after=2024-03-04 05:00:00+00:00
[2024-02-23T13:50:49.798+0000] {processor.py:183} INFO - Processing /opt/airflow/dags/get_strava_data.py took 0.410 seconds
[2024-02-23T13:51:20.639+0000] {processor.py:161} INFO - Started process (PID=1325) to work on /opt/airflow/dags/get_strava_data.py
[2024-02-23T13:51:20.640+0000] {processor.py:830} INFO - Processing file /opt/airflow/dags/get_strava_data.py for tasks to queue
[2024-02-23T13:51:20.640+0000] {logging_mixin.py:188} INFO - [2024-02-23T13:51:20.640+0000] {dagbag.py:538} INFO - Filling up the DagBag from /opt/airflow/dags/get_strava_data.py
[2024-02-23T13:51:21.033+0000] {processor.py:840} INFO - DAG(s) 'Get_strava_data' retrieved from /opt/airflow/dags/get_strava_data.py
[2024-02-23T13:51:21.052+0000] {logging_mixin.py:188} INFO - [2024-02-23T13:51:21.052+0000] {dag.py:3036} INFO - Sync 1 DAGs
[2024-02-23T13:51:21.069+0000] {logging_mixin.py:188} INFO - [2024-02-23T13:51:21.069+0000] {dag.py:3823} INFO - Setting next_dagrun for Get_strava_data to 2024-02-26 05:00:00+00:00, run_after=2024-03-04 05:00:00+00:00
[2024-02-23T13:51:21.088+0000] {processor.py:183} INFO - Processing /opt/airflow/dags/get_strava_data.py took 0.451 seconds
[2024-02-23T13:51:51.941+0000] {processor.py:161} INFO - Started process (PID=1352) to work on /opt/airflow/dags/get_strava_data.py
[2024-02-23T13:51:51.942+0000] {processor.py:830} INFO - Processing file /opt/airflow/dags/get_strava_data.py for tasks to queue
[2024-02-23T13:51:51.942+0000] {logging_mixin.py:188} INFO - [2024-02-23T13:51:51.942+0000] {dagbag.py:538} INFO - Filling up the DagBag from /opt/airflow/dags/get_strava_data.py
[2024-02-23T13:51:52.286+0000] {processor.py:840} INFO - DAG(s) 'Get_strava_data' retrieved from /opt/airflow/dags/get_strava_data.py
[2024-02-23T13:51:52.304+0000] {logging_mixin.py:188} INFO - [2024-02-23T13:51:52.304+0000] {dag.py:3036} INFO - Sync 1 DAGs
[2024-02-23T13:51:52.321+0000] {logging_mixin.py:188} INFO - [2024-02-23T13:51:52.320+0000] {dag.py:3823} INFO - Setting next_dagrun for Get_strava_data to 2024-02-26 05:00:00+00:00, run_after=2024-03-04 05:00:00+00:00
[2024-02-23T13:51:52.342+0000] {processor.py:183} INFO - Processing /opt/airflow/dags/get_strava_data.py took 0.404 seconds
[2024-02-23T13:52:23.229+0000] {processor.py:161} INFO - Started process (PID=1379) to work on /opt/airflow/dags/get_strava_data.py
[2024-02-23T13:52:23.230+0000] {processor.py:830} INFO - Processing file /opt/airflow/dags/get_strava_data.py for tasks to queue
[2024-02-23T13:52:23.230+0000] {logging_mixin.py:188} INFO - [2024-02-23T13:52:23.230+0000] {dagbag.py:538} INFO - Filling up the DagBag from /opt/airflow/dags/get_strava_data.py
[2024-02-23T13:52:23.572+0000] {processor.py:840} INFO - DAG(s) 'Get_strava_data' retrieved from /opt/airflow/dags/get_strava_data.py
[2024-02-23T13:52:23.592+0000] {logging_mixin.py:188} INFO - [2024-02-23T13:52:23.591+0000] {dag.py:3036} INFO - Sync 1 DAGs
[2024-02-23T13:52:23.609+0000] {logging_mixin.py:188} INFO - [2024-02-23T13:52:23.608+0000] {dag.py:3823} INFO - Setting next_dagrun for Get_strava_data to 2024-02-26 05:00:00+00:00, run_after=2024-03-04 05:00:00+00:00
[2024-02-23T13:52:23.627+0000] {processor.py:183} INFO - Processing /opt/airflow/dags/get_strava_data.py took 0.401 seconds
[2024-02-23T13:52:54.556+0000] {processor.py:161} INFO - Started process (PID=1406) to work on /opt/airflow/dags/get_strava_data.py
[2024-02-23T13:52:54.560+0000] {processor.py:830} INFO - Processing file /opt/airflow/dags/get_strava_data.py for tasks to queue
[2024-02-23T13:52:54.561+0000] {logging_mixin.py:188} INFO - [2024-02-23T13:52:54.560+0000] {dagbag.py:538} INFO - Filling up the DagBag from /opt/airflow/dags/get_strava_data.py
[2024-02-23T13:52:55.004+0000] {processor.py:840} INFO - DAG(s) 'Get_strava_data' retrieved from /opt/airflow/dags/get_strava_data.py
[2024-02-23T13:52:55.023+0000] {logging_mixin.py:188} INFO - [2024-02-23T13:52:55.022+0000] {dag.py:3036} INFO - Sync 1 DAGs
[2024-02-23T13:52:55.039+0000] {logging_mixin.py:188} INFO - [2024-02-23T13:52:55.038+0000] {dag.py:3823} INFO - Setting next_dagrun for Get_strava_data to 2024-02-26 05:00:00+00:00, run_after=2024-03-04 05:00:00+00:00
[2024-02-23T13:52:55.057+0000] {processor.py:183} INFO - Processing /opt/airflow/dags/get_strava_data.py took 0.504 seconds
[2024-02-23T13:53:25.798+0000] {processor.py:161} INFO - Started process (PID=1433) to work on /opt/airflow/dags/get_strava_data.py
[2024-02-23T13:53:25.799+0000] {processor.py:830} INFO - Processing file /opt/airflow/dags/get_strava_data.py for tasks to queue
[2024-02-23T13:53:25.800+0000] {logging_mixin.py:188} INFO - [2024-02-23T13:53:25.800+0000] {dagbag.py:538} INFO - Filling up the DagBag from /opt/airflow/dags/get_strava_data.py
[2024-02-23T13:53:26.349+0000] {processor.py:840} INFO - DAG(s) 'Get_strava_data' retrieved from /opt/airflow/dags/get_strava_data.py
[2024-02-23T13:53:26.381+0000] {logging_mixin.py:188} INFO - [2024-02-23T13:53:26.380+0000] {dag.py:3036} INFO - Sync 1 DAGs
[2024-02-23T13:53:26.406+0000] {logging_mixin.py:188} INFO - [2024-02-23T13:53:26.405+0000] {dag.py:3823} INFO - Setting next_dagrun for Get_strava_data to 2024-02-26 05:00:00+00:00, run_after=2024-03-04 05:00:00+00:00
[2024-02-23T13:53:26.431+0000] {processor.py:183} INFO - Processing /opt/airflow/dags/get_strava_data.py took 0.636 seconds
[2024-02-23T13:53:57.191+0000] {processor.py:161} INFO - Started process (PID=1461) to work on /opt/airflow/dags/get_strava_data.py
[2024-02-23T13:53:57.192+0000] {processor.py:830} INFO - Processing file /opt/airflow/dags/get_strava_data.py for tasks to queue
[2024-02-23T13:53:57.192+0000] {logging_mixin.py:188} INFO - [2024-02-23T13:53:57.192+0000] {dagbag.py:538} INFO - Filling up the DagBag from /opt/airflow/dags/get_strava_data.py
[2024-02-23T13:53:57.560+0000] {processor.py:840} INFO - DAG(s) 'Get_strava_data' retrieved from /opt/airflow/dags/get_strava_data.py
[2024-02-23T13:53:57.595+0000] {logging_mixin.py:188} INFO - [2024-02-23T13:53:57.594+0000] {dag.py:3036} INFO - Sync 1 DAGs
[2024-02-23T13:53:57.625+0000] {logging_mixin.py:188} INFO - [2024-02-23T13:53:57.624+0000] {dag.py:3823} INFO - Setting next_dagrun for Get_strava_data to 2024-02-26 05:00:00+00:00, run_after=2024-03-04 05:00:00+00:00
[2024-02-23T13:53:57.647+0000] {processor.py:183} INFO - Processing /opt/airflow/dags/get_strava_data.py took 0.459 seconds
[2024-02-23T13:54:28.437+0000] {processor.py:161} INFO - Started process (PID=1488) to work on /opt/airflow/dags/get_strava_data.py
[2024-02-23T13:54:28.437+0000] {processor.py:830} INFO - Processing file /opt/airflow/dags/get_strava_data.py for tasks to queue
[2024-02-23T13:54:28.438+0000] {logging_mixin.py:188} INFO - [2024-02-23T13:54:28.438+0000] {dagbag.py:538} INFO - Filling up the DagBag from /opt/airflow/dags/get_strava_data.py
[2024-02-23T13:54:28.775+0000] {processor.py:840} INFO - DAG(s) 'Get_strava_data' retrieved from /opt/airflow/dags/get_strava_data.py
[2024-02-23T13:54:28.799+0000] {logging_mixin.py:188} INFO - [2024-02-23T13:54:28.799+0000] {dag.py:3036} INFO - Sync 1 DAGs
[2024-02-23T13:54:28.817+0000] {logging_mixin.py:188} INFO - [2024-02-23T13:54:28.817+0000] {dag.py:3823} INFO - Setting next_dagrun for Get_strava_data to 2024-02-26 05:00:00+00:00, run_after=2024-03-04 05:00:00+00:00
[2024-02-23T13:54:28.836+0000] {processor.py:183} INFO - Processing /opt/airflow/dags/get_strava_data.py took 0.402 seconds
[2024-02-23T13:54:59.747+0000] {processor.py:161} INFO - Started process (PID=1516) to work on /opt/airflow/dags/get_strava_data.py
[2024-02-23T13:54:59.748+0000] {processor.py:830} INFO - Processing file /opt/airflow/dags/get_strava_data.py for tasks to queue
[2024-02-23T13:54:59.748+0000] {logging_mixin.py:188} INFO - [2024-02-23T13:54:59.748+0000] {dagbag.py:538} INFO - Filling up the DagBag from /opt/airflow/dags/get_strava_data.py
[2024-02-23T13:55:00.153+0000] {processor.py:840} INFO - DAG(s) 'Get_strava_data' retrieved from /opt/airflow/dags/get_strava_data.py
[2024-02-23T13:55:00.174+0000] {logging_mixin.py:188} INFO - [2024-02-23T13:55:00.174+0000] {dag.py:3036} INFO - Sync 1 DAGs
[2024-02-23T13:55:00.190+0000] {logging_mixin.py:188} INFO - [2024-02-23T13:55:00.190+0000] {dag.py:3823} INFO - Setting next_dagrun for Get_strava_data to 2024-02-26 05:00:00+00:00, run_after=2024-03-04 05:00:00+00:00
[2024-02-23T13:55:00.211+0000] {processor.py:183} INFO - Processing /opt/airflow/dags/get_strava_data.py took 0.467 seconds
[2024-02-23T13:55:30.995+0000] {processor.py:161} INFO - Started process (PID=1543) to work on /opt/airflow/dags/get_strava_data.py
[2024-02-23T13:55:30.996+0000] {processor.py:830} INFO - Processing file /opt/airflow/dags/get_strava_data.py for tasks to queue
[2024-02-23T13:55:30.996+0000] {logging_mixin.py:188} INFO - [2024-02-23T13:55:30.996+0000] {dagbag.py:538} INFO - Filling up the DagBag from /opt/airflow/dags/get_strava_data.py
[2024-02-23T13:55:31.334+0000] {processor.py:840} INFO - DAG(s) 'Get_strava_data' retrieved from /opt/airflow/dags/get_strava_data.py
[2024-02-23T13:55:31.353+0000] {logging_mixin.py:188} INFO - [2024-02-23T13:55:31.352+0000] {dag.py:3036} INFO - Sync 1 DAGs
[2024-02-23T13:55:31.369+0000] {logging_mixin.py:188} INFO - [2024-02-23T13:55:31.369+0000] {dag.py:3823} INFO - Setting next_dagrun for Get_strava_data to 2024-02-26 05:00:00+00:00, run_after=2024-03-04 05:00:00+00:00
[2024-02-23T13:55:31.388+0000] {processor.py:183} INFO - Processing /opt/airflow/dags/get_strava_data.py took 0.397 seconds
[2024-02-23T13:56:02.286+0000] {processor.py:161} INFO - Started process (PID=1570) to work on /opt/airflow/dags/get_strava_data.py
[2024-02-23T13:56:02.287+0000] {processor.py:830} INFO - Processing file /opt/airflow/dags/get_strava_data.py for tasks to queue
[2024-02-23T13:56:02.288+0000] {logging_mixin.py:188} INFO - [2024-02-23T13:56:02.288+0000] {dagbag.py:538} INFO - Filling up the DagBag from /opt/airflow/dags/get_strava_data.py
[2024-02-23T13:56:02.708+0000] {processor.py:840} INFO - DAG(s) 'Get_strava_data' retrieved from /opt/airflow/dags/get_strava_data.py
[2024-02-23T13:56:02.747+0000] {logging_mixin.py:188} INFO - [2024-02-23T13:56:02.747+0000] {dag.py:3036} INFO - Sync 1 DAGs
[2024-02-23T13:56:02.774+0000] {logging_mixin.py:188} INFO - [2024-02-23T13:56:02.774+0000] {dag.py:3823} INFO - Setting next_dagrun for Get_strava_data to 2024-02-26 05:00:00+00:00, run_after=2024-03-04 05:00:00+00:00
[2024-02-23T13:56:02.799+0000] {processor.py:183} INFO - Processing /opt/airflow/dags/get_strava_data.py took 0.516 seconds
[2024-02-23T13:56:33.539+0000] {processor.py:161} INFO - Started process (PID=1597) to work on /opt/airflow/dags/get_strava_data.py
[2024-02-23T13:56:33.540+0000] {processor.py:830} INFO - Processing file /opt/airflow/dags/get_strava_data.py for tasks to queue
[2024-02-23T13:56:33.541+0000] {logging_mixin.py:188} INFO - [2024-02-23T13:56:33.540+0000] {dagbag.py:538} INFO - Filling up the DagBag from /opt/airflow/dags/get_strava_data.py
[2024-02-23T13:56:33.874+0000] {processor.py:840} INFO - DAG(s) 'Get_strava_data' retrieved from /opt/airflow/dags/get_strava_data.py
[2024-02-23T13:56:33.892+0000] {logging_mixin.py:188} INFO - [2024-02-23T13:56:33.892+0000] {dag.py:3036} INFO - Sync 1 DAGs
[2024-02-23T13:56:33.908+0000] {logging_mixin.py:188} INFO - [2024-02-23T13:56:33.908+0000] {dag.py:3823} INFO - Setting next_dagrun for Get_strava_data to 2024-02-26 05:00:00+00:00, run_after=2024-03-04 05:00:00+00:00
[2024-02-23T13:56:33.928+0000] {processor.py:183} INFO - Processing /opt/airflow/dags/get_strava_data.py took 0.392 seconds
[2024-02-23T13:57:04.851+0000] {processor.py:161} INFO - Started process (PID=1625) to work on /opt/airflow/dags/get_strava_data.py
[2024-02-23T13:57:04.852+0000] {processor.py:830} INFO - Processing file /opt/airflow/dags/get_strava_data.py for tasks to queue
[2024-02-23T13:57:04.853+0000] {logging_mixin.py:188} INFO - [2024-02-23T13:57:04.852+0000] {dagbag.py:538} INFO - Filling up the DagBag from /opt/airflow/dags/get_strava_data.py
[2024-02-23T13:57:05.183+0000] {processor.py:840} INFO - DAG(s) 'Get_strava_data' retrieved from /opt/airflow/dags/get_strava_data.py
[2024-02-23T13:57:05.201+0000] {logging_mixin.py:188} INFO - [2024-02-23T13:57:05.201+0000] {dag.py:3036} INFO - Sync 1 DAGs
[2024-02-23T13:57:05.217+0000] {logging_mixin.py:188} INFO - [2024-02-23T13:57:05.217+0000] {dag.py:3823} INFO - Setting next_dagrun for Get_strava_data to 2024-02-26 05:00:00+00:00, run_after=2024-03-04 05:00:00+00:00
[2024-02-23T13:57:05.239+0000] {processor.py:183} INFO - Processing /opt/airflow/dags/get_strava_data.py took 0.391 seconds
[2024-02-23T13:57:36.171+0000] {processor.py:161} INFO - Started process (PID=1653) to work on /opt/airflow/dags/get_strava_data.py
[2024-02-23T13:57:36.171+0000] {processor.py:830} INFO - Processing file /opt/airflow/dags/get_strava_data.py for tasks to queue
[2024-02-23T13:57:36.173+0000] {logging_mixin.py:188} INFO - [2024-02-23T13:57:36.172+0000] {dagbag.py:538} INFO - Filling up the DagBag from /opt/airflow/dags/get_strava_data.py
[2024-02-23T13:57:36.510+0000] {processor.py:840} INFO - DAG(s) 'Get_strava_data' retrieved from /opt/airflow/dags/get_strava_data.py
[2024-02-23T13:57:36.529+0000] {logging_mixin.py:188} INFO - [2024-02-23T13:57:36.528+0000] {dag.py:3036} INFO - Sync 1 DAGs
[2024-02-23T13:57:36.546+0000] {logging_mixin.py:188} INFO - [2024-02-23T13:57:36.546+0000] {dag.py:3823} INFO - Setting next_dagrun for Get_strava_data to 2024-02-26 05:00:00+00:00, run_after=2024-03-04 05:00:00+00:00
[2024-02-23T13:57:36.565+0000] {processor.py:183} INFO - Processing /opt/airflow/dags/get_strava_data.py took 0.397 seconds
[2024-02-23T13:58:06.644+0000] {processor.py:161} INFO - Started process (PID=1680) to work on /opt/airflow/dags/get_strava_data.py
[2024-02-23T13:58:06.645+0000] {processor.py:830} INFO - Processing file /opt/airflow/dags/get_strava_data.py for tasks to queue
[2024-02-23T13:58:06.646+0000] {logging_mixin.py:188} INFO - [2024-02-23T13:58:06.646+0000] {dagbag.py:538} INFO - Filling up the DagBag from /opt/airflow/dags/get_strava_data.py
[2024-02-23T13:58:06.981+0000] {processor.py:840} INFO - DAG(s) 'Get_strava_data' retrieved from /opt/airflow/dags/get_strava_data.py
[2024-02-23T13:58:07.004+0000] {logging_mixin.py:188} INFO - [2024-02-23T13:58:07.004+0000] {dag.py:3036} INFO - Sync 1 DAGs
[2024-02-23T13:58:07.023+0000] {logging_mixin.py:188} INFO - [2024-02-23T13:58:07.022+0000] {dag.py:3823} INFO - Setting next_dagrun for Get_strava_data to 2024-02-26 05:00:00+00:00, run_after=2024-03-04 05:00:00+00:00
[2024-02-23T13:58:07.044+0000] {processor.py:183} INFO - Processing /opt/airflow/dags/get_strava_data.py took 0.402 seconds
[2024-02-23T13:58:37.900+0000] {processor.py:161} INFO - Started process (PID=1707) to work on /opt/airflow/dags/get_strava_data.py
[2024-02-23T13:58:37.901+0000] {processor.py:830} INFO - Processing file /opt/airflow/dags/get_strava_data.py for tasks to queue
[2024-02-23T13:58:37.902+0000] {logging_mixin.py:188} INFO - [2024-02-23T13:58:37.902+0000] {dagbag.py:538} INFO - Filling up the DagBag from /opt/airflow/dags/get_strava_data.py
[2024-02-23T13:58:38.250+0000] {processor.py:840} INFO - DAG(s) 'Get_strava_data' retrieved from /opt/airflow/dags/get_strava_data.py
[2024-02-23T13:58:38.269+0000] {logging_mixin.py:188} INFO - [2024-02-23T13:58:38.269+0000] {dag.py:3036} INFO - Sync 1 DAGs
[2024-02-23T13:58:38.286+0000] {logging_mixin.py:188} INFO - [2024-02-23T13:58:38.286+0000] {dag.py:3823} INFO - Setting next_dagrun for Get_strava_data to 2024-02-26 05:00:00+00:00, run_after=2024-03-04 05:00:00+00:00
[2024-02-23T13:58:38.304+0000] {processor.py:183} INFO - Processing /opt/airflow/dags/get_strava_data.py took 0.407 seconds
[2024-02-23T13:59:09.156+0000] {processor.py:161} INFO - Started process (PID=1733) to work on /opt/airflow/dags/get_strava_data.py
[2024-02-23T13:59:09.157+0000] {processor.py:830} INFO - Processing file /opt/airflow/dags/get_strava_data.py for tasks to queue
[2024-02-23T13:59:09.158+0000] {logging_mixin.py:188} INFO - [2024-02-23T13:59:09.158+0000] {dagbag.py:538} INFO - Filling up the DagBag from /opt/airflow/dags/get_strava_data.py
[2024-02-23T13:59:09.532+0000] {processor.py:840} INFO - DAG(s) 'Get_strava_data' retrieved from /opt/airflow/dags/get_strava_data.py
[2024-02-23T13:59:09.551+0000] {logging_mixin.py:188} INFO - [2024-02-23T13:59:09.551+0000] {dag.py:3036} INFO - Sync 1 DAGs
[2024-02-23T13:59:09.568+0000] {logging_mixin.py:188} INFO - [2024-02-23T13:59:09.567+0000] {dag.py:3823} INFO - Setting next_dagrun for Get_strava_data to 2024-02-26 05:00:00+00:00, run_after=2024-03-04 05:00:00+00:00
[2024-02-23T13:59:09.589+0000] {processor.py:183} INFO - Processing /opt/airflow/dags/get_strava_data.py took 0.435 seconds
[2024-02-23T13:59:40.425+0000] {processor.py:161} INFO - Started process (PID=1760) to work on /opt/airflow/dags/get_strava_data.py
[2024-02-23T13:59:40.426+0000] {processor.py:830} INFO - Processing file /opt/airflow/dags/get_strava_data.py for tasks to queue
[2024-02-23T13:59:40.426+0000] {logging_mixin.py:188} INFO - [2024-02-23T13:59:40.426+0000] {dagbag.py:538} INFO - Filling up the DagBag from /opt/airflow/dags/get_strava_data.py
[2024-02-23T13:59:40.752+0000] {processor.py:840} INFO - DAG(s) 'Get_strava_data' retrieved from /opt/airflow/dags/get_strava_data.py
[2024-02-23T13:59:40.770+0000] {logging_mixin.py:188} INFO - [2024-02-23T13:59:40.770+0000] {dag.py:3036} INFO - Sync 1 DAGs
[2024-02-23T13:59:40.785+0000] {logging_mixin.py:188} INFO - [2024-02-23T13:59:40.785+0000] {dag.py:3823} INFO - Setting next_dagrun for Get_strava_data to 2024-02-26 05:00:00+00:00, run_after=2024-03-04 05:00:00+00:00
[2024-02-23T13:59:40.806+0000] {processor.py:183} INFO - Processing /opt/airflow/dags/get_strava_data.py took 0.383 seconds
[2024-02-23T14:00:11.681+0000] {processor.py:161} INFO - Started process (PID=1786) to work on /opt/airflow/dags/get_strava_data.py
[2024-02-23T14:00:11.681+0000] {processor.py:830} INFO - Processing file /opt/airflow/dags/get_strava_data.py for tasks to queue
[2024-02-23T14:00:11.682+0000] {logging_mixin.py:188} INFO - [2024-02-23T14:00:11.682+0000] {dagbag.py:538} INFO - Filling up the DagBag from /opt/airflow/dags/get_strava_data.py
[2024-02-23T14:00:12.022+0000] {processor.py:840} INFO - DAG(s) 'Get_strava_data' retrieved from /opt/airflow/dags/get_strava_data.py
[2024-02-23T14:00:12.040+0000] {logging_mixin.py:188} INFO - [2024-02-23T14:00:12.040+0000] {dag.py:3036} INFO - Sync 1 DAGs
[2024-02-23T14:00:12.057+0000] {logging_mixin.py:188} INFO - [2024-02-23T14:00:12.057+0000] {dag.py:3823} INFO - Setting next_dagrun for Get_strava_data to 2024-02-26 05:00:00+00:00, run_after=2024-03-04 05:00:00+00:00
[2024-02-23T14:00:12.076+0000] {processor.py:183} INFO - Processing /opt/airflow/dags/get_strava_data.py took 0.398 seconds
[2024-02-23T14:00:42.962+0000] {processor.py:161} INFO - Started process (PID=1813) to work on /opt/airflow/dags/get_strava_data.py
[2024-02-23T14:00:42.963+0000] {processor.py:830} INFO - Processing file /opt/airflow/dags/get_strava_data.py for tasks to queue
[2024-02-23T14:00:42.964+0000] {logging_mixin.py:188} INFO - [2024-02-23T14:00:42.963+0000] {dagbag.py:538} INFO - Filling up the DagBag from /opt/airflow/dags/get_strava_data.py
[2024-02-23T14:00:43.289+0000] {processor.py:840} INFO - DAG(s) 'Get_strava_data' retrieved from /opt/airflow/dags/get_strava_data.py
[2024-02-23T14:00:43.307+0000] {logging_mixin.py:188} INFO - [2024-02-23T14:00:43.307+0000] {dag.py:3036} INFO - Sync 1 DAGs
[2024-02-23T14:00:43.323+0000] {logging_mixin.py:188} INFO - [2024-02-23T14:00:43.323+0000] {dag.py:3823} INFO - Setting next_dagrun for Get_strava_data to 2024-02-26 05:00:00+00:00, run_after=2024-03-04 05:00:00+00:00
[2024-02-23T14:00:43.342+0000] {processor.py:183} INFO - Processing /opt/airflow/dags/get_strava_data.py took 0.382 seconds
[2024-02-23T14:01:14.300+0000] {processor.py:161} INFO - Started process (PID=1847) to work on /opt/airflow/dags/get_strava_data.py
[2024-02-23T14:01:14.301+0000] {processor.py:830} INFO - Processing file /opt/airflow/dags/get_strava_data.py for tasks to queue
[2024-02-23T14:01:14.302+0000] {logging_mixin.py:188} INFO - [2024-02-23T14:01:14.301+0000] {dagbag.py:538} INFO - Filling up the DagBag from /opt/airflow/dags/get_strava_data.py
[2024-02-23T14:01:14.704+0000] {processor.py:840} INFO - DAG(s) 'Get_strava_data' retrieved from /opt/airflow/dags/get_strava_data.py
[2024-02-23T14:01:14.728+0000] {logging_mixin.py:188} INFO - [2024-02-23T14:01:14.727+0000] {dag.py:3036} INFO - Sync 1 DAGs
[2024-02-23T14:01:14.744+0000] {logging_mixin.py:188} INFO - [2024-02-23T14:01:14.744+0000] {dag.py:3823} INFO - Setting next_dagrun for Get_strava_data to 2024-02-26 05:00:00+00:00, run_after=2024-03-04 05:00:00+00:00
[2024-02-23T14:01:14.766+0000] {processor.py:183} INFO - Processing /opt/airflow/dags/get_strava_data.py took 0.470 seconds
[2024-02-23T14:01:45.557+0000] {processor.py:161} INFO - Started process (PID=1874) to work on /opt/airflow/dags/get_strava_data.py
[2024-02-23T14:01:45.558+0000] {processor.py:830} INFO - Processing file /opt/airflow/dags/get_strava_data.py for tasks to queue
[2024-02-23T14:01:45.558+0000] {logging_mixin.py:188} INFO - [2024-02-23T14:01:45.558+0000] {dagbag.py:538} INFO - Filling up the DagBag from /opt/airflow/dags/get_strava_data.py
[2024-02-23T14:01:45.899+0000] {processor.py:840} INFO - DAG(s) 'Get_strava_data' retrieved from /opt/airflow/dags/get_strava_data.py
[2024-02-23T14:01:45.920+0000] {logging_mixin.py:188} INFO - [2024-02-23T14:01:45.919+0000] {dag.py:3036} INFO - Sync 1 DAGs
[2024-02-23T14:01:45.945+0000] {logging_mixin.py:188} INFO - [2024-02-23T14:01:45.945+0000] {dag.py:3823} INFO - Setting next_dagrun for Get_strava_data to 2024-02-26 05:00:00+00:00, run_after=2024-03-04 05:00:00+00:00
[2024-02-23T14:01:45.966+0000] {processor.py:183} INFO - Processing /opt/airflow/dags/get_strava_data.py took 0.412 seconds
[2024-02-23T14:02:16.704+0000] {processor.py:161} INFO - Started process (PID=1901) to work on /opt/airflow/dags/get_strava_data.py
[2024-02-23T14:02:16.705+0000] {processor.py:830} INFO - Processing file /opt/airflow/dags/get_strava_data.py for tasks to queue
[2024-02-23T14:02:16.705+0000] {logging_mixin.py:188} INFO - [2024-02-23T14:02:16.705+0000] {dagbag.py:538} INFO - Filling up the DagBag from /opt/airflow/dags/get_strava_data.py
[2024-02-23T14:02:17.050+0000] {processor.py:840} INFO - DAG(s) 'Get_strava_data' retrieved from /opt/airflow/dags/get_strava_data.py
[2024-02-23T14:02:17.069+0000] {logging_mixin.py:188} INFO - [2024-02-23T14:02:17.068+0000] {dag.py:3036} INFO - Sync 1 DAGs
[2024-02-23T14:02:17.085+0000] {logging_mixin.py:188} INFO - [2024-02-23T14:02:17.085+0000] {dag.py:3823} INFO - Setting next_dagrun for Get_strava_data to 2024-02-26 05:00:00+00:00, run_after=2024-03-04 05:00:00+00:00
[2024-02-23T14:02:17.104+0000] {processor.py:183} INFO - Processing /opt/airflow/dags/get_strava_data.py took 0.402 seconds
[2024-02-23T14:02:48.045+0000] {processor.py:161} INFO - Started process (PID=1929) to work on /opt/airflow/dags/get_strava_data.py
[2024-02-23T14:02:48.046+0000] {processor.py:830} INFO - Processing file /opt/airflow/dags/get_strava_data.py for tasks to queue
[2024-02-23T14:02:48.047+0000] {logging_mixin.py:188} INFO - [2024-02-23T14:02:48.047+0000] {dagbag.py:538} INFO - Filling up the DagBag from /opt/airflow/dags/get_strava_data.py
[2024-02-23T14:02:48.421+0000] {processor.py:840} INFO - DAG(s) 'Get_strava_data' retrieved from /opt/airflow/dags/get_strava_data.py
[2024-02-23T14:02:48.439+0000] {logging_mixin.py:188} INFO - [2024-02-23T14:02:48.439+0000] {dag.py:3036} INFO - Sync 1 DAGs
[2024-02-23T14:02:48.455+0000] {logging_mixin.py:188} INFO - [2024-02-23T14:02:48.455+0000] {dag.py:3823} INFO - Setting next_dagrun for Get_strava_data to 2024-02-26 05:00:00+00:00, run_after=2024-03-04 05:00:00+00:00
[2024-02-23T14:02:48.474+0000] {processor.py:183} INFO - Processing /opt/airflow/dags/get_strava_data.py took 0.432 seconds
[2024-02-23T14:03:18.523+0000] {processor.py:161} INFO - Started process (PID=1961) to work on /opt/airflow/dags/get_strava_data.py
[2024-02-23T14:03:18.524+0000] {processor.py:830} INFO - Processing file /opt/airflow/dags/get_strava_data.py for tasks to queue
[2024-02-23T14:03:18.524+0000] {logging_mixin.py:188} INFO - [2024-02-23T14:03:18.524+0000] {dagbag.py:538} INFO - Filling up the DagBag from /opt/airflow/dags/get_strava_data.py
[2024-02-23T14:03:18.856+0000] {processor.py:840} INFO - DAG(s) 'Get_strava_data' retrieved from /opt/airflow/dags/get_strava_data.py
[2024-02-23T14:03:18.875+0000] {logging_mixin.py:188} INFO - [2024-02-23T14:03:18.875+0000] {dag.py:3036} INFO - Sync 1 DAGs
[2024-02-23T14:03:18.892+0000] {logging_mixin.py:188} INFO - [2024-02-23T14:03:18.892+0000] {dag.py:3823} INFO - Setting next_dagrun for Get_strava_data to 2024-02-26 05:00:00+00:00, run_after=2024-03-04 05:00:00+00:00
[2024-02-23T14:03:18.910+0000] {processor.py:183} INFO - Processing /opt/airflow/dags/get_strava_data.py took 0.390 seconds
[2024-02-23T14:03:49.829+0000] {processor.py:161} INFO - Started process (PID=1988) to work on /opt/airflow/dags/get_strava_data.py
[2024-02-23T14:03:49.832+0000] {processor.py:830} INFO - Processing file /opt/airflow/dags/get_strava_data.py for tasks to queue
[2024-02-23T14:03:49.833+0000] {logging_mixin.py:188} INFO - [2024-02-23T14:03:49.833+0000] {dagbag.py:538} INFO - Filling up the DagBag from /opt/airflow/dags/get_strava_data.py
[2024-02-23T14:03:50.336+0000] {processor.py:840} INFO - DAG(s) 'Get_strava_data' retrieved from /opt/airflow/dags/get_strava_data.py
[2024-02-23T14:03:50.355+0000] {logging_mixin.py:188} INFO - [2024-02-23T14:03:50.354+0000] {dag.py:3036} INFO - Sync 1 DAGs
[2024-02-23T14:03:50.371+0000] {logging_mixin.py:188} INFO - [2024-02-23T14:03:50.371+0000] {dag.py:3823} INFO - Setting next_dagrun for Get_strava_data to 2024-02-26 05:00:00+00:00, run_after=2024-03-04 05:00:00+00:00
[2024-02-23T14:03:50.389+0000] {processor.py:183} INFO - Processing /opt/airflow/dags/get_strava_data.py took 0.564 seconds
[2024-02-23T14:04:20.592+0000] {processor.py:161} INFO - Started process (PID=2023) to work on /opt/airflow/dags/get_strava_data.py
[2024-02-23T14:04:20.602+0000] {processor.py:830} INFO - Processing file /opt/airflow/dags/get_strava_data.py for tasks to queue
[2024-02-23T14:04:20.603+0000] {logging_mixin.py:188} INFO - [2024-02-23T14:04:20.603+0000] {dagbag.py:538} INFO - Filling up the DagBag from /opt/airflow/dags/get_strava_data.py
[2024-02-23T14:04:20.970+0000] {processor.py:840} INFO - DAG(s) 'Get_strava_data' retrieved from /opt/airflow/dags/get_strava_data.py
[2024-02-23T14:04:21.016+0000] {logging_mixin.py:188} INFO - [2024-02-23T14:04:21.016+0000] {dag.py:3036} INFO - Sync 1 DAGs
[2024-02-23T14:04:21.035+0000] {logging_mixin.py:188} INFO - [2024-02-23T14:04:21.035+0000] {dag.py:3823} INFO - Setting next_dagrun for Get_strava_data to 2024-02-26 05:00:00+00:00, run_after=2024-03-04 05:00:00+00:00
[2024-02-23T14:04:21.055+0000] {processor.py:183} INFO - Processing /opt/airflow/dags/get_strava_data.py took 0.471 seconds
[2024-02-23T14:04:51.845+0000] {processor.py:161} INFO - Started process (PID=2052) to work on /opt/airflow/dags/get_strava_data.py
[2024-02-23T14:04:51.846+0000] {processor.py:830} INFO - Processing file /opt/airflow/dags/get_strava_data.py for tasks to queue
[2024-02-23T14:04:51.847+0000] {logging_mixin.py:188} INFO - [2024-02-23T14:04:51.846+0000] {dagbag.py:538} INFO - Filling up the DagBag from /opt/airflow/dags/get_strava_data.py
[2024-02-23T14:04:52.185+0000] {processor.py:840} INFO - DAG(s) 'Get_strava_data' retrieved from /opt/airflow/dags/get_strava_data.py
[2024-02-23T14:04:52.203+0000] {logging_mixin.py:188} INFO - [2024-02-23T14:04:52.203+0000] {dag.py:3036} INFO - Sync 1 DAGs
[2024-02-23T14:04:52.220+0000] {logging_mixin.py:188} INFO - [2024-02-23T14:04:52.220+0000] {dag.py:3823} INFO - Setting next_dagrun for Get_strava_data to 2024-02-26 05:00:00+00:00, run_after=2024-03-04 05:00:00+00:00
[2024-02-23T14:04:52.240+0000] {processor.py:183} INFO - Processing /opt/airflow/dags/get_strava_data.py took 0.397 seconds
[2024-02-23T14:05:23.212+0000] {processor.py:161} INFO - Started process (PID=2079) to work on /opt/airflow/dags/get_strava_data.py
[2024-02-23T14:05:23.213+0000] {processor.py:830} INFO - Processing file /opt/airflow/dags/get_strava_data.py for tasks to queue
[2024-02-23T14:05:23.214+0000] {logging_mixin.py:188} INFO - [2024-02-23T14:05:23.214+0000] {dagbag.py:538} INFO - Filling up the DagBag from /opt/airflow/dags/get_strava_data.py
[2024-02-23T14:05:23.549+0000] {processor.py:840} INFO - DAG(s) 'Get_strava_data' retrieved from /opt/airflow/dags/get_strava_data.py
[2024-02-23T14:05:23.576+0000] {logging_mixin.py:188} INFO - [2024-02-23T14:05:23.576+0000] {dag.py:3036} INFO - Sync 1 DAGs
[2024-02-23T14:05:23.592+0000] {logging_mixin.py:188} INFO - [2024-02-23T14:05:23.592+0000] {dag.py:3823} INFO - Setting next_dagrun for Get_strava_data to 2024-02-26 05:00:00+00:00, run_after=2024-03-04 05:00:00+00:00
[2024-02-23T14:05:23.611+0000] {processor.py:183} INFO - Processing /opt/airflow/dags/get_strava_data.py took 0.401 seconds
[2024-02-23T14:05:54.473+0000] {processor.py:161} INFO - Started process (PID=2106) to work on /opt/airflow/dags/get_strava_data.py
[2024-02-23T14:05:54.473+0000] {processor.py:830} INFO - Processing file /opt/airflow/dags/get_strava_data.py for tasks to queue
[2024-02-23T14:05:54.474+0000] {logging_mixin.py:188} INFO - [2024-02-23T14:05:54.474+0000] {dagbag.py:538} INFO - Filling up the DagBag from /opt/airflow/dags/get_strava_data.py
[2024-02-23T14:05:54.798+0000] {processor.py:840} INFO - DAG(s) 'Get_strava_data' retrieved from /opt/airflow/dags/get_strava_data.py
[2024-02-23T14:05:54.817+0000] {logging_mixin.py:188} INFO - [2024-02-23T14:05:54.816+0000] {dag.py:3036} INFO - Sync 1 DAGs
[2024-02-23T14:05:54.833+0000] {logging_mixin.py:188} INFO - [2024-02-23T14:05:54.833+0000] {dag.py:3823} INFO - Setting next_dagrun for Get_strava_data to 2024-02-26 05:00:00+00:00, run_after=2024-03-04 05:00:00+00:00
[2024-02-23T14:05:54.853+0000] {processor.py:183} INFO - Processing /opt/airflow/dags/get_strava_data.py took 0.382 seconds
[2024-02-23T14:06:25.720+0000] {processor.py:161} INFO - Started process (PID=2133) to work on /opt/airflow/dags/get_strava_data.py
[2024-02-23T14:06:25.721+0000] {processor.py:830} INFO - Processing file /opt/airflow/dags/get_strava_data.py for tasks to queue
[2024-02-23T14:06:25.722+0000] {logging_mixin.py:188} INFO - [2024-02-23T14:06:25.722+0000] {dagbag.py:538} INFO - Filling up the DagBag from /opt/airflow/dags/get_strava_data.py
[2024-02-23T14:06:26.255+0000] {processor.py:840} INFO - DAG(s) 'Get_strava_data' retrieved from /opt/airflow/dags/get_strava_data.py
[2024-02-23T14:06:26.279+0000] {logging_mixin.py:188} INFO - [2024-02-23T14:06:26.279+0000] {dag.py:3036} INFO - Sync 1 DAGs
[2024-02-23T14:06:26.305+0000] {logging_mixin.py:188} INFO - [2024-02-23T14:06:26.305+0000] {dag.py:3823} INFO - Setting next_dagrun for Get_strava_data to 2024-02-26 05:00:00+00:00, run_after=2024-03-04 05:00:00+00:00
[2024-02-23T14:06:26.328+0000] {processor.py:183} INFO - Processing /opt/airflow/dags/get_strava_data.py took 0.611 seconds
[2024-02-23T14:06:56.957+0000] {processor.py:161} INFO - Started process (PID=2160) to work on /opt/airflow/dags/get_strava_data.py
[2024-02-23T14:06:56.958+0000] {processor.py:830} INFO - Processing file /opt/airflow/dags/get_strava_data.py for tasks to queue
[2024-02-23T14:06:56.960+0000] {logging_mixin.py:188} INFO - [2024-02-23T14:06:56.959+0000] {dagbag.py:538} INFO - Filling up the DagBag from /opt/airflow/dags/get_strava_data.py
[2024-02-23T14:06:57.497+0000] {processor.py:840} INFO - DAG(s) 'Get_strava_data' retrieved from /opt/airflow/dags/get_strava_data.py
[2024-02-23T14:06:57.523+0000] {logging_mixin.py:188} INFO - [2024-02-23T14:06:57.522+0000] {dag.py:3036} INFO - Sync 1 DAGs
[2024-02-23T14:06:57.547+0000] {logging_mixin.py:188} INFO - [2024-02-23T14:06:57.546+0000] {dag.py:3823} INFO - Setting next_dagrun for Get_strava_data to 2024-02-26 05:00:00+00:00, run_after=2024-03-04 05:00:00+00:00
[2024-02-23T14:06:57.570+0000] {processor.py:183} INFO - Processing /opt/airflow/dags/get_strava_data.py took 0.615 seconds
[2024-02-23T14:07:28.187+0000] {processor.py:161} INFO - Started process (PID=2187) to work on /opt/airflow/dags/get_strava_data.py
[2024-02-23T14:07:28.188+0000] {processor.py:830} INFO - Processing file /opt/airflow/dags/get_strava_data.py for tasks to queue
[2024-02-23T14:07:28.188+0000] {logging_mixin.py:188} INFO - [2024-02-23T14:07:28.188+0000] {dagbag.py:538} INFO - Filling up the DagBag from /opt/airflow/dags/get_strava_data.py
[2024-02-23T14:07:28.513+0000] {processor.py:840} INFO - DAG(s) 'Get_strava_data' retrieved from /opt/airflow/dags/get_strava_data.py
[2024-02-23T14:07:28.531+0000] {logging_mixin.py:188} INFO - [2024-02-23T14:07:28.531+0000] {dag.py:3036} INFO - Sync 1 DAGs
[2024-02-23T14:07:28.547+0000] {logging_mixin.py:188} INFO - [2024-02-23T14:07:28.547+0000] {dag.py:3823} INFO - Setting next_dagrun for Get_strava_data to 2024-02-26 05:00:00+00:00, run_after=2024-03-04 05:00:00+00:00
[2024-02-23T14:07:28.567+0000] {processor.py:183} INFO - Processing /opt/airflow/dags/get_strava_data.py took 0.383 seconds
[2024-02-23T14:07:59.426+0000] {processor.py:161} INFO - Started process (PID=2214) to work on /opt/airflow/dags/get_strava_data.py
[2024-02-23T14:07:59.427+0000] {processor.py:830} INFO - Processing file /opt/airflow/dags/get_strava_data.py for tasks to queue
[2024-02-23T14:07:59.428+0000] {logging_mixin.py:188} INFO - [2024-02-23T14:07:59.427+0000] {dagbag.py:538} INFO - Filling up the DagBag from /opt/airflow/dags/get_strava_data.py
[2024-02-23T14:07:59.758+0000] {processor.py:840} INFO - DAG(s) 'Get_strava_data' retrieved from /opt/airflow/dags/get_strava_data.py
[2024-02-23T14:07:59.777+0000] {logging_mixin.py:188} INFO - [2024-02-23T14:07:59.777+0000] {dag.py:3036} INFO - Sync 1 DAGs
[2024-02-23T14:07:59.794+0000] {logging_mixin.py:188} INFO - [2024-02-23T14:07:59.793+0000] {dag.py:3823} INFO - Setting next_dagrun for Get_strava_data to 2024-02-26 05:00:00+00:00, run_after=2024-03-04 05:00:00+00:00
[2024-02-23T14:07:59.812+0000] {processor.py:183} INFO - Processing /opt/airflow/dags/get_strava_data.py took 0.389 seconds
[2024-02-23T14:08:30.671+0000] {processor.py:161} INFO - Started process (PID=2242) to work on /opt/airflow/dags/get_strava_data.py
[2024-02-23T14:08:30.672+0000] {processor.py:830} INFO - Processing file /opt/airflow/dags/get_strava_data.py for tasks to queue
[2024-02-23T14:08:30.673+0000] {logging_mixin.py:188} INFO - [2024-02-23T14:08:30.672+0000] {dagbag.py:538} INFO - Filling up the DagBag from /opt/airflow/dags/get_strava_data.py
[2024-02-23T14:08:31.007+0000] {processor.py:840} INFO - DAG(s) 'Get_strava_data' retrieved from /opt/airflow/dags/get_strava_data.py
[2024-02-23T14:08:31.025+0000] {logging_mixin.py:188} INFO - [2024-02-23T14:08:31.025+0000] {dag.py:3036} INFO - Sync 1 DAGs
[2024-02-23T14:08:31.041+0000] {logging_mixin.py:188} INFO - [2024-02-23T14:08:31.041+0000] {dag.py:3823} INFO - Setting next_dagrun for Get_strava_data to 2024-02-26 05:00:00+00:00, run_after=2024-03-04 05:00:00+00:00
[2024-02-23T14:08:31.060+0000] {processor.py:183} INFO - Processing /opt/airflow/dags/get_strava_data.py took 0.391 seconds
