[2024-02-27T19:07:27.782+0000] {taskinstance.py:1956} INFO - Dependencies all met for dep_context=non-requeueable deps ti=<TaskInstance: Get_strava_data.clean_new_data manual__2024-02-27T19:07:24.161739+00:00 [queued]>
[2024-02-27T19:07:27.789+0000] {taskinstance.py:1956} INFO - Dependencies all met for dep_context=requeueable deps ti=<TaskInstance: Get_strava_data.clean_new_data manual__2024-02-27T19:07:24.161739+00:00 [queued]>
[2024-02-27T19:07:27.789+0000] {taskinstance.py:2170} INFO - Starting attempt 1 of 2
[2024-02-27T19:07:27.806+0000] {taskinstance.py:2191} INFO - Executing <Task(PythonOperator): clean_new_data> on 2024-02-27 19:07:24.161739+00:00
[2024-02-27T19:07:27.815+0000] {standard_task_runner.py:87} INFO - Running: ['***', 'tasks', 'run', 'Get_strava_data', 'clean_new_data', 'manual__2024-02-27T19:07:24.161739+00:00', '--job-id', '28', '--raw', '--subdir', 'DAGS_FOLDER/get_strava_data.py', '--cfg-path', '/tmp/tmpho3bjzah']
[2024-02-27T19:07:27.818+0000] {standard_task_runner.py:88} INFO - Job 28: Subtask clean_new_data
[2024-02-27T19:07:27.812+0000] {standard_task_runner.py:60} INFO - Started process 501 to run task
[2024-02-27T19:07:27.893+0000] {task_command.py:423} INFO - Running <TaskInstance: Get_strava_data.clean_new_data manual__2024-02-27T19:07:24.161739+00:00 [running]> on host 6745e0920403
[2024-02-27T19:07:27.995+0000] {taskinstance.py:2480} INFO - Exporting env vars: AIRFLOW_CTX_DAG_OWNER='Jackie' AIRFLOW_CTX_DAG_ID='Get_strava_data' AIRFLOW_CTX_TASK_ID='clean_new_data' AIRFLOW_CTX_EXECUTION_DATE='2024-02-27T19:07:24.161739+00:00' AIRFLOW_CTX_TRY_NUMBER='1' AIRFLOW_CTX_DAG_RUN_ID='manual__2024-02-27T19:07:24.161739+00:00'
[2024-02-27T19:07:28.004+0000] {taskinstance.py:2698} ERROR - Task failed with exception
Traceback (most recent call last):
  File "/home/airflow/.local/lib/python3.8/site-packages/airflow/models/taskinstance.py", line 433, in _execute_task
    result = execute_callable(context=context, **execute_callable_kwargs)
  File "/home/airflow/.local/lib/python3.8/site-packages/airflow/operators/python.py", line 199, in execute
    return_value = self.execute_callable()
  File "/home/airflow/.local/lib/python3.8/site-packages/airflow/operators/python.py", line 216, in execute_callable
    return self.python_callable(*self.op_args, **self.op_kwargs)
  File "/opt/airflow/dags/get_strava_data.py", line 100, in clean_data
    df['start_date'] = pd.to_datetime(df['start_date'])
TypeError: 'NoneType' object is not subscriptable
[2024-02-27T19:07:28.156+0000] {taskinstance.py:1138} INFO - Marking task as UP_FOR_RETRY. dag_id=Get_strava_data, task_id=clean_new_data, execution_date=20240227T190724, start_date=20240227T190727, end_date=20240227T190728
[2024-02-27T19:07:28.171+0000] {standard_task_runner.py:107} ERROR - Failed to execute job 28 for task clean_new_data ('NoneType' object is not subscriptable; 501)
[2024-02-27T19:07:28.205+0000] {local_task_job_runner.py:234} INFO - Task exited with return code 1
[2024-02-27T19:07:28.224+0000] {taskinstance.py:3280} INFO - 0 downstream tasks scheduled from follow-on schedule check
