[2024-02-14T02:30:43.565+0000] {taskinstance.py:1956} INFO - Dependencies all met for dep_context=non-requeueable deps ti=<TaskInstance: Get_API_data.clean_new_data manual__2024-02-14T02:25:39.116836+00:00 [queued]>
[2024-02-14T02:30:43.572+0000] {taskinstance.py:1956} INFO - Dependencies all met for dep_context=requeueable deps ti=<TaskInstance: Get_API_data.clean_new_data manual__2024-02-14T02:25:39.116836+00:00 [queued]>
[2024-02-14T02:30:43.572+0000] {taskinstance.py:2170} INFO - Starting attempt 2 of 2
[2024-02-14T02:30:43.593+0000] {taskinstance.py:2191} INFO - Executing <Task(PythonOperator): clean_new_data> on 2024-02-14 02:25:39.116836+00:00
[2024-02-14T02:30:43.601+0000] {standard_task_runner.py:60} INFO - Started process 7861 to run task
[2024-02-14T02:30:43.604+0000] {standard_task_runner.py:87} INFO - Running: ['***', 'tasks', 'run', 'Get_API_data', 'clean_new_data', 'manual__2024-02-14T02:25:39.116836+00:00', '--job-id', '1327', '--raw', '--subdir', 'DAGS_FOLDER/get_strava_data.py', '--cfg-path', '/tmp/tmp112g35iq']
[2024-02-14T02:30:43.606+0000] {standard_task_runner.py:88} INFO - Job 1327: Subtask clean_new_data
[2024-02-14T02:30:43.653+0000] {task_command.py:423} INFO - Running <TaskInstance: Get_API_data.clean_new_data manual__2024-02-14T02:25:39.116836+00:00 [running]> on host 179d8ea51567
[2024-02-14T02:30:43.767+0000] {taskinstance.py:2480} INFO - Exporting env vars: AIRFLOW_CTX_DAG_OWNER='Jackie' AIRFLOW_CTX_DAG_ID='Get_API_data' AIRFLOW_CTX_TASK_ID='clean_new_data' AIRFLOW_CTX_EXECUTION_DATE='2024-02-14T02:25:39.116836+00:00' AIRFLOW_CTX_TRY_NUMBER='2' AIRFLOW_CTX_DAG_RUN_ID='manual__2024-02-14T02:25:39.116836+00:00'
[2024-02-14T02:30:43.784+0000] {taskinstance.py:2698} ERROR - Task failed with exception
Traceback (most recent call last):
  File "/home/airflow/.local/lib/python3.8/site-packages/airflow/models/taskinstance.py", line 433, in _execute_task
    result = execute_callable(context=context, **execute_callable_kwargs)
  File "/home/airflow/.local/lib/python3.8/site-packages/airflow/operators/python.py", line 199, in execute
    return_value = self.execute_callable()
  File "/home/airflow/.local/lib/python3.8/site-packages/airflow/operators/python.py", line 216, in execute_callable
    return self.python_callable(*self.op_args, **self.op_kwargs)
  File "/opt/airflow/dags/get_strava_data.py", line 88, in clean_data
    print(df['moving_time'])
TypeError: 'NoneType' object is not subscriptable
[2024-02-14T02:30:43.933+0000] {taskinstance.py:1138} INFO - Marking task as FAILED. dag_id=Get_API_data, task_id=clean_new_data, execution_date=20240214T022539, start_date=20240214T023043, end_date=20240214T023043
[2024-02-14T02:30:43.950+0000] {standard_task_runner.py:107} ERROR - Failed to execute job 1327 for task clean_new_data ('NoneType' object is not subscriptable; 7861)
[2024-02-14T02:30:43.977+0000] {local_task_job_runner.py:234} INFO - Task exited with return code 1
[2024-02-14T02:30:43.991+0000] {taskinstance.py:3280} INFO - 0 downstream tasks scheduled from follow-on schedule check
