[2024-02-22T20:48:09.012+0000] {taskinstance.py:1956} INFO - Dependencies all met for dep_context=non-requeueable deps ti=<TaskInstance: Get_strava_data.concatenate_data manual__2024-02-22T20:47:46.436671+00:00 [queued]>
[2024-02-22T20:48:09.030+0000] {taskinstance.py:1956} INFO - Dependencies all met for dep_context=requeueable deps ti=<TaskInstance: Get_strava_data.concatenate_data manual__2024-02-22T20:47:46.436671+00:00 [queued]>
[2024-02-22T20:48:09.030+0000] {taskinstance.py:2170} INFO - Starting attempt 1 of 2
[2024-02-22T20:48:09.051+0000] {taskinstance.py:2191} INFO - Executing <Task(PythonOperator): concatenate_data> on 2024-02-22 20:47:46.436671+00:00
[2024-02-22T20:48:09.060+0000] {standard_task_runner.py:60} INFO - Started process 706 to run task
[2024-02-22T20:48:09.066+0000] {standard_task_runner.py:87} INFO - Running: ['***', 'tasks', 'run', 'Get_strava_data', 'concatenate_data', 'manual__2024-02-22T20:47:46.436671+00:00', '--job-id', '1559', '--raw', '--subdir', 'DAGS_FOLDER/get_strava_data.py', '--cfg-path', '/tmp/tmplnez36t1']
[2024-02-22T20:48:09.068+0000] {standard_task_runner.py:88} INFO - Job 1559: Subtask concatenate_data
[2024-02-22T20:48:09.137+0000] {task_command.py:423} INFO - Running <TaskInstance: Get_strava_data.concatenate_data manual__2024-02-22T20:47:46.436671+00:00 [running]> on host 7463ff621566
[2024-02-22T20:48:09.372+0000] {taskinstance.py:2480} INFO - Exporting env vars: AIRFLOW_CTX_DAG_OWNER='Jackie' AIRFLOW_CTX_DAG_ID='Get_strava_data' AIRFLOW_CTX_TASK_ID='concatenate_data' AIRFLOW_CTX_EXECUTION_DATE='2024-02-22T20:47:46.436671+00:00' AIRFLOW_CTX_TRY_NUMBER='1' AIRFLOW_CTX_DAG_RUN_ID='manual__2024-02-22T20:47:46.436671+00:00'
[2024-02-22T20:48:09.381+0000] {taskinstance.py:2698} ERROR - Task failed with exception
Traceback (most recent call last):
  File "/home/airflow/.local/lib/python3.8/site-packages/airflow/models/taskinstance.py", line 433, in _execute_task
    result = execute_callable(context=context, **execute_callable_kwargs)
  File "/home/airflow/.local/lib/python3.8/site-packages/airflow/operators/python.py", line 199, in execute
    return_value = self.execute_callable()
  File "/home/airflow/.local/lib/python3.8/site-packages/airflow/operators/python.py", line 216, in execute_callable
    return self.python_callable(*self.op_args, **self.op_kwargs)
  File "/opt/airflow/dags/get_strava_data.py", line 162, in concatenate_data
    df.to_csv(os.path.join(target_directory, 'Strava_update.csv'), index=False)
AttributeError: 'NoneType' object has no attribute 'to_csv'
[2024-02-22T20:48:09.387+0000] {taskinstance.py:1138} INFO - Marking task as UP_FOR_RETRY. dag_id=Get_strava_data, task_id=concatenate_data, execution_date=20240222T204746, start_date=20240222T204809, end_date=20240222T204809
[2024-02-22T20:48:09.404+0000] {standard_task_runner.py:107} ERROR - Failed to execute job 1559 for task concatenate_data ('NoneType' object has no attribute 'to_csv'; 706)
[2024-02-22T20:48:09.447+0000] {local_task_job_runner.py:234} INFO - Task exited with return code 1
[2024-02-22T20:48:09.466+0000] {taskinstance.py:3280} INFO - 0 downstream tasks scheduled from follow-on schedule check
