[2024-02-13T22:50:29.137+0000] {taskinstance.py:1956} INFO - Dependencies all met for dep_context=non-requeueable deps ti=<TaskInstance: Get_API_data.clean_new_data manual__2024-02-13T22:50:25.713178+00:00 [queued]>
[2024-02-13T22:50:29.146+0000] {taskinstance.py:1956} INFO - Dependencies all met for dep_context=requeueable deps ti=<TaskInstance: Get_API_data.clean_new_data manual__2024-02-13T22:50:25.713178+00:00 [queued]>
[2024-02-13T22:50:29.147+0000] {taskinstance.py:2170} INFO - Starting attempt 1 of 2
[2024-02-13T22:50:29.168+0000] {taskinstance.py:2191} INFO - Executing <Task(PythonOperator): clean_new_data> on 2024-02-13 22:50:25.713178+00:00
[2024-02-13T22:50:29.176+0000] {standard_task_runner.py:60} INFO - Started process 2183 to run task
[2024-02-13T22:50:29.183+0000] {standard_task_runner.py:87} INFO - Running: ['***', 'tasks', 'run', 'Get_API_data', 'clean_new_data', 'manual__2024-02-13T22:50:25.713178+00:00', '--job-id', '1290', '--raw', '--subdir', 'DAGS_FOLDER/get_strava_data.py', '--cfg-path', '/tmp/tmpf4b99ef0']
[2024-02-13T22:50:29.186+0000] {standard_task_runner.py:88} INFO - Job 1290: Subtask clean_new_data
[2024-02-13T22:50:29.247+0000] {task_command.py:423} INFO - Running <TaskInstance: Get_API_data.clean_new_data manual__2024-02-13T22:50:25.713178+00:00 [running]> on host 179d8ea51567
[2024-02-13T22:50:29.410+0000] {taskinstance.py:2480} INFO - Exporting env vars: AIRFLOW_CTX_DAG_OWNER='Jackie' AIRFLOW_CTX_DAG_ID='Get_API_data' AIRFLOW_CTX_TASK_ID='clean_new_data' AIRFLOW_CTX_EXECUTION_DATE='2024-02-13T22:50:25.713178+00:00' AIRFLOW_CTX_TRY_NUMBER='1' AIRFLOW_CTX_DAG_RUN_ID='manual__2024-02-13T22:50:25.713178+00:00'
[2024-02-13T22:50:29.434+0000] {taskinstance.py:2698} ERROR - Task failed with exception
Traceback (most recent call last):
  File "/home/airflow/.local/lib/python3.8/site-packages/airflow/models/taskinstance.py", line 433, in _execute_task
    result = execute_callable(context=context, **execute_callable_kwargs)
  File "/home/airflow/.local/lib/python3.8/site-packages/airflow/operators/python.py", line 199, in execute
    return_value = self.execute_callable()
  File "/home/airflow/.local/lib/python3.8/site-packages/airflow/operators/python.py", line 216, in execute_callable
    return self.python_callable(*self.op_args, **self.op_kwargs)
  File "/opt/airflow/dags/get_strava_data.py", line 89, in clean_data
    df['distance'] = (df['distance'] * 0.000621371).astype(float)
TypeError: 'NoneType' object is not subscriptable
[2024-02-13T22:50:29.789+0000] {taskinstance.py:1138} INFO - Marking task as UP_FOR_RETRY. dag_id=Get_API_data, task_id=clean_new_data, execution_date=20240213T225025, start_date=20240213T225029, end_date=20240213T225029
[2024-02-13T22:50:29.857+0000] {standard_task_runner.py:107} ERROR - Failed to execute job 1290 for task clean_new_data ('NoneType' object is not subscriptable; 2183)
[2024-02-13T22:50:29.951+0000] {local_task_job_runner.py:234} INFO - Task exited with return code 1
[2024-02-13T22:50:30.029+0000] {taskinstance.py:3280} INFO - 0 downstream tasks scheduled from follow-on schedule check
