[2024-02-15T18:39:20.109+0000] {taskinstance.py:1956} INFO - Dependencies all met for dep_context=non-requeueable deps ti=<TaskInstance: Get_strava_data.upload_file manual__2024-02-15T18:39:15.668045+00:00 [queued]>
[2024-02-15T18:39:20.116+0000] {taskinstance.py:1956} INFO - Dependencies all met for dep_context=requeueable deps ti=<TaskInstance: Get_strava_data.upload_file manual__2024-02-15T18:39:15.668045+00:00 [queued]>
[2024-02-15T18:39:20.116+0000] {taskinstance.py:2170} INFO - Starting attempt 1 of 2
[2024-02-15T18:39:20.135+0000] {taskinstance.py:2191} INFO - Executing <Task(PythonOperator): upload_file> on 2024-02-15 18:39:15.668045+00:00
[2024-02-15T18:39:20.143+0000] {standard_task_runner.py:60} INFO - Started process 301 to run task
[2024-02-15T18:39:20.146+0000] {standard_task_runner.py:87} INFO - Running: ['***', 'tasks', 'run', 'Get_strava_data', 'upload_file', 'manual__2024-02-15T18:39:15.668045+00:00', '--job-id', '1431', '--raw', '--subdir', 'DAGS_FOLDER/get_strava_data.py', '--cfg-path', '/tmp/tmp9hklqcxz']
[2024-02-15T18:39:20.148+0000] {standard_task_runner.py:88} INFO - Job 1431: Subtask upload_file
[2024-02-15T18:39:20.189+0000] {task_command.py:423} INFO - Running <TaskInstance: Get_strava_data.upload_file manual__2024-02-15T18:39:15.668045+00:00 [running]> on host c43727beee5b
[2024-02-15T18:39:20.384+0000] {taskinstance.py:2480} INFO - Exporting env vars: AIRFLOW_CTX_DAG_OWNER='Jackie' AIRFLOW_CTX_DAG_ID='Get_strava_data' AIRFLOW_CTX_TASK_ID='upload_file' AIRFLOW_CTX_EXECUTION_DATE='2024-02-15T18:39:15.668045+00:00' AIRFLOW_CTX_TRY_NUMBER='1' AIRFLOW_CTX_DAG_RUN_ID='manual__2024-02-15T18:39:15.668045+00:00'
[2024-02-15T18:39:20.385+0000] {logging_mixin.py:188} INFO - Source Path: /Users/jackie/Desktop/Strava/strava_activities.csv
[2024-02-15T18:39:20.385+0000] {logging_mixin.py:188} INFO - Destination Path: /path/to/***/data/directory
[2024-02-15T18:39:20.386+0000] {logging_mixin.py:188} INFO - Error: [Errno 2] No such file or directory: '/Users/jackie/Desktop/Strava/strava_activities.csv'
[2024-02-15T18:39:20.386+0000] {taskinstance.py:2698} ERROR - Task failed with exception
Traceback (most recent call last):
  File "/home/airflow/.local/lib/python3.8/site-packages/airflow/models/taskinstance.py", line 433, in _execute_task
    result = execute_callable(context=context, **execute_callable_kwargs)
  File "/home/airflow/.local/lib/python3.8/site-packages/airflow/operators/python.py", line 199, in execute
    return_value = self.execute_callable()
  File "/home/airflow/.local/lib/python3.8/site-packages/airflow/operators/python.py", line 216, in execute_callable
    return self.python_callable(*self.op_args, **self.op_kwargs)
  File "/opt/airflow/dags/get_strava_data.py", line 147, in upload_existing_data
    files = os.listdir(directory_path)
FileNotFoundError: [Errno 2] No such file or directory: '/Users/jackie/Desktop/Strava/'
[2024-02-15T18:39:20.394+0000] {taskinstance.py:1138} INFO - Marking task as UP_FOR_RETRY. dag_id=Get_strava_data, task_id=upload_file, execution_date=20240215T183915, start_date=20240215T183920, end_date=20240215T183920
[2024-02-15T18:39:20.413+0000] {standard_task_runner.py:107} ERROR - Failed to execute job 1431 for task upload_file ([Errno 2] No such file or directory: '/Users/jackie/Desktop/Strava/'; 301)
[2024-02-15T18:39:20.440+0000] {local_task_job_runner.py:234} INFO - Task exited with return code 1
[2024-02-15T18:39:20.462+0000] {taskinstance.py:3280} INFO - 0 downstream tasks scheduled from follow-on schedule check
