[2024-02-27T19:17:18.060+0000] {taskinstance.py:1956} INFO - Dependencies all met for dep_context=non-requeueable deps ti=<TaskInstance: Get_strava_data.concatenate_data manual__2024-02-27T19:17:12.633840+00:00 [queued]>
[2024-02-27T19:17:18.069+0000] {taskinstance.py:1956} INFO - Dependencies all met for dep_context=requeueable deps ti=<TaskInstance: Get_strava_data.concatenate_data manual__2024-02-27T19:17:12.633840+00:00 [queued]>
[2024-02-27T19:17:18.070+0000] {taskinstance.py:2170} INFO - Starting attempt 1 of 2
[2024-02-27T19:17:18.097+0000] {taskinstance.py:2191} INFO - Executing <Task(PythonOperator): concatenate_data> on 2024-02-27 19:17:12.633840+00:00
[2024-02-27T19:17:18.105+0000] {standard_task_runner.py:60} INFO - Started process 1141 to run task
[2024-02-27T19:17:18.113+0000] {standard_task_runner.py:87} INFO - Running: ['***', 'tasks', 'run', 'Get_strava_data', 'concatenate_data', 'manual__2024-02-27T19:17:12.633840+00:00', '--job-id', '44', '--raw', '--subdir', 'DAGS_FOLDER/get_strava_data.py', '--cfg-path', '/tmp/tmpi7er_fz0']
[2024-02-27T19:17:18.117+0000] {standard_task_runner.py:88} INFO - Job 44: Subtask concatenate_data
[2024-02-27T19:17:18.179+0000] {task_command.py:423} INFO - Running <TaskInstance: Get_strava_data.concatenate_data manual__2024-02-27T19:17:12.633840+00:00 [running]> on host 6745e0920403
[2024-02-27T19:17:18.261+0000] {taskinstance.py:2480} INFO - Exporting env vars: AIRFLOW_CTX_DAG_OWNER='Jackie' AIRFLOW_CTX_DAG_ID='Get_strava_data' AIRFLOW_CTX_TASK_ID='concatenate_data' AIRFLOW_CTX_EXECUTION_DATE='2024-02-27T19:17:12.633840+00:00' AIRFLOW_CTX_TRY_NUMBER='1' AIRFLOW_CTX_DAG_RUN_ID='manual__2024-02-27T19:17:12.633840+00:00'
[2024-02-27T19:17:18.288+0000] {logging_mixin.py:188} INFO - 1583
[2024-02-27T19:17:18.425+0000] {taskinstance.py:2698} ERROR - Task failed with exception
Traceback (most recent call last):
  File "/home/airflow/.local/lib/python3.8/site-packages/airflow/models/taskinstance.py", line 433, in _execute_task
    result = execute_callable(context=context, **execute_callable_kwargs)
  File "/home/airflow/.local/lib/python3.8/site-packages/airflow/operators/python.py", line 199, in execute
    return_value = self.execute_callable()
  File "/home/airflow/.local/lib/python3.8/site-packages/airflow/operators/python.py", line 216, in execute_callable
    return self.python_callable(*self.op_args, **self.op_kwargs)
  File "/opt/airflow/dags/get_strava_data.py", line 154, in concatenate_data
    print(len(df_strava))
TypeError: object of type 'NoneType' has no len()
[2024-02-27T19:17:18.432+0000] {taskinstance.py:1138} INFO - Marking task as UP_FOR_RETRY. dag_id=Get_strava_data, task_id=concatenate_data, execution_date=20240227T191712, start_date=20240227T191718, end_date=20240227T191718
[2024-02-27T19:17:18.469+0000] {standard_task_runner.py:107} ERROR - Failed to execute job 44 for task concatenate_data (object of type 'NoneType' has no len(); 1141)
[2024-02-27T19:17:18.496+0000] {local_task_job_runner.py:234} INFO - Task exited with return code 1
[2024-02-27T19:17:18.515+0000] {taskinstance.py:3280} INFO - 0 downstream tasks scheduled from follow-on schedule check
