[2024-02-14T01:37:44.851+0000] {taskinstance.py:1956} INFO - Dependencies all met for dep_context=non-requeueable deps ti=<TaskInstance: Get_API_data.get_strava_data manual__2024-02-14T01:37:43.494847+00:00 [queued]>
[2024-02-14T01:37:44.857+0000] {taskinstance.py:1956} INFO - Dependencies all met for dep_context=requeueable deps ti=<TaskInstance: Get_API_data.get_strava_data manual__2024-02-14T01:37:43.494847+00:00 [queued]>
[2024-02-14T01:37:44.858+0000] {taskinstance.py:2170} INFO - Starting attempt 1 of 2
[2024-02-14T01:37:44.874+0000] {taskinstance.py:2191} INFO - Executing <Task(PythonOperator): get_strava_data> on 2024-02-14 01:37:43.494847+00:00
[2024-02-14T01:37:44.880+0000] {standard_task_runner.py:60} INFO - Started process 3684 to run task
[2024-02-14T01:37:44.883+0000] {standard_task_runner.py:87} INFO - Running: ['***', 'tasks', 'run', 'Get_API_data', 'get_strava_data', 'manual__2024-02-14T01:37:43.494847+00:00', '--job-id', '1297', '--raw', '--subdir', 'DAGS_FOLDER/get_strava_data.py', '--cfg-path', '/tmp/tmptwyqhfpy']
[2024-02-14T01:37:44.885+0000] {standard_task_runner.py:88} INFO - Job 1297: Subtask get_strava_data
[2024-02-14T01:37:44.926+0000] {task_command.py:423} INFO - Running <TaskInstance: Get_API_data.get_strava_data manual__2024-02-14T01:37:43.494847+00:00 [running]> on host 179d8ea51567
[2024-02-14T01:37:45.001+0000] {taskinstance.py:2480} INFO - Exporting env vars: AIRFLOW_CTX_DAG_OWNER='Jackie' AIRFLOW_CTX_DAG_ID='Get_API_data' AIRFLOW_CTX_TASK_ID='get_strava_data' AIRFLOW_CTX_EXECUTION_DATE='2024-02-14T01:37:43.494847+00:00' AIRFLOW_CTX_TRY_NUMBER='1' AIRFLOW_CTX_DAG_RUN_ID='manual__2024-02-14T01:37:43.494847+00:00'
[2024-02-14T01:37:45.002+0000] {logging_mixin.py:188} INFO - Requesting Token..
[2024-02-14T01:37:45.130+0000] {logging_mixin.py:188} INFO - Request successful
[2024-02-14T01:37:45.609+0000] {python.py:201} INFO - Done. Returned value was:                         name  distance  ...  max_heartrate  average_cadence
0              Afternoon Run    8057.2  ...          175.0             84.2
1    Evening Weight Training       0.0  ...          132.0              NaN
2               Morning Ride   14645.1  ...            NaN              NaN
3                Morning Run    5640.3  ...          177.0             84.4
4          Morning Trail Run   11785.3  ...          176.0             84.4
5  Afternoon Weight Training       0.0  ...          145.0              NaN
6               Morning Ride   22208.9  ...            NaN              NaN
7                Morning Run    6451.1  ...          172.0             84.9

[8 rows x 18 columns]
[2024-02-14T01:37:45.896+0000] {taskinstance.py:1138} INFO - Marking task as SUCCESS. dag_id=Get_API_data, task_id=get_strava_data, execution_date=20240214T013743, start_date=20240214T013744, end_date=20240214T013745
[2024-02-14T01:37:45.937+0000] {local_task_job_runner.py:234} INFO - Task exited with return code 0
[2024-02-14T01:37:45.954+0000] {taskinstance.py:3280} INFO - 1 downstream tasks scheduled from follow-on schedule check
