[2024-02-15T18:22:32.097+0000] {taskinstance.py:1956} INFO - Dependencies all met for dep_context=non-requeueable deps ti=<TaskInstance: Get_strava_data.upload_file manual__2024-02-15T18:22:27.242162+00:00 [queued]>
[2024-02-15T18:22:32.104+0000] {taskinstance.py:1956} INFO - Dependencies all met for dep_context=requeueable deps ti=<TaskInstance: Get_strava_data.upload_file manual__2024-02-15T18:22:27.242162+00:00 [queued]>
[2024-02-15T18:22:32.105+0000] {taskinstance.py:2170} INFO - Starting attempt 1 of 2
[2024-02-15T18:22:32.121+0000] {taskinstance.py:2191} INFO - Executing <Task(PythonOperator): upload_file> on 2024-02-15 18:22:27.242162+00:00
[2024-02-15T18:22:32.127+0000] {standard_task_runner.py:60} INFO - Started process 790 to run task
[2024-02-15T18:22:32.131+0000] {standard_task_runner.py:87} INFO - Running: ['***', 'tasks', 'run', 'Get_strava_data', 'upload_file', 'manual__2024-02-15T18:22:27.242162+00:00', '--job-id', '1425', '--raw', '--subdir', 'DAGS_FOLDER/get_strava_data.py', '--cfg-path', '/tmp/tmplox_7_vy']
[2024-02-15T18:22:32.132+0000] {standard_task_runner.py:88} INFO - Job 1425: Subtask upload_file
[2024-02-15T18:22:32.195+0000] {task_command.py:423} INFO - Running <TaskInstance: Get_strava_data.upload_file manual__2024-02-15T18:22:27.242162+00:00 [running]> on host eb5a2c8761d9
[2024-02-15T18:22:32.337+0000] {taskinstance.py:2480} INFO - Exporting env vars: AIRFLOW_CTX_DAG_OWNER='Jackie' AIRFLOW_CTX_DAG_ID='Get_strava_data' AIRFLOW_CTX_TASK_ID='upload_file' AIRFLOW_CTX_EXECUTION_DATE='2024-02-15T18:22:27.242162+00:00' AIRFLOW_CTX_TRY_NUMBER='1' AIRFLOW_CTX_DAG_RUN_ID='manual__2024-02-15T18:22:27.242162+00:00'
[2024-02-15T18:22:32.338+0000] {logging_mixin.py:188} INFO - Source Path: /workspaces/Strava-Data/Strava20240205.csv
[2024-02-15T18:22:32.338+0000] {logging_mixin.py:188} INFO - Destination Path: /path/to/***/data/directory
[2024-02-15T18:22:32.339+0000] {logging_mixin.py:188} INFO - Error: [Errno 2] No such file or directory: '/workspaces/Strava-Data/Strava20240205.csv'
[2024-02-15T18:22:32.339+0000] {taskinstance.py:2698} ERROR - Task failed with exception
Traceback (most recent call last):
  File "/home/airflow/.local/lib/python3.8/site-packages/airflow/models/taskinstance.py", line 433, in _execute_task
    result = execute_callable(context=context, **execute_callable_kwargs)
  File "/home/airflow/.local/lib/python3.8/site-packages/airflow/operators/python.py", line 199, in execute
    return_value = self.execute_callable()
  File "/home/airflow/.local/lib/python3.8/site-packages/airflow/operators/python.py", line 216, in execute_callable
    return self.python_callable(*self.op_args, **self.op_kwargs)
  File "/opt/airflow/dags/get_strava_data.py", line 147, in upload_existing_data
    files = os.listdir(directory_path)
FileNotFoundError: [Errno 2] No such file or directory: '/workspaces/Strava-Data'
[2024-02-15T18:22:32.353+0000] {taskinstance.py:1138} INFO - Marking task as UP_FOR_RETRY. dag_id=Get_strava_data, task_id=upload_file, execution_date=20240215T182227, start_date=20240215T182232, end_date=20240215T182232
[2024-02-15T18:22:32.498+0000] {standard_task_runner.py:107} ERROR - Failed to execute job 1425 for task upload_file ([Errno 2] No such file or directory: '/workspaces/Strava-Data'; 790)
[2024-02-15T18:22:32.516+0000] {local_task_job_runner.py:234} INFO - Task exited with return code 1
[2024-02-15T18:22:32.529+0000] {taskinstance.py:3280} INFO - 0 downstream tasks scheduled from follow-on schedule check
