[2024-02-13T19:04:25.529+0000] {taskinstance.py:1956} INFO - Dependencies all met for dep_context=non-requeueable deps ti=<TaskInstance: our_dag_with_python_opertator_v04.greet scheduled__2024-02-12T00:00:00+00:00 [queued]>
[2024-02-13T19:04:25.535+0000] {taskinstance.py:1956} INFO - Dependencies all met for dep_context=requeueable deps ti=<TaskInstance: our_dag_with_python_opertator_v04.greet scheduled__2024-02-12T00:00:00+00:00 [queued]>
[2024-02-13T19:04:25.536+0000] {taskinstance.py:2170} INFO - Starting attempt 1 of 6
[2024-02-13T19:04:25.560+0000] {taskinstance.py:2191} INFO - Executing <Task(PythonOperator): greet> on 2024-02-12 00:00:00+00:00
[2024-02-13T19:04:25.566+0000] {standard_task_runner.py:60} INFO - Started process 1709 to run task
[2024-02-13T19:04:25.569+0000] {standard_task_runner.py:87} INFO - Running: ['***', 'tasks', 'run', 'our_dag_with_python_opertator_v04', 'greet', 'scheduled__2024-02-12T00:00:00+00:00', '--job-id', '1241', '--raw', '--subdir', 'DAGS_FOLDER/create_dag_with_python_operator.py', '--cfg-path', '/tmp/tmpmioirpb9']
[2024-02-13T19:04:25.570+0000] {standard_task_runner.py:88} INFO - Job 1241: Subtask greet
[2024-02-13T19:04:25.616+0000] {task_command.py:423} INFO - Running <TaskInstance: our_dag_with_python_opertator_v04.greet scheduled__2024-02-12T00:00:00+00:00 [running]> on host 179d8ea51567
[2024-02-13T19:04:25.689+0000] {taskinstance.py:2480} INFO - Exporting env vars: AIRFLOW_CTX_DAG_OWNER='coder2j' AIRFLOW_CTX_DAG_ID='our_dag_with_python_opertator_v04' AIRFLOW_CTX_TASK_ID='greet' AIRFLOW_CTX_EXECUTION_DATE='2024-02-12T00:00:00+00:00' AIRFLOW_CTX_TRY_NUMBER='1' AIRFLOW_CTX_DAG_RUN_ID='scheduled__2024-02-12T00:00:00+00:00'
[2024-02-13T19:04:25.691+0000] {taskinstance.py:2698} ERROR - Task failed with exception
Traceback (most recent call last):
  File "/home/airflow/.local/lib/python3.8/site-packages/airflow/models/taskinstance.py", line 433, in _execute_task
    result = execute_callable(context=context, **execute_callable_kwargs)
  File "/home/airflow/.local/lib/python3.8/site-packages/airflow/operators/python.py", line 199, in execute
    return_value = self.execute_callable()
  File "/home/airflow/.local/lib/python3.8/site-packages/airflow/operators/python.py", line 216, in execute_callable
    return self.python_callable(*self.op_args, **self.op_kwargs)
  File "/opt/airflow/dags/create_dag_with_python_operator.py", line 13, in greet
    name = ti.xcoms_pull(task_ids='get_name')
AttributeError: 'TaskInstance' object has no attribute 'xcoms_pull'
[2024-02-13T19:04:25.696+0000] {taskinstance.py:1138} INFO - Marking task as UP_FOR_RETRY. dag_id=our_dag_with_python_opertator_v04, task_id=greet, execution_date=20240212T000000, start_date=20240213T190425, end_date=20240213T190425
[2024-02-13T19:04:25.712+0000] {standard_task_runner.py:107} ERROR - Failed to execute job 1241 for task greet ('TaskInstance' object has no attribute 'xcoms_pull'; 1709)
[2024-02-13T19:04:25.740+0000] {local_task_job_runner.py:234} INFO - Task exited with return code 1
[2024-02-13T19:04:25.756+0000] {taskinstance.py:3280} INFO - 0 downstream tasks scheduled from follow-on schedule check
