[2024-02-16T13:46:19.248+0000] {taskinstance.py:1956} INFO - Dependencies all met for dep_context=non-requeueable deps ti=<TaskInstance: Get_strava_data.concatenate_data manual__2024-02-16T13:44:08.278397+00:00 [queued]>
[2024-02-16T13:46:19.255+0000] {taskinstance.py:1956} INFO - Dependencies all met for dep_context=requeueable deps ti=<TaskInstance: Get_strava_data.concatenate_data manual__2024-02-16T13:44:08.278397+00:00 [queued]>
[2024-02-16T13:46:19.255+0000] {taskinstance.py:2170} INFO - Starting attempt 2 of 2
[2024-02-16T13:46:19.272+0000] {taskinstance.py:2191} INFO - Executing <Task(PythonOperator): concatenate_data> on 2024-02-16 13:44:08.278397+00:00
[2024-02-16T13:46:19.279+0000] {standard_task_runner.py:60} INFO - Started process 927 to run task
[2024-02-16T13:46:19.283+0000] {standard_task_runner.py:87} INFO - Running: ['***', 'tasks', 'run', 'Get_strava_data', 'concatenate_data', 'manual__2024-02-16T13:44:08.278397+00:00', '--job-id', '1501', '--raw', '--subdir', 'DAGS_FOLDER/get_strava_data.py', '--cfg-path', '/tmp/tmpnowj06o6']
[2024-02-16T13:46:19.284+0000] {standard_task_runner.py:88} INFO - Job 1501: Subtask concatenate_data
[2024-02-16T13:46:19.324+0000] {task_command.py:423} INFO - Running <TaskInstance: Get_strava_data.concatenate_data manual__2024-02-16T13:44:08.278397+00:00 [running]> on host 154424aa5621
[2024-02-16T13:46:19.402+0000] {taskinstance.py:2480} INFO - Exporting env vars: AIRFLOW_CTX_DAG_OWNER='Jackie' AIRFLOW_CTX_DAG_ID='Get_strava_data' AIRFLOW_CTX_TASK_ID='concatenate_data' AIRFLOW_CTX_EXECUTION_DATE='2024-02-16T13:44:08.278397+00:00' AIRFLOW_CTX_TRY_NUMBER='2' AIRFLOW_CTX_DAG_RUN_ID='manual__2024-02-16T13:44:08.278397+00:00'
[2024-02-16T13:46:19.605+0000] {taskinstance.py:2698} ERROR - Task failed with exception
Traceback (most recent call last):
  File "/home/airflow/.local/lib/python3.8/site-packages/airflow/models/taskinstance.py", line 433, in _execute_task
    result = execute_callable(context=context, **execute_callable_kwargs)
  File "/home/airflow/.local/lib/python3.8/site-packages/airflow/operators/python.py", line 199, in execute
    return_value = self.execute_callable()
  File "/home/airflow/.local/lib/python3.8/site-packages/airflow/operators/python.py", line 216, in execute_callable
    return self.python_callable(*self.op_args, **self.op_kwargs)
  File "/opt/airflow/dags/get_strava_data.py", line 160, in concatenate_data
    df_updated.to_csv(os.path.join(target_directory, 'Strava_update.csv'), index=False)
  File "/home/airflow/.local/lib/python3.8/site-packages/pandas/core/generic.py", line 3772, in to_csv
    return DataFrameRenderer(formatter).to_csv(
  File "/home/airflow/.local/lib/python3.8/site-packages/pandas/io/formats/format.py", line 1186, in to_csv
    csv_formatter.save()
  File "/home/airflow/.local/lib/python3.8/site-packages/pandas/io/formats/csvs.py", line 240, in save
    with get_handle(
  File "/home/airflow/.local/lib/python3.8/site-packages/pandas/io/common.py", line 737, in get_handle
    check_parent_directory(str(handle))
  File "/home/airflow/.local/lib/python3.8/site-packages/pandas/io/common.py", line 600, in check_parent_directory
    raise OSError(rf"Cannot save file into a non-existent directory: '{parent}'")
OSError: Cannot save file into a non-existent directory: '/Users/jackie/Desktop/Strava '
[2024-02-16T13:46:19.618+0000] {taskinstance.py:1138} INFO - Marking task as FAILED. dag_id=Get_strava_data, task_id=concatenate_data, execution_date=20240216T134408, start_date=20240216T134619, end_date=20240216T134619
[2024-02-16T13:46:19.661+0000] {standard_task_runner.py:107} ERROR - Failed to execute job 1501 for task concatenate_data (Cannot save file into a non-existent directory: '/Users/jackie/Desktop/Strava '; 927)
[2024-02-16T13:46:19.697+0000] {local_task_job_runner.py:234} INFO - Task exited with return code 1
[2024-02-16T13:46:19.712+0000] {taskinstance.py:3280} INFO - 0 downstream tasks scheduled from follow-on schedule check
